      -----------------------------------------------------------      
     |                   =====================                   |     
     |                           x T B                           |     
     |                   =====================                   |     
     |                         S. Grimme                         |     
     |          Mulliken Center for Theoretical Chemistry        |     
     |                    University of Bonn                     |     
     |                Version 6.2 RC2 (SAW190805)                |     
      -----------------------------------------------------------      

   This program is distributed in the hope that it will be useful,
   but WITHOUT ANY WARRANTY; without even the implied warranty of
   MERCHANTABILITY or FITNESS FOR A PARTICULAR PURPOSE.
   
   FOR NON-COMMERCIAL, ACADEMIA USE ONLY.
   
   Cite this work as:
   * S. Grimme, C. Bannwarth, P. Shushkov, J. Chem. Theory Comput., 2017,
     13, 1989-2009. DOI: 10.1021/acs.jctc.7b00118
   * C. Bannwarth, S. Ehlert and S. Grimme., J. Chem. Theory Comput., 2019,
     15, 1652-1671. DOI: 10.1021/acs.jctc.8b01176
   * P. Pracht, E. Caldeweyher, S. Ehlert, S. Grimme, ChemRxiv, 2019, preprint.
     DOI: 10.26434/chemrxiv.8326202.v1
   
   for DFT-D4:
   * E. Caldeweyher, C. Bannwarth and S. Grimme, J. Chem. Phys., 2017,
     147, 034112. DOI: 10.1063/1.4993215
   * E. Caldeweyher, S. Ehlert, A. Hansen, H. Neugebauer, S. Spicher,
     C. Bannwarth and S. Grimme, J. Chem. Phys., 2019, 150, 154122.
     DOI: 10.1063/1.5090222
   
   for sTDA-xTB:
   * S. Grimme and C. Bannwarth, J. Chem. Phys., 2016, 145, 054103.
     DOI: 10.1063/1.4959605
   
   in the mass-spec context:
   * V. Asgeirsson, C. Bauer and S. Grimme, Chem. Sci., 2017, 8, 4879.
     DOI: 10.1039/c7sc00601b
   
   for metadynamics refer to:
   * S. Grimme, J. Chem. Theory Comput., 2019, 155, 2847-2862
     DOI: 10.1021/acs.jctc.9b00143
   
   with help from (in alphabetical order)
   C. Bannwarth, F. Bohle, G. Brandenburg, E. Caldeweyher, M. Checinski,
   S. Dohm, S. Ehlert, S. Ehrlich, F. März, H. Neugebauer, J. Pisarek,
   P. Pracht, P. Shushkov, and S. Spicher.
   
 * started run on 2021/06/21 at 18:23:17.013     

           -------------------------------------------------
          |                Calculation Setup                |
           -------------------------------------------------

          program call               : /home/atarzia/software/xtb-190806/bin/xtb /data/atarzia/projects/unsymm/screening/production/free_energy_calculations/fe_5d1_b/input_structure.xyz --gfn 2 --hess --parallel 6 --etemp 300 --gbsa dmso --chrg 4 --uhf 0 -I det_control.in
          coordinate file            : /data/atarzia/projects/unsymm/screening/production/free_energy_calculations/fe_5d1_b/input_structure.xyz
          omp threads                :                     6
          number of atoms            :                   154
          number of electrons        :                   464
          charge                     :                     4
          spin                       :                   0.0
          first test random number   :      0.77513755852668


molecular fragmentation (1/2 indicates fragments):
111111111111111111111111111111111111111111111111111111111111111111111111
111121111111111111111111111111111111111111111111111111111111211111111111
1111111121
# atoms in fragment 1/2:   151     3
 fragment masses (1/2) :     1435.24        3.02
CMA distance (Bohr)    :   7.116
constraining FC (au)   :  0.0500

########################################################################
# WARNING! Please study the warnings concerning your input carefully
#  - XTBHOME is not set, using HOME instead
#  - XTBPATH is not set, using XTBHOME instead
#  - Process number higher than OMP_NUM_THREADS, I hope you know what you are doing.
########################################################################

           ------------------------------------------------- 
          |                 G F N 2 - x T B                 |
          | Geometry, Frequencies, Noncovalent interactions |
          |            JCTC 2019 parametrisation            |
           ------------------------------------------------- 
             k(s)              :                1.8500
             k(p)              :                2.2300
             k(d)              :                2.2300
             k(f)              :                2.0000
             kEN (H0ij)        :               -2.0000
             D4 a1             :                0.5200
             D4 a2             :                5.0000
             D4 s6             :                1.0000
             D4 s8             :                2.7000
             D4 s9             :                5.0000
             alphaj            :                2.0000

  Z AO/shell   Hii/eV     exponent
  1     Wed Apr 25 08:07:45 CEST 2018   EN: 2.200 GM2: 0.406  GM3: 0.0800  RAES: 1.40
     1s    -10.707211    1.230000
  6     Wed Apr 25 08:07:45 CEST 2018   EN: 2.550 GM2: 0.538  GM3: 0.1500  RAES: 3.00
     2s    -13.970922    2.096432
     2p    -10.063292    1.800000
  7     Wed Apr 25 08:07:45 CEST 2018   EN: 3.040 GM2: 0.461  GM3:-0.0640  RAES: 1.90
     2s    -16.686243    2.339881
     2p    -12.523956    2.014332
 46     Wed Apr 25 16:26:58 CEST 2018   EN: 2.200 GM2: 0.273  GM3: 0.0800  RAES: 5.00
     4d    -11.963518    2.353691
     5s     -9.714059    1.828354
     5p     -2.035281    1.333352

 Solvent             : dmso
 Using internal parameter file: .param_gbsa2_dmso
 Gsolv ref. state (COSMO-RS): gsolv [1 M gas/solution]
 temperature (mdtemp)       :    298.150000000000     
 dielectric constant        :    46.6800000000000     
 rho                        :    1.10000000000000     
 mass                       :    78.1300000000000     
 surface tension            :    15.5689454083859     
 probe radius               :   0.949087640000000     
 vdW radii scaling          :    1.00000000000000     
 Gshift (Eh)                :   5.161738145414381E-003
 c1                         :    1.63948621000000     
 soset                      :   1.179665000000000E-002
 HB correction              :  T
           ------------------------------------------------- 
          |        Self-Consistent Charge Iterations        |
           ------------------------------------------------- 

          ...................................................
          :                      SETUP                      :
          :.................................................:
          :  # basis functions                 460          :
          :  # atomic orbitals                 458          :
          :  # shells                          254          :
          :  # electrons                       464          :
          :  max. iterations                   250          :
          :  Hamiltonian                  GFN2-xTB          :
          :  restarted?                      false          :
          :  GBSA solvation                   true          :
          :  PC potential                    false          :
          :  electronic temp.          300.0000000     K    :
          :  accuracy                    1.0000000          :
          :  -> integral cutoff          0.2500000E+02      :
          :  -> integral neglect         0.1000000E-07      :
          :  -> SCF convergence          0.1000000E-05 Eh   :
          :  -> wf. convergence          0.1000000E-03 e    :
          :  Broyden damping             0.4000000          :
          ...................................................

 iter      E             dE          RMSdq      gap      omega  full diag
   1   -252.0954062 -0.252095E+03  0.582E+00    2.23       0.0  T
   2   -252.5150853 -0.419679E+00  0.403E+00    1.57       1.0  T
   3   -252.3291581  0.185927E+00  0.224E+00    1.88       1.0  T
   4   -252.7429077 -0.413750E+00  0.999E-01    2.05       1.0  T
   5   -252.8217345 -0.788269E-01  0.431E-01    2.01       1.0  T
   6   -252.8355421 -0.138076E-01  0.226E-01    2.07       1.0  T
   7   -252.8383849 -0.284279E-02  0.109E-01    2.08       1.0  T
   8   -252.8388492 -0.464277E-03  0.373E-02    2.08       1.0  T
   9   -252.8389495 -0.100278E-03  0.175E-02    2.08       1.0  T
  10   -252.8389687 -0.192320E-04  0.876E-03    2.08       1.0  T
  11   -252.8389702 -0.151769E-05  0.544E-03    2.08       1.5  T
  12   -252.8389714 -0.115175E-05  0.230E-03    2.08       3.5  T
  13   -252.8389716 -0.228229E-06  0.146E-03    2.08       5.5  T
  14   -252.8389717 -0.935693E-07  0.920E-04    2.08       8.8  T
  15   -252.8389718 -0.344886E-07  0.418E-04    2.08      19.3  T

   *** convergence criteria satisfied after 15 iterations ***

         #    Occupation            Energy/Eh            Energy/eV
      -------------------------------------------------------------
         1        2.0000           -0.7337922             -19.9675
       ...           ...                  ...                  ...
       226        2.0000           -0.4217209             -11.4756
       227        2.0000           -0.4210121             -11.4563
       228        2.0000           -0.4194770             -11.4145
       229        2.0000           -0.3995167             -10.8714
       230        2.0000           -0.3986298             -10.8473
       231        2.0000           -0.3981403             -10.8339
       232        2.0000           -0.3978083             -10.8249 (HOMO)
       233                         -0.3212411              -8.7414 (LUMO)
       234                         -0.3206513              -8.7254
       235                         -0.3195141              -8.6944
       236                         -0.3157861              -8.5930
       237                         -0.3106410              -8.4530
       ...                                ...                  ...
       458                          1.5382569              41.8581
      -------------------------------------------------------------
                  HL-Gap            0.0765672 Eh            2.0835 eV
             Fermi-level           -0.3595247 Eh           -9.7832 eV

 SCC (total)                   0 d,  0 h,  0 min,  0.790 sec
 SCC setup                      ...        0 min,  0.044 sec (  5.617%)
 Dispersion                     ...        0 min,  0.013 sec (  1.612%)
 integral evaluation            ...        0 min,  0.128 sec ( 16.162%)
 zeroth order Hamiltonian       ...        0 min,  0.003 sec (  0.357%)
 iterations                     ...        0 min,  0.487 sec ( 61.569%)
 molecular gradient             ...        0 min,  0.112 sec ( 14.204%)
 printout                       ...        0 min,  0.004 sec (  0.469%)

         :::::::::::::::::::::::::::::::::::::::::::::::::::::
         ::                     SUMMARY                     ::
         :::::::::::::::::::::::::::::::::::::::::::::::::::::
         :: total energy            -248.252484431380 Eh    ::
         :: total w/o Gsasa/hb      -248.142850241185 Eh    ::
         :: gradient norm              0.000587118798 Eh/a0 ::
         :: HOMO-LUMO gap              2.083500843376 eV    ::
         ::.................................................::
         :: SCC energy              -252.934922350619 Eh    ::
         :: -> isotropic ES            0.665803510158 Eh    ::
         :: -> anisotropic ES         -0.094096977280 Eh    ::
         :: -> anisotropic XC          0.168707194069 Eh    ::
         :: -> dispersion             -0.233493926654 Eh    ::
         :: -> Gsolv                  -0.684568963118 Eh    ::
         ::    -> Gborn               -0.574934772923 Eh    ::
         ::    -> Gsasa               -0.101112338193 Eh    ::
         ::    -> Ghb                 -0.013683590148 Eh    ::
         ::    -> Gshift               0.005161738145 Eh    ::
         :: repulsion energy           4.675939795925 Eh    ::
         :: add. restraining           0.000000000000 Eh    ::
         :::::::::::::::::::::::::::::::::::::::::::::::::::::

           ------------------------------------------------- 
          |                Numerical Hessian                |
           ------------------------------------------------- 
step length          :   0.00500
SCC accuracy         :   0.30000
Hessian scale factor :   1.00000
frozen atoms in %    :   0.00000    0
RMS gradient         :   0.00059
estimated CPU  time     58.84 min
estimated wall time     10.01 min

writing file <hessian>.

 projected vibrational frequencies (cm-1)
eigval :       -0.00    -0.00    -0.00    -0.00     0.00     0.00
eigval :        7.01     8.17     8.72     9.78    16.75    17.16
eigval :       17.62    21.66    24.16    27.68    30.53    32.13
eigval :       34.90    41.06    46.27    48.50    50.96    54.07
eigval :       56.99    59.61    62.45    63.47    69.68    72.61
eigval :       77.01    80.63    83.00    84.85    92.10    97.44
eigval :       99.71   106.57   107.73   109.04   112.85   113.41
eigval :      122.53   124.51   126.96   130.35   131.50   139.74
eigval :      143.51   154.34   156.09   157.40   168.55   172.89
eigval :      174.73   175.46   178.85   186.89   190.73   196.47
eigval :      204.73   210.13   211.12   219.11   220.86   223.13
eigval :      223.72   247.47   250.50   252.20   253.15   256.68
eigval :      264.51   269.26   271.08   273.26   273.84   283.90
eigval :      284.28   291.43   300.87   316.24   316.50   319.36
eigval :      322.79   327.48   334.21   334.43   336.67   339.09
eigval :      343.39   343.74   344.65   345.44   350.22   351.63
eigval :      378.33   385.57   388.90   391.63   394.75   395.62
eigval :      397.25   400.77   404.14   413.64   423.86   424.51
eigval :      425.42   430.04   442.88   450.72   453.87   456.10
eigval :      465.46   468.91   470.09   471.62   477.72   478.73
eigval :      480.59   485.99   489.45   490.59   496.32   498.89
eigval :      510.78   512.37   515.25   521.53   525.68   527.60
eigval :      531.99   536.81   540.29   542.15   542.32   543.86
eigval :      572.92   575.81   580.18   588.89   591.99   593.03
eigval :      595.24   599.63   600.17   600.55   601.67   612.45
eigval :      615.74   620.15   622.27   622.96   628.76   636.64
eigval :      656.86   657.98   658.20   659.40   660.14   669.14
eigval :      671.77   672.34   675.83   678.44   681.49   682.70
eigval :      690.40   694.57   723.73   725.05   725.41   726.44
eigval :      744.33   746.39   749.96   758.96   768.29   770.73
eigval :      773.25   774.89   775.85   779.46   780.29   782.36
eigval :      797.04   798.55   799.90   800.13   800.70   801.13
eigval :      801.58   802.65   806.67   815.27   822.28   827.08
eigval :      847.31   847.39   852.76   854.43   856.50   857.94
eigval :      859.07   859.97   861.77   862.84   865.05   865.74
eigval :      866.51   869.06   870.06   875.99   884.27   886.87
eigval :      889.29   890.21   892.18   893.93   895.18   896.64
eigval :      897.02   897.47   897.70   898.32   900.67   902.37
eigval :      903.49   904.33   904.85   906.77   907.94   913.18
eigval :      934.80   935.02   935.07   935.17   935.54   935.55
eigval :      935.71   935.92   937.70   939.01   939.36   940.43
eigval :      977.29   978.36   978.63   979.60   996.64  1000.96
eigval :     1001.53  1001.88  1043.57  1044.53  1045.64  1047.75
eigval :     1073.23  1075.65  1080.56  1082.19  1082.89  1084.30
eigval :     1086.16  1087.97  1096.08  1099.95  1101.56  1105.28
eigval :     1107.62  1108.55  1109.35  1112.65  1123.88  1126.02
eigval :     1126.73  1128.52  1130.52  1134.93  1136.19  1142.08
eigval :     1149.10  1152.94  1156.43  1165.16  1170.17  1170.68
eigval :     1171.29  1173.64  1174.72  1175.56  1177.79  1183.70
eigval :     1187.93  1188.97  1189.44  1192.81  1193.43  1194.11
eigval :     1194.57  1197.40  1211.68  1213.30  1218.08  1219.30
eigval :     1219.77  1222.00  1222.88  1223.91  1231.03  1234.58
eigval :     1241.18  1243.33  1244.17  1246.77  1250.36  1256.65
eigval :     1269.43  1270.18  1270.61  1272.89  1296.44  1296.89
eigval :     1298.19  1298.36  1298.58  1300.46  1303.64  1312.92
eigval :     1314.27  1314.63  1316.30  1318.92  1320.94  1321.34
eigval :     1326.20  1329.06  1347.78  1348.20  1350.36  1352.20
eigval :     1368.70  1369.29  1370.73  1371.55  1381.79  1383.17
eigval :     1383.62  1391.95  1397.93  1400.95  1402.17  1403.72
eigval :     1404.00  1404.39  1404.71  1405.45  1426.26  1426.36
eigval :     1427.05  1430.04  1448.32  1448.83  1448.86  1450.73
eigval :     1461.34  1462.32  1463.42  1466.28  1472.89  1474.22
eigval :     1475.54  1486.30  1535.04  1536.71  1536.86  1538.37
eigval :     1539.28  1540.05  1544.00  1548.39  1549.03  1549.96
eigval :     1552.76  1553.54  1555.48  1557.08  1559.16  1559.41
eigval :     1559.49  1561.16  1563.78  1565.40  1566.75  1567.76
eigval :     1576.41  1577.68  1577.93  1578.10  1604.13  1608.62
eigval :     2306.23  2306.42  2307.03  2307.74  2915.04  2918.79
eigval :     2930.81  2932.41  2950.84  2971.20  2974.50  2983.17
eigval :     2984.89  3003.89  3005.13  3022.16  3023.00  3027.36
eigval :     3028.36  3032.82  3085.90  3086.18  3086.60  3086.88
eigval :     3093.66  3094.01  3094.95  3095.24  3097.86  3098.78
eigval :     3099.31  3099.35  3102.27  3102.83  3103.28  3103.44
eigval :     3103.66  3104.44  3104.97  3105.08  3106.88  3107.25
eigval :     3107.50  3108.34  3108.67  3108.84  3109.13  3109.55
eigval :     3109.82  3110.61  3111.35  3111.91  3113.35  3114.09
eigval :     3114.99  3117.90  3118.20  3118.28  3118.31  3120.09
           -------------------------------------------------
          |                Property Printout                |
           -------------------------------------------------

    * Orbital Energies and Occupations

         #    Occupation            Energy/Eh            Energy/eV
      -------------------------------------------------------------
         1        2.0000           -0.7337950             -19.9676
       ...           ...                  ...                  ...
       220        2.0000           -0.4238960             -11.5348
       221        2.0000           -0.4236789             -11.5289
       222        2.0000           -0.4234745             -11.5233
       223        2.0000           -0.4230510             -11.5118
       224        2.0000           -0.4223344             -11.4923
       225        2.0000           -0.4221040             -11.4860
       226        2.0000           -0.4217240             -11.4757
       227        2.0000           -0.4210162             -11.4564
       228        2.0000           -0.4194801             -11.4146
       229        2.0000           -0.3995211             -10.8715
       230        2.0000           -0.3986337             -10.8474
       231        2.0000           -0.3981439             -10.8340
       232        2.0000           -0.3978120             -10.8250 (HOMO)
       233                         -0.3212452              -8.7415 (LUMO)
       234                         -0.3206554              -8.7255
       235                         -0.3195184              -8.6945
       236                         -0.3157905              -8.5931
       237                         -0.3106426              -8.4530
       238                         -0.3075137              -8.3679
       239                         -0.3048613              -8.2957
       240                         -0.3031804              -8.2500
       241                         -0.2961439              -8.0585
       242                         -0.2946857              -8.0188
       243                         -0.2933079              -7.9813
       ...                                ...                  ...
       458                          1.5382509              41.8579
      -------------------------------------------------------------
                  HL-Gap            0.0765669 Eh            2.0835 eV
             Fermi-level           -0.3595286 Eh           -9.7833 eV

     #   Z        covCN         q      C6AA      α(0)
     1  46 Pd     3.761    -0.078   352.000    34.910
     2  46 Pd     3.752    -0.083   345.810    34.865
     3   6 C      1.983    -0.020    31.586     9.076
     4   6 C      1.981    -0.029    31.832     9.111
     5   6 C      2.965     0.045    26.986     8.521
     6   6 C      2.926    -0.016    28.416     8.742
     7   6 C      2.914    -0.017    28.442     8.745
     8   6 C      2.915    -0.030    28.738     8.791
     9   6 C      2.982     0.003    27.962     8.674
    10   6 C      2.903     0.063    26.578     8.453
    11   7 N      2.676    -0.118    23.572     7.211
    12   6 C      2.917     0.042    27.061     8.530
    13   6 C      2.911    -0.029    28.720     8.788
    14   6 C      2.993     0.014    27.687     8.631
    15   1 H      0.926     0.059     2.207     2.323
    16   1 H      0.926     0.057     2.230     2.335
    17   1 H      0.926     0.073     2.056     2.242
    18   1 H      0.925     0.113     1.674     2.023
    19   1 H      0.924     0.160     1.325     1.800
    20   1 H      0.926     0.113     1.673     2.023
    21   6 C      2.970     0.041    27.069     8.534
    22   6 C      2.925    -0.023    28.584     8.768
    23   6 C      2.917    -0.025    28.631     8.774
    24   6 C      2.922    -0.026    28.650     8.778
    25   6 C      2.974     0.000    28.020     8.683
    26   6 C      2.934    -0.042    29.044     8.838
    27   1 H      0.926     0.048     2.344     2.394
    28   1 H      0.926     0.040     2.451     2.448
    29   1 H      0.926     0.049     2.330     2.387
    30   1 H      0.926     0.078     1.999     2.211
    31   6 C      2.971     0.012    27.745     8.640
    32   6 C      2.929    -0.004    28.118     8.696
    33   6 C      2.912    -0.028    28.693     8.784
    34   6 C      2.921     0.057    26.733     8.479
    35   7 N      2.680    -0.077    22.740     7.082
    36   6 C      2.928     0.043    27.026     8.526
    37   1 H      0.926     0.080     1.974     2.197
    38   1 H      0.926     0.093     1.846     2.125
    39   1 H      0.925     0.136     1.494     1.911
    40   1 H      0.925     0.129     1.545     1.944
    41   6 C      1.983    -0.021    31.600     9.078
    42   6 C      1.981    -0.029    31.837     9.112
    43   6 C      2.966     0.045    26.992     8.522
    44   6 C      2.923    -0.016    28.422     8.743
    45   6 C      2.914    -0.018    28.451     8.747
    46   6 C      2.914    -0.029    28.717     8.787
    47   6 C      2.982     0.003    27.951     8.672
    48   6 C      2.895     0.067    26.492     8.439
    49   7 N      2.677    -0.126    23.730     7.235
    50   6 C      2.976     0.041    27.070     8.534
    51   6 C      2.911    -0.029    28.729     8.789
    52   6 C      2.998     0.011    27.750     8.641
    53   1 H      0.926     0.060     2.194     2.316
    54   1 H      0.926     0.057     2.235     2.338
    55   1 H      0.926     0.071     2.071     2.250
    56   1 H      0.925     0.119     1.618     1.989
    57   1 H      0.924     0.143     1.441     1.877
    58   1 H      0.926     0.111     1.689     2.032
    59   6 C      2.970     0.041    27.066     8.534
    60   6 C      2.927    -0.023    28.568     8.765
    61   6 C      2.916    -0.025    28.627     8.774
    62   6 C      2.924    -0.027    28.671     8.781
    63   6 C      2.973    -0.001    28.043     8.686
    64   6 C      2.929    -0.040    28.986     8.829
    65   1 H      0.926     0.047     2.360     2.402
    66   1 H      0.926     0.041     2.437     2.441
    67   1 H      0.926     0.052     2.294     2.369
    68   1 H      0.926     0.083     1.950     2.184
    69   6 C      2.971     0.011    27.774     8.645
    70   6 C      2.931    -0.003    28.105     8.694
    71   6 C      2.911    -0.028    28.708     8.786
    72   6 C      3.003     0.061    26.629     8.465
    73   7 N      2.680    -0.110    23.412     7.186
    74   6 C      2.895     0.049    26.890     8.502
    75   1 H      0.926     0.085     1.932     2.174
    76   1 H      0.926     0.099     1.795     2.095
    77   1 H      0.924     0.133     1.515     1.925
    78   1 H      0.925     0.138     1.476     1.900
    79   6 C      1.983    -0.020    31.581     9.075
    80   6 C      1.981    -0.029    31.818     9.109
    81   6 C      2.965     0.045    26.978     8.520
    82   6 C      2.923    -0.016    28.400     8.739
    83   6 C      2.914    -0.017    28.440     8.745
    84   6 C      2.914    -0.029    28.719     8.788
    85   6 C      2.981     0.001    27.989     8.678
    86   6 C      2.920     0.075    26.334     8.415
    87   7 N      2.675    -0.167    24.618     7.369
    88   6 C      2.897     0.041    27.079     8.532
    89   6 C      2.912    -0.028    28.703     8.785
    90   6 C      2.998     0.011    27.753     8.642
    91   1 H      0.926     0.061     2.183     2.311
    92   1 H      0.926     0.059     2.216     2.328
    93   1 H      0.926     0.074     2.047     2.237
    94   1 H      0.925     0.127     1.558     1.952
    95   1 H      0.925     0.140     1.459     1.889
    96   1 H      0.926     0.112     1.679     2.026
    97   6 C      2.970     0.041    27.070     8.534
    98   6 C      2.926    -0.022    28.565     8.765
    99   6 C      2.916    -0.025    28.623     8.773
   100   6 C      2.924    -0.026    28.661     8.779
   101   6 C      2.973    -0.001    28.051     8.688
   102   6 C      2.931    -0.041    29.009     8.833
   103   1 H      0.926     0.048     2.347     2.396
   104   1 H      0.926     0.041     2.435     2.440
   105   1 H      0.926     0.052     2.300     2.372
   106   1 H      0.926     0.082     1.962     2.190
   107   6 C      2.970     0.010    27.783     8.646
   108   6 C      2.931    -0.002    28.086     8.691
   109   6 C      2.911    -0.027    28.687     8.783
   110   6 C      2.914     0.059    26.678     8.470
   111   7 N      2.677    -0.114    23.485     7.197
   112   6 C      2.919     0.049    26.898     8.505
   113   1 H      0.926     0.084     1.942     2.179
   114   1 H      0.926     0.096     1.824     2.112
   115   1 H      0.925     0.123     1.593     1.974
   116   1 H      0.925     0.143     1.440     1.877
   117   6 C      1.983    -0.021    31.615     9.080
   118   6 C      1.981    -0.030    31.849     9.114
   119   6 C      2.966     0.044    27.001     8.523
   120   6 C      2.922    -0.017    28.427     8.743
   121   6 C      2.914    -0.018    28.460     8.748
   122   6 C      2.914    -0.029    28.722     8.788
   123   6 C      2.981     0.003    27.955     8.673
   124   6 C      2.894     0.064    26.566     8.451
   125   7 N      2.677    -0.112    23.459     7.193
   126   6 C      3.005     0.039    27.112     8.541
   127   6 C      2.911    -0.030    28.738     8.791
   128   6 C      3.000     0.010    27.778     8.646
   129   1 H      0.926     0.060     2.198     2.318
   130   1 H      0.926     0.056     2.246     2.344
   131   1 H      0.926     0.070     2.087     2.259
   132   1 H      0.925     0.120     1.614     1.987
   133   1 H      0.924     0.146     1.419     1.863
   134   1 H      0.926     0.108     1.718     2.050
   135   6 C      2.970     0.041    27.074     8.535
   136   6 C      2.926    -0.023    28.569     8.765
   137   6 C      2.916    -0.025    28.624     8.773
   138   6 C      2.924    -0.027    28.686     8.783
   139   6 C      2.974    -0.002    28.064     8.690
   140   6 C      2.930    -0.039    28.976     8.828
   141   1 H      0.926     0.046     2.372     2.408
   142   1 H      0.926     0.041     2.436     2.441
   143   1 H      0.926     0.053     2.280     2.361
   144   1 H      0.926     0.082     1.959     2.189
   145   6 C      2.971     0.010    27.802     8.649
   146   6 C      2.931    -0.002    28.086     8.691
   147   6 C      2.911    -0.028    28.698     8.784
   148   6 C      3.000     0.061    26.621     8.464
   149   7 N      2.678    -0.115    23.510     7.201
   150   6 C      2.894     0.050    26.878     8.500
   151   1 H      0.926     0.086     1.919     2.166
   152   1 H      0.926     0.100     1.786     2.090
   153   1 H      0.924     0.132     1.522     1.929
   154   1 H      0.925     0.139     1.470     1.896

 Mol. C6AA /au·bohr⁶  :     385779.542197
 Mol. C8AA /au·bohr⁸  :   11040326.851506
 Mol. α(0) /au        :       1014.833370


Wiberg/Mayer (AO) data.
largest (>0.10) Wiberg bond orders for each atom
          total WBO             WBO to atom ...
     1  Pd  3.598        N   35 0.609    N  125 0.591    N   49 0.591    N   87 0.572    C  126 0.120    C   50 0.113
     2  Pd  3.580        N   11 0.607    N   73 0.591    N  149 0.586    N  111 0.582    C   72 0.115    C  148 0.114    C   12 0.101
     3  C   3.946        C    4 2.647    C   21 1.127
     4  C   3.952        C    3 2.647    C    5 1.138
     5  C   3.988        C    6 1.437    C   14 1.221    C    4 1.138
     6  C   3.965        C    5 1.437    C    7 1.348    H   15 0.968
     7  C   3.987        C    8 1.532    C    6 1.348    H   16 0.968
     8  C   3.943        C    7 1.532    C    9 1.272    H   17 0.964
     9  C   3.987        C   10 1.293    C    8 1.272    C   14 1.232
    10  C   3.965        N   11 1.441    C    9 1.293    H   18 0.913    C   13 0.103
    11  N   3.536        C   10 1.441    C   12 1.229    Pd   2 0.607
    12  C   3.955        C   13 1.546    N   11 1.229    H   19 0.889    Pd   2 0.101
    13  C   3.978        C   12 1.546    C   14 1.291    H   20 0.954    C   10 0.103
    14  C   3.980        C   13 1.291    C    9 1.232    C    5 1.221
    15  H   0.996        C    6 0.968
    16  H   0.995        C    7 0.968
    17  H   0.993        C    8 0.964
    18  H   0.986        C   10 0.913
    19  H   0.973        C   12 0.889
    20  H   0.986        C   13 0.954
    21  C   3.988        C   26 1.368    C   22 1.347    C    3 1.127
    22  C   3.968        C   23 1.452    C   21 1.347    H   27 0.970
    23  C   3.990        C   22 1.452    C   24 1.440    H   28 0.969    C   26 0.100
    24  C   3.955        C   23 1.440    C   25 1.374    H   29 0.967
    25  C   3.985        C   26 1.396    C   24 1.374    C   31 1.056
    26  C   3.969        C   25 1.396    C   21 1.368    H   30 0.961    C   23 0.100
    27  H   0.997        C   22 0.970
    28  H   0.997        C   23 0.969
    29  H   0.998        C   24 0.967
    30  H   0.994        C   26 0.961
    31  C   3.983        C   36 1.382    C   32 1.370    C   25 1.056
    32  C   3.978        C   33 1.448    C   31 1.370    H   37 0.962
    33  C   3.981        C   32 1.448    C   34 1.426    H   38 0.962
    34  C   3.961        C   33 1.426    N   35 1.346    H   39 0.906
    35  N   3.549        C   36 1.357    C   34 1.346    Pd   1 0.609
    36  C   3.967        C   31 1.382    N   35 1.357    H   40 0.902
    37  H   0.992        C   32 0.962
    38  H   0.990        C   33 0.962
    39  H   0.980        C   34 0.906
    40  H   0.983        C   36 0.902
    41  C   3.946        C   42 2.645    C   59 1.129
    42  C   3.953        C   41 2.645    C   43 1.140
    43  C   3.988        C   44 1.437    C   52 1.218    C   42 1.140
    44  C   3.963        C   43 1.437    C   45 1.349    H   53 0.968
    45  C   3.987        C   46 1.530    C   44 1.349    H   54 0.968
    46  C   3.942        C   45 1.530    C   47 1.275    H   55 0.965
    47  C   3.987        C   48 1.285    C   46 1.275    C   52 1.236
    48  C   3.960        N   49 1.447    C   47 1.285    H   56 0.920    C   51 0.100
    49  N   3.514        C   48 1.447    C   50 1.221    Pd   1 0.591
    50  C   3.962        C   51 1.551    N   49 1.221    H   57 0.883    Pd   1 0.113
    51  C   3.979        C   50 1.551    C   52 1.287    H   58 0.953    C   48 0.100
    52  C   3.979        C   51 1.287    C   47 1.236    C   43 1.218
    53  H   0.996        C   44 0.968
    54  H   0.995        C   45 0.968
    55  H   0.994        C   46 0.965
    56  H   0.984        C   48 0.920
    57  H   0.978        C   50 0.883
    58  H   0.987        C   51 0.953
    59  C   3.988        C   64 1.366    C   60 1.346    C   41 1.129
    60  C   3.967        C   61 1.451    C   59 1.346    H   65 0.970
    61  C   3.990        C   60 1.451    C   62 1.441    H   66 0.969
    62  C   3.953        C   61 1.441    C   63 1.371    H   67 0.966
    63  C   3.984        C   64 1.399    C   62 1.371    C   69 1.055
    64  C   3.968        C   63 1.399    C   59 1.366    H   68 0.962
    65  H   0.997        C   60 0.970
    66  H   0.996        C   61 0.969
    67  H   0.997        C   62 0.966
    68  H   0.993        C   64 0.962
    69  C   3.983        C   74 1.378    C   70 1.374    C   63 1.055
    70  C   3.979        C   71 1.441    C   69 1.374    H   75 0.961
    71  C   3.980        C   70 1.441    C   72 1.434    H   76 0.961
    72  C   3.966        C   71 1.434    N   73 1.335    H   77 0.884    Pd   2 0.115
    73  N   3.529        C   74 1.361    C   72 1.335    Pd   2 0.591
    74  C   3.960        C   69 1.378    N   73 1.361    H   78 0.917
    75  H   0.991        C   70 0.961
    76  H   0.989        C   71 0.961
    77  H   0.982        C   72 0.884
    78  H   0.980        C   74 0.917
    79  C   3.946        C   80 2.647    C   97 1.127
    80  C   3.953        C   79 2.647    C   81 1.138
    81  C   3.988        C   82 1.442    C   90 1.216    C   80 1.138
    82  C   3.965        C   81 1.442    C   83 1.345    H   91 0.968
    83  C   3.987        C   84 1.535    C   82 1.345    H   92 0.968
    84  C   3.947        C   83 1.535    C   85 1.270    H   93 0.964
    85  C   3.988        C   86 1.296    C   84 1.270    C   90 1.232
    86  C   3.963        N   87 1.433    C   85 1.296    H   94 0.903    C   89 0.104
    87  N   3.496        C   86 1.433    C   88 1.231    Pd   1 0.572
    88  C   3.955        C   89 1.544    N   87 1.231    H   95 0.906
    89  C   3.978        C   88 1.544    C   90 1.294    H   96 0.953    C   86 0.104
    90  C   3.981        C   89 1.294    C   85 1.232    C   81 1.216
    91  H   0.996        C   82 0.968
    92  H   0.995        C   83 0.968
    93  H   0.993        C   84 0.964
    94  H   0.983        C   86 0.903
    95  H   0.979        C   88 0.906
    96  H   0.986        C   89 0.953
    97  C   3.988        C  102 1.366    C   98 1.348    C   79 1.127
    98  C   3.968        C   99 1.451    C   97 1.348    H  103 0.970
    99  C   3.990        C   98 1.451    C  100 1.441    H  104 0.969
   100  C   3.954        C   99 1.441    C  101 1.371    H  105 0.966
   101  C   3.984        C  102 1.399    C  100 1.371    C  107 1.055
   102  C   3.969        C  101 1.399    C   97 1.366    H  106 0.962
   103  H   0.997        C   98 0.970
   104  H   0.996        C   99 0.969
   105  H   0.997        C  100 0.966
   106  H   0.993        C  102 0.962
   107  C   3.983        C  112 1.387    C  108 1.367    C  101 1.055
   108  C   3.979        C  109 1.450    C  107 1.367    H  113 0.961
   109  C   3.980        C  108 1.450    C  110 1.426    H  114 0.961
   110  C   3.962        C  109 1.426    N  111 1.348    H  115 0.912
   111  N   3.525        C  112 1.349    C  110 1.348    Pd   2 0.582
   112  C   3.964        C  107 1.387    N  111 1.349    H  116 0.899
   113  H   0.991        C  108 0.961
   114  H   0.990        C  109 0.961
   115  H   0.984        C  110 0.912
   116  H   0.979        C  112 0.899
   117  C   3.946        C  118 2.645    C  135 1.129
   118  C   3.953        C  117 2.645    C  119 1.140
   119  C   3.988        C  120 1.439    C  128 1.217    C  118 1.140
   120  C   3.963        C  119 1.439    C  121 1.349    H  129 0.968
   121  C   3.987        C  122 1.530    C  120 1.349    H  130 0.968
   122  C   3.942        C  121 1.530    C  123 1.275    H  131 0.965
   123  C   3.987        C  124 1.282    C  122 1.275    C  128 1.238
   124  C   3.960        N  125 1.452    C  123 1.282    H  132 0.923
   125  N   3.516        C  124 1.452    C  126 1.220    Pd   1 0.591
   126  C   3.963        C  127 1.552    N  125 1.220    H  133 0.878    Pd   1 0.120
   127  C   3.980        C  126 1.552    C  128 1.285    H  134 0.953
   128  C   3.979        C  127 1.285    C  123 1.238    C  119 1.217
   129  H   0.996        C  120 0.968
   130  H   0.995        C  121 0.968
   131  H   0.994        C  122 0.965
   132  H   0.984        C  124 0.923
   133  H   0.977        C  126 0.878
   134  H   0.987        C  127 0.953
   135  C   3.988        C  140 1.363    C  136 1.349    C  117 1.129
   136  C   3.967        C  137 1.451    C  135 1.349    H  141 0.970
   137  C   3.990        C  136 1.451    C  138 1.441    H  142 0.969    C  140 0.100
   138  C   3.953        C  137 1.441    C  139 1.372    H  143 0.967
   139  C   3.984        C  140 1.403    C  138 1.372    C  145 1.049
   140  C   3.968        C  139 1.403    C  135 1.363    H  144 0.963    C  137 0.100
   141  H   0.997        C  136 0.970
   142  H   0.996        C  137 0.969
   143  H   0.997        C  138 0.967
   144  H   0.993        C  140 0.963
   145  C   3.983        C  150 1.382    C  146 1.376    C  139 1.049
   146  C   3.978        C  147 1.440    C  145 1.376    H  151 0.962
   147  C   3.980        C  146 1.440    C  148 1.435    H  152 0.960
   148  C   3.967        C  147 1.435    N  149 1.335    H  153 0.885    Pd   2 0.114
   149  N   3.523        C  150 1.359    C  148 1.335    Pd   2 0.586
   150  C   3.960        C  145 1.382    N  149 1.359    H  154 0.919
   151  H   0.991        C  146 0.962
   152  H   0.989        C  147 0.960
   153  H   0.981        C  148 0.885
   154  H   0.980        C  150 0.919

molecular dipole:
                 x           y           z       tot (Debye)
 q only:       -0.415      -9.925       1.655
   full:       -0.770      -9.828       1.694      25.424
molecular quadrupole (traceless):
                xx          xy          yy          xz          yz          zz
 q only:      -97.954      54.278     226.271       5.414     -15.914    -128.317
  q+dip:     -105.780      58.810     255.882       2.677     -19.323    -150.102
   full:      -97.123      58.582     229.389       3.557     -18.186    -132.267

           -------------------------------------------------
          |               Frequency Printout                |
           -------------------------------------------------
 projected vibrational frequencies (cm-1)
eigval :       -0.00    -0.00    -0.00    -0.00     0.00     0.00
eigval :        7.01     8.17     8.72     9.78    16.75    17.16
eigval :       17.62    21.66    24.16    27.68    30.53    32.13
eigval :       34.90    41.06    46.27    48.50    50.96    54.07
eigval :       56.99    59.61    62.45    63.47    69.68    72.61
eigval :       77.01    80.63    83.00    84.85    92.10    97.44
eigval :       99.71   106.57   107.73   109.04   112.85   113.41
eigval :      122.53   124.51   126.96   130.35   131.50   139.74
eigval :      143.51   154.34   156.09   157.40   168.55   172.89
eigval :      174.73   175.46   178.85   186.89   190.73   196.47
eigval :      204.73   210.13   211.12   219.11   220.86   223.13
eigval :      223.72   247.47   250.50   252.20   253.15   256.68
eigval :      264.51   269.26   271.08   273.26   273.84   283.90
eigval :      284.28   291.43   300.87   316.24   316.50   319.36
eigval :      322.79   327.48   334.21   334.43   336.67   339.09
eigval :      343.39   343.74   344.65   345.44   350.22   351.63
eigval :      378.33   385.57   388.90   391.63   394.75   395.62
eigval :      397.25   400.77   404.14   413.64   423.86   424.51
eigval :      425.42   430.04   442.88   450.72   453.87   456.10
eigval :      465.46   468.91   470.09   471.62   477.72   478.73
eigval :      480.59   485.99   489.45   490.59   496.32   498.89
eigval :      510.78   512.37   515.25   521.53   525.68   527.60
eigval :      531.99   536.81   540.29   542.15   542.32   543.86
eigval :      572.92   575.81   580.18   588.89   591.99   593.03
eigval :      595.24   599.63   600.17   600.55   601.67   612.45
eigval :      615.74   620.15   622.27   622.96   628.76   636.64
eigval :      656.86   657.98   658.20   659.40   660.14   669.14
eigval :      671.77   672.34   675.83   678.44   681.49   682.70
eigval :      690.40   694.57   723.73   725.05   725.41   726.44
eigval :      744.33   746.39   749.96   758.96   768.29   770.73
eigval :      773.25   774.89   775.85   779.46   780.29   782.36
eigval :      797.04   798.55   799.90   800.13   800.70   801.13
eigval :      801.58   802.65   806.67   815.27   822.28   827.08
eigval :      847.31   847.39   852.76   854.43   856.50   857.94
eigval :      859.07   859.97   861.77   862.84   865.05   865.74
eigval :      866.51   869.06   870.06   875.99   884.27   886.87
eigval :      889.29   890.21   892.18   893.93   895.18   896.64
eigval :      897.02   897.47   897.70   898.32   900.67   902.37
eigval :      903.49   904.33   904.85   906.77   907.94   913.18
eigval :      934.80   935.02   935.07   935.17   935.54   935.55
eigval :      935.71   935.92   937.70   939.01   939.36   940.43
eigval :      977.29   978.36   978.63   979.60   996.64  1000.96
eigval :     1001.53  1001.88  1043.57  1044.53  1045.64  1047.75
eigval :     1073.23  1075.65  1080.56  1082.19  1082.89  1084.30
eigval :     1086.16  1087.97  1096.08  1099.95  1101.56  1105.28
eigval :     1107.62  1108.55  1109.35  1112.65  1123.88  1126.02
eigval :     1126.73  1128.52  1130.52  1134.93  1136.19  1142.08
eigval :     1149.10  1152.94  1156.43  1165.16  1170.17  1170.68
eigval :     1171.29  1173.64  1174.72  1175.56  1177.79  1183.70
eigval :     1187.93  1188.97  1189.44  1192.81  1193.43  1194.11
eigval :     1194.57  1197.40  1211.68  1213.30  1218.08  1219.30
eigval :     1219.77  1222.00  1222.88  1223.91  1231.03  1234.58
eigval :     1241.18  1243.33  1244.17  1246.77  1250.36  1256.65
eigval :     1269.43  1270.18  1270.61  1272.89  1296.44  1296.89
eigval :     1298.19  1298.36  1298.58  1300.46  1303.64  1312.92
eigval :     1314.27  1314.63  1316.30  1318.92  1320.94  1321.34
eigval :     1326.20  1329.06  1347.78  1348.20  1350.36  1352.20
eigval :     1368.70  1369.29  1370.73  1371.55  1381.79  1383.17
eigval :     1383.62  1391.95  1397.93  1400.95  1402.17  1403.72
eigval :     1404.00  1404.39  1404.71  1405.45  1426.26  1426.36
eigval :     1427.05  1430.04  1448.32  1448.83  1448.86  1450.73
eigval :     1461.34  1462.32  1463.42  1466.28  1472.89  1474.22
eigval :     1475.54  1486.30  1535.04  1536.71  1536.86  1538.37
eigval :     1539.28  1540.05  1544.00  1548.39  1549.03  1549.96
eigval :     1552.76  1553.54  1555.48  1557.08  1559.16  1559.41
eigval :     1559.49  1561.16  1563.78  1565.40  1566.75  1567.76
eigval :     1576.41  1577.68  1577.93  1578.10  1604.13  1608.62
eigval :     2306.23  2306.42  2307.03  2307.74  2915.04  2918.79
eigval :     2930.81  2932.41  2950.84  2971.20  2974.50  2983.17
eigval :     2984.89  3003.89  3005.13  3022.16  3023.00  3027.36
eigval :     3028.36  3032.82  3085.90  3086.18  3086.60  3086.88
eigval :     3093.66  3094.01  3094.95  3095.24  3097.86  3098.78
eigval :     3099.31  3099.35  3102.27  3102.83  3103.28  3103.44
eigval :     3103.66  3104.44  3104.97  3105.08  3106.88  3107.25
eigval :     3107.50  3108.34  3108.67  3108.84  3109.13  3109.55
eigval :     3109.82  3110.61  3111.35  3111.91  3113.35  3114.09
eigval :     3114.99  3117.90  3118.20  3118.28  3118.31  3120.09
 reduced masses (amu)
   1: 23.06   2: 24.90   3: 20.13   4: 17.54   5: 22.72   6: 24.49   7: 12.33   8: 12.82
   9: 16.65  10: 16.56  11: 15.78  12: 13.32  13: 12.49  14: 21.33  15: 24.55  16: 23.81
  17: 13.52  18: 15.58  19: 12.55  20: 11.74  21: 14.95  22: 12.22  23: 11.65  24: 11.90
  25: 17.20  26: 15.60  27: 12.16  28: 14.40  29: 19.84  30: 11.88  31: 11.87  32: 11.36
  33: 13.14  34: 12.17  35: 11.42  36: 12.78  37: 13.39  38: 11.67  39: 11.77  40: 10.97
  41: 11.65  42: 11.24  43: 12.00  44: 11.96  45: 14.33  46: 12.44  47: 13.55  48: 14.06
  49: 12.22  50: 14.90  51: 15.20  52: 13.07  53: 22.82  54: 12.86  55: 10.38  56: 21.91
  57: 14.07  58: 18.26  59: 14.28  60: 19.61  61: 42.63  62: 22.85  63: 16.36  64: 30.44
  65: 14.77  66: 14.44  67: 17.68  68: 12.67  69: 11.58  70: 11.52  71: 12.62  72: 11.84
  73: 41.20  74: 30.04  75: 30.01  76: 21.29  77: 22.98  78: 34.50  79: 17.94  80: 28.85
  81: 25.04  82: 13.33  83: 13.81  84: 16.26  85: 15.53  86: 11.54  87: 12.86  88: 12.53
  89: 13.62  90: 12.81  91: 11.09  92: 12.92  93: 12.65  94: 11.30  95: 11.85  96: 11.63
  97: 10.33  98: 12.32  99: 14.73 100:  9.49 101: 11.44 102:  9.60 103:  9.52 104: 14.09
 105: 14.48 106: 14.66 107: 10.62 108: 10.52 109: 11.83 110: 11.28 111: 10.95 112: 11.13
 113: 10.50 114: 11.28 115: 11.17 116: 11.45 117: 11.57 118: 11.33 119: 11.53 120: 11.67
 121: 11.79 122: 11.54 123: 11.63 124: 12.26 125: 12.20 126: 11.60 127: 11.13 128: 11.45
 129: 11.32 130: 11.60 131: 11.59 132: 11.54 133: 12.09 134: 12.02 135: 11.24 136: 11.32
 137: 11.03 138: 11.20 139: 11.77 140: 12.28 141: 12.07 142: 11.29 143: 11.37 144: 11.46
 145: 11.64 146: 11.47 147: 11.47 148: 11.44 149: 11.55 150: 10.89 151: 10.85 152: 11.97
 153: 11.78 154: 11.20 155: 12.29 156: 12.97 157: 10.48 158:  9.43 159:  9.45 160:  9.53
 161: 10.64 162: 11.29 163: 11.11 164: 11.37 165:  8.68 166:  8.86 167:  9.04 168:  9.09
 169: 11.84 170: 12.09 171: 10.53 172: 10.67 173: 10.64 174: 10.85 175: 11.40 176: 11.60
 177: 11.55 178: 11.23 179:  4.98 180:  5.07 181:  4.76 182:  4.60 183:  4.65 184:  4.43
 185:  4.55 186:  4.32 187: 10.99 188:  5.50 189:  6.78 190:  7.43 191:  9.46 192:  9.51
 193:  8.30 194:  5.65 195:  3.96 196:  3.74 197:  4.85 198:  3.65 199:  4.36 200:  4.24
 201:  4.33 202:  4.78 203:  8.79 204:  4.76 205:  6.49 206:  5.23 207:  8.36 208:  6.42
 209:  5.05 210:  4.63 211:  5.44 212:  5.87 213:  5.03 214:  8.56 215:  3.63 216:  3.59
 217:  5.14 218:  3.89 219:  3.70 220:  3.67 221:  3.83 222:  4.07 223:  4.09 224:  3.89
 225:  4.06 226:  3.87 227: 10.67 228:  4.02 229:  4.02 230:  4.04 231:  4.01 232: 10.79
 233: 11.13 234: 10.68 235:  3.68 236:  3.68 237:  3.72 238:  3.69 239:  3.71 240:  3.77
 241:  3.67 242:  3.68 243:  3.64 244:  3.76 245:  3.73 246:  3.74 247: 11.23 248: 11.24
 249: 11.23 250: 11.24 251: 10.87 252: 11.02 253: 11.05 254: 11.02 255: 10.02 256: 10.14
 257: 10.04 258: 10.17 259:  7.24 260:  7.17 261:  5.49 262:  5.61 263:  6.70 264:  6.12
 265:  6.59 266:  6.12 267:  8.45 268:  8.05 269:  7.41 270:  8.11 271:  5.97 272:  5.98
 273:  6.01 274:  6.03 275:  4.20 276:  3.65 277:  3.83 278:  3.86 279:  4.48 280:  4.35
 281:  4.34 282:  3.93 283:  3.26 284:  3.38 285:  3.52 286:  4.72 287:  3.78 288:  3.38
 289:  3.34 290:  3.21 291:  2.72 292:  2.51 293:  2.57 294:  2.23 295:  2.54 296:  2.96
 297:  2.96 298:  2.42 299:  2.70 300:  2.57 301:  2.66 302:  3.52 303:  3.99 304:  3.78
 305:  6.79 306:  6.80 307:  5.44 308:  7.12 309:  7.39 310:  4.68 311:  3.07 312:  3.22
 313:  3.72 314:  3.77 315:  4.63 316:  4.72 317:  4.24 318:  4.05 319:  6.76 320:  6.53
 321:  6.58 322:  6.12 323:  9.28 324: 10.04 325:  9.14 326: 10.31 327: 10.70 328:  9.96
 329:  9.55 330: 11.75 331: 11.66 332: 11.68 333: 11.60 334: 10.85 335: 10.30 336: 10.48
 337: 11.45 338: 10.83 339:  9.75 340:  9.92 341:  9.83 342:  9.73 343:  9.98 344:  9.92
 345:  9.81 346:  9.71 347: 10.34 348: 10.53 349: 10.46 350: 10.45 351: 11.31 352: 11.17
 353: 11.28 354: 11.22 355:  9.63 356:  9.88 357:  9.70 358:  9.68 359:  9.84 360:  9.87
 361:  9.84 362:  9.82 363: 10.71 364: 10.75 365: 10.70 366: 10.68 367: 10.78 368: 10.89
 369: 10.69 370: 10.23 371: 10.83 372: 10.94 373: 10.70 374: 11.53 375: 11.59 376: 11.64
 377: 11.69 378: 11.68 379: 11.65 380: 11.64 381: 11.87 382: 11.70 383: 11.69 384: 11.70
 385: 11.70 386: 11.74 387: 11.74 388: 11.67 389: 11.53 390: 11.54 391: 11.54 392: 11.56
 393: 11.42 394: 11.48 395: 11.53 396: 11.55 397: 11.55 398: 11.55 399: 11.55 400: 11.55
 401: 11.72 402: 11.72 403: 12.01 404: 12.01 405: 12.01 406: 12.01 407:  1.86 408:  1.87
 409:  1.86 410:  1.86 411:  1.87 412:  1.85 413:  1.85 414:  1.86 415:  1.84 416:  1.84
 417:  1.84 418:  1.84 419:  1.85 420:  1.84 421:  1.85 422:  1.85 423:  1.78 424:  1.78
 425:  1.78 426:  1.78 427:  1.78 428:  1.78 429:  1.78 430:  1.78 431:  1.83 432:  1.84
 433:  1.84 434:  1.84 435:  1.84 436:  1.84 437:  1.84 438:  1.84 439:  1.90 440:  1.89
 441:  1.89 442:  1.89 443:  1.83 444:  1.83 445:  1.82 446:  1.82 447:  1.82 448:  1.83
 449:  1.83 450:  1.83 451:  1.90 452:  1.90 453:  1.90 454:  1.89 455:  1.86 456:  1.85
 457:  1.85 458:  1.86 459:  1.90 460:  1.90 461:  1.90 462:  1.90
 IR intensities (amu)
   1:  0.29   2:  0.69   3:  0.34   4:  0.17   5:  0.33   6:  0.56   7:  0.16   8:  0.23
   9:  0.41  10:  0.40  11:  0.06  12:  0.05  13:  0.07  14:  0.12  15:  0.05  16:  0.08
  17:  0.04  18:  0.04  19:  0.08  20:  0.04  21:  0.11  22:  0.07  23:  0.07  24:  0.05
  25:  0.05  26:  0.12  27:  0.14  28:  0.13  29:  0.18  30:  0.11  31:  0.06  32:  0.03
  33:  0.10  34:  0.02  35:  0.11  36:  0.15  37:  0.12  38:  0.11  39:  0.15  40:  0.03
  41:  0.17  42:  0.13  43:  0.09  44:  0.05  45:  0.10  46:  0.05  47:  0.06  48:  0.19
  49:  0.14  50:  0.22  51:  0.30  52:  0.11  53:  0.50  54:  0.26  55:  0.03  56:  0.34
  57:  0.29  58:  0.37  59:  0.26  60:  0.12  61:  0.60  62:  0.42  63:  0.29  64:  0.08
  65:  0.19  66:  0.17  67:  0.15  68:  0.37  69:  0.06  70:  0.09  71:  0.17  72:  0.11
  73:  0.87  74:  0.27  75:  0.64  76:  0.47  77:  0.11  78:  0.34  79:  0.25  80:  0.62
  81:  0.53  82:  0.06  83:  0.26  84:  0.24  85:  0.26  86:  0.13  87:  0.20  88:  0.08
  89:  0.21  90:  0.29  91:  0.07  92:  0.19  93:  0.03  94:  0.13  95:  0.12  96:  0.10
  97:  0.07  98:  0.05  99:  0.15 100:  0.08 101:  0.10 102:  0.05 103:  0.04 104:  0.19
 105:  0.21 106:  0.20 107:  0.12 108:  0.08 109:  0.23 110:  0.12 111:  0.16 112:  0.09
 113:  0.01 114:  0.18 115:  0.07 116:  0.05 117:  0.05 118:  0.08 119:  0.14 120:  0.15
 121:  0.19 122:  0.53 123:  0.21 124:  0.24 125:  0.21 126:  0.22 127:  0.09 128:  0.06
 129:  0.05 130:  0.12 131:  0.09 132:  0.07 133:  0.08 134:  0.20 135:  0.05 136:  0.04
 137:  0.11 138:  0.04 139:  0.39 140:  0.53 141:  0.44 142:  0.11 143:  0.09 144:  0.02
 145:  0.12 146:  0.17 147:  0.14 148:  0.20 149:  0.16 150:  0.18 151:  0.23 152:  0.13
 153:  0.38 154:  0.36 155:  0.26 156:  0.30 157:  0.10 158:  0.09 159:  0.05 160:  0.02
 161:  0.08 162:  0.07 163:  0.10 164:  0.16 165:  0.11 166:  0.17 167:  0.28 168:  0.16
 169:  0.22 170:  0.17 171:  0.02 172:  0.11 173:  0.06 174:  0.20 175:  0.20 176:  0.10
 177:  0.14 178:  0.36 179:  0.17 180:  0.31 181:  0.31 182:  0.20 183:  0.05 184:  0.03
 185:  0.11 186:  0.07 187:  0.11 188:  0.06 189:  0.07 190:  0.13 191:  0.10 192:  0.19
 193:  0.05 194:  0.07 195:  0.35 196:  0.29 197:  0.35 198:  0.14 199:  0.22 200:  0.04
 201:  0.08 202:  0.21 203:  0.06 204:  0.18 205:  0.26 206:  0.06 207:  0.39 208:  0.38
 209:  0.14 210:  0.05 211:  0.31 212:  0.53 213:  0.36 214:  0.12 215:  0.03 216:  0.05
 217:  0.05 218:  0.05 219:  0.03 220:  0.04 221:  0.07 222:  0.01 223:  0.01 224:  0.03
 225:  0.02 226:  0.04 227:  0.04 228:  0.08 229:  0.07 230:  0.10 231:  0.08 232:  0.02
 233:  0.07 234:  0.24 235:  0.04 236:  0.04 237:  0.03 238:  0.02 239:  0.02 240:  0.05
 241:  0.06 242:  0.04 243:  0.08 244:  0.07 245:  0.09 246:  0.07 247:  0.10 248:  0.31
 249:  0.34 250:  0.34 251:  0.10 252:  0.25 253:  0.41 254:  0.11 255:  0.06 256:  0.01
 257:  0.10 258:  0.13 259:  0.40 260:  0.39 261:  0.09 262:  0.11 263:  0.42 264:  0.16
 265:  0.36 266:  0.20 267:  0.49 268:  0.37 269:  0.35 270:  0.42 271:  0.25 272:  0.21
 273:  0.37 274:  0.28 275:  0.36 276:  0.34 277:  0.32 278:  0.13 279:  0.11 280:  0.04
 281:  0.08 282:  0.27 283:  0.19 284:  0.24 285:  0.17 286:  0.58 287:  0.20 288:  0.10
 289:  0.11 290:  0.32 291:  0.13 292:  0.19 293:  0.32 294:  0.14 295:  0.19 296:  0.27
 297:  0.26 298:  0.17 299:  0.08 300:  0.18 301:  0.08 302:  0.23 303:  0.09 304:  0.07
 305:  0.17 306:  0.14 307:  0.10 308:  0.24 309:  0.27 310:  0.10 311:  0.04 312:  0.05
 313:  0.09 314:  0.26 315:  0.31 316:  0.24 317:  0.34 318:  0.26 319:  0.46 320:  0.43
 321:  0.55 322:  0.39 323:  0.43 324:  0.55 325:  0.05 326:  0.30 327:  0.10 328:  0.18
 329:  0.31 330:  0.06 331:  0.07 332:  0.08 333:  0.15 334:  0.52 335:  0.37 336:  0.55
 337:  0.15 338:  0.40 339:  0.18 340:  0.25 341:  0.04 342:  0.22 343:  0.61 344:  0.39
 345:  0.24 346:  1.02 347:  0.02 348:  0.31 349:  0.52 350:  0.67 351:  1.25 352:  1.49
 353:  1.23 354:  0.46 355:  0.39 356:  0.44 357:  0.19 358:  0.44 359:  0.22 360:  0.36
 361:  0.12 362:  0.27 363:  0.57 364:  0.21 365:  0.62 366:  1.13 367:  0.11 368:  0.41
 369:  0.72 370:  0.67 371:  0.67 372:  0.62 373:  0.45 374:  0.90 375:  0.52 376:  0.19
 377:  0.43 378:  0.82 379:  0.67 380:  0.39 381:  0.55 382:  1.07 383:  0.45 384:  0.81
 385:  0.71 386:  0.54 387:  0.80 388:  0.33 389:  0.07 390:  0.10 391:  0.10 392:  0.10
 393:  0.20 394:  0.25 395:  0.50 396:  0.42 397:  0.38 398:  0.17 399:  0.16 400:  0.17
 401:  0.64 402:  1.06 403:  1.02 404:  1.15 405:  1.22 406:  1.18 407:  0.08 408:  0.12
 409:  0.12 410:  0.15 411:  0.15 412:  0.08 413:  0.06 414:  0.08 415:  0.10 416:  0.06
 417:  0.06 418:  0.12 419:  0.16 420:  0.05 421:  0.09 422:  0.12 423:  0.18 424:  0.19
 425:  0.19 426:  0.19 427:  0.14 428:  0.15 429:  0.15 430:  0.14 431:  0.19 432:  0.19
 433:  0.18 434:  0.22 435:  0.16 436:  0.18 437:  0.14 438:  0.19 439:  0.42 440:  0.37
 441:  0.28 442:  0.52 443:  0.10 444:  0.07 445:  0.19 446:  0.14 447:  0.15 448:  0.02
 449:  0.03 450:  0.05 451:  0.30 452:  0.27 453:  0.28 454:  0.31 455:  0.08 456:  0.07
 457:  0.07 458:  0.08 459:  0.02 460:  0.03 461:  0.05 462:  0.03
 Raman intensities (amu)
   1:  0.00   2:  0.00   3:  0.00   4:  0.00   5:  0.00   6:  0.00   7:  0.00   8:  0.00
   9:  0.00  10:  0.00  11:  0.00  12:  0.00  13:  0.00  14:  0.00  15:  0.00  16:  0.00
  17:  0.00  18:  0.00  19:  0.00  20:  0.00  21:  0.00  22:  0.00  23:  0.00  24:  0.00
  25:  0.00  26:  0.00  27:  0.00  28:  0.00  29:  0.00  30:  0.00  31:  0.00  32:  0.00
  33:  0.00  34:  0.00  35:  0.00  36:  0.00  37:  0.00  38:  0.00  39:  0.00  40:  0.00
  41:  0.00  42:  0.00  43:  0.00  44:  0.00  45:  0.00  46:  0.00  47:  0.00  48:  0.00
  49:  0.00  50:  0.00  51:  0.00  52:  0.00  53:  0.00  54:  0.00  55:  0.00  56:  0.00
  57:  0.00  58:  0.00  59:  0.00  60:  0.00  61:  0.00  62:  0.00  63:  0.00  64:  0.00
  65:  0.00  66:  0.00  67:  0.00  68:  0.00  69:  0.00  70:  0.00  71:  0.00  72:  0.00
  73:  0.00  74:  0.00  75:  0.00  76:  0.00  77:  0.00  78:  0.00  79:  0.00  80:  0.00
  81:  0.00  82:  0.00  83:  0.00  84:  0.00  85:  0.00  86:  0.00  87:  0.00  88:  0.00
  89:  0.00  90:  0.00  91:  0.00  92:  0.00  93:  0.00  94:  0.00  95:  0.00  96:  0.00
  97:  0.00  98:  0.00  99:  0.00 100:  0.00 101:  0.00 102:  0.00 103:  0.00 104:  0.00
 105:  0.00 106:  0.00 107:  0.00 108:  0.00 109:  0.00 110:  0.00 111:  0.00 112:  0.00
 113:  0.00 114:  0.00 115:  0.00 116:  0.00 117:  0.00 118:  0.00 119:  0.00 120:  0.00
 121:  0.00 122:  0.00 123:  0.00 124:  0.00 125:  0.00 126:  0.00 127:  0.00 128:  0.00
 129:  0.00 130:  0.00 131:  0.00 132:  0.00 133:  0.00 134:  0.00 135:  0.00 136:  0.00
 137:  0.00 138:  0.00 139:  0.00 140:  0.00 141:  0.00 142:  0.00 143:  0.00 144:  0.00
 145:  0.00 146:  0.00 147:  0.00 148:  0.00 149:  0.00 150:  0.00 151:  0.00 152:  0.00
 153:  0.00 154:  0.00 155:  0.00 156:  0.00 157:  0.00 158:  0.00 159:  0.00 160:  0.00
 161:  0.00 162:  0.00 163:  0.00 164:  0.00 165:  0.00 166:  0.00 167:  0.00 168:  0.00
 169:  0.00 170:  0.00 171:  0.00 172:  0.00 173:  0.00 174:  0.00 175:  0.00 176:  0.00
 177:  0.00 178:  0.00 179:  0.00 180:  0.00 181:  0.00 182:  0.00 183:  0.00 184:  0.00
 185:  0.00 186:  0.00 187:  0.00 188:  0.00 189:  0.00 190:  0.00 191:  0.00 192:  0.00
 193:  0.00 194:  0.00 195:  0.00 196:  0.00 197:  0.00 198:  0.00 199:  0.00 200:  0.00
 201:  0.00 202:  0.00 203:  0.00 204:  0.00 205:  0.00 206:  0.00 207:  0.00 208:  0.00
 209:  0.00 210:  0.00 211:  0.00 212:  0.00 213:  0.00 214:  0.00 215:  0.00 216:  0.00
 217:  0.00 218:  0.00 219:  0.00 220:  0.00 221:  0.00 222:  0.00 223:  0.00 224:  0.00
 225:  0.00 226:  0.00 227:  0.00 228:  0.00 229:  0.00 230:  0.00 231:  0.00 232:  0.00
 233:  0.00 234:  0.00 235:  0.00 236:  0.00 237:  0.00 238:  0.00 239:  0.00 240:  0.00
 241:  0.00 242:  0.00 243:  0.00 244:  0.00 245:  0.00 246:  0.00 247:  0.00 248:  0.00
 249:  0.00 250:  0.00 251:  0.00 252:  0.00 253:  0.00 254:  0.00 255:  0.00 256:  0.00
 257:  0.00 258:  0.00 259:  0.00 260:  0.00 261:  0.00 262:  0.00 263:  0.00 264:  0.00
 265:  0.00 266:  0.00 267:  0.00 268:  0.00 269:  0.00 270:  0.00 271:  0.00 272:  0.00
 273:  0.00 274:  0.00 275:  0.00 276:  0.00 277:  0.00 278:  0.00 279:  0.00 280:  0.00
 281:  0.00 282:  0.00 283:  0.00 284:  0.00 285:  0.00 286:  0.00 287:  0.00 288:  0.00
 289:  0.00 290:  0.00 291:  0.00 292:  0.00 293:  0.00 294:  0.00 295:  0.00 296:  0.00
 297:  0.00 298:  0.00 299:  0.00 300:  0.00 301:  0.00 302:  0.00 303:  0.00 304:  0.00
 305:  0.00 306:  0.00 307:  0.00 308:  0.00 309:  0.00 310:  0.00 311:  0.00 312:  0.00
 313:  0.00 314:  0.00 315:  0.00 316:  0.00 317:  0.00 318:  0.00 319:  0.00 320:  0.00
 321:  0.00 322:  0.00 323:  0.00 324:  0.00 325:  0.00 326:  0.00 327:  0.00 328:  0.00
 329:  0.00 330:  0.00 331:  0.00 332:  0.00 333:  0.00 334:  0.00 335:  0.00 336:  0.00
 337:  0.00 338:  0.00 339:  0.00 340:  0.00 341:  0.00 342:  0.00 343:  0.00 344:  0.00
 345:  0.00 346:  0.00 347:  0.00 348:  0.00 349:  0.00 350:  0.00 351:  0.00 352:  0.00
 353:  0.00 354:  0.00 355:  0.00 356:  0.00 357:  0.00 358:  0.00 359:  0.00 360:  0.00
 361:  0.00 362:  0.00 363:  0.00 364:  0.00 365:  0.00 366:  0.00 367:  0.00 368:  0.00
 369:  0.00 370:  0.00 371:  0.00 372:  0.00 373:  0.00 374:  0.00 375:  0.00 376:  0.00
 377:  0.00 378:  0.00 379:  0.00 380:  0.00 381:  0.00 382:  0.00 383:  0.00 384:  0.00
 385:  0.00 386:  0.00 387:  0.00 388:  0.00 389:  0.00 390:  0.00 391:  0.00 392:  0.00
 393:  0.00 394:  0.00 395:  0.00 396:  0.00 397:  0.00 398:  0.00 399:  0.00 400:  0.00
 401:  0.00 402:  0.00 403:  0.00 404:  0.00 405:  0.00 406:  0.00 407:  0.00 408:  0.00
 409:  0.00 410:  0.00 411:  0.00 412:  0.00 413:  0.00 414:  0.00 415:  0.00 416:  0.00
 417:  0.00 418:  0.00 419:  0.00 420:  0.00 421:  0.00 422:  0.00 423:  0.00 424:  0.00
 425:  0.00 426:  0.00 427:  0.00 428:  0.00 429:  0.00 430:  0.00 431:  0.00 432:  0.00
 433:  0.00 434:  0.00 435:  0.00 436:  0.00 437:  0.00 438:  0.00 439:  0.00 440:  0.00
 441:  0.00 442:  0.00 443:  0.00 444:  0.00 445:  0.00 446:  0.00 447:  0.00 448:  0.00
 449:  0.00 450:  0.00 451:  0.00 452:  0.00 453:  0.00 454:  0.00 455:  0.00 456:  0.00
 457:  0.00 458:  0.00 459:  0.00 460:  0.00 461:  0.00 462:  0.00
 output can be read by thermo (or use thermo option).
 writing <g98.out> molden fake output.
 recommended (thermochemical) frequency scaling factor: 1.0
           -------------------------------------------------
          |             Thermodynamic Functions             |
           -------------------------------------------------

Molecule has no symmetry elements
It seems to be the C1 point group
c1  symmetry found (for desy threshold:  0.10E+00) used in thermo

          ...................................................
          :                      SETUP                      :
          :.................................................:
          :  # frequencies                         456      :
          :  # imaginary freq.                       0      :
          :  linear?                             false      :
          :  only rotor calc.                    false      :
          :  symmetry                               c1      :
          :  rotational number                       1      :
          :  scaling factor                  1.0000000      :
          :  rotor cutoff                   50.0000000 cm⁻¹ :
          :  imag. cutoff                  -20.0000000 cm⁻¹ :
          :.................................................:

    mode    ω/cm⁻¹     T·S(HO)/kcal·mol⁻¹    T·S(FR)/kcal·mol⁻¹   T·S(vib)
   ------------------------------------------------------------------------
       1      7.01    -2.59917 (  0.04%)    -1.63867 ( 99.96%)    -1.63904
       2      8.17    -2.50789 (  0.07%)    -1.59303 ( 99.93%)    -1.59368
       3      8.72    -2.46986 (  0.09%)    -1.57401 ( 99.91%)    -1.57484
       4      9.78    -2.40167 (  0.15%)    -1.53991 ( 99.85%)    -1.54117
       5     16.75    -2.08309 (  1.24%)    -1.38057 ( 98.76%)    -1.38931
       6     17.16    -2.06866 (  1.37%)    -1.37336 ( 98.63%)    -1.38287
       7     17.62    -2.05293 (  1.52%)    -1.36548 ( 98.48%)    -1.37593
       8     21.66    -1.93074 (  3.40%)    -1.30435 ( 96.60%)    -1.32566
       9     24.16    -1.86624 (  5.17%)    -1.27206 ( 94.83%)    -1.30276
      10     27.68    -1.78556 (  8.59%)    -1.23167 ( 91.41%)    -1.27926
      11     30.53    -1.72769 ( 12.20%)    -1.20269 ( 87.80%)    -1.26676
      12     32.13    -1.69747 ( 14.57%)    -1.18755 ( 85.43%)    -1.26184
      13     34.90    -1.64853 ( 19.19%)    -1.16303 ( 80.81%)    -1.25619
      14     41.06    -1.55251 ( 31.27%)    -1.11489 ( 68.73%)    -1.25171
      15     46.27    -1.48199 ( 42.32%)    -1.07949 ( 57.68%)    -1.24981
      16     48.50    -1.45427 ( 46.96%)    -1.06557 ( 53.04%)    -1.24809
      17     50.96    -1.42506 ( 51.91%)    -1.05090 ( 48.09%)    -1.24511
      18     54.07    -1.39019 ( 57.76%)    -1.03337 ( 42.24%)    -1.23947
      19     56.99    -1.35924 ( 62.79%)    -1.01781 ( 37.21%)    -1.23219
      20     59.61    -1.33274 ( 66.89%)    -1.00447 ( 33.11%)    -1.22405
      21     62.45    -1.30532 ( 70.88%)    -0.99066 ( 29.12%)    -1.21370
      22     63.47    -1.29584 ( 72.20%)    -0.98588 ( 27.80%)    -1.20966
      23     69.68    -1.24104 ( 79.04%)    -0.95825 ( 20.96%)    -1.18177
      24     72.61    -1.21687 ( 81.64%)    -0.94604 ( 18.36%)    -1.16715
      25     77.01    -1.18239 ( 84.91%)    -0.92861 ( 15.09%)    -1.14409
      26     80.63    -1.15547 ( 87.12%)    -0.91499 ( 12.88%)    -1.12449
      27     83.00    -1.13850 ( 88.37%)    -0.90639 ( 11.63%)    -1.11150
      28     84.85    -1.12565 ( 89.24%)    -0.89988 ( 10.76%)    -1.10135
      29     92.10    -1.07783 ( 92.01%)    -0.87560 (  7.99%)    -1.06166
      30     97.44    -1.04496 ( 93.52%)    -0.85888 (  6.48%)    -1.03290
      31     99.71    -1.03159 ( 94.05%)    -0.85207 (  5.95%)    -1.02092
      32    106.57    -0.99296 ( 95.38%)    -0.83236 (  4.62%)    -0.98554
      33    107.73    -0.98668 ( 95.57%)    -0.82914 (  4.43%)    -0.97970
      34    109.04    -0.97968 ( 95.77%)    -0.82556 (  4.23%)    -0.97316
      35    112.85    -0.95982 ( 96.29%)    -0.81539 (  3.71%)    -0.95446
      36    113.41    -0.95697 ( 96.36%)    -0.81393 (  3.64%)    -0.95176
      37    122.53    -0.91234 ( 97.30%)    -0.79101 (  2.70%)    -0.90907
      38    124.51    -0.90314 ( 97.47%)    -0.78627 (  2.53%)    -0.90017
      39    126.96    -0.89196 ( 97.65%)    -0.78050 (  2.35%)    -0.88934
      40    130.35    -0.87682 ( 97.88%)    -0.77269 (  2.12%)    -0.87462
      41    131.50    -0.87178 ( 97.95%)    -0.77008 (  2.05%)    -0.86970
      42    139.74    -0.83702 ( 98.39%)    -0.75208 (  1.61%)    -0.83565
      43    143.51    -0.82184 ( 98.55%)    -0.74419 (  1.45%)    -0.82071
      44    154.34    -0.78055 ( 98.91%)    -0.72264 (  1.09%)    -0.77992
      45    156.09    -0.77418 ( 98.96%)    -0.71930 (  1.04%)    -0.77361
      46    157.40    -0.76945 ( 98.99%)    -0.71682 (  1.01%)    -0.76892
      47    168.55    -0.73093 ( 99.23%)    -0.69655 (  0.77%)    -0.73066
      48    172.89    -0.71671 ( 99.31%)    -0.68902 (  0.69%)    -0.71651
      49    174.73    -0.71078 ( 99.33%)    -0.68589 (  0.67%)    -0.71062
      50    175.46    -0.70846 ( 99.34%)    -0.68465 (  0.66%)    -0.70830
      51    178.85    -0.69778 ( 99.39%)    -0.67898 (  0.61%)    -0.69767
      52    186.89    -0.67336 ( 99.49%)    -0.66596 (  0.51%)    -0.67333
      53    190.73    -0.66212 ( 99.53%)    -0.65994 (  0.47%)    -0.66211
      54    196.47    -0.64577 ( 99.58%)    -0.65115 (  0.42%)    -0.64580
      55    204.73    -0.62318 ( 99.65%)    -0.63895 (  0.35%)    -0.62324
      56    210.13    -0.60899 ( 99.68%)    -0.63124 (  0.32%)    -0.60906
      57    211.12    -0.60644 ( 99.69%)    -0.62985 (  0.31%)    -0.60651
      58    219.11    -0.58630 ( 99.73%)    -0.61884 (  0.27%)    -0.58639
      59    220.86    -0.58201 ( 99.74%)    -0.61649 (  0.26%)    -0.58210
      60    223.13    -0.57649 ( 99.75%)    -0.61346 (  0.25%)    -0.57659
      61    223.72    -0.57505 ( 99.75%)    -0.61266 (  0.25%)    -0.57515
      62    247.47    -0.52133 ( 99.83%)    -0.58278 (  0.17%)    -0.52143
      63    250.50    -0.51492 ( 99.84%)    -0.57918 (  0.16%)    -0.51503
      64    252.20    -0.51137 ( 99.85%)    -0.57717 (  0.15%)    -0.51147
      65    253.15    -0.50940 ( 99.85%)    -0.57606 (  0.15%)    -0.50950
      66    256.68    -0.50215 ( 99.86%)    -0.57195 (  0.14%)    -0.50226
      67    264.51    -0.48652 ( 99.87%)    -0.56305 (  0.13%)    -0.48662
      68    269.26    -0.47733 ( 99.88%)    -0.55779 (  0.12%)    -0.47743
      69    271.08    -0.47384 ( 99.88%)    -0.55578 (  0.12%)    -0.47394
      70    273.26    -0.46973 ( 99.89%)    -0.55341 (  0.11%)    -0.46982
      71    273.84    -0.46864 ( 99.89%)    -0.55278 (  0.11%)    -0.46873
      72    283.90    -0.45022 ( 99.90%)    -0.54210 (  0.10%)    -0.45031
      73    284.28    -0.44955 ( 99.90%)    -0.54170 (  0.10%)    -0.44964
      74    291.43    -0.43698 ( 99.91%)    -0.53434 (  0.09%)    -0.43706
   ------------------------------------------------------------------------

   temp. (K)  partition function   enthalpy   heat capacity  entropy
                                   cal/mol     cal/K/mol   cal/K/mol   J/K/mol
 298.15  VIB  0.417E+40            49791.572    322.870    313.255
         ROT  0.533E+09              888.752      2.981     42.914
         INT  0.222E+49            50680.325    325.851    356.169
         TR   0.528E+29             1481.254      4.968     47.643
         TOT                       52161.5786   330.8189   403.8123  1689.5508

       T/K    H(0)-H(T)+PV         H(T)/Eh          T*S/Eh         G(T)/Eh
   ------------------------------------------------------------------------
    298.15    0.831248E-01    0.123005E+01    0.191864E+00    0.103818E+01
   ------------------------------------------------------------------------

         :::::::::::::::::::::::::::::::::::::::::::::::::::::
         ::                  THERMODYNAMIC                  ::
         :::::::::::::::::::::::::::::::::::::::::::::::::::::
         :: total free energy        -247.214302114016 Eh   ::
         ::.................................................::
         :: total energy             -248.252484615315 Eh   ::
         :: zero point energy           1.146922003147 Eh   ::
         :: G(RRHO) w/o ZPVE           -0.108739501848 Eh   ::
         :: G(RRHO) contrib.            1.038182501299 Eh   ::
         :::::::::::::::::::::::::::::::::::::::::::::::::::::

           -------------------------------------------------
          | TOTAL ENERGY             -248.252484615315 Eh   |
          | TOTAL ENTHALPY           -247.022437845510 Eh   |
          | TOTAL FREE ENERGY        -247.214302114016 Eh   |
          | GRADIENT NORM               0.000586174220 Eh/α |
          | HOMO-LUMO GAP               2.083490362849 eV   |
           -------------------------------------------------

------------------------------------------------------------------------
 * finished run on 2021/06/21 at 18:31:56.528     
------------------------------------------------------------------------
 total:
 * wall-time:     0 d,  0 h,  8 min, 39.516 sec
 *  cpu-time:     0 d,  0 h, 37 min, 20.377 sec
 * ratio c/w:     4.312 speedup
 SCF:
 * wall-time:     0 d,  0 h,  0 min,  0.792 sec
 *  cpu-time:     0 d,  0 h,  0 min,  4.120 sec
 * ratio c/w:     5.205 speedup
 numerical hessian:
 * wall-time:     0 d,  0 h,  8 min, 37.479 sec
 *  cpu-time:     0 d,  0 h, 37 min, 14.913 sec
 * ratio c/w:     4.319 speedup

