      -----------------------------------------------------------      
     |                   =====================                   |     
     |                           x T B                           |     
     |                   =====================                   |     
     |                         S. Grimme                         |     
     |          Mulliken Center for Theoretical Chemistry        |     
     |                    University of Bonn                     |     
     |                Version 6.2 RC2 (SAW190805)                |     
      -----------------------------------------------------------      

   This program is distributed in the hope that it will be useful,
   but WITHOUT ANY WARRANTY; without even the implied warranty of
   MERCHANTABILITY or FITNESS FOR A PARTICULAR PURPOSE.
   
   FOR NON-COMMERCIAL, ACADEMIA USE ONLY.
   
   Cite this work as:
   * S. Grimme, C. Bannwarth, P. Shushkov, J. Chem. Theory Comput., 2017,
     13, 1989-2009. DOI: 10.1021/acs.jctc.7b00118
   * C. Bannwarth, S. Ehlert and S. Grimme., J. Chem. Theory Comput., 2019,
     15, 1652-1671. DOI: 10.1021/acs.jctc.8b01176
   * P. Pracht, E. Caldeweyher, S. Ehlert, S. Grimme, ChemRxiv, 2019, preprint.
     DOI: 10.26434/chemrxiv.8326202.v1
   
   for DFT-D4:
   * E. Caldeweyher, C. Bannwarth and S. Grimme, J. Chem. Phys., 2017,
     147, 034112. DOI: 10.1063/1.4993215
   * E. Caldeweyher, S. Ehlert, A. Hansen, H. Neugebauer, S. Spicher,
     C. Bannwarth and S. Grimme, J. Chem. Phys., 2019, 150, 154122.
     DOI: 10.1063/1.5090222
   
   for sTDA-xTB:
   * S. Grimme and C. Bannwarth, J. Chem. Phys., 2016, 145, 054103.
     DOI: 10.1063/1.4959605
   
   in the mass-spec context:
   * V. Asgeirsson, C. Bauer and S. Grimme, Chem. Sci., 2017, 8, 4879.
     DOI: 10.1039/c7sc00601b
   
   for metadynamics refer to:
   * S. Grimme, J. Chem. Theory Comput., 2019, 155, 2847-2862
     DOI: 10.1021/acs.jctc.9b00143
   
   with help from (in alphabetical order)
   C. Bannwarth, F. Bohle, G. Brandenburg, E. Caldeweyher, M. Checinski,
   S. Dohm, S. Ehlert, S. Ehrlich, F. März, H. Neugebauer, J. Pisarek,
   P. Pracht, P. Shushkov, and S. Spicher.
   
 * started run on 2021/06/21 at 20:33:42.022     

           -------------------------------------------------
          |                Calculation Setup                |
           -------------------------------------------------

          program call               : /home/atarzia/software/xtb-190806/bin/xtb /data/atarzia/projects/unsymm/screening/production/free_energy_calculations/fe_3d1_b/input_structure.xyz --gfn 2 --hess --parallel 6 --etemp 300 --gbsa dmso --chrg 4 --uhf 0 -I det_control.in
          coordinate file            : /data/atarzia/projects/unsymm/screening/production/free_energy_calculations/fe_3d1_b/input_structure.xyz
          omp threads                :                     6
          number of atoms            :                   130
          number of electrons        :                   392
          charge                     :                     4
          spin                       :                   0.0
          first test random number   :      0.14296263277150


########################################################################
# WARNING! Please study the warnings concerning your input carefully
#  - XTBHOME is not set, using HOME instead
#  - XTBPATH is not set, using XTBHOME instead
#  - Process number higher than OMP_NUM_THREADS, I hope you know what you are doing.
########################################################################

           ------------------------------------------------- 
          |                 G F N 2 - x T B                 |
          | Geometry, Frequencies, Noncovalent interactions |
          |            JCTC 2019 parametrisation            |
           ------------------------------------------------- 
             k(s)              :                1.8500
             k(p)              :                2.2300
             k(d)              :                2.2300
             k(f)              :                2.0000
             kEN (H0ij)        :               -2.0000
             D4 a1             :                0.5200
             D4 a2             :                5.0000
             D4 s6             :                1.0000
             D4 s8             :                2.7000
             D4 s9             :                5.0000
             alphaj            :                2.0000

  Z AO/shell   Hii/eV     exponent
  1     Wed Apr 25 08:07:45 CEST 2018   EN: 2.200 GM2: 0.406  GM3: 0.0800  RAES: 1.40
     1s    -10.707211    1.230000
  6     Wed Apr 25 08:07:45 CEST 2018   EN: 2.550 GM2: 0.538  GM3: 0.1500  RAES: 3.00
     2s    -13.970922    2.096432
     2p    -10.063292    1.800000
  7     Wed Apr 25 08:07:45 CEST 2018   EN: 3.040 GM2: 0.461  GM3:-0.0640  RAES: 1.90
     2s    -16.686243    2.339881
     2p    -12.523956    2.014332
 46     Wed Apr 25 16:26:58 CEST 2018   EN: 2.200 GM2: 0.273  GM3: 0.0800  RAES: 5.00
     4d    -11.963518    2.353691
     5s     -9.714059    1.828354
     5p     -2.035281    1.333352

 Solvent             : dmso
 Using internal parameter file: .param_gbsa2_dmso
 Gsolv ref. state (COSMO-RS): gsolv [1 M gas/solution]
 temperature (mdtemp)       :    298.150000000000     
 dielectric constant        :    46.6800000000000     
 rho                        :    1.10000000000000     
 mass                       :    78.1300000000000     
 surface tension            :    15.5689454083859     
 probe radius               :   0.949087640000000     
 vdW radii scaling          :    1.00000000000000     
 Gshift (Eh)                :   5.161738145414381E-003
 c1                         :    1.63948621000000     
 soset                      :   1.179665000000000E-002
 HB correction              :  T
           ------------------------------------------------- 
          |        Self-Consistent Charge Iterations        |
           ------------------------------------------------- 

          ...................................................
          :                      SETUP                      :
          :.................................................:
          :  # basis functions                 388          :
          :  # atomic orbitals                 386          :
          :  # shells                          214          :
          :  # electrons                       392          :
          :  max. iterations                   250          :
          :  Hamiltonian                  GFN2-xTB          :
          :  restarted?                      false          :
          :  GBSA solvation                   true          :
          :  PC potential                    false          :
          :  electronic temp.          300.0000000     K    :
          :  accuracy                    1.0000000          :
          :  -> integral cutoff          0.2500000E+02      :
          :  -> integral neglect         0.1000000E-07      :
          :  -> SCF convergence          0.1000000E-05 Eh   :
          :  -> wf. convergence          0.1000000E-03 e    :
          :  Broyden damping             0.4000000          :
          ...................................................

 iter      E             dE          RMSdq      gap      omega  full diag
   1   -213.0637477 -0.213064E+03  0.596E+00    2.79       0.0  T
   2   -213.4378355 -0.374088E+00  0.402E+00    2.34       1.0  T
   3   -213.3191029  0.118733E+00  0.220E+00    2.46       1.0  T
   4   -213.5776902 -0.258587E+00  0.108E+00    2.67       1.0  T
   5   -213.6496666 -0.719765E-01  0.498E-01    2.69       1.0  T
   6   -213.6767111 -0.270445E-01  0.186E-01    2.69       1.0  T
   7   -213.6781851 -0.147394E-02  0.819E-02    2.71       1.0  T
   8   -213.6782569 -0.718640E-04  0.339E-02    2.70       1.0  T
   9   -213.6783166 -0.596582E-04  0.130E-02    2.71       1.0  T
  10   -213.6783247 -0.811918E-05  0.628E-03    2.71       1.4  T
  11   -213.6783250 -0.335807E-06  0.452E-03    2.71       1.9  T
  12   -213.6783262 -0.119765E-05  0.193E-03    2.71       4.5  T
  13   -213.6783265 -0.232330E-06  0.101E-03    2.71       8.7  T
  14   -213.6783265 -0.118320E-07  0.597E-04    2.71      14.7  T
  15   -213.6783265 -0.747605E-09  0.288E-04    2.71      30.4  T

   *** convergence criteria satisfied after 15 iterations ***

         #    Occupation            Energy/Eh            Energy/eV
      -------------------------------------------------------------
         1        2.0000           -0.7347648             -19.9940
       ...           ...                  ...                  ...
       190        2.0000           -0.4263594             -11.6018
       191        2.0000           -0.4257056             -11.5840
       192        2.0000           -0.4255388             -11.5795
       193        2.0000           -0.4130735             -11.2403
       194        2.0000           -0.4129738             -11.2376
       195        2.0000           -0.4127463             -11.2314
       196        2.0000           -0.4125353             -11.2257 (HOMO)
       197                         -0.3131024              -8.5199 (LUMO)
       198                         -0.3129693              -8.5163
       199                         -0.3123559              -8.4996
       200                         -0.3120503              -8.4913
       201                         -0.3105048              -8.4493
       ...                                ...                  ...
       386                          1.4364958              39.0890
      -------------------------------------------------------------
                  HL-Gap            0.0994329 Eh            2.7057 eV
             Fermi-level           -0.3628189 Eh           -9.8728 eV

 SCC (total)                   0 d,  0 h,  0 min,  1.672 sec
 SCC setup                      ...        0 min,  0.133 sec (  7.936%)
 Dispersion                     ...        0 min,  0.028 sec (  1.662%)
 integral evaluation            ...        0 min,  0.214 sec ( 12.806%)
 zeroth order Hamiltonian       ...        0 min,  0.003 sec (  0.188%)
 iterations                     ...        0 min,  0.947 sec ( 56.634%)
 molecular gradient             ...        0 min,  0.343 sec ( 20.534%)
 printout                       ...        0 min,  0.004 sec (  0.234%)

         :::::::::::::::::::::::::::::::::::::::::::::::::::::
         ::                     SUMMARY                     ::
         :::::::::::::::::::::::::::::::::::::::::::::::::::::
         :: total energy            -209.849169588106 Eh    ::
         :: total w/o Gsasa/hb      -209.752042337567 Eh    ::
         :: gradient norm              0.000701369153 Eh/a0 ::
         :: HOMO-LUMO gap              2.705708055309 eV    ::
         ::.................................................::
         :: SCC energy              -213.761062529033 Eh    ::
         :: -> isotropic ES            0.661815538501 Eh    ::
         :: -> anisotropic ES         -0.085352760864 Eh    ::
         :: -> anisotropic XC          0.153319434858 Eh    ::
         :: -> dispersion             -0.185533400977 Eh    ::
         :: -> Gsolv                  -0.667512157969 Eh    ::
         ::    -> Gborn               -0.570384907429 Eh    ::
         ::    -> Gsasa               -0.087897794352 Eh    ::
         ::    -> Ghb                 -0.014391194333 Eh    ::
         ::    -> Gshift               0.005161738145 Eh    ::
         :: repulsion energy           3.906838419785 Eh    ::
         :: add. restraining           0.000000000000 Eh    ::
         :::::::::::::::::::::::::::::::::::::::::::::::::::::

           ------------------------------------------------- 
          |                Numerical Hessian                |
           ------------------------------------------------- 
step length          :   0.00500
SCC accuracy         :   0.30000
Hessian scale factor :   1.00000
frozen atoms in %    :   0.00000    0
RMS gradient         :   0.00070
estimated CPU  time     49.72 min
estimated wall time     13.33 min

writing file <hessian>.

 projected vibrational frequencies (cm-1)
eigval :       -0.00    -0.00     0.00     0.00     0.00     0.00
eigval :       10.07    11.39    12.17    13.93    25.10    27.80
eigval :       28.33    30.79    31.18    32.31    34.78    40.89
eigval :       43.44    45.31    48.82    52.75    58.10    61.96
eigval :       63.61    72.04    77.25    77.75    84.12    85.24
eigval :       87.12    89.39    92.89    95.47   104.70   120.41
eigval :      124.19   127.10   127.91   134.05   135.22   135.97
eigval :      136.99   140.60   141.29   149.35   153.39   156.70
eigval :      172.52   174.78   175.36   178.89   181.32   181.85
eigval :      188.74   194.27   220.86   229.32   231.31   238.46
eigval :      245.00   251.67   252.64   256.35   258.17   260.36
eigval :      262.29   265.86   270.87   272.33   276.48   278.14
eigval :      279.54   281.77   315.70   316.05   317.97   319.68
eigval :      336.97   338.70   339.70   339.86   344.60   346.54
eigval :      348.81   349.12   370.83   374.26   389.80   391.52
eigval :      399.59   400.24   401.10   402.19   424.04   424.33
eigval :      425.35   426.42   453.15   453.66   454.34   457.18
eigval :      469.32   471.67   472.98   473.28   505.87   511.10
eigval :      514.19   515.46   516.93   518.87   521.80   523.04
eigval :      524.74   525.64   525.80   526.01   590.12   591.99
eigval :      593.03   593.89   599.72   599.92   600.10   600.23
eigval :      617.82   618.45   622.71   623.78   626.46   627.27
eigval :      628.08   628.21   657.75   658.16   658.92   659.20
eigval :      663.01   668.43   671.09   672.47   677.06   678.29
eigval :      678.69   679.75   693.83   696.63   698.00   698.03
eigval :      769.50   773.35   774.10   774.54   776.29   779.52
eigval :      780.51   782.81   790.41   794.25   796.42   796.68
eigval :      802.62   803.12   803.62   804.35   839.87   851.55
eigval :      852.04   854.11   857.13   857.95   860.86   862.42
eigval :      868.50   868.80   869.51   870.46   890.93   894.67
eigval :      894.76   895.96   897.05   898.53   899.67   900.36
eigval :      904.12   905.02   905.55   906.03   911.22   913.84
eigval :      916.68   916.89   932.36   932.67   932.96   933.16
eigval :      935.43   935.45   935.46   935.46   938.58   938.90
eigval :      939.23   939.58   983.13   984.85   985.78   985.96
eigval :      995.64   998.48   999.45   999.79  1003.14  1004.64
eigval :     1005.05  1007.88  1081.70  1082.34  1082.96  1083.53
eigval :     1086.61  1087.36  1088.46  1091.18  1091.85  1094.21
eigval :     1095.01  1095.92  1117.30  1118.54  1119.38  1120.02
eigval :     1123.57  1123.78  1124.56  1125.67  1132.79  1132.96
eigval :     1134.45  1136.05  1155.29  1157.16  1157.29  1158.16
eigval :     1167.20  1168.85  1169.00  1171.76  1173.95  1175.95
eigval :     1176.74  1179.78  1191.75  1192.17  1193.15  1193.26
eigval :     1225.13  1226.90  1229.56  1233.85  1235.52  1237.30
eigval :     1239.94  1243.64  1246.12  1247.58  1250.79  1252.17
eigval :     1270.81  1271.26  1271.56  1272.19  1293.91  1294.26
eigval :     1294.92  1294.97  1296.33  1296.76  1297.67  1298.29
eigval :     1313.98  1314.34  1314.37  1314.65  1320.11  1320.51
eigval :     1321.01  1321.89  1370.42  1371.56  1372.64  1374.39
eigval :     1378.85  1379.17  1379.56  1380.66  1402.03  1402.17
eigval :     1402.39  1402.90  1422.04  1422.61  1422.81  1422.97
eigval :     1450.12  1450.28  1450.68  1450.92  1470.60  1470.92
eigval :     1471.27  1471.57  1525.97  1526.80  1527.66  1529.06
eigval :     1537.25  1538.29  1539.00  1539.10  1545.21  1545.87
eigval :     1546.40  1546.74  1549.70  1550.46  1550.76  1550.93
eigval :     1559.42  1559.51  1559.65  1559.87  1576.49  1576.54
eigval :     1576.62  1576.68  2312.90  2313.60  2313.69  2314.24
eigval :     2951.52  2961.27  2967.74  2978.84  2983.01  2985.55
eigval :     2990.47  2990.74  2991.69  2996.19  2999.50  3002.05
eigval :     3005.29  3008.27  3011.78  3016.54  3090.66  3090.77
eigval :     3091.00  3091.49  3101.73  3102.16  3102.38  3102.60
eigval :     3107.19  3107.39  3107.42  3107.51  3107.63  3107.66
eigval :     3107.70  3107.87  3108.44  3108.59  3108.68  3109.06
eigval :     3109.82  3110.30  3110.59  3110.92  3119.13  3119.18
eigval :     3119.29  3119.32  3119.40  3119.50  3119.51  3119.60
           -------------------------------------------------
          |                Property Printout                |
           -------------------------------------------------

    * Orbital Energies and Occupations

         #    Occupation            Energy/Eh            Energy/eV
      -------------------------------------------------------------
         1        2.0000           -0.7347663             -19.9940
       ...           ...                  ...                  ...
       184        2.0000           -0.4316987             -11.7471
       185        2.0000           -0.4295201             -11.6878
       186        2.0000           -0.4283219             -11.6552
       187        2.0000           -0.4281884             -11.6516
       188        2.0000           -0.4274697             -11.6320
       189        2.0000           -0.4267402             -11.6122
       190        2.0000           -0.4263612             -11.6019
       191        2.0000           -0.4257071             -11.5841
       192        2.0000           -0.4255406             -11.5795
       193        2.0000           -0.4130745             -11.2403
       194        2.0000           -0.4129748             -11.2376
       195        2.0000           -0.4127473             -11.2314
       196        2.0000           -0.4125364             -11.2257 (HOMO)
       197                         -0.3131040              -8.5200 (LUMO)
       198                         -0.3129712              -8.5164
       199                         -0.3123575              -8.4997
       200                         -0.3120515              -8.4914
       201                         -0.3105061              -8.4493
       202                         -0.3092782              -8.4159
       203                         -0.3079475              -8.3797
       204                         -0.3059298              -8.3248
       205                         -0.3013533              -8.2002
       206                         -0.3007632              -8.1842
       207                         -0.2997582              -8.1568
       ...                                ...                  ...
       386                          1.4364938              39.0890
      -------------------------------------------------------------
                  HL-Gap            0.0994324 Eh            2.7057 eV
             Fermi-level           -0.3628202 Eh           -9.8728 eV

     #   Z        covCN         q      C6AA      α(0)
     1  46 Pd     3.521    -0.074   273.905    34.131
     2  46 Pd     3.502    -0.064   273.452    34.103
     3   6 C      1.983    -0.005    31.176     9.017
     4   6 C      1.980    -0.029    31.819     9.109
     5   6 C      2.965     0.050    26.879     8.504
     6   6 C      2.929    -0.003    28.110     8.695
     7   6 C      2.912    -0.026    28.660     8.779
     8   6 C      2.901     0.056    26.733     8.478
     9   7 N      2.668    -0.103    23.268     7.164
    10   6 C      2.917     0.046    26.969     8.516
    11   1 H      0.926     0.090     1.874     2.141
    12   1 H      0.926     0.095     1.830     2.115
    13   1 H      0.925     0.124     1.579     1.965
    14   1 H      0.925     0.146     1.419     1.863
    15   6 C      2.971     0.040    27.093     8.538
    16   6 C      2.925    -0.022    28.563     8.764
    17   6 C      2.916    -0.025    28.619     8.773
    18   6 C      2.923    -0.025    28.622     8.773
    19   6 C      2.973    -0.001    28.040     8.686
    20   6 C      2.931    -0.041    29.015     8.834
    21   1 H      0.926     0.057     2.237     2.339
    22   1 H      0.926     0.046     2.367     2.406
    23   1 H      0.926     0.053     2.279     2.361
    24   1 H      0.926     0.085     1.926     2.170
    25   6 C      2.970     0.010    27.781     8.646
    26   6 C      2.930    -0.003    28.103     8.694
    27   6 C      2.911    -0.028    28.698     8.784
    28   6 C      2.909     0.057    26.718     8.476
    29   7 N      2.667    -0.095    23.113     7.140
    30   6 C      2.908     0.045    26.986     8.518
    31   1 H      0.926     0.085     1.930     2.173
    32   1 H      0.926     0.097     1.817     2.108
    33   1 H      0.925     0.130     1.537     1.938
    34   1 H      0.925     0.130     1.535     1.937
    35   6 C      1.983    -0.005    31.185     9.018
    36   6 C      1.980    -0.029    31.836     9.112
    37   6 C      2.965     0.049    26.890     8.506
    38   6 C      2.929    -0.004    28.117     8.696
    39   6 C      2.912    -0.027    28.674     8.781
    40   6 C      2.898     0.057    26.723     8.476
    41   7 N      2.667    -0.104    23.279     7.166
    42   6 C      2.925     0.047    26.949     8.513
    43   1 H      0.926     0.090     1.883     2.146
    44   1 H      0.926     0.094     1.839     2.121
    45   1 H      0.925     0.124     1.585     1.969
    46   1 H      0.925     0.141     1.456     1.887
    47   6 C      2.971     0.040    27.093     8.538
    48   6 C      2.925    -0.022    28.558     8.764
    49   6 C      2.916    -0.025    28.618     8.772
    50   6 C      2.923    -0.025    28.629     8.774
    51   6 C      2.973    -0.001    28.049     8.687
    52   6 C      2.931    -0.041    29.011     8.833
    53   1 H      0.926     0.056     2.247     2.344
    54   1 H      0.926     0.047     2.363     2.404
    55   1 H      0.926     0.055     2.262     2.352
    56   1 H      0.926     0.086     1.913     2.163
    57   6 C      2.970     0.010    27.789     8.647
    58   6 C      2.930    -0.003    28.089     8.692
    59   6 C      2.911    -0.027    28.685     8.782
    60   6 C      2.913     0.057    26.711     8.475
    61   7 N      2.666    -0.100    23.205     7.154
    62   6 C      2.903     0.046    26.978     8.517
    63   1 H      0.926     0.086     1.916     2.165
    64   1 H      0.926     0.098     1.805     2.101
    65   1 H      0.925     0.129     1.544     1.943
    66   1 H      0.925     0.132     1.520     1.928
    67   6 C      1.983    -0.005    31.191     9.019
    68   6 C      1.980    -0.029    31.838     9.112
    69   6 C      2.965     0.049    26.889     8.505
    70   6 C      2.929    -0.004    28.119     8.696
    71   6 C      2.912    -0.027    28.675     8.781
    72   6 C      2.905     0.058    26.709     8.474
    73   7 N      2.668    -0.104    23.283     7.166
    74   6 C      2.915     0.046    26.971     8.516
    75   1 H      0.926     0.089     1.886     2.148
    76   1 H      0.926     0.094     1.841     2.122
    77   1 H      0.925     0.127     1.559     1.953
    78   1 H      0.925     0.138     1.474     1.898
    79   6 C      2.971     0.040    27.092     8.538
    80   6 C      2.925    -0.022    28.555     8.763
    81   6 C      2.916    -0.025    28.617     8.772
    82   6 C      2.923    -0.025    28.625     8.774
    83   6 C      2.973    -0.001    28.051     8.688
    84   6 C      2.931    -0.041    29.008     8.833
    85   1 H      0.926     0.056     2.251     2.346
    86   1 H      0.926     0.046     2.366     2.406
    87   1 H      0.926     0.055     2.260     2.351
    88   1 H      0.926     0.087     1.911     2.162
    89   6 C      2.970     0.010    27.796     8.648
    90   6 C      2.930    -0.002    28.085     8.691
    91   6 C      2.911    -0.027    28.683     8.782
    92   6 C      2.905     0.057    26.728     8.477
    93   7 N      2.666    -0.102    23.251     7.162
    94   6 C      2.907     0.046    26.965     8.515
    95   1 H      0.926     0.087     1.913     2.163
    96   1 H      0.926     0.098     1.802     2.099
    97   1 H      0.925     0.127     1.559     1.953
    98   1 H      0.925     0.137     1.484     1.905
    99   6 C      1.983    -0.005    31.199     9.020
   100   6 C      1.981    -0.030    31.851     9.114
   101   6 C      2.965     0.049    26.887     8.505
   102   6 C      2.928    -0.004    28.121     8.696
   103   6 C      2.913    -0.027    28.673     8.781
   104   6 C      2.897     0.056    26.737     8.478
   105   7 N      2.668    -0.095    23.094     7.137
   106   6 C      2.931     0.045    26.996     8.521
   107   1 H      0.926     0.089     1.892     2.151
   108   1 H      0.926     0.092     1.856     2.131
   109   1 H      0.925     0.124     1.578     1.964
   110   1 H      0.924     0.140     1.458     1.888
   111   6 C      2.971     0.040    27.094     8.538
   112   6 C      2.926    -0.022    28.556     8.763
   113   6 C      2.916    -0.025    28.616     8.772
   114   6 C      2.923    -0.025    28.632     8.775
   115   6 C      2.974    -0.001    28.054     8.688
   116   6 C      2.930    -0.040    28.998     8.831
   117   1 H      0.926     0.055     2.255     2.348
   118   1 H      0.926     0.046     2.365     2.405
   119   1 H      0.926     0.055     2.255     2.348
   120   1 H      0.926     0.087     1.906     2.159
   121   6 C      2.971     0.010    27.800     8.649
   122   6 C      2.930    -0.002    28.084     8.691
   123   6 C      2.911    -0.027    28.684     8.782
   124   6 C      2.917     0.058    26.709     8.475
   125   7 N      2.665    -0.106    23.318     7.172
   126   6 C      2.899     0.047    26.941     8.510
   127   1 H      0.926     0.087     1.907     2.159
   128   1 H      0.926     0.099     1.791     2.093
   129   1 H      0.925     0.129     1.540     1.941
   130   1 H      0.925     0.134     1.502     1.917

 Mol. C6AA /au·bohr⁶  :     269139.906855
 Mol. C8AA /au·bohr⁸  :    7711610.667973
 Mol. α(0) /au        :        853.884845


Wiberg/Mayer (AO) data.
largest (>0.10) Wiberg bond orders for each atom
          total WBO             WBO to atom ...
     1  Pd  3.513        N  105 0.595    N   73 0.592    N   41 0.589    N   29 0.589
     2  Pd  3.490        N    9 0.597    N   61 0.592    N   93 0.588    N  125 0.588
     3  C   3.948        C    4 2.652    C   15 1.127
     4  C   3.953        C    3 2.652    C    5 1.133
     5  C   3.986        C   10 1.357    C    6 1.338    C    4 1.133
     6  C   3.966        C    7 1.456    C    5 1.338    H   11 0.963
     7  C   3.980        C    6 1.456    C    8 1.420    H   12 0.961
     8  C   3.933        C    7 1.420    N    9 1.347    H   13 0.914
     9  N   3.538        C   10 1.356    C    8 1.347    Pd   2 0.597
    10  C   3.950        C    5 1.357    N    9 1.356    H   14 0.901
    11  H   0.990        C    6 0.963
    12  H   0.989        C    7 0.961
    13  H   0.984        C    8 0.914
    14  H   0.978        C   10 0.901
    15  C   3.988        C   20 1.366    C   16 1.349    C    3 1.127
    16  C   3.969        C   17 1.450    C   15 1.349    H   21 0.969
    17  C   3.990        C   16 1.450    C   18 1.442    H   22 0.968    C   20 0.101
    18  C   3.955        C   17 1.442    C   19 1.372    H   23 0.966
    19  C   3.985        C   20 1.399    C   18 1.372    C   25 1.054
    20  C   3.971        C   19 1.399    C   15 1.366    H   24 0.961    C   17 0.101
    21  H   0.996        C   16 0.969
    22  H   0.996        C   17 0.968
    23  H   0.997        C   18 0.966
    24  H   0.993        C   20 0.961
    25  C   3.983        C   30 1.386    C   26 1.369    C   19 1.054
    26  C   3.979        C   27 1.448    C   25 1.369    H   31 0.961
    27  C   3.980        C   26 1.448    C   28 1.428    H   32 0.961
    28  C   3.962        C   27 1.428    N   29 1.349    H   33 0.909
    29  N   3.535        C   30 1.357    C   28 1.349    Pd   1 0.589
    30  C   3.966        C   25 1.386    N   29 1.357    H   34 0.908
    31  H   0.991        C   26 0.961
    32  H   0.990        C   27 0.961
    33  H   0.982        C   28 0.909
    34  H   0.982        C   30 0.908
    35  C   3.948        C   36 2.652    C   47 1.126
    36  C   3.954        C   35 2.652    C   37 1.133
    37  C   3.986        C   42 1.357    C   38 1.338    C   36 1.133
    38  C   3.966        C   39 1.458    C   37 1.338    H   43 0.963
    39  C   3.980        C   38 1.458    C   40 1.419    H   44 0.961
    40  C   3.932        C   39 1.419    N   41 1.349    H   45 0.916
    41  N   3.534        C   42 1.357    C   40 1.349    Pd   1 0.589
    42  C   3.952        C   37 1.357    N   41 1.357    H   46 0.900
    43  H   0.990        C   38 0.963
    44  H   0.989        C   39 0.961
    45  H   0.984        C   40 0.916
    46  H   0.979        C   42 0.900
    47  C   3.988        C   52 1.366    C   48 1.349    C   35 1.126
    48  C   3.969        C   49 1.449    C   47 1.349    H   53 0.969
    49  C   3.990        C   48 1.449    C   50 1.442    H   54 0.968    C   52 0.101
    50  C   3.955        C   49 1.442    C   51 1.372    H   55 0.966
    51  C   3.984        C   52 1.399    C   50 1.372    C   57 1.054
    52  C   3.971        C   51 1.399    C   47 1.366    H   56 0.961    C   49 0.101
    53  H   0.996        C   48 0.969
    54  H   0.996        C   49 0.968
    55  H   0.997        C   50 0.966
    56  H   0.992        C   52 0.961
    57  C   3.983        C   62 1.386    C   58 1.369    C   51 1.054
    58  C   3.978        C   59 1.447    C   57 1.369    H   63 0.961
    59  C   3.980        C   58 1.447    C   60 1.429    H   64 0.960
    60  C   3.963        C   59 1.429    N   61 1.347    H   65 0.909
    61  N   3.534        C   62 1.357    C   60 1.347    Pd   2 0.592
    62  C   3.965        C   57 1.386    N   61 1.357    H   66 0.910
    63  H   0.991        C   58 0.961
    64  H   0.989        C   59 0.960
    65  H   0.982        C   60 0.909
    66  H   0.982        C   62 0.910
    67  C   3.949        C   68 2.651    C   79 1.128
    68  C   3.953        C   67 2.651    C   69 1.135
    69  C   3.986        C   74 1.354    C   70 1.339    C   68 1.135
    70  C   3.965        C   71 1.456    C   69 1.339    H   75 0.963
    71  C   3.980        C   70 1.456    C   72 1.422    H   76 0.961
    72  C   3.932        C   71 1.422    N   73 1.345    H   77 0.911
    73  N   3.536        C   74 1.360    C   72 1.345    Pd   1 0.592
    74  C   3.950        N   73 1.360    C   69 1.354    H   78 0.906
    75  H   0.990        C   70 0.963
    76  H   0.989        C   71 0.961
    77  H   0.983        C   72 0.911
    78  H   0.980        C   74 0.906
    79  C   3.988        C   84 1.364    C   80 1.349    C   67 1.128
    80  C   3.969        C   81 1.450    C   79 1.349    H   85 0.969
    81  C   3.990        C   80 1.450    C   82 1.442    H   86 0.968    C   84 0.101
    82  C   3.954        C   81 1.442    C   83 1.372    H   87 0.966
    83  C   3.985        C   84 1.401    C   82 1.372    C   89 1.052
    84  C   3.970        C   83 1.401    C   79 1.364    H   88 0.961    C   81 0.101
    85  H   0.996        C   80 0.969
    86  H   0.996        C   81 0.968
    87  H   0.997        C   82 0.966
    88  H   0.992        C   84 0.961
    89  C   3.983        C   94 1.388    C   90 1.369    C   83 1.052
    90  C   3.979        C   91 1.448    C   89 1.369    H   95 0.961
    91  C   3.980        C   90 1.448    C   92 1.428    H   96 0.960
    92  C   3.962        C   91 1.428    N   93 1.349    H   97 0.912
    93  N   3.531        C   94 1.354    C   92 1.349    Pd   2 0.588
    94  C   3.965        C   89 1.388    N   93 1.354    H   98 0.906
    95  H   0.991        C   90 0.961
    96  H   0.989        C   91 0.960
    97  H   0.983        C   92 0.912
    98  H   0.981        C   94 0.906
    99  C   3.949        C  100 2.651    C  111 1.128
   100  C   3.954        C   99 2.651    C  101 1.134
   101  C   3.986        C  106 1.357    C  102 1.337    C  100 1.134
   102  C   3.965        C  103 1.459    C  101 1.337    H  107 0.963
   103  C   3.981        C  102 1.459    C  104 1.417    H  108 0.961
   104  C   3.931        C  103 1.417    N  105 1.351    H  109 0.918
   105  N   3.540        C  106 1.355    C  104 1.351    Pd   1 0.595
   106  C   3.952        C  101 1.357    N  105 1.355    H  110 0.897
   107  H   0.990        C  102 0.963
   108  H   0.990        C  103 0.961
   109  H   0.984        C  104 0.918
   110  H   0.980        C  106 0.897
   111  C   3.988        C  116 1.364    C  112 1.349    C   99 1.128
   112  C   3.969        C  113 1.450    C  111 1.349    H  117 0.969
   113  C   3.990        C  112 1.450    C  114 1.442    H  118 0.968    C  116 0.101
   114  C   3.954        C  113 1.442    C  115 1.372    H  119 0.966
   115  C   3.984        C  116 1.402    C  114 1.372    C  121 1.051
   116  C   3.969        C  115 1.402    C  111 1.364    H  120 0.961    C  113 0.101
   117  H   0.996        C  112 0.969
   118  H   0.996        C  113 0.968
   119  H   0.997        C  114 0.966
   120  H   0.992        C  116 0.961
   121  C   3.983        C  126 1.386    C  122 1.372    C  115 1.051
   122  C   3.978        C  123 1.445    C  121 1.372    H  127 0.961
   123  C   3.980        C  122 1.445    C  124 1.432    H  128 0.960
   124  C   3.964        C  123 1.432    N  125 1.344    H  129 0.905
   125  N   3.530        C  126 1.358    C  124 1.344    Pd   2 0.588
   126  C   3.964        C  121 1.386    N  125 1.358    H  130 0.913
   127  H   0.991        C  122 0.961
   128  H   0.989        C  123 0.960
   129  H   0.982        C  124 0.905
   130  H   0.981        C  126 0.913

molecular dipole:
                 x           y           z       tot (Debye)
 q only:        1.315      11.074       2.189
   full:        1.299      11.068       2.192      28.869
molecular quadrupole (traceless):
                xx          xy          yy          xz          yz          zz
 q only:     -134.663      26.760     268.723       3.367      18.348    -134.060
  q+dip:     -145.059      32.530     290.247       3.952      18.199    -145.188
   full:     -134.770      30.581     269.245       3.581      17.151    -134.475

           -------------------------------------------------
          |               Frequency Printout                |
           -------------------------------------------------
 projected vibrational frequencies (cm-1)
eigval :       -0.00    -0.00     0.00     0.00     0.00     0.00
eigval :       10.07    11.39    12.17    13.93    25.10    27.80
eigval :       28.33    30.79    31.18    32.31    34.78    40.89
eigval :       43.44    45.31    48.82    52.75    58.10    61.96
eigval :       63.61    72.04    77.25    77.75    84.12    85.24
eigval :       87.12    89.39    92.89    95.47   104.70   120.41
eigval :      124.19   127.10   127.91   134.05   135.22   135.97
eigval :      136.99   140.60   141.29   149.35   153.39   156.70
eigval :      172.52   174.78   175.36   178.89   181.32   181.85
eigval :      188.74   194.27   220.86   229.32   231.31   238.46
eigval :      245.00   251.67   252.64   256.35   258.17   260.36
eigval :      262.29   265.86   270.87   272.33   276.48   278.14
eigval :      279.54   281.77   315.70   316.05   317.97   319.68
eigval :      336.97   338.70   339.70   339.86   344.60   346.54
eigval :      348.81   349.12   370.83   374.26   389.80   391.52
eigval :      399.59   400.24   401.10   402.19   424.04   424.33
eigval :      425.35   426.42   453.15   453.66   454.34   457.18
eigval :      469.32   471.67   472.98   473.28   505.87   511.10
eigval :      514.19   515.46   516.93   518.87   521.80   523.04
eigval :      524.74   525.64   525.80   526.01   590.12   591.99
eigval :      593.03   593.89   599.72   599.92   600.10   600.23
eigval :      617.82   618.45   622.71   623.78   626.46   627.27
eigval :      628.08   628.21   657.75   658.16   658.92   659.20
eigval :      663.01   668.43   671.09   672.47   677.06   678.29
eigval :      678.69   679.75   693.83   696.63   698.00   698.03
eigval :      769.50   773.35   774.10   774.54   776.29   779.52
eigval :      780.51   782.81   790.41   794.25   796.42   796.68
eigval :      802.62   803.12   803.62   804.35   839.87   851.55
eigval :      852.04   854.11   857.13   857.95   860.86   862.42
eigval :      868.50   868.80   869.51   870.46   890.93   894.67
eigval :      894.76   895.96   897.05   898.53   899.67   900.36
eigval :      904.12   905.02   905.55   906.03   911.22   913.84
eigval :      916.68   916.89   932.36   932.67   932.96   933.16
eigval :      935.43   935.45   935.46   935.46   938.58   938.90
eigval :      939.23   939.58   983.13   984.85   985.78   985.96
eigval :      995.64   998.48   999.45   999.79  1003.14  1004.64
eigval :     1005.05  1007.88  1081.70  1082.34  1082.96  1083.53
eigval :     1086.61  1087.36  1088.46  1091.18  1091.85  1094.21
eigval :     1095.01  1095.92  1117.30  1118.54  1119.38  1120.02
eigval :     1123.57  1123.78  1124.56  1125.67  1132.79  1132.96
eigval :     1134.45  1136.05  1155.29  1157.16  1157.29  1158.16
eigval :     1167.20  1168.85  1169.00  1171.76  1173.95  1175.95
eigval :     1176.74  1179.78  1191.75  1192.17  1193.15  1193.26
eigval :     1225.13  1226.90  1229.56  1233.85  1235.52  1237.30
eigval :     1239.94  1243.64  1246.12  1247.58  1250.79  1252.17
eigval :     1270.81  1271.26  1271.56  1272.19  1293.91  1294.26
eigval :     1294.92  1294.97  1296.33  1296.76  1297.67  1298.29
eigval :     1313.98  1314.34  1314.37  1314.65  1320.11  1320.51
eigval :     1321.01  1321.89  1370.42  1371.56  1372.64  1374.39
eigval :     1378.85  1379.17  1379.56  1380.66  1402.03  1402.17
eigval :     1402.39  1402.90  1422.04  1422.61  1422.81  1422.97
eigval :     1450.12  1450.28  1450.68  1450.92  1470.60  1470.92
eigval :     1471.27  1471.57  1525.97  1526.80  1527.66  1529.06
eigval :     1537.25  1538.29  1539.00  1539.10  1545.21  1545.87
eigval :     1546.40  1546.74  1549.70  1550.46  1550.76  1550.93
eigval :     1559.42  1559.51  1559.65  1559.87  1576.49  1576.54
eigval :     1576.62  1576.68  2312.90  2313.60  2313.69  2314.24
eigval :     2951.52  2961.27  2967.74  2978.84  2983.01  2985.55
eigval :     2990.47  2990.74  2991.69  2996.19  2999.50  3002.05
eigval :     3005.29  3008.27  3011.78  3016.54  3090.66  3090.77
eigval :     3091.00  3091.49  3101.73  3102.16  3102.38  3102.60
eigval :     3107.19  3107.39  3107.42  3107.51  3107.63  3107.66
eigval :     3107.70  3107.87  3108.44  3108.59  3108.68  3109.06
eigval :     3109.82  3110.30  3110.59  3110.92  3119.13  3119.18
eigval :     3119.29  3119.32  3119.40  3119.50  3119.51  3119.60
 reduced masses (amu)
   1: 28.11   2: 23.65   3: 19.17   4: 25.33   5: 24.79   6: 26.88   7: 12.66   8: 12.67
   9: 17.17  10: 14.71  11: 12.50  12: 12.43  13: 11.61  14: 17.92  15: 33.61  16: 23.61
  17: 17.81  18: 11.78  19: 11.89  20: 12.49  21: 11.50  22: 13.57  23: 12.58  24: 13.85
  25: 11.58  26: 19.17  27: 14.49  28: 14.89  29: 22.37  30: 18.13  31: 11.47  32: 11.28
  33: 11.26  34: 11.02  35: 13.26  36: 23.12  37: 12.57  38: 11.77  39: 16.28  40: 11.96
  41: 13.00  42: 10.93  43: 10.70  44: 10.70  45: 12.23  46: 11.89  47: 12.13  48: 11.94
  49: 15.37  50: 15.38  51: 14.82  52: 14.65  53: 11.28  54: 11.24  55: 11.12  56: 10.96
  57: 27.97  58: 30.71  59: 17.91  60: 23.22  61: 22.55  62: 12.64  63: 11.65  64: 12.69
  65: 48.94  66: 34.19  67: 30.63  68: 24.72  69: 30.37  70: 40.77  71: 17.15  72: 30.41
  73: 36.12  74: 35.85  75: 13.51  76: 13.09  77: 12.11  78: 13.16  79: 10.95  80: 11.06
  81: 11.14  82: 11.40  83: 10.78  84: 11.27  85: 11.17  86: 11.03  87: 10.01  88: 10.02
  89: 10.05  90: 10.05  91: 13.45  92: 13.55  93: 13.93  94: 14.33  95: 10.64  96: 10.64
  97: 10.60  98: 10.51  99: 11.53 100: 11.60 101: 11.52 102: 11.78 103: 11.17 104: 11.27
 105: 11.38 106: 11.57 107: 11.02 108: 11.06 109: 11.09 110: 11.27 111: 11.53 112: 11.48
 113: 11.89 114: 12.09 115: 11.62 116: 11.79 117: 11.75 118: 11.79 119: 11.29 120: 11.34
 121: 11.41 122: 11.47 123: 11.44 124: 11.44 125: 11.45 126: 11.44 127: 11.83 128: 11.85
 129: 11.83 130: 11.83 131: 12.75 132: 12.81 133: 12.78 134: 12.77 135:  9.41 136:  9.35
 137:  9.39 138:  9.43 139:  8.95 140:  9.30 141:  9.57 142:  9.71 143:  8.85 144:  8.97
 145:  8.91 146:  9.10 147: 11.38 148: 11.49 149: 11.80 150: 11.80 151:  4.88 152:  4.74
 153:  4.63 154:  4.72 155:  4.58 156:  4.90 157:  4.73 158:  4.62 159: 11.43 160: 11.24
 161: 11.14 162: 11.21 163:  5.49 164:  5.71 165:  5.79 166:  5.42 167:  4.02 168:  3.95
 169:  3.84 170:  3.90 171:  3.84 172:  3.87 173:  3.74 174:  3.73 175:  3.75 176:  3.76
 177:  3.74 178:  3.77 179:  3.87 180:  3.79 181:  3.81 182:  3.80 183:  3.77 184:  3.79
 185:  3.77 186:  3.78 187:  3.98 188:  3.99 189:  3.98 190:  3.97 191: 11.40 192: 11.43
 193: 11.48 194: 11.48 195:  3.82 196:  3.83 197:  3.83 198:  3.82 199:  3.71 200:  3.72
 201:  3.72 202:  3.71 203:  3.73 204:  3.75 205:  3.75 206:  3.72 207: 11.20 208: 11.21
 209: 11.22 210: 11.23 211: 10.89 212: 10.84 213: 10.95 214: 11.01 215: 10.64 216: 10.58
 217: 10.66 218: 10.61 219:  6.15 220:  6.15 221:  6.32 222:  6.46 223:  6.44 224:  6.72
 225:  6.47 226:  6.90 227:  7.95 228:  7.80 229:  7.66 230:  7.53 231:  3.77 232:  3.79
 233:  3.70 234:  3.75 235:  3.71 236:  3.68 237:  3.68 238:  3.71 239:  4.47 240:  4.46
 241:  4.43 242:  4.35 243:  7.06 244:  7.21 245:  7.39 246:  7.43 247:  2.33 248:  2.12
 249:  2.18 250:  2.47 251:  2.27 252:  2.27 253:  2.19 254:  2.25 255:  1.92 256:  1.90
 257:  1.88 258:  1.88 259:  3.17 260:  3.12 261:  3.12 262:  3.16 263:  3.06 264:  3.13
 265:  3.69 266:  3.32 267:  4.42 268:  4.34 269:  4.14 270:  4.00 271:  7.33 272:  7.33
 273:  7.24 274:  7.17 275: 12.24 276: 12.24 277: 12.22 278: 12.26 279: 12.26 280: 12.25
 281: 12.17 282: 12.18 283: 11.79 284: 11.79 285: 11.78 286: 11.79 287:  9.21 288:  9.21
 289:  9.22 290:  9.19 291: 10.11 292: 10.10 293: 10.14 294: 10.05 295: 10.22 296: 10.26
 297: 10.20 298: 10.07 299:  9.56 300:  9.58 301:  9.59 302:  9.58 303:  9.42 304:  9.41
 305:  9.38 306:  9.38 307: 10.69 308: 10.67 309: 10.72 310: 10.67 311: 10.40 312: 10.41
 313: 10.42 314: 10.39 315: 11.56 316: 11.57 317: 11.60 318: 11.60 319: 11.57 320: 11.59
 321: 11.59 322: 11.61 323: 11.72 324: 11.71 325: 11.75 326: 11.76 327: 11.65 328: 11.64
 329: 11.64 330: 11.63 331: 11.52 332: 11.52 333: 11.53 334: 11.53 335: 11.57 336: 11.58
 337: 11.58 338: 11.57 339: 12.01 340: 12.01 341: 12.01 342: 12.01 343:  1.85 344:  1.86
 345:  1.86 346:  1.85 347:  1.85 348:  1.85 349:  1.86 350:  1.85 351:  1.85 352:  1.85
 353:  1.85 354:  1.84 355:  1.85 356:  1.85 357:  1.85 358:  1.85 359:  1.78 360:  1.78
 361:  1.78 362:  1.78 363:  1.84 364:  1.84 365:  1.84 366:  1.84 367:  1.88 368:  1.86
 369:  1.85 370:  1.85 371:  1.82 372:  1.82 373:  1.82 374:  1.82 375:  1.84 376:  1.86
 377:  1.86 378:  1.87 379:  1.83 380:  1.83 381:  1.83 382:  1.83 383:  1.90 384:  1.90
 385:  1.90 386:  1.90 387:  1.90 388:  1.89 389:  1.90 390:  1.90
 IR intensities (amu)
   1:  0.70   2:  0.48   3:  0.31   4:  0.34   5:  0.28   6:  0.72   7:  0.26   8:  0.25
   9:  0.50  10:  0.37  11:  0.05  12:  0.11  13:  0.10  14:  0.03  15:  0.03  16:  0.06
  17:  0.02  18:  0.06  19:  0.13  20:  0.12  21:  0.02  22:  0.07  23:  0.11  24:  0.15
  25:  0.07  26:  0.05  27:  0.32  28:  0.34  29:  0.04  30:  0.05  31:  0.07  32:  0.15
  33:  0.10  34:  0.03  35:  0.06  36:  0.03  37:  0.01  38:  0.09  39:  0.03  40:  0.05
  41:  0.10  42:  0.13  43:  0.15  44:  0.07  45:  0.04  46:  0.11  47:  0.19  48:  0.21
  49:  0.65  50:  0.65  51:  0.30  52:  0.32  53:  0.13  54:  0.05  55:  0.08  56:  0.07
  57:  0.12  58:  0.23  59:  0.34  60:  0.42  61:  0.03  62:  0.09  63:  0.17  64:  0.23
  65:  0.78  66:  0.45  67:  0.59  68:  0.74  69:  0.50  70:  1.00  71:  0.29  72:  0.95
  73:  0.89  74:  0.33  75:  0.30  76:  0.07  77:  0.21  78:  0.13  79:  0.12  80:  0.07
  81:  0.08  82:  0.14  83:  0.21  84:  0.19  85:  0.08  86:  0.14  87:  0.08  88:  0.08
  89:  0.04  90:  0.05  91:  0.29  92:  0.05  93:  0.37  94:  0.31  95:  0.10  96:  0.12
  97:  0.11  98:  0.09  99:  0.10 100:  0.07 101:  0.12 102:  0.12 103:  0.04 104:  0.05
 105:  0.11 106:  0.12 107:  0.07 108:  0.05 109:  0.07 110:  0.08 111:  0.12 112:  0.13
 113:  0.05 114:  0.11 115:  0.10 116:  0.14 117:  0.36 118:  0.30 119:  0.02 120:  0.02
 121:  0.10 122:  0.11 123:  0.11 124:  0.16 125:  0.18 126:  0.24 127:  0.03 128:  0.03
 129:  0.23 130:  0.15 131:  0.36 132:  0.27 133:  0.47 134:  0.51 135:  0.05 136:  0.05
 137:  0.08 138:  0.10 139:  0.10 140:  0.16 141:  0.23 142:  0.14 143:  0.20 144:  0.21
 145:  0.25 146:  0.17 147:  0.05 148:  0.07 149:  0.50 150:  0.49 151:  0.11 152:  0.10
 153:  0.15 154:  0.15 155:  0.29 156:  0.43 157:  0.37 158:  0.02 159:  0.07 160:  0.20
 161:  0.05 162:  0.06 163:  0.12 164:  0.04 165:  0.09 166:  0.05 167:  0.03 168:  0.06
 169:  0.07 170:  0.05 171:  0.08 172:  0.09 173:  0.07 174:  0.04 175:  0.09 176:  0.11
 177:  0.09 178:  0.08 179:  0.02 180:  0.02 181:  0.04 182:  0.03 183:  0.05 184:  0.07
 185:  0.06 186:  0.02 187:  0.06 188:  0.09 189:  0.09 190:  0.05 191:  0.05 192:  0.04
 193:  0.67 194:  0.68 195:  0.03 196:  0.03 197:  0.03 198:  0.03 199:  0.05 200:  0.05
 201:  0.08 202:  0.05 203:  0.06 204:  0.06 205:  0.06 206:  0.06 207:  0.14 208:  0.21
 209:  0.08 210:  0.25 211:  0.14 212:  0.30 213:  0.29 214:  0.21 215:  0.15 216:  0.16
 217:  0.17 218:  0.14 219:  0.11 220:  0.12 221:  0.08 222:  0.12 223:  0.31 224:  0.46
 225:  0.52 226:  0.47 227:  0.42 228:  0.46 229:  0.44 230:  0.38 231:  0.14 232:  0.41
 233:  0.32 234:  0.26 235:  0.24 236:  0.21 237:  0.31 238:  0.17 239:  0.07 240:  0.13
 241:  0.04 242:  0.17 243:  0.32 244:  0.45 245:  0.74 246:  1.07 247:  0.06 248:  0.11
 249:  0.13 250:  0.18 251:  0.20 252:  0.26 253:  0.35 254:  0.22 255:  0.11 256:  0.12
 257:  0.13 258:  0.13 259:  0.11 260:  0.12 261:  0.24 262:  0.11 263:  0.08 264:  0.08
 265:  0.28 266:  0.18 267:  0.37 268:  0.33 269:  0.32 270:  0.34 271:  0.42 272:  0.56
 273:  0.78 274:  0.71 275:  0.17 276:  0.16 277:  0.31 278:  0.33 279:  0.08 280:  0.17
 281:  0.42 282:  0.06 283:  0.11 284:  0.05 285:  0.15 286:  0.12 287:  0.08 288:  0.10
 289:  0.08 290:  0.07 291:  0.44 292:  0.53 293:  0.20 294:  0.15 295:  0.13 296:  0.12
 297:  0.39 298:  0.48 299:  0.26 300:  0.05 301:  0.30 302:  0.80 303:  0.21 304:  0.53
 305:  0.14 306:  0.22 307:  0.22 308:  0.20 309:  0.20 310:  1.93 311:  0.27 312:  0.27
 313:  0.07 314:  0.07 315:  0.23 316:  0.38 317:  0.39 318:  0.66 319:  0.75 320:  0.69
 321:  0.66 322:  0.13 323:  0.47 324:  0.58 325:  2.25 326:  0.61 327:  0.60 328:  0.24
 329:  0.29 330:  0.55 331:  0.18 332:  0.26 333:  0.17 334:  0.13 335:  0.21 336:  0.15
 337:  0.22 338:  0.16 339:  1.47 340:  1.09 341:  1.95 342:  3.02 343:  0.06 344:  0.08
 345:  0.08 346:  0.06 347:  0.06 348:  0.08 349:  0.05 350:  0.05 351:  0.05 352:  0.12
 353:  0.07 354:  0.11 355:  0.08 356:  0.09 357:  0.06 358:  0.08 359:  0.15 360:  0.15
 361:  0.15 362:  0.15 363:  0.15 364:  0.15 365:  0.16 366:  0.16 367:  0.26 368:  0.12
 369:  0.25 370:  0.20 371:  0.09 372:  0.08 373:  0.10 374:  0.07 375:  0.22 376:  0.08
 377:  0.42 378:  0.33 379:  0.03 380:  0.03 381:  0.03 382:  0.02 383:  0.02 384:  0.02
 385:  0.00 386:  0.04 387:  0.02 388:  0.01 389:  0.01 390:  0.01
 Raman intensities (amu)
   1:  0.00   2:  0.00   3:  0.00   4:  0.00   5:  0.00   6:  0.00   7:  0.00   8:  0.00
   9:  0.00  10:  0.00  11:  0.00  12:  0.00  13:  0.00  14:  0.00  15:  0.00  16:  0.00
  17:  0.00  18:  0.00  19:  0.00  20:  0.00  21:  0.00  22:  0.00  23:  0.00  24:  0.00
  25:  0.00  26:  0.00  27:  0.00  28:  0.00  29:  0.00  30:  0.00  31:  0.00  32:  0.00
  33:  0.00  34:  0.00  35:  0.00  36:  0.00  37:  0.00  38:  0.00  39:  0.00  40:  0.00
  41:  0.00  42:  0.00  43:  0.00  44:  0.00  45:  0.00  46:  0.00  47:  0.00  48:  0.00
  49:  0.00  50:  0.00  51:  0.00  52:  0.00  53:  0.00  54:  0.00  55:  0.00  56:  0.00
  57:  0.00  58:  0.00  59:  0.00  60:  0.00  61:  0.00  62:  0.00  63:  0.00  64:  0.00
  65:  0.00  66:  0.00  67:  0.00  68:  0.00  69:  0.00  70:  0.00  71:  0.00  72:  0.00
  73:  0.00  74:  0.00  75:  0.00  76:  0.00  77:  0.00  78:  0.00  79:  0.00  80:  0.00
  81:  0.00  82:  0.00  83:  0.00  84:  0.00  85:  0.00  86:  0.00  87:  0.00  88:  0.00
  89:  0.00  90:  0.00  91:  0.00  92:  0.00  93:  0.00  94:  0.00  95:  0.00  96:  0.00
  97:  0.00  98:  0.00  99:  0.00 100:  0.00 101:  0.00 102:  0.00 103:  0.00 104:  0.00
 105:  0.00 106:  0.00 107:  0.00 108:  0.00 109:  0.00 110:  0.00 111:  0.00 112:  0.00
 113:  0.00 114:  0.00 115:  0.00 116:  0.00 117:  0.00 118:  0.00 119:  0.00 120:  0.00
 121:  0.00 122:  0.00 123:  0.00 124:  0.00 125:  0.00 126:  0.00 127:  0.00 128:  0.00
 129:  0.00 130:  0.00 131:  0.00 132:  0.00 133:  0.00 134:  0.00 135:  0.00 136:  0.00
 137:  0.00 138:  0.00 139:  0.00 140:  0.00 141:  0.00 142:  0.00 143:  0.00 144:  0.00
 145:  0.00 146:  0.00 147:  0.00 148:  0.00 149:  0.00 150:  0.00 151:  0.00 152:  0.00
 153:  0.00 154:  0.00 155:  0.00 156:  0.00 157:  0.00 158:  0.00 159:  0.00 160:  0.00
 161:  0.00 162:  0.00 163:  0.00 164:  0.00 165:  0.00 166:  0.00 167:  0.00 168:  0.00
 169:  0.00 170:  0.00 171:  0.00 172:  0.00 173:  0.00 174:  0.00 175:  0.00 176:  0.00
 177:  0.00 178:  0.00 179:  0.00 180:  0.00 181:  0.00 182:  0.00 183:  0.00 184:  0.00
 185:  0.00 186:  0.00 187:  0.00 188:  0.00 189:  0.00 190:  0.00 191:  0.00 192:  0.00
 193:  0.00 194:  0.00 195:  0.00 196:  0.00 197:  0.00 198:  0.00 199:  0.00 200:  0.00
 201:  0.00 202:  0.00 203:  0.00 204:  0.00 205:  0.00 206:  0.00 207:  0.00 208:  0.00
 209:  0.00 210:  0.00 211:  0.00 212:  0.00 213:  0.00 214:  0.00 215:  0.00 216:  0.00
 217:  0.00 218:  0.00 219:  0.00 220:  0.00 221:  0.00 222:  0.00 223:  0.00 224:  0.00
 225:  0.00 226:  0.00 227:  0.00 228:  0.00 229:  0.00 230:  0.00 231:  0.00 232:  0.00
 233:  0.00 234:  0.00 235:  0.00 236:  0.00 237:  0.00 238:  0.00 239:  0.00 240:  0.00
 241:  0.00 242:  0.00 243:  0.00 244:  0.00 245:  0.00 246:  0.00 247:  0.00 248:  0.00
 249:  0.00 250:  0.00 251:  0.00 252:  0.00 253:  0.00 254:  0.00 255:  0.00 256:  0.00
 257:  0.00 258:  0.00 259:  0.00 260:  0.00 261:  0.00 262:  0.00 263:  0.00 264:  0.00
 265:  0.00 266:  0.00 267:  0.00 268:  0.00 269:  0.00 270:  0.00 271:  0.00 272:  0.00
 273:  0.00 274:  0.00 275:  0.00 276:  0.00 277:  0.00 278:  0.00 279:  0.00 280:  0.00
 281:  0.00 282:  0.00 283:  0.00 284:  0.00 285:  0.00 286:  0.00 287:  0.00 288:  0.00
 289:  0.00 290:  0.00 291:  0.00 292:  0.00 293:  0.00 294:  0.00 295:  0.00 296:  0.00
 297:  0.00 298:  0.00 299:  0.00 300:  0.00 301:  0.00 302:  0.00 303:  0.00 304:  0.00
 305:  0.00 306:  0.00 307:  0.00 308:  0.00 309:  0.00 310:  0.00 311:  0.00 312:  0.00
 313:  0.00 314:  0.00 315:  0.00 316:  0.00 317:  0.00 318:  0.00 319:  0.00 320:  0.00
 321:  0.00 322:  0.00 323:  0.00 324:  0.00 325:  0.00 326:  0.00 327:  0.00 328:  0.00
 329:  0.00 330:  0.00 331:  0.00 332:  0.00 333:  0.00 334:  0.00 335:  0.00 336:  0.00
 337:  0.00 338:  0.00 339:  0.00 340:  0.00 341:  0.00 342:  0.00 343:  0.00 344:  0.00
 345:  0.00 346:  0.00 347:  0.00 348:  0.00 349:  0.00 350:  0.00 351:  0.00 352:  0.00
 353:  0.00 354:  0.00 355:  0.00 356:  0.00 357:  0.00 358:  0.00 359:  0.00 360:  0.00
 361:  0.00 362:  0.00 363:  0.00 364:  0.00 365:  0.00 366:  0.00 367:  0.00 368:  0.00
 369:  0.00 370:  0.00 371:  0.00 372:  0.00 373:  0.00 374:  0.00 375:  0.00 376:  0.00
 377:  0.00 378:  0.00 379:  0.00 380:  0.00 381:  0.00 382:  0.00 383:  0.00 384:  0.00
 385:  0.00 386:  0.00 387:  0.00 388:  0.00 389:  0.00 390:  0.00
 output can be read by thermo (or use thermo option).
 writing <g98.out> molden fake output.
 recommended (thermochemical) frequency scaling factor: 1.0
           -------------------------------------------------
          |             Thermodynamic Functions             |
           -------------------------------------------------

Molecule has no symmetry elements
It seems to be the C1 point group
c1  symmetry found (for desy threshold:  0.10E+00) used in thermo

          ...................................................
          :                      SETUP                      :
          :.................................................:
          :  # frequencies                         384      :
          :  # imaginary freq.                       0      :
          :  linear?                             false      :
          :  only rotor calc.                    false      :
          :  symmetry                               c1      :
          :  rotational number                       1      :
          :  scaling factor                  1.0000000      :
          :  rotor cutoff                   50.0000000 cm⁻¹ :
          :  imag. cutoff                  -20.0000000 cm⁻¹ :
          :.................................................:

    mode    ω/cm⁻¹     T·S(HO)/kcal·mol⁻¹    T·S(FR)/kcal·mol⁻¹   T·S(vib)
   ------------------------------------------------------------------------
       1     10.07    -2.38437 (  0.16%)    -1.53126 ( 99.84%)    -1.53266
       2     11.39    -2.31130 (  0.27%)    -1.49472 ( 99.73%)    -1.49691
       3     12.17    -2.27210 (  0.35%)    -1.47511 ( 99.65%)    -1.47790
       4     13.93    -2.19224 (  0.60%)    -1.43517 ( 99.40%)    -1.43970
       5     25.10    -1.84357 (  5.97%)    -1.26071 ( 94.03%)    -1.29551
       6     27.80    -1.78308 (  8.72%)    -1.23043 ( 91.28%)    -1.27864
       7     28.33    -1.77202 (  9.34%)    -1.22489 ( 90.66%)    -1.27598
       8     30.79    -1.72275 ( 12.57%)    -1.20021 ( 87.43%)    -1.26588
       9     31.18    -1.71517 ( 13.14%)    -1.19642 ( 86.86%)    -1.26458
      10     32.31    -1.69419 ( 14.85%)    -1.18591 ( 85.15%)    -1.26137
      11     34.78    -1.65065 ( 18.97%)    -1.16409 ( 81.03%)    -1.25638
      12     40.89    -1.55500 ( 30.91%)    -1.11613 ( 69.09%)    -1.25176
      13     43.44    -1.51922 ( 36.31%)    -1.09818 ( 63.69%)    -1.25104
      14     45.31    -1.49446 ( 40.27%)    -1.08575 ( 59.73%)    -1.25033
      15     48.82    -1.45043 ( 47.61%)    -1.06365 ( 52.39%)    -1.24778
      16     52.75    -1.40470 ( 55.34%)    -1.04067 ( 44.66%)    -1.24213
      17     58.10    -1.34788 ( 64.57%)    -1.01209 ( 35.43%)    -1.22892
      18     61.96    -1.31000 ( 70.22%)    -0.99301 ( 29.78%)    -1.21561
      19     63.61    -1.29451 ( 72.38%)    -0.98521 ( 27.62%)    -1.20907
      20     72.04    -1.22145 ( 81.17%)    -0.94835 ( 18.83%)    -1.17002
      21     77.25    -1.18057 ( 85.07%)    -0.92769 ( 14.93%)    -1.14281
      22     77.75    -1.17673 ( 85.40%)    -0.92575 ( 14.60%)    -1.14008
      23     84.12    -1.13073 ( 88.90%)    -0.90245 ( 11.10%)    -1.10539
      24     85.24    -1.12295 ( 89.42%)    -0.89851 ( 10.58%)    -1.09919
      25     87.12    -1.11021 ( 90.21%)    -0.89205 (  9.79%)    -1.08886
      26     89.39    -1.09523 ( 91.08%)    -0.88445 (  8.92%)    -1.07644
      27     92.89    -1.07282 ( 92.26%)    -0.87306 (  7.74%)    -1.05735
      28     95.47    -1.05687 ( 93.00%)    -0.86495 (  7.00%)    -1.04344
      29    104.70    -1.00324 ( 95.06%)    -0.83760 (  4.94%)    -0.99505
      30    120.41    -0.92241 ( 97.11%)    -0.79619 (  2.89%)    -0.91877
      31    124.19    -0.90464 ( 97.44%)    -0.78704 (  2.56%)    -0.90163
      32    127.10    -0.89130 ( 97.66%)    -0.78017 (  2.34%)    -0.88870
      33    127.91    -0.88766 ( 97.72%)    -0.77829 (  2.28%)    -0.88517
      34    134.05    -0.86080 ( 98.10%)    -0.76440 (  1.90%)    -0.85897
      35    135.22    -0.85581 ( 98.16%)    -0.76182 (  1.84%)    -0.85408
      36    135.97    -0.85267 ( 98.20%)    -0.76020 (  1.80%)    -0.85101
      37    136.99    -0.84839 ( 98.26%)    -0.75797 (  1.74%)    -0.84681
      38    140.60    -0.83353 ( 98.43%)    -0.75026 (  1.57%)    -0.83222
      39    141.29    -0.83073 ( 98.46%)    -0.74881 (  1.54%)    -0.82946
      40    149.35    -0.79918 ( 98.76%)    -0.73238 (  1.24%)    -0.79835
      41    153.39    -0.78407 ( 98.88%)    -0.72448 (  1.12%)    -0.78341
      42    156.70    -0.77199 ( 98.97%)    -0.71815 (  1.03%)    -0.77144
      43    172.52    -0.71789 ( 99.30%)    -0.68965 (  0.70%)    -0.71770
      44    174.78    -0.71064 ( 99.33%)    -0.68581 (  0.67%)    -0.71047
      45    175.36    -0.70877 ( 99.34%)    -0.68482 (  0.66%)    -0.70861
      46    178.89    -0.69767 ( 99.39%)    -0.67892 (  0.61%)    -0.69755
      47    181.32    -0.69014 ( 99.43%)    -0.67491 (  0.57%)    -0.69005
      48    181.85    -0.68852 ( 99.43%)    -0.67405 (  0.57%)    -0.68844
      49    188.74    -0.66789 ( 99.51%)    -0.66303 (  0.49%)    -0.66787
      50    194.27    -0.65195 ( 99.56%)    -0.65448 (  0.44%)    -0.65196
      51    220.86    -0.58200 ( 99.74%)    -0.61648 (  0.26%)    -0.58209
      52    229.32    -0.56179 ( 99.77%)    -0.60534 (  0.23%)    -0.56189
      53    231.31    -0.55718 ( 99.78%)    -0.60279 (  0.22%)    -0.55728
      54    238.46    -0.54095 ( 99.81%)    -0.59377 (  0.19%)    -0.54105
      55    245.00    -0.52661 ( 99.83%)    -0.58575 (  0.17%)    -0.52671
      56    251.67    -0.51248 ( 99.84%)    -0.57780 (  0.16%)    -0.51258
      57    252.64    -0.51045 ( 99.85%)    -0.57665 (  0.15%)    -0.51055
      58    256.35    -0.50282 ( 99.86%)    -0.57233 (  0.14%)    -0.50292
      59    258.17    -0.49913 ( 99.86%)    -0.57024 (  0.14%)    -0.49923
      60    260.36    -0.49474 ( 99.86%)    -0.56774 (  0.14%)    -0.49484
      61    262.29    -0.49090 ( 99.87%)    -0.56555 (  0.13%)    -0.49100
      62    265.86    -0.48389 ( 99.88%)    -0.56154 (  0.12%)    -0.48399
      63    270.87    -0.47425 ( 99.88%)    -0.55602 (  0.12%)    -0.47435
      64    272.33    -0.47148 ( 99.89%)    -0.55442 (  0.11%)    -0.47157
      65    276.48    -0.46373 ( 99.89%)    -0.54994 (  0.11%)    -0.46382
      66    278.14    -0.46066 ( 99.90%)    -0.54817 (  0.10%)    -0.46075
      67    279.54    -0.45811 ( 99.90%)    -0.54669 (  0.10%)    -0.45820
      68    281.77    -0.45405 ( 99.90%)    -0.54433 (  0.10%)    -0.45414
   ------------------------------------------------------------------------

   temp. (K)  partition function   enthalpy   heat capacity  entropy
                                   cal/mol     cal/K/mol   cal/K/mol   J/K/mol
 298.15  VIB  0.608E+34            43141.264    275.380    271.622
         ROT  0.349E+09              888.752      2.981     42.070
         INT  0.212E+43            44030.017    278.360    313.692
         TR   0.421E+29             1481.254      4.968     47.197
         TOT                       45511.2707   283.3286   360.8887  1509.9582

       T/K    H(0)-H(T)+PV         H(T)/Eh          T*S/Eh         G(T)/Eh
   ------------------------------------------------------------------------
    298.15    0.725268E-01    0.103679E+01    0.171470E+00    0.865316E+00
   ------------------------------------------------------------------------

         :::::::::::::::::::::::::::::::::::::::::::::::::::::
         ::                  THERMODYNAMIC                  ::
         :::::::::::::::::::::::::::::::::::::::::::::::::::::
         :: total free energy        -208.983853465815 Eh   ::
         ::.................................................::
         :: total energy             -209.849169698488 Eh   ::
         :: zero point energy           0.964259258594 Eh   ::
         :: G(RRHO) w/o ZPVE           -0.098943025921 Eh   ::
         :: G(RRHO) contrib.            0.865316232673 Eh   ::
         :::::::::::::::::::::::::::::::::::::::::::::::::::::

           -------------------------------------------------
          | TOTAL ENERGY             -209.849169698488 Eh   |
          | TOTAL ENTHALPY           -208.812383613568 Eh   |
          | TOTAL FREE ENERGY        -208.983853465815 Eh   |
          | GRADIENT NORM               0.000699856096 Eh/α |
          | HOMO-LUMO GAP               2.705692796627 eV   |
           -------------------------------------------------

------------------------------------------------------------------------
 * finished run on 2021/06/21 at 20:39:59.449     
------------------------------------------------------------------------
 total:
 * wall-time:     0 d,  0 h,  6 min, 17.426 sec
 *  cpu-time:     0 d,  0 h, 24 min, 56.995 sec
 * ratio c/w:     3.966 speedup
 SCF:
 * wall-time:     0 d,  0 h,  0 min,  1.679 sec
 *  cpu-time:     0 d,  0 h,  0 min,  5.632 sec
 * ratio c/w:     3.354 speedup
 numerical hessian:
 * wall-time:     0 d,  0 h,  6 min, 14.671 sec
 *  cpu-time:     0 d,  0 h, 24 min, 50.207 sec
 * ratio c/w:     3.977 speedup

