      -----------------------------------------------------------      
     |                   =====================                   |     
     |                           x T B                           |     
     |                   =====================                   |     
     |                         S. Grimme                         |     
     |          Mulliken Center for Theoretical Chemistry        |     
     |                    University of Bonn                     |     
     |                Version 6.2 RC2 (SAW190805)                |     
      -----------------------------------------------------------      

   This program is distributed in the hope that it will be useful,
   but WITHOUT ANY WARRANTY; without even the implied warranty of
   MERCHANTABILITY or FITNESS FOR A PARTICULAR PURPOSE.
   
   FOR NON-COMMERCIAL, ACADEMIA USE ONLY.
   
   Cite this work as:
   * S. Grimme, C. Bannwarth, P. Shushkov, J. Chem. Theory Comput., 2017,
     13, 1989-2009. DOI: 10.1021/acs.jctc.7b00118
   * C. Bannwarth, S. Ehlert and S. Grimme., J. Chem. Theory Comput., 2019,
     15, 1652-1671. DOI: 10.1021/acs.jctc.8b01176
   * P. Pracht, E. Caldeweyher, S. Ehlert, S. Grimme, ChemRxiv, 2019, preprint.
     DOI: 10.26434/chemrxiv.8326202.v1
   
   for DFT-D4:
   * E. Caldeweyher, C. Bannwarth and S. Grimme, J. Chem. Phys., 2017,
     147, 034112. DOI: 10.1063/1.4993215
   * E. Caldeweyher, S. Ehlert, A. Hansen, H. Neugebauer, S. Spicher,
     C. Bannwarth and S. Grimme, J. Chem. Phys., 2019, 150, 154122.
     DOI: 10.1063/1.5090222
   
   for sTDA-xTB:
   * S. Grimme and C. Bannwarth, J. Chem. Phys., 2016, 145, 054103.
     DOI: 10.1063/1.4959605
   
   in the mass-spec context:
   * V. Asgeirsson, C. Bauer and S. Grimme, Chem. Sci., 2017, 8, 4879.
     DOI: 10.1039/c7sc00601b
   
   for metadynamics refer to:
   * S. Grimme, J. Chem. Theory Comput., 2019, 155, 2847-2862
     DOI: 10.1021/acs.jctc.9b00143
   
   with help from (in alphabetical order)
   C. Bannwarth, F. Bohle, G. Brandenburg, E. Caldeweyher, M. Checinski,
   S. Dohm, S. Ehlert, S. Ehrlich, F. März, H. Neugebauer, J. Pisarek,
   P. Pracht, P. Shushkov, and S. Spicher.
   
 * started run on 2021/06/21 at 19:59:37.541     

           -------------------------------------------------
          |                Calculation Setup                |
           -------------------------------------------------

          program call               : /home/atarzia/software/xtb-190806/bin/xtb /data/atarzia/projects/unsymm/screening/production/free_energy_calculations/fe_5d3_c/input_structure.xyz --gfn 2 --hess --parallel 6 --etemp 300 --gbsa dmso --chrg 4 --uhf 0 -I det_control.in
          coordinate file            : /data/atarzia/projects/unsymm/screening/production/free_energy_calculations/fe_5d3_c/input_structure.xyz
          omp threads                :                     6
          number of atoms            :                   162
          number of electrons        :                   496
          charge                     :                     4
          spin                       :                   0.0
          first test random number   :      0.85022767133515


########################################################################
# WARNING! Please study the warnings concerning your input carefully
#  - XTBHOME is not set, using HOME instead
#  - XTBPATH is not set, using XTBHOME instead
#  - Process number higher than OMP_NUM_THREADS, I hope you know what you are doing.
########################################################################

           ------------------------------------------------- 
          |                 G F N 2 - x T B                 |
          | Geometry, Frequencies, Noncovalent interactions |
          |            JCTC 2019 parametrisation            |
           ------------------------------------------------- 
             k(s)              :                1.8500
             k(p)              :                2.2300
             k(d)              :                2.2300
             k(f)              :                2.0000
             kEN (H0ij)        :               -2.0000
             D4 a1             :                0.5200
             D4 a2             :                5.0000
             D4 s6             :                1.0000
             D4 s8             :                2.7000
             D4 s9             :                5.0000
             alphaj            :                2.0000

  Z AO/shell   Hii/eV     exponent
  1     Wed Apr 25 08:07:45 CEST 2018   EN: 2.200 GM2: 0.406  GM3: 0.0800  RAES: 1.40
     1s    -10.707211    1.230000
  6     Wed Apr 25 08:07:45 CEST 2018   EN: 2.550 GM2: 0.538  GM3: 0.1500  RAES: 3.00
     2s    -13.970922    2.096432
     2p    -10.063292    1.800000
  7     Wed Apr 25 08:07:45 CEST 2018   EN: 3.040 GM2: 0.461  GM3:-0.0640  RAES: 1.90
     2s    -16.686243    2.339881
     2p    -12.523956    2.014332
 46     Wed Apr 25 16:26:58 CEST 2018   EN: 2.200 GM2: 0.273  GM3: 0.0800  RAES: 5.00
     4d    -11.963518    2.353691
     5s     -9.714059    1.828354
     5p     -2.035281    1.333352

 Solvent             : dmso
 Using internal parameter file: .param_gbsa2_dmso
 Gsolv ref. state (COSMO-RS): gsolv [1 M gas/solution]
 temperature (mdtemp)       :    298.150000000000     
 dielectric constant        :    46.6800000000000     
 rho                        :    1.10000000000000     
 mass                       :    78.1300000000000     
 surface tension            :    15.5689454083859     
 probe radius               :   0.949087640000000     
 vdW radii scaling          :    1.00000000000000     
 Gshift (Eh)                :   5.161738145414381E-003
 c1                         :    1.63948621000000     
 soset                      :   1.179665000000000E-002
 HB correction              :  T
           ------------------------------------------------- 
          |        Self-Consistent Charge Iterations        |
           ------------------------------------------------- 

          ...................................................
          :                      SETUP                      :
          :.................................................:
          :  # basis functions                 492          :
          :  # atomic orbitals                 490          :
          :  # shells                          270          :
          :  # electrons                       496          :
          :  max. iterations                   250          :
          :  Hamiltonian                  GFN2-xTB          :
          :  restarted?                      false          :
          :  GBSA solvation                   true          :
          :  PC potential                    false          :
          :  electronic temp.          300.0000000     K    :
          :  accuracy                    1.0000000          :
          :  -> integral cutoff          0.2500000E+02      :
          :  -> integral neglect         0.1000000E-07      :
          :  -> SCF convergence          0.1000000E-05 Eh   :
          :  -> wf. convergence          0.1000000E-03 e    :
          :  Broyden damping             0.4000000          :
          ...................................................

 iter      E             dE          RMSdq      gap      omega  full diag
   1   -269.5358500 -0.269536E+03  0.629E+00    2.22       0.0  T
   2   -269.9985308 -0.462681E+00  0.421E+00    1.69       1.0  T
   3   -269.7440636  0.254467E+00  0.230E+00    1.93       1.0  T
   4   -270.1892633 -0.445200E+00  0.101E+00    2.04       1.0  T
   5   -270.2599767 -0.707134E-01  0.525E-01    2.05       1.0  T
   6   -270.2994726 -0.394959E-01  0.206E-01    2.07       1.0  T
   7   -270.3015245 -0.205196E-02  0.935E-02    2.09       1.0  T
   8   -270.3015673 -0.428151E-04  0.332E-02    2.09       1.0  T
   9   -270.3016278 -0.604201E-04  0.196E-02    2.09       1.0  T
  10   -270.3016621 -0.343004E-04  0.932E-03    2.09       1.0  T
  11   -270.3016691 -0.702821E-05  0.474E-03    2.09       1.7  T
  12   -270.3016696 -0.542080E-06  0.230E-03    2.09       3.4  T
  13   -270.3016700 -0.366259E-06  0.965E-04    2.09       8.1  T
  14   -270.3016700 -0.380439E-07  0.479E-04    2.09      16.4  T

   *** convergence criteria satisfied after 14 iterations ***

         #    Occupation            Energy/Eh            Energy/eV
      -------------------------------------------------------------
         1        2.0000           -0.7277771             -19.8038
       ...           ...                  ...                  ...
       242        2.0000           -0.4081895             -11.1074
       243        2.0000           -0.4080399             -11.1033
       244        2.0000           -0.4079533             -11.1010
       245        2.0000           -0.3954808             -10.7616
       246        2.0000           -0.3954728             -10.7614
       247        2.0000           -0.3954683             -10.7612
       248        2.0000           -0.3953597             -10.7583 (HOMO)
       249                         -0.3184711              -8.6660 (LUMO)
       250                         -0.3183815              -8.6636
       251                         -0.3180292              -8.6540
       252                         -0.3179302              -8.6513
       253                         -0.3070251              -8.3546
       ...                                ...                  ...
       490                          1.4079561              38.3124
      -------------------------------------------------------------
                  HL-Gap            0.0768886 Eh            2.0922 eV
             Fermi-level           -0.3569154 Eh           -9.7122 eV

 SCC (total)                   0 d,  0 h,  0 min,  2.446 sec
 SCC setup                      ...        0 min,  0.183 sec (  7.480%)
 Dispersion                     ...        0 min,  0.037 sec (  1.528%)
 integral evaluation            ...        0 min,  0.379 sec ( 15.474%)
 zeroth order Hamiltonian       ...        0 min,  0.010 sec (  0.397%)
 iterations                     ...        0 min,  1.509 sec ( 61.679%)
 molecular gradient             ...        0 min,  0.319 sec ( 13.038%)
 printout                       ...        0 min,  0.010 sec (  0.399%)

         :::::::::::::::::::::::::::::::::::::::::::::::::::::
         ::                     SUMMARY                     ::
         :::::::::::::::::::::::::::::::::::::::::::::::::::::
         :: total energy            -265.174547609329 Eh    ::
         :: total w/o Gsasa/hb      -265.046680510070 Eh    ::
         :: gradient norm              0.000682803022 Eh/a0 ::
         :: HOMO-LUMO gap              2.092245809301 eV    ::
         ::.................................................::
         :: SCC energy              -270.415420306398 Eh    ::
         :: -> isotropic ES            0.622264737190 Eh    ::
         :: -> anisotropic ES         -0.090426408163 Eh    ::
         :: -> anisotropic XC          0.193521251806 Eh    ::
         :: -> dispersion             -0.228672436430 Eh    ::
         :: -> Gsolv                  -0.662069383649 Eh    ::
         ::    -> Gborn               -0.534202284390 Eh    ::
         ::    -> Gsasa               -0.118912007638 Eh    ::
         ::    -> Ghb                 -0.014116829766 Eh    ::
         ::    -> Gshift               0.005161738145 Eh    ::
         :: repulsion energy           5.238907551298 Eh    ::
         :: add. restraining           0.000000000000 Eh    ::
         :::::::::::::::::::::::::::::::::::::::::::::::::::::

           ------------------------------------------------- 
          |                Numerical Hessian                |
           ------------------------------------------------- 
step length          :   0.00500
SCC accuracy         :   0.30000
Hessian scale factor :   1.00000
frozen atoms in %    :   0.00000    0
RMS gradient         :   0.00068
estimated CPU  time     97.93 min
estimated wall time     30.14 min

writing file <hessian>.

 projected vibrational frequencies (cm-1)
eigval :       -0.00     0.00     0.00     0.00     0.00     0.00
eigval :        6.44     6.60     7.11     7.96    11.34    15.91
eigval :       16.51    17.13    17.56    20.51    21.51    21.69
eigval :       22.85    29.71    30.12    39.32    41.49    44.48
eigval :       46.99    47.57    50.20    52.53    52.74    54.67
eigval :       56.12    57.50    61.53    61.75    63.34    69.98
eigval :       84.55    89.40    89.67    92.83    94.89    96.05
eigval :       99.51    99.67   114.07   114.89   115.23   116.35
eigval :      124.99   126.12   126.52   126.72   130.38   133.31
eigval :      134.02   135.38   141.47   142.76   143.99   151.89
eigval :      162.61   166.36   167.10   170.27   171.00   171.16
eigval :      178.22   178.77   197.25   198.85   202.80   209.58
eigval :      222.56   223.38   228.78   232.83   239.66   248.89
eigval :      258.39   259.07   260.58   262.34   265.09   266.80
eigval :      272.28   275.60   276.44   277.28   278.50   283.03
eigval :      285.81   286.53   290.68   292.39   328.38   330.53
eigval :      332.15   332.47   338.01   338.37   339.87   340.46
eigval :      341.79   342.37   345.14   345.28   384.48   384.60
eigval :      391.78   391.86   394.23   394.49   395.42   395.62
eigval :      417.73   417.79   417.82   417.83   436.04   436.14
eigval :      436.23   436.45   448.13   448.23   452.63   452.78
eigval :      453.24   453.30   454.16   454.26   475.63   475.67
eigval :      476.20   476.23   486.89   487.11   487.63   488.45
eigval :      499.44   499.66   499.90   500.61   511.10   511.45
eigval :      517.27   517.64   523.10   524.51   524.60   525.49
eigval :      528.93   530.44   530.55   531.38   539.07   540.08
eigval :      540.30   540.84   572.56   572.65   574.88   575.06
eigval :      575.95   576.67   576.84   577.11   612.27   612.70
eigval :      619.11   619.25   624.61   624.65   627.01   627.02
eigval :      647.74   647.79   647.87   648.04   660.02   660.88
eigval :      661.09   661.15   666.24   666.25   671.31   671.35
eigval :      717.25   717.91   718.54   719.13   725.15   725.18
eigval :      726.10   726.11   770.75   771.36   777.37   777.45
eigval :      778.48   778.61   780.36   782.07   786.58   786.99
eigval :      787.36   787.95   795.97   796.02   798.57   798.61
eigval :      811.83   813.52   814.03   814.56   814.74   815.37
eigval :      827.26   827.39   844.94   845.03   854.33   854.35
eigval :      855.77   855.87   857.31   857.62   857.96   858.49
eigval :      864.14   864.31   877.15   880.02   881.71   882.64
eigval :      888.24   888.35   891.56   891.82   893.63   893.85
eigval :      895.73   896.07   896.22   896.28   896.41   896.63
eigval :      896.73   897.12   897.48   897.71   931.37   931.38
eigval :      931.54   931.58   933.84   933.97   934.11   934.39
eigval :      934.42   934.43   934.60   934.76   945.73   948.21
eigval :      949.85   950.10   983.73   984.30   984.54   984.75
eigval :     1001.44  1002.28  1004.82  1005.01  1047.70  1047.81
eigval :     1048.50  1049.01  1076.57  1076.79  1076.98  1077.04
eigval :     1085.10  1085.20  1087.31  1087.45  1109.56  1109.63
eigval :     1110.28  1110.31  1118.82  1118.87  1122.20  1122.22
eigval :     1123.64  1123.74  1124.44  1124.51  1135.53  1137.02
eigval :     1137.72  1137.98  1152.54  1155.18  1160.25  1162.46
eigval :     1165.93  1166.54  1171.80  1172.93  1181.44  1181.77
eigval :     1182.60  1183.48  1184.70  1184.80  1184.83  1184.96
eigval :     1194.75  1195.30  1196.27  1198.30  1214.28  1215.07
eigval :     1217.32  1218.65  1218.94  1219.05  1219.46  1220.32
eigval :     1226.38  1226.87  1232.97  1234.94  1243.65  1243.71
eigval :     1243.91  1244.41  1285.86  1286.34  1286.64  1287.99
eigval :     1294.36  1294.49  1295.06  1295.30  1312.01  1312.17
eigval :     1312.28  1312.61  1314.13  1314.20  1314.32  1315.10
eigval :     1323.14  1323.42  1324.22  1325.07  1349.27  1349.90
eigval :     1350.29  1351.62  1369.47  1369.66  1370.17  1370.48
eigval :     1376.98  1377.39  1379.06  1379.49  1398.17  1398.23
eigval :     1399.39  1399.43  1405.13  1405.67  1405.70  1405.82
eigval :     1425.65  1425.87  1425.99  1426.21  1450.92  1451.18
eigval :     1451.86  1452.14  1464.09  1464.24  1465.59  1465.78
eigval :     1474.06  1474.14  1474.70  1474.82  1527.48  1527.59
eigval :     1528.17  1528.33  1535.57  1535.59  1535.64  1535.71
eigval :     1543.14  1543.21  1543.57  1543.63  1555.51  1555.68
eigval :     1555.84  1555.91  1556.92  1557.40  1557.55  1557.78
eigval :     1565.56  1565.75  1566.23  1566.35  1573.32  1573.37
eigval :     1573.55  1573.60  2308.21  2308.32  2308.39  2308.65
eigval :     2312.52  2312.85  2312.91  2313.27  2977.53  2977.78
eigval :     2982.28  2982.62  2984.12  2984.29  2985.56  2985.59
eigval :     2986.56  2986.58  2988.87  2989.27  2989.44  2989.73
eigval :     2992.16  2992.57  3079.48  3079.84  3080.35  3080.47
eigval :     3093.24  3093.35  3093.40  3093.45  3093.69  3093.92
eigval :     3093.98  3094.02  3099.37  3099.52  3099.76  3099.97
eigval :     3101.77  3102.15  3102.20  3102.44  3107.20  3107.73
eigval :     3107.77  3108.27  3108.77  3108.90  3109.24  3109.63
eigval :     3109.86  3109.92  3110.38  3110.48  3115.58  3115.95
eigval :     3116.37  3116.84  3118.97  3119.01  3119.28  3119.45
           -------------------------------------------------
          |                Property Printout                |
           -------------------------------------------------

    * Orbital Energies and Occupations

         #    Occupation            Energy/Eh            Energy/eV
      -------------------------------------------------------------
         1        2.0000           -0.7277743             -19.8037
       ...           ...                  ...                  ...
       236        2.0000           -0.4220499             -11.4846
       237        2.0000           -0.4206417             -11.4462
       238        2.0000           -0.4202612             -11.4359
       239        2.0000           -0.4198863             -11.4257
       240        2.0000           -0.4197974             -11.4233
       241        2.0000           -0.4082366             -11.1087
       242        2.0000           -0.4081865             -11.1073
       243        2.0000           -0.4080369             -11.1032
       244        2.0000           -0.4079501             -11.1009
       245        2.0000           -0.3954773             -10.7615
       246        2.0000           -0.3954693             -10.7613
       247        2.0000           -0.3954647             -10.7611
       248        2.0000           -0.3953562             -10.7582 (HOMO)
       249                         -0.3184673              -8.6659 (LUMO)
       250                         -0.3183778              -8.6635
       251                         -0.3180252              -8.6539
       252                         -0.3179262              -8.6512
       253                         -0.3070199              -8.3544
       254                         -0.3066329              -8.3439
       255                         -0.3059908              -8.3264
       256                         -0.3053434              -8.3088
       257                         -0.2957399              -8.0475
       258                         -0.2955437              -8.0422
       259                         -0.2950795              -8.0295
       ...                                ...                  ...
       490                          1.4079589              38.3125
      -------------------------------------------------------------
                  HL-Gap            0.0768889 Eh            2.0923 eV
             Fermi-level           -0.3569117 Eh           -9.7121 eV

     #   Z        covCN         q      C6AA      α(0)
     1  46 Pd     3.523    -0.081   274.224    34.151
     2  46 Pd     3.523    -0.081   274.219    34.151
     3   6 C      1.983    -0.023    31.675     9.089
     4   6 C      1.981    -0.034    31.951     9.128
     5   6 C      2.965     0.044    27.013     8.525
     6   6 C      2.925    -0.018    28.463     8.749
     7   6 C      2.914    -0.019    28.481     8.751
     8   6 C      2.914    -0.032    28.790     8.799
     9   6 C      2.982     0.003    27.955     8.673
    10   6 C      2.902     0.061    26.635     8.462
    11   7 N      2.668    -0.108    23.361     7.178
    12   6 C      2.902     0.040    27.095     8.535
    13   6 C      2.911    -0.028    28.694     8.784
    14   6 C      2.996     0.016    27.633     8.623
    15   1 H      0.926     0.058     2.226     2.333
    16   1 H      0.926     0.058     2.228     2.334
    17   1 H      0.926     0.072     2.067     2.248
    18   1 H      0.925     0.118     1.632     1.998
    19   1 H      0.925     0.142     1.446     1.880
    20   1 H      0.926     0.103     1.760     2.074
    21   6 C      2.970     0.039    27.112     8.541
    22   6 C      2.926    -0.025    28.616     8.773
    23   6 C      2.916    -0.026    28.662     8.779
    24   6 C      2.926    -0.026    28.642     8.777
    25   6 C      2.970     0.038    27.143     8.546
    26   6 C      2.935    -0.034    28.838     8.807
    27   1 H      0.926     0.041     2.434     2.440
    28   1 H      0.926     0.034     2.533     2.489
    29   1 H      0.926     0.046     2.370     2.407
    30   1 H      0.926     0.078     2.001     2.212
    31   6 C      1.983    -0.009    31.285     9.033
    32   6 C      1.980    -0.034    31.965     9.130
    33   6 C      2.965     0.049    26.890     8.506
    34   6 C      2.931    -0.006    28.167     8.704
    35   6 C      2.912    -0.028    28.707     8.786
    36   6 C      2.910     0.054    26.799     8.489
    37   7 N      2.669    -0.089    22.982     7.120
    38   6 C      2.910     0.048    26.931     8.510
    39   1 H      0.926     0.083     1.950     2.184
    40   1 H      0.926     0.091     1.867     2.137
    41   1 H      0.925     0.123     1.589     1.971
    42   1 H      0.925     0.139     1.466     1.893
    43   6 C      1.983    -0.023    31.675     9.089
    44   6 C      1.981    -0.034    31.951     9.128
    45   6 C      2.965     0.044    27.012     8.525
    46   6 C      2.925    -0.018    28.463     8.749
    47   6 C      2.914    -0.019    28.481     8.751
    48   6 C      2.915    -0.032    28.789     8.798
    49   6 C      2.982     0.003    27.955     8.673
    50   6 C      2.902     0.061    26.635     8.462
    51   7 N      2.668    -0.108    23.361     7.178
    52   6 C      2.902     0.040    27.095     8.535
    53   6 C      2.911    -0.028    28.694     8.784
    54   6 C      2.996     0.016    27.634     8.623
    55   1 H      0.926     0.058     2.226     2.333
    56   1 H      0.926     0.058     2.228     2.334
    57   1 H      0.926     0.072     2.067     2.248
    58   1 H      0.925     0.118     1.633     1.998
    59   1 H      0.925     0.142     1.446     1.880
    60   1 H      0.926     0.103     1.759     2.074
    61   6 C      2.970     0.039    27.112     8.541
    62   6 C      2.926    -0.025    28.616     8.773
    63   6 C      2.916    -0.026    28.662     8.779
    64   6 C      2.926    -0.026    28.642     8.777
    65   6 C      2.970     0.038    27.143     8.546
    66   6 C      2.935    -0.034    28.838     8.807
    67   1 H      0.926     0.041     2.434     2.440
    68   1 H      0.926     0.034     2.533     2.489
    69   1 H      0.926     0.046     2.370     2.407
    70   1 H      0.926     0.078     2.000     2.212
    71   6 C      1.983    -0.009    31.285     9.033
    72   6 C      1.980    -0.034    31.965     9.130
    73   6 C      2.965     0.049    26.891     8.506
    74   6 C      2.931    -0.006    28.167     8.704
    75   6 C      2.912    -0.028    28.708     8.786
    76   6 C      2.910     0.054    26.800     8.489
    77   7 N      2.669    -0.089    22.982     7.120
    78   6 C      2.910     0.048    26.932     8.510
    79   1 H      0.926     0.083     1.951     2.184
    80   1 H      0.926     0.091     1.867     2.137
    81   1 H      0.925     0.123     1.589     1.971
    82   1 H      0.925     0.139     1.466     1.893
    83   6 C      1.983    -0.023    31.676     9.089
    84   6 C      1.981    -0.034    31.951     9.128
    85   6 C      2.965     0.044    27.013     8.525
    86   6 C      2.925    -0.018    28.463     8.749
    87   6 C      2.914    -0.019    28.481     8.751
    88   6 C      2.915    -0.032    28.789     8.799
    89   6 C      2.982     0.003    27.954     8.673
    90   6 C      2.902     0.061    26.636     8.462
    91   7 N      2.668    -0.107    23.351     7.177
    92   6 C      2.902     0.040    27.095     8.535
    93   6 C      2.911    -0.028    28.694     8.784
    94   6 C      2.996     0.016    27.633     8.623
    95   1 H      0.926     0.058     2.226     2.333
    96   1 H      0.926     0.057     2.228     2.334
    97   1 H      0.926     0.072     2.067     2.248
    98   1 H      0.925     0.118     1.632     1.998
    99   1 H      0.925     0.142     1.446     1.880
   100   1 H      0.926     0.103     1.760     2.074
   101   6 C      2.970     0.039    27.112     8.541
   102   6 C      2.926    -0.025    28.616     8.773
   103   6 C      2.916    -0.026    28.663     8.779
   104   6 C      2.926    -0.026    28.642     8.777
   105   6 C      2.970     0.038    27.142     8.546
   106   6 C      2.935    -0.034    28.837     8.807
   107   1 H      0.926     0.041     2.434     2.440
   108   1 H      0.926     0.034     2.533     2.489
   109   1 H      0.926     0.046     2.370     2.407
   110   1 H      0.926     0.078     2.001     2.212
   111   6 C      1.983    -0.009    31.286     9.033
   112   6 C      1.980    -0.034    31.965     9.130
   113   6 C      2.965     0.049    26.890     8.506
   114   6 C      2.931    -0.006    28.167     8.704
   115   6 C      2.912    -0.028    28.708     8.786
   116   6 C      2.910     0.053    26.800     8.489
   117   7 N      2.669    -0.089    22.975     7.119
   118   6 C      2.910     0.048    26.932     8.510
   119   1 H      0.926     0.083     1.951     2.184
   120   1 H      0.926     0.091     1.867     2.137
   121   1 H      0.925     0.123     1.589     1.971
   122   1 H      0.925     0.139     1.466     1.893
   123   6 C      1.983    -0.023    31.675     9.089
   124   6 C      1.981    -0.034    31.952     9.128
   125   6 C      2.965     0.044    27.013     8.525
   126   6 C      2.925    -0.018    28.463     8.749
   127   6 C      2.914    -0.019    28.481     8.751
   128   6 C      2.914    -0.032    28.790     8.799
   129   6 C      2.982     0.003    27.954     8.673
   130   6 C      2.902     0.061    26.636     8.462
   131   7 N      2.668    -0.107    23.351     7.177
   132   6 C      2.902     0.040    27.095     8.535
   133   6 C      2.911    -0.028    28.694     8.784
   134   6 C      2.996     0.016    27.633     8.623
   135   1 H      0.926     0.058     2.226     2.333
   136   1 H      0.926     0.057     2.229     2.335
   137   1 H      0.926     0.072     2.067     2.248
   138   1 H      0.925     0.118     1.632     1.998
   139   1 H      0.925     0.142     1.446     1.881
   140   1 H      0.926     0.103     1.760     2.075
   141   6 C      2.970     0.039    27.113     8.541
   142   6 C      2.926    -0.025    28.616     8.773
   143   6 C      2.916    -0.026    28.663     8.779
   144   6 C      2.926    -0.026    28.642     8.777
   145   6 C      2.970     0.038    27.142     8.546
   146   6 C      2.935    -0.034    28.837     8.807
   147   1 H      0.926     0.041     2.434     2.440
   148   1 H      0.926     0.034     2.533     2.489
   149   1 H      0.926     0.046     2.370     2.407
   150   1 H      0.926     0.078     2.001     2.212
   151   6 C      1.983    -0.009    31.286     9.033
   152   6 C      1.980    -0.034    31.965     9.130
   153   6 C      2.965     0.049    26.890     8.506
   154   6 C      2.931    -0.006    28.167     8.704
   155   6 C      2.912    -0.028    28.707     8.786
   156   6 C      2.910     0.053    26.800     8.489
   157   7 N      2.669    -0.089    22.974     7.119
   158   6 C      2.910     0.048    26.932     8.510
   159   1 H      0.926     0.083     1.951     2.184
   160   1 H      0.926     0.091     1.867     2.137
   161   1 H      0.925     0.123     1.589     1.971
   162   1 H      0.925     0.139     1.465     1.893

 Mol. C6AA /au·bohr⁶  :     437595.418051
 Mol. C8AA /au·bohr⁸  :   12389794.294513
 Mol. α(0) /au        :       1085.885157


Wiberg/Mayer (AO) data.
largest (>0.10) Wiberg bond orders for each atom
          total WBO             WBO to atom ...
     1  Pd  3.519        N  131 0.595    N   91 0.595    N   37 0.593    N   77 0.593
     2  Pd  3.519        N   51 0.594    N   11 0.594    N  157 0.594    N  117 0.594
     3  C   3.945        C    4 2.646    C   21 1.128
     4  C   3.954        C    3 2.646    C    5 1.140
     5  C   3.988        C    6 1.439    C   14 1.217    C    4 1.140
     6  C   3.964        C    5 1.439    C    7 1.347    H   15 0.968
     7  C   3.987        C    8 1.533    C    6 1.347    H   16 0.968
     8  C   3.942        C    7 1.533    C    9 1.271    H   17 0.964
     9  C   3.987        C   10 1.293    C    8 1.271    C   14 1.234
    10  C   3.966        N   11 1.445    C    9 1.293    H   18 0.912    C   13 0.105
    11  N   3.532        C   10 1.445    C   12 1.239    Pd   2 0.594
    12  C   3.960        C   13 1.543    N   11 1.239    H   19 0.901
    13  C   3.981        C   12 1.543    C   14 1.294    H   20 0.955    C   10 0.105
    14  C   3.980        C   13 1.294    C    9 1.234    C    5 1.217
    15  H   0.996        C    6 0.968
    16  H   0.995        C    7 0.968
    17  H   0.994        C    8 0.964
    18  H   0.985        C   10 0.912
    19  H   0.978        C   12 0.901
    20  H   0.988        C   13 0.955
    21  C   3.988        C   26 1.371    C   22 1.343    C    3 1.128
    22  C   3.939        C   23 1.448    C   21 1.343    H   27 0.971
    23  C   3.991        C   22 1.448    C   24 1.447    H   28 0.969
    24  C   3.939        C   23 1.447    C   25 1.343    H   29 0.970
    25  C   3.988        C   26 1.368    C   24 1.343    C   31 1.130
    26  C   3.953        C   21 1.371    C   25 1.368    H   30 0.966
    27  H   0.998        C   22 0.971
    28  H   0.997        C   23 0.969
    29  H   0.998        C   24 0.970
    30  H   0.994        C   26 0.966
    31  C   3.948        C   32 2.648    C   25 1.130
    32  C   3.953        C   31 2.648    C   33 1.138
    33  C   3.986        C   38 1.351    C   34 1.338    C   32 1.138
    34  C   3.965        C   35 1.456    C   33 1.338    H   39 0.965
    35  C   3.981        C   34 1.456    C   36 1.422    H   40 0.961
    36  C   3.932        C   35 1.422    N   37 1.344    H   41 0.908
    37  N   3.541        C   38 1.366    C   36 1.344    Pd   1 0.593
    38  C   3.950        N   37 1.366    C   33 1.351    H   42 0.908
    39  H   0.991        C   34 0.965
    40  H   0.990        C   35 0.961
    41  H   0.984        C   36 0.908
    42  H   0.980        C   38 0.908
    43  C   3.945        C   44 2.646    C   61 1.128
    44  C   3.954        C   43 2.646    C   45 1.140
    45  C   3.988        C   46 1.439    C   54 1.217    C   44 1.140
    46  C   3.964        C   45 1.439    C   47 1.347    H   55 0.968
    47  C   3.987        C   48 1.533    C   46 1.347    H   56 0.968
    48  C   3.942        C   47 1.533    C   49 1.271    H   57 0.964
    49  C   3.987        C   50 1.293    C   48 1.271    C   54 1.234
    50  C   3.965        N   51 1.444    C   49 1.293    H   58 0.912    C   53 0.105
    51  N   3.531        C   50 1.444    C   52 1.239    Pd   2 0.594
    52  C   3.960        C   53 1.543    N   51 1.239    H   59 0.901
    53  C   3.981        C   52 1.543    C   54 1.294    H   60 0.955    C   50 0.105
    54  C   3.980        C   53 1.294    C   49 1.234    C   45 1.217
    55  H   0.996        C   46 0.968
    56  H   0.995        C   47 0.968
    57  H   0.994        C   48 0.964
    58  H   0.985        C   50 0.912
    59  H   0.978        C   52 0.901
    60  H   0.988        C   53 0.955
    61  C   3.988        C   66 1.371    C   62 1.343    C   43 1.128
    62  C   3.939        C   63 1.448    C   61 1.343    H   67 0.971
    63  C   3.991        C   62 1.448    C   64 1.447    H   68 0.969
    64  C   3.939        C   63 1.447    C   65 1.343    H   69 0.970
    65  C   3.988        C   66 1.368    C   64 1.343    C   71 1.130
    66  C   3.953        C   61 1.371    C   65 1.368    H   70 0.966
    67  H   0.998        C   62 0.971
    68  H   0.997        C   63 0.969
    69  H   0.998        C   64 0.970
    70  H   0.994        C   66 0.966
    71  C   3.948        C   72 2.648    C   65 1.130
    72  C   3.953        C   71 2.648    C   73 1.138
    73  C   3.986        C   78 1.351    C   74 1.338    C   72 1.138
    74  C   3.965        C   75 1.456    C   73 1.338    H   79 0.965
    75  C   3.981        C   74 1.456    C   76 1.422    H   80 0.961
    76  C   3.932        C   75 1.422    N   77 1.344    H   81 0.908
    77  N   3.541        C   78 1.366    C   76 1.344    Pd   1 0.593
    78  C   3.950        N   77 1.366    C   73 1.351    H   82 0.908
    79  H   0.991        C   74 0.965
    80  H   0.990        C   75 0.961
    81  H   0.984        C   76 0.908
    82  H   0.980        C   78 0.908
    83  C   3.945        C   84 2.646    C  101 1.128
    84  C   3.954        C   83 2.646    C   85 1.140
    85  C   3.988        C   86 1.439    C   94 1.217    C   84 1.140
    86  C   3.964        C   85 1.439    C   87 1.347    H   95 0.968
    87  C   3.987        C   88 1.533    C   86 1.347    H   96 0.968
    88  C   3.942        C   87 1.533    C   89 1.271    H   97 0.964
    89  C   3.987        C   90 1.293    C   88 1.271    C   94 1.234
    90  C   3.965        N   91 1.445    C   89 1.293    H   98 0.912    C   93 0.105
    91  N   3.532        C   90 1.445    C   92 1.239    Pd   1 0.595
    92  C   3.960        C   93 1.543    N   91 1.239    H   99 0.901
    93  C   3.981        C   92 1.543    C   94 1.294    H  100 0.955    C   90 0.105
    94  C   3.980        C   93 1.294    C   89 1.234    C   85 1.217
    95  H   0.996        C   86 0.968
    96  H   0.995        C   87 0.968
    97  H   0.994        C   88 0.964
    98  H   0.985        C   90 0.912
    99  H   0.978        C   92 0.901
   100  H   0.988        C   93 0.955
   101  C   3.988        C  106 1.371    C  102 1.344    C   83 1.128
   102  C   3.939        C  103 1.448    C  101 1.344    H  107 0.971
   103  C   3.991        C  102 1.448    C  104 1.447    H  108 0.969
   104  C   3.939        C  103 1.447    C  105 1.343    H  109 0.970
   105  C   3.988        C  106 1.369    C  104 1.343    C  111 1.130
   106  C   3.953        C  101 1.371    C  105 1.369    H  110 0.966
   107  H   0.998        C  102 0.971
   108  H   0.997        C  103 0.969
   109  H   0.998        C  104 0.970
   110  H   0.994        C  106 0.966
   111  C   3.948        C  112 2.648    C  105 1.130
   112  C   3.953        C  111 2.648    C  113 1.138
   113  C   3.986        C  118 1.351    C  114 1.338    C  112 1.138
   114  C   3.965        C  115 1.456    C  113 1.338    H  119 0.965
   115  C   3.981        C  114 1.456    C  116 1.422    H  120 0.961
   116  C   3.932        C  115 1.422    N  117 1.344    H  121 0.908
   117  N   3.541        C  118 1.366    C  116 1.344    Pd   2 0.594
   118  C   3.950        N  117 1.366    C  113 1.351    H  122 0.908
   119  H   0.991        C  114 0.965
   120  H   0.990        C  115 0.961
   121  H   0.984        C  116 0.908
   122  H   0.980        C  118 0.908
   123  C   3.945        C  124 2.646    C  141 1.128
   124  C   3.954        C  123 2.646    C  125 1.140
   125  C   3.988        C  126 1.439    C  134 1.217    C  124 1.140
   126  C   3.964        C  125 1.439    C  127 1.347    H  135 0.968
   127  C   3.987        C  128 1.533    C  126 1.347    H  136 0.968
   128  C   3.942        C  127 1.533    C  129 1.271    H  137 0.964
   129  C   3.987        C  130 1.293    C  128 1.271    C  134 1.234
   130  C   3.966        N  131 1.445    C  129 1.293    H  138 0.912    C  133 0.105
   131  N   3.532        C  130 1.445    C  132 1.239    Pd   1 0.595
   132  C   3.960        C  133 1.543    N  131 1.239    H  139 0.901
   133  C   3.981        C  132 1.543    C  134 1.294    H  140 0.955    C  130 0.105
   134  C   3.980        C  133 1.294    C  129 1.234    C  125 1.217
   135  H   0.996        C  126 0.968
   136  H   0.995        C  127 0.968
   137  H   0.994        C  128 0.964
   138  H   0.985        C  130 0.912
   139  H   0.978        C  132 0.901
   140  H   0.988        C  133 0.955
   141  C   3.988        C  146 1.371    C  142 1.344    C  123 1.128
   142  C   3.939        C  143 1.447    C  141 1.344    H  147 0.971
   143  C   3.991        C  142 1.447    C  144 1.447    H  148 0.969
   144  C   3.939        C  143 1.447    C  145 1.343    H  149 0.970
   145  C   3.988        C  146 1.369    C  144 1.343    C  151 1.130
   146  C   3.953        C  141 1.371    C  145 1.369    H  150 0.966
   147  H   0.998        C  142 0.971
   148  H   0.997        C  143 0.969
   149  H   0.998        C  144 0.970
   150  H   0.994        C  146 0.966
   151  C   3.948        C  152 2.648    C  145 1.130
   152  C   3.953        C  151 2.648    C  153 1.138
   153  C   3.986        C  158 1.351    C  154 1.338    C  152 1.138
   154  C   3.965        C  155 1.456    C  153 1.338    H  159 0.965
   155  C   3.981        C  154 1.456    C  156 1.422    H  160 0.961
   156  C   3.932        C  155 1.422    N  157 1.344    H  161 0.908
   157  N   3.541        C  158 1.366    C  156 1.344    Pd   2 0.594
   158  C   3.950        N  157 1.366    C  153 1.351    H  162 0.908
   159  H   0.991        C  154 0.965
   160  H   0.990        C  155 0.961
   161  H   0.984        C  156 0.908
   162  H   0.980        C  158 0.908

molecular dipole:
                 x           y           z       tot (Debye)
 q only:        0.408       0.275      -3.233
   full:        0.410       0.275      -3.228       8.301
molecular quadrupole (traceless):
                xx          xy          yy          xz          yz          zz
 q only:     -157.141     -25.500     310.848       9.499      -3.747    -153.707
  q+dip:     -172.636     -34.566     342.165      14.323     -10.725    -169.529
   full:     -158.113     -29.442     312.954      11.913      -7.608    -154.841

           -------------------------------------------------
          |               Frequency Printout                |
           -------------------------------------------------
 projected vibrational frequencies (cm-1)
eigval :       -0.00     0.00     0.00     0.00     0.00     0.00
eigval :        6.44     6.60     7.11     7.96    11.34    15.91
eigval :       16.51    17.13    17.56    20.51    21.51    21.69
eigval :       22.85    29.71    30.12    39.32    41.49    44.48
eigval :       46.99    47.57    50.20    52.53    52.74    54.67
eigval :       56.12    57.50    61.53    61.75    63.34    69.98
eigval :       84.55    89.40    89.67    92.83    94.89    96.05
eigval :       99.51    99.67   114.07   114.89   115.23   116.35
eigval :      124.99   126.12   126.52   126.72   130.38   133.31
eigval :      134.02   135.38   141.47   142.76   143.99   151.89
eigval :      162.61   166.36   167.10   170.27   171.00   171.16
eigval :      178.22   178.77   197.25   198.85   202.80   209.58
eigval :      222.56   223.38   228.78   232.83   239.66   248.89
eigval :      258.39   259.07   260.58   262.34   265.09   266.80
eigval :      272.28   275.60   276.44   277.28   278.50   283.03
eigval :      285.81   286.53   290.68   292.39   328.38   330.53
eigval :      332.15   332.47   338.01   338.37   339.87   340.46
eigval :      341.79   342.37   345.14   345.28   384.48   384.60
eigval :      391.78   391.86   394.23   394.49   395.42   395.62
eigval :      417.73   417.79   417.82   417.83   436.04   436.14
eigval :      436.23   436.45   448.13   448.23   452.63   452.78
eigval :      453.24   453.30   454.16   454.26   475.63   475.67
eigval :      476.20   476.23   486.89   487.11   487.63   488.45
eigval :      499.44   499.66   499.90   500.61   511.10   511.45
eigval :      517.27   517.64   523.10   524.51   524.60   525.49
eigval :      528.93   530.44   530.55   531.38   539.07   540.08
eigval :      540.30   540.84   572.56   572.65   574.88   575.06
eigval :      575.95   576.67   576.84   577.11   612.27   612.70
eigval :      619.11   619.25   624.61   624.65   627.01   627.02
eigval :      647.74   647.79   647.87   648.04   660.02   660.88
eigval :      661.09   661.15   666.24   666.25   671.31   671.35
eigval :      717.25   717.91   718.54   719.13   725.15   725.18
eigval :      726.10   726.11   770.75   771.36   777.37   777.45
eigval :      778.48   778.61   780.36   782.07   786.58   786.99
eigval :      787.36   787.95   795.97   796.02   798.57   798.61
eigval :      811.83   813.52   814.03   814.56   814.74   815.37
eigval :      827.26   827.39   844.94   845.03   854.33   854.35
eigval :      855.77   855.87   857.31   857.62   857.96   858.49
eigval :      864.14   864.31   877.15   880.02   881.71   882.64
eigval :      888.24   888.35   891.56   891.82   893.63   893.85
eigval :      895.73   896.07   896.22   896.28   896.41   896.63
eigval :      896.73   897.12   897.48   897.71   931.37   931.38
eigval :      931.54   931.58   933.84   933.97   934.11   934.39
eigval :      934.42   934.43   934.60   934.76   945.73   948.21
eigval :      949.85   950.10   983.73   984.30   984.54   984.75
eigval :     1001.44  1002.28  1004.82  1005.01  1047.70  1047.81
eigval :     1048.50  1049.01  1076.57  1076.79  1076.98  1077.04
eigval :     1085.10  1085.20  1087.31  1087.45  1109.56  1109.63
eigval :     1110.28  1110.31  1118.82  1118.87  1122.20  1122.22
eigval :     1123.64  1123.74  1124.44  1124.51  1135.53  1137.02
eigval :     1137.72  1137.98  1152.54  1155.18  1160.25  1162.46
eigval :     1165.93  1166.54  1171.80  1172.93  1181.44  1181.77
eigval :     1182.60  1183.48  1184.70  1184.80  1184.83  1184.96
eigval :     1194.75  1195.30  1196.27  1198.30  1214.28  1215.07
eigval :     1217.32  1218.65  1218.94  1219.05  1219.46  1220.32
eigval :     1226.38  1226.87  1232.97  1234.94  1243.65  1243.71
eigval :     1243.91  1244.41  1285.86  1286.34  1286.64  1287.99
eigval :     1294.36  1294.49  1295.06  1295.30  1312.01  1312.17
eigval :     1312.28  1312.61  1314.13  1314.20  1314.32  1315.10
eigval :     1323.14  1323.42  1324.22  1325.07  1349.27  1349.90
eigval :     1350.29  1351.62  1369.47  1369.66  1370.17  1370.48
eigval :     1376.98  1377.39  1379.06  1379.49  1398.17  1398.23
eigval :     1399.39  1399.43  1405.13  1405.67  1405.70  1405.82
eigval :     1425.65  1425.87  1425.99  1426.21  1450.92  1451.18
eigval :     1451.86  1452.14  1464.09  1464.24  1465.59  1465.78
eigval :     1474.06  1474.14  1474.70  1474.82  1527.48  1527.59
eigval :     1528.17  1528.33  1535.57  1535.59  1535.64  1535.71
eigval :     1543.14  1543.21  1543.57  1543.63  1555.51  1555.68
eigval :     1555.84  1555.91  1556.92  1557.40  1557.55  1557.78
eigval :     1565.56  1565.75  1566.23  1566.35  1573.32  1573.37
eigval :     1573.55  1573.60  2308.21  2308.32  2308.39  2308.65
eigval :     2312.52  2312.85  2312.91  2313.27  2977.53  2977.78
eigval :     2982.28  2982.62  2984.12  2984.29  2985.56  2985.59
eigval :     2986.56  2986.58  2988.87  2989.27  2989.44  2989.73
eigval :     2992.16  2992.57  3079.48  3079.84  3080.35  3080.47
eigval :     3093.24  3093.35  3093.40  3093.45  3093.69  3093.92
eigval :     3093.98  3094.02  3099.37  3099.52  3099.76  3099.97
eigval :     3101.77  3102.15  3102.20  3102.44  3107.20  3107.73
eigval :     3107.77  3108.27  3108.77  3108.90  3109.24  3109.63
eigval :     3109.86  3109.92  3110.38  3110.48  3115.58  3115.95
eigval :     3116.37  3116.84  3118.97  3119.01  3119.28  3119.45
 reduced masses (amu)
   1: 22.13   2: 22.68   3: 14.13   4: 23.84   5: 23.88   6: 24.10   7: 15.05   8: 11.65
   9: 15.54  10: 12.86  11: 11.36  12: 11.58  13: 15.71  14: 22.12  15: 20.10  16: 11.54
  17: 24.76  18: 22.38  19: 13.13  20: 12.48  21: 12.84  22: 10.71  23: 10.80  24: 27.01
  25: 18.24  26: 10.90  27: 10.76  28: 11.30  29: 12.99  30: 13.58  31: 10.78  32: 11.57
  33: 11.21  34: 11.36  35: 12.50  36: 18.87  37: 11.61  38: 16.79  39: 11.63  40: 11.54
  41: 12.78  42: 11.81  43: 10.82  44: 10.83  45: 10.77  46: 13.41  47: 12.43  48: 10.82
  49: 11.07  50: 10.89  51: 14.60  52: 16.48  53: 10.69  54: 10.69  55: 12.95  56: 12.10
  57: 11.83  58: 15.80  59: 12.08  60: 13.11  61: 23.00  62: 14.42  63: 20.92  64: 16.43
  65: 10.46  66: 10.46  67: 10.35  68: 10.39  69: 19.74  70: 23.25  71: 25.09  72: 31.38
  73: 23.18  74: 11.29  75: 11.56  76: 16.35  77: 43.37  78: 33.92  79: 19.89  80: 16.48
  81: 17.09  82: 18.72  83: 14.83  84: 30.67  85: 14.06  86: 25.58  87: 16.42  88: 13.33
  89: 11.03  90: 14.76  91: 37.92  92: 31.75  93: 35.92  94: 30.46  95: 10.85  96: 11.02
  97: 12.32  98: 11.43  99: 10.89 100: 10.95 101: 11.82 102: 11.14 103: 12.13 104: 11.93
 105: 15.55 106: 15.24 107: 12.23 108: 12.25 109:  9.43 110:  9.43 111: 10.39 112: 10.09
 113: 11.81 114: 11.50 115: 11.86 116: 11.86 117: 11.87 118: 11.87 119: 10.22 120: 10.22
 121: 10.22 122: 10.22 123: 11.10 124: 11.10 125: 11.48 126: 11.48 127: 11.66 128: 11.67
 129: 10.82 130: 10.82 131: 11.53 132: 11.55 133: 11.64 134: 11.65 135: 11.66 136: 11.71
 137: 11.68 138: 11.82 139: 11.42 140: 11.41 141: 11.43 142: 11.55 143: 11.55 144: 11.58
 145: 11.69 146: 11.77 147: 11.54 148: 11.76 149: 11.66 150: 11.93 151: 11.58 152: 11.77
 153: 11.71 154: 12.03 155: 11.23 156: 11.01 157: 11.27 158: 11.13 159: 11.73 160: 11.76
 161: 11.85 162: 11.97 163: 11.53 164: 11.55 165: 11.49 166: 11.55 167: 10.56 168: 10.57
 169: 10.87 170: 10.88 171: 12.44 172: 12.46 173: 12.34 174: 12.34 175:  9.13 176:  9.13
 177:  9.12 178:  9.13 179: 11.37 180: 11.43 181: 11.39 182: 11.46 183:  9.25 184:  9.25
 185:  9.67 186:  9.68 187: 11.50 188: 11.49 189: 11.50 190: 11.50 191: 10.67 192: 10.68
 193: 10.77 194: 10.77 195:  4.85 196:  4.97 197:  4.45 198:  4.34 199:  4.46 200:  4.64
 201:  4.12 202:  4.27 203:  4.65 204:  4.67 205:  4.67 206:  4.65 207: 11.12 208: 11.24
 209: 11.17 210: 11.11 211: 11.50 212: 11.54 213: 11.78 214:  3.79 215:  3.83 216: 11.83
 217:  3.80 218:  3.79 219:  4.27 220:  4.28 221:  4.01 222:  4.03 223:  4.24 224:  4.25
 225:  3.61 226:  3.63 227:  3.61 228:  3.61 229:  4.03 230:  4.03 231: 11.11 232: 11.04
 233: 11.19 234: 11.10 235:  3.82 236:  3.88 237:  3.50 238:  3.49 239:  3.78 240:  3.87
 241:  4.00 242:  3.90 243:  3.99 244:  3.74 245:  3.78 246:  3.98 247:  3.91 248:  3.98
 249:  3.91 250:  3.98 251:  3.81 252:  3.81 253:  3.81 254:  3.81 255:  3.53 256:  3.68
 257:  3.52 258:  3.53 259:  3.68 260:  3.67 261:  3.68 262:  3.54 263: 10.87 264: 10.85
 265: 10.87 266: 10.88 267: 11.21 268: 11.23 269: 11.22 270: 11.22 271: 10.54 272: 10.50
 273: 10.60 274: 10.55 275:  9.13 276:  9.09 277:  9.15 278:  9.03 279:  7.13 280:  7.13
 281:  7.05 282:  7.06 283:  6.48 284:  6.48 285:  6.61 286:  6.62 287:  5.93 288:  5.94
 289:  5.94 290:  5.96 291:  3.71 292:  3.72 293:  4.04 294:  4.03 295:  4.40 296:  4.40
 297:  4.06 298:  4.07 299:  5.63 300:  5.78 301:  5.97 302:  5.89 303:  3.05 304:  3.04
 305:  2.99 306:  2.69 307:  1.95 308:  1.85 309:  2.43 310:  2.00 311:  3.81 312:  3.78
 313:  4.12 314:  3.82 315:  1.94 316:  1.92 317:  2.04 318:  2.08 319:  6.27 320:  6.25
 321:  5.77 322:  6.14 323:  3.97 324:  4.28 325:  3.82 326:  7.49 327:  7.70 328:  5.60
 329:  7.79 330:  6.75 331:  3.42 332:  3.34 333:  3.18 334:  3.39 335:  3.86 336:  3.86
 337:  3.85 338:  3.80 339:  6.92 340:  6.99 341:  6.95 342:  7.09 343: 12.17 344: 12.19
 345: 12.01 346: 12.11 347: 10.16 348: 10.30 349: 10.42 350: 10.95 351: 11.13 352: 10.96
 353: 10.82 354: 10.30 355:  9.92 356:  9.92 357:  9.94 358:  9.83 359: 10.01 360:  9.95
 361: 10.03 362:  9.91 363:  9.88 364:  9.90 365:  9.87 366:  9.83 367: 10.28 368: 10.30
 369: 10.13 370: 10.15 371: 11.32 372: 11.34 373: 11.29 374: 11.30 375:  9.94 376:  9.94
 377:  9.93 378:  9.96 379:  9.72 380:  9.69 381:  9.69 382:  9.68 383: 10.96 384: 10.94
 385: 10.96 386: 10.95 387: 11.18 388: 11.17 389: 11.20 390: 11.22 391: 10.86 392: 10.85
 393: 10.88 394: 10.88 395: 11.55 396: 11.55 397: 11.58 398: 11.58 399: 11.66 400: 11.66
 401: 11.66 402: 11.66 403: 11.65 404: 11.66 405: 11.65 406: 11.66 407: 11.51 408: 11.46
 409: 11.46 410: 11.46 411: 11.61 412: 11.66 413: 11.68 414: 11.70 415: 11.49 416: 11.51
 417: 11.53 418: 11.53 419: 11.51 420: 11.51 421: 11.52 422: 11.52 423: 12.01 424: 12.01
 425: 12.01 426: 12.01 427: 12.01 428: 12.01 429: 12.01 430: 12.01 431:  1.87 432:  1.87
 433:  1.85 434:  1.85 435:  1.86 436:  1.86 437:  1.85 438:  1.85 439:  1.85 440:  1.85
 441:  1.85 442:  1.84 443:  1.85 444:  1.84 445:  1.84 446:  1.84 447:  1.78 448:  1.78
 449:  1.77 450:  1.77 451:  1.83 452:  1.84 453:  1.84 454:  1.83 455:  1.78 456:  1.78
 457:  1.78 458:  1.78 459:  1.89 460:  1.89 461:  1.89 462:  1.89 463:  1.84 464:  1.84
 465:  1.84 466:  1.84 467:  1.82 468:  1.82 469:  1.82 470:  1.81 471:  1.83 472:  1.83
 473:  1.83 474:  1.84 475:  1.90 476:  1.90 477:  1.90 478:  1.90 479:  1.85 480:  1.85
 481:  1.85 482:  1.85 483:  1.90 484:  1.90 485:  1.90 486:  1.89
 IR intensities (amu)
   1:  0.37   2:  0.28   3:  0.17   4:  0.61   5:  0.62   6:  0.66   7:  0.47   8:  0.13
   9:  0.50  10:  0.30  11:  0.03  12:  0.14  13:  0.02  14:  0.00  15:  0.00  16:  0.09
  17:  0.01  18:  0.01  19:  0.26  20:  0.21  21:  0.03  22:  0.01  23:  0.10  24:  0.21
  25:  0.12  26:  0.06  27:  0.00  28:  0.01  29:  0.12  30:  0.15  31:  0.00  32:  0.00
  33:  0.07  34:  0.00  35:  0.15  36:  0.00  37:  0.00  38:  0.01  39:  0.10  40:  0.13
  41:  0.13  42:  0.01  43:  0.03  44:  0.03  45:  0.04  46:  0.02  47:  0.14  48:  0.00
  49:  0.00  50:  0.21  51:  0.02  52:  0.13  53:  0.01  54:  0.14  55:  0.02  56:  0.40
  57:  0.02  58:  0.00  59:  0.00  60:  0.15  61:  0.83  62:  0.04  63:  0.64  64:  0.02
  65:  0.04  66:  0.07  67:  0.05  68:  0.01  69:  0.83  70:  0.01  71:  0.52  72:  0.00
  73:  0.01  74:  0.26  75:  0.00  76:  0.83  77:  0.20  78:  0.00  79:  0.02  80:  0.61
  81:  0.62  82:  0.00  83:  0.01  84:  0.01  85:  0.38  86:  0.78  87:  0.47  88:  0.04
  89:  0.01  90:  0.24  91:  1.20  92:  0.98  93:  0.01  94:  0.01  95:  0.00  96:  0.14
  97:  0.20  98:  0.02  99:  0.01 100:  0.01 101:  0.02 102:  0.14 103:  0.25 104:  0.01
 105:  0.13 106:  0.01 107:  0.09 108:  0.18 109:  0.07 110:  0.05 111:  0.01 112:  0.09
 113:  0.26 114:  0.03 115:  0.04 116:  0.02 117:  0.07 118:  0.06 119:  0.03 120:  0.03
 121:  0.04 122:  0.03 123:  0.15 124:  0.16 125:  0.07 126:  0.13 127:  0.13 128:  0.16
 129:  0.08 130:  0.06 131:  0.19 132:  0.04 133:  0.34 134:  0.15 135:  0.01 136:  0.25
 137:  0.01 138:  0.56 139:  0.25 140:  0.02 141:  0.33 142:  0.00 143:  0.01 144:  0.10
 145:  0.03 146:  0.19 147:  0.22 148:  0.01 149:  0.49 150:  0.00 151:  0.00 152:  0.07
 153:  0.00 154:  0.18 155:  0.07 156:  0.05 157:  0.00 158:  0.00 159:  0.56 160:  0.03
 161:  0.04 162:  0.71 163:  0.01 164:  0.04 165:  0.19 166:  0.19 167:  0.22 168:  0.00
 169:  0.23 170:  0.05 171:  0.16 172:  0.50 173:  0.46 174:  0.15 175:  0.00 176:  0.01
 177:  0.01 178:  0.01 179:  0.11 180:  0.00 181:  0.13 182:  0.01 183:  0.22 184:  0.00
 185:  0.19 186:  0.22 187:  0.00 188:  0.12 189:  0.49 190:  0.01 191:  0.01 192:  0.10
 193:  0.05 194:  0.11 195:  0.21 196:  0.01 197:  0.00 198:  0.01 199:  0.14 200:  0.23
 201:  0.03 202:  0.01 203:  0.31 204:  0.10 205:  0.17 206:  0.38 207:  0.05 208:  0.02
 209:  0.08 210:  0.14 211:  0.00 212:  0.01 213:  0.50 214:  0.03 215:  0.44 216:  0.48
 217:  0.16 218:  0.31 219:  0.09 220:  0.13 221:  0.00 222:  0.01 223:  0.06 224:  0.05
 225:  0.06 226:  0.07 227:  0.08 228:  0.06 229:  0.05 230:  0.02 231:  0.35 232:  0.48
 233:  0.00 234:  0.00 235:  0.01 236:  0.00 237:  0.02 238:  0.03 239:  0.07 240:  0.01
 241:  0.01 242:  0.02 243:  0.01 244:  0.01 245:  0.03 246:  0.02 247:  0.02 248:  0.02
 249:  0.04 250:  0.02 251:  0.02 252:  0.02 253:  0.02 254:  0.02 255:  0.02 256:  0.02
 257:  0.02 258:  0.01 259:  0.02 260:  0.03 261:  0.02 262:  0.02 263:  0.00 264:  0.00
 265:  0.32 266:  0.39 267:  0.36 268:  0.01 269:  0.44 270:  0.00 271:  0.01 272:  0.00
 273:  0.01 274:  0.14 275:  0.34 276:  0.00 277:  0.32 278:  0.01 279:  0.05 280:  0.49
 281:  0.41 282:  0.36 283:  0.42 284:  0.36 285:  0.71 286:  0.39 287:  0.06 288:  0.20
 289:  0.11 290:  0.41 291:  0.39 292:  0.21 293:  0.21 294:  0.48 295:  0.12 296:  0.13
 297:  0.20 298:  0.06 299:  0.69 300:  0.03 301:  0.03 302:  1.35 303:  0.00 304:  0.12
 305:  0.14 306:  0.01 307:  0.19 308:  0.01 309:  0.01 310:  0.44 311:  0.05 312:  0.72
 313:  0.84 314:  0.02 315:  0.17 316:  0.15 317:  0.13 318:  0.12 319:  0.85 320:  0.05
 321:  0.01 322:  0.89 323:  0.00 324:  0.25 325:  0.20 326:  0.19 327:  0.02 328:  0.01
 329:  0.26 330:  0.00 331:  0.05 332:  0.00 333:  0.00 334:  0.08 335:  0.04 336:  0.16
 337:  0.28 338:  0.01 339:  0.02 340:  0.34 341:  0.01 342:  0.36 343:  0.18 344:  0.08
 345:  0.28 346:  0.08 347:  0.02 348:  0.15 349:  0.59 350:  0.04 351:  0.05 352:  0.13
 353:  0.56 354:  0.01 355:  0.16 356:  0.45 357:  0.00 358:  0.00 359:  0.00 360:  0.01
 361:  0.03 362:  0.53 363:  0.10 364:  0.62 365:  1.16 366:  0.14 367:  0.51 368:  0.03
 369:  0.93 370:  0.01 371:  0.51 372:  1.54 373:  1.06 374:  1.48 375:  0.23 376:  0.52
 377:  0.63 378:  0.08 379:  0.08 380:  0.30 381:  1.41 382:  0.02 383:  0.01 384:  0.01
 385:  0.25 386:  0.62 387:  0.65 388:  0.81 389:  0.01 390:  0.01 391:  0.02 392:  0.04
 393:  0.48 394:  0.99 395:  0.36 396:  0.49 397:  0.31 398:  0.59 399:  0.92 400:  0.43
 401:  0.80 402:  0.63 403:  0.86 404:  2.52 405:  0.31 406:  0.70 407:  1.01 408:  0.20
 409:  0.34 410:  0.25 411:  0.65 412:  0.63 413:  0.04 414:  0.01 415:  0.01 416:  0.01
 417:  0.44 418:  0.34 419:  0.39 420:  0.17 421:  0.01 422:  0.03 423:  0.63 424:  0.10
 425:  2.25 426:  2.89 427:  1.67 428:  1.64 429:  2.64 430:  2.58 431:  0.02 432:  0.02
 433:  0.12 434:  0.12 435:  0.06 436:  0.04 437:  0.03 438:  0.05 439:  0.15 440:  0.18
 441:  0.04 442:  0.03 443:  0.04 444:  0.06 445:  0.11 446:  0.16 447:  0.22 448:  0.21
 449:  0.21 450:  0.21 451:  0.23 452:  0.26 453:  0.22 454:  0.24 455:  0.12 456:  0.13
 457:  0.11 458:  0.15 459:  0.38 460:  0.42 461:  0.53 462:  0.50 463:  0.22 464:  0.20
 465:  0.26 466:  0.22 467:  0.07 468:  0.07 469:  0.07 470:  0.07 471:  0.01 472:  0.02
 473:  0.02 474:  0.06 475:  0.09 476:  0.36 477:  0.03 478:  0.48 479:  0.06 480:  0.05
 481:  0.06 482:  0.06 483:  0.04 484:  0.06 485:  0.05 486:  0.06
 Raman intensities (amu)
   1:  0.00   2:  0.00   3:  0.00   4:  0.00   5:  0.00   6:  0.00   7:  0.00   8:  0.00
   9:  0.00  10:  0.00  11:  0.00  12:  0.00  13:  0.00  14:  0.00  15:  0.00  16:  0.00
  17:  0.00  18:  0.00  19:  0.00  20:  0.00  21:  0.00  22:  0.00  23:  0.00  24:  0.00
  25:  0.00  26:  0.00  27:  0.00  28:  0.00  29:  0.00  30:  0.00  31:  0.00  32:  0.00
  33:  0.00  34:  0.00  35:  0.00  36:  0.00  37:  0.00  38:  0.00  39:  0.00  40:  0.00
  41:  0.00  42:  0.00  43:  0.00  44:  0.00  45:  0.00  46:  0.00  47:  0.00  48:  0.00
  49:  0.00  50:  0.00  51:  0.00  52:  0.00  53:  0.00  54:  0.00  55:  0.00  56:  0.00
  57:  0.00  58:  0.00  59:  0.00  60:  0.00  61:  0.00  62:  0.00  63:  0.00  64:  0.00
  65:  0.00  66:  0.00  67:  0.00  68:  0.00  69:  0.00  70:  0.00  71:  0.00  72:  0.00
  73:  0.00  74:  0.00  75:  0.00  76:  0.00  77:  0.00  78:  0.00  79:  0.00  80:  0.00
  81:  0.00  82:  0.00  83:  0.00  84:  0.00  85:  0.00  86:  0.00  87:  0.00  88:  0.00
  89:  0.00  90:  0.00  91:  0.00  92:  0.00  93:  0.00  94:  0.00  95:  0.00  96:  0.00
  97:  0.00  98:  0.00  99:  0.00 100:  0.00 101:  0.00 102:  0.00 103:  0.00 104:  0.00
 105:  0.00 106:  0.00 107:  0.00 108:  0.00 109:  0.00 110:  0.00 111:  0.00 112:  0.00
 113:  0.00 114:  0.00 115:  0.00 116:  0.00 117:  0.00 118:  0.00 119:  0.00 120:  0.00
 121:  0.00 122:  0.00 123:  0.00 124:  0.00 125:  0.00 126:  0.00 127:  0.00 128:  0.00
 129:  0.00 130:  0.00 131:  0.00 132:  0.00 133:  0.00 134:  0.00 135:  0.00 136:  0.00
 137:  0.00 138:  0.00 139:  0.00 140:  0.00 141:  0.00 142:  0.00 143:  0.00 144:  0.00
 145:  0.00 146:  0.00 147:  0.00 148:  0.00 149:  0.00 150:  0.00 151:  0.00 152:  0.00
 153:  0.00 154:  0.00 155:  0.00 156:  0.00 157:  0.00 158:  0.00 159:  0.00 160:  0.00
 161:  0.00 162:  0.00 163:  0.00 164:  0.00 165:  0.00 166:  0.00 167:  0.00 168:  0.00
 169:  0.00 170:  0.00 171:  0.00 172:  0.00 173:  0.00 174:  0.00 175:  0.00 176:  0.00
 177:  0.00 178:  0.00 179:  0.00 180:  0.00 181:  0.00 182:  0.00 183:  0.00 184:  0.00
 185:  0.00 186:  0.00 187:  0.00 188:  0.00 189:  0.00 190:  0.00 191:  0.00 192:  0.00
 193:  0.00 194:  0.00 195:  0.00 196:  0.00 197:  0.00 198:  0.00 199:  0.00 200:  0.00
 201:  0.00 202:  0.00 203:  0.00 204:  0.00 205:  0.00 206:  0.00 207:  0.00 208:  0.00
 209:  0.00 210:  0.00 211:  0.00 212:  0.00 213:  0.00 214:  0.00 215:  0.00 216:  0.00
 217:  0.00 218:  0.00 219:  0.00 220:  0.00 221:  0.00 222:  0.00 223:  0.00 224:  0.00
 225:  0.00 226:  0.00 227:  0.00 228:  0.00 229:  0.00 230:  0.00 231:  0.00 232:  0.00
 233:  0.00 234:  0.00 235:  0.00 236:  0.00 237:  0.00 238:  0.00 239:  0.00 240:  0.00
 241:  0.00 242:  0.00 243:  0.00 244:  0.00 245:  0.00 246:  0.00 247:  0.00 248:  0.00
 249:  0.00 250:  0.00 251:  0.00 252:  0.00 253:  0.00 254:  0.00 255:  0.00 256:  0.00
 257:  0.00 258:  0.00 259:  0.00 260:  0.00 261:  0.00 262:  0.00 263:  0.00 264:  0.00
 265:  0.00 266:  0.00 267:  0.00 268:  0.00 269:  0.00 270:  0.00 271:  0.00 272:  0.00
 273:  0.00 274:  0.00 275:  0.00 276:  0.00 277:  0.00 278:  0.00 279:  0.00 280:  0.00
 281:  0.00 282:  0.00 283:  0.00 284:  0.00 285:  0.00 286:  0.00 287:  0.00 288:  0.00
 289:  0.00 290:  0.00 291:  0.00 292:  0.00 293:  0.00 294:  0.00 295:  0.00 296:  0.00
 297:  0.00 298:  0.00 299:  0.00 300:  0.00 301:  0.00 302:  0.00 303:  0.00 304:  0.00
 305:  0.00 306:  0.00 307:  0.00 308:  0.00 309:  0.00 310:  0.00 311:  0.00 312:  0.00
 313:  0.00 314:  0.00 315:  0.00 316:  0.00 317:  0.00 318:  0.00 319:  0.00 320:  0.00
 321:  0.00 322:  0.00 323:  0.00 324:  0.00 325:  0.00 326:  0.00 327:  0.00 328:  0.00
 329:  0.00 330:  0.00 331:  0.00 332:  0.00 333:  0.00 334:  0.00 335:  0.00 336:  0.00
 337:  0.00 338:  0.00 339:  0.00 340:  0.00 341:  0.00 342:  0.00 343:  0.00 344:  0.00
 345:  0.00 346:  0.00 347:  0.00 348:  0.00 349:  0.00 350:  0.00 351:  0.00 352:  0.00
 353:  0.00 354:  0.00 355:  0.00 356:  0.00 357:  0.00 358:  0.00 359:  0.00 360:  0.00
 361:  0.00 362:  0.00 363:  0.00 364:  0.00 365:  0.00 366:  0.00 367:  0.00 368:  0.00
 369:  0.00 370:  0.00 371:  0.00 372:  0.00 373:  0.00 374:  0.00 375:  0.00 376:  0.00
 377:  0.00 378:  0.00 379:  0.00 380:  0.00 381:  0.00 382:  0.00 383:  0.00 384:  0.00
 385:  0.00 386:  0.00 387:  0.00 388:  0.00 389:  0.00 390:  0.00 391:  0.00 392:  0.00
 393:  0.00 394:  0.00 395:  0.00 396:  0.00 397:  0.00 398:  0.00 399:  0.00 400:  0.00
 401:  0.00 402:  0.00 403:  0.00 404:  0.00 405:  0.00 406:  0.00 407:  0.00 408:  0.00
 409:  0.00 410:  0.00 411:  0.00 412:  0.00 413:  0.00 414:  0.00 415:  0.00 416:  0.00
 417:  0.00 418:  0.00 419:  0.00 420:  0.00 421:  0.00 422:  0.00 423:  0.00 424:  0.00
 425:  0.00 426:  0.00 427:  0.00 428:  0.00 429:  0.00 430:  0.00 431:  0.00 432:  0.00
 433:  0.00 434:  0.00 435:  0.00 436:  0.00 437:  0.00 438:  0.00 439:  0.00 440:  0.00
 441:  0.00 442:  0.00 443:  0.00 444:  0.00 445:  0.00 446:  0.00 447:  0.00 448:  0.00
 449:  0.00 450:  0.00 451:  0.00 452:  0.00 453:  0.00 454:  0.00 455:  0.00 456:  0.00
 457:  0.00 458:  0.00 459:  0.00 460:  0.00 461:  0.00 462:  0.00 463:  0.00 464:  0.00
 465:  0.00 466:  0.00 467:  0.00 468:  0.00 469:  0.00 470:  0.00 471:  0.00 472:  0.00
 473:  0.00 474:  0.00 475:  0.00 476:  0.00 477:  0.00 478:  0.00 479:  0.00 480:  0.00
 481:  0.00 482:  0.00 483:  0.00 484:  0.00 485:  0.00 486:  0.00
 output can be read by thermo (or use thermo option).
 writing <g98.out> molden fake output.
 recommended (thermochemical) frequency scaling factor: 1.0
           -------------------------------------------------
          |             Thermodynamic Functions             |
           -------------------------------------------------

Molecule has the following symmetry elements: (sigma) 
It seems to be the Cs point group
cs  symmetry found (for desy threshold:  0.10E+00) used in thermo

          ...................................................
          :                      SETUP                      :
          :.................................................:
          :  # frequencies                         480      :
          :  # imaginary freq.                       0      :
          :  linear?                             false      :
          :  only rotor calc.                    false      :
          :  symmetry                               cs      :
          :  rotational number                       1      :
          :  scaling factor                  1.0000000      :
          :  rotor cutoff                   50.0000000 cm⁻¹ :
          :  imag. cutoff                  -20.0000000 cm⁻¹ :
          :.................................................:

    mode    ω/cm⁻¹     T·S(HO)/kcal·mol⁻¹    T·S(FR)/kcal·mol⁻¹   T·S(vib)
   ------------------------------------------------------------------------
       1      6.44    -2.64932 (  0.03%)    -1.66375 ( 99.97%)    -1.66402
       2      6.60    -2.63438 (  0.03%)    -1.65628 ( 99.97%)    -1.65658
       3      7.11    -2.59053 (  0.04%)    -1.63436 ( 99.96%)    -1.63475
       4      7.96    -2.52344 (  0.06%)    -1.60080 ( 99.94%)    -1.60140
       5     11.34    -2.31423 (  0.26%)    -1.49619 ( 99.74%)    -1.49834
       6     15.91    -2.11359 (  1.01%)    -1.39583 ( 98.99%)    -1.40311
       7     16.51    -2.09155 (  1.17%)    -1.38481 ( 98.83%)    -1.39311
       8     17.13    -2.06967 (  1.36%)    -1.37386 ( 98.64%)    -1.38332
       9     17.56    -2.05494 (  1.50%)    -1.36649 ( 98.50%)    -1.37682
      10     20.51    -1.96307 (  2.75%)    -1.32053 ( 97.25%)    -1.33822
      11     21.51    -1.93490 (  3.31%)    -1.30643 ( 96.69%)    -1.32724
      12     21.69    -1.92984 (  3.42%)    -1.30390 ( 96.58%)    -1.32532
      13     22.85    -1.89922 (  4.18%)    -1.28857 ( 95.82%)    -1.31408
      14     29.71    -1.74381 ( 11.08%)    -1.21077 ( 88.92%)    -1.26984
      15     30.12    -1.73569 ( 11.64%)    -1.20670 ( 88.36%)    -1.26825
      16     39.32    -1.57806 ( 27.67%)    -1.12770 ( 72.33%)    -1.25233
      17     41.49    -1.54636 ( 32.17%)    -1.11180 ( 67.83%)    -1.25159
      18     44.48    -1.50538 ( 38.50%)    -1.09124 ( 61.50%)    -1.25068
      19     46.99    -1.47287 ( 43.83%)    -1.07492 ( 56.17%)    -1.24934
      20     47.57    -1.46564 ( 45.04%)    -1.07128 ( 54.96%)    -1.24891
      21     50.20    -1.43399 ( 50.39%)    -1.05539 ( 49.61%)    -1.24617
      22     52.53    -1.40726 ( 54.91%)    -1.04195 ( 45.09%)    -1.24255
      23     52.74    -1.40484 ( 55.32%)    -1.04074 ( 44.68%)    -1.24215
      24     54.67    -1.38369 ( 58.83%)    -1.03010 ( 41.17%)    -1.23813
      25     56.12    -1.36830 ( 61.34%)    -1.02236 ( 38.66%)    -1.23456
      26     57.50    -1.35396 ( 63.62%)    -1.01515 ( 36.38%)    -1.23071
      27     61.53    -1.31411 ( 69.63%)    -0.99509 ( 30.37%)    -1.21724
      28     61.75    -1.31200 ( 69.94%)    -0.99402 ( 30.06%)    -1.21640
      29     63.34    -1.29708 ( 72.03%)    -0.98651 ( 27.97%)    -1.21020
      30     69.98    -1.23845 ( 79.33%)    -0.95694 ( 20.67%)    -1.18027
      31     84.55    -1.12769 ( 89.10%)    -0.90091 ( 10.90%)    -1.10298
      32     89.40    -1.09516 ( 91.09%)    -0.88441 (  8.91%)    -1.07638
      33     89.67    -1.09342 ( 91.18%)    -0.88352 (  8.82%)    -1.07491
      34     92.83    -1.07323 ( 92.24%)    -0.87327 (  7.76%)    -1.05770
      35     94.89    -1.06040 ( 92.84%)    -0.86674 (  7.16%)    -1.04654
      36     96.05    -1.05335 ( 93.16%)    -0.86315 (  6.84%)    -1.04034
      37     99.51    -1.03278 ( 94.01%)    -0.85268 (  5.99%)    -1.02199
      38     99.67    -1.03180 ( 94.04%)    -0.85218 (  5.96%)    -1.02110
      39    114.07    -0.95363 ( 96.44%)    -0.81222 (  3.56%)    -0.94859
      40    114.89    -0.94947 ( 96.54%)    -0.81009 (  3.46%)    -0.94465
      41    115.23    -0.94776 ( 96.58%)    -0.80921 (  3.42%)    -0.94302
      42    116.35    -0.94216 ( 96.70%)    -0.80634 (  3.30%)    -0.93768
      43    124.99    -0.90093 ( 97.50%)    -0.78513 (  2.50%)    -0.89804
      44    126.12    -0.89576 ( 97.59%)    -0.78247 (  2.41%)    -0.89303
      45    126.52    -0.89392 ( 97.62%)    -0.78152 (  2.38%)    -0.89125
      46    126.72    -0.89302 ( 97.63%)    -0.78105 (  2.37%)    -0.89037
      47    130.38    -0.87670 ( 97.88%)    -0.77263 (  2.12%)    -0.87450
      48    133.31    -0.86396 ( 98.06%)    -0.76604 (  1.94%)    -0.86206
      49    134.02    -0.86090 ( 98.10%)    -0.76446 (  1.90%)    -0.85907
      50    135.38    -0.85515 ( 98.17%)    -0.76148 (  1.83%)    -0.85344
      51    141.47    -0.83001 ( 98.46%)    -0.74844 (  1.54%)    -0.82876
      52    142.76    -0.82484 ( 98.52%)    -0.74574 (  1.48%)    -0.82366
      53    143.99    -0.81995 ( 98.57%)    -0.74320 (  1.43%)    -0.81885
      54    151.89    -0.78963 ( 98.84%)    -0.72739 (  1.16%)    -0.78890
      55    162.61    -0.75109 ( 99.11%)    -0.70718 (  0.89%)    -0.75070
      56    166.36    -0.73827 ( 99.19%)    -0.70042 (  0.81%)    -0.73796
      57    167.10    -0.73581 ( 99.20%)    -0.69912 (  0.80%)    -0.73551
      58    170.27    -0.72525 ( 99.26%)    -0.69355 (  0.74%)    -0.72502
      59    171.00    -0.72284 ( 99.27%)    -0.69227 (  0.73%)    -0.72262
      60    171.16    -0.72233 ( 99.28%)    -0.69200 (  0.72%)    -0.72211
      61    178.22    -0.69976 ( 99.38%)    -0.68003 (  0.62%)    -0.69964
      62    178.77    -0.69805 ( 99.39%)    -0.67912 (  0.61%)    -0.69793
      63    197.25    -0.64360 ( 99.59%)    -0.64998 (  0.41%)    -0.64362
      64    198.85    -0.63915 ( 99.60%)    -0.64758 (  0.40%)    -0.63918
      65    202.80    -0.62835 ( 99.63%)    -0.64175 (  0.37%)    -0.62840
      66    209.58    -0.61040 ( 99.68%)    -0.63201 (  0.32%)    -0.61047
      67    222.56    -0.57787 ( 99.75%)    -0.61421 (  0.25%)    -0.57796
      68    223.38    -0.57589 ( 99.75%)    -0.61312 (  0.25%)    -0.57599
      69    228.78    -0.56305 ( 99.77%)    -0.60604 (  0.23%)    -0.56315
      70    232.83    -0.55367 ( 99.79%)    -0.60084 (  0.21%)    -0.55377
      71    239.66    -0.53829 ( 99.81%)    -0.59229 (  0.19%)    -0.53839
      72    248.89    -0.51831 ( 99.84%)    -0.58109 (  0.16%)    -0.51841
      73    258.39    -0.49869 ( 99.86%)    -0.56999 (  0.14%)    -0.49879
      74    259.07    -0.49732 ( 99.86%)    -0.56921 (  0.14%)    -0.49742
      75    260.58    -0.49430 ( 99.86%)    -0.56749 (  0.14%)    -0.49440
      76    262.34    -0.49079 ( 99.87%)    -0.56549 (  0.13%)    -0.49089
      77    265.09    -0.48539 ( 99.87%)    -0.56240 (  0.13%)    -0.48548
      78    266.80    -0.48206 ( 99.88%)    -0.56050 (  0.12%)    -0.48216
      79    272.28    -0.47159 ( 99.89%)    -0.55448 (  0.11%)    -0.47168
      80    275.60    -0.46535 ( 99.89%)    -0.55088 (  0.11%)    -0.46545
      81    276.44    -0.46380 ( 99.89%)    -0.54998 (  0.11%)    -0.46389
      82    277.28    -0.46225 ( 99.89%)    -0.54909 (  0.11%)    -0.46235
      83    278.50    -0.46000 ( 99.90%)    -0.54778 (  0.10%)    -0.46009
      84    283.03    -0.45178 ( 99.90%)    -0.54300 (  0.10%)    -0.45186
      85    285.81    -0.44682 ( 99.91%)    -0.54011 (  0.09%)    -0.44691
      86    286.53    -0.44555 ( 99.91%)    -0.53937 (  0.09%)    -0.44563
      87    290.68    -0.43828 ( 99.91%)    -0.53510 (  0.09%)    -0.43836
      88    292.39    -0.43532 ( 99.91%)    -0.53336 (  0.09%)    -0.43540
   ------------------------------------------------------------------------

   temp. (K)  partition function   enthalpy   heat capacity  entropy
                                   cal/mol     cal/K/mol   cal/K/mol   J/K/mol
 298.15  VIB  0.127E+48            56158.321    354.590    358.513
         ROT  0.859E+09              888.752      2.981     43.862
         INT  0.109E+57            57047.073    357.571    402.375
         TR   0.581E+29             1481.254      4.968     47.836
         TOT                       58528.3271   362.5391   450.2107  1883.6815

       T/K    H(0)-H(T)+PV         H(T)/Eh          T*S/Eh         G(T)/Eh
   ------------------------------------------------------------------------
    298.15    0.932708E-01    0.127471E+01    0.213910E+00    0.106080E+01
   ------------------------------------------------------------------------

         :::::::::::::::::::::::::::::::::::::::::::::::::::::
         ::                  THERMODYNAMIC                  ::
         :::::::::::::::::::::::::::::::::::::::::::::::::::::
         :: total free energy        -264.113751180214 Eh   ::
         ::.................................................::
         :: total energy             -265.174547491758 Eh   ::
         :: zero point energy           1.181435110589 Eh   ::
         :: G(RRHO) w/o ZPVE           -0.120638799046 Eh   ::
         :: G(RRHO) contrib.            1.060796311543 Eh   ::
         :::::::::::::::::::::::::::::::::::::::::::::::::::::

           -------------------------------------------------
          | TOTAL ENERGY             -265.174547491758 Eh   |
          | TOTAL ENTHALPY           -263.899841555058 Eh   |
          | TOTAL FREE ENERGY        -264.113751180214 Eh   |
          | GRADIENT NORM               0.000678150880 Eh/α |
          | HOMO-LUMO GAP               2.092252517069 eV   |
           -------------------------------------------------

------------------------------------------------------------------------
 * finished run on 2021/06/21 at 20:13:33.709     
------------------------------------------------------------------------
 total:
 * wall-time:     0 d,  0 h, 13 min, 56.169 sec
 *  cpu-time:     0 d,  0 h, 50 min, 47.043 sec
 * ratio c/w:     3.644 speedup
 SCF:
 * wall-time:     0 d,  0 h,  0 min,  2.455 sec
 *  cpu-time:     0 d,  0 h,  0 min,  7.292 sec
 * ratio c/w:     2.970 speedup
 numerical hessian:
 * wall-time:     0 d,  0 h, 13 min, 51.397 sec
 *  cpu-time:     0 d,  0 h, 50 min, 37.282 sec
 * ratio c/w:     3.653 speedup

