      -----------------------------------------------------------      
     |                   =====================                   |     
     |                           x T B                           |     
     |                   =====================                   |     
     |                         S. Grimme                         |     
     |          Mulliken Center for Theoretical Chemistry        |     
     |                    University of Bonn                     |     
     |                Version 6.2 RC2 (SAW190805)                |     
      -----------------------------------------------------------      

   This program is distributed in the hope that it will be useful,
   but WITHOUT ANY WARRANTY; without even the implied warranty of
   MERCHANTABILITY or FITNESS FOR A PARTICULAR PURPOSE.
   
   FOR NON-COMMERCIAL, ACADEMIA USE ONLY.
   
   Cite this work as:
   * S. Grimme, C. Bannwarth, P. Shushkov, J. Chem. Theory Comput., 2017,
     13, 1989-2009. DOI: 10.1021/acs.jctc.7b00118
   * C. Bannwarth, S. Ehlert and S. Grimme., J. Chem. Theory Comput., 2019,
     15, 1652-1671. DOI: 10.1021/acs.jctc.8b01176
   * P. Pracht, E. Caldeweyher, S. Ehlert, S. Grimme, ChemRxiv, 2019, preprint.
     DOI: 10.26434/chemrxiv.8326202.v1
   
   for DFT-D4:
   * E. Caldeweyher, C. Bannwarth and S. Grimme, J. Chem. Phys., 2017,
     147, 034112. DOI: 10.1063/1.4993215
   * E. Caldeweyher, S. Ehlert, A. Hansen, H. Neugebauer, S. Spicher,
     C. Bannwarth and S. Grimme, J. Chem. Phys., 2019, 150, 154122.
     DOI: 10.1063/1.5090222
   
   for sTDA-xTB:
   * S. Grimme and C. Bannwarth, J. Chem. Phys., 2016, 145, 054103.
     DOI: 10.1063/1.4959605
   
   in the mass-spec context:
   * V. Asgeirsson, C. Bauer and S. Grimme, Chem. Sci., 2017, 8, 4879.
     DOI: 10.1039/c7sc00601b
   
   for metadynamics refer to:
   * S. Grimme, J. Chem. Theory Comput., 2019, 155, 2847-2862
     DOI: 10.1021/acs.jctc.9b00143
   
   with help from (in alphabetical order)
   C. Bannwarth, F. Bohle, G. Brandenburg, E. Caldeweyher, M. Checinski,
   S. Dohm, S. Ehlert, S. Ehrlich, F. März, H. Neugebauer, J. Pisarek,
   P. Pracht, P. Shushkov, and S. Spicher.
   
 * started run on 2021/06/21 at 22:51:48.691     

           -------------------------------------------------
          |                Calculation Setup                |
           -------------------------------------------------

          program call               : /home/atarzia/software/xtb-190806/bin/xtb /data/atarzia/projects/unsymm/screening/production/free_energy_calculations/fe_5b4_d/input_structure.xyz --gfn 2 --hess --parallel 6 --etemp 300 --gbsa dmso --chrg 4 --uhf 0 -I det_control.in
          coordinate file            : /data/atarzia/projects/unsymm/screening/production/free_energy_calculations/fe_5b4_d/input_structure.xyz
          omp threads                :                     6
          number of atoms            :                   186
          number of electrons        :                   568
          charge                     :                     4
          spin                       :                   0.0
          first test random number   :      0.79868344491724


molecular fragmentation (1/2 indicates fragments):
111111111111111111211111111111111111111111111121111111111111111111111111
111111111111111111111111111111111111111111111111111111111111111111112222
222222222222222222222222222222222222222222
# atoms in fragment 1/2:   138    48
 fragment masses (1/2) :     1352.13      382.46
CMA distance (Bohr)    :  10.344
constraining FC (au)   :  0.0500

########################################################################
# WARNING! Please study the warnings concerning your input carefully
#  - XTBHOME is not set, using HOME instead
#  - XTBPATH is not set, using XTBHOME instead
#  - Process number higher than OMP_NUM_THREADS, I hope you know what you are doing.
########################################################################

           ------------------------------------------------- 
          |                 G F N 2 - x T B                 |
          | Geometry, Frequencies, Noncovalent interactions |
          |            JCTC 2019 parametrisation            |
           ------------------------------------------------- 
             k(s)              :                1.8500
             k(p)              :                2.2300
             k(d)              :                2.2300
             k(f)              :                2.0000
             kEN (H0ij)        :               -2.0000
             D4 a1             :                0.5200
             D4 a2             :                5.0000
             D4 s6             :                1.0000
             D4 s8             :                2.7000
             D4 s9             :                5.0000
             alphaj            :                2.0000

  Z AO/shell   Hii/eV     exponent
  1     Wed Apr 25 08:07:45 CEST 2018   EN: 2.200 GM2: 0.406  GM3: 0.0800  RAES: 1.40
     1s    -10.707211    1.230000
  6     Wed Apr 25 08:07:45 CEST 2018   EN: 2.550 GM2: 0.538  GM3: 0.1500  RAES: 3.00
     2s    -13.970922    2.096432
     2p    -10.063292    1.800000
  7     Wed Apr 25 08:07:45 CEST 2018   EN: 3.040 GM2: 0.461  GM3:-0.0640  RAES: 1.90
     2s    -16.686243    2.339881
     2p    -12.523956    2.014332
 46     Wed Apr 25 16:26:58 CEST 2018   EN: 2.200 GM2: 0.273  GM3: 0.0800  RAES: 5.00
     4d    -11.963518    2.353691
     5s     -9.714059    1.828354
     5p     -2.035281    1.333352

 Solvent             : dmso
 Using internal parameter file: .param_gbsa2_dmso
 Gsolv ref. state (COSMO-RS): gsolv [1 M gas/solution]
 temperature (mdtemp)       :    298.150000000000     
 dielectric constant        :    46.6800000000000     
 rho                        :    1.10000000000000     
 mass                       :    78.1300000000000     
 surface tension            :    15.5689454083859     
 probe radius               :   0.949087640000000     
 vdW radii scaling          :    1.00000000000000     
 Gshift (Eh)                :   5.161738145414381E-003
 c1                         :    1.63948621000000     
 soset                      :   1.179665000000000E-002
 HB correction              :  T
           ------------------------------------------------- 
          |        Self-Consistent Charge Iterations        |
           ------------------------------------------------- 

          ...................................................
          :                      SETUP                      :
          :.................................................:
          :  # basis functions                 564          :
          :  # atomic orbitals                 562          :
          :  # shells                          310          :
          :  # electrons                       568          :
          :  max. iterations                   250          :
          :  Hamiltonian                  GFN2-xTB          :
          :  restarted?                      false          :
          :  GBSA solvation                   true          :
          :  PC potential                    false          :
          :  electronic temp.          300.0000000     K    :
          :  accuracy                    1.0000000          :
          :  -> integral cutoff          0.2500000E+02      :
          :  -> integral neglect         0.1000000E-07      :
          :  -> SCF convergence          0.1000000E-05 Eh   :
          :  -> wf. convergence          0.1000000E-03 e    :
          :  Broyden damping             0.4000000          :
          ...................................................

 iter      E             dE          RMSdq      gap      omega  full diag
   1   -308.7623829 -0.308762E+03  0.617E+00    1.95       0.0  T
   2   -309.1663128 -0.403930E+00  0.406E+00    0.98       1.0  T
   3   -308.7418048  0.424508E+00  0.215E+00    1.37       1.0  T
   4   -309.3342164 -0.592412E+00  0.948E-01    1.57       1.0  T
   5   -309.4335757 -0.993594E-01  0.436E-01    1.61       1.0  T
   6   -309.4511646 -0.175889E-01  0.230E-01    1.66       1.0  T
   7   -309.4540655 -0.290094E-02  0.122E-01    1.67       1.0  T
   8   -309.4544797 -0.414146E-03  0.448E-02    1.67       1.0  T
   9   -309.4547541 -0.274449E-03  0.187E-02    1.66       1.0  T
  10   -309.4547738 -0.196782E-04  0.113E-02    1.66       1.0  T
  11   -309.4547874 -0.135742E-04  0.575E-03    1.66       1.3  T
  12   -309.4547890 -0.163415E-05  0.280E-03    1.66       2.6  T
  13   -309.4547894 -0.413905E-06  0.147E-03    1.66       5.0  T
  14   -309.4547895 -0.297169E-07  0.898E-04    1.66       8.2  T
  15   -309.4547895 -0.535517E-07  0.482E-04    1.66      15.2  T

   *** convergence criteria satisfied after 15 iterations ***

         #    Occupation            Energy/Eh            Energy/eV
      -------------------------------------------------------------
         1        2.0000           -0.7293019             -19.8453
       ...           ...                  ...                  ...
       278        2.0000           -0.4130751             -11.2403
       279        2.0000           -0.4114976             -11.1974
       280        2.0000           -0.4104820             -11.1698
       281        2.0000           -0.3919531             -10.6656
       282        2.0000           -0.3897920             -10.6068
       283        2.0000           -0.3877392             -10.5509
       284        2.0000           -0.3876307             -10.5480 (HOMO)
       285                         -0.3265085              -8.8847 (LUMO)
       286                         -0.3252259              -8.8498
       287                         -0.3235347              -8.8038
       288                         -0.3221618              -8.7665
       289                         -0.3207241              -8.7273
       ...                                ...                  ...
       562                          1.4064626              38.2718
      -------------------------------------------------------------
                  HL-Gap            0.0611222 Eh            1.6632 eV
             Fermi-level           -0.3570696 Eh           -9.7164 eV

 SCC (total)                   0 d,  0 h,  0 min,  3.211 sec
 SCC setup                      ...        0 min,  0.153 sec (  4.760%)
 Dispersion                     ...        0 min,  0.032 sec (  1.009%)
 integral evaluation            ...        0 min,  0.495 sec ( 15.418%)
 zeroth order Hamiltonian       ...        0 min,  0.007 sec (  0.230%)
 iterations                     ...        0 min,  2.112 sec ( 65.784%)
 molecular gradient             ...        0 min,  0.394 sec ( 12.275%)
 printout                       ...        0 min,  0.017 sec (  0.522%)

         :::::::::::::::::::::::::::::::::::::::::::::::::::::
         ::                     SUMMARY                     ::
         :::::::::::::::::::::::::::::::::::::::::::::::::::::
         :: total energy            -303.568298817738 Eh    ::
         :: total w/o Gsasa/hb      -303.442585722127 Eh    ::
         :: gradient norm              0.000784433472 Eh/a0 ::
         :: HOMO-LUMO gap              1.663219678521 eV    ::
         ::.................................................::
         :: SCC energy              -309.566501706635 Eh    ::
         :: -> isotropic ES            0.585019615284 Eh    ::
         :: -> anisotropic ES         -0.082611983848 Eh    ::
         :: -> anisotropic XC          0.212274060448 Eh    ::
         :: -> dispersion             -0.308707379139 Eh    ::
         :: -> Gsolv                  -0.622411561456 Eh    ::
         ::    -> Gborn               -0.496698465846 Eh    ::
         ::    -> Gsasa               -0.116873925509 Eh    ::
         ::    -> Ghb                 -0.014000908247 Eh    ::
         ::    -> Gshift               0.005161738145 Eh    ::
         :: repulsion energy           5.991448786359 Eh    ::
         :: add. restraining           0.000000000000 Eh    ::
         :::::::::::::::::::::::::::::::::::::::::::::::::::::

           ------------------------------------------------- 
          |                Numerical Hessian                |
           ------------------------------------------------- 
step length          :   0.00500
SCC accuracy         :   0.30000
Hessian scale factor :   1.00000
frozen atoms in %    :   0.00000    0
RMS gradient         :   0.00079
estimated CPU  time    147.00 min
estimated wall time     38.49 min

writing file <hessian>.

 projected vibrational frequencies (cm-1)
eigval :       -0.00    -0.00    -0.00    -0.00     0.00     0.00
eigval :        5.96     6.89     9.46    10.85    12.00    12.23
eigval :       14.60    16.58    18.99    19.49    19.87    21.51
eigval :       23.22    23.56    26.02    31.73    34.10    34.56
eigval :       38.75    43.08    46.01    46.72    49.34    50.15
eigval :       51.80    56.06    61.63    63.09    67.32    69.80
eigval :       70.24    72.86    73.05    77.80    81.26    86.40
eigval :       92.92    93.25    96.16   101.41   102.70   103.82
eigval :      106.84   110.11   111.13   116.37   121.98   122.39
eigval :      129.07   129.51   130.80   135.31   137.80   138.94
eigval :      144.04   150.92   152.79   153.93   154.23   155.49
eigval :      163.08   163.67   165.73   169.35   171.32   171.62
eigval :      173.57   176.35   177.40   187.48   192.39   193.50
eigval :      204.68   206.12   211.47   212.85   214.63   221.39
eigval :      243.81   245.54   251.68   256.18   264.62   271.87
eigval :      275.05   277.51   288.06   288.49   294.52   295.14
eigval :      301.26   302.13   305.59   306.79   308.51   309.01
eigval :      325.91   326.81   330.14   331.29   338.52   339.98
eigval :      347.77   348.21   349.17   354.08   361.08   362.05
eigval :      363.27   363.86   370.64   373.45   391.40   391.44
eigval :      395.27   395.36   397.64   398.47   408.04   408.37
eigval :      431.14   431.18   431.39   431.61   435.96   436.53
eigval :      436.72   436.89   438.95   439.04   446.82   446.86
eigval :      449.87   449.89   451.12   451.48   468.60   469.05
eigval :      469.15   470.81   472.90   473.04   474.07   475.18
eigval :      475.61   475.71   478.06   479.61   484.90   485.13
eigval :      491.01   491.35   506.98   508.06   509.25   509.60
eigval :      511.88   514.29   514.72   516.01   517.38   518.51
eigval :      518.78   519.45   532.97   533.38   535.13   535.21
eigval :      539.21   540.18   542.11   542.41   551.18   554.50
eigval :      555.37   571.17   576.35   577.01   591.26   610.74
eigval :      611.07   611.42   612.21   612.52   612.57   615.31
eigval :      617.70   620.78   620.92   622.97   623.93   624.84
eigval :      627.87   628.31   635.71   651.67   673.87   674.86
eigval :      675.46   675.65   689.13   689.32   689.89   691.52
eigval :      724.25   724.36   724.86   724.93   725.53   725.87
eigval :      726.20   726.52   764.80   764.93   765.21   765.99
eigval :      772.62   772.89   774.28   774.55   776.83   776.94
eigval :      779.00   779.04   791.99   792.10   798.09   798.16
eigval :      800.07   800.29   803.88   804.03   806.44   807.60
eigval :      807.80   809.47   809.64   811.55   814.78   815.29
eigval :      819.95   819.97   822.73   822.85   831.56   832.23
eigval :      832.39   833.09   855.14   855.95   856.88   858.72
eigval :      861.57   861.87   862.36   862.73   865.55   865.75
eigval :      871.36   871.60   875.01   877.44   880.73   881.43
eigval :      885.64   886.32   890.00   891.13   891.75   891.82
eigval :      892.52   892.94   893.67   894.48   895.49   895.75
eigval :      895.99   896.32   896.34   896.73   900.29   900.64
eigval :      900.85   901.11   901.49   901.71   902.46   905.48
eigval :      922.20   923.02   924.05   924.30   933.34   934.09
eigval :      934.18   934.19   934.52   934.71   934.96   934.98
eigval :      995.54   995.84   996.27   996.36  1039.06  1039.09
eigval :     1039.22  1039.69  1048.67  1048.86  1049.54  1049.78
eigval :     1059.33  1059.35  1066.23  1066.34  1068.45  1068.56
eigval :     1071.94  1072.04  1107.48  1107.69  1107.92  1108.12
eigval :     1110.06  1110.31  1110.57  1110.66  1126.60  1126.85
eigval :     1127.64  1128.42  1157.09  1157.19  1157.53  1157.73
eigval :     1160.17  1160.82  1165.40  1166.35  1170.34  1171.00
eigval :     1171.39  1171.97  1174.30  1174.51  1174.89  1175.01
eigval :     1184.41  1184.82  1185.15  1187.23  1190.89  1191.43
eigval :     1192.25  1193.85  1201.00  1201.13  1202.15  1203.04
eigval :     1213.38  1213.68  1215.23  1216.13  1217.06  1217.30
eigval :     1217.90  1218.93  1219.43  1219.44  1221.31  1221.43
eigval :     1225.69  1225.81  1228.59  1228.74  1252.92  1253.60
eigval :     1253.69  1254.21  1285.26  1286.47  1287.01  1288.11
eigval :     1294.67  1296.35  1297.47  1299.55  1306.74  1306.88
eigval :     1308.08  1308.19  1312.53  1312.96  1313.55  1319.99
eigval :     1321.44  1321.72  1322.97  1330.79  1347.99  1348.38
eigval :     1349.92  1352.44  1361.96  1362.73  1363.09  1363.87
eigval :     1370.55  1370.68  1371.42  1372.89  1376.12  1376.37
eigval :     1377.02  1379.31  1395.22  1395.48  1395.92  1396.43
eigval :     1398.12  1398.22  1400.35  1400.52  1400.78  1400.97
eigval :     1404.61  1404.77  1424.38  1424.72  1425.38  1425.93
eigval :     1441.47  1441.53  1442.39  1442.78  1459.98  1460.00
eigval :     1462.68  1463.37  1465.37  1465.46  1477.41  1478.01
eigval :     1489.21  1489.28  1490.86  1491.90  1527.84  1527.95
eigval :     1528.27  1528.33  1528.83  1529.10  1529.42  1529.85
eigval :     1537.28  1537.41  1540.48  1540.61  1554.45  1554.55
eigval :     1556.34  1556.90  1557.45  1557.58  1559.72  1560.35
eigval :     1566.49  1566.72  1566.93  1567.53  1567.99  1568.04
eigval :     1576.58  1577.25  1578.62  1578.74  1580.95  1581.04
eigval :     2290.36  2290.51  2291.84  2292.59  2299.47  2299.59
eigval :     2300.16  2300.63  2897.27  2897.46  2913.07  2913.11
eigval :     2918.14  2918.24  2921.19  2921.42  3022.97  3024.28
eigval :     3029.42  3029.97  3042.95  3043.54  3047.38  3047.55
eigval :     3084.37  3084.70  3089.08  3089.66  3093.44  3093.93
eigval :     3094.51  3094.95  3094.95  3095.56  3095.78  3095.86
eigval :     3096.13  3096.43  3100.63  3101.87  3101.96  3102.26
eigval :     3102.50  3102.97  3103.11  3103.18  3103.41  3103.60
eigval :     3104.55  3104.82  3105.12  3105.66  3108.70  3109.03
eigval :     3109.27  3109.55  3110.37  3110.54  3110.95  3111.01
eigval :     3111.42  3111.46  3111.75  3111.86  3112.62  3113.99
eigval :     3114.52  3114.70  3114.81  3115.29  3115.68  3115.92
           -------------------------------------------------
          |                Property Printout                |
           -------------------------------------------------

    * Orbital Energies and Occupations

         #    Occupation            Energy/Eh            Energy/eV
      -------------------------------------------------------------
         1        2.0000           -0.7293033             -19.8454
       ...           ...                  ...                  ...
       272        2.0000           -0.4195930             -11.4177
       273        2.0000           -0.4189882             -11.4012
       274        2.0000           -0.4186239             -11.3913
       275        2.0000           -0.4183470             -11.3838
       276        2.0000           -0.4176726             -11.3655
       277        2.0000           -0.4133805             -11.2487
       278        2.0000           -0.4130779             -11.2404
       279        2.0000           -0.4114981             -11.1974
       280        2.0000           -0.4104827             -11.1698
       281        2.0000           -0.3919565             -10.6657
       282        2.0000           -0.3897951             -10.6069
       283        2.0000           -0.3877391             -10.5509
       284        2.0000           -0.3876307             -10.5480 (HOMO)
       285                         -0.3265105              -8.8848 (LUMO)
       286                         -0.3252279              -8.8499
       287                         -0.3235362              -8.8039
       288                         -0.3221625              -8.7665
       289                         -0.3207254              -8.7274
       290                         -0.3195686              -8.6959
       291                         -0.3169253              -8.6240
       292                         -0.3138999              -8.5417
       293                         -0.3034137              -8.2563
       294                         -0.3012625              -8.1978
       295                         -0.2923413              -7.9550
       ...                                ...                  ...
       562                          1.4064622              38.2718
      -------------------------------------------------------------
                  HL-Gap            0.0611201 Eh            1.6632 eV
             Fermi-level           -0.3570706 Eh           -9.7164 eV

     #   Z        covCN         q      C6AA      α(0)
     1  46 Pd     3.796    -0.140   368.155    35.194
     2  46 Pd     3.796    -0.140   368.138    35.194
     3   6 C      1.983    -0.022    31.628     9.082
     4   6 C      1.981    -0.033    31.937     9.126
     5   6 C      2.966     0.041    27.076     8.535
     6   6 C      2.922    -0.018    28.469     8.750
     7   6 C      2.914    -0.020    28.516     8.757
     8   6 C      2.914    -0.029    28.733     8.790
     9   6 C      2.981    -0.007    28.193     8.710
    10   6 C      2.886     0.059    26.671     8.467
    11   7 N      2.651    -0.117    23.563     7.209
    12   6 C      3.057     0.048    26.871     8.501
    13   6 C      2.910    -0.030    28.742     8.791
    14   6 C      3.000     0.003    27.935     8.670
    15   1 H      0.926     0.066     2.130     2.282
    16   1 H      0.926     0.061     2.186     2.312
    17   1 H      0.926     0.066     2.128     2.281
    18   1 H      0.925     0.104     1.751     2.069
    19   1 H      0.924     0.144     1.435     1.873
    20   1 H      0.926     0.100     1.782     2.088
    21   6 C      2.971     0.032    27.272     8.566
    22   6 C      2.923    -0.025    28.621     8.773
    23   6 C      2.926    -0.025    28.637     8.776
    24   6 C      2.971     0.033    27.254     8.563
    25   6 C      2.923    -0.035    28.875     8.812
    26   6 C      2.927    -0.034    28.851     8.809
    27   1 H      0.926     0.041     2.430     2.438
    28   1 H      0.926     0.043     2.411     2.428
    29   1 H      0.926     0.076     2.019     2.222
    30   1 H      0.926     0.068     2.103     2.268
    31   6 C      1.983    -0.017    31.512     9.065
    32   6 C      1.983    -0.039    32.092     9.148
    33   6 C      2.965     0.041    27.082     8.536
    34   6 C      2.929    -0.022    28.566     8.765
    35   6 C      2.914    -0.016    28.409     8.740
    36   6 C      2.915    -0.031    28.769     8.795
    37   6 C      2.990     0.024    27.452     8.595
    38   6 C      2.912    -0.033    28.826     8.804
    39   6 C      2.989     0.055    26.767     8.487
    40   7 N      2.655    -0.126    23.749     7.238
    41   6 C      2.882     0.060    26.661     8.465
    42   6 C      2.984    -0.016    28.407     8.743
    43   1 H      0.926     0.066     2.127     2.280
    44   1 H      0.926     0.062     2.175     2.306
    45   1 H      0.926     0.067     2.114     2.274
    46   1 H      0.926     0.094     1.843     2.123
    47   1 H      0.924     0.135     1.501     1.916
    48   1 H      0.925     0.108     1.710     2.045
    49   6 C      1.982    -0.022    31.652     9.086
    50   6 C      1.981    -0.034    31.974     9.132
    51   6 C      2.965     0.044    27.010     8.525
    52   6 C      2.922    -0.018    28.468     8.750
    53   6 C      2.914    -0.019    28.478     8.751
    54   6 C      2.914    -0.031    28.765     8.795
    55   6 C      2.981     0.005    27.894     8.663
    56   6 C      2.884     0.059    26.676     8.467
    57   7 N      2.667    -0.078    22.761     7.086
    58   6 C      2.967     0.043    27.031     8.528
    59   6 C      2.911    -0.028    28.697     8.784
    60   6 C      2.999     0.016    27.645     8.625
    61   1 H      0.926     0.062     2.174     2.306
    62   1 H      0.926     0.059     2.206     2.322
    63   1 H      0.926     0.070     2.080     2.255
    64   1 H      0.925     0.114     1.660     2.015
    65   1 H      0.924     0.147     1.409     1.856
    66   1 H      0.926     0.103     1.759     2.074
    67   6 C      2.971     0.039    27.129     8.544
    68   6 C      2.926    -0.034    28.837     8.807
    69   6 C      2.923    -0.035    28.869     8.811
    70   6 C      2.971     0.038    27.150     8.547
    71   6 C      2.926    -0.025    28.635     8.776
    72   6 C      2.923    -0.025    28.640     8.776
    73   1 H      0.926     0.070     2.084     2.258
    74   1 H      0.926     0.074     2.037     2.232
    75   1 H      0.926     0.038     2.477     2.461
    76   1 H      0.926     0.038     2.474     2.460
    77   6 C      1.983    -0.020    31.576     9.075
    78   6 C      1.982    -0.038    32.066     9.145
    79   6 C      2.965     0.044    27.003     8.523
    80   6 C      2.928    -0.022    28.566     8.765
    81   6 C      2.914    -0.016    28.414     8.741
    82   6 C      2.915    -0.032    28.789     8.799
    83   6 C      2.989     0.027    27.383     8.584
    84   6 C      2.912    -0.032    28.809     8.801
    85   6 C      2.961     0.049    26.901     8.507
    86   7 N      2.668    -0.078    22.753     7.084
    87   6 C      2.883     0.058    26.688     8.469
    88   6 C      2.985    -0.003    28.091     8.694
    89   1 H      0.926     0.063     2.162     2.300
    90   1 H      0.926     0.058     2.224     2.332
    91   1 H      0.926     0.064     2.155     2.296
    92   1 H      0.926     0.091     1.867     2.137
    93   1 H      0.924     0.136     1.488     1.908
    94   1 H      0.925     0.116     1.648     2.007
    95   6 C      1.982    -0.022    31.652     9.086
    96   6 C      1.981    -0.034    31.974     9.132
    97   6 C      2.965     0.044    27.010     8.525
    98   6 C      2.922    -0.018    28.468     8.750
    99   6 C      2.914    -0.019    28.478     8.751
   100   6 C      2.914    -0.031    28.765     8.795
   101   6 C      2.981     0.005    27.894     8.663
   102   6 C      2.884     0.059    26.675     8.467
   103   7 N      2.667    -0.078    22.761     7.086
   104   6 C      2.967     0.043    27.031     8.528
   105   6 C      2.911    -0.028    28.697     8.784
   106   6 C      2.999     0.016    27.645     8.625
   107   1 H      0.926     0.062     2.174     2.306
   108   1 H      0.926     0.059     2.206     2.323
   109   1 H      0.926     0.070     2.080     2.255
   110   1 H      0.925     0.114     1.660     2.015
   111   1 H      0.924     0.147     1.409     1.856
   112   1 H      0.926     0.103     1.759     2.074
   113   6 C      2.971     0.039    27.129     8.544
   114   6 C      2.923    -0.026    28.640     8.776
   115   6 C      2.926    -0.025    28.635     8.776
   116   6 C      2.971     0.038    27.150     8.547
   117   6 C      2.923    -0.035    28.869     8.811
   118   6 C      2.926    -0.034    28.837     8.806
   119   1 H      0.926     0.038     2.474     2.460
   120   1 H      0.926     0.038     2.476     2.461
   121   1 H      0.926     0.074     2.037     2.232
   122   1 H      0.926     0.070     2.084     2.258
   123   6 C      1.983    -0.020    31.576     9.075
   124   6 C      1.982    -0.038    32.066     9.145
   125   6 C      2.965     0.044    27.003     8.524
   126   6 C      2.928    -0.022    28.566     8.765
   127   6 C      2.914    -0.016    28.414     8.741
   128   6 C      2.915    -0.032    28.790     8.799
   129   6 C      2.990     0.027    27.383     8.584
   130   6 C      2.912    -0.032    28.809     8.801
   131   6 C      2.961     0.049    26.901     8.507
   132   7 N      2.668    -0.077    22.753     7.084
   133   6 C      2.883     0.058    26.688     8.469
   134   6 C      2.985    -0.003    28.091     8.694
   135   1 H      0.926     0.063     2.162     2.300
   136   1 H      0.926     0.058     2.225     2.332
   137   1 H      0.926     0.064     2.155     2.296
   138   1 H      0.926     0.091     1.867     2.137
   139   1 H      0.924     0.136     1.488     1.908
   140   1 H      0.925     0.116     1.648     2.007
   141   6 C      1.983    -0.022    31.629     9.082
   142   6 C      1.981    -0.033    31.936     9.126
   143   6 C      2.966     0.041    27.075     8.535
   144   6 C      2.922    -0.018    28.469     8.750
   145   6 C      2.914    -0.020    28.516     8.757
   146   6 C      2.914    -0.029    28.734     8.790
   147   6 C      2.981    -0.007    28.194     8.710
   148   6 C      2.886     0.059    26.671     8.467
   149   7 N      2.651    -0.117    23.563     7.209
   150   6 C      3.057     0.048    26.870     8.501
   151   6 C      2.910    -0.030    28.742     8.791
   152   6 C      3.000     0.003    27.936     8.670
   153   1 H      0.926     0.066     2.130     2.282
   154   1 H      0.926     0.061     2.186     2.312
   155   1 H      0.926     0.066     2.128     2.281
   156   1 H      0.925     0.104     1.751     2.069
   157   1 H      0.924     0.144     1.435     1.873
   158   1 H      0.926     0.100     1.782     2.088
   159   6 C      2.971     0.032    27.272     8.566
   160   6 C      2.923    -0.025    28.620     8.773
   161   6 C      2.926    -0.025    28.637     8.776
   162   6 C      2.971     0.033    27.254     8.563
   163   6 C      2.923    -0.035    28.874     8.812
   164   6 C      2.927    -0.034    28.851     8.809
   165   1 H      0.926     0.041     2.430     2.438
   166   1 H      0.926     0.043     2.411     2.428
   167   1 H      0.926     0.076     2.020     2.222
   168   1 H      0.926     0.068     2.103     2.268
   169   6 C      1.983    -0.017    31.512     9.065
   170   6 C      1.983    -0.039    32.091     9.148
   171   6 C      2.965     0.041    27.082     8.536
   172   6 C      2.929    -0.022    28.566     8.765
   173   6 C      2.914    -0.016    28.409     8.740
   174   6 C      2.915    -0.031    28.769     8.795
   175   6 C      2.990     0.024    27.451     8.595
   176   6 C      2.912    -0.033    28.826     8.804
   177   6 C      2.989     0.055    26.767     8.487
   178   7 N      2.655    -0.126    23.749     7.238
   179   6 C      2.882     0.060    26.661     8.465
   180   6 C      2.984    -0.016    28.407     8.743
   181   1 H      0.926     0.066     2.127     2.281
   182   1 H      0.926     0.062     2.175     2.306
   183   1 H      0.926     0.067     2.114     2.274
   184   1 H      0.926     0.094     1.843     2.123
   185   1 H      0.924     0.135     1.501     1.916
   186   1 H      0.925     0.108     1.710     2.045

 Mol. C6AA /au·bohr⁶  :     584258.594892
 Mol. C8AA /au·bohr⁸  :   16596577.535936
 Mol. α(0) /au        :       1246.646081


Wiberg/Mayer (AO) data.
largest (>0.10) Wiberg bond orders for each atom
          total WBO             WBO to atom ...
     1  Pd  3.587        N   57 0.632    N  132 0.622    N   40 0.553    N  149 0.539    C  150 0.136    C   58 0.118    C   39 0.117    C  131 0.111
     2  Pd  3.587        N  103 0.632    N   86 0.622    N  178 0.553    N   11 0.539    C   12 0.136    C  104 0.118    C  177 0.117    C   85 0.111
     3  C   3.945        C    4 2.631    C   21 1.141
     4  C   3.943        C    3 2.631    C    5 1.144
     5  C   3.986        C    6 1.435    C   14 1.216    C    4 1.144
     6  C   3.960        C    5 1.435    C    7 1.352    H   15 0.967
     7  C   3.985        C    8 1.528    C    6 1.352    H   16 0.967
     8  C   3.940        C    7 1.528    C    9 1.275    H   17 0.965
     9  C   3.986        C   10 1.280    C    8 1.275    C   14 1.240
    10  C   3.962        N   11 1.463    C    9 1.280    H   18 0.935    C   13 0.100
    11  N   3.468        C   10 1.463    C   12 1.216    Pd   2 0.539
    12  C   3.967        C   13 1.545    N   11 1.216    H   19 0.879    Pd   2 0.136
    13  C   3.981        C   12 1.545    C   14 1.284    H   20 0.954    C   10 0.100
    14  C   3.981        C   13 1.284    C    9 1.240    C    5 1.216
    15  H   0.995        C    6 0.967
    16  H   0.995        C    7 0.967
    17  H   0.995        C    8 0.965
    18  H   0.988        C   10 0.935
    19  H   0.979        C   12 0.879
    20  H   0.989        C   13 0.954
    21  C   3.953        C   22 1.339    C   26 1.335    C    3 1.141
    22  C   3.974        C   23 1.484    C   21 1.339    H   27 0.969
    23  C   3.980        C   22 1.484    C   24 1.335    H   28 0.969
    24  C   3.953        C   25 1.338    C   23 1.335    C   31 1.141
    25  C   3.970        C   26 1.484    C   24 1.338    H   29 0.965
    26  C   3.974        C   25 1.484    C   21 1.335    H   30 0.966
    27  H   0.997        C   22 0.969
    28  H   0.997        C   23 0.969
    29  H   0.993        C   25 0.965
    30  H   0.994        C   26 0.966
    31  C   3.941        C   32 2.623    C   24 1.141
    32  C   3.942        C   31 2.623    C   33 1.149
    33  C   3.983        C   34 1.433    C   42 1.203    C   32 1.149
    34  C   3.972        C   33 1.433    C   35 1.358    H   43 0.967
    35  C   3.981        C   36 1.511    C   34 1.358    H   44 0.967
    36  C   3.944        C   35 1.511    C   37 1.299    H   45 0.965
    37  C   3.987        C   36 1.299    C   38 1.266    C   42 1.231
    38  C   3.978        C   39 1.560    C   37 1.266    H   46 0.959    C   41 0.101
    39  C   3.971        C   38 1.560    N   40 1.229    H   47 0.880    Pd   1 0.117
    40  N   3.485        C   41 1.441    C   39 1.229    Pd   1 0.553
    41  C   3.965        N   40 1.441    C   42 1.314    H   48 0.930    C   38 0.101
    42  C   3.978        C   41 1.314    C   37 1.231    C   33 1.203
    43  H   0.995        C   34 0.967
    44  H   0.994        C   35 0.967
    45  H   0.994        C   36 0.965
    46  H   0.990        C   38 0.959
    47  H   0.981        C   39 0.880
    48  H   0.987        C   41 0.930
    49  C   3.945        C   50 2.632    C   67 1.140
    50  C   3.943        C   49 2.632    C   51 1.144
    51  C   3.987        C   52 1.435    C   60 1.215    C   50 1.144
    52  C   3.961        C   51 1.435    C   53 1.351    H   61 0.968
    53  C   3.986        C   54 1.528    C   52 1.351    H   62 0.967
    54  C   3.939        C   53 1.528    C   55 1.276    H   63 0.965
    55  C   3.986        C   56 1.281    C   54 1.276    C   60 1.238
    56  C   3.961        N   57 1.458    C   55 1.281    H   64 0.927    C   59 0.100
    57  N   3.561        C   56 1.458    C   58 1.225    Pd   1 0.632
    58  C   3.964        C   59 1.551    N   57 1.225    H   65 0.874    Pd   1 0.118
    59  C   3.980        C   58 1.551    C   60 1.288    H   66 0.954    C   56 0.100
    60  C   3.983        C   59 1.288    C   55 1.238    C   51 1.215
    61  H   0.995        C   52 0.968
    62  H   0.995        C   53 0.967
    63  H   0.994        C   54 0.965
    64  H   0.986        C   56 0.927
    65  H   0.977        C   58 0.874
    66  H   0.988        C   59 0.954
    67  C   3.952        C   72 1.339    C   68 1.335    C   49 1.140
    68  C   3.974        C   69 1.487    C   67 1.335    H   73 0.966
    69  C   3.970        C   68 1.487    C   70 1.337    H   74 0.965
    70  C   3.953        C   69 1.337    C   71 1.335    C   77 1.143
    71  C   3.980        C   72 1.484    C   70 1.335    H   75 0.970
    72  C   3.974        C   71 1.484    C   67 1.339    H   76 0.970
    73  H   0.994        C   68 0.966
    74  H   0.993        C   69 0.965
    75  H   0.997        C   71 0.970
    76  H   0.997        C   72 0.970
    77  C   3.941        C   78 2.624    C   70 1.143
    78  C   3.943        C   77 2.624    C   79 1.150
    79  C   3.982        C   80 1.434    C   88 1.202    C   78 1.150
    80  C   3.971        C   79 1.434    C   81 1.358    H   89 0.967
    81  C   3.982        C   82 1.513    C   80 1.358    H   90 0.968
    82  C   3.944        C   81 1.513    C   83 1.297    H   91 0.966
    83  C   3.987        C   82 1.297    C   84 1.267    C   88 1.231
    84  C   3.977        C   85 1.560    C   83 1.267    H   92 0.959    C   87 0.101
    85  C   3.970        C   84 1.560    N   86 1.234    H   93 0.882    Pd   2 0.111
    86  N   3.549        C   87 1.438    C   85 1.234    Pd   2 0.622
    87  C   3.965        N   86 1.438    C   88 1.313    H   94 0.924    C   84 0.101
    88  C   3.978        C   87 1.313    C   83 1.231    C   79 1.202
    89  H   0.995        C   80 0.967
    90  H   0.995        C   81 0.968
    91  H   0.995        C   82 0.966
    92  H   0.991        C   84 0.959
    93  H   0.981        C   85 0.882
    94  H   0.985        C   87 0.924
    95  C   3.945        C   96 2.632    C  113 1.141
    96  C   3.943        C   95 2.632    C   97 1.144
    97  C   3.987        C   98 1.435    C  106 1.215    C   96 1.144
    98  C   3.961        C   97 1.435    C   99 1.351    H  107 0.968
    99  C   3.986        C  100 1.528    C   98 1.351    H  108 0.967
   100  C   3.939        C   99 1.528    C  101 1.276    H  109 0.965
   101  C   3.986        C  102 1.281    C  100 1.276    C  106 1.238
   102  C   3.961        N  103 1.458    C  101 1.281    H  110 0.927    C  105 0.100
   103  N   3.561        C  102 1.458    C  104 1.224    Pd   2 0.632
   104  C   3.964        C  105 1.551    N  103 1.224    H  111 0.874    Pd   2 0.118
   105  C   3.980        C  104 1.551    C  106 1.288    H  112 0.954    C  102 0.100
   106  C   3.983        C  105 1.288    C  101 1.238    C   97 1.215
   107  H   0.995        C   98 0.968
   108  H   0.995        C   99 0.967
   109  H   0.994        C  100 0.965
   110  H   0.986        C  102 0.927
   111  H   0.977        C  104 0.874
   112  H   0.988        C  105 0.954
   113  C   3.952        C  114 1.339    C  118 1.335    C   95 1.141
   114  C   3.974        C  115 1.484    C  113 1.339    H  119 0.970
   115  C   3.980        C  114 1.484    C  116 1.335    H  120 0.970
   116  C   3.953        C  117 1.337    C  115 1.335    C  123 1.143
   117  C   3.970        C  118 1.487    C  116 1.337    H  121 0.965
   118  C   3.974        C  117 1.487    C  113 1.335    H  122 0.966
   119  H   0.997        C  114 0.970
   120  H   0.997        C  115 0.970
   121  H   0.993        C  117 0.965
   122  H   0.994        C  118 0.966
   123  C   3.941        C  124 2.624    C  116 1.143
   124  C   3.943        C  123 2.624    C  125 1.150
   125  C   3.982        C  126 1.434    C  134 1.202    C  124 1.150
   126  C   3.971        C  125 1.434    C  127 1.358    H  135 0.967
   127  C   3.982        C  128 1.513    C  126 1.358    H  136 0.968
   128  C   3.944        C  127 1.513    C  129 1.297    H  137 0.966
   129  C   3.987        C  128 1.297    C  130 1.267    C  134 1.231
   130  C   3.977        C  131 1.560    C  129 1.267    H  138 0.959    C  133 0.101
   131  C   3.970        C  130 1.560    N  132 1.234    H  139 0.882    Pd   1 0.111
   132  N   3.549        C  133 1.438    C  131 1.234    Pd   1 0.622
   133  C   3.965        N  132 1.438    C  134 1.313    H  140 0.924    C  130 0.101
   134  C   3.978        C  133 1.313    C  129 1.231    C  125 1.202
   135  H   0.995        C  126 0.967
   136  H   0.995        C  127 0.968
   137  H   0.995        C  128 0.966
   138  H   0.991        C  130 0.959
   139  H   0.981        C  131 0.882
   140  H   0.985        C  133 0.924
   141  C   3.945        C  142 2.631    C  159 1.141
   142  C   3.943        C  141 2.631    C  143 1.144
   143  C   3.986        C  144 1.435    C  152 1.216    C  142 1.144
   144  C   3.960        C  143 1.435    C  145 1.352    H  153 0.967
   145  C   3.985        C  146 1.528    C  144 1.352    H  154 0.967
   146  C   3.940        C  145 1.528    C  147 1.275    H  155 0.965
   147  C   3.986        C  148 1.280    C  146 1.275    C  152 1.240
   148  C   3.962        N  149 1.463    C  147 1.280    H  156 0.935    C  151 0.100
   149  N   3.468        C  148 1.463    C  150 1.216    Pd   1 0.539
   150  C   3.967        C  151 1.545    N  149 1.216    H  157 0.879    Pd   1 0.136
   151  C   3.981        C  150 1.545    C  152 1.284    H  158 0.954    C  148 0.100
   152  C   3.981        C  151 1.284    C  147 1.240    C  143 1.216
   153  H   0.995        C  144 0.967
   154  H   0.995        C  145 0.967
   155  H   0.995        C  146 0.965
   156  H   0.988        C  148 0.935
   157  H   0.979        C  150 0.879
   158  H   0.989        C  151 0.954
   159  C   3.953        C  160 1.339    C  164 1.336    C  141 1.141
   160  C   3.974        C  161 1.484    C  159 1.339    H  165 0.969
   161  C   3.980        C  160 1.484    C  162 1.335    H  166 0.969
   162  C   3.953        C  163 1.338    C  161 1.335    C  169 1.141
   163  C   3.970        C  164 1.483    C  162 1.338    H  167 0.965
   164  C   3.974        C  163 1.483    C  159 1.336    H  168 0.966
   165  H   0.997        C  160 0.969
   166  H   0.997        C  161 0.969
   167  H   0.993        C  163 0.965
   168  H   0.994        C  164 0.966
   169  C   3.941        C  170 2.623    C  162 1.141
   170  C   3.942        C  169 2.623    C  171 1.149
   171  C   3.983        C  172 1.433    C  180 1.203    C  170 1.149
   172  C   3.972        C  171 1.433    C  173 1.358    H  181 0.967
   173  C   3.981        C  174 1.511    C  172 1.358    H  182 0.967
   174  C   3.944        C  173 1.511    C  175 1.299    H  183 0.965
   175  C   3.987        C  174 1.299    C  176 1.266    C  180 1.231
   176  C   3.978        C  177 1.560    C  175 1.266    H  184 0.959    C  179 0.101
   177  C   3.971        C  176 1.560    N  178 1.229    H  185 0.880    Pd   2 0.117
   178  N   3.485        C  179 1.441    C  177 1.229    Pd   2 0.553
   179  C   3.965        N  178 1.441    C  180 1.314    H  186 0.930    C  176 0.101
   180  C   3.978        C  179 1.314    C  175 1.231    C  171 1.203
   181  H   0.995        C  172 0.967
   182  H   0.994        C  173 0.967
   183  H   0.994        C  174 0.965
   184  H   0.990        C  176 0.959
   185  H   0.981        C  177 0.880
   186  H   0.987        C  179 0.930

molecular dipole:
                 x           y           z       tot (Debye)
 q only:       -5.165      -1.833      -7.885
   full:       -4.859      -1.832      -8.145      24.552
molecular quadrupole (traceless):
                xx          xy          yy          xz          yz          zz
 q only:     -253.373     -37.043     518.414     -60.592     -40.806    -265.041
  q+dip:     -275.132     -38.353     568.169     -88.393     -41.818    -293.037
   full:     -258.280     -38.027     529.403     -72.907     -41.527    -271.123

           -------------------------------------------------
          |               Frequency Printout                |
           -------------------------------------------------
 projected vibrational frequencies (cm-1)
eigval :       -0.00    -0.00    -0.00    -0.00     0.00     0.00
eigval :        5.96     6.89     9.46    10.85    12.00    12.23
eigval :       14.60    16.58    18.99    19.49    19.87    21.51
eigval :       23.22    23.56    26.02    31.73    34.10    34.56
eigval :       38.75    43.08    46.01    46.72    49.34    50.15
eigval :       51.80    56.06    61.63    63.09    67.32    69.80
eigval :       70.24    72.86    73.05    77.80    81.26    86.40
eigval :       92.92    93.25    96.16   101.41   102.70   103.82
eigval :      106.84   110.11   111.13   116.37   121.98   122.39
eigval :      129.07   129.51   130.80   135.31   137.80   138.94
eigval :      144.04   150.92   152.79   153.93   154.23   155.49
eigval :      163.08   163.67   165.73   169.35   171.32   171.62
eigval :      173.57   176.35   177.40   187.48   192.39   193.50
eigval :      204.68   206.12   211.47   212.85   214.63   221.39
eigval :      243.81   245.54   251.68   256.18   264.62   271.87
eigval :      275.05   277.51   288.06   288.49   294.52   295.14
eigval :      301.26   302.13   305.59   306.79   308.51   309.01
eigval :      325.91   326.81   330.14   331.29   338.52   339.98
eigval :      347.77   348.21   349.17   354.08   361.08   362.05
eigval :      363.27   363.86   370.64   373.45   391.40   391.44
eigval :      395.27   395.36   397.64   398.47   408.04   408.37
eigval :      431.14   431.18   431.39   431.61   435.96   436.53
eigval :      436.72   436.89   438.95   439.04   446.82   446.86
eigval :      449.87   449.89   451.12   451.48   468.60   469.05
eigval :      469.15   470.81   472.90   473.04   474.07   475.18
eigval :      475.61   475.71   478.06   479.61   484.90   485.13
eigval :      491.01   491.35   506.98   508.06   509.25   509.60
eigval :      511.88   514.29   514.72   516.01   517.38   518.51
eigval :      518.78   519.45   532.97   533.38   535.13   535.21
eigval :      539.21   540.18   542.11   542.41   551.18   554.50
eigval :      555.37   571.17   576.35   577.01   591.26   610.74
eigval :      611.07   611.42   612.21   612.52   612.57   615.31
eigval :      617.70   620.78   620.92   622.97   623.93   624.84
eigval :      627.87   628.31   635.71   651.67   673.87   674.86
eigval :      675.46   675.65   689.13   689.32   689.89   691.52
eigval :      724.25   724.36   724.86   724.93   725.53   725.87
eigval :      726.20   726.52   764.80   764.93   765.21   765.99
eigval :      772.62   772.89   774.28   774.55   776.83   776.94
eigval :      779.00   779.04   791.99   792.10   798.09   798.16
eigval :      800.07   800.29   803.88   804.03   806.44   807.60
eigval :      807.80   809.47   809.64   811.55   814.78   815.29
eigval :      819.95   819.97   822.73   822.85   831.56   832.23
eigval :      832.39   833.09   855.14   855.95   856.88   858.72
eigval :      861.57   861.87   862.36   862.73   865.55   865.75
eigval :      871.36   871.60   875.01   877.44   880.73   881.43
eigval :      885.64   886.32   890.00   891.13   891.75   891.82
eigval :      892.52   892.94   893.67   894.48   895.49   895.75
eigval :      895.99   896.32   896.34   896.73   900.29   900.64
eigval :      900.85   901.11   901.49   901.71   902.46   905.48
eigval :      922.20   923.02   924.05   924.30   933.34   934.09
eigval :      934.18   934.19   934.52   934.71   934.96   934.98
eigval :      995.54   995.84   996.27   996.36  1039.06  1039.09
eigval :     1039.22  1039.69  1048.67  1048.86  1049.54  1049.78
eigval :     1059.33  1059.35  1066.23  1066.34  1068.45  1068.56
eigval :     1071.94  1072.04  1107.48  1107.69  1107.92  1108.12
eigval :     1110.06  1110.31  1110.57  1110.66  1126.60  1126.85
eigval :     1127.64  1128.42  1157.09  1157.19  1157.53  1157.73
eigval :     1160.17  1160.82  1165.40  1166.35  1170.34  1171.00
eigval :     1171.39  1171.97  1174.30  1174.51  1174.89  1175.01
eigval :     1184.41  1184.82  1185.15  1187.23  1190.89  1191.43
eigval :     1192.25  1193.85  1201.00  1201.13  1202.15  1203.04
eigval :     1213.38  1213.68  1215.23  1216.13  1217.06  1217.30
eigval :     1217.90  1218.93  1219.43  1219.44  1221.31  1221.43
eigval :     1225.69  1225.81  1228.59  1228.74  1252.92  1253.60
eigval :     1253.69  1254.21  1285.26  1286.47  1287.01  1288.11
eigval :     1294.67  1296.35  1297.47  1299.55  1306.74  1306.88
eigval :     1308.08  1308.19  1312.53  1312.96  1313.55  1319.99
eigval :     1321.44  1321.72  1322.97  1330.79  1347.99  1348.38
eigval :     1349.92  1352.44  1361.96  1362.73  1363.09  1363.87
eigval :     1370.55  1370.68  1371.42  1372.89  1376.12  1376.37
eigval :     1377.02  1379.31  1395.22  1395.48  1395.92  1396.43
eigval :     1398.12  1398.22  1400.35  1400.52  1400.78  1400.97
eigval :     1404.61  1404.77  1424.38  1424.72  1425.38  1425.93
eigval :     1441.47  1441.53  1442.39  1442.78  1459.98  1460.00
eigval :     1462.68  1463.37  1465.37  1465.46  1477.41  1478.01
eigval :     1489.21  1489.28  1490.86  1491.90  1527.84  1527.95
eigval :     1528.27  1528.33  1528.83  1529.10  1529.42  1529.85
eigval :     1537.28  1537.41  1540.48  1540.61  1554.45  1554.55
eigval :     1556.34  1556.90  1557.45  1557.58  1559.72  1560.35
eigval :     1566.49  1566.72  1566.93  1567.53  1567.99  1568.04
eigval :     1576.58  1577.25  1578.62  1578.74  1580.95  1581.04
eigval :     2290.36  2290.51  2291.84  2292.59  2299.47  2299.59
eigval :     2300.16  2300.63  2897.27  2897.46  2913.07  2913.11
eigval :     2918.14  2918.24  2921.19  2921.42  3022.97  3024.28
eigval :     3029.42  3029.97  3042.95  3043.54  3047.38  3047.55
eigval :     3084.37  3084.70  3089.08  3089.66  3093.44  3093.93
eigval :     3094.51  3094.95  3094.95  3095.56  3095.78  3095.86
eigval :     3096.13  3096.43  3100.63  3101.87  3101.96  3102.26
eigval :     3102.50  3102.97  3103.11  3103.18  3103.41  3103.60
eigval :     3104.55  3104.82  3105.12  3105.66  3108.70  3109.03
eigval :     3109.27  3109.55  3110.37  3110.54  3110.95  3111.01
eigval :     3111.42  3111.46  3111.75  3111.86  3112.62  3113.99
eigval :     3114.52  3114.70  3114.81  3115.29  3115.68  3115.92
 reduced masses (amu)
   1: 23.37   2: 22.72   3: 23.81   4: 20.94   5: 14.79   6: 23.06   7: 12.09   8: 12.71
   9: 17.78  10: 15.07  11: 14.58  12: 15.18  13: 19.53  14: 15.57  15: 26.66  16: 12.41
  17: 11.54  18: 11.59  19: 11.45  20: 13.40  21: 10.97  22: 16.27  23: 10.82  24: 11.97
  25: 25.77  26: 13.22  27: 12.32  28: 13.75  29: 11.24  30: 13.00  31: 14.70  32: 13.26
  33: 27.84  34: 11.77  35: 11.45  36: 12.76  37: 11.69  38: 11.30  39: 10.48  40: 12.15
  41: 11.90  42: 11.57  43: 12.09  44: 12.70  45: 14.69  46: 12.59  47: 13.82  48: 12.37
  49: 11.41  50: 12.53  51: 11.66  52: 11.91  53: 11.57  54: 17.19  55: 11.60  56: 14.13
  57: 11.03  58: 11.82  59: 11.85  60: 11.33  61: 12.51  62: 14.62  63: 11.84  64: 11.73
  65: 11.99  66: 11.39  67: 10.09  68:  9.98  69: 22.74  70: 14.95  71: 14.26  72: 14.63
  73: 11.36  74: 21.30  75: 20.14  76: 22.13  77: 16.52  78: 20.13  79: 34.55  80: 35.18
  81: 39.36  82: 22.05  83: 27.37  84: 16.02  85: 18.65  86: 22.75  87: 19.31  88: 15.08
  89: 32.46  90: 38.20  91: 27.82  92: 28.33  93: 17.07  94: 19.62  95: 13.01  96: 14.51
  97: 16.80  98: 10.70  99: 11.55 100: 13.22 101: 16.47 102: 16.53 103: 11.65 104: 11.41
 105: 10.99 106: 11.30 107: 13.22 108: 16.17 109: 12.10 110: 13.48 111: 13.24 112: 12.73
 113:  8.96 114:  8.92 115:  8.94 116:  8.96 117: 11.70 118: 11.45 119:  9.40 120:  9.40
 121:  9.59 122:  9.59 123:  9.71 124:  9.64 125: 10.92 126: 11.17 127: 11.89 128: 11.89
 129: 11.87 130: 11.88 131: 11.50 132: 11.43 133: 11.50 134: 11.51 135: 10.42 136: 10.52
 137: 10.41 138: 10.44 139: 11.32 140: 11.29 141: 10.94 142: 11.05 143: 11.61 144: 11.64
 145: 11.78 146: 11.36 147: 11.57 148: 11.64 149: 11.16 150: 11.29 151: 11.22 152: 11.15
 153: 11.22 154: 11.33 155: 12.38 156: 12.61 157: 11.44 158: 11.42 159:  9.64 160:  9.31
 161:  9.37 162:  9.85 163: 11.23 164: 11.25 165: 11.91 166: 12.13 167: 11.59 168: 11.76
 169: 11.61 170: 11.49 171: 10.15 172: 10.13 173: 10.21 174: 10.26 175: 10.76 176: 10.71
 177: 10.91 178: 10.90 179: 11.57 180: 12.37 181: 12.79 182: 11.73 183: 12.39 184: 12.84
 185: 11.73 186: 10.75 187: 10.62 188: 11.41 189: 11.42 190: 11.41 191: 11.29 192: 10.98
 193: 10.74 194: 11.38 195: 11.28 196: 11.26 197: 11.72 198: 11.49 199: 11.38 200: 11.58
 201: 12.07 202: 11.83 203: 11.24 204: 11.24 205: 11.21 206: 11.23 207: 11.26 208: 11.25
 209: 11.26 210: 11.27 211: 10.66 212: 10.65 213: 10.64 214: 10.63 215: 10.81 216: 10.79
 217: 10.79 218: 10.78 219: 10.91 220: 11.03 221: 11.13 222: 11.02 223:  3.77 224:  3.78
 225:  3.77 226:  3.79 227:  4.76 228:  4.79 229:  4.46 230:  4.48 231: 10.55 232: 10.50
 233: 11.26 234: 11.24 235: 11.35 236: 11.40 237: 11.47 238: 11.44 239:  4.96 240:  4.80
 241:  4.56 242:  4.15 243:  4.78 244:  4.55 245:  4.05 246:  4.09 247:  4.14 248:  4.13
 249:  4.18 250:  4.12 251: 10.90 252: 11.00 253: 10.99 254: 10.89 255:  3.37 256:  3.34
 257:  3.36 258:  3.33 259:  4.48 260:  4.48 261:  4.46 262:  4.47 263:  5.05 264:  5.12
 265:  4.74 266:  4.55 267:  9.60 268:  9.49 269: 10.77 270: 10.95 271:  9.06 272:  8.01
 273:  4.22 274:  4.32 275:  3.56 276:  3.56 277:  4.15 278:  5.40 279:  7.44 280: 10.37
 281:  4.08 282:  4.15 283:  4.43 284:  5.89 285:  4.85 286:  6.06 287:  3.48 288:  3.91
 289:  3.72 290:  3.86 291:  3.60 292:  3.70 293:  3.29 294:  3.18 295:  3.68 296:  3.71
 297:  3.68 298:  3.69 299:  3.70 300:  3.69 301:  3.70 302:  3.67 303:  3.66 304:  3.70
 305:  3.70 306:  3.69 307:  9.95 308:  9.96 309:  9.96 310:  9.93 311: 10.14 312: 10.14
 313: 10.11 314: 10.07 315:  9.04 316:  9.09 317:  9.11 318:  9.10 319:  7.83 320:  7.83
 321:  7.48 322:  7.49 323:  7.57 324:  7.56 325:  7.48 326:  7.48 327:  5.97 328:  5.97
 329:  5.99 330:  5.98 331:  6.12 332:  6.12 333:  6.07 334:  6.07 335:  3.13 336:  3.13
 337:  3.17 338:  3.17 339:  3.25 340:  3.22 341:  3.40 342:  3.41 343:  3.52 344:  3.36
 345:  4.06 346:  3.80 347:  3.30 348:  3.35 349:  2.65 350:  3.41 351:  3.75 352:  3.81
 353:  3.82 354:  3.35 355:  2.45 356:  2.46 357:  2.44 358:  2.61 359:  4.29 360:  4.04
 361:  4.29 362:  4.15 363:  4.86 364:  4.81 365:  5.08 366:  5.05 367:  5.56 368:  5.54
 369:  6.21 370:  6.63 371:  7.44 372:  7.28 373:  6.68 374:  4.85 375:  5.27 376:  7.14
 377:  4.82 378:  4.74 379:  5.21 380:  5.23 381:  4.82 382:  4.87 383:  3.22 384:  3.23
 385:  3.22 386:  3.22 387:  6.94 388:  6.87 389:  6.88 390:  6.74 391:  8.32 392:  8.24
 393:  8.33 394:  8.09 395: 11.14 396: 11.12 397: 11.16 398: 11.16 399:  9.74 400:  9.77
 401:  9.87 402:  9.78 403:  9.97 404: 10.00 405: 10.22 406: 10.27 407:  9.85 408:  9.85
 409:  9.91 410:  9.76 411: 10.37 412: 10.41 413: 10.28 414: 10.15 415:  9.83 416:  9.83
 417:  9.74 418:  9.30 419: 10.55 420: 10.59 421: 10.46 422: 10.05 423: 10.38 424: 10.35
 425: 10.35 426: 10.32 427: 11.25 428: 11.26 429: 11.02 430: 10.93 431: 11.18 432: 11.15
 433: 11.43 434: 11.44 435: 10.33 436: 10.33 437: 10.32 438: 10.25 439: 11.03 440: 11.03
 441: 11.06 442: 10.98 443: 11.32 444: 11.32 445: 11.28 446: 11.13 447: 11.00 448: 11.00
 449: 11.01 450: 11.37 451: 10.69 452: 10.68 453: 10.75 454: 10.97 455: 11.74 456: 11.74
 457: 11.61 458: 11.61 459: 11.77 460: 11.78 461: 11.64 462: 11.62 463: 11.64 464: 11.64
 465: 11.76 466: 11.77 467: 11.70 468: 11.71 469: 11.58 470: 11.63 471: 11.52 472: 11.52
 473: 11.42 474: 11.45 475: 11.54 476: 11.51 477: 11.47 478: 11.49 479: 11.50 480: 11.50
 481: 11.54 482: 11.51 483: 11.50 484: 11.50 485: 11.54 486: 11.54 487: 12.01 488: 12.01
 489: 12.01 490: 12.01 491: 12.01 492: 12.01 493: 12.01 494: 12.01 495:  1.87 496:  1.87
 497:  1.86 498:  1.86 499:  1.86 500:  1.86 501:  1.86 502:  1.86 503:  1.83 504:  1.83
 505:  1.84 506:  1.84 507:  1.83 508:  1.83 509:  1.83 510:  1.83 511:  1.78 512:  1.78
 513:  1.79 514:  1.79 515:  1.78 516:  1.78 517:  1.78 518:  1.78 519:  1.78 520:  1.78
 521:  1.78 522:  1.78 523:  1.88 524:  1.88 525:  1.88 526:  1.79 527:  1.87 528:  1.79
 529:  1.79 530:  1.84 531:  1.79 532:  1.84 533:  1.84 534:  1.84 535:  1.84 536:  1.84
 537:  1.84 538:  1.84 539:  1.86 540:  1.89 541:  1.90 542:  1.86 543:  1.90 544:  1.87
 545:  1.89 546:  1.90 547:  1.87 548:  1.88 549:  1.90 550:  1.90 551:  1.89 552:  1.86
 553:  1.86 554:  1.85 555:  1.87 556:  1.86 557:  1.86 558:  1.87
 IR intensities (amu)
   1:  0.66   2:  0.27   3:  0.25   4:  0.63   5:  0.29   6:  0.69   7:  0.25   8:  0.36
   9:  0.44  10:  0.33  11:  0.21  12:  0.14  13:  0.03  14:  0.09  15:  0.02  16:  0.17
  17:  0.00  18:  0.10  19:  0.05  20:  0.04  21:  0.05  22:  0.03  23:  0.15  24:  0.18
  25:  0.10  26:  0.03  27:  0.12  28:  0.16  29:  0.14  30:  0.11  31:  0.23  32:  0.04
  33:  0.00  34:  0.05  35:  0.05  36:  0.17  37:  0.02  38:  0.06  39:  0.05  40:  0.07
  41:  0.21  42:  0.11  43:  0.05  44:  0.08  45:  0.15  46:  0.03  47:  0.04  48:  0.02
  49:  0.06  50:  0.15  51:  0.11  52:  0.03  53:  0.10  54:  0.13  55:  0.20  56:  0.20
  57:  0.14  58:  0.07  59:  0.14  60:  0.03  61:  0.08  62:  0.06  63:  0.18  64:  0.06
  65:  0.10  66:  0.05  67:  0.05  68:  0.04  69:  0.53  70:  0.19  71:  0.12  72:  0.23
  73:  0.06  74:  0.02  75:  0.04  76:  0.19  77:  0.01  78:  0.62  79:  1.40  80:  0.42
  81:  0.44  82:  0.26  83:  0.30  84:  0.07  85:  0.45  86:  0.37  87:  0.81  88:  0.29
  89:  0.41  90:  0.82  91:  0.28  92:  0.78  93:  0.79  94:  0.42  95:  0.57  96:  0.31
  97:  0.43  98:  0.02  99:  0.11 100:  0.45 101:  0.15 102:  0.33 103:  0.14 104:  0.31
 105:  0.13 106:  0.17 107:  0.33 108:  0.33 109:  0.20 110:  0.14 111:  0.14 112:  0.06
 113:  0.01 114:  0.03 115:  0.02 116:  0.06 117:  0.16 118:  0.26 119:  0.02 120:  0.02
 121:  0.07 122:  0.04 123:  0.08 124:  0.18 125:  0.28 126:  0.22 127:  0.13 128:  0.12
 129:  0.07 130:  0.15 131:  0.04 132:  0.14 133:  0.03 134:  0.00 135:  0.04 136:  0.13
 137:  0.21 138:  0.12 139:  0.26 140:  0.14 141:  0.24 142:  0.01 143:  0.12 144:  0.27
 145:  0.09 146:  0.05 147:  0.10 148:  0.20 149:  0.13 150:  0.08 151:  0.12 152:  0.05
 153:  0.06 154:  0.16 155:  0.34 156:  0.21 157:  0.23 158:  0.11 159:  0.17 160:  0.05
 161:  0.09 162:  0.14 163:  0.27 164:  0.18 165:  0.32 166:  0.27 167:  0.15 168:  0.08
 169:  0.02 170:  0.05 171:  0.03 172:  0.08 173:  0.10 174:  0.16 175:  0.10 176:  0.12
 177:  0.03 178:  0.02 179:  0.06 180:  0.17 181:  0.14 182:  0.26 183:  0.56 184:  0.95
 185:  0.92 186:  0.13 187:  0.10 188:  0.02 189:  0.03 190:  0.03 191:  0.08 192:  0.08
 193:  0.42 194:  0.18 195:  0.05 196:  0.16 197:  0.38 198:  0.09 199:  0.29 200:  0.01
 201:  0.50 202:  0.62 203:  0.02 204:  0.08 205:  0.02 206:  0.01 207:  0.20 208:  0.38
 209:  0.13 210:  0.02 211:  0.02 212:  0.06 213:  0.04 214:  0.12 215:  0.01 216:  0.24
 217:  0.18 218:  0.16 219:  0.12 220:  0.09 221:  0.06 222:  0.39 223:  0.05 224:  0.04
 225:  0.03 226:  0.01 227:  0.07 228:  0.08 229:  0.07 230:  0.07 231:  0.07 232:  0.03
 233:  0.13 234:  0.12 235:  0.47 236:  0.44 237:  0.43 238:  0.39 239:  0.09 240:  0.15
 241:  0.15 242:  0.57 243:  0.07 244:  0.08 245:  0.10 246:  0.39 247:  0.42 248:  0.22
 249:  0.14 250:  0.23 251:  0.23 252:  0.50 253:  0.30 254:  0.13 255:  0.04 256:  0.09
 257:  0.01 258:  0.06 259:  0.11 260:  0.11 261:  0.12 262:  0.11 263:  0.14 264:  0.20
 265:  0.08 266:  0.05 267:  0.47 268:  0.46 269:  0.23 270:  0.22 271:  0.04 272:  0.35
 273:  0.13 274:  0.08 275:  0.03 276:  0.03 277:  0.05 278:  0.10 279:  0.15 280:  0.09
 281:  0.05 282:  0.07 283:  0.11 284:  0.30 285:  0.14 286:  0.22 287:  0.02 288:  0.10
 289:  0.05 290:  0.04 291:  0.05 292:  0.03 293:  0.02 294:  0.02 295:  0.03 296:  0.05
 297:  0.01 298:  0.01 299:  0.02 300:  0.02 301:  0.03 302:  0.03 303:  0.02 304:  0.02
 305:  0.01 306:  0.01 307:  0.29 308:  0.19 309:  0.03 310:  0.09 311:  0.19 312:  0.23
 313:  0.17 314:  0.24 315:  0.77 316:  0.26 317:  0.31 318:  0.16 319:  0.40 320:  0.42
 321:  0.52 322:  0.51 323:  0.61 324:  0.11 325:  0.46 326:  0.46 327:  0.32 328:  0.35
 329:  0.43 330:  0.35 331:  0.37 332:  0.36 333:  0.42 334:  0.39 335:  0.06 336:  0.06
 337:  0.12 338:  0.05 339:  0.52 340:  0.72 341:  0.20 342:  0.16 343:  0.22 344:  1.02
 345:  0.19 346:  0.09 347:  0.14 348:  0.38 349:  0.17 350:  0.02 351:  0.18 352:  0.23
 353:  0.50 354:  0.10 355:  0.29 356:  0.18 357:  0.24 358:  0.03 359:  0.08 360:  0.06
 361:  0.05 362:  1.01 363:  0.22 364:  0.39 365:  0.10 366:  0.06 367:  0.09 368:  0.04
 369:  0.01 370:  0.29 371:  0.04 372:  0.03 373:  0.28 374:  0.10 375:  0.10 376:  0.01
 377:  0.12 378:  0.12 379:  0.19 380:  0.27 381:  0.18 382:  0.26 383:  0.01 384:  0.06
 385:  0.13 386:  0.04 387:  0.06 388:  0.02 389:  0.01 390:  0.37 391:  0.14 392:  0.07
 393:  0.29 394:  0.04 395:  0.12 396:  0.15 397:  0.11 398:  0.11 399:  0.04 400:  0.01
 401:  0.04 402:  0.13 403:  0.63 404:  0.40 405:  1.04 406:  0.08 407:  0.15 408:  0.50
 409:  0.10 410:  1.79 411:  0.21 412:  0.55 413:  2.47 414:  0.20 415:  1.20 416:  0.84
 417:  0.46 418:  0.06 419:  0.22 420:  0.43 421:  0.25 422:  1.36 423:  0.12 424:  0.10
 425:  0.02 426:  0.01 427:  1.39 428:  0.52 429:  1.50 430:  2.00 431:  1.08 432:  0.67
 433:  1.34 434:  0.63 435:  0.56 436:  0.11 437:  0.16 438:  2.15 439:  0.33 440:  0.61
 441:  0.19 442:  0.23 443:  0.48 444:  0.45 445:  0.74 446:  0.20 447:  0.42 448:  0.48
 449:  0.90 450:  0.07 451:  0.16 452:  0.14 453:  0.06 454:  0.58 455:  0.36 456:  0.94
 457:  0.12 458:  0.14 459:  2.43 460:  0.29 461:  0.08 462:  0.13 463:  0.57 464:  0.51
 465:  0.35 466:  1.92 467:  0.30 468:  1.02 469:  0.82 470:  0.90 471:  1.09 472:  1.40
 473:  0.14 474:  0.71 475:  0.09 476:  0.23 477:  0.02 478:  0.95 479:  0.50 480:  0.92
 481:  0.40 482:  0.47 483:  0.08 484:  0.06 485:  0.42 486:  0.43 487:  1.28 488:  1.08
 489:  1.47 490:  0.80 491:  0.34 492:  2.98 493:  1.01 494:  3.63 495:  0.02 496:  0.10
 497:  0.08 498:  0.10 499:  0.01 500:  0.14 501:  0.08 502:  0.10 503:  0.13 504:  0.13
 505:  0.03 506:  0.02 507:  0.17 508:  0.17 509:  0.08 510:  0.06 511:  0.15 512:  0.15
 513:  0.15 514:  0.14 515:  0.16 516:  0.15 517:  0.15 518:  0.13 519:  0.15 520:  0.14
 521:  0.16 522:  0.15 523:  0.39 524:  0.39 525:  0.14 526:  0.14 527:  0.44 528:  0.15
 529:  0.05 530:  0.18 531:  0.12 532:  0.19 533:  0.17 534:  0.18 535:  0.06 536:  0.15
 537:  0.25 538:  0.20 539:  0.15 540:  0.28 541:  0.33 542:  0.11 543:  0.29 544:  0.22
 545:  0.08 546:  0.39 547:  0.17 548:  0.21 549:  0.41 550:  0.39 551:  0.03 552:  0.16
 553:  0.09 554:  0.09 555:  0.05 556:  0.10 557:  0.07 558:  0.06
 Raman intensities (amu)
   1:  0.00   2:  0.00   3:  0.00   4:  0.00   5:  0.00   6:  0.00   7:  0.00   8:  0.00
   9:  0.00  10:  0.00  11:  0.00  12:  0.00  13:  0.00  14:  0.00  15:  0.00  16:  0.00
  17:  0.00  18:  0.00  19:  0.00  20:  0.00  21:  0.00  22:  0.00  23:  0.00  24:  0.00
  25:  0.00  26:  0.00  27:  0.00  28:  0.00  29:  0.00  30:  0.00  31:  0.00  32:  0.00
  33:  0.00  34:  0.00  35:  0.00  36:  0.00  37:  0.00  38:  0.00  39:  0.00  40:  0.00
  41:  0.00  42:  0.00  43:  0.00  44:  0.00  45:  0.00  46:  0.00  47:  0.00  48:  0.00
  49:  0.00  50:  0.00  51:  0.00  52:  0.00  53:  0.00  54:  0.00  55:  0.00  56:  0.00
  57:  0.00  58:  0.00  59:  0.00  60:  0.00  61:  0.00  62:  0.00  63:  0.00  64:  0.00
  65:  0.00  66:  0.00  67:  0.00  68:  0.00  69:  0.00  70:  0.00  71:  0.00  72:  0.00
  73:  0.00  74:  0.00  75:  0.00  76:  0.00  77:  0.00  78:  0.00  79:  0.00  80:  0.00
  81:  0.00  82:  0.00  83:  0.00  84:  0.00  85:  0.00  86:  0.00  87:  0.00  88:  0.00
  89:  0.00  90:  0.00  91:  0.00  92:  0.00  93:  0.00  94:  0.00  95:  0.00  96:  0.00
  97:  0.00  98:  0.00  99:  0.00 100:  0.00 101:  0.00 102:  0.00 103:  0.00 104:  0.00
 105:  0.00 106:  0.00 107:  0.00 108:  0.00 109:  0.00 110:  0.00 111:  0.00 112:  0.00
 113:  0.00 114:  0.00 115:  0.00 116:  0.00 117:  0.00 118:  0.00 119:  0.00 120:  0.00
 121:  0.00 122:  0.00 123:  0.00 124:  0.00 125:  0.00 126:  0.00 127:  0.00 128:  0.00
 129:  0.00 130:  0.00 131:  0.00 132:  0.00 133:  0.00 134:  0.00 135:  0.00 136:  0.00
 137:  0.00 138:  0.00 139:  0.00 140:  0.00 141:  0.00 142:  0.00 143:  0.00 144:  0.00
 145:  0.00 146:  0.00 147:  0.00 148:  0.00 149:  0.00 150:  0.00 151:  0.00 152:  0.00
 153:  0.00 154:  0.00 155:  0.00 156:  0.00 157:  0.00 158:  0.00 159:  0.00 160:  0.00
 161:  0.00 162:  0.00 163:  0.00 164:  0.00 165:  0.00 166:  0.00 167:  0.00 168:  0.00
 169:  0.00 170:  0.00 171:  0.00 172:  0.00 173:  0.00 174:  0.00 175:  0.00 176:  0.00
 177:  0.00 178:  0.00 179:  0.00 180:  0.00 181:  0.00 182:  0.00 183:  0.00 184:  0.00
 185:  0.00 186:  0.00 187:  0.00 188:  0.00 189:  0.00 190:  0.00 191:  0.00 192:  0.00
 193:  0.00 194:  0.00 195:  0.00 196:  0.00 197:  0.00 198:  0.00 199:  0.00 200:  0.00
 201:  0.00 202:  0.00 203:  0.00 204:  0.00 205:  0.00 206:  0.00 207:  0.00 208:  0.00
 209:  0.00 210:  0.00 211:  0.00 212:  0.00 213:  0.00 214:  0.00 215:  0.00 216:  0.00
 217:  0.00 218:  0.00 219:  0.00 220:  0.00 221:  0.00 222:  0.00 223:  0.00 224:  0.00
 225:  0.00 226:  0.00 227:  0.00 228:  0.00 229:  0.00 230:  0.00 231:  0.00 232:  0.00
 233:  0.00 234:  0.00 235:  0.00 236:  0.00 237:  0.00 238:  0.00 239:  0.00 240:  0.00
 241:  0.00 242:  0.00 243:  0.00 244:  0.00 245:  0.00 246:  0.00 247:  0.00 248:  0.00
 249:  0.00 250:  0.00 251:  0.00 252:  0.00 253:  0.00 254:  0.00 255:  0.00 256:  0.00
 257:  0.00 258:  0.00 259:  0.00 260:  0.00 261:  0.00 262:  0.00 263:  0.00 264:  0.00
 265:  0.00 266:  0.00 267:  0.00 268:  0.00 269:  0.00 270:  0.00 271:  0.00 272:  0.00
 273:  0.00 274:  0.00 275:  0.00 276:  0.00 277:  0.00 278:  0.00 279:  0.00 280:  0.00
 281:  0.00 282:  0.00 283:  0.00 284:  0.00 285:  0.00 286:  0.00 287:  0.00 288:  0.00
 289:  0.00 290:  0.00 291:  0.00 292:  0.00 293:  0.00 294:  0.00 295:  0.00 296:  0.00
 297:  0.00 298:  0.00 299:  0.00 300:  0.00 301:  0.00 302:  0.00 303:  0.00 304:  0.00
 305:  0.00 306:  0.00 307:  0.00 308:  0.00 309:  0.00 310:  0.00 311:  0.00 312:  0.00
 313:  0.00 314:  0.00 315:  0.00 316:  0.00 317:  0.00 318:  0.00 319:  0.00 320:  0.00
 321:  0.00 322:  0.00 323:  0.00 324:  0.00 325:  0.00 326:  0.00 327:  0.00 328:  0.00
 329:  0.00 330:  0.00 331:  0.00 332:  0.00 333:  0.00 334:  0.00 335:  0.00 336:  0.00
 337:  0.00 338:  0.00 339:  0.00 340:  0.00 341:  0.00 342:  0.00 343:  0.00 344:  0.00
 345:  0.00 346:  0.00 347:  0.00 348:  0.00 349:  0.00 350:  0.00 351:  0.00 352:  0.00
 353:  0.00 354:  0.00 355:  0.00 356:  0.00 357:  0.00 358:  0.00 359:  0.00 360:  0.00
 361:  0.00 362:  0.00 363:  0.00 364:  0.00 365:  0.00 366:  0.00 367:  0.00 368:  0.00
 369:  0.00 370:  0.00 371:  0.00 372:  0.00 373:  0.00 374:  0.00 375:  0.00 376:  0.00
 377:  0.00 378:  0.00 379:  0.00 380:  0.00 381:  0.00 382:  0.00 383:  0.00 384:  0.00
 385:  0.00 386:  0.00 387:  0.00 388:  0.00 389:  0.00 390:  0.00 391:  0.00 392:  0.00
 393:  0.00 394:  0.00 395:  0.00 396:  0.00 397:  0.00 398:  0.00 399:  0.00 400:  0.00
 401:  0.00 402:  0.00 403:  0.00 404:  0.00 405:  0.00 406:  0.00 407:  0.00 408:  0.00
 409:  0.00 410:  0.00 411:  0.00 412:  0.00 413:  0.00 414:  0.00 415:  0.00 416:  0.00
 417:  0.00 418:  0.00 419:  0.00 420:  0.00 421:  0.00 422:  0.00 423:  0.00 424:  0.00
 425:  0.00 426:  0.00 427:  0.00 428:  0.00 429:  0.00 430:  0.00 431:  0.00 432:  0.00
 433:  0.00 434:  0.00 435:  0.00 436:  0.00 437:  0.00 438:  0.00 439:  0.00 440:  0.00
 441:  0.00 442:  0.00 443:  0.00 444:  0.00 445:  0.00 446:  0.00 447:  0.00 448:  0.00
 449:  0.00 450:  0.00 451:  0.00 452:  0.00 453:  0.00 454:  0.00 455:  0.00 456:  0.00
 457:  0.00 458:  0.00 459:  0.00 460:  0.00 461:  0.00 462:  0.00 463:  0.00 464:  0.00
 465:  0.00 466:  0.00 467:  0.00 468:  0.00 469:  0.00 470:  0.00 471:  0.00 472:  0.00
 473:  0.00 474:  0.00 475:  0.00 476:  0.00 477:  0.00 478:  0.00 479:  0.00 480:  0.00
 481:  0.00 482:  0.00 483:  0.00 484:  0.00 485:  0.00 486:  0.00 487:  0.00 488:  0.00
 489:  0.00 490:  0.00 491:  0.00 492:  0.00 493:  0.00 494:  0.00 495:  0.00 496:  0.00
 497:  0.00 498:  0.00 499:  0.00 500:  0.00 501:  0.00 502:  0.00 503:  0.00 504:  0.00
 505:  0.00 506:  0.00 507:  0.00 508:  0.00 509:  0.00 510:  0.00 511:  0.00 512:  0.00
 513:  0.00 514:  0.00 515:  0.00 516:  0.00 517:  0.00 518:  0.00 519:  0.00 520:  0.00
 521:  0.00 522:  0.00 523:  0.00 524:  0.00 525:  0.00 526:  0.00 527:  0.00 528:  0.00
 529:  0.00 530:  0.00 531:  0.00 532:  0.00 533:  0.00 534:  0.00 535:  0.00 536:  0.00
 537:  0.00 538:  0.00 539:  0.00 540:  0.00 541:  0.00 542:  0.00 543:  0.00 544:  0.00
 545:  0.00 546:  0.00 547:  0.00 548:  0.00 549:  0.00 550:  0.00 551:  0.00 552:  0.00
 553:  0.00 554:  0.00 555:  0.00 556:  0.00 557:  0.00 558:  0.00
 output can be read by thermo (or use thermo option).
 writing <g98.out> molden fake output.
 recommended (thermochemical) frequency scaling factor: 1.0
           -------------------------------------------------
          |             Thermodynamic Functions             |
           -------------------------------------------------

Molecule has the following symmetry elements: (C2) 
It seems to be the C2 point group
c2  symmetry found (for desy threshold:  0.10E+00) used in thermo

          ...................................................
          :                      SETUP                      :
          :.................................................:
          :  # frequencies                         552      :
          :  # imaginary freq.                       0      :
          :  linear?                             false      :
          :  only rotor calc.                    false      :
          :  symmetry                               c2      :
          :  rotational number                       2      :
          :  scaling factor                  1.0000000      :
          :  rotor cutoff                   50.0000000 cm⁻¹ :
          :  imag. cutoff                  -20.0000000 cm⁻¹ :
          :.................................................:

    mode    ω/cm⁻¹     T·S(HO)/kcal·mol⁻¹    T·S(FR)/kcal·mol⁻¹   T·S(vib)
   ------------------------------------------------------------------------
       1      5.96    -2.69502 (  0.02%)    -1.68660 ( 99.98%)    -1.68681
       2      6.89    -2.60950 (  0.04%)    -1.64384 ( 99.96%)    -1.64419
       3      9.46    -2.42124 (  0.13%)    -1.54971 ( 99.87%)    -1.55082
       4     10.85    -2.34039 (  0.22%)    -1.50927 ( 99.78%)    -1.51111
       5     12.00    -2.28051 (  0.33%)    -1.47933 ( 99.67%)    -1.48197
       6     12.23    -2.26937 (  0.36%)    -1.47375 ( 99.64%)    -1.47659
       7     14.60    -2.16424 (  0.72%)    -1.42117 ( 99.28%)    -1.42654
       8     16.58    -2.08907 (  1.19%)    -1.38357 ( 98.81%)    -1.39199
       9     18.99    -2.00865 (  2.04%)    -1.34334 ( 97.96%)    -1.35690
      10     19.49    -1.99323 (  2.26%)    -1.33562 ( 97.74%)    -1.35046
      11     19.87    -1.98172 (  2.44%)    -1.32986 ( 97.56%)    -1.34573
      12     21.51    -1.93481 (  3.31%)    -1.30639 ( 96.69%)    -1.32721
      13     23.22    -1.88956 (  4.45%)    -1.28374 ( 95.55%)    -1.31067
      14     23.56    -1.88106 (  4.70%)    -1.27949 ( 95.30%)    -1.30774
      15     26.02    -1.82230 (  6.83%)    -1.25007 ( 93.17%)    -1.28916
      16     31.73    -1.70493 ( 13.95%)    -1.19129 ( 86.05%)    -1.26295
      17     34.10    -1.66224 ( 17.79%)    -1.16990 ( 82.21%)    -1.25749
      18     34.56    -1.65440 ( 18.58%)    -1.16597 ( 81.42%)    -1.25673
      19     38.75    -1.58675 ( 26.51%)    -1.13206 ( 73.49%)    -1.25260
      20     43.08    -1.52418 ( 35.53%)    -1.10067 ( 64.47%)    -1.25115
      21     46.01    -1.48540 ( 41.75%)    -1.08121 ( 58.25%)    -1.24997
      22     46.72    -1.47632 ( 43.26%)    -1.07665 ( 56.74%)    -1.24953
      23     49.34    -1.44414 ( 48.67%)    -1.06049 ( 51.33%)    -1.24721
      24     50.15    -1.43458 ( 50.29%)    -1.05569 ( 49.71%)    -1.24624
      25     51.80    -1.41549 ( 53.53%)    -1.04609 ( 46.47%)    -1.24381
      26     56.06    -1.36894 ( 61.24%)    -1.02268 ( 38.76%)    -1.23472
      27     61.63    -1.31315 ( 69.77%)    -0.99460 ( 30.23%)    -1.21686
      28     63.09    -1.29940 ( 71.71%)    -0.98768 ( 28.29%)    -1.21120
      29     67.32    -1.26120 ( 76.67%)    -0.96842 ( 23.33%)    -1.19291
      30     69.80    -1.24000 ( 79.16%)    -0.95772 ( 20.84%)    -1.18116
      31     70.24    -1.23632 ( 79.57%)    -0.95586 ( 20.43%)    -1.17902
      32     72.86    -1.21487 ( 81.84%)    -0.94503 ( 18.16%)    -1.16588
      33     73.05    -1.21332 ( 82.00%)    -0.94425 ( 18.00%)    -1.16489
      34     77.80    -1.17636 ( 85.43%)    -0.92556 ( 14.57%)    -1.13982
      35     81.26    -1.15093 ( 87.46%)    -0.91269 ( 12.54%)    -1.12106
      36     86.40    -1.11508 ( 89.91%)    -0.89452 ( 10.09%)    -1.09284
      37     92.92    -1.07262 ( 92.27%)    -0.87296 (  7.73%)    -1.05718
      38     93.25    -1.07060 ( 92.36%)    -0.87193 (  7.64%)    -1.05543
      39     96.16    -1.05270 ( 93.19%)    -0.86282 (  6.81%)    -1.03976
      40    101.41    -1.02178 ( 94.42%)    -0.84707 (  5.58%)    -1.01203
      41    102.70    -1.01443 ( 94.68%)    -0.84332 (  5.32%)    -1.00533
      42    103.82    -1.00815 ( 94.89%)    -0.84011 (  5.11%)    -0.99957
      43    106.84    -0.99148 ( 95.42%)    -0.83160 (  4.58%)    -0.98416
      44    110.11    -0.97405 ( 95.92%)    -0.82268 (  4.08%)    -0.96788
      45    111.13    -0.96869 ( 96.06%)    -0.81994 (  3.94%)    -0.96284
      46    116.37    -0.94207 ( 96.70%)    -0.80629 (  3.30%)    -0.93760
      47    121.98    -0.91495 ( 97.25%)    -0.79235 (  2.75%)    -0.91159
      48    122.39    -0.91304 ( 97.29%)    -0.79137 (  2.71%)    -0.90974
      49    129.07    -0.88250 ( 97.80%)    -0.77562 (  2.20%)    -0.88015
      50    129.51    -0.88052 ( 97.83%)    -0.77460 (  2.17%)    -0.87821
      51    130.80    -0.87483 ( 97.91%)    -0.77166 (  2.09%)    -0.87267
      52    135.31    -0.85544 ( 98.17%)    -0.76163 (  1.83%)    -0.85372
      53    137.80    -0.84502 ( 98.30%)    -0.75623 (  1.70%)    -0.84350
      54    138.94    -0.84033 ( 98.35%)    -0.75379 (  1.65%)    -0.83890
      55    144.04    -0.81977 ( 98.57%)    -0.74311 (  1.43%)    -0.81868
      56    150.92    -0.79325 ( 98.81%)    -0.72928 (  1.19%)    -0.79249
      57    152.79    -0.78626 ( 98.87%)    -0.72563 (  1.13%)    -0.78557
      58    153.93    -0.78207 ( 98.90%)    -0.72343 (  1.10%)    -0.78142
      59    154.23    -0.78096 ( 98.91%)    -0.72285 (  1.09%)    -0.78033
      60    155.49    -0.77638 ( 98.94%)    -0.72045 (  1.06%)    -0.77579
      61    163.08    -0.74949 ( 99.12%)    -0.70633 (  0.88%)    -0.74911
      62    163.67    -0.74743 ( 99.14%)    -0.70525 (  0.86%)    -0.74707
      63    165.73    -0.74041 ( 99.18%)    -0.70155 (  0.82%)    -0.74009
      64    169.35    -0.72828 ( 99.25%)    -0.69515 (  0.75%)    -0.72803
      65    171.32    -0.72182 ( 99.28%)    -0.69173 (  0.72%)    -0.72160
      66    171.62    -0.72081 ( 99.28%)    -0.69120 (  0.72%)    -0.72060
      67    173.57    -0.71450 ( 99.32%)    -0.68786 (  0.68%)    -0.71432
      68    176.35    -0.70562 ( 99.36%)    -0.68315 (  0.64%)    -0.70547
      69    177.40    -0.70232 ( 99.37%)    -0.68140 (  0.63%)    -0.70219
      70    187.48    -0.67161 ( 99.50%)    -0.66502 (  0.50%)    -0.67158
      71    192.39    -0.65733 ( 99.55%)    -0.65737 (  0.45%)    -0.65733
      72    193.50    -0.65416 ( 99.56%)    -0.65566 (  0.44%)    -0.65417
      73    204.68    -0.62331 ( 99.65%)    -0.63902 (  0.35%)    -0.62337
      74    206.12    -0.61948 ( 99.65%)    -0.63694 (  0.35%)    -0.61954
      75    211.47    -0.60551 ( 99.69%)    -0.62934 (  0.31%)    -0.60559
      76    212.85    -0.60198 ( 99.70%)    -0.62742 (  0.30%)    -0.60206
      77    214.63    -0.59748 ( 99.71%)    -0.62496 (  0.29%)    -0.59756
      78    221.39    -0.58070 ( 99.74%)    -0.61577 (  0.26%)    -0.58079
      79    243.81    -0.52918 ( 99.82%)    -0.58719 (  0.18%)    -0.52928
      80    245.54    -0.52545 ( 99.83%)    -0.58510 (  0.17%)    -0.52555
      81    251.68    -0.51246 ( 99.84%)    -0.57778 (  0.16%)    -0.51256
      82    256.18    -0.50318 ( 99.86%)    -0.57254 (  0.14%)    -0.50328
      83    264.62    -0.48631 ( 99.87%)    -0.56293 (  0.13%)    -0.48641
      84    271.87    -0.47236 ( 99.89%)    -0.55492 (  0.11%)    -0.47245
      85    275.05    -0.46639 ( 99.89%)    -0.55148 (  0.11%)    -0.46648
      86    277.51    -0.46182 ( 99.89%)    -0.54884 (  0.11%)    -0.46191
      87    288.06    -0.44285 ( 99.91%)    -0.53779 (  0.09%)    -0.44294
      88    288.49    -0.44210 ( 99.91%)    -0.53735 (  0.09%)    -0.44218
      89    294.52    -0.43167 ( 99.92%)    -0.53121 (  0.08%)    -0.43175
      90    295.14    -0.43062 ( 99.92%)    -0.53060 (  0.08%)    -0.43071
   ------------------------------------------------------------------------

   temp. (K)  partition function   enthalpy   heat capacity  entropy
                                   cal/mol     cal/K/mol   cal/K/mol   J/K/mol
 298.15  VIB  0.404E+52            62860.745    402.719    398.014
         ROT  0.593E+09              888.752      2.981     43.127
         INT  0.239E+61            63749.497    405.700    441.141
         TR   0.699E+29             1481.254      4.968     48.201
         TOT                       65230.7514   410.6682   489.3421  2047.4072

       T/K    H(0)-H(T)+PV         H(T)/Eh          T*S/Eh         G(T)/Eh
   ------------------------------------------------------------------------
    298.15    0.103952E+00    0.146688E+01    0.232502E+00    0.123437E+01
   ------------------------------------------------------------------------

         :::::::::::::::::::::::::::::::::::::::::::::::::::::
         ::                  THERMODYNAMIC                  ::
         :::::::::::::::::::::::::::::::::::::::::::::::::::::
         :: total free energy        -302.333925020162 Eh   ::
         ::.................................................::
         :: total energy             -303.568299343500 Eh   ::
         :: zero point energy           1.362924713286 Eh   ::
         :: G(RRHO) w/o ZPVE           -0.128550389948 Eh   ::
         :: G(RRHO) contrib.            1.234374323338 Eh   ::
         :::::::::::::::::::::::::::::::::::::::::::::::::::::

           -------------------------------------------------
          | TOTAL ENERGY             -303.568299343500 Eh   |
          | TOTAL ENTHALPY           -302.101422811007 Eh   |
          | TOTAL FREE ENERGY        -302.333925020162 Eh   |
          | GRADIENT NORM               0.000785016051 Eh/α |
          | HOMO-LUMO GAP               1.663163761781 eV   |
           -------------------------------------------------

------------------------------------------------------------------------
 * finished run on 2021/06/21 at 23:12:51.967     
------------------------------------------------------------------------
 total:
 * wall-time:     0 d,  0 h, 21 min,  3.276 sec
 *  cpu-time:     0 d,  1 h, 19 min,  2.463 sec
 * ratio c/w:     3.754 speedup
 SCF:
 * wall-time:     0 d,  0 h,  0 min,  3.213 sec
 *  cpu-time:     0 d,  0 h,  0 min, 11.049 sec
 * ratio c/w:     3.438 speedup
 numerical hessian:
 * wall-time:     0 d,  0 h, 20 min, 57.327 sec
 *  cpu-time:     0 d,  1 h, 18 min, 48.633 sec
 * ratio c/w:     3.761 speedup

