      -----------------------------------------------------------      
     |                   =====================                   |     
     |                           x T B                           |     
     |                   =====================                   |     
     |                         S. Grimme                         |     
     |          Mulliken Center for Theoretical Chemistry        |     
     |                    University of Bonn                     |     
     |                Version 6.2 RC2 (SAW190805)                |     
      -----------------------------------------------------------      

   This program is distributed in the hope that it will be useful,
   but WITHOUT ANY WARRANTY; without even the implied warranty of
   MERCHANTABILITY or FITNESS FOR A PARTICULAR PURPOSE.
   
   FOR NON-COMMERCIAL, ACADEMIA USE ONLY.
   
   Cite this work as:
   * S. Grimme, C. Bannwarth, P. Shushkov, J. Chem. Theory Comput., 2017,
     13, 1989-2009. DOI: 10.1021/acs.jctc.7b00118
   * C. Bannwarth, S. Ehlert and S. Grimme., J. Chem. Theory Comput., 2019,
     15, 1652-1671. DOI: 10.1021/acs.jctc.8b01176
   * P. Pracht, E. Caldeweyher, S. Ehlert, S. Grimme, ChemRxiv, 2019, preprint.
     DOI: 10.26434/chemrxiv.8326202.v1
   
   for DFT-D4:
   * E. Caldeweyher, C. Bannwarth and S. Grimme, J. Chem. Phys., 2017,
     147, 034112. DOI: 10.1063/1.4993215
   * E. Caldeweyher, S. Ehlert, A. Hansen, H. Neugebauer, S. Spicher,
     C. Bannwarth and S. Grimme, J. Chem. Phys., 2019, 150, 154122.
     DOI: 10.1063/1.5090222
   
   for sTDA-xTB:
   * S. Grimme and C. Bannwarth, J. Chem. Phys., 2016, 145, 054103.
     DOI: 10.1063/1.4959605
   
   in the mass-spec context:
   * V. Asgeirsson, C. Bauer and S. Grimme, Chem. Sci., 2017, 8, 4879.
     DOI: 10.1039/c7sc00601b
   
   for metadynamics refer to:
   * S. Grimme, J. Chem. Theory Comput., 2019, 155, 2847-2862
     DOI: 10.1021/acs.jctc.9b00143
   
   with help from (in alphabetical order)
   C. Bannwarth, F. Bohle, G. Brandenburg, E. Caldeweyher, M. Checinski,
   S. Dohm, S. Ehlert, S. Ehrlich, F. März, H. Neugebauer, J. Pisarek,
   P. Pracht, P. Shushkov, and S. Spicher.
   
 * started run on 2021/06/21 at 19:47:38.374     

           -------------------------------------------------
          |                Calculation Setup                |
           -------------------------------------------------

          program call               : /home/atarzia/software/xtb-190806/bin/xtb /data/atarzia/projects/unsymm/screening/production/free_energy_calculations/fe_5d3_b/input_structure.xyz --gfn 2 --hess --parallel 6 --etemp 300 --gbsa dmso --chrg 4 --uhf 0 -I det_control.in
          coordinate file            : /data/atarzia/projects/unsymm/screening/production/free_energy_calculations/fe_5d3_b/input_structure.xyz
          omp threads                :                     6
          number of atoms            :                   162
          number of electrons        :                   496
          charge                     :                     4
          spin                       :                   0.0
          first test random number   :      0.21363658791366


########################################################################
# WARNING! Please study the warnings concerning your input carefully
#  - XTBHOME is not set, using HOME instead
#  - XTBPATH is not set, using XTBHOME instead
#  - Process number higher than OMP_NUM_THREADS, I hope you know what you are doing.
########################################################################

           ------------------------------------------------- 
          |                 G F N 2 - x T B                 |
          | Geometry, Frequencies, Noncovalent interactions |
          |            JCTC 2019 parametrisation            |
           ------------------------------------------------- 
             k(s)              :                1.8500
             k(p)              :                2.2300
             k(d)              :                2.2300
             k(f)              :                2.0000
             kEN (H0ij)        :               -2.0000
             D4 a1             :                0.5200
             D4 a2             :                5.0000
             D4 s6             :                1.0000
             D4 s8             :                2.7000
             D4 s9             :                5.0000
             alphaj            :                2.0000

  Z AO/shell   Hii/eV     exponent
  1     Wed Apr 25 08:07:45 CEST 2018   EN: 2.200 GM2: 0.406  GM3: 0.0800  RAES: 1.40
     1s    -10.707211    1.230000
  6     Wed Apr 25 08:07:45 CEST 2018   EN: 2.550 GM2: 0.538  GM3: 0.1500  RAES: 3.00
     2s    -13.970922    2.096432
     2p    -10.063292    1.800000
  7     Wed Apr 25 08:07:45 CEST 2018   EN: 3.040 GM2: 0.461  GM3:-0.0640  RAES: 1.90
     2s    -16.686243    2.339881
     2p    -12.523956    2.014332
 46     Wed Apr 25 16:26:58 CEST 2018   EN: 2.200 GM2: 0.273  GM3: 0.0800  RAES: 5.00
     4d    -11.963518    2.353691
     5s     -9.714059    1.828354
     5p     -2.035281    1.333352

 Solvent             : dmso
 Using internal parameter file: .param_gbsa2_dmso
 Gsolv ref. state (COSMO-RS): gsolv [1 M gas/solution]
 temperature (mdtemp)       :    298.150000000000     
 dielectric constant        :    46.6800000000000     
 rho                        :    1.10000000000000     
 mass                       :    78.1300000000000     
 surface tension            :    15.5689454083859     
 probe radius               :   0.949087640000000     
 vdW radii scaling          :    1.00000000000000     
 Gshift (Eh)                :   5.161738145414381E-003
 c1                         :    1.63948621000000     
 soset                      :   1.179665000000000E-002
 HB correction              :  T
           ------------------------------------------------- 
          |        Self-Consistent Charge Iterations        |
           ------------------------------------------------- 

          ...................................................
          :                      SETUP                      :
          :.................................................:
          :  # basis functions                 492          :
          :  # atomic orbitals                 490          :
          :  # shells                          270          :
          :  # electrons                       496          :
          :  max. iterations                   250          :
          :  Hamiltonian                  GFN2-xTB          :
          :  restarted?                      false          :
          :  GBSA solvation                   true          :
          :  PC potential                    false          :
          :  electronic temp.          300.0000000     K    :
          :  accuracy                    1.0000000          :
          :  -> integral cutoff          0.2500000E+02      :
          :  -> integral neglect         0.1000000E-07      :
          :  -> SCF convergence          0.1000000E-05 Eh   :
          :  -> wf. convergence          0.1000000E-03 e    :
          :  Broyden damping             0.4000000          :
          ...................................................

 iter      E             dE          RMSdq      gap      omega  full diag
   1   -269.5322650 -0.269532E+03  0.631E+00    2.18       0.0  T
   2   -269.9964526 -0.464188E+00  0.423E+00    1.64       1.0  T
   3   -269.7459444  0.250508E+00  0.231E+00    1.85       1.0  T
   4   -270.1827607 -0.436816E+00  0.103E+00    2.04       1.0  T
   5   -270.2557853 -0.730246E-01  0.529E-01    2.04       1.0  T
   6   -270.2957440 -0.399586E-01  0.207E-01    2.07       1.0  T
   7   -270.2978279 -0.208398E-02  0.919E-02    2.08       1.0  T
   8   -270.2978699 -0.419325E-04  0.322E-02    2.08       1.0  T
   9   -270.2979286 -0.587064E-04  0.183E-02    2.08       1.0  T
  10   -270.2979593 -0.307272E-04  0.877E-03    2.08       1.0  T
  11   -270.2979661 -0.677030E-05  0.441E-03    2.08       1.8  T
  12   -270.2979666 -0.501786E-06  0.214E-03    2.08       3.7  T
  13   -270.2979669 -0.297428E-06  0.954E-04    2.08       8.2  T
  14   -270.2979669 -0.349498E-07  0.513E-04    2.08      15.3  T

   *** convergence criteria satisfied after 14 iterations ***

         #    Occupation            Energy/Eh            Energy/eV
      -------------------------------------------------------------
         1        2.0000           -0.7292293             -19.8433
       ...           ...                  ...                  ...
       242        2.0000           -0.4085109             -11.1161
       243        2.0000           -0.4083585             -11.1120
       244        2.0000           -0.4078221             -11.0974
       245        2.0000           -0.3956768             -10.7669
       246        2.0000           -0.3956294             -10.7656
       247        2.0000           -0.3955128             -10.7625
       248        2.0000           -0.3953189             -10.7572 (HOMO)
       249                         -0.3187822              -8.6745 (LUMO)
       250                         -0.3183389              -8.6624
       251                         -0.3182448              -8.6599
       252                         -0.3156813              -8.5901
       253                         -0.3095650              -8.4237
       ...                                ...                  ...
       490                          1.4074771              38.2994
      -------------------------------------------------------------
                  HL-Gap            0.0765367 Eh            2.0827 eV
             Fermi-level           -0.3570506 Eh           -9.7158 eV

 SCC (total)                   0 d,  0 h,  0 min,  2.008 sec
 SCC setup                      ...        0 min,  0.128 sec (  6.364%)
 Dispersion                     ...        0 min,  0.036 sec (  1.804%)
 integral evaluation            ...        0 min,  0.307 sec ( 15.301%)
 zeroth order Hamiltonian       ...        0 min,  0.014 sec (  0.676%)
 iterations                     ...        0 min,  1.258 sec ( 62.666%)
 molecular gradient             ...        0 min,  0.253 sec ( 12.612%)
 printout                       ...        0 min,  0.012 sec (  0.574%)

         :::::::::::::::::::::::::::::::::::::::::::::::::::::
         ::                     SUMMARY                     ::
         :::::::::::::::::::::::::::::::::::::::::::::::::::::
         :: total energy            -265.172225254890 Eh    ::
         :: total w/o Gsasa/hb      -265.044425168145 Eh    ::
         :: gradient norm              0.000812037319 Eh/a0 ::
         :: HOMO-LUMO gap              2.082670447666 eV    ::
         ::.................................................::
         :: SCC energy              -270.411673122552 Eh    ::
         :: -> isotropic ES            0.622717396493 Eh    ::
         :: -> anisotropic ES         -0.090498787939 Eh    ::
         :: -> anisotropic XC          0.193386844504 Eh    ::
         :: -> dispersion             -0.228783041045 Eh    ::
         :: -> Gsolv                  -0.661655295877 Eh    ::
         ::    -> Gborn               -0.533855209132 Eh    ::
         ::    -> Gsasa               -0.118867951451 Eh    ::
         ::    -> Ghb                 -0.014093873440 Eh    ::
         ::    -> Gshift               0.005161738145 Eh    ::
         :: repulsion energy           5.237590446175 Eh    ::
         :: add. restraining           0.000000000000 Eh    ::
         :::::::::::::::::::::::::::::::::::::::::::::::::::::

           ------------------------------------------------- 
          |                Numerical Hessian                |
           ------------------------------------------------- 
step length          :   0.00500
SCC accuracy         :   0.30000
Hessian scale factor :   1.00000
frozen atoms in %    :   0.00000    0
RMS gradient         :   0.00081
estimated CPU  time     97.25 min
estimated wall time     25.56 min

writing file <hessian>.

 projected vibrational frequencies (cm-1)
eigval :       -0.00    -0.00    -0.00     0.00     0.00     0.00
eigval :        5.71     6.58     6.69     8.07    10.85    15.23
eigval :       15.67    17.47    18.48    20.13    20.44    22.43
eigval :       24.12    30.98    31.28    36.29    43.13    44.18
eigval :       46.55    46.69    50.25    52.30    53.74    54.51
eigval :       55.75    57.72    61.44    62.38    69.25    75.26
eigval :       83.38    87.89    89.91    94.00    94.81    99.32
eigval :       99.66    99.86   104.43   108.71   115.19   116.95
eigval :      122.51   123.61   124.78   128.30   130.67   131.19
eigval :      134.71   136.83   140.22   140.43   149.34   152.12
eigval :      160.34   167.11   169.56   173.29   174.66   175.55
eigval :      179.73   183.77   184.58   196.63   204.46   213.86
eigval :      220.70   224.01   229.19   232.38   237.90   248.49
eigval :      255.69   258.62   259.71   261.91   264.70   265.84
eigval :      271.97   274.68   275.30   277.85   279.42   282.42
eigval :      283.24   289.47   293.55   296.91   327.70   331.68
eigval :      331.79   332.61   336.75   339.58   340.21   340.59
eigval :      341.91   342.36   342.55   348.79   375.10   389.90
eigval :      391.17   392.64   393.10   393.58   394.64   397.41
eigval :      417.57   417.74   418.39   418.59   436.07   436.23
eigval :      436.30   436.35   442.93   450.82   452.36   453.09
eigval :      453.29   453.35   455.06   456.51   475.67   476.24
eigval :      476.43   477.90   486.81   487.24   487.51   488.46
eigval :      499.21   499.88   499.91   500.46   506.92   514.18
eigval :      516.57   520.92   523.03   524.31   524.48   525.32
eigval :      528.58   530.20   530.23   531.17   538.46   539.67
eigval :      540.39   541.80   572.31   574.47   574.51   575.31
eigval :      575.83   576.52   577.14   577.63   609.97   615.06
eigval :      618.85   619.20   621.71   625.87   626.71   629.39
eigval :      647.59   647.72   647.85   647.88   659.91   660.69
eigval :      660.92   661.12   663.54   668.45   670.52   671.96
eigval :      716.70   717.87   718.47   718.91   724.59   725.62
eigval :      725.91   726.33   768.56   772.89   775.78   777.00
eigval :      778.35   779.43   780.00   781.87   786.37   787.02
eigval :      787.47   787.89   794.99   797.01   798.67   799.23
eigval :      810.25   811.18   813.19   813.69   814.94   819.14
eigval :      820.50   827.05   843.34   848.41   852.33   854.58
eigval :      855.15   857.58   857.84   858.32   858.78   860.34
eigval :      861.81   865.46   876.61   879.50   882.35   882.56
eigval :      886.59   889.35   890.78   891.48   892.15   893.25
eigval :      895.59   895.70   895.87   896.18   896.34   896.55
eigval :      896.65   897.10   897.20   897.44   931.46   931.52
eigval :      931.65   931.89   933.79   933.89   933.94   934.13
eigval :      934.89   934.93   934.97   935.15   945.54   948.07
eigval :      949.40   950.08   983.36   984.41   984.63   984.64
eigval :     1000.47  1002.97  1004.26  1004.78  1047.09  1047.64
eigval :     1048.46  1048.88  1072.45  1072.99  1075.72  1078.50
eigval :     1082.46  1082.73  1086.73  1087.06  1108.33  1108.43
eigval :     1109.51  1110.91  1119.11  1119.51  1120.19  1122.92
eigval :     1123.76  1124.03  1124.53  1126.67  1135.57  1136.39
eigval :     1137.71  1138.14  1152.37  1154.28  1156.81  1163.96
eigval :     1165.48  1167.23  1169.89  1173.68  1181.40  1181.95
eigval :     1182.05  1183.82  1184.73  1184.81  1185.00  1185.07
eigval :     1194.33  1195.26  1195.72  1198.53  1212.75  1214.39
eigval :     1216.77  1218.08  1218.64  1218.79  1219.36  1220.43
eigval :     1224.68  1225.57  1231.94  1234.41  1243.86  1243.95
eigval :     1244.22  1244.62  1285.71  1286.10  1286.32  1288.07
eigval :     1292.42  1294.31  1294.71  1295.27  1310.67  1310.98
eigval :     1312.30  1312.58  1312.72  1312.89  1314.13  1315.37
eigval :     1323.24  1323.41  1324.49  1325.08  1348.51  1349.52
eigval :     1350.59  1352.01  1369.43  1369.94  1370.30  1370.65
eigval :     1377.06  1377.88  1378.50  1381.43  1398.44  1398.62
eigval :     1400.12  1400.83  1405.00  1405.60  1405.70  1405.86
eigval :     1425.57  1425.79  1425.99  1426.23  1450.89  1451.00
eigval :     1451.83  1452.13  1463.58  1463.90  1464.92  1465.97
eigval :     1473.15  1473.65  1474.29  1474.94  1525.78  1527.52
eigval :     1527.62  1528.30  1535.28  1535.78  1536.82  1537.45
eigval :     1542.77  1543.25  1543.38  1543.85  1555.36  1555.52
eigval :     1555.60  1556.11  1556.72  1557.70  1558.36  1559.14
eigval :     1565.52  1566.35  1566.83  1567.09  1573.16  1573.86
eigval :     1574.10  1574.25  2307.06  2307.22  2307.53  2308.19
eigval :     2310.01  2310.32  2311.60  2314.02  2947.51  2950.80
eigval :     2959.13  2961.73  2966.74  2976.33  2978.57  2979.86
eigval :     2995.04  2996.17  2999.99  3001.02  3010.26  3011.01
eigval :     3013.56  3014.68  3079.73  3080.15  3080.15  3080.91
eigval :     3092.73  3092.98  3093.01  3093.30  3093.43  3093.51
eigval :     3094.26  3094.30  3099.19  3099.53  3099.67  3100.46
eigval :     3101.42  3101.72  3102.25  3102.53  3107.20  3107.58
eigval :     3107.86  3108.23  3108.25  3108.39  3108.58  3109.01
eigval :     3109.63  3109.93  3110.21  3110.35  3115.24  3116.84
eigval :     3117.32  3117.87  3118.57  3118.72  3118.95  3119.54
           -------------------------------------------------
          |                Property Printout                |
           -------------------------------------------------

    * Orbital Energies and Occupations

         #    Occupation            Energy/Eh            Energy/eV
      -------------------------------------------------------------
         1        2.0000           -0.7292239             -19.8432
       ...           ...                  ...                  ...
       236        2.0000           -0.4218535             -11.4792
       237        2.0000           -0.4215837             -11.4719
       238        2.0000           -0.4212113             -11.4617
       239        2.0000           -0.4197467             -11.4219
       240        2.0000           -0.4188390             -11.3972
       241        2.0000           -0.4085813             -11.1181
       242        2.0000           -0.4085074             -11.1161
       243        2.0000           -0.4083547             -11.1119
       244        2.0000           -0.4078180             -11.0973
       245        2.0000           -0.3956731             -10.7668
       246        2.0000           -0.3956257             -10.7655
       247        2.0000           -0.3955090             -10.7623
       248        2.0000           -0.3953148             -10.7571 (HOMO)
       249                         -0.3187779              -8.6744 (LUMO)
       250                         -0.3183349              -8.6623
       251                         -0.3182408              -8.6598
       252                         -0.3156770              -8.5900
       253                         -0.3095593              -8.4235
       254                         -0.3070852              -8.3562
       255                         -0.3060503              -8.3281
       256                         -0.3054002              -8.3104
       257                         -0.2965917              -8.0707
       258                         -0.2959432              -8.0530
       259                         -0.2945680              -8.0156
       ...                                ...                  ...
       490                          1.4074793              38.2995
      -------------------------------------------------------------
                  HL-Gap            0.0765369 Eh            2.0827 eV
             Fermi-level           -0.3570463 Eh           -9.7157 eV

     #   Z        covCN         q      C6AA      α(0)
     1  46 Pd     3.545    -0.087   274.513    34.169
     2  46 Pd     3.528    -0.084   274.351    34.159
     3   6 C      1.983    -0.023    31.668     9.088
     4   6 C      1.981    -0.034    31.951     9.128
     5   6 C      2.965     0.044    27.011     8.525
     6   6 C      2.926    -0.018    28.464     8.749
     7   6 C      2.914    -0.019    28.479     8.751
     8   6 C      2.915    -0.032    28.791     8.799
     9   6 C      2.982     0.003    27.955     8.673
    10   6 C      2.899     0.060    26.664     8.467
    11   7 N      2.667    -0.103    23.274     7.165
    12   6 C      2.905     0.041    27.083     8.533
    13   6 C      2.910    -0.028    28.692     8.783
    14   6 C      2.995     0.017    27.621     8.621
    15   1 H      0.926     0.057     2.229     2.334
    16   1 H      0.926     0.057     2.229     2.335
    17   1 H      0.926     0.072     2.066     2.248
    18   1 H      0.925     0.115     1.657     2.013
    19   1 H      0.925     0.147     1.412     1.858
    20   1 H      0.926     0.104     1.749     2.068
    21   6 C      2.970     0.040    27.111     8.541
    22   6 C      2.926    -0.025    28.619     8.773
    23   6 C      2.916    -0.026    28.662     8.779
    24   6 C      2.925    -0.025    28.637     8.776
    25   6 C      2.970     0.038    27.144     8.546
    26   6 C      2.936    -0.034    28.843     8.808
    27   1 H      0.926     0.041     2.431     2.438
    28   1 H      0.926     0.034     2.535     2.490
    29   1 H      0.926     0.046     2.376     2.411
    30   1 H      0.926     0.078     1.997     2.210
    31   6 C      1.984    -0.009    31.301     9.035
    32   6 C      1.980    -0.034    31.975     9.132
    33   6 C      2.965     0.049    26.892     8.506
    34   6 C      2.929    -0.006    28.169     8.704
    35   6 C      2.912    -0.028    28.706     8.786
    36   6 C      2.913     0.054    26.795     8.488
    37   7 N      2.670    -0.082    22.849     7.099
    38   6 C      2.912     0.046    26.957     8.514
    39   1 H      0.926     0.082     1.953     2.186
    40   1 H      0.926     0.091     1.873     2.140
    41   1 H      0.925     0.128     1.552     1.948
    42   1 H      0.925     0.135     1.497     1.913
    43   6 C      1.983    -0.024    31.693     9.091
    44   6 C      1.981    -0.034    31.956     9.129
    45   6 C      2.966     0.044    27.018     8.526
    46   6 C      2.923    -0.018    28.463     8.749
    47   6 C      2.914    -0.019    28.485     8.752
    48   6 C      2.914    -0.031    28.782     8.797
    49   6 C      2.981     0.004    27.938     8.670
    50   6 C      2.892     0.061    26.640     8.462
    51   7 N      2.667    -0.101    23.232     7.159
    52   6 C      2.923     0.041    27.092     8.536
    53   6 C      2.911    -0.028    28.698     8.784
    54   6 C      2.998     0.016    27.650     8.626
    55   1 H      0.926     0.058     2.225     2.333
    56   1 H      0.926     0.057     2.234     2.338
    57   1 H      0.926     0.071     2.074     2.252
    58   1 H      0.925     0.117     1.635     2.000
    59   1 H      0.924     0.142     1.448     1.882
    60   1 H      0.926     0.100     1.783     2.088
    61   6 C      2.970     0.039    27.117     8.542
    62   6 C      2.925    -0.024    28.611     8.772
    63   6 C      2.916    -0.026    28.663     8.779
    64   6 C      2.927    -0.026    28.649     8.778
    65   6 C      2.970     0.038    27.140     8.545
    66   6 C      2.935    -0.033    28.827     8.805
    67   1 H      0.926     0.041     2.440     2.443
    68   1 H      0.926     0.034     2.526     2.486
    69   1 H      0.926     0.047     2.356     2.400
    70   1 H      0.926     0.077     2.014     2.219
    71   6 C      1.983    -0.008    31.266     9.030
    72   6 C      1.980    -0.033    31.943     9.127
    73   6 C      2.965     0.049    26.887     8.505
    74   6 C      2.933    -0.006    28.168     8.704
    75   6 C      2.911    -0.028    28.711     8.786
    76   6 C      2.927     0.054    26.783     8.487
    77   7 N      2.666    -0.094    23.075     7.134
    78   6 C      2.897     0.049    26.904     8.504
    79   1 H      0.926     0.083     1.943     2.180
    80   1 H      0.926     0.093     1.851     2.128
    81   1 H      0.925     0.124     1.584     1.968
    82   1 H      0.925     0.140     1.459     1.889
    83   6 C      1.983    -0.024    31.684     9.090
    84   6 C      1.981    -0.034    31.952     9.128
    85   6 C      2.965     0.044    27.014     8.525
    86   6 C      2.924    -0.018    28.461     8.749
    87   6 C      2.914    -0.019    28.482     8.751
    88   6 C      2.914    -0.032    28.788     8.798
    89   6 C      2.981     0.003    27.956     8.673
    90   6 C      2.906     0.062    26.604     8.457
    91   7 N      2.667    -0.112    23.452     7.192
    92   6 C      2.898     0.040    27.106     8.536
    93   6 C      2.911    -0.028    28.693     8.783
    94   6 C      2.997     0.016    27.642     8.624
    95   1 H      0.926     0.058     2.224     2.332
    96   1 H      0.926     0.058     2.226     2.333
    97   1 H      0.926     0.072     2.064     2.247
    98   1 H      0.925     0.121     1.602     1.979
    99   1 H      0.925     0.138     1.474     1.899
   100   1 H      0.926     0.101     1.774     2.083
   101   6 C      2.970     0.039    27.114     8.541
   102   6 C      2.925    -0.024    28.612     8.772
   103   6 C      2.916    -0.026    28.662     8.779
   104   6 C      2.926    -0.026    28.643     8.777
   105   6 C      2.970     0.038    27.141     8.546
   106   6 C      2.935    -0.033    28.828     8.806
   107   1 H      0.926     0.041     2.435     2.440
   108   1 H      0.926     0.034     2.529     2.487
   109   1 H      0.926     0.047     2.362     2.404
   110   1 H      0.926     0.077     2.012     2.218
   111   6 C      1.983    -0.008    31.277     9.032
   112   6 C      1.980    -0.034    31.960     9.130
   113   6 C      2.965     0.049    26.891     8.506
   114   6 C      2.932    -0.006    28.164     8.703
   115   6 C      2.912    -0.028    28.707     8.786
   116   6 C      2.906     0.053    26.814     8.491
   117   7 N      2.667    -0.092    23.046     7.130
   118   6 C      2.911     0.048    26.914     8.507
   119   1 H      0.926     0.083     1.951     2.184
   120   1 H      0.926     0.091     1.866     2.136
   121   1 H      0.925     0.119     1.620     1.991
   122   1 H      0.925     0.143     1.437     1.874
   123   6 C      1.983    -0.024    31.693     9.091
   124   6 C      1.981    -0.034    31.955     9.129
   125   6 C      2.966     0.044    27.018     8.526
   126   6 C      2.923    -0.018    28.464     8.749
   127   6 C      2.914    -0.019    28.485     8.752
   128   6 C      2.914    -0.031    28.782     8.797
   129   6 C      2.981     0.004    27.938     8.670
   130   6 C      2.892     0.061    26.639     8.462
   131   7 N      2.667    -0.102    23.243     7.160
   132   6 C      2.923     0.041    27.092     8.536
   133   6 C      2.911    -0.028    28.699     8.784
   134   6 C      2.998     0.016    27.650     8.626
   135   1 H      0.926     0.058     2.224     2.332
   136   1 H      0.926     0.057     2.234     2.337
   137   1 H      0.926     0.071     2.073     2.252
   138   1 H      0.925     0.117     1.635     2.000
   139   1 H      0.924     0.142     1.449     1.882
   140   1 H      0.926     0.100     1.782     2.088
   141   6 C      2.970     0.039    27.117     8.542
   142   6 C      2.925    -0.024    28.610     8.772
   143   6 C      2.916    -0.026    28.662     8.779
   144   6 C      2.927    -0.026    28.648     8.778
   145   6 C      2.970     0.038    27.140     8.545
   146   6 C      2.935    -0.033    28.828     8.806
   147   1 H      0.926     0.041     2.440     2.443
   148   1 H      0.926     0.034     2.526     2.485
   149   1 H      0.926     0.047     2.356     2.400
   150   1 H      0.926     0.077     2.013     2.219
   151   6 C      1.983    -0.008    31.265     9.030
   152   6 C      1.980    -0.033    31.943     9.127
   153   6 C      2.965     0.049    26.888     8.505
   154   6 C      2.933    -0.006    28.168     8.704
   155   6 C      2.911    -0.028    28.711     8.786
   156   6 C      2.927     0.054    26.782     8.487
   157   7 N      2.666    -0.094    23.084     7.136
   158   6 C      2.897     0.049    26.905     8.505
   159   1 H      0.926     0.083     1.943     2.180
   160   1 H      0.926     0.093     1.852     2.128
   161   1 H      0.925     0.124     1.584     1.968
   162   1 H      0.925     0.140     1.459     1.889

 Mol. C6AA /au·bohr⁶  :     437586.522858
 Mol. C8AA /au·bohr⁸  :   12389957.767487
 Mol. α(0) /au        :       1085.881487


Wiberg/Mayer (AO) data.
largest (>0.10) Wiberg bond orders for each atom
          total WBO             WBO to atom ...
     1  Pd  3.529        N   37 0.598    N   51 0.595    N  131 0.594    N   91 0.590
     2  Pd  3.515        N   11 0.599    N   77 0.592    N  157 0.591    N  117 0.590
     3  C   3.945        C    4 2.645    C   21 1.128
     4  C   3.954        C    3 2.645    C    5 1.141
     5  C   3.988        C    6 1.437    C   14 1.218    C    4 1.141
     6  C   3.964        C    5 1.437    C    7 1.348    H   15 0.969
     7  C   3.987        C    8 1.532    C    6 1.348    H   16 0.968
     8  C   3.942        C    7 1.532    C    9 1.272    H   17 0.964
     9  C   3.987        C   10 1.292    C    8 1.272    C   14 1.234
    10  C   3.966        N   11 1.446    C    9 1.292    H   18 0.915    C   13 0.104
    11  N   3.536        C   10 1.446    C   12 1.238    Pd   2 0.599
    12  C   3.959        C   13 1.544    N   11 1.238    H   19 0.897
    13  C   3.980        C   12 1.544    C   14 1.293    H   20 0.955    C   10 0.104
    14  C   3.980        C   13 1.293    C    9 1.234    C    5 1.218
    15  H   0.996        C    6 0.969
    16  H   0.995        C    7 0.968
    17  H   0.994        C    8 0.964
    18  H   0.986        C   10 0.915
    19  H   0.977        C   12 0.897
    20  H   0.988        C   13 0.955
    21  C   3.988        C   26 1.372    C   22 1.342    C    3 1.128
    22  C   3.938        C   23 1.448    C   21 1.342    H   27 0.971
    23  C   3.991        C   22 1.448    C   24 1.446    H   28 0.969
    24  C   3.939        C   23 1.446    C   25 1.345    H   29 0.970
    25  C   3.988        C   26 1.367    C   24 1.345    C   31 1.130
    26  C   3.953        C   21 1.372    C   25 1.367    H   30 0.965
    27  H   0.998        C   22 0.971
    28  H   0.997        C   23 0.969
    29  H   0.998        C   24 0.970
    30  H   0.994        C   26 0.965
    31  C   3.948        C   32 2.648    C   25 1.130
    32  C   3.953        C   31 2.648    C   33 1.138
    33  C   3.986        C   38 1.348    C   34 1.340    C   32 1.138
    34  C   3.965        C   35 1.455    C   33 1.340    H   39 0.965
    35  C   3.981        C   34 1.455    C   36 1.423    H   40 0.962
    36  C   3.931        C   35 1.423    N   37 1.342    H   41 0.906
    37  N   3.545        C   38 1.369    C   36 1.342    Pd   1 0.598
    38  C   3.950        N   37 1.369    C   33 1.348    H   42 0.910
    39  H   0.991        C   34 0.965
    40  H   0.990        C   35 0.962
    41  H   0.983        C   36 0.906
    42  H   0.981        C   38 0.910
    43  C   3.945        C   44 2.646    C   61 1.128
    44  C   3.954        C   43 2.646    C   45 1.140
    45  C   3.988        C   46 1.440    C   54 1.216    C   44 1.140
    46  C   3.964        C   45 1.440    C   47 1.348    H   55 0.968
    47  C   3.987        C   48 1.533    C   46 1.348    H   56 0.968
    48  C   3.942        C   47 1.533    C   49 1.273    H   57 0.965
    49  C   3.987        C   50 1.287    C   48 1.273    C   54 1.237
    50  C   3.963        N   51 1.452    C   49 1.287    H   58 0.919    C   53 0.103
    51  N   3.533        C   50 1.452    C   52 1.234    Pd   1 0.595
    52  C   3.963        C   53 1.549    N   51 1.234    H   59 0.891
    53  C   3.981        C   52 1.549    C   54 1.290    H   60 0.955    C   50 0.103
    54  C   3.980        C   53 1.290    C   49 1.237    C   45 1.216
    55  H   0.996        C   46 0.968
    56  H   0.995        C   47 0.968
    57  H   0.994        C   48 0.965
    58  H   0.985        C   50 0.919
    59  H   0.979        C   52 0.891
    60  H   0.989        C   53 0.955
    61  C   3.988        C   66 1.369    C   62 1.345    C   43 1.128
    62  C   3.939        C   63 1.446    C   61 1.345    H   67 0.971
    63  C   3.991        C   64 1.448    C   62 1.446    H   68 0.969
    64  C   3.939        C   63 1.448    C   65 1.341    H   69 0.970
    65  C   3.987        C   66 1.371    C   64 1.341    C   71 1.130
    66  C   3.954        C   65 1.371    C   61 1.369    H   70 0.966
    67  H   0.998        C   62 0.971
    68  H   0.996        C   63 0.969
    69  H   0.998        C   64 0.970
    70  H   0.994        C   66 0.966
    71  C   3.947        C   72 2.647    C   65 1.130
    72  C   3.952        C   71 2.647    C   73 1.138
    73  C   3.986        C   78 1.349    C   74 1.339    C   72 1.138
    74  C   3.965        C   75 1.453    C   73 1.339    H   79 0.964
    75  C   3.981        C   74 1.453    C   76 1.426    H   80 0.961
    76  C   3.933        C   75 1.426    N   77 1.339    H   81 0.900
    77  N   3.539        C   78 1.371    C   76 1.339    Pd   2 0.592
    78  C   3.947        N   77 1.371    C   73 1.349    H   82 0.915
    79  H   0.991        C   74 0.964
    80  H   0.990        C   75 0.961
    81  H   0.984        C   76 0.900
    82  H   0.980        C   78 0.915
    83  C   3.945        C   84 2.646    C  101 1.129
    84  C   3.954        C   83 2.646    C   85 1.141
    85  C   3.988        C   86 1.440    C   94 1.215    C   84 1.141
    86  C   3.964        C   85 1.440    C   87 1.346    H   95 0.968
    87  C   3.987        C   88 1.534    C   86 1.346    H   96 0.968
    88  C   3.942        C   87 1.534    C   89 1.271    H   97 0.964
    89  C   3.987        C   90 1.294    C   88 1.271    C   94 1.234
    90  C   3.965        N   91 1.443    C   89 1.294    H   98 0.909    C   93 0.105
    91  N   3.528        C   90 1.443    C   92 1.242    Pd   1 0.590
    92  C   3.960        C   93 1.542    N   91 1.242    H   99 0.905
    93  C   3.981        C   92 1.542    C   94 1.295    H  100 0.955    C   90 0.105
    94  C   3.980        C   93 1.295    C   89 1.234    C   85 1.215
    95  H   0.996        C   86 0.968
    96  H   0.995        C   87 0.968
    97  H   0.994        C   88 0.964
    98  H   0.984        C   90 0.909
    99  H   0.980        C   92 0.905
   100  H   0.989        C   93 0.955
   101  C   3.988        C  106 1.370    C  102 1.344    C   83 1.129
   102  C   3.939        C  103 1.447    C  101 1.344    H  107 0.971
   103  C   3.991        C  104 1.448    C  102 1.447    H  108 0.969
   104  C   3.939        C  103 1.448    C  105 1.342    H  109 0.970
   105  C   3.988        C  106 1.369    C  104 1.342    C  111 1.130
   106  C   3.953        C  101 1.370    C  105 1.369    H  110 0.966
   107  H   0.998        C  102 0.971
   108  H   0.997        C  103 0.969
   109  H   0.998        C  104 0.970
   110  H   0.994        C  106 0.966
   111  C   3.948        C  112 2.648    C  105 1.130
   112  C   3.953        C  111 2.648    C  113 1.138
   113  C   3.986        C  118 1.352    C  114 1.336    C  112 1.138
   114  C   3.965        C  115 1.458    C  113 1.336    H  119 0.964
   115  C   3.981        C  114 1.458    C  116 1.420    H  120 0.961
   116  C   3.932        C  115 1.420    N  117 1.347    H  121 0.912
   117  N   3.538        C  118 1.364    C  116 1.347    Pd   2 0.590
   118  C   3.949        N  117 1.364    C  113 1.352    H  122 0.905
   119  H   0.991        C  114 0.964
   120  H   0.990        C  115 0.961
   121  H   0.985        C  116 0.912
   122  H   0.979        C  118 0.905
   123  C   3.945        C  124 2.646    C  141 1.128
   124  C   3.954        C  123 2.646    C  125 1.140
   125  C   3.988        C  126 1.440    C  134 1.216    C  124 1.140
   126  C   3.964        C  125 1.440    C  127 1.348    H  135 0.968
   127  C   3.987        C  128 1.533    C  126 1.348    H  136 0.968
   128  C   3.942        C  127 1.533    C  129 1.273    H  137 0.965
   129  C   3.987        C  130 1.287    C  128 1.273    C  134 1.237
   130  C   3.963        N  131 1.452    C  129 1.287    H  138 0.919    C  133 0.103
   131  N   3.533        C  130 1.452    C  132 1.234    Pd   1 0.594
   132  C   3.963        C  133 1.549    N  131 1.234    H  139 0.891
   133  C   3.981        C  132 1.549    C  134 1.290    H  140 0.955    C  130 0.103
   134  C   3.980        C  133 1.290    C  129 1.237    C  125 1.216
   135  H   0.996        C  126 0.968
   136  H   0.995        C  127 0.968
   137  H   0.994        C  128 0.965
   138  H   0.985        C  130 0.919
   139  H   0.979        C  132 0.891
   140  H   0.989        C  133 0.955
   141  C   3.988        C  146 1.369    C  142 1.345    C  123 1.128
   142  C   3.939        C  143 1.446    C  141 1.345    H  147 0.971
   143  C   3.991        C  144 1.448    C  142 1.446    H  148 0.969
   144  C   3.939        C  143 1.448    C  145 1.341    H  149 0.970
   145  C   3.987        C  146 1.371    C  144 1.341    C  151 1.130
   146  C   3.954        C  145 1.371    C  141 1.369    H  150 0.966
   147  H   0.998        C  142 0.971
   148  H   0.996        C  143 0.969
   149  H   0.998        C  144 0.970
   150  H   0.994        C  146 0.966
   151  C   3.947        C  152 2.647    C  145 1.130
   152  C   3.952        C  151 2.647    C  153 1.138
   153  C   3.985        C  158 1.349    C  154 1.339    C  152 1.138
   154  C   3.965        C  155 1.453    C  153 1.339    H  159 0.964
   155  C   3.981        C  154 1.453    C  156 1.426    H  160 0.961
   156  C   3.933        C  155 1.426    N  157 1.339    H  161 0.900
   157  N   3.538        C  158 1.371    C  156 1.339    Pd   2 0.591
   158  C   3.947        N  157 1.371    C  153 1.349    H  162 0.915
   159  H   0.991        C  154 0.964
   160  H   0.990        C  155 0.961
   161  H   0.984        C  156 0.900
   162  H   0.980        C  158 0.915

molecular dipole:
                 x           y           z       tot (Debye)
 q only:        2.951       1.197      -0.343
   full:        2.840       1.340      -0.348       8.030
molecular quadrupole (traceless):
                xx          xy          yy          xz          yz          zz
 q only:     -152.411      -6.994     308.662      -1.070      10.203    -156.252
  q+dip:     -167.721     -15.289     340.856      -1.444      11.246    -173.135
   full:     -153.536     -11.097     311.197      -1.262      10.261    -157.661

           -------------------------------------------------
          |               Frequency Printout                |
           -------------------------------------------------
 projected vibrational frequencies (cm-1)
eigval :       -0.00    -0.00    -0.00     0.00     0.00     0.00
eigval :        5.71     6.58     6.69     8.07    10.85    15.23
eigval :       15.67    17.47    18.48    20.13    20.44    22.43
eigval :       24.12    30.98    31.28    36.29    43.13    44.18
eigval :       46.55    46.69    50.25    52.30    53.74    54.51
eigval :       55.75    57.72    61.44    62.38    69.25    75.26
eigval :       83.38    87.89    89.91    94.00    94.81    99.32
eigval :       99.66    99.86   104.43   108.71   115.19   116.95
eigval :      122.51   123.61   124.78   128.30   130.67   131.19
eigval :      134.71   136.83   140.22   140.43   149.34   152.12
eigval :      160.34   167.11   169.56   173.29   174.66   175.55
eigval :      179.73   183.77   184.58   196.63   204.46   213.86
eigval :      220.70   224.01   229.19   232.38   237.90   248.49
eigval :      255.69   258.62   259.71   261.91   264.70   265.84
eigval :      271.97   274.68   275.30   277.85   279.42   282.42
eigval :      283.24   289.47   293.55   296.91   327.70   331.68
eigval :      331.79   332.61   336.75   339.58   340.21   340.59
eigval :      341.91   342.36   342.55   348.79   375.10   389.90
eigval :      391.17   392.64   393.10   393.58   394.64   397.41
eigval :      417.57   417.74   418.39   418.59   436.07   436.23
eigval :      436.30   436.35   442.93   450.82   452.36   453.09
eigval :      453.29   453.35   455.06   456.51   475.67   476.24
eigval :      476.43   477.90   486.81   487.24   487.51   488.46
eigval :      499.21   499.88   499.91   500.46   506.92   514.18
eigval :      516.57   520.92   523.03   524.31   524.48   525.32
eigval :      528.58   530.20   530.23   531.17   538.46   539.67
eigval :      540.39   541.80   572.31   574.47   574.51   575.31
eigval :      575.83   576.52   577.14   577.63   609.97   615.06
eigval :      618.85   619.20   621.71   625.87   626.71   629.39
eigval :      647.59   647.72   647.85   647.88   659.91   660.69
eigval :      660.92   661.12   663.54   668.45   670.52   671.96
eigval :      716.70   717.87   718.47   718.91   724.59   725.62
eigval :      725.91   726.33   768.56   772.89   775.78   777.00
eigval :      778.35   779.43   780.00   781.87   786.37   787.02
eigval :      787.47   787.89   794.99   797.01   798.67   799.23
eigval :      810.25   811.18   813.19   813.69   814.94   819.14
eigval :      820.50   827.05   843.34   848.41   852.33   854.58
eigval :      855.15   857.58   857.84   858.32   858.78   860.34
eigval :      861.81   865.46   876.61   879.50   882.35   882.56
eigval :      886.59   889.35   890.78   891.48   892.15   893.25
eigval :      895.59   895.70   895.87   896.18   896.34   896.55
eigval :      896.65   897.10   897.20   897.44   931.46   931.52
eigval :      931.65   931.89   933.79   933.89   933.94   934.13
eigval :      934.89   934.93   934.97   935.15   945.54   948.07
eigval :      949.40   950.08   983.36   984.41   984.63   984.64
eigval :     1000.47  1002.97  1004.26  1004.78  1047.09  1047.64
eigval :     1048.46  1048.88  1072.45  1072.99  1075.72  1078.50
eigval :     1082.46  1082.73  1086.73  1087.06  1108.33  1108.43
eigval :     1109.51  1110.91  1119.11  1119.51  1120.19  1122.92
eigval :     1123.76  1124.03  1124.53  1126.67  1135.57  1136.39
eigval :     1137.71  1138.14  1152.37  1154.28  1156.81  1163.96
eigval :     1165.48  1167.23  1169.89  1173.68  1181.40  1181.95
eigval :     1182.05  1183.82  1184.73  1184.81  1185.00  1185.07
eigval :     1194.33  1195.26  1195.72  1198.53  1212.75  1214.39
eigval :     1216.77  1218.08  1218.64  1218.79  1219.36  1220.43
eigval :     1224.68  1225.57  1231.94  1234.41  1243.86  1243.95
eigval :     1244.22  1244.62  1285.71  1286.10  1286.32  1288.07
eigval :     1292.42  1294.31  1294.71  1295.27  1310.67  1310.98
eigval :     1312.30  1312.58  1312.72  1312.89  1314.13  1315.37
eigval :     1323.24  1323.41  1324.49  1325.08  1348.51  1349.52
eigval :     1350.59  1352.01  1369.43  1369.94  1370.30  1370.65
eigval :     1377.06  1377.88  1378.50  1381.43  1398.44  1398.62
eigval :     1400.12  1400.83  1405.00  1405.60  1405.70  1405.86
eigval :     1425.57  1425.79  1425.99  1426.23  1450.89  1451.00
eigval :     1451.83  1452.13  1463.58  1463.90  1464.92  1465.97
eigval :     1473.15  1473.65  1474.29  1474.94  1525.78  1527.52
eigval :     1527.62  1528.30  1535.28  1535.78  1536.82  1537.45
eigval :     1542.77  1543.25  1543.38  1543.85  1555.36  1555.52
eigval :     1555.60  1556.11  1556.72  1557.70  1558.36  1559.14
eigval :     1565.52  1566.35  1566.83  1567.09  1573.16  1573.86
eigval :     1574.10  1574.25  2307.06  2307.22  2307.53  2308.19
eigval :     2310.01  2310.32  2311.60  2314.02  2947.51  2950.80
eigval :     2959.13  2961.73  2966.74  2976.33  2978.57  2979.86
eigval :     2995.04  2996.17  2999.99  3001.02  3010.26  3011.01
eigval :     3013.56  3014.68  3079.73  3080.15  3080.15  3080.91
eigval :     3092.73  3092.98  3093.01  3093.30  3093.43  3093.51
eigval :     3094.26  3094.30  3099.19  3099.53  3099.67  3100.46
eigval :     3101.42  3101.72  3102.25  3102.53  3107.20  3107.58
eigval :     3107.86  3108.23  3108.25  3108.39  3108.58  3109.01
eigval :     3109.63  3109.93  3110.21  3110.35  3115.24  3116.84
eigval :     3117.32  3117.87  3118.57  3118.72  3118.95  3119.54
 reduced masses (amu)
   1: 23.41   2: 22.13   3: 23.39   4: 13.78   5: 23.26   6: 24.64   7: 12.04   8: 15.56
   9: 14.44  10: 12.99  11: 11.21  12: 15.28  13: 12.05  14: 21.79  15: 19.51  16: 13.39
  17: 24.10  18: 21.61  19: 12.37  20: 12.60  21: 14.47  22: 10.99  23: 10.65  24: 24.78
  25: 16.76  26: 12.56  27: 10.87  28: 12.56  29: 11.02  30: 14.07  31: 11.57  32: 12.31
  33: 12.03  34: 11.14  35: 11.82  36: 18.99  37: 14.04  38: 14.62  39: 11.54  40: 12.21
  41: 11.21  42: 16.14  43: 11.19  44: 11.27  45: 14.81  46: 11.62  47: 10.71  48: 11.44
  49: 14.69  50: 11.79  51: 14.33  52: 10.68  53: 10.85  54: 10.68  55: 10.78  56: 13.34
  57: 13.07  58: 15.41  59: 13.92  60: 11.08  61: 19.59  62: 13.46  63: 10.70  64: 10.38
  65: 15.10  66: 10.71  67: 11.49  68: 11.51  69: 23.18  70: 33.98  71: 23.80  72: 26.52
  73: 21.87  74: 15.13  75: 18.59  76: 15.01  77: 39.20  78: 34.54  79: 36.37  80: 16.53
  81: 17.70  82: 22.53  83: 20.55  84: 10.63  85: 17.46  86: 15.33  87: 21.13  88: 14.32
  89: 13.28  90: 23.11  91: 25.28  92: 19.32  93: 36.27  94: 38.69  95: 11.20  96: 12.11
  97: 11.26  98: 11.76  99: 12.23 100: 10.66 101: 10.80 102: 10.84 103: 10.62 104: 14.22
 105: 13.81 106: 15.08 107: 10.43 108: 12.08 109:  9.49 110: 11.60 111:  9.47 112:  9.77
 113:  9.44 114: 13.68 115: 11.87 116: 11.87 117: 11.86 118: 11.86 119: 10.23 120: 10.23
 121: 10.23 122: 10.23 123: 10.53 124: 11.07 125: 11.42 126: 11.52 127: 10.68 128: 11.53
 129: 11.68 130: 11.45 131: 11.54 132: 11.59 133: 11.85 134: 11.45 135: 11.59 136: 11.88
 137: 11.66 138: 11.75 139: 11.29 140: 11.44 141: 11.48 142: 11.51 143: 11.18 144: 11.66
 145: 11.60 146: 11.96 147: 11.51 148: 11.71 149: 11.78 150: 11.90 151: 11.56 152: 11.81
 153: 11.72 154: 12.00 155: 11.14 156: 10.99 157: 11.15 158: 11.23 159: 11.68 160: 11.68
 161: 11.89 162: 11.82 163: 11.50 164: 11.47 165: 11.54 166: 12.04 167: 10.48 168: 10.64
 169: 10.88 170: 10.85 171: 12.02 172: 12.23 173: 12.39 174: 12.82 175:  9.12 176:  9.12
 177:  9.14 178:  9.13 179: 11.37 180: 11.44 181: 11.41 182: 11.44 183:  9.04 184:  9.42
 185:  9.54 186:  9.75 187: 11.44 188: 11.53 189: 11.50 190: 11.49 191: 10.60 192: 10.70
 193: 10.75 194: 10.79 195:  4.97 196:  4.81 197:  4.70 198:  4.42 199:  4.52 200:  4.33
 201:  4.17 202:  4.30 203:  4.65 204:  4.67 205:  4.65 206:  4.65 207: 11.15 208: 11.21
 209: 11.01 210: 11.21 211:  3.76 212: 11.56 213: 11.55 214: 11.71 215: 11.82 216:  3.79
 217:  3.92 218:  3.76 219:  4.29 220:  4.29 221:  4.04 222:  4.11 223:  4.27 224:  3.61
 225:  3.61 226:  3.62 227:  3.61 228:  4.37 229:  3.97 230:  4.12 231: 11.09 232: 11.06
 233: 11.19 234: 11.00 235:  3.80 236:  3.77 237:  3.75 238:  3.71 239:  3.52 240:  3.65
 241:  4.00 242:  3.68 243:  3.86 244:  3.88 245:  4.02 246:  3.86 247:  4.03 248:  4.02
 249:  4.01 250:  3.99 251:  3.82 252:  3.82 253:  3.81 254:  3.81 255:  3.51 256:  3.69
 257:  3.71 258:  3.52 259:  3.51 260:  3.69 261:  3.68 262:  3.51 263: 10.87 264: 10.85
 265: 10.87 266: 10.88 267: 11.21 268: 11.22 269: 11.23 270: 11.23 271: 10.44 272: 10.57
 273: 10.60 274: 10.50 275:  9.07 276:  9.19 277:  9.13 278:  9.05 279:  7.29 280:  7.25
 281:  7.13 282:  7.03 283:  6.63 284:  6.63 285:  6.59 286:  6.58 287:  5.94 288:  5.94
 289:  5.95 290:  5.94 291:  3.71 292:  3.75 293:  3.76 294:  4.33 295:  4.38 296:  4.40
 297:  4.37 298:  3.79 299:  5.59 300:  5.68 301:  5.84 302:  5.92 303:  3.07 304:  3.09
 305:  2.96 306:  2.65 307:  1.90 308:  1.86 309:  2.25 310:  2.21 311:  3.78 312:  3.72
 313:  3.91 314:  4.06 315:  1.90 316:  1.89 317:  1.91 318:  2.02 319:  6.25 320:  6.41
 321:  6.09 322:  5.93 323:  4.31 324:  4.44 325:  4.01 326:  6.46 327:  7.28 328:  7.31
 329:  5.74 330:  7.54 331:  3.43 332:  3.28 333:  3.25 334:  3.32 335:  3.86 336:  3.85
 337:  3.84 338:  3.80 339:  6.93 340:  7.02 341:  7.00 342:  7.10 343: 12.14 344: 12.14
 345: 11.97 346: 12.04 347:  9.31 348:  9.38 349: 10.39 350: 10.77 351: 11.78 352: 11.63
 353: 10.86 354: 10.68 355:  9.95 356:  9.98 357:  9.94 358:  9.87 359:  9.92 360:  9.99
 361:  9.99 362:  9.83 363:  9.93 364:  9.86 365: 10.06 366:  9.84 367: 10.26 368: 10.33
 369: 10.25 370: 10.18 371: 11.34 372: 11.30 373: 11.30 374: 11.31 375:  9.95 376:  9.97
 377: 10.00 378:  9.96 379:  9.72 380:  9.71 381:  9.69 382:  9.69 383: 10.96 384: 10.95
 385: 10.97 386: 10.96 387: 11.23 388: 11.19 389: 11.22 390: 11.18 391: 10.78 392: 10.82
 393: 10.85 394: 10.88 395: 11.53 396: 11.55 397: 11.56 398: 11.57 399: 11.64 400: 11.68
 401: 11.68 402: 11.68 403: 11.66 404: 11.64 405: 11.66 406: 11.66 407: 11.48 408: 11.45
 409: 11.46 410: 11.48 411: 11.63 412: 11.67 413: 11.70 414: 11.65 415: 11.50 416: 11.52
 417: 11.55 418: 11.56 419: 11.52 420: 11.51 421: 11.51 422: 11.52 423: 12.01 424: 12.01
 425: 12.01 426: 12.01 427: 12.01 428: 12.01 429: 12.01 430: 12.01 431:  1.86 432:  1.86
 433:  1.85 434:  1.85 435:  1.86 436:  1.85 437:  1.85 438:  1.86 439:  1.85 440:  1.84
 441:  1.84 442:  1.85 443:  1.84 444:  1.84 445:  1.85 446:  1.85 447:  1.78 448:  1.77
 449:  1.77 450:  1.78 451:  1.78 452:  1.83 453:  1.84 454:  1.82 455:  1.80 456:  1.78
 457:  1.84 458:  1.78 459:  1.89 460:  1.89 461:  1.89 462:  1.89 463:  1.84 464:  1.84
 465:  1.84 466:  1.84 467:  1.83 468:  1.81 469:  1.83 470:  1.82 471:  1.82 472:  1.82
 473:  1.81 474:  1.90 475:  1.90 476:  1.84 477:  1.90 478:  1.90 479:  1.85 480:  1.85
 481:  1.85 482:  1.85 483:  1.90 484:  1.90 485:  1.90 486:  1.90
 IR intensities (amu)
   1:  0.44   2:  0.40   3:  0.63   4:  0.18   5:  0.44   6:  0.68   7:  0.21   8:  0.50
   9:  0.43  10:  0.31  11:  0.04  12:  0.15  13:  0.08  14:  0.05  15:  0.05  16:  0.16
  17:  0.01  18:  0.04  19:  0.16  20:  0.15  21:  0.22  22:  0.07  23:  0.04  24:  0.14
  25:  0.08  26:  0.05  27:  0.04  28:  0.12  29:  0.03  30:  0.19  31:  0.02  32:  0.12
  33:  0.04  34:  0.06  35:  0.09  36:  0.08  37:  0.28  38:  0.06  39:  0.08  40:  0.08
  41:  0.06  42:  0.14  43:  0.02  44:  0.06  45:  0.02  46:  0.08  47:  0.01  48:  0.02
  49:  0.03  50:  0.04  51:  0.11  52:  0.10  53:  0.17  54:  0.06  55:  0.18  56:  0.18
  57:  0.39  58:  0.16  59:  0.15  60:  0.12  61:  0.67  62:  0.24  63:  0.15  64:  0.05
  65:  0.53  66:  0.08  67:  0.20  68:  0.15  69:  0.60  70:  0.71  71:  0.56  72:  0.12
  73:  0.36  74:  0.09  75:  0.06  76:  0.58  77:  0.23  78:  0.46  79:  0.85  80:  0.56
  81:  0.29  82:  0.12  83:  0.04  84:  0.12  85:  0.51  86:  0.38  87:  0.65  88:  0.24
  89:  0.31  90:  0.73  91:  0.74  92:  0.22  93:  0.74  94:  0.68  95:  0.02  96:  0.19
  97:  0.07  98:  0.16  99:  0.11 100:  0.15 101:  0.04 102:  0.02 103:  0.02 104:  0.06
 105:  0.24 106:  0.06 107:  0.07 108:  0.11 109:  0.08 110:  0.16 111:  0.09 112:  0.11
 113:  0.01 114:  0.23 115:  0.05 116:  0.05 117:  0.05 118:  0.05 119:  0.02 120:  0.04
 121:  0.03 122:  0.04 123:  0.11 124:  0.18 125:  0.08 126:  0.12 127:  0.06 128:  0.14
 129:  0.12 130:  0.13 131:  0.20 132:  0.19 133:  0.20 134:  0.26 135:  0.13 136:  0.25
 137:  0.15 138:  0.52 139:  0.11 140:  0.28 141:  0.23 142:  0.08 143:  0.01 144:  0.08
 145:  0.12 146:  0.11 147:  0.15 148:  0.43 149:  0.23 150:  0.15 151:  0.08 152:  0.07
 153:  0.05 154:  0.16 155:  0.09 156:  0.04 157:  0.02 158:  0.02 159:  0.33 160:  0.36
 161:  0.44 162:  0.40 163:  0.17 164:  0.05 165:  0.11 166:  0.48 167:  0.15 168:  0.13
 169:  0.23 170:  0.13 171:  0.22 172:  0.32 173:  0.34 174:  0.46 175:  0.01 176:  0.01
 177:  0.01 178:  0.01 179:  0.07 180:  0.12 181:  0.09 182:  0.07 183:  0.09 184:  0.18
 185:  0.27 186:  0.15 187:  0.22 188:  0.13 189:  0.41 190:  0.18 191:  0.04 192:  0.07
 193:  0.05 194:  0.10 195:  0.12 196:  0.10 197:  0.24 198:  0.06 199:  0.18 200:  0.09
 201:  0.04 202:  0.02 203:  0.21 204:  0.34 205:  0.09 206:  0.32 207:  0.07 208:  0.10
 209:  0.13 210:  0.02 211:  0.28 212:  0.09 213:  0.05 214:  0.49 215:  0.47 216:  0.30
 217:  0.40 218:  0.18 219:  0.08 220:  0.09 221:  0.07 222:  0.01 223:  0.04 224:  0.05
 225:  0.09 226:  0.06 227:  0.07 228:  0.08 229:  0.04 230:  0.03 231:  0.19 232:  0.41
 233:  0.06 234:  0.33 235:  0.01 236:  0.04 237:  0.02 238:  0.04 239:  0.03 240:  0.07
 241:  0.01 242:  0.05 243:  0.02 244:  0.01 245:  0.01 246:  0.00 247:  0.01 248:  0.02
 249:  0.01 250:  0.03 251:  0.01 252:  0.03 253:  0.02 254:  0.02 255:  0.02 256:  0.02
 257:  0.02 258:  0.02 259:  0.01 260:  0.02 261:  0.02 262:  0.01 263:  0.11 264:  0.09
 265:  0.34 266:  0.36 267:  0.14 268:  0.38 269:  0.34 270:  0.17 271:  0.02 272:  0.02
 273:  0.05 274:  0.09 275:  0.14 276:  0.29 277:  0.29 278:  0.11 279:  0.09 280:  0.63
 281:  0.37 282:  0.37 283:  0.52 284:  0.27 285:  0.59 286:  0.43 287:  0.20 288:  0.17
 289:  0.32 290:  0.23 291:  0.24 292:  0.35 293:  0.46 294:  0.26 295:  0.11 296:  0.05
 297:  0.13 298:  0.26 299:  0.44 300:  0.69 301:  0.22 302:  1.26 303:  0.04 304:  0.18
 305:  0.10 306:  0.11 307:  0.07 308:  0.21 309:  0.19 310:  0.35 311:  0.13 312:  0.73
 313:  0.74 314:  0.32 315:  0.13 316:  0.15 317:  0.13 318:  0.10 319:  0.52 320:  0.87
 321:  0.21 322:  0.67 323:  0.07 324:  0.24 325:  0.21 326:  0.14 327:  0.17 328:  0.13
 329:  0.06 330:  0.17 331:  0.00 332:  0.12 333:  0.03 334:  0.08 335:  0.11 336:  0.13
 337:  0.27 338:  0.08 339:  0.33 340:  0.15 341:  0.18 342:  0.27 343:  0.24 344:  0.10
 345:  0.24 346:  0.22 347:  0.16 348:  0.45 349:  0.46 350:  0.24 351:  0.04 352:  0.13
 353:  0.39 354:  0.22 355:  0.28 356:  0.24 357:  0.30 358:  0.17 359:  0.08 360:  0.04
 361:  0.12 362:  0.50 363:  0.45 364:  0.75 365:  0.65 366:  0.71 367:  0.46 368:  0.71
 369:  0.50 370:  0.53 371:  0.99 372:  1.31 373:  1.63 374:  0.66 375:  0.12 376:  0.65
 377:  0.48 378:  0.44 379:  0.36 380:  0.19 381:  1.42 382:  0.20 383:  0.08 384:  0.30
 385:  0.23 386:  0.52 387:  0.67 388:  0.68 389:  0.25 390:  0.26 391:  0.39 392:  0.59
 393:  0.04 394:  0.80 395:  0.16 396:  0.74 397:  0.43 398:  0.46 399:  0.80 400:  0.66
 401:  0.12 402:  1.04 403:  2.10 404:  0.69 405:  0.54 406:  1.44 407:  0.63 408:  0.26
 409:  0.27 410:  0.58 411:  0.61 412:  0.37 413:  0.30 414:  0.83 415:  0.13 416:  0.39
 417:  0.28 418:  0.40 419:  0.24 420:  0.23 421:  0.37 422:  0.17 423:  1.17 424:  1.97
 425:  2.19 426:  2.52 427:  1.96 428:  1.65 429:  2.17 430:  2.30 431:  0.01 432:  0.11
 433:  0.04 434:  0.16 435:  0.08 436:  0.09 437:  0.07 438:  0.04 439:  0.02 440:  0.08
 441:  0.06 442:  0.16 443:  0.05 444:  0.06 445:  0.07 446:  0.09 447:  0.22 448:  0.19
 449:  0.22 450:  0.21 451:  0.16 452:  0.21 453:  0.26 454:  0.25 455:  0.12 456:  0.14
 457:  0.23 458:  0.13 459:  0.38 460:  0.54 461:  0.42 462:  0.46 463:  0.26 464:  0.25
 465:  0.23 466:  0.22 467:  0.02 468:  0.07 469:  0.03 470:  0.07 471:  0.07 472:  0.04
 473:  0.08 474:  0.29 475:  0.29 476:  0.05 477:  0.21 478:  0.41 479:  0.06 480:  0.06
 481:  0.05 482:  0.06 483:  0.05 484:  0.05 485:  0.05 486:  0.06
 Raman intensities (amu)
   1:  0.00   2:  0.00   3:  0.00   4:  0.00   5:  0.00   6:  0.00   7:  0.00   8:  0.00
   9:  0.00  10:  0.00  11:  0.00  12:  0.00  13:  0.00  14:  0.00  15:  0.00  16:  0.00
  17:  0.00  18:  0.00  19:  0.00  20:  0.00  21:  0.00  22:  0.00  23:  0.00  24:  0.00
  25:  0.00  26:  0.00  27:  0.00  28:  0.00  29:  0.00  30:  0.00  31:  0.00  32:  0.00
  33:  0.00  34:  0.00  35:  0.00  36:  0.00  37:  0.00  38:  0.00  39:  0.00  40:  0.00
  41:  0.00  42:  0.00  43:  0.00  44:  0.00  45:  0.00  46:  0.00  47:  0.00  48:  0.00
  49:  0.00  50:  0.00  51:  0.00  52:  0.00  53:  0.00  54:  0.00  55:  0.00  56:  0.00
  57:  0.00  58:  0.00  59:  0.00  60:  0.00  61:  0.00  62:  0.00  63:  0.00  64:  0.00
  65:  0.00  66:  0.00  67:  0.00  68:  0.00  69:  0.00  70:  0.00  71:  0.00  72:  0.00
  73:  0.00  74:  0.00  75:  0.00  76:  0.00  77:  0.00  78:  0.00  79:  0.00  80:  0.00
  81:  0.00  82:  0.00  83:  0.00  84:  0.00  85:  0.00  86:  0.00  87:  0.00  88:  0.00
  89:  0.00  90:  0.00  91:  0.00  92:  0.00  93:  0.00  94:  0.00  95:  0.00  96:  0.00
  97:  0.00  98:  0.00  99:  0.00 100:  0.00 101:  0.00 102:  0.00 103:  0.00 104:  0.00
 105:  0.00 106:  0.00 107:  0.00 108:  0.00 109:  0.00 110:  0.00 111:  0.00 112:  0.00
 113:  0.00 114:  0.00 115:  0.00 116:  0.00 117:  0.00 118:  0.00 119:  0.00 120:  0.00
 121:  0.00 122:  0.00 123:  0.00 124:  0.00 125:  0.00 126:  0.00 127:  0.00 128:  0.00
 129:  0.00 130:  0.00 131:  0.00 132:  0.00 133:  0.00 134:  0.00 135:  0.00 136:  0.00
 137:  0.00 138:  0.00 139:  0.00 140:  0.00 141:  0.00 142:  0.00 143:  0.00 144:  0.00
 145:  0.00 146:  0.00 147:  0.00 148:  0.00 149:  0.00 150:  0.00 151:  0.00 152:  0.00
 153:  0.00 154:  0.00 155:  0.00 156:  0.00 157:  0.00 158:  0.00 159:  0.00 160:  0.00
 161:  0.00 162:  0.00 163:  0.00 164:  0.00 165:  0.00 166:  0.00 167:  0.00 168:  0.00
 169:  0.00 170:  0.00 171:  0.00 172:  0.00 173:  0.00 174:  0.00 175:  0.00 176:  0.00
 177:  0.00 178:  0.00 179:  0.00 180:  0.00 181:  0.00 182:  0.00 183:  0.00 184:  0.00
 185:  0.00 186:  0.00 187:  0.00 188:  0.00 189:  0.00 190:  0.00 191:  0.00 192:  0.00
 193:  0.00 194:  0.00 195:  0.00 196:  0.00 197:  0.00 198:  0.00 199:  0.00 200:  0.00
 201:  0.00 202:  0.00 203:  0.00 204:  0.00 205:  0.00 206:  0.00 207:  0.00 208:  0.00
 209:  0.00 210:  0.00 211:  0.00 212:  0.00 213:  0.00 214:  0.00 215:  0.00 216:  0.00
 217:  0.00 218:  0.00 219:  0.00 220:  0.00 221:  0.00 222:  0.00 223:  0.00 224:  0.00
 225:  0.00 226:  0.00 227:  0.00 228:  0.00 229:  0.00 230:  0.00 231:  0.00 232:  0.00
 233:  0.00 234:  0.00 235:  0.00 236:  0.00 237:  0.00 238:  0.00 239:  0.00 240:  0.00
 241:  0.00 242:  0.00 243:  0.00 244:  0.00 245:  0.00 246:  0.00 247:  0.00 248:  0.00
 249:  0.00 250:  0.00 251:  0.00 252:  0.00 253:  0.00 254:  0.00 255:  0.00 256:  0.00
 257:  0.00 258:  0.00 259:  0.00 260:  0.00 261:  0.00 262:  0.00 263:  0.00 264:  0.00
 265:  0.00 266:  0.00 267:  0.00 268:  0.00 269:  0.00 270:  0.00 271:  0.00 272:  0.00
 273:  0.00 274:  0.00 275:  0.00 276:  0.00 277:  0.00 278:  0.00 279:  0.00 280:  0.00
 281:  0.00 282:  0.00 283:  0.00 284:  0.00 285:  0.00 286:  0.00 287:  0.00 288:  0.00
 289:  0.00 290:  0.00 291:  0.00 292:  0.00 293:  0.00 294:  0.00 295:  0.00 296:  0.00
 297:  0.00 298:  0.00 299:  0.00 300:  0.00 301:  0.00 302:  0.00 303:  0.00 304:  0.00
 305:  0.00 306:  0.00 307:  0.00 308:  0.00 309:  0.00 310:  0.00 311:  0.00 312:  0.00
 313:  0.00 314:  0.00 315:  0.00 316:  0.00 317:  0.00 318:  0.00 319:  0.00 320:  0.00
 321:  0.00 322:  0.00 323:  0.00 324:  0.00 325:  0.00 326:  0.00 327:  0.00 328:  0.00
 329:  0.00 330:  0.00 331:  0.00 332:  0.00 333:  0.00 334:  0.00 335:  0.00 336:  0.00
 337:  0.00 338:  0.00 339:  0.00 340:  0.00 341:  0.00 342:  0.00 343:  0.00 344:  0.00
 345:  0.00 346:  0.00 347:  0.00 348:  0.00 349:  0.00 350:  0.00 351:  0.00 352:  0.00
 353:  0.00 354:  0.00 355:  0.00 356:  0.00 357:  0.00 358:  0.00 359:  0.00 360:  0.00
 361:  0.00 362:  0.00 363:  0.00 364:  0.00 365:  0.00 366:  0.00 367:  0.00 368:  0.00
 369:  0.00 370:  0.00 371:  0.00 372:  0.00 373:  0.00 374:  0.00 375:  0.00 376:  0.00
 377:  0.00 378:  0.00 379:  0.00 380:  0.00 381:  0.00 382:  0.00 383:  0.00 384:  0.00
 385:  0.00 386:  0.00 387:  0.00 388:  0.00 389:  0.00 390:  0.00 391:  0.00 392:  0.00
 393:  0.00 394:  0.00 395:  0.00 396:  0.00 397:  0.00 398:  0.00 399:  0.00 400:  0.00
 401:  0.00 402:  0.00 403:  0.00 404:  0.00 405:  0.00 406:  0.00 407:  0.00 408:  0.00
 409:  0.00 410:  0.00 411:  0.00 412:  0.00 413:  0.00 414:  0.00 415:  0.00 416:  0.00
 417:  0.00 418:  0.00 419:  0.00 420:  0.00 421:  0.00 422:  0.00 423:  0.00 424:  0.00
 425:  0.00 426:  0.00 427:  0.00 428:  0.00 429:  0.00 430:  0.00 431:  0.00 432:  0.00
 433:  0.00 434:  0.00 435:  0.00 436:  0.00 437:  0.00 438:  0.00 439:  0.00 440:  0.00
 441:  0.00 442:  0.00 443:  0.00 444:  0.00 445:  0.00 446:  0.00 447:  0.00 448:  0.00
 449:  0.00 450:  0.00 451:  0.00 452:  0.00 453:  0.00 454:  0.00 455:  0.00 456:  0.00
 457:  0.00 458:  0.00 459:  0.00 460:  0.00 461:  0.00 462:  0.00 463:  0.00 464:  0.00
 465:  0.00 466:  0.00 467:  0.00 468:  0.00 469:  0.00 470:  0.00 471:  0.00 472:  0.00
 473:  0.00 474:  0.00 475:  0.00 476:  0.00 477:  0.00 478:  0.00 479:  0.00 480:  0.00
 481:  0.00 482:  0.00 483:  0.00 484:  0.00 485:  0.00 486:  0.00
 output can be read by thermo (or use thermo option).
 writing <g98.out> molden fake output.
 recommended (thermochemical) frequency scaling factor: 1.0
           -------------------------------------------------
          |             Thermodynamic Functions             |
           -------------------------------------------------

Refinement of some symmetry elements was terminated before convergence was reached.
Some symmetry elements may remain unidentified.
Molecule has no symmetry elements
It seems to be the C1 point group
c1  symmetry found (for desy threshold:  0.10E+00) used in thermo

          ...................................................
          :                      SETUP                      :
          :.................................................:
          :  # frequencies                         480      :
          :  # imaginary freq.                       0      :
          :  linear?                             false      :
          :  only rotor calc.                    false      :
          :  symmetry                               c1      :
          :  rotational number                       1      :
          :  scaling factor                  1.0000000      :
          :  rotor cutoff                   50.0000000 cm⁻¹ :
          :  imag. cutoff                  -20.0000000 cm⁻¹ :
          :.................................................:

    mode    ω/cm⁻¹     T·S(HO)/kcal·mol⁻¹    T·S(FR)/kcal·mol⁻¹   T·S(vib)
   ------------------------------------------------------------------------
       1      5.71    -2.72085 (  0.02%)    -1.69952 ( 99.98%)    -1.69969
       2      6.58    -2.63678 (  0.03%)    -1.65748 ( 99.97%)    -1.65777
       3      6.69    -2.62668 (  0.03%)    -1.65243 ( 99.97%)    -1.65274
       4      8.07    -2.51545 (  0.07%)    -1.59681 ( 99.93%)    -1.59744
       5     10.85    -2.34027 (  0.22%)    -1.50921 ( 99.78%)    -1.51105
       6     15.23    -2.13918 (  0.85%)    -1.40863 ( 99.15%)    -1.41487
       7     15.67    -2.12259 (  0.95%)    -1.40034 ( 99.05%)    -1.40723
       8     17.47    -2.05808 (  1.47%)    -1.36806 ( 98.53%)    -1.37819
       9     18.48    -2.02474 (  1.83%)    -1.35138 ( 98.17%)    -1.36372
      10     20.13    -1.97416 (  2.56%)    -1.32607 ( 97.44%)    -1.34266
      11     20.44    -1.96509 (  2.72%)    -1.32154 ( 97.28%)    -1.33902
      12     22.43    -1.91005 (  3.89%)    -1.29399 ( 96.11%)    -1.31798
      13     24.12    -1.86714 (  5.14%)    -1.27252 ( 94.86%)    -1.30306
      14     30.98    -1.71908 ( 12.84%)    -1.19838 ( 87.16%)    -1.26524
      15     31.28    -1.71335 ( 13.28%)    -1.19551 ( 86.72%)    -1.26428
      16     36.29    -1.62558 ( 21.71%)    -1.15153 ( 78.29%)    -1.25446
      17     43.13    -1.52350 ( 35.64%)    -1.10033 ( 64.36%)    -1.25113
      18     44.18    -1.50937 ( 37.86%)    -1.09324 ( 62.14%)    -1.25079
      19     46.55    -1.47851 ( 42.89%)    -1.07775 ( 57.11%)    -1.24964
      20     46.69    -1.47666 ( 43.20%)    -1.07682 ( 56.80%)    -1.24955
      21     50.25    -1.43331 ( 50.51%)    -1.05505 ( 49.49%)    -1.24610
      22     52.30    -1.40981 ( 54.48%)    -1.04323 ( 45.52%)    -1.24295
      23     53.74    -1.39383 ( 57.16%)    -1.03520 ( 42.84%)    -1.24018
      24     54.51    -1.38542 ( 58.55%)    -1.03097 ( 41.45%)    -1.23850
      25     55.75    -1.37211 ( 60.72%)    -1.02428 ( 39.28%)    -1.23550
      26     57.72    -1.35167 ( 63.98%)    -1.01399 ( 36.02%)    -1.23005
      27     61.44    -1.31493 ( 69.52%)    -0.99550 ( 30.48%)    -1.21755
      28     62.38    -1.30599 ( 70.79%)    -0.99100 ( 29.21%)    -1.21398
      29     69.25    -1.24468 ( 78.63%)    -0.96008 ( 21.37%)    -1.18385
      30     75.26    -1.19586 ( 83.69%)    -0.93542 ( 16.31%)    -1.15339
      31     83.38    -1.13588 ( 88.55%)    -0.90507 ( 11.45%)    -1.10945
      32     87.89    -1.10510 ( 90.52%)    -0.88946 (  9.48%)    -1.08465
      33     89.91    -1.09185 ( 91.27%)    -0.88273 (  8.73%)    -1.07359
      34     94.00    -1.06587 ( 92.59%)    -0.86953 (  7.41%)    -1.05132
      35     94.81    -1.06091 ( 92.82%)    -0.86700 (  7.18%)    -1.04699
      36     99.32    -1.03388 ( 93.96%)    -0.85324 (  6.04%)    -1.02297
      37     99.66    -1.03188 ( 94.04%)    -0.85222 (  5.96%)    -1.02118
      38     99.86    -1.03073 ( 94.09%)    -0.85163 (  5.91%)    -1.02014
      39    104.43    -1.00471 ( 95.01%)    -0.83836 (  4.99%)    -0.99641
      40    108.71    -0.98146 ( 95.72%)    -0.82648 (  4.28%)    -0.97483
      41    115.19    -0.94798 ( 96.57%)    -0.80932 (  3.43%)    -0.94322
      42    116.95    -0.93921 ( 96.77%)    -0.80482 (  3.23%)    -0.93486
      43    122.51    -0.91246 ( 97.30%)    -0.79107 (  2.70%)    -0.90918
      44    123.61    -0.90732 ( 97.39%)    -0.78842 (  2.61%)    -0.90422
      45    124.78    -0.90190 ( 97.49%)    -0.78563 (  2.51%)    -0.89898
      46    128.30    -0.88591 ( 97.75%)    -0.77739 (  2.25%)    -0.88347
      47    130.67    -0.87543 ( 97.90%)    -0.77197 (  2.10%)    -0.87326
      48    131.19    -0.87315 ( 97.93%)    -0.77079 (  2.07%)    -0.87103
      49    134.71    -0.85798 ( 98.14%)    -0.76294 (  1.86%)    -0.85621
      50    136.83    -0.84903 ( 98.25%)    -0.75831 (  1.75%)    -0.84744
      51    140.22    -0.83507 ( 98.41%)    -0.75106 (  1.59%)    -0.83373
      52    140.43    -0.83424 ( 98.42%)    -0.75063 (  1.58%)    -0.83292
      53    149.34    -0.79924 ( 98.76%)    -0.73241 (  1.24%)    -0.79841
      54    152.12    -0.78876 ( 98.85%)    -0.72693 (  1.15%)    -0.78804
      55    160.34    -0.75904 ( 99.06%)    -0.71136 (  0.94%)    -0.75859
      56    167.11    -0.73575 ( 99.20%)    -0.69909 (  0.80%)    -0.73546
      57    169.56    -0.72759 ( 99.25%)    -0.69478 (  0.75%)    -0.72734
      58    173.29    -0.71541 ( 99.31%)    -0.68834 (  0.69%)    -0.71523
      59    174.66    -0.71102 ( 99.33%)    -0.68601 (  0.67%)    -0.71085
      60    175.55    -0.70816 ( 99.35%)    -0.68449 (  0.65%)    -0.70800
      61    179.73    -0.69504 ( 99.40%)    -0.67752 (  0.60%)    -0.69493
      62    183.77    -0.68270 ( 99.45%)    -0.67094 (  0.55%)    -0.68263
      63    184.58    -0.68027 ( 99.46%)    -0.66965 (  0.54%)    -0.68021
      64    196.63    -0.64532 ( 99.58%)    -0.65091 (  0.42%)    -0.64534
      65    204.46    -0.62391 ( 99.64%)    -0.63934 (  0.36%)    -0.62397
      66    213.86    -0.59941 ( 99.70%)    -0.62602 (  0.30%)    -0.59949
      67    220.70    -0.58240 ( 99.74%)    -0.61670 (  0.26%)    -0.58249
      68    224.01    -0.57437 ( 99.75%)    -0.61229 (  0.25%)    -0.57446
      69    229.19    -0.56211 ( 99.77%)    -0.60552 (  0.23%)    -0.56220
      70    232.38    -0.55469 ( 99.79%)    -0.60141 (  0.21%)    -0.55479
      71    237.90    -0.54220 ( 99.81%)    -0.59447 (  0.19%)    -0.54230
      72    248.49    -0.51917 ( 99.84%)    -0.58157 (  0.16%)    -0.51927
      73    255.69    -0.50418 ( 99.85%)    -0.57310 (  0.15%)    -0.50428
      74    258.62    -0.49822 ( 99.86%)    -0.56972 (  0.14%)    -0.49832
      75    259.71    -0.49603 ( 99.86%)    -0.56847 (  0.14%)    -0.49613
      76    261.91    -0.49165 ( 99.87%)    -0.56598 (  0.13%)    -0.49175
      77    264.70    -0.48615 ( 99.87%)    -0.56284 (  0.13%)    -0.48625
      78    265.84    -0.48393 ( 99.88%)    -0.56157 (  0.12%)    -0.48403
      79    271.97    -0.47217 ( 99.89%)    -0.55482 (  0.11%)    -0.47227
      80    274.68    -0.46708 ( 99.89%)    -0.55188 (  0.11%)    -0.46717
      81    275.30    -0.46592 ( 99.89%)    -0.55121 (  0.11%)    -0.46602
      82    277.85    -0.46120 ( 99.90%)    -0.54848 (  0.10%)    -0.46129
      83    279.42    -0.45832 ( 99.90%)    -0.54681 (  0.10%)    -0.45841
      84    282.42    -0.45289 ( 99.90%)    -0.54365 (  0.10%)    -0.45298
      85    283.24    -0.45141 ( 99.90%)    -0.54279 (  0.10%)    -0.45150
      86    289.47    -0.44039 ( 99.91%)    -0.53634 (  0.09%)    -0.44048
      87    293.55    -0.43333 ( 99.92%)    -0.53219 (  0.08%)    -0.43341
      88    296.91    -0.42762 ( 99.92%)    -0.52882 (  0.08%)    -0.42770
   ------------------------------------------------------------------------

   temp. (K)  partition function   enthalpy   heat capacity  entropy
                                   cal/mol     cal/K/mol   cal/K/mol   J/K/mol
 298.15  VIB  0.147E+48            56161.150    354.632    358.744
         ROT  0.861E+09              888.752      2.981     43.866
         INT  0.127E+57            57049.903    357.613    402.609
         TR   0.581E+29             1481.254      4.968     47.836
         TOT                       58531.1566   362.5813   450.4454  1884.6635

       T/K    H(0)-H(T)+PV         H(T)/Eh          T*S/Eh         G(T)/Eh
   ------------------------------------------------------------------------
    298.15    0.932753E-01    0.127456E+01    0.214021E+00    0.106054E+01
   ------------------------------------------------------------------------

         :::::::::::::::::::::::::::::::::::::::::::::::::::::
         ::                  THERMODYNAMIC                  ::
         :::::::::::::::::::::::::::::::::::::::::::::::::::::
         :: total free energy        -264.111683750755 Eh   ::
         ::.................................................::
         :: total energy             -265.172225170610 Eh   ::
         :: zero point energy           1.181287217986 Eh   ::
         :: G(RRHO) w/o ZPVE           -0.120745798130 Eh   ::
         :: G(RRHO) contrib.            1.060541419856 Eh   ::
         :::::::::::::::::::::::::::::::::::::::::::::::::::::

           -------------------------------------------------
          | TOTAL ENERGY             -265.172225170610 Eh   |
          | TOTAL ENTHALPY           -263.897662617424 Eh   |
          | TOTAL FREE ENERGY        -264.111683750755 Eh   |
          | GRADIENT NORM               0.000810350171 Eh/α |
          | HOMO-LUMO GAP               2.082675378546 eV   |
           -------------------------------------------------

------------------------------------------------------------------------
 * finished run on 2021/06/21 at 19:59:37.465     
------------------------------------------------------------------------
 total:
 * wall-time:     0 d,  0 h, 11 min, 59.091 sec
 *  cpu-time:     0 d,  0 h, 48 min, 29.028 sec
 * ratio c/w:     4.045 speedup
 SCF:
 * wall-time:     0 d,  0 h,  0 min,  2.010 sec
 *  cpu-time:     0 d,  0 h,  0 min,  7.060 sec
 * ratio c/w:     3.513 speedup
 numerical hessian:
 * wall-time:     0 d,  0 h, 11 min, 54.915 sec
 *  cpu-time:     0 d,  0 h, 48 min, 19.737 sec
 * ratio c/w:     4.056 speedup

