 
       ==============================================
       |                                            |
       |                 C R E S T                  |
       |                                            |
       |  Conformer-Rotamer Ensemble Sampling Tool  |
       |       based on the GFNn-xTB methods        |
       |             P.Pracht, S.Grimme             |
       |          Universitaet Bonn, MCTC           |
       ==============================================
       Version 2.10.1, Thu 28. May 12:50:10 CEST 2020
       Using the xTB program.
       Compatible with XTB version 6.1 and later.
 
   Cite work conducted with this code as

   P. Pracht, F. Bohle, S. Grimme, PCCP, 2020, 22, 7169-7192.

   and

   S. Grimme, JCTC, 2019, 15, 2847-2862.
 
   This program is distributed in the hope that it will be useful,
   but WITHOUT ANY WARRANTY; without even the implied warranty of
   MERCHANTABILITY or FITNESS FOR A PARTICULAR PURPOSE.

 Command line input:
 > /home/atarzia/software/crest/crest binolA.xyz -xnam /home/atarzia/software/xtb-6.4.0/bin/xtb -T 4

  -xnam :
     xtb executable was set to: "/home/atarzia/software/xtb-6.4.0/bin/xtb"
  -T 4 (CPUs/Threads selected)
-------------------------
Starting z-matrix sorting
-------------------------
 total number of atoms :          80
 total number of frags :           1
 Fragment            1
   1  H     0.000000      0.0000      0.0000     0    0    0
   2  O     1.827978      0.0000      0.0000     1    0    0
   3  C     2.596031    107.9293      0.0000     2    1    0
   4  C     2.604744    121.4140    -11.0000     3    2    1
   5  C     2.686699    120.4711   -180.2571     4    3    2
   6  C     2.663454    122.2946   -179.5542     5    4    3
   7  C     2.586534    120.5678   -180.5292     6    5    4
   8  C     2.652088    120.6943   -359.9060     7    6    5
   9  C     2.582836    120.1597     -0.4914     8    7    6
  10  C     2.667472    120.5827   -359.8604     9    8    7
  11  C     2.655388    121.7563   -177.4033    10    9    8
  12  C     2.599022    121.8250   -179.3614    11   10    9
  13  C     2.769389    120.9398   -175.7167    12   11   10
  14  C     2.634824    121.9429   -133.4901    13   12   11
  15  N     2.500447    123.2917   -174.2835    14   13   12
  16  C     2.551049    118.7237   -357.7610    15   14   13
  17  C     2.638385    121.7480     -6.3247    16   15   14
  18  C     2.603973    118.9031   -355.7027    17   16   15
  19  H     2.038544    120.7340   -181.1572    18   17   16
  20  H     2.036851    121.2616   -178.7533    17   18   16
  21  C     2.705743    124.8791   -174.2967    16   17   15
  22  N     2.437927    117.1001   -178.3522    21   16   17
  23  C     2.646861    118.3576   -164.7961    22   21   16
  24  C     2.633921    122.0339   -132.8286    23   22   21
  25  C     2.611942    120.1995   -179.8774    24   23   22
  26  C     2.619861    120.4343   -358.7972    25   24   23
  27  C     2.619427    119.7120     -0.2302    26   25   24
  28  C     2.610358    120.2152     -0.7144    27   26   25
  29  H     2.042340    120.4396   -180.9380    28   27   26
  30  H     2.038301    119.6281   -180.5940    27   28   26
  31  H     2.037227    120.1466   -180.2977    26   27   25
  32  H     2.038252    120.0265   -180.5963    25   26   24
  33  H     2.035124    119.7984   -182.2127    24   25   23
  34  H     2.051377    122.4810   -185.3737    21   22   16
  35  H     2.040034    116.4045   -179.9872    14   15   13
  36  H     2.040313    119.5305   -179.3036    11   12   10
  37  H     2.039273    118.7151   -180.4875     9   10    8
  38  H     2.037518    120.3845   -180.4715     8    9    7
  39  H     2.038621    119.3080   -180.2782     7    8    6
  40  H     2.041472    120.2044   -180.8362     6    7    5
  41  C     2.819521    119.5207   -183.2743     4    5    3
  42  C     2.606850    120.0165   -277.4494    41    4    5
  43  C     2.687618    120.5556   -178.2094    42   41    4
  44  C     2.600389    119.0512     -1.3554    43   42   41
  45  C     2.656367    121.8037   -356.4002    44   43   42
  46  C     2.667417    121.7636   -185.6647    45   44   43
  47  C     2.581345    120.6331   -174.9768    46   45   44
  48  C     2.652076    120.1946     -1.5824    47   46   45
  49  C     2.584186    120.6431     -0.0838    48   47   46
  50  C     2.664312    120.5542   -358.3928    49   48   47
  51  H     2.040335    120.2903   -182.4199    49   48   50
  52  H     2.038007    119.9096   -179.0179    48   49   47
  53  H     2.037277    119.4380   -178.8043    47   48   46
  54  H     2.040217    120.7371   -177.9674    46   47   45
  55  H     2.040637    118.4590   -175.3605    44   45   43
  56  C     2.768747    120.7770   -178.1144    43   44   42
  57  C     2.637264    120.4013    -44.0535    56   43   44
  58  N     2.501614    123.4690   -176.6694    57   56   43
  59  C     2.549994    118.7686     -0.2108    58   57   56
  60  C     2.640300    121.6001     -4.0433    59   58   57
  61  C     2.603507    119.1384   -355.7172    60   59   58
  62  H     2.036097    120.4938   -180.8768    61   60   59
  63  H     2.036787    121.1167   -178.8064    60   61   59
  64  C     2.704107    124.5565   -171.9733    59   60   58
  65  N     2.440207    117.3108   -185.3145    64   59   60
  66  C     2.643767    118.5207   -163.4840    65   64   59
  67  C     2.635093    121.8591   -138.1249    66   65   64
  68  C     2.611436    120.3444   -179.5957    67   66   65
  69  C     2.620059    120.4108   -358.8194    68   67   66
  70  C     2.619756    119.6591   -359.9762    69   68   67
  71  C     2.609877    120.2715     -0.8035    70   69   68
  72  H     2.042685    120.3193   -181.3772    71   70   69
  73  H     2.038371    119.6291   -180.4578    70   71   69
  74  H     2.037021    120.1743   -180.0733    69   70   68
  75  H     2.038180    120.0185   -180.5296    68   69   67
  76  H     2.034190    119.7998   -182.0631    67   68   66
  77  H     2.051023    122.4254   -186.0017    64   65   59
  78  H     2.041306    116.4690   -177.3810    57   58   56
  79  O     2.573540    117.8423   -181.8786    42   43   41
  80  H     1.828951    109.2180   -187.2133    79   42   43
 terminated normally
 
 -------------------------
 xTB Geometry Optimization
 -------------------------
 Geometry successfully optimized.
 
------------------------------------------------
Generating MTD length from a flexibility measure
------------------------------------------------
 Calculating WBOs... done.
 flexibility measure :   0.180
 t(MTD) / ps    :     5.0
 Σ(t(MTD)) / ps :    60.0 (+    10.0)
 
-------------------------------------
Starting a trial MTD to test settings
-------------------------------------
 Estimated runtime for one MTD (5.0 ps) on a single thread: 11 min 11 sec
 Estimated runtime for a batch of 14 MTDs on 4 threads: 44 min 44 sec
 
 list of Vbias parameters applied:
$metadyn    0.00300   1.300
$metadyn    0.00150   1.300
$metadyn    0.00075   1.300
$metadyn    0.00300   0.780
$metadyn    0.00150   0.780
$metadyn    0.00075   0.780
$metadyn    0.00300   0.468
$metadyn    0.00150   0.468
$metadyn    0.00075   0.468
$metadyn    0.00300   0.281
$metadyn    0.00150   0.281
$metadyn    0.00075   0.281
$metadyn    0.00100   0.100
$metadyn    0.00500   0.800
 
*******************************************************************************************
**                        N E W    I T E R A T I O N    C Y C L E                        **
*******************************************************************************************
 
========================================
            MTD Iteration  1
========================================
 
     ========================================
     |         Meta-MD (MTD) Sampling       |
     ========================================
 
Starting Meta-MD   1 with the settings:
     MD time /ps        :     5.0
     dt /fs             :     5.0
     dumpstep(trj) /fs  :     100
     dumpstep(Vbias)/ps :     1.0
     Vbias prefactor(k) :  0.2400
     Vbias exponent(α)  :    1.30
Starting Meta-MD   2 with the settings:
     MD time /ps        :     5.0
     dt /fs             :     5.0
     dumpstep(trj) /fs  :     100
     dumpstep(Vbias)/ps :     1.0
     Vbias prefactor(k) :  0.1200
     Vbias exponent(α)  :    1.30
Starting Meta-MD   3 with the settings:
     MD time /ps        :     5.0
     dt /fs             :     5.0
     dumpstep(trj) /fs  :     100
     dumpstep(Vbias)/ps :     1.0
     Vbias prefactor(k) :  0.0600
     Vbias exponent(α)  :    1.30
Starting Meta-MD  14 with the settings:
     MD time /ps        :     5.0
     dt /fs             :     5.0
     dumpstep(trj) /fs  :     100
     dumpstep(Vbias)/ps :     1.0
     Vbias prefactor(k) :  0.4000
     Vbias exponent(α)  :    0.80
*Meta-MD 3 finished*
Starting Meta-MD   4 with the settings:
     MD time /ps        :     5.0
     dt /fs             :     5.0
     dumpstep(trj) /fs  :     100
     dumpstep(Vbias)/ps :     1.0
     Vbias prefactor(k) :  0.2400
     Vbias exponent(α)  :    0.78
*Meta-MD 14 finished*
Starting Meta-MD  13 with the settings:
     MD time /ps        :     5.0
     dt /fs             :     5.0
     dumpstep(trj) /fs  :     100
     dumpstep(Vbias)/ps :     1.0
     Vbias prefactor(k) :  0.0800
     Vbias exponent(α)  :    0.10
*Meta-MD 1 finished*
Starting Meta-MD   5 with the settings:
     MD time /ps        :     5.0
     dt /fs             :     5.0
     dumpstep(trj) /fs  :     100
     dumpstep(Vbias)/ps :     1.0
     Vbias prefactor(k) :  0.1200
     Vbias exponent(α)  :    0.78
*Meta-MD 2 finished*
Starting Meta-MD   6 with the settings:
     MD time /ps        :     5.0
     dt /fs             :     5.0
     dumpstep(trj) /fs  :     100
     dumpstep(Vbias)/ps :     1.0
     Vbias prefactor(k) :  0.0600
     Vbias exponent(α)  :    0.78
*Meta-MD 5 finished*
Starting Meta-MD   7 with the settings:
     MD time /ps        :     5.0
     dt /fs             :     5.0
     dumpstep(trj) /fs  :     100
     dumpstep(Vbias)/ps :     1.0
     Vbias prefactor(k) :  0.2400
     Vbias exponent(α)  :    0.47
*Meta-MD 13 finished*
Starting Meta-MD  12 with the settings:
     MD time /ps        :     5.0
     dt /fs             :     5.0
     dumpstep(trj) /fs  :     100
     dumpstep(Vbias)/ps :     1.0
     Vbias prefactor(k) :  0.0600
     Vbias exponent(α)  :    0.28
*Meta-MD 6 finished*
Starting Meta-MD   8 with the settings:
     MD time /ps        :     5.0
     dt /fs             :     5.0
     dumpstep(trj) /fs  :     100
     dumpstep(Vbias)/ps :     1.0
     Vbias prefactor(k) :  0.1200
     Vbias exponent(α)  :    0.47
*Meta-MD 4 finished*
Starting Meta-MD   9 with the settings:
     MD time /ps        :     5.0
     dt /fs             :     5.0
     dumpstep(trj) /fs  :     100
     dumpstep(Vbias)/ps :     1.0
     Vbias prefactor(k) :  0.0600
     Vbias exponent(α)  :    0.47
*Meta-MD 7 finished*
Starting Meta-MD  10 with the settings:
     MD time /ps        :     5.0
     dt /fs             :     5.0
     dumpstep(trj) /fs  :     100
     dumpstep(Vbias)/ps :     1.0
     Vbias prefactor(k) :  0.2400
     Vbias exponent(α)  :    0.28
*Meta-MD 12 finished*
Starting Meta-MD  11 with the settings:
     MD time /ps        :     5.0
     dt /fs             :     5.0
     dumpstep(trj) /fs  :     100
     dumpstep(Vbias)/ps :     1.0
     Vbias prefactor(k) :  0.1200
     Vbias exponent(α)  :    0.28
*Meta-MD 8 finished*
*Meta-MD 9 finished*
*Meta-MD 11 finished*
*Meta-MD 10 finished*
 
-----------------------
Multilevel Optimization
-----------------------
 
 -------------------------
 1. crude pre-optimization
 -------------------------
 writing TMPCONF* Dirs from file "crest_rotamers_0.xyz" ... done.
 Starting optimization of generated structures
 686 jobs to do.
 1 2 3 4 5 6 7 8 9 10 11 12 13 14 15 16 17 18 19 20 21 22 23 24 25 26 27 28 29 30 31 32 33 34 35 36 37 38 39 40 41 42 43 44 45 46 47 48 49 50 51 52 53 54 55 56 57 58 59 60 61 62 63 64 65 66 67 68 69 70 71 72 73 74 75 76 77 78 79 80 81 82 83 84 85 86 87 88 89 90 91 92 93 94 95 96 97 98 99 100 101 102 103 104 105 106 107 108 109 110 111 112 113 114 115 116 117 118 119 120 121 122 123 124 125 126 127 128 129 130 131 132 133 134 135 136 137 138 139 140 141 142 143 144 145 146 147 148 149 150 151 152 153 154 155 156 157 158 159 160 161 162 163 164 165 166 167 168 169 170 171 172 173 174 175 176 177 178 179 180 181 182 183 184 185 186 187 188 189 190 191 192 193 194 195 196 197 198 199 200 201 202 203 204 205 206 207 208 209 210 211 212 213 214 215 216 217 218 219 220 221 222 223 224 225 226 227 228 229 230 231 232 233 234 235 236 237 238 239 240 241 242 243 244 245 246 247 248 249 250 251 252 253 254 255 256 257 258 259 260 261 262 263 264 265 266 267 268 269 270 271 272 273 274 275 276 277 278 279 280 281 282 283 284 285 286 287 288 289 290 291 292 293 294 295 296 297 298 299 300 301 302 303 304 305 306 307 308 309 310 311 312 313 314 315 316 317 318 319 320 321 322 323 324 325 326 327 328 329 330 331 332 333 334 335 336 337 338 339 340 341 342 343 344 345 346 347 348 349 350 351 352 353 354 355 356 357 358 359 360 361 362 363 364 365 366 367 368 369 370 371 372 373 374 375 376 377 378 379 380 381 382 383 384 385 386 387 388 389 390 391 392 393 394 395 396 397 398 399 400 401 402 403 404 405 406 407 408 409 410 411 412 413 414 415 416 417 418 419 420 421 422 423 424 425 426 427 428 429 430 431 432 433 434 435 436 437 438 439 440 441 442 443 444 445 446 447 448 449 450 451 452 453 454 455 456 457 458 459 460 461 462 463 464 465 466 467 468 469 470 471 472 473 474 475 476 477 478 479 480 481 482 483 484 485 486 487 488 489 490 491 492 493 494 495 496 497 498 499 500 501 502 503 504 505 506 507 508 509 510 511 512 513 514 515 516 517 518 519 520 521 522 523 524 525 526 527 528 529 530 531 532 533 534 535 536 537 538 539 540 541 542 543 544 545 546 547 548 549 550 551 552 553 554 555 556 557 558 559 560 561 562 563 564 565 566 567 568 569 570 571 572 573 574 575 576 577 578 579 580 581 582 583 584 585 586 587 588 589 590 591 592 593 594 595 596 597 598 599 600 601 602 603 604 605 606 607 608 609 610 611 612 613 614 615 616 617 618 619 620 621 622 623 624 625 626 627 628 629 630 631 632 633 634 635 636 637 638 639 640 641 642 643 644 645 646 647 648 649 650 651 652 653 654 655 656 657 658 659 660 661 662 663 664 665 666 667 668 669 670 671 672 673 674 675 676 677 678 679 680 681 682 683 684 685 686 
 done.
 Now appending opt.xyz file with new structures
 running RMSDs...
 done.
 E lowest :  -129.30952
 448 structures remain within    12.00 kcal/mol window
 
 -------------------------------------
 2. optimization with tight thresholds
 -------------------------------------
 writing TMPCONF* Dirs from file "crest_rotamers_1.xyz" ... done.
 Starting optimization of generated structures
 449 jobs to do.
 1 2 3 4 5 6 7 8 9 10 11 12 13 14 15 16 17 18 19 20 21 22 23 24 25 26 27 28 29 30 31 32 33 34 35 36 37 38 39 40 41 42 43 44 45 46 47 48 49 50 51 52 53 54 55 56 57 58 59 60 61 62 63 64 65 66 67 68 69 70 71 72 73 74 75 76 77 78 79 80 81 82 83 84 85 86 87 88 89 90 91 92 93 94 95 96 97 98 99 100 101 102 103 104 105 106 107 108 109 110 111 112 113 114 115 116 117 118 119 120 121 122 123 124 125 126 127 128 129 130 131 132 133 134 135 136 137 138 139 140 141 142 143 144 145 146 147 148 149 150 151 152 153 154 155 156 157 158 159 160 161 162 163 164 165 166 167 168 169 170 171 172 173 174 175 176 177 178 179 180 181 182 183 184 185 186 187 188 189 190 191 192 193 194 195 196 197 198 199 200 201 202 203 204 205 206 207 208 209 210 211 212 213 214 215 216 217 218 219 220 221 222 223 224 225 226 227 228 229 230 231 232 233 234 235 236 237 238 239 240 241 242 243 244 245 246 247 248 249 250 251 252 253 254 255 256 257 258 259 260 261 262 263 264 265 266 267 268 269 270 271 272 273 274 275 276 277 278 279 280 281 282 283 284 285 286 287 288 289 290 291 292 293 294 295 296 297 298 299 300 301 302 303 304 305 306 307 308 309 310 311 312 313 314 315 316 317 318 319 320 321 322 323 324 325 326 327 328 329 330 331 332 333 334 335 336 337 338 339 340 341 342 343 344 345 346 347 348 349 350 351 352 353 354 355 356 357 358 359 360 361 362 363 364 365 366 367 368 369 370 371 372 373 374 375 376 377 378 379 380 381 382 383 384 385 386 387 388 389 390 391 392 393 394 395 396 397 398 399 400 401 402 403 404 405 406 407 408 409 410 411 412 413 414 415 416 417 418 419 420 421 422 423 424 425 426 427 428 429 430 431 432 433 434 435 436 437 438 439 440 441 442 443 444 445 446 447 448 449 
 done.
 Now appending opt.xyz file with new structures
 running RMSDs...
 done.
 E lowest :  -129.31116
 248 structures remain within     6.00 kcal/mol window
 
 
========================================
            MTD Iteration  2
========================================
 
     ========================================
     |         Meta-MD (MTD) Sampling       |
     ========================================
 
Starting Meta-MD   1 with the settings:
     MD time /ps        :     5.0
     dt /fs             :     5.0
     dumpstep(trj) /fs  :     100
     dumpstep(Vbias)/ps :     1.0
     Vbias prefactor(k) :  0.2400
     Vbias exponent(α)  :    1.30
Starting Meta-MD   2 with the settings:
     MD time /ps        :     5.0
     dt /fs             :     5.0
     dumpstep(trj) /fs  :     100
     dumpstep(Vbias)/ps :     1.0
     Vbias prefactor(k) :  0.1200
     Vbias exponent(α)  :    1.30
Starting Meta-MD  12 with the settings:
     MD time /ps        :     5.0
     dt /fs             :     5.0
     dumpstep(trj) /fs  :     100
     dumpstep(Vbias)/ps :     1.0
     Vbias prefactor(k) :  0.0600
     Vbias exponent(α)  :    0.28
Starting Meta-MD   3 with the settings:
     MD time /ps        :     5.0
     dt /fs             :     5.0
     dumpstep(trj) /fs  :     100
     dumpstep(Vbias)/ps :     1.0
     Vbias prefactor(k) :  0.0600
     Vbias exponent(α)  :    1.30
*Meta-MD 2 finished*
Starting Meta-MD   4 with the settings:
     MD time /ps        :     5.0
     dt /fs             :     5.0
     dumpstep(trj) /fs  :     100
     dumpstep(Vbias)/ps :     1.0
     Vbias prefactor(k) :  0.2400
     Vbias exponent(α)  :    0.78
*Meta-MD 1 finished*
Starting Meta-MD   5 with the settings:
     MD time /ps        :     5.0
     dt /fs             :     5.0
     dumpstep(trj) /fs  :     100
     dumpstep(Vbias)/ps :     1.0
     Vbias prefactor(k) :  0.1200
     Vbias exponent(α)  :    0.78
*Meta-MD 3 finished*
Starting Meta-MD   6 with the settings:
     MD time /ps        :     5.0
     dt /fs             :     5.0
     dumpstep(trj) /fs  :     100
     dumpstep(Vbias)/ps :     1.0
     Vbias prefactor(k) :  0.0600
     Vbias exponent(α)  :    0.78
*Meta-MD 12 finished*
Starting Meta-MD  11 with the settings:
     MD time /ps        :     5.0
     dt /fs             :     5.0
     dumpstep(trj) /fs  :     100
     dumpstep(Vbias)/ps :     1.0
     Vbias prefactor(k) :  0.1200
     Vbias exponent(α)  :    0.28
*Meta-MD 5 finished*
Starting Meta-MD   7 with the settings:
     MD time /ps        :     5.0
     dt /fs             :     5.0
     dumpstep(trj) /fs  :     100
     dumpstep(Vbias)/ps :     1.0
     Vbias prefactor(k) :  0.2400
     Vbias exponent(α)  :    0.47
*Meta-MD 4 finished*
Starting Meta-MD   8 with the settings:
     MD time /ps        :     5.0
     dt /fs             :     5.0
     dumpstep(trj) /fs  :     100
     dumpstep(Vbias)/ps :     1.0
     Vbias prefactor(k) :  0.1200
     Vbias exponent(α)  :    0.47
*Meta-MD 6 finished*
Starting Meta-MD   9 with the settings:
     MD time /ps        :     5.0
     dt /fs             :     5.0
     dumpstep(trj) /fs  :     100
     dumpstep(Vbias)/ps :     1.0
     Vbias prefactor(k) :  0.0600
     Vbias exponent(α)  :    0.47
*Meta-MD 11 finished*
Starting Meta-MD  10 with the settings:
     MD time /ps        :     5.0
     dt /fs             :     5.0
     dumpstep(trj) /fs  :     100
     dumpstep(Vbias)/ps :     1.0
     Vbias prefactor(k) :  0.2400
     Vbias exponent(α)  :    0.28
*Meta-MD 8 finished*
*Meta-MD 7 finished*
*Meta-MD 9 finished*
*Meta-MD 10 finished*
 
-----------------------
Multilevel Optimization
-----------------------
 
 -------------------------
 1. crude pre-optimization
 -------------------------
 writing TMPCONF* Dirs from file "crest_rotamers_0.xyz" ... done.
 Starting optimization of generated structures
 588 jobs to do.
 1 2 3 4 5 6 7 8 9 10 11 12 13 14 15 16 17 18 19 20 21 22 23 24 25 26 27 28 29 30 31 32 33 34 35 36 37 38 39 40 41 42 43 44 45 46 47 48 49 50 51 52 53 54 55 56 57 58 59 60 61 62 63 64 65 66 67 68 69 70 71 72 73 74 75 76 77 78 79 80 81 82 83 84 85 86 87 88 89 90 91 92 93 94 95 96 97 98 99 100 101 102 103 104 105 106 107 108 109 110 111 112 113 114 115 116 117 118 119 120 121 122 123 124 125 126 127 128 129 130 131 132 133 134 135 136 137 138 139 140 141 142 143 144 145 146 147 148 149 150 151 152 153 154 155 156 157 158 159 160 161 162 163 164 165 166 167 168 169 170 171 172 173 174 175 176 177 178 179 180 181 182 183 184 185 186 187 188 189 190 191 192 193 194 195 196 197 198 199 200 201 202 203 204 205 206 207 208 209 210 211 212 213 214 215 216 217 218 219 220 221 222 223 224 225 226 227 228 229 230 231 232 233 234 235 236 237 238 239 240 241 242 243 244 245 246 247 248 249 250 251 252 253 254 255 256 257 258 259 260 261 262 263 264 265 266 267 268 269 270 271 272 273 274 275 276 277 278 279 280 281 282 283 284 285 286 287 288 289 290 291 292 293 294 295 296 297 298 299 300 301 302 303 304 305 306 307 308 309 310 311 312 313 314 315 316 317 318 319 320 321 322 323 324 325 326 327 328 329 330 331 332 333 334 335 336 337 338 339 340 341 342 343 344 345 346 347 348 349 350 351 352 353 354 355 356 357 358 359 360 361 362 363 364 365 366 367 368 369 370 371 372 373 374 375 376 377 378 379 380 381 382 383 384 385 386 387 388 389 390 391 392 393 394 395 396 397 398 399 400 401 402 403 404 405 406 407 408 409 410 411 412 413 414 415 416 417 418 419 420 421 422 423 424 425 426 427 428 429 430 431 432 433 434 435 436 437 438 439 440 441 442 443 444 445 446 447 448 449 450 451 452 453 454 455 456 457 458 459 460 461 462 463 464 465 466 467 468 469 470 471 472 473 474 475 476 477 478 479 480 481 482 483 484 485 486 487 488 489 490 491 492 493 494 495 496 497 498 499 500 501 502 503 504 505 506 507 508 509 510 511 512 513 514 515 516 517 518 519 520 521 522 523 524 525 526 527 528 529 530 531 532 533 534 535 536 537 538 539 540 541 542 543 544 545 546 547 548 549 550 551 552 553 554 555 556 557 558 559 560 561 562 563 564 565 566 567 568 569 570 571 572 573 574 575 576 577 578 579 580 581 582 583 584 585 586 587 588 
 done.
 Now appending opt.xyz file with new structures
 running RMSDs...
 done.
 E lowest :  -129.31060
 462 structures remain within    12.00 kcal/mol window
 
 -------------------------------------
 2. optimization with tight thresholds
 -------------------------------------
 writing TMPCONF* Dirs from file "crest_rotamers_1.xyz" ... done.
 Starting optimization of generated structures
 463 jobs to do.
 1 2 3 4 5 6 7 8 9 10 11 12 13 14 15 16 17 18 19 20 21 22 23 24 25 26 27 28 29 30 31 32 33 34 35 36 37 38 39 40 41 42 43 44 45 46 47 48 49 50 51 52 53 54 55 56 57 58 59 60 61 62 63 64 65 66 67 68 69 70 71 72 73 74 75 76 77 78 79 80 81 82 83 84 85 86 87 88 89 90 91 92 93 94 95 96 97 98 99 100 101 102 103 104 105 106 107 108 109 110 111 112 113 114 115 116 117 118 119 120 121 122 123 124 125 126 127 128 129 130 131 132 133 134 135 136 137 138 139 140 141 142 143 144 145 146 147 148 149 150 151 152 153 154 155 156 157 158 159 160 161 162 163 164 165 166 167 168 169 170 171 172 173 174 175 176 177 178 179 180 181 182 183 184 185 186 187 188 189 190 191 192 193 194 195 196 197 198 199 200 201 202 203 204 205 206 207 208 209 210 211 212 213 214 215 216 217 218 219 220 221 222 223 224 225 226 227 228 229 230 231 232 233 234 235 236 237 238 239 240 241 242 243 244 245 246 247 248 249 250 251 252 253 254 255 256 257 258 259 260 261 262 263 264 265 266 267 268 269 270 271 272 273 274 275 276 277 278 279 280 281 282 283 284 285 286 287 288 289 290 291 292 293 294 295 296 297 298 299 300 301 302 303 304 305 306 307 308 309 310 311 312 313 314 315 316 317 318 319 320 321 322 323 324 325 326 327 328 329 330 331 332 333 334 335 336 337 338 339 340 341 342 343 344 345 346 347 348 349 350 351 352 353 354 355 356 357 358 359 360 361 362 363 364 365 366 367 368 369 370 371 372 373 374 375 376 377 378 379 380 381 382 383 384 385 386 387 388 389 390 391 392 393 394 395 396 397 398 399 400 401 402 403 404 405 406 407 408 409 410 411 412 413 414 415 416 417 418 419 420 421 422 423 424 425 426 427 428 429 430 431 432 433 434 435 436 437 438 439 440 441 442 443 444 445 446 447 448 449 450 451 452 453 454 455 456 457 458 459 460 461 462 463 
 done.
 Now appending opt.xyz file with new structures
 running RMSDs...
 done.
 E lowest :  -129.31124
 264 structures remain within     6.00 kcal/mol window
 
========================================
            MTD Iterations done         
========================================
 Collecting ensmbles.
 running RMSDs...
 done.
 E lowest :  -129.31124
 499 structures remain within     6.00 kcal/mol window
 
-----------------------------------------------
Additional regular MDs on lowest 4 conformer(s)
-----------------------------------------------
Starting MD   1 with the settings:
     MD time /ps        :     2.5
     MD Temperature /K  :   400.0
     dt /fs             :     5.0
     dumpstep(trj) /fs  :     100
Starting MD   2 with the settings:
     MD time /ps        :     2.5
     MD Temperature /K  :   500.0
     dt /fs             :     5.0
     dumpstep(trj) /fs  :     100
Starting MD   8 with the settings:
     MD time /ps        :     2.5
     MD Temperature /K  :   500.0
     dt /fs             :     5.0
     dumpstep(trj) /fs  :     100
Starting MD   3 with the settings:
     MD time /ps        :     2.5
     MD Temperature /K  :   400.0
     dt /fs             :     5.0
     dumpstep(trj) /fs  :     100
*MD 2 finished*
Starting MD   4 with the settings:
     MD time /ps        :     2.5
     MD Temperature /K  :   500.0
     dt /fs             :     5.0
     dumpstep(trj) /fs  :     100
*MD 1 finished*
Starting MD   5 with the settings:
     MD time /ps        :     2.5
     MD Temperature /K  :   400.0
     dt /fs             :     5.0
     dumpstep(trj) /fs  :     100
*MD 8 finished*
Starting MD   7 with the settings:
     MD time /ps        :     2.5
     MD Temperature /K  :   400.0
     dt /fs             :     5.0
     dumpstep(trj) /fs  :     100
*MD 3 finished*
Starting MD   6 with the settings:
     MD time /ps        :     2.5
     MD Temperature /K  :   500.0
     dt /fs             :     5.0
     dumpstep(trj) /fs  :     100
*MD 4 finished*
*MD 7 finished*
*MD 5 finished*
*MD 6 finished*
 Appending file crest_rotamers_1.xyz with new structures
 
 -------------------------------------------
 Ensemble optimization with tight thresholds
 -------------------------------------------
 writing TMPCONF* Dirs from file "crest_rotamers_1.xyz" ... done.
 Starting optimization of generated structures
 691 jobs to do.
 1 2 3 4 5 6 7 8 9 10 11 12 13 14 15 16 17 18 19 20 21 22 23 24 25 26 27 28 29 30 31 32 33 34 35 36 37 38 39 40 41 42 43 44 45 46 47 48 49 50 51 52 53 54 55 56 57 58 59 60 61 62 63 64 65 66 67 68 69 70 71 72 73 74 75 76 77 78 79 80 81 82 83 84 85 86 87 88 89 90 91 92 93 94 95 96 97 98 99 100 101 102 103 104 105 106 107 108 109 110 111 112 113 114 115 116 117 118 119 120 121 122 123 124 125 126 127 128 129 130 131 132 133 134 135 136 137 138 139 140 141 142 143 144 145 146 147 148 149 150 151 152 153 154 155 156 157 158 159 160 161 162 163 164 165 166 167 168 169 170 171 172 173 174 175 176 177 178 179 180 181 182 183 184 185 186 187 188 189 190 191 192 193 194 195 196 197 198 199 200 201 202 203 204 205 206 207 208 209 210 211 212 213 214 215 216 217 218 219 220 221 222 223 224 225 226 227 228 229 230 231 232 233 234 235 236 237 238 239 240 241 242 243 244 245 246 247 248 249 250 251 252 253 254 255 256 257 258 259 260 261 262 263 264 265 266 267 268 269 270 271 272 273 274 275 276 277 278 279 280 281 282 283 284 285 286 287 288 289 290 291 292 293 294 295 296 297 298 299 300 301 302 303 304 305 306 307 308 309 310 311 312 313 314 315 316 317 318 319 320 321 322 323 324 325 326 327 328 329 330 331 332 333 334 335 336 337 338 339 340 341 342 343 344 345 346 347 348 349 350 351 352 353 354 355 356 357 358 359 360 361 362 363 364 365 366 367 368 369 370 371 372 373 374 375 376 377 378 379 380 381 382 383 384 385 386 387 388 389 390 391 392 393 394 395 396 397 398 399 400 401 402 403 404 405 406 407 408 409 410 411 412 413 414 415 416 417 418 419 420 421 422 423 424 425 426 427 428 429 430 431 432 433 434 435 436 437 438 439 440 441 442 443 444 445 446 447 448 449 450 451 452 453 454 455 456 457 458 459 460 461 462 463 464 465 466 467 468 469 470 471 472 473 474 475 476 477 478 479 480 481 482 483 484 485 486 487 488 489 490 491 492 493 494 495 496 497 498 499 500 501 502 503 504 505 506 507 508 509 510 511 512 513 514 515 516 517 518 519 520 521 522 523 524 525 526 527 528 529 530 531 532 533 534 535 536 537 538 539 540 541 542 543 544 545 546 547 548 549 550 551 552 553 554 555 556 557 558 559 560 561 562 563 564 565 566 567 568 569 570 571 572 573 574 575 576 577 578 579 580 581 582 583 584 585 586 587 588 589 590 591 592 593 594 595 596 597 598 599 600 601 602 603 604 605 606 607 608 609 610 611 612 613 614 615 616 617 618 619 620 621 622 623 624 625 626 627 628 629 630 631 632 633 634 635 636 637 638 639 640 641 642 643 644 645 646 647 648 649 650 651 652 653 654 655 656 657 658 659 660 661 662 663 664 665 666 667 668 669 670 671 672 673 674 675 676 677 678 679 680 681 682 683 684 685 686 687 688 689 690 691 
 done.
 Now appending opt.xyz file with new structures
 running RMSDs...
 done.
 E lowest :  -129.31124
 514 structures remain within     6.00 kcal/mol window
 
 
     ========================================
     |        Structure Crossing (GC)       |
     ========================================
 =============================
  # threads =           4
 =============================
 input  file name : crest_rotamers_3.xyz
number of atoms                :    80
number of points on xyz files  :   514
conformer energy window  /kcal :    6.00
CN per atom difference cut-off :  0.3000
RMSD threshold                 :  0.2500
max. # of generated structures : 250
 reading xyz file ...
 # in E window                514
 generating pairs ...      132354
  33.7 % done
  35.2 % done
  47.5 % done
  55.1 % done
  97.3 % done
 generated pairs           :      101378
 number of clash discarded :       30463
 average rmsd w.r.t input  : 3.42260
 sd of ensemble            : 0.86673
 number of new structures      :         188
 removed identical structures  :         312
 writing          188  TMPCONF* dirs ...
 --------------------------
 GC: loose pre-optimization
 --------------------------
 Starting optimization of generated structures
 188 jobs to do.
 1 2 3 4 5 6 7 8 9 10 11 12 13 14 15 16 17 18 19 20 21 22 23 24 25 26 27 28 29 30 31 32 33 34 35 36 37 38 39 40 41 42 43 44 45 46 47 48 49 50 51 52 53 54 55 56 57 58 59 60 61 62 63 64 65 66 67 68 69 70 71 72 73 74 75 76 77 78 79 80 81 82 83 84 85 86 87 88 89 90 91 92 93 94 95 96 97 98 99 100 101 102 103 104 105 106 107 108 109 110 111 112 113 114 115 116 117 118 119 120 121 122 123 124 125 126 127 128 129 130 131 132 133 134 135 136 137 138 139 140 141 142 143 144 145 146 147 148 149 150 151 152 153 154 155 156 157 158 159 160 161 162 163 164 165 166 167 168 169 170 171 172 173 174 175 176 177 178 179 180 181 182 183 184 185 186 187 188 
 done.
 Now appending opt.xyz file with new structures
 running RMSDs...
 done.
 E lowest :  -129.31123
 182 structures remain within    10.00 kcal/mol window
 --------------------------------------
 GC: optimization with tight thresholds
 --------------------------------------
 writing TMPCONF* Dirs from file "crest_rotamers_1.xyz" ... done.
 Starting optimization of generated structures
 182 jobs to do.
 1 2 3 4 5 6 7 8 9 10 11 12 13 14 15 16 17 18 19 20 21 22 23 24 25 26 27 28 29 30 31 32 33 34 35 36 37 38 39 40 41 42 43 44 45 46 47 48 49 50 51 52 53 54 55 56 57 58 59 60 61 62 63 64 65 66 67 68 69 70 71 72 73 74 75 76 77 78 79 80 81 82 83 84 85 86 87 88 89 90 91 92 93 94 95 96 97 98 99 100 101 102 103 104 105 106 107 108 109 110 111 112 113 114 115 116 117 118 119 120 121 122 123 124 125 126 127 128 129 130 131 132 133 134 135 136 137 138 139 140 141 142 143 144 145 146 147 148 149 150 151 152 153 154 155 156 157 158 159 160 161 162 163 164 165 166 167 168 169 170 171 172 173 174 175 176 177 178 179 180 181 182 
 done.
 Now appending opt.xyz file with new structures
 running RMSDs...
 done.
 E lowest :  -129.31124
 
 
   ================================================
   |           Final Geometry Optimization        |
   ================================================
 ---------------------
 Ensemble optimization
 ---------------------
 writing TMPCONF* Dirs from file "crest_rotamers_4.xyz" ... done.
 Starting optimization of generated structures
 675 jobs to do.
 1 2 3 4 5 6 7 8 9 10 11 12 13 14 15 16 17 18 19 20 21 22 23 24 25 26 27 28 29 30 31 32 33 34 35 36 37 38 39 40 41 42 43 44 45 46 47 48 49 50 51 52 53 54 55 56 57 58 59 60 61 62 63 64 65 66 67 68 69 70 71 72 73 74 75 76 77 78 79 80 81 82 83 84 85 86 87 88 89 90 91 92 93 94 95 96 97 98 99 100 101 102 103 104 105 106 107 108 109 110 111 112 113 114 115 116 117 118 119 120 121 122 123 124 125 126 127 128 129 130 131 132 133 134 135 136 137 138 139 140 141 142 143 144 145 146 147 148 149 150 151 152 153 154 155 156 157 158 159 160 161 162 163 164 165 166 167 168 169 170 171 172 173 174 175 176 177 178 179 180 181 182 183 184 185 186 187 188 189 190 191 192 193 194 195 196 197 198 199 200 201 202 203 204 205 206 207 208 209 210 211 212 213 214 215 216 217 218 219 220 221 222 223 224 225 226 227 228 229 230 231 232 233 234 235 236 237 238 239 240 241 242 243 244 245 246 247 248 249 250 251 252 253 254 255 256 257 258 259 260 261 262 263 264 265 266 267 268 269 270 271 272 273 274 275 276 277 278 279 280 281 282 283 284 285 286 287 288 289 290 291 292 293 294 295 296 297 298 299 300 301 302 303 304 305 306 307 308 309 310 311 312 313 314 315 316 317 318 319 320 321 322 323 324 325 326 327 328 329 330 331 332 333 334 335 336 337 338 339 340 341 342 343 344 345 346 347 348 349 350 351 352 353 354 355 356 357 358 359 360 361 362 363 364 365 366 367 368 369 370 371 372 373 374 375 376 377 378 379 380 381 382 383 384 385 386 387 388 389 390 391 392 393 394 395 396 397 398 399 400 401 402 403 404 405 406 407 408 409 410 411 412 413 414 415 416 417 418 419 420 421 422 423 424 425 426 427 428 429 430 431 432 433 434 435 436 437 438 439 440 441 442 443 444 445 446 447 448 449 450 451 452 453 454 455 456 457 458 459 460 461 462 463 464 465 466 467 468 469 470 471 472 473 474 475 476 477 478 479 480 481 482 483 484 485 486 487 488 489 490 491 492 493 494 495 496 497 498 499 500 501 502 503 504 505 506 507 508 509 510 511 512 513 514 515 516 517 518 519 520 521 522 523 524 525 526 527 528 529 530 531 532 533 534 535 536 537 538 539 540 541 542 543 544 545 546 547 548 549 550 551 552 553 554 555 556 557 558 559 560 561 562 563 564 565 566 567 568 569 570 571 572 573 574 575 576 577 578 579 580 581 582 583 584 585 586 587 588 589 590 591 592 593 594 595 596 597 598 599 600 601 602 603 604 605 606 607 608 609 610 611 612 613 614 615 616 617 618 619 620 621 622 623 624 625 626 627 628 629 630 631 632 633 634 635 636 637 638 639 640 641 642 643 644 645 646 647 648 649 650 651 652 653 654 655 656 657 658 659 660 661 662 663 664 665 666 667 668 669 670 671 672 673 674 675 
 done.
 Now appending opt.xyz file with new structures
 running RMSDs...
 done.
 E lowest :  -129.31124
 656 structures remain within     6.00 kcal/mol window
 
-------------------------------------
CREGEN - CONFORMER SYMMETRY ANALYSIS
-------------------------------------
 =============================
  # threads =           4
 =============================
 input  file name : crest_rotamers_5.xyz
 output file name : crest_rotamers_6.xyz
 number of atoms                :    80
 number of points on xyz files  :   675
 RMSD threshold                 :   0.1250
 Bconst threshold               :  15.0000
 population threshold           :   0.0500
 conformer energy window  /kcal :   6.0000
 # fragment in coord            :     1
 number of reliable points      :   675
 reference state Etot :  -129.311243255200
 number of doubles removed by rot/RMSD         :          19
 total number unique points considered further :         656
   Erel/kcal     Etot      weight/tot conformer  set degen    origin
    1   0.000  -129.31124    0.00665    0.78415    1  241     mtd9
    2   0.001  -129.31124    0.00664                          mtd12
    3   0.003  -129.31124    0.00662                          mtd2
    4   0.005  -129.31123    0.00659                          md4
    5   0.013  -129.31122    0.00651                          mtd7
    6   0.014  -129.31122    0.00649                          mtd1
    7   0.020  -129.31121    0.00643                          mtd9
    8   0.022  -129.31121    0.00641                          mtd5
    9   0.023  -129.31121    0.00640                          mtd1
   10   0.025  -129.31120    0.00638                          md1
   11   0.052  -129.31116    0.00610                          mtd3
   12   0.061  -129.31115    0.00600                          mtd3
   13   0.070  -129.31113    0.00591                          gc
   14   0.075  -129.31112    0.00587                          mtd6
   15   0.088  -129.31110    0.00574                          mtd8
   16   0.093  -129.31110    0.00569                          mtd4
   17   0.096  -129.31109    0.00565                          md1
   18   0.097  -129.31109    0.00565                          mtd4
   19   0.098  -129.31109    0.00564                          mtd4
   20   0.099  -129.31109    0.00563                          mtd4
   21   0.100  -129.31108    0.00562                          mtd12
   22   0.111  -129.31107    0.00552                          gc
   23   0.122  -129.31105    0.00541                          mtd4
   24   0.124  -129.31105    0.00539                          mtd4
   25   0.152  -129.31100    0.00515                          mtd9
   26   0.159  -129.31099    0.00509                          mtd4
   27   0.162  -129.31099    0.00506                          mtd11
   28   0.182  -129.31095    0.00489                          mtd8
   29   0.184  -129.31095    0.00488                          mtd5
   30   0.184  -129.31095    0.00488                          mtd5
   31   0.186  -129.31095    0.00486                          mtd6
   32   0.189  -129.31094    0.00484                          md7
   33   0.189  -129.31094    0.00484                          mtd4
   34   0.190  -129.31094    0.00483                          mtd9
   35   0.191  -129.31094    0.00482                          mtd9
   36   0.196  -129.31093    0.00478                          mtd9
   37   0.200  -129.31092    0.00475                          mtd11
   38   0.203  -129.31092    0.00473                          md5
   39   0.206  -129.31091    0.00470                          mtd4
   40   0.209  -129.31091    0.00468                          mtd10
   41   0.210  -129.31091    0.00467                          mtd4
   42   0.231  -129.31088    0.00451                          mtd11
   43   0.236  -129.31087    0.00447                          mtd6
   44   0.239  -129.31086    0.00445                          mtd10
   45   0.245  -129.31085    0.00440                          mtd3
   46   0.246  -129.31085    0.00439                          mtd4
   47   0.247  -129.31085    0.00439                          mtd12
   48   0.248  -129.31085    0.00438                          mtd1
   49   0.252  -129.31084    0.00435                          mtd5
   50   0.253  -129.31084    0.00434                          md8
   51   0.258  -129.31083    0.00430                          mtd2
   52   0.263  -129.31082    0.00427                          mtd3
   53   0.265  -129.31082    0.00425                          mtd12
   54   0.268  -129.31082    0.00424                          mtd1
   55   0.268  -129.31082    0.00424                          mtd1
   56   0.268  -129.31082    0.00424                          mtd7
   57   0.268  -129.31082    0.00423                          mtd9
   58   0.268  -129.31082    0.00423                          mtd4
   59   0.269  -129.31081    0.00423                          mtd2
   60   0.271  -129.31081    0.00421                          mtd7
   61   0.272  -129.31081    0.00421                          mtd12
   62   0.276  -129.31080    0.00418                          mtd1
   63   0.282  -129.31079    0.00413                          mtd11
   64   0.283  -129.31079    0.00413                          md2
   65   0.287  -129.31079    0.00410                          mtd1
   66   0.288  -129.31078    0.00410                          mtd2
   67   0.291  -129.31078    0.00407                          mtd10
   68   0.293  -129.31078    0.00406                          mtd10
   69   0.293  -129.31078    0.00406                          mtd5
   70   0.300  -129.31076    0.00401                          md6
   71   0.316  -129.31074    0.00390                          mtd12
   72   0.317  -129.31074    0.00390                          md2
   73   0.329  -129.31072    0.00382                          mtd5
   74   0.343  -129.31070    0.00373                          mtd11
   75   0.344  -129.31069    0.00372                          mtd5
   76   0.346  -129.31069    0.00371                          mtd4
   77   0.347  -129.31069    0.00371                          mtd5
   78   0.347  -129.31069    0.00370                          mtd12
   79   0.348  -129.31069    0.00370                          md2
   80   0.349  -129.31069    0.00370                          mtd1
   81   0.351  -129.31068    0.00368                          mtd7
   82   0.354  -129.31068    0.00366                          md6
   83   0.373  -129.31065    0.00355                          mtd5
   84   0.374  -129.31065    0.00354                          mtd1
   85   0.382  -129.31063    0.00350                          mtd6
   86   0.383  -129.31063    0.00349                          mtd2
   87   0.384  -129.31063    0.00348                          gc
   88   0.384  -129.31063    0.00348                          md6
   89   0.385  -129.31063    0.00348                          mtd1
   90   0.385  -129.31063    0.00348                          md7
   91   0.393  -129.31062    0.00343                          mtd1
   92   0.398  -129.31061    0.00340                          mtd7
   93   0.403  -129.31060    0.00337                          mtd7
   94   0.404  -129.31060    0.00337                          mtd2
   95   0.404  -129.31060    0.00337                          mtd9
   96   0.407  -129.31060    0.00335                          mtd12
   97   0.411  -129.31059    0.00333                          mtd7
   98   0.428  -129.31056    0.00323                          mtd5
   99   0.437  -129.31055    0.00319                          mtd2
  100   0.444  -129.31054    0.00315                          mtd7
  101   0.448  -129.31053    0.00313                          mtd11
  102   0.449  -129.31053    0.00312                          mtd5
  103   0.450  -129.31053    0.00311                          mtd9
  104   0.453  -129.31052    0.00310                          mtd1
  105   0.458  -129.31051    0.00308                          mtd4
  106   0.460  -129.31051    0.00307                          mtd1
  107   0.460  -129.31051    0.00307                          mtd5
  108   0.461  -129.31051    0.00306                          mtd7
  109   0.462  -129.31051    0.00306                          mtd11
  110   0.462  -129.31051    0.00305                          mtd7
  111   0.463  -129.31051    0.00305                          mtd2
  112   0.463  -129.31051    0.00305                          mtd3
  113   0.464  -129.31050    0.00304                          md3
  114   0.465  -129.31050    0.00304                          mtd12
  115   0.465  -129.31050    0.00304                          mtd5
  116   0.466  -129.31050    0.00303                          mtd3
  117   0.466  -129.31050    0.00303                          mtd4
  118   0.468  -129.31050    0.00302                          mtd3
  119   0.468  -129.31050    0.00302                          mtd3
  120   0.469  -129.31050    0.00301                          mtd2
  121   0.474  -129.31049    0.00299                          mtd2
  122   0.474  -129.31049    0.00299                          mtd5
  123   0.474  -129.31049    0.00299                          mtd9
  124   0.474  -129.31049    0.00299                          mtd9
  125   0.476  -129.31048    0.00298                          mtd7
  126   0.478  -129.31048    0.00297                          mtd2
  127   0.479  -129.31048    0.00297                          mtd7
  128   0.479  -129.31048    0.00297                          mtd4
  129   0.480  -129.31048    0.00296                          mtd7
  130   0.481  -129.31048    0.00296                          mtd2
  131   0.481  -129.31048    0.00295                          mtd5
  132   0.482  -129.31047    0.00295                          mtd12
  133   0.482  -129.31047    0.00295                          mtd2
  134   0.483  -129.31047    0.00295                          mtd2
  135   0.486  -129.31047    0.00293                          mtd2
  136   0.487  -129.31047    0.00292                          mtd3
  137   0.488  -129.31047    0.00292                          mtd1
  138   0.490  -129.31046    0.00291                          mtd2
  139   0.492  -129.31046    0.00290                          mtd2
  140   0.505  -129.31044    0.00284                          md8
  141   0.505  -129.31044    0.00284                          mtd12
  142   0.508  -129.31043    0.00282                          md1
  143   0.510  -129.31043    0.00281                          mtd8
  144   0.513  -129.31043    0.00280                          mtd13
  145   0.514  -129.31042    0.00280                          mtd1
  146   0.514  -129.31042    0.00280                          mtd5
  147   0.515  -129.31042    0.00279                          mtd9
  148   0.518  -129.31042    0.00278                          mtd7
  149   0.525  -129.31041    0.00274                          md5
  150   0.526  -129.31040    0.00274                          mtd3
  151   0.527  -129.31040    0.00274                          mtd1
  152   0.530  -129.31040    0.00272                          mtd12
  153   0.530  -129.31040    0.00272                          mtd6
  154   0.531  -129.31040    0.00272                          mtd12
  155   0.534  -129.31039    0.00270                          mtd9
  156   0.535  -129.31039    0.00270                          mtd2
  157   0.539  -129.31038    0.00268                          mtd10
  158   0.541  -129.31038    0.00267                          md5
  159   0.541  -129.31038    0.00267                          mtd1
  160   0.542  -129.31038    0.00267                          md4
  161   0.544  -129.31038    0.00266                          mtd1
  162   0.552  -129.31036    0.00262                          mtd1
  163   0.556  -129.31036    0.00261                          mtd8
  164   0.556  -129.31036    0.00260                          mtd2
  165   0.559  -129.31035    0.00259                          mtd6
  166   0.562  -129.31035    0.00258                          mtd5
  167   0.564  -129.31034    0.00257                          mtd2
  168   0.570  -129.31033    0.00254                          mtd8
  169   0.573  -129.31033    0.00253                          mtd6
  170   0.575  -129.31033    0.00252                          mtd3
  171   0.581  -129.31032    0.00250                          mtd7
  172   0.588  -129.31031    0.00247                          mtd5
  173   0.589  -129.31030    0.00246                          mtd12
  174   0.595  -129.31030    0.00244                          mtd4
  175   0.603  -129.31028    0.00241                          md8
  176   0.605  -129.31028    0.00240                          mtd1
  177   0.607  -129.31028    0.00239                          mtd2
  178   0.609  -129.31027    0.00238                          mtd1
  179   0.610  -129.31027    0.00238                          mtd8
  180   0.611  -129.31027    0.00237                          mtd1
  181   0.611  -129.31027    0.00237                          mtd9
  182   0.623  -129.31025    0.00233                          mtd1
  183   0.624  -129.31025    0.00232                          mtd11
  184   0.626  -129.31025    0.00231                          mtd3
  185   0.627  -129.31024    0.00231                          mtd5
  186   0.634  -129.31023    0.00228                          mtd9
  187   0.634  -129.31023    0.00228                          mtd1
  188   0.635  -129.31023    0.00228                          mtd2
  189   0.648  -129.31021    0.00223                          mtd5
  190   0.660  -129.31019    0.00219                          mtd12
  191   0.665  -129.31018    0.00217                          mtd4
  192   0.666  -129.31018    0.00216                          mtd12
  193   0.673  -129.31017    0.00214                          mtd4
  194   0.679  -129.31016    0.00212                          mtd12
  195   0.680  -129.31016    0.00212                          gc
  196   0.684  -129.31015    0.00210                          mtd6
  197   0.695  -129.31014    0.00206                          mtd2
  198   0.702  -129.31013    0.00204                          mtd2
  199   0.708  -129.31012    0.00202                          mtd1
  200   0.715  -129.31010    0.00199                          mtd1
  201   0.725  -129.31009    0.00196                          mtd12
  202   0.729  -129.31008    0.00195                          mtd2
  203   0.735  -129.31007    0.00193                          mtd1
  204   0.748  -129.31005    0.00188                          mtd1
  205   0.750  -129.31005    0.00188                          gc
  206   0.751  -129.31005    0.00187                          mtd11
  207   0.758  -129.31003    0.00185                          gc
  208   0.759  -129.31003    0.00185                          gc
  209   0.760  -129.31003    0.00185                          gc
  210   0.762  -129.31003    0.00184                          gc
  211   0.766  -129.31002    0.00183                          mtd1
  212   0.779  -129.31000    0.00179                          mtd9
  213   0.783  -129.31000    0.00178                          gc
  214   0.799  -129.30997    0.00173                          mtd11
  215   0.808  -129.30996    0.00170                          mtd12
  216   0.826  -129.30993    0.00165                          mtd11
  217   0.831  -129.30992    0.00164                          gc
  218   0.851  -129.30989    0.00158                          gc
  219   0.852  -129.30988    0.00158                          mtd5
  220   0.856  -129.30988    0.00157                          mtd12
  221   0.858  -129.30988    0.00157                          mtd3
  222   0.859  -129.30987    0.00156                          mtd5
  223   0.874  -129.30985    0.00152                          mtd5
  224   0.891  -129.30982    0.00148                          mtd7
  225   0.910  -129.30979    0.00143                          mtd12
  226   0.910  -129.30979    0.00143                          mtd12
  227   0.929  -129.30976    0.00139                          mtd12
  228   0.953  -129.30973    0.00133                          mtd11
  229   0.966  -129.30970    0.00130                          mtd14
  230   1.028  -129.30961    0.00118                          mtd10
  231   1.077  -129.30953    0.00108                          mtd14
  232   1.124  -129.30945    0.00100                          mtd12
  233   1.128  -129.30945    0.00099                          mtd8
  234   1.201  -129.30933    0.00088                          gc
  235   1.224  -129.30929    0.00084                          mtd14
  236   1.300  -129.30917    0.00074                          gc
  237   1.310  -129.30916    0.00073                          gc
  238   1.379  -129.30905    0.00065                          gc
  239   1.399  -129.30901    0.00063                          gc
  240   1.492  -129.30887    0.00054                          mtd8
  241   1.582  -129.30872    0.00046                          gc
  242   0.467  -129.31050    0.00302    0.18504    2  182     gc
  243   0.554  -129.31036    0.00262                          gc
  244   0.562  -129.31035    0.00258                          md8
  245   0.599  -129.31029    0.00242                          gc
  246   0.607  -129.31028    0.00239                          gc
  247   0.618  -129.31026    0.00235                          gc
  248   0.621  -129.31025    0.00234                          mtd4
  249   0.635  -129.31023    0.00228                          mtd7
  250   0.637  -129.31023    0.00227                          mtd11
  251   0.647  -129.31021    0.00223                          gc
  252   0.650  -129.31021    0.00222                          gc
  253   0.715  -129.31010    0.00199                          mtd12
  254   0.716  -129.31010    0.00199                          mtd11
  255   0.721  -129.31009    0.00197                          gc
  256   0.722  -129.31009    0.00197                          gc
  257   0.722  -129.31009    0.00197                          gc
  258   0.723  -129.31009    0.00197                          gc
  259   0.723  -129.31009    0.00196                          gc
  260   0.724  -129.31009    0.00196                          gc
  261   0.725  -129.31009    0.00196                          mtd5
  262   0.727  -129.31009    0.00195                          gc
  263   0.730  -129.31008    0.00194                          gc
  264   0.737  -129.31007    0.00192                          gc
  265   0.737  -129.31007    0.00192                          gc
  266   0.748  -129.31005    0.00188                          gc
  267   0.784  -129.30999    0.00177                          gc
  268   0.784  -129.30999    0.00177                          gc
  269   0.785  -129.30999    0.00177                          gc
  270   0.786  -129.30999    0.00177                          gc
  271   0.787  -129.30999    0.00176                          gc
  272   0.789  -129.30999    0.00176                          md8
  273   0.789  -129.30999    0.00176                          gc
  274   0.789  -129.30999    0.00176                          gc
  275   0.791  -129.30998    0.00175                          gc
  276   0.796  -129.30997    0.00174                          mtd12
  277   0.798  -129.30997    0.00173                          gc
  278   0.800  -129.30997    0.00173                          gc
  279   0.803  -129.30996    0.00172                          mtd7
  280   0.819  -129.30994    0.00167                          gc
  281   0.827  -129.30992    0.00165                          mtd12
  282   0.834  -129.30991    0.00163                          gc
  283   0.841  -129.30990    0.00161                          gc
  284   0.845  -129.30990    0.00160                          mtd1
  285   0.847  -129.30989    0.00160                          gc
  286   0.847  -129.30989    0.00159                          gc
  287   0.847  -129.30989    0.00159                          gc
  288   0.882  -129.30984    0.00150                          gc
  289   0.901  -129.30981    0.00146                          mtd1
  290   0.903  -129.30980    0.00145                          gc
  291   0.913  -129.30979    0.00143                          gc
  292   0.923  -129.30977    0.00140                          mtd1
  293   0.933  -129.30976    0.00138                          mtd12
  294   0.934  -129.30976    0.00138                          mtd5
  295   0.934  -129.30975    0.00138                          mtd7
  296   0.935  -129.30975    0.00137                          mtd5
  297   0.939  -129.30975    0.00137                          gc
  298   0.946  -129.30974    0.00135                          mtd9
  299   0.947  -129.30973    0.00135                          mtd1
  300   0.957  -129.30972    0.00133                          mtd5
  301   0.992  -129.30966    0.00125                          gc
  302   0.999  -129.30965    0.00123                          gc
  303   1.000  -129.30965    0.00123                          gc
  304   1.004  -129.30964    0.00122                          gc
  305   1.017  -129.30962    0.00120                          gc
  306   1.023  -129.30961    0.00118                          gc
  307   1.025  -129.30961    0.00118                          gc
  308   1.027  -129.30961    0.00118                          mtd9
  309   1.028  -129.30960    0.00117                          gc
  310   1.036  -129.30959    0.00116                          gc
  311   1.044  -129.30958    0.00114                          gc
  312   1.054  -129.30956    0.00113                          mtd8
  313   1.064  -129.30955    0.00111                          mtd6
  314   1.065  -129.30955    0.00111                          gc
  315   1.071  -129.30954    0.00109                          gc
  316   1.073  -129.30953    0.00109                          mtd6
  317   1.074  -129.30953    0.00109                          gc
  318   1.085  -129.30951    0.00107                          mtd1
  319   1.107  -129.30948    0.00103                          mtd5
  320   1.127  -129.30945    0.00100                          gc
  321   1.127  -129.30945    0.00099                          gc
  322   1.130  -129.30944    0.00099                          gc
  323   1.141  -129.30943    0.00097                          gc
  324   1.149  -129.30941    0.00096                          gc
  325   1.165  -129.30939    0.00093                          mtd8
  326   1.170  -129.30938    0.00093                          mtd8
  327   1.180  -129.30936    0.00091                          mtd10
  328   1.180  -129.30936    0.00091                          mtd14
  329   1.205  -129.30932    0.00087                          mtd1
  330   1.212  -129.30931    0.00086                          gc
  331   1.226  -129.30929    0.00084                          gc
  332   1.227  -129.30929    0.00084                          mtd10
  333   1.256  -129.30924    0.00080                          mtd6
  334   1.269  -129.30922    0.00078                          gc
  335   1.276  -129.30921    0.00077                          mtd1
  336   1.276  -129.30921    0.00077                          mtd8
  337   1.276  -129.30921    0.00077                          mtd11
  338   1.277  -129.30921    0.00077                          gc
  339   1.279  -129.30920    0.00077                          gc
  340   1.295  -129.30918    0.00075                          mtd1
  341   1.327  -129.30913    0.00071                          mtd8
  342   1.338  -129.30911    0.00070                          mtd5
  343   1.340  -129.30911    0.00069                          mtd8
  344   1.345  -129.30910    0.00069                          mtd14
  345   1.358  -129.30908    0.00067                          mtd6
  346   1.364  -129.30907    0.00067                          gc
  347   1.376  -129.30905    0.00065                          mtd10
  348   1.378  -129.30905    0.00065                          mtd1
  349   1.380  -129.30904    0.00065                          mtd5
  350   1.392  -129.30903    0.00064                          gc
  351   1.407  -129.30900    0.00062                          mtd1
  352   1.414  -129.30899    0.00061                          gc
  353   1.414  -129.30899    0.00061                          gc
  354   1.419  -129.30898    0.00061                          mtd5
  355   1.422  -129.30898    0.00061                          mtd5
  356   1.427  -129.30897    0.00060                          gc
  357   1.433  -129.30896    0.00059                          gc
  358   1.438  -129.30895    0.00059                          gc
  359   1.441  -129.30895    0.00059                          mtd1
  360   1.444  -129.30894    0.00058                          gc
  361   1.450  -129.30893    0.00058                          mtd8
  362   1.453  -129.30893    0.00057                          mtd8
  363   1.453  -129.30893    0.00057                          gc
  364   1.456  -129.30892    0.00057                          mtd4
  365   1.460  -129.30892    0.00057                          gc
  366   1.514  -129.30883    0.00052                          mtd1
  367   1.515  -129.30883    0.00052                          gc
  368   1.520  -129.30882    0.00051                          gc
  369   1.520  -129.30882    0.00051                          mtd6
  370   1.522  -129.30882    0.00051                          mtd12
  371   1.532  -129.30880    0.00050                          mtd5
  372   1.537  -129.30879    0.00050                          mtd5
  373   1.546  -129.30878    0.00049                          mtd6
  374   1.550  -129.30877    0.00049                          gc
  375   1.551  -129.30877    0.00049                          mtd8
  376   1.557  -129.30876    0.00048                          mtd5
  377   1.561  -129.30875    0.00048                          gc
  378   1.594  -129.30870    0.00045                          gc
  379   1.598  -129.30870    0.00045                          mtd10
  380   1.601  -129.30869    0.00045                          gc
  381   1.603  -129.30869    0.00045                          gc
  382   1.622  -129.30866    0.00043                          gc
  383   1.633  -129.30864    0.00042                          mtd1
  384   1.635  -129.30864    0.00042                          mtd8
  385   1.638  -129.30863    0.00042                          gc
  386   1.638  -129.30863    0.00042                          gc
  387   1.639  -129.30863    0.00042                          mtd1
  388   1.652  -129.30861    0.00041                          gc
  389   1.652  -129.30861    0.00041                          gc
  390   1.655  -129.30861    0.00041                          mtd8
  391   1.655  -129.30861    0.00041                          gc
  392   1.659  -129.30860    0.00041                          gc
  393   1.680  -129.30857    0.00039                          mtd4
  394   1.685  -129.30856    0.00039                          gc
  395   1.713  -129.30851    0.00037                          gc
  396   1.715  -129.30851    0.00037                          mtd11
  397   1.716  -129.30851    0.00037                          gc
  398   1.724  -129.30850    0.00036                          gc
  399   1.729  -129.30849    0.00036                          gc
  400   1.734  -129.30848    0.00036                          gc
  401   1.746  -129.30846    0.00035                          mtd14
  402   1.753  -129.30845    0.00035                          gc
  403   1.760  -129.30844    0.00034                          gc
  404   1.785  -129.30840    0.00033                          gc
  405   1.787  -129.30840    0.00033                          mtd11
  406   1.799  -129.30838    0.00032                          gc
  407   1.825  -129.30833    0.00031                          gc
  408   1.841  -129.30831    0.00030                          gc
  409   1.853  -129.30829    0.00029                          gc
  410   1.857  -129.30828    0.00029                          gc
  411   1.864  -129.30827    0.00029                          mtd6
  412   1.873  -129.30826    0.00028                          mtd9
  413   1.893  -129.30823    0.00027                          gc
  414   1.901  -129.30821    0.00027                          gc
  415   1.948  -129.30814    0.00025                          gc
  416   1.986  -129.30808    0.00023                          mtd8
  417   2.003  -129.30805    0.00023                          gc
  418   2.029  -129.30801    0.00022                          gc
  419   2.078  -129.30793    0.00020                          gc
  420   2.117  -129.30787    0.00019                          gc
  421   2.190  -129.30775    0.00017                          gc
  422   2.279  -129.30761    0.00014                          mtd9
  423   2.361  -129.30748    0.00012                          gc
  424   0.747  -129.31005    0.00189    0.00189    3    1     mtd14
  425   0.780  -129.31000    0.00179    0.00627    4    4     mtd9
  426   0.857  -129.30988    0.00157                          mtd12
  427   0.866  -129.30986    0.00154                          mtd10
  428   0.938  -129.30975    0.00137                          mtd9
  429   0.964  -129.30971    0.00131    0.00631    5    6     mtd14
  430   1.047  -129.30957    0.00114                          mtd4
  431   1.060  -129.30955    0.00111                          gc
  432   1.144  -129.30942    0.00097                          mtd5
  433   1.154  -129.30940    0.00095                          mtd1
  434   1.237  -129.30927    0.00083                          gc
  435   1.053  -129.30957    0.00113    0.00335    6    3     mtd8
  436   1.059  -129.30956    0.00112                          mtd7
  437   1.065  -129.30955    0.00110                          mtd10
  438   1.240  -129.30927    0.00082    0.00346    7    5     mtd9
  439   1.264  -129.30923    0.00079                          mtd9
  440   1.361  -129.30907    0.00067                          mtd8
  441   1.428  -129.30897    0.00060                          mtd11
  442   1.451  -129.30893    0.00058                          mtd11
  443   1.497  -129.30886    0.00053    0.00105    8    2     mtd13
  444   1.509  -129.30884    0.00052                          mtd13
  445   1.566  -129.30875    0.00047    0.00047    9    1     gc
  446   1.677  -129.30857    0.00039    0.00039   10    1     mtd7
  447   1.768  -129.30843    0.00034    0.00243   11   10     gc
  448   1.864  -129.30827    0.00029                          mtd10
  449   1.931  -129.30817    0.00026                          mtd10
  450   1.958  -129.30812    0.00024                          gc
  451   1.964  -129.30811    0.00024                          mtd10
  452   1.979  -129.30809    0.00024                          mtd10
  453   2.013  -129.30804    0.00022                          gc
  454   2.024  -129.30802    0.00022                          gc
  455   2.076  -129.30794    0.00020                          mtd11
  456   2.126  -129.30785    0.00018                          mtd10
  457   1.778  -129.30841    0.00033    0.00033   12    1     mtd7
  458   1.890  -129.30823    0.00027    0.00300   13   17     mtd11
  459   1.968  -129.30811    0.00024                          gc
  460   1.976  -129.30809    0.00024                          gc
  461   2.051  -129.30797    0.00021                          gc
  462   2.065  -129.30795    0.00020                          mtd5
  463   2.067  -129.30795    0.00020                          mtd10
  464   2.121  -129.30786    0.00019                          mtd5
  465   2.141  -129.30783    0.00018                          gc
  466   2.157  -129.30781    0.00017                          mtd8
  467   2.164  -129.30779    0.00017                          gc
  468   2.251  -129.30766    0.00015                          gc
  469   2.306  -129.30757    0.00014                          mtd10
  470   2.319  -129.30755    0.00013                          gc
  471   2.346  -129.30750    0.00013                          gc
  472   2.348  -129.30750    0.00013                          gc
  473   2.353  -129.30749    0.00013                          mtd9
  474   2.417  -129.30739    0.00011                          mtd5
  475   1.966  -129.30811    0.00024    0.00024   14    1     mtd7
  476   2.120  -129.30786    0.00019    0.00019   15    1     mtd13
  477   2.289  -129.30760    0.00014    0.00014   16    1     mtd11
  478   2.953  -129.30654    0.00005    0.00013   17    3     gc
  479   3.001  -129.30646    0.00004                          gc
  480   3.006  -129.30645    0.00004                          gc
  481   3.544  -129.30560    0.00002    0.00070   18   81     mtd3
  482   3.563  -129.30556    0.00002                          mtd3
  483   3.582  -129.30554    0.00002                          mtd10
  484   3.590  -129.30552    0.00002                          mtd3
  485   3.593  -129.30552    0.00002                          mtd3
  486   3.624  -129.30547    0.00001                          mtd4
  487   3.625  -129.30547    0.00001                          mtd10
  488   3.629  -129.30546    0.00001                          mtd14
  489   3.646  -129.30543    0.00001                          mtd7
  490   3.661  -129.30541    0.00001                          mtd11
  491   3.664  -129.30540    0.00001                          mtd7
  492   3.674  -129.30539    0.00001                          mtd2
  493   3.674  -129.30539    0.00001                          mtd2
  494   3.688  -129.30537    0.00001                          mtd11
  495   3.720  -129.30532    0.00001                          mtd4
  496   3.747  -129.30527    0.00001                          mtd6
  497   3.748  -129.30527    0.00001                          mtd11
  498   3.749  -129.30527    0.00001                          mtd9
  499   3.767  -129.30524    0.00001                          mtd8
  500   3.767  -129.30524    0.00001                          mtd2
  501   3.774  -129.30523    0.00001                          mtd5
  502   3.780  -129.30522    0.00001                          mtd6
  503   3.809  -129.30517    0.00001                          mtd9
  504   3.811  -129.30517    0.00001                          mtd3
  505   3.813  -129.30517    0.00001                          mtd7
  506   3.820  -129.30516    0.00001                          mtd14
  507   3.823  -129.30515    0.00001                          mtd8
  508   3.830  -129.30514    0.00001                          mtd9
  509   3.840  -129.30512    0.00001                          mtd10
  510   3.862  -129.30509    0.00001                          mtd10
  511   3.873  -129.30507    0.00001                          mtd7
  512   3.903  -129.30502    0.00001                          mtd4
  513   3.917  -129.30500    0.00001                          mtd1
  514   3.944  -129.30496    0.00001                          mtd4
  515   3.956  -129.30494    0.00001                          mtd11
  516   3.964  -129.30493    0.00001                          mtd4
  517   3.964  -129.30493    0.00001                          mtd4
  518   3.988  -129.30489    0.00001                          mtd1
  519   3.998  -129.30487    0.00001                          mtd8
  520   4.006  -129.30486    0.00001                          mtd10
  521   4.010  -129.30485    0.00001                          mtd4
  522   4.016  -129.30484    0.00001                          mtd9
  523   4.018  -129.30484    0.00001                          mtd4
  524   4.025  -129.30483    0.00001                          mtd8
  525   4.030  -129.30482    0.00001                          mtd10
  526   4.030  -129.30482    0.00001                          mtd7
  527   4.046  -129.30480    0.00001                          mtd14
  528   4.068  -129.30476    0.00001                          mtd11
  529   4.071  -129.30476    0.00001                          mtd6
  530   4.085  -129.30473    0.00001                          mtd9
  531   4.085  -129.30473    0.00001                          mtd2
  532   4.088  -129.30473    0.00001                          mtd6
  533   4.096  -129.30472    0.00001                          mtd4
  534   4.111  -129.30469    0.00001                          mtd7
  535   4.112  -129.30469    0.00001                          mtd2
  536   4.117  -129.30468    0.00001                          mtd2
  537   4.118  -129.30468    0.00001                          mtd1
  538   4.128  -129.30466    0.00001                          mtd8
  539   4.184  -129.30457    0.00001                          mtd6
  540   4.195  -129.30456    0.00001                          mtd3
  541   4.197  -129.30455    0.00001                          mtd6
  542   4.209  -129.30454    0.00001                          mtd11
  543   4.220  -129.30452    0.00001                          mtd6
  544   4.229  -129.30450    0.00001                          mtd6
  545   4.243  -129.30448    0.00001                          mtd10
  546   4.244  -129.30448    0.00001                          mtd9
  547   4.290  -129.30441    0.00000                          mtd1
  548   4.291  -129.30441    0.00000                          mtd8
  549   4.294  -129.30440    0.00000                          mtd10
  550   4.294  -129.30440    0.00000                          mtd4
  551   4.342  -129.30432    0.00000                          mtd7
  552   4.371  -129.30428    0.00000                          mtd1
  553   4.374  -129.30427    0.00000                          mtd1
  554   4.383  -129.30426    0.00000                          mtd10
  555   4.459  -129.30414    0.00000                          mtd9
  556   4.472  -129.30412    0.00000                          mtd8
  557   4.476  -129.30411    0.00000                          mtd10
  558   4.547  -129.30400    0.00000                          mtd8
  559   4.549  -129.30399    0.00000                          mtd8
  560   4.566  -129.30397    0.00000                          mtd7
  561   4.636  -129.30386    0.00000                          gc
  562   3.571  -129.30555    0.00002    0.00003   19    2     mtd10
  563   3.587  -129.30553    0.00002                          mtd10
  564   3.708  -129.30533    0.00001    0.00003   20    2     mtd10
  565   3.727  -129.30530    0.00001                          mtd10
  566   3.766  -129.30524    0.00001    0.00006   21    6     mtd14
  567   3.775  -129.30523    0.00001                          mtd14
  568   3.807  -129.30518    0.00001                          mtd11
  569   3.833  -129.30513    0.00001                          mtd5
  570   3.853  -129.30510    0.00001                          mtd8
  571   3.937  -129.30497    0.00001                          mtd9
  572   3.769  -129.30524    0.00001    0.00013   22   15     mtd14
  573   3.841  -129.30512    0.00001                          mtd5
  574   3.849  -129.30511    0.00001                          mtd10
  575   3.892  -129.30504    0.00001                          mtd10
  576   3.911  -129.30501    0.00001                          mtd5
  577   3.926  -129.30499    0.00001                          mtd14
  578   3.983  -129.30490    0.00001                          mtd5
  579   3.985  -129.30489    0.00001                          mtd5
  580   3.996  -129.30488    0.00001                          mtd12
  581   4.003  -129.30486    0.00001                          mtd5
  582   4.007  -129.30486    0.00001                          mtd12
  583   4.030  -129.30482    0.00001                          mtd5
  584   4.046  -129.30480    0.00001                          mtd8
  585   4.046  -129.30480    0.00001                          mtd12
  586   4.100  -129.30471    0.00001                          mtd5
  587   4.114  -129.30469    0.00001    0.00017   23   54     gc
  588   4.165  -129.30461    0.00001                          mtd11
  589   4.177  -129.30459    0.00001                          mtd4
  590   4.197  -129.30456    0.00001                          mtd8
  591   4.233  -129.30450    0.00001                          mtd1
  592   4.241  -129.30449    0.00001                          mtd14
  593   4.265  -129.30445    0.00001                          mtd1
  594   4.267  -129.30444    0.00000                          mtd8
  595   4.272  -129.30444    0.00000                          mtd10
  596   4.273  -129.30443    0.00000                          mtd10
  597   4.304  -129.30438    0.00000                          mtd10
  598   4.325  -129.30435    0.00000                          mtd10
  599   4.339  -129.30433    0.00000                          mtd8
  600   4.344  -129.30432    0.00000                          mtd4
  601   4.352  -129.30431    0.00000                          mtd2
  602   4.416  -129.30421    0.00000                          mtd10
  603   4.428  -129.30419    0.00000                          mtd4
  604   4.430  -129.30418    0.00000                          mtd2
  605   4.431  -129.30418    0.00000                          mtd14
  606   4.434  -129.30418    0.00000                          mtd2
  607   4.491  -129.30409    0.00000                          mtd8
  608   4.516  -129.30405    0.00000                          mtd11
  609   4.524  -129.30403    0.00000                          mtd10
  610   4.529  -129.30403    0.00000                          mtd8
  611   4.533  -129.30402    0.00000                          mtd8
  612   4.565  -129.30397    0.00000                          mtd3
  613   4.573  -129.30396    0.00000                          mtd10
  614   4.579  -129.30395    0.00000                          mtd4
  615   4.581  -129.30394    0.00000                          mtd14
  616   4.592  -129.30393    0.00000                          mtd9
  617   4.621  -129.30388    0.00000                          mtd3
  618   4.658  -129.30382    0.00000                          mtd11
  619   4.668  -129.30381    0.00000                          mtd11
  620   4.673  -129.30380    0.00000                          gc
  621   4.675  -129.30379    0.00000                          mtd4
  622   4.693  -129.30376    0.00000                          mtd8
  623   4.762  -129.30365    0.00000                          gc
  624   4.777  -129.30363    0.00000                          gc
  625   4.785  -129.30362    0.00000                          gc
  626   4.803  -129.30359    0.00000                          gc
  627   4.828  -129.30355    0.00000                          mtd9
  628   4.829  -129.30355    0.00000                          gc
  629   4.864  -129.30349    0.00000                          mtd14
  630   4.870  -129.30348    0.00000                          gc
  631   4.933  -129.30338    0.00000                          gc
  632   4.955  -129.30335    0.00000                          gc
  633   4.962  -129.30334    0.00000                          mtd8
  634   4.963  -129.30333    0.00000                          mtd11
  635   4.965  -129.30333    0.00000                          mtd8
  636   4.979  -129.30331    0.00000                          mtd14
  637   5.006  -129.30327    0.00000                          mtd7
  638   5.023  -129.30324    0.00000                          mtd5
  639   5.057  -129.30319    0.00000                          gc
  640   5.065  -129.30317    0.00000                          mtd8
  641   4.234  -129.30450    0.00001    0.00001   24    1     mtd8
  642   4.256  -129.30446    0.00001    0.00001   25    1     mtd8
  643   4.259  -129.30446    0.00001    0.00001   26    1     mtd11
  644   4.355  -129.30430    0.00000    0.00000   27    1     mtd8
  645   4.392  -129.30424    0.00000    0.00001   28    3     gc
  646   4.404  -129.30422    0.00000                          gc
  647   4.406  -129.30422    0.00000                          gc
  648   4.471  -129.30412    0.00000    0.00000   29    1     mtd8
  649   4.512  -129.30405    0.00000    0.00001   30    2     gc
  650   4.555  -129.30398    0.00000                          gc
  651   5.221  -129.30292    0.00000    0.00000   31    1     gc
  652   5.459  -129.30254    0.00000    0.00000   32    2     mtd10
  653   5.465  -129.30253    0.00000                          mtd10
  654   5.543  -129.30241    0.00000    0.00000   33    1     mtd9
  655   5.651  -129.30224    0.00000    0.00000   34    1     mtd10
  656   5.755  -129.30207    0.00000    0.00000   35    1     mtd10
T /K                                  :   298.15
E lowest                              :  -129.31124
ensemble average energy (kcal)        :    0.518
ensemble entropy (J/mol K, cal/mol K) :   48.935   11.696
ensemble free energy (kcal/mol)       :   -3.487
population of lowest in %             :   78.415
 number of unique conformers for further calc           35
 list of relative energies saved as "crest.energies"
 Normal termination.
 
 -----------------
 Wall Time Summary
 -----------------
             test MD wall time :         0h : 0m :33s
                 MTD wall time :         1h :44m : 9s
      multilevel OPT wall time :         8h :46m :18s
                  MD wall time :         0h :45m :15s
                  GC wall time :         1h :50m :29s
--------------------
Overall wall time  : 14h :49m :24s
 
 CREST terminated normally.
