      -----------------------------------------------------------      
     |                   =====================                   |     
     |                           x T B                           |     
     |                   =====================                   |     
     |                         S. Grimme                         |     
     |          Mulliken Center for Theoretical Chemistry        |     
     |                    University of Bonn                     |     
     |                Version 6.2 RC2 (SAW190805)                |     
      -----------------------------------------------------------      

   This program is distributed in the hope that it will be useful,
   but WITHOUT ANY WARRANTY; without even the implied warranty of
   MERCHANTABILITY or FITNESS FOR A PARTICULAR PURPOSE.
   
   FOR NON-COMMERCIAL, ACADEMIA USE ONLY.
   
   Cite this work as:
   * S. Grimme, C. Bannwarth, P. Shushkov, J. Chem. Theory Comput., 2017,
     13, 1989-2009. DOI: 10.1021/acs.jctc.7b00118
   * C. Bannwarth, S. Ehlert and S. Grimme., J. Chem. Theory Comput., 2019,
     15, 1652-1671. DOI: 10.1021/acs.jctc.8b01176
   * P. Pracht, E. Caldeweyher, S. Ehlert, S. Grimme, ChemRxiv, 2019, preprint.
     DOI: 10.26434/chemrxiv.8326202.v1
   
   for DFT-D4:
   * E. Caldeweyher, C. Bannwarth and S. Grimme, J. Chem. Phys., 2017,
     147, 034112. DOI: 10.1063/1.4993215
   * E. Caldeweyher, S. Ehlert, A. Hansen, H. Neugebauer, S. Spicher,
     C. Bannwarth and S. Grimme, J. Chem. Phys., 2019, 150, 154122.
     DOI: 10.1063/1.5090222
   
   for sTDA-xTB:
   * S. Grimme and C. Bannwarth, J. Chem. Phys., 2016, 145, 054103.
     DOI: 10.1063/1.4959605
   
   in the mass-spec context:
   * V. Asgeirsson, C. Bauer and S. Grimme, Chem. Sci., 2017, 8, 4879.
     DOI: 10.1039/c7sc00601b
   
   for metadynamics refer to:
   * S. Grimme, J. Chem. Theory Comput., 2019, 155, 2847-2862
     DOI: 10.1021/acs.jctc.9b00143
   
   with help from (in alphabetical order)
   C. Bannwarth, F. Bohle, G. Brandenburg, E. Caldeweyher, M. Checinski,
   S. Dohm, S. Ehlert, S. Ehrlich, F. März, H. Neugebauer, J. Pisarek,
   P. Pracht, P. Shushkov, and S. Spicher.
   
 * started run on 2021/06/21 at 19:05:04.481     

           -------------------------------------------------
          |                Calculation Setup                |
           -------------------------------------------------

          program call               : /home/atarzia/software/xtb-190806/bin/xtb /data/atarzia/projects/unsymm/screening/production/free_energy_calculations/fe_4d2_b/input_structure.xyz --gfn 2 --hess --parallel 6 --etemp 300 --gbsa dmso --chrg 4 --uhf 0 -I det_control.in
          coordinate file            : /data/atarzia/projects/unsymm/screening/production/free_energy_calculations/fe_4d2_b/input_structure.xyz
          omp threads                :                     6
          number of atoms            :                   154
          number of electrons        :                   464
          charge                     :                     4
          spin                       :                   0.0
          first test random number   :      0.54976108750780


########################################################################
# WARNING! Please study the warnings concerning your input carefully
#  - XTBHOME is not set, using HOME instead
#  - XTBPATH is not set, using XTBHOME instead
#  - Process number higher than OMP_NUM_THREADS, I hope you know what you are doing.
########################################################################

           ------------------------------------------------- 
          |                 G F N 2 - x T B                 |
          | Geometry, Frequencies, Noncovalent interactions |
          |            JCTC 2019 parametrisation            |
           ------------------------------------------------- 
             k(s)              :                1.8500
             k(p)              :                2.2300
             k(d)              :                2.2300
             k(f)              :                2.0000
             kEN (H0ij)        :               -2.0000
             D4 a1             :                0.5200
             D4 a2             :                5.0000
             D4 s6             :                1.0000
             D4 s8             :                2.7000
             D4 s9             :                5.0000
             alphaj            :                2.0000

  Z AO/shell   Hii/eV     exponent
  1     Wed Apr 25 08:07:45 CEST 2018   EN: 2.200 GM2: 0.406  GM3: 0.0800  RAES: 1.40
     1s    -10.707211    1.230000
  6     Wed Apr 25 08:07:45 CEST 2018   EN: 2.550 GM2: 0.538  GM3: 0.1500  RAES: 3.00
     2s    -13.970922    2.096432
     2p    -10.063292    1.800000
  7     Wed Apr 25 08:07:45 CEST 2018   EN: 3.040 GM2: 0.461  GM3:-0.0640  RAES: 1.90
     2s    -16.686243    2.339881
     2p    -12.523956    2.014332
 46     Wed Apr 25 16:26:58 CEST 2018   EN: 2.200 GM2: 0.273  GM3: 0.0800  RAES: 5.00
     4d    -11.963518    2.353691
     5s     -9.714059    1.828354
     5p     -2.035281    1.333352

 Solvent             : dmso
 Using internal parameter file: .param_gbsa2_dmso
 Gsolv ref. state (COSMO-RS): gsolv [1 M gas/solution]
 temperature (mdtemp)       :    298.150000000000     
 dielectric constant        :    46.6800000000000     
 rho                        :    1.10000000000000     
 mass                       :    78.1300000000000     
 surface tension            :    15.5689454083859     
 probe radius               :   0.949087640000000     
 vdW radii scaling          :    1.00000000000000     
 Gshift (Eh)                :   5.161738145414381E-003
 c1                         :    1.63948621000000     
 soset                      :   1.179665000000000E-002
 HB correction              :  T
           ------------------------------------------------- 
          |        Self-Consistent Charge Iterations        |
           ------------------------------------------------- 

          ...................................................
          :                      SETUP                      :
          :.................................................:
          :  # basis functions                 460          :
          :  # atomic orbitals                 458          :
          :  # shells                          254          :
          :  # electrons                       464          :
          :  max. iterations                   250          :
          :  Hamiltonian                  GFN2-xTB          :
          :  restarted?                      false          :
          :  GBSA solvation                   true          :
          :  PC potential                    false          :
          :  electronic temp.          300.0000000     K    :
          :  accuracy                    1.0000000          :
          :  -> integral cutoff          0.2500000E+02      :
          :  -> integral neglect         0.1000000E-07      :
          :  -> SCF convergence          0.1000000E-05 Eh   :
          :  -> wf. convergence          0.1000000E-03 e    :
          :  Broyden damping             0.4000000          :
          ...................................................

 iter      E             dE          RMSdq      gap      omega  full diag
   1   -252.1414602 -0.252141E+03  0.570E+00    2.01       0.0  T
   2   -252.5707611 -0.429301E+00  0.375E+00    1.52       1.0  T
   3   -252.3609794  0.209782E+00  0.203E+00    1.74       1.0  T
   4   -252.7573553 -0.396376E+00  0.855E-01    2.01       1.0  T
   5   -252.8238458 -0.664905E-01  0.320E-01    1.99       1.0  T
   6   -252.8310853 -0.723947E-02  0.150E-01    2.05       1.0  T
   7   -252.8314672 -0.381896E-03  0.830E-02    2.06       1.0  T
   8   -252.8316385 -0.171373E-03  0.429E-02    2.06       1.0  T
   9   -252.8318431 -0.204556E-03  0.170E-02    2.06       1.0  T
  10   -252.8318631 -0.200441E-04  0.800E-03    2.06       1.0  T
  11   -252.8318636 -0.437272E-06  0.513E-03    2.06       1.6  T
  12   -252.8318642 -0.618474E-06  0.257E-03    2.06       3.1  T
  13   -252.8318644 -0.216899E-06  0.162E-03    2.06       5.0  T
  14   -252.8318645 -0.103540E-06  0.979E-04    2.06       8.2  T
  15   -252.8318646 -0.537764E-07  0.472E-04    2.06      17.1  T

   *** convergence criteria satisfied after 15 iterations ***

         #    Occupation            Energy/Eh            Energy/eV
      -------------------------------------------------------------
         1        2.0000           -0.7388108             -20.1041
       ...           ...                  ...                  ...
       226        2.0000           -0.4206309             -11.4459
       227        2.0000           -0.4188041             -11.3962
       228        2.0000           -0.4152994             -11.3009
       229        2.0000           -0.4021846             -10.9440
       230        2.0000           -0.4009626             -10.9107
       231        2.0000           -0.3998027             -10.8792
       232        2.0000           -0.3989044             -10.8547 (HOMO)
       233                         -0.3231697              -8.7939 (LUMO)
       234                         -0.3227984              -8.7838
       235                         -0.3219844              -8.7616
       236                         -0.3215157              -8.7489
       237                         -0.3188171              -8.6755
       ...                                ...                  ...
       458                          1.5760739              42.8872
      -------------------------------------------------------------
                  HL-Gap            0.0757347 Eh            2.0608 eV
             Fermi-level           -0.3610370 Eh           -9.8243 eV

 SCC (total)                   0 d,  0 h,  0 min,  2.092 sec
 SCC setup                      ...        0 min,  0.145 sec (  6.926%)
 Dispersion                     ...        0 min,  0.042 sec (  2.013%)
 integral evaluation            ...        0 min,  0.320 sec ( 15.294%)
 zeroth order Hamiltonian       ...        0 min,  0.004 sec (  0.193%)
 iterations                     ...        0 min,  1.338 sec ( 63.958%)
 molecular gradient             ...        0 min,  0.229 sec ( 10.934%)
 printout                       ...        0 min,  0.014 sec (  0.677%)

         :::::::::::::::::::::::::::::::::::::::::::::::::::::
         ::                     SUMMARY                     ::
         :::::::::::::::::::::::::::::::::::::::::::::::::::::
         :: total energy            -248.247607696664 Eh    ::
         :: total w/o Gsasa/hb      -248.141106474355 Eh    ::
         :: gradient norm              0.000622002429 Eh/a0 ::
         :: HOMO-LUMO gap              2.060846253815 eV    ::
         ::.................................................::
         :: SCC energy              -252.924706243354 Eh    ::
         :: -> isotropic ES            0.666500774007 Eh    ::
         :: -> anisotropic ES         -0.091468764090 Eh    ::
         :: -> anisotropic XC          0.170992271014 Eh    ::
         :: -> dispersion             -0.237974054697 Eh    ::
         :: -> Gsolv                  -0.685454187870 Eh    ::
         ::    -> Gborn               -0.578952965561 Eh    ::
         ::    -> Gsasa               -0.098003411538 Eh    ::
         ::    -> Ghb                 -0.013659548916 Eh    ::
         ::    -> Gshift               0.005161738145 Eh    ::
         :: repulsion energy           4.669045614114 Eh    ::
         :: add. restraining           0.000000000000 Eh    ::
         :::::::::::::::::::::::::::::::::::::::::::::::::::::

           ------------------------------------------------- 
          |                Numerical Hessian                |
           ------------------------------------------------- 
step length          :   0.00500
SCC accuracy         :   0.30000
Hessian scale factor :   1.00000
frozen atoms in %    :   0.00000    0
RMS gradient         :   0.00058
estimated CPU  time     83.18 min
estimated wall time     20.84 min

writing file <hessian>.

 projected vibrational frequencies (cm-1)
eigval :       -0.00    -0.00    -0.00    -0.00    -0.00     0.00
eigval :        5.19     9.20     9.88    12.50    12.74    15.79
eigval :       19.81    23.06    26.92    30.59    31.51    35.71
eigval :       37.93    41.48    43.12    52.98    54.40    56.88
eigval :       60.91    64.69    67.72    69.04    71.94    72.64
eigval :       77.48    82.61    86.52    89.67    91.51    93.91
eigval :       97.75    99.06   101.81   106.57   113.28   118.80
eigval :      120.94   125.08   130.76   131.71   134.16   136.26
eigval :      140.67   144.19   147.52   154.89   163.20   166.44
eigval :      168.34   176.39   179.29   182.82   184.23   186.75
eigval :      188.58   194.14   201.52   210.60   217.27   221.80
eigval :      226.95   231.80   237.57   240.51   244.27   247.42
eigval :      251.07   263.92   271.70   275.58   283.91   289.48
eigval :      294.50   299.80   301.83   310.88   328.75   331.85
eigval :      332.45   337.91   338.85   339.78   344.00   345.74
eigval :      347.33   348.75   353.94   356.37   358.50   359.65
eigval :      365.71   366.59   373.77   378.32   382.96   394.03
eigval :      396.11   397.10   400.66   422.14   423.17   425.76
eigval :      426.41   439.46   447.82   448.45   451.25   464.03
eigval :      470.19   470.85   471.40   471.93   472.22   474.18
eigval :      475.81   477.13   494.31   497.15   497.86   508.65
eigval :      509.68   511.72   513.32   515.82   518.95   519.81
eigval :      523.08   528.32   532.66   535.71   536.50   537.34
eigval :      571.74   574.88   576.74   581.88   582.90   584.43
eigval :      586.98   589.23   599.32   601.33   602.25   619.26
eigval :      619.82   621.13   622.08   623.22   624.85   626.83
eigval :      627.82   639.12   655.74   656.23   657.32   658.27
eigval :      670.04   670.26   671.16   681.35   696.19   699.47
eigval :      704.12   709.04   724.55   725.24   725.69   725.85
eigval :      737.71   738.83   740.98   743.35   773.32   776.07
eigval :      777.61   778.69   779.36   780.28   782.87   786.24
eigval :      799.29   801.40   803.50   809.13   811.38   812.12
eigval :      819.37   821.63   823.41   828.45   829.96   834.45
eigval :      847.19   848.75   850.42   852.07   852.24   854.05
eigval :      856.48   857.33   859.71   861.68   863.01   863.44
eigval :      865.04   865.85   866.90   872.52   890.22   892.31
eigval :      893.17   893.76   894.65   894.93   896.26   896.99
eigval :      897.96   900.73   901.42   901.53   902.01   902.19
eigval :      902.98   903.49   903.97   905.31   906.12   906.90
eigval :      911.96   914.21   914.68   921.92   935.95   936.00
eigval :      936.43   936.68   936.71   937.00   937.25   937.48
eigval :      977.60   978.75   978.84   979.11  1003.98  1006.17
eigval :     1007.82  1012.57  1050.07  1051.24  1052.15  1052.48
eigval :     1064.04  1066.43  1077.01  1077.49  1078.84  1080.20
eigval :     1081.87  1092.27  1092.56  1092.94  1095.57  1102.02
eigval :     1108.27  1108.80  1111.08  1112.17  1114.00  1115.13
eigval :     1117.21  1120.46  1128.96  1130.04  1132.02  1133.18
eigval :     1151.42  1156.79  1159.73  1167.71  1170.71  1170.98
eigval :     1171.46  1172.92  1180.17  1181.91  1184.58  1187.02
eigval :     1187.98  1188.77  1189.10  1192.56  1192.64  1193.00
eigval :     1196.46  1199.86  1211.50  1212.21  1212.97  1216.81
eigval :     1217.54  1220.82  1225.54  1230.25  1235.95  1239.32
eigval :     1241.03  1244.01  1245.89  1248.61  1249.00  1250.35
eigval :     1269.36  1270.97  1271.28  1272.51  1288.74  1291.99
eigval :     1293.85  1294.47  1294.96  1298.63  1300.44  1308.47
eigval :     1313.09  1315.43  1315.97  1316.34  1316.70  1317.62
eigval :     1318.44  1320.19  1352.48  1354.49  1355.61  1359.21
eigval :     1368.98  1369.24  1373.26  1373.76  1376.33  1378.26
eigval :     1379.21  1392.24  1398.34  1398.86  1399.17  1400.80
eigval :     1403.79  1405.32  1406.54  1409.08  1418.79  1419.81
eigval :     1421.32  1424.89  1449.18  1449.97  1450.18  1456.71
eigval :     1466.12  1466.98  1468.76  1469.38  1470.06  1471.75
eigval :     1472.21  1475.80  1516.99  1517.71  1519.91  1521.96
eigval :     1526.62  1527.70  1528.21  1530.27  1547.53  1548.06
eigval :     1548.79  1552.81  1557.02  1557.16  1558.67  1559.95
eigval :     1560.73  1561.19  1564.82  1566.66  1569.17  1570.71
eigval :     1570.99  1572.54  1575.28  1575.83  1578.83  1604.32
eigval :     2295.93  2296.14  2297.40  2305.82  2918.47  2930.28
eigval :     2935.83  2953.51  2976.28  2984.22  2987.60  2999.40
eigval :     3003.89  3007.92  3014.87  3026.17  3028.97  3032.29
eigval :     3040.31  3041.42  3087.45  3088.08  3089.10  3091.26
eigval :     3092.29  3093.02  3093.23  3094.11  3100.48  3101.08
eigval :     3101.85  3102.41  3102.67  3102.80  3103.42  3103.55
eigval :     3106.97  3107.56  3107.80  3108.19  3108.60  3108.72
eigval :     3109.49  3109.89  3110.89  3111.54  3111.93  3112.56
eigval :     3112.73  3113.36  3113.81  3115.02  3115.39  3117.82
eigval :     3119.28  3119.38  3119.41  3121.09  3122.25  3123.64
           -------------------------------------------------
          |                Property Printout                |
           -------------------------------------------------

    * Orbital Energies and Occupations

         #    Occupation            Energy/Eh            Energy/eV
      -------------------------------------------------------------
         1        2.0000           -0.7388108             -20.1041
       ...           ...                  ...                  ...
       220        2.0000           -0.4271288             -11.6228
       221        2.0000           -0.4257563             -11.5854
       222        2.0000           -0.4245312             -11.5521
       223        2.0000           -0.4238998             -11.5349
       224        2.0000           -0.4235153             -11.5244
       225        2.0000           -0.4227833             -11.5045
       226        2.0000           -0.4206335             -11.4460
       227        2.0000           -0.4188069             -11.3963
       228        2.0000           -0.4153004             -11.3009
       229        2.0000           -0.4021895             -10.9441
       230        2.0000           -0.4009664             -10.9109
       231        2.0000           -0.3998063             -10.8793
       232        2.0000           -0.3989076             -10.8548 (HOMO)
       233                         -0.3231719              -8.7940 (LUMO)
       234                         -0.3228014              -8.7839
       235                         -0.3219868              -8.7617
       236                         -0.3215202              -8.7490
       237                         -0.3188203              -8.6755
       238                         -0.3174482              -8.6382
       239                         -0.3111802              -8.4676
       240                         -0.3078167              -8.3761
       241                         -0.2919597              -7.9446
       242                         -0.2891285              -7.8676
       243                         -0.2871730              -7.8144
       ...                                ...                  ...
       458                          1.5760736              42.8871
      -------------------------------------------------------------
                  HL-Gap            0.0757357 Eh            2.0609 eV
             Fermi-level           -0.3610397 Eh           -9.8244 eV

     #   Z        covCN         q      C6AA      α(0)
     1  46 Pd     3.575    -0.085   274.498    34.164
     2  46 Pd     3.768    -0.034   353.474    34.827
     3   6 C      1.982    -0.019    31.565     9.073
     4   6 C      1.980    -0.032    31.910     9.122
     5   6 C      2.965     0.043    27.023     8.527
     6   6 C      2.925    -0.021    28.520     8.758
     7   6 C      2.914    -0.016    28.404     8.739
     8   6 C      2.914    -0.029    28.735     8.790
     9   6 C      2.989     0.029    27.335     8.576
    10   6 C      2.912    -0.029    28.737     8.790
    11   6 C      2.904     0.047    26.945     8.511
    12   7 N      2.682    -0.075    22.692     7.075
    13   6 C      2.934     0.057    26.729     8.479
    14   6 C      2.986    -0.003    28.096     8.695
    15   1 H      0.926     0.063     2.165     2.301
    16   1 H      0.926     0.054     2.272     2.357
    17   1 H      0.926     0.060     2.196     2.317
    18   1 H      0.926     0.086     1.913     2.163
    19   1 H      0.925     0.134     1.505     1.919
    20   1 H      0.924     0.125     1.576     1.963
    21   6 C      2.969     0.041    27.083     8.536
    22   6 C      2.927    -0.020    28.518     8.758
    23   6 C      2.916    -0.024    28.612     8.771
    24   6 C      2.922    -0.025    28.625     8.774
    25   6 C      2.972     0.001    28.009     8.681
    26   6 C      2.930    -0.038    28.946     8.823
    27   1 H      0.926     0.046     2.366     2.406
    28   1 H      0.926     0.042     2.419     2.432
    29   1 H      0.926     0.058     2.226     2.333
    30   1 H      0.926     0.084     1.941     2.179
    31   6 C      2.979     0.032    27.287     8.569
    32   6 C      2.918    -0.029    28.722     8.789
    33   6 C      2.894     0.060    26.646     8.463
    34   7 N      2.667    -0.089    22.974     7.119
    35   6 C      2.918     0.052    26.842     8.496
    36   6 C      2.919    -0.039    28.961     8.825
    37   1 H      0.926     0.090     1.877     2.142
    38   1 H      0.925     0.117     1.637     2.001
    39   1 H      0.924     0.152     1.378     1.836
    40   1 H      0.926     0.114     1.665     2.018
    41   6 C      1.983    -0.016    31.488     9.062
    42   6 C      1.983    -0.032    31.903     9.122
    43   6 C      2.965     0.045    26.979     8.520
    44   6 C      2.930    -0.021    28.535     8.760
    45   6 C      2.914    -0.015    28.385     8.736
    46   6 C      2.915    -0.030    28.753     8.793
    47   6 C      2.991     0.026    27.403     8.587
    48   6 C      2.912    -0.032    28.799     8.800
    49   6 C      2.959     0.048    26.922     8.511
    50   7 N      2.660    -0.113    23.466     7.194
    51   6 C      2.882     0.062    26.607     8.456
    52   6 C      2.983    -0.006    28.174     8.707
    53   1 H      0.926     0.063     2.164     2.300
    54   1 H      0.926     0.056     2.247     2.344
    55   1 H      0.926     0.064     2.157     2.297
    56   1 H      0.926     0.091     1.871     2.139
    57   1 H      0.924     0.127     1.556     1.951
    58   1 H      0.925     0.128     1.548     1.946
    59   6 C      2.969     0.041    27.067     8.534
    60   6 C      2.925    -0.021    28.520     8.758
    61   6 C      2.916    -0.024    28.610     8.771
    62   6 C      2.921    -0.024    28.592     8.769
    63   6 C      2.974     0.001    28.009     8.681
    64   6 C      2.934    -0.040    28.989     8.830
    65   1 H      0.926     0.048     2.348     2.396
    66   1 H      0.926     0.042     2.424     2.435
    67   1 H      0.926     0.056     2.243     2.342
    68   1 H      0.926     0.086     1.914     2.163
    69   6 C      2.982     0.028    27.374     8.582
    70   6 C      2.919    -0.039    28.977     8.827
    71   6 C      2.949     0.054    26.782     8.488
    72   7 N      2.679    -0.117    23.555     7.208
    73   6 C      2.927     0.059    26.676     8.470
    74   6 C      2.918    -0.030    28.759     8.794
    75   1 H      0.926     0.114     1.663     2.017
    76   1 H      0.925     0.136     1.489     1.908
    77   1 H      0.925     0.133     1.512     1.923
    78   1 H      0.926     0.096     1.821     2.110
    79   6 C      1.983    -0.017    31.499     9.064
    80   6 C      1.981    -0.031    31.889     9.119
    81   6 C      2.965     0.044    27.003     8.524
    82   6 C      2.926    -0.021    28.524     8.759
    83   6 C      2.914    -0.015    28.390     8.737
    84   6 C      2.914    -0.030    28.750     8.792
    85   6 C      2.990     0.028    27.372     8.582
    86   6 C      2.912    -0.032    28.796     8.799
    87   6 C      2.894     0.047    26.950     8.512
    88   7 N      2.662    -0.126    23.736     7.236
    89   6 C      2.903     0.065    26.555     8.449
    90   6 C      2.986    -0.007    28.196     8.710
    91   1 H      0.926     0.065     2.140     2.288
    92   1 H      0.926     0.056     2.244     2.343
    93   1 H      0.926     0.062     2.177     2.307
    94   1 H      0.926     0.087     1.908     2.160
    95   1 H      0.925     0.112     1.681     2.027
    96   1 H      0.925     0.131     1.528     1.933
    97   6 C      2.970     0.041    27.073     8.535
    98   6 C      2.926    -0.019    28.476     8.751
    99   6 C      2.916    -0.024    28.597     8.769
   100   6 C      2.922    -0.024    28.602     8.770
   101   6 C      2.974    -0.004    28.115     8.698
   102   6 C      2.931    -0.037    28.921     8.820
   103   1 H      0.926     0.051     2.313     2.378
   104   1 H      0.926     0.049     2.338     2.391
   105   1 H      0.926     0.065     2.144     2.290
   106   1 H      0.926     0.088     1.894     2.152
   107   6 C      2.983     0.025    27.438     8.592
   108   6 C      2.919    -0.027    28.678     8.782
   109   6 C      2.898     0.077    26.271     8.404
   110   7 N      2.673    -0.248    26.461     7.640
   111   6 C      2.911     0.063    26.598     8.457
   112   6 C      2.920    -0.040    28.997     8.831
   113   1 H      0.926     0.105     1.739     2.062
   114   1 H      0.925     0.133     1.515     1.925
   115   1 H      0.925     0.140     1.461     1.890
   116   1 H      0.926     0.121     1.604     1.980
   117   6 C      1.983    -0.016    31.480     9.061
   118   6 C      1.984    -0.031    31.874     9.117
   119   6 C      2.964     0.045    26.988     8.521
   120   6 C      2.932    -0.021    28.533     8.760
   121   6 C      2.914    -0.015    28.388     8.737
   122   6 C      2.916    -0.030    28.743     8.792
   123   6 C      2.991     0.026    27.404     8.587
   124   6 C      2.912    -0.032    28.787     8.798
   125   6 C      2.964     0.048    26.920     8.510
   126   7 N      2.661    -0.103    23.275     7.165
   127   6 C      2.881     0.060    26.653     8.464
   128   6 C      2.982    -0.006    28.166     8.706
   129   1 H      0.926     0.064     2.152     2.294
   130   1 H      0.926     0.056     2.242     2.341
   131   1 H      0.926     0.063     2.162     2.300
   132   1 H      0.926     0.090     1.877     2.143
   133   1 H      0.924     0.127     1.561     1.954
   134   1 H      0.925     0.132     1.518     1.927
   135   6 C      2.969     0.041    27.086     8.537
   136   6 C      2.927    -0.021    28.523     8.758
   137   6 C      2.916    -0.024    28.610     8.771
   138   6 C      2.921    -0.023    28.573     8.766
   139   6 C      2.974    -0.004    28.114     8.697
   140   6 C      2.932    -0.040    28.994     8.831
   141   1 H      0.926     0.051     2.310     2.377
   142   1 H      0.926     0.045     2.385     2.415
   143   1 H      0.926     0.057     2.229     2.335
   144   1 H      0.926     0.081     1.964     2.192
   145   6 C      2.983     0.020    27.555     8.611
   146   6 C      2.918    -0.033    28.827     8.804
   147   6 C      2.942     0.059    26.682     8.472
   148   7 N      2.677    -0.137    23.975     7.272
   149   6 C      2.983     0.053    26.794     8.491
   150   6 C      2.919    -0.041    29.016     8.833
   151   1 H      0.926     0.094     1.836     2.119
   152   1 H      0.925     0.133     1.516     1.925
   153   1 H      0.925     0.138     1.474     1.898
   154   1 H      0.926     0.115     1.651     2.009

 Mol. C6AA /au·bohr⁶  :     383179.605184
 Mol. C8AA /au·bohr⁸  :   10908311.978401
 Mol. α(0) /au        :       1014.076910


Wiberg/Mayer (AO) data.
largest (>0.10) Wiberg bond orders for each atom
          total WBO             WBO to atom ...
     1  Pd  3.500        N   34 0.632    N  126 0.593    N   50 0.583    N   88 0.563    C  125 0.107    C   49 0.104    C   35 0.103
     2  Pd  3.590        N   12 0.631    N   72 0.609    N  148 0.564    N  110 0.544    C  149 0.111    C   71 0.108    C   13 0.106
     3  C   3.942        C    4 2.643    C   21 1.128
     4  C   3.953        C    3 2.643    C    5 1.141
     5  C   3.987        C    6 1.449    C   14 1.198    C    4 1.141
     6  C   3.967        C    5 1.449    C    7 1.346    H   15 0.968
     7  C   3.982        C    8 1.525    C    6 1.346    H   16 0.968
     8  C   3.947        C    7 1.525    C    9 1.289    H   17 0.966
     9  C   3.987        C    8 1.289    C   10 1.279    C   14 1.229
    10  C   3.977        C   11 1.543    C    9 1.279    H   18 0.961    C   13 0.108
    11  C   3.965        C   10 1.543    N   12 1.254    H   19 0.909
    12  N   3.554        C   13 1.418    C   11 1.254    Pd   2 0.631
    13  C   3.970        N   12 1.418    C   14 1.322    H   20 0.895    C   10 0.108    Pd   2 0.106
    14  C   3.980        C   13 1.322    C    9 1.229    C    5 1.198
    15  H   0.995        C    6 0.968
    16  H   0.995        C    7 0.968
    17  H   0.995        C    8 0.966
    18  H   0.991        C   10 0.961
    19  H   0.981        C   11 0.909
    20  H   0.983        C   13 0.895
    21  C   3.987        C   26 1.372    C   22 1.341    C    3 1.128
    22  C   3.963        C   23 1.452    C   21 1.341    H   27 0.970
    23  C   3.990        C   22 1.452    C   24 1.441    H   28 0.969
    24  C   3.952        C   23 1.441    C   25 1.367    H   29 0.966
    25  C   3.986        C   26 1.389    C   24 1.367    C   31 1.068
    26  C   3.966        C   25 1.389    C   21 1.372    H   30 0.961
    27  H   0.997        C   22 0.970
    28  H   0.996        C   23 0.969
    29  H   0.997        C   24 0.966
    30  H   0.993        C   26 0.961
    31  C   3.979        C   32 1.373    C   36 1.356    C   25 1.068
    32  C   3.982        C   33 1.454    C   31 1.373    H   37 0.959
    33  C   3.966        C   32 1.454    N   34 1.348    H   38 0.921
    34  N   3.550        C   33 1.348    C   35 1.319    Pd   1 0.632
    35  C   3.960        C   36 1.476    N   34 1.319    H   39 0.892    Pd   1 0.103
    36  C   3.978        C   35 1.476    C   31 1.356    H   40 0.954
    37  H   0.991        C   32 0.959
    38  H   0.985        C   33 0.921
    39  H   0.976        C   35 0.892
    40  H   0.986        C   36 0.954
    41  C   3.942        C   42 2.637    C   59 1.129
    42  C   3.951        C   41 2.637    C   43 1.143
    43  C   3.983        C   44 1.438    C   52 1.205    C   42 1.143
    44  C   3.975        C   43 1.438    C   45 1.355    H   53 0.967
    45  C   3.982        C   46 1.514    C   44 1.355    H   54 0.968
    46  C   3.947        C   45 1.514    C   47 1.298    H   55 0.965
    47  C   3.987        C   46 1.298    C   48 1.266    C   52 1.231
    48  C   3.979        C   49 1.564    C   47 1.266    H   56 0.959    C   51 0.100
    49  C   3.972        C   48 1.564    N   50 1.232    H   57 0.889    Pd   1 0.104
    50  N   3.513        C   51 1.440    C   49 1.232    Pd   1 0.583
    51  C   3.962        N   50 1.440    C   52 1.313    H   58 0.923    C   48 0.100
    52  C   3.980        C   51 1.313    C   47 1.231    C   43 1.205
    53  H   0.995        C   44 0.967
    54  H   0.995        C   45 0.968
    55  H   0.995        C   46 0.965
    56  H   0.991        C   48 0.959
    57  H   0.983        C   49 0.889
    58  H   0.982        C   51 0.923
    59  C   3.987        C   64 1.369    C   60 1.343    C   41 1.129
    60  C   3.970        C   61 1.451    C   59 1.343    H   65 0.970
    61  C   3.990        C   60 1.451    C   62 1.441    H   66 0.969
    62  C   3.951        C   61 1.441    C   63 1.368    H   67 0.966
    63  C   3.986        C   64 1.388    C   62 1.368    C   69 1.068
    64  C   3.965        C   63 1.388    C   59 1.369    H   68 0.960
    65  H   0.997        C   60 0.970
    66  H   0.996        C   61 0.969
    67  H   0.997        C   62 0.966
    68  H   0.992        C   64 0.960
    69  C   3.978        C   74 1.369    C   70 1.355    C   63 1.068
    70  C   3.978        C   71 1.470    C   69 1.355    H   75 0.954
    71  C   3.963        C   70 1.470    N   72 1.314    H   76 0.901    Pd   2 0.108
    72  N   3.505        C   73 1.328    C   71 1.314    Pd   2 0.609
    73  C   3.962        C   74 1.459    N   72 1.328    H   77 0.911
    74  C   3.981        C   73 1.459    C   69 1.369    H   78 0.958
    75  H   0.987        C   70 0.954
    76  H   0.980        C   71 0.901
    77  H   0.981        C   73 0.911
    78  H   0.990        C   74 0.958
    79  C   3.942        C   80 2.642    C   97 1.127
    80  C   3.953        C   79 2.642    C   81 1.142
    81  C   3.984        C   82 1.448    C   90 1.198    C   80 1.142
    82  C   3.969        C   81 1.448    C   83 1.347    H   91 0.967
    83  C   3.983        C   84 1.523    C   82 1.347    H   92 0.968
    84  C   3.948        C   83 1.523    C   85 1.291    H   93 0.966
    85  C   3.988        C   84 1.291    C   86 1.276    C   90 1.230
    86  C   3.979        C   87 1.550    C   85 1.276    H   94 0.960    C   89 0.106
    87  C   3.969        C   86 1.550    N   88 1.253    H   95 0.918
    88  N   3.503        C   89 1.428    C   87 1.253    Pd   1 0.563
    89  C   3.967        N   88 1.428    C   90 1.322    H   96 0.904    C   86 0.106
    90  C   3.980        C   89 1.322    C   85 1.230    C   81 1.198
    91  H   0.995        C   82 0.967
    92  H   0.995        C   83 0.968
    93  H   0.995        C   84 0.966
    94  H   0.991        C   86 0.960
    95  H   0.986        C   87 0.918
    96  H   0.982        C   89 0.904
    97  C   3.987        C  102 1.372    C   98 1.343    C   79 1.127
    98  C   3.963        C   99 1.449    C   97 1.343    H  103 0.970
    99  C   3.989        C   98 1.449    C  100 1.444    H  104 0.968
   100  C   3.952        C   99 1.444    C  101 1.363    H  105 0.965
   101  C   3.986        C  102 1.386    C  100 1.363    C  107 1.074
   102  C   3.966        C  101 1.386    C   97 1.372    H  106 0.960
   103  H   0.997        C   98 0.970
   104  H   0.996        C   99 0.968
   105  H   0.996        C  100 0.965
   106  H   0.992        C  102 0.960
   107  C   3.979        C  108 1.363    C  112 1.353    C  101 1.074
   108  C   3.980        C  109 1.467    C  107 1.363    H  113 0.956
   109  C   3.955        C  108 1.467    N  110 1.318    H  114 0.912
   110  N   3.433        C  109 1.318    C  111 1.307    Pd   2 0.544
   111  C   3.955        C  112 1.479    N  110 1.307    H  115 0.902
   112  C   3.977        C  111 1.479    C  107 1.353    H  116 0.951
   113  H   0.988        C  108 0.956
   114  H   0.981        C  109 0.912
   115  H   0.979        C  111 0.902
   116  H   0.985        C  112 0.951
   117  C   3.942        C  118 2.638    C  135 1.128
   118  C   3.950        C  117 2.638    C  119 1.141
   119  C   3.983        C  120 1.437    C  128 1.208    C  118 1.141
   120  C   3.975        C  119 1.437    C  121 1.355    H  129 0.967
   121  C   3.982        C  122 1.514    C  120 1.355    H  130 0.968
   122  C   3.948        C  121 1.514    C  123 1.297    H  131 0.965
   123  C   3.988        C  122 1.297    C  124 1.266    C  128 1.232
   124  C   3.979        C  125 1.565    C  123 1.266    H  132 0.959    C  127 0.101
   125  C   3.972        C  124 1.565    N  126 1.232    H  133 0.885    Pd   1 0.107
   126  N   3.522        C  127 1.443    C  125 1.232    Pd   1 0.593
   127  C   3.960        N  126 1.443    C  128 1.310    H  134 0.923    C  124 0.101
   128  C   3.979        C  127 1.310    C  123 1.232    C  119 1.208
   129  H   0.995        C  120 0.967
   130  H   0.995        C  121 0.968
   131  H   0.995        C  122 0.965
   132  H   0.991        C  124 0.959
   133  H   0.983        C  125 0.885
   134  H   0.981        C  127 0.923
   135  C   3.987        C  140 1.372    C  136 1.341    C  117 1.128
   136  C   3.970        C  137 1.452    C  135 1.341    H  141 0.970
   137  C   3.989        C  136 1.452    C  138 1.440    H  142 0.969
   138  C   3.951        C  137 1.440    C  139 1.369    H  143 0.966
   139  C   3.986        C  140 1.386    C  138 1.369    C  145 1.069
   140  C   3.966        C  139 1.386    C  135 1.372    H  144 0.961
   141  H   0.997        C  136 0.970
   142  H   0.996        C  137 0.969
   143  H   0.997        C  138 0.966
   144  H   0.993        C  140 0.961
   145  C   3.977        C  146 1.369    C  150 1.353    C  139 1.069
   146  C   3.982        C  147 1.457    C  145 1.369    H  151 0.957
   147  C   3.962        C  146 1.457    N  148 1.328    H  152 0.914
   148  N   3.459        C  147 1.328    C  149 1.312    Pd   2 0.564
   149  C   3.963        C  150 1.467    N  148 1.312    H  153 0.902    Pd   2 0.111
   150  C   3.978        C  149 1.467    C  145 1.353    H  154 0.954
   151  H   0.991        C  146 0.957
   152  H   0.981        C  147 0.914
   153  H   0.979        C  149 0.902
   154  H   0.986        C  150 0.954

molecular dipole:
                 x           y           z       tot (Debye)
 q only:        1.907      -1.277       1.371
   full:        1.503      -1.005       1.350       5.735
molecular quadrupole (traceless):
                xx          xy          yy          xz          yz          zz
 q only:      -86.059     -69.399     216.605      20.969     -37.345    -130.546
  q+dip:      -88.580     -70.924     244.691      22.376     -41.582    -156.112
   full:      -86.799     -78.268     222.792      24.913     -33.917    -135.993

           -------------------------------------------------
          |               Frequency Printout                |
           -------------------------------------------------
 projected vibrational frequencies (cm-1)
eigval :       -0.00    -0.00    -0.00    -0.00    -0.00     0.00
eigval :        5.19     9.20     9.88    12.50    12.74    15.79
eigval :       19.81    23.06    26.92    30.59    31.51    35.71
eigval :       37.93    41.48    43.12    52.98    54.40    56.88
eigval :       60.91    64.69    67.72    69.04    71.94    72.64
eigval :       77.48    82.61    86.52    89.67    91.51    93.91
eigval :       97.75    99.06   101.81   106.57   113.28   118.80
eigval :      120.94   125.08   130.76   131.71   134.16   136.26
eigval :      140.67   144.19   147.52   154.89   163.20   166.44
eigval :      168.34   176.39   179.29   182.82   184.23   186.75
eigval :      188.58   194.14   201.52   210.60   217.27   221.80
eigval :      226.95   231.80   237.57   240.51   244.27   247.42
eigval :      251.07   263.92   271.70   275.58   283.91   289.48
eigval :      294.50   299.80   301.83   310.88   328.75   331.85
eigval :      332.45   337.91   338.85   339.78   344.00   345.74
eigval :      347.33   348.75   353.94   356.37   358.50   359.65
eigval :      365.71   366.59   373.77   378.32   382.96   394.03
eigval :      396.11   397.10   400.66   422.14   423.17   425.76
eigval :      426.41   439.46   447.82   448.45   451.25   464.03
eigval :      470.19   470.85   471.40   471.93   472.22   474.18
eigval :      475.81   477.13   494.31   497.15   497.86   508.65
eigval :      509.68   511.72   513.32   515.82   518.95   519.81
eigval :      523.08   528.32   532.66   535.71   536.50   537.34
eigval :      571.74   574.88   576.74   581.88   582.90   584.43
eigval :      586.98   589.23   599.32   601.33   602.25   619.26
eigval :      619.82   621.13   622.08   623.22   624.85   626.83
eigval :      627.82   639.12   655.74   656.23   657.32   658.27
eigval :      670.04   670.26   671.16   681.35   696.19   699.47
eigval :      704.12   709.04   724.55   725.24   725.69   725.85
eigval :      737.71   738.83   740.98   743.35   773.32   776.07
eigval :      777.61   778.69   779.36   780.28   782.87   786.24
eigval :      799.29   801.40   803.50   809.13   811.38   812.12
eigval :      819.37   821.63   823.41   828.45   829.96   834.45
eigval :      847.19   848.75   850.42   852.07   852.24   854.05
eigval :      856.48   857.33   859.71   861.68   863.01   863.44
eigval :      865.04   865.85   866.90   872.52   890.22   892.31
eigval :      893.17   893.76   894.65   894.93   896.26   896.99
eigval :      897.96   900.73   901.42   901.53   902.01   902.19
eigval :      902.98   903.49   903.97   905.31   906.12   906.90
eigval :      911.96   914.21   914.68   921.92   935.95   936.00
eigval :      936.43   936.68   936.71   937.00   937.25   937.48
eigval :      977.60   978.75   978.84   979.11  1003.98  1006.17
eigval :     1007.82  1012.57  1050.07  1051.24  1052.15  1052.48
eigval :     1064.04  1066.43  1077.01  1077.49  1078.84  1080.20
eigval :     1081.87  1092.27  1092.56  1092.94  1095.57  1102.02
eigval :     1108.27  1108.80  1111.08  1112.17  1114.00  1115.13
eigval :     1117.21  1120.46  1128.96  1130.04  1132.02  1133.18
eigval :     1151.42  1156.79  1159.73  1167.71  1170.71  1170.98
eigval :     1171.46  1172.92  1180.17  1181.91  1184.58  1187.02
eigval :     1187.98  1188.77  1189.10  1192.56  1192.64  1193.00
eigval :     1196.46  1199.86  1211.50  1212.21  1212.97  1216.81
eigval :     1217.54  1220.82  1225.54  1230.25  1235.95  1239.32
eigval :     1241.03  1244.01  1245.89  1248.61  1249.00  1250.35
eigval :     1269.36  1270.97  1271.28  1272.51  1288.74  1291.99
eigval :     1293.85  1294.47  1294.96  1298.63  1300.44  1308.47
eigval :     1313.09  1315.43  1315.97  1316.34  1316.70  1317.62
eigval :     1318.44  1320.19  1352.48  1354.49  1355.61  1359.21
eigval :     1368.98  1369.24  1373.26  1373.76  1376.33  1378.26
eigval :     1379.21  1392.24  1398.34  1398.86  1399.17  1400.80
eigval :     1403.79  1405.32  1406.54  1409.08  1418.79  1419.81
eigval :     1421.32  1424.89  1449.18  1449.97  1450.18  1456.71
eigval :     1466.12  1466.98  1468.76  1469.38  1470.06  1471.75
eigval :     1472.21  1475.80  1516.99  1517.71  1519.91  1521.96
eigval :     1526.62  1527.70  1528.21  1530.27  1547.53  1548.06
eigval :     1548.79  1552.81  1557.02  1557.16  1558.67  1559.95
eigval :     1560.73  1561.19  1564.82  1566.66  1569.17  1570.71
eigval :     1570.99  1572.54  1575.28  1575.83  1578.83  1604.32
eigval :     2295.93  2296.14  2297.40  2305.82  2918.47  2930.28
eigval :     2935.83  2953.51  2976.28  2984.22  2987.60  2999.40
eigval :     3003.89  3007.92  3014.87  3026.17  3028.97  3032.29
eigval :     3040.31  3041.42  3087.45  3088.08  3089.10  3091.26
eigval :     3092.29  3093.02  3093.23  3094.11  3100.48  3101.08
eigval :     3101.85  3102.41  3102.67  3102.80  3103.42  3103.55
eigval :     3106.97  3107.56  3107.80  3108.19  3108.60  3108.72
eigval :     3109.49  3109.89  3110.89  3111.54  3111.93  3112.56
eigval :     3112.73  3113.36  3113.81  3115.02  3115.39  3117.82
eigval :     3119.28  3119.38  3119.41  3121.09  3122.25  3123.64
 reduced masses (amu)
   1: 25.15   2: 22.05   3: 19.19   4: 22.31   5: 22.08   6: 22.94   7: 14.71   8: 13.93
   9: 17.66  10: 16.20  11: 14.16  12: 14.50  13: 14.79  14: 33.85  15: 17.75  16: 11.72
  17: 13.25  18: 13.61  19: 12.36  20: 12.13  21: 14.75  22: 14.17  23: 23.55  24: 13.01
  25: 11.98  26: 13.13  27: 12.66  28: 11.94  29: 14.98  30: 13.31  31: 11.12  32: 11.90
  33: 11.81  34: 13.42  35: 12.94  36: 14.88  37: 15.21  38: 12.82  39: 12.03  40: 12.34
  41: 16.60  42: 11.43  43: 12.56  44: 15.28  45: 11.83  46: 10.93  47: 11.67  48: 11.96
  49: 13.60  50: 12.03  51: 12.72  52: 11.82  53: 12.53  54: 15.43  55: 10.56  56: 20.22
  57: 11.75  58: 21.27  59: 21.73  60: 24.72  61: 23.27  62: 15.59  63: 15.53  64: 24.29
  65: 26.81  66: 17.23  67: 21.57  68: 27.96  69: 29.32  70: 22.99  71: 33.27  72: 39.89
  73: 28.81  74: 26.62  75: 17.21  76: 11.45  77: 11.95  78: 12.92  79: 18.15  80: 23.79
  81: 23.96  82: 21.62  83: 12.38  84: 12.13  85: 11.05  86: 10.93  87: 11.82  88: 12.96
  89: 11.52  90: 12.97  91: 11.08  92: 13.83  93: 15.62  94: 12.85  95: 12.37  96: 12.84
  97: 10.16  98: 12.60  99: 12.32 100: 23.09 101:  9.20 102:  9.63 103:  9.60 104:  9.58
 105:  9.68 106: 10.46 107: 10.42 108: 10.50 109: 10.68 110: 10.64 111: 10.72 112: 11.40
 113: 11.59 114: 15.11 115: 11.18 116: 11.88 117: 11.34 118: 11.30 119: 11.16 120: 11.35
 121: 11.27 122: 11.22 123: 11.87 124: 12.37 125: 12.59 126: 11.03 127: 10.95 128: 10.95
 129: 11.36 130: 11.51 131: 11.32 132: 11.24 133: 11.08 134: 11.55 135: 10.27 136: 10.44
 137: 10.44 138: 10.37 139: 11.89 140: 11.94 141: 12.21 142: 12.33 143: 10.99 144: 10.87
 145: 10.74 146: 10.83 147: 11.96 148: 12.29 149: 12.04 150: 11.41 151: 11.38 152: 11.36
 153: 11.49 154: 11.37 155: 11.59 156: 11.57 157: 11.77 158: 12.05 159:  9.15 160:  9.35
 161:  9.28 162:  9.21 163: 11.32 164: 11.31 165: 11.39 166: 11.75 167: 11.01 168: 10.89
 169: 11.29 170: 11.20 171: 10.56 172: 10.65 173: 10.65 174: 10.61 175: 11.33 176: 11.39
 177: 11.62 178: 11.48 179:  3.86 180:  3.88 181:  3.81 182:  4.19 183:  3.77 184:  4.19
 185:  4.33 186:  4.13 187: 11.43 188: 11.54 189: 11.41 190:  5.11 191:  6.05 192:  6.68
 193:  5.67 194:  8.34 195:  4.09 196:  4.10 197:  4.14 198:  4.01 199: 10.22 200:  8.84
 201:  9.07 202:  7.94 203:  6.64 204:  5.15 205:  4.46 206:  4.40 207:  4.29 208:  3.90
 209:  3.89 210:  4.25 211:  3.97 212:  4.38 213:  3.86 214:  3.30 215:  5.08 216:  7.82
 217:  3.99 218:  4.31 219:  6.11 220:  4.21 221:  5.10 222:  6.27 223:  7.60 224:  9.85
 225:  4.38 226:  4.13 227:  4.34 228:  4.38 229:  3.94 230:  4.36 231:  4.27 232:  3.88
 233:  4.73 234:  4.64 235:  4.06 236:  4.00 237:  4.00 238:  3.54 239:  3.70 240:  3.71
 241:  3.68 242:  3.59 243:  3.68 244:  3.57 245:  3.57 246:  3.57 247: 11.24 248: 11.24
 249: 11.22 250: 11.22 251: 11.22 252: 11.27 253: 11.24 254: 11.11 255: 10.39 256: 10.33
 257: 10.37 258: 10.29 259:  7.44 260:  7.30 261:  5.40 262:  5.35 263:  4.87 264:  5.08
 265:  6.79 266:  8.81 267:  8.58 268:  7.19 269:  8.95 270:  8.76 271:  6.14 272:  6.12
 273:  5.93 274:  5.51 275:  4.21 276:  3.74 277:  3.85 278:  3.78 279:  4.61 280:  4.59
 281:  4.66 282:  4.64 283:  3.37 284:  3.29 285:  3.55 286:  4.55 287:  4.34 288:  4.02
 289:  3.98 290:  3.23 291:  2.12 292:  2.07 293:  2.14 294:  1.96 295:  3.29 296:  3.16
 297:  3.54 298:  3.53 299:  2.86 300:  2.74 301:  2.55 302:  2.38 303:  4.79 304:  4.68
 305:  5.43 306:  5.19 307:  6.07 308:  5.70 309:  5.66 310:  4.64 311:  3.29 312:  3.97
 313:  3.78 314:  4.30 315:  4.56 316:  4.47 317:  4.40 318:  3.97 319:  6.34 320:  6.32
 321:  6.46 322:  6.55 323: 11.23 324:  9.13 325: 11.11 326:  8.56 327:  8.68 328:  8.41
 329: 11.38 330: 10.62 331: 11.33 332: 11.25 333: 10.83 334: 11.49 335: 10.82 336: 11.32
 337: 10.20 338: 10.20 339: 10.47 340: 10.44 341: 10.24 342: 10.38 343:  9.50 344:  9.39
 345:  9.39 346:  9.64 347: 10.16 348: 10.14 349: 10.13 350: 10.21 351: 10.77 352: 10.95
 353: 10.97 354: 10.90 355:  9.82 356:  9.87 357:  9.99 358:  9.97 359: 10.22 360: 10.09
 361: 10.09 362: 10.06 363: 10.95 364: 11.04 365: 11.03 366: 10.86 367: 10.98 368: 11.00
 369: 10.28 370: 10.39 371: 10.82 372: 10.82 373: 10.28 374: 10.44 375: 12.06 376: 12.03
 377: 12.09 378: 12.09 379: 11.78 380: 11.81 381: 11.83 382: 11.79 383: 11.43 384: 11.42
 385: 11.43 386: 11.47 387: 11.49 388: 11.50 389: 11.56 390: 11.54 391: 11.48 392: 11.49
 393: 11.50 394: 11.44 395: 11.52 396: 11.51 397: 11.51 398: 11.53 399: 11.55 400: 11.56
 401: 11.58 402: 11.70 403: 12.01 404: 12.01 405: 12.01 406: 12.01 407:  1.86 408:  1.85
 409:  1.84 410:  1.86 411:  1.84 412:  1.85 413:  1.85 414:  1.86 415:  1.85 416:  1.85
 417:  1.85 418:  1.84 419:  1.84 420:  1.84 421:  1.85 422:  1.84 423:  1.78 424:  1.78
 425:  1.78 426:  1.78 427:  1.78 428:  1.78 429:  1.78 430:  1.78 431:  1.85 432:  1.85
 433:  1.84 434:  1.84 435:  1.84 436:  1.84 437:  1.86 438:  1.84 439:  1.89 440:  1.89
 441:  1.89 442:  1.90 443:  1.90 444:  1.90 445:  1.90 446:  1.84 447:  1.86 448:  1.86
 449:  1.84 450:  1.87 451:  1.83 452:  1.85 453:  1.86 454:  1.85 455:  1.85 456:  1.84
 457:  1.85 458:  1.85 459:  1.85 460:  1.86 461:  1.85 462:  1.85
 IR intensities (amu)
   1:  0.51   2:  0.42   3:  0.22   4:  0.40   5:  0.55   6:  0.60   7:  0.16   8:  0.25
   9:  0.25  10:  0.31  11:  0.32  12:  0.12  13:  0.26  14:  0.07  15:  0.13  16:  0.04
  17:  0.11  18:  0.06  19:  0.13  20:  0.11  21:  0.09  22:  0.09  23:  0.16  24:  0.09
  25:  0.12  26:  0.08  27:  0.14  28:  0.12  29:  0.23  30:  0.13  31:  0.07  32:  0.19
  33:  0.03  34:  0.08  35:  0.06  36:  0.06  37:  0.05  38:  0.19  39:  0.15  40:  0.15
  41:  0.03  42:  0.15  43:  0.16  44:  0.22  45:  0.01  46:  0.05  47:  0.24  48:  0.14
  49:  0.12  50:  0.07  51:  0.02  52:  0.22  53:  0.19  54:  0.19  55:  0.07  56:  0.41
  57:  0.11  58:  0.17  59:  0.49  60:  0.51  61:  0.54  62:  0.39  63:  0.25  64:  0.74
  65:  0.68  66:  0.42  67:  0.29  68:  0.21  69:  0.65  70:  0.37  71:  0.62  72:  0.34
  73:  0.12  74:  0.54  75:  0.13  76:  0.21  77:  0.29  78:  0.19  79:  0.39  80:  0.60
  81:  0.47  82:  0.29  83:  0.05  84:  0.13  85:  0.23  86:  0.09  87:  0.19  88:  0.41
  89:  0.08  90:  0.03  91:  0.18  92:  0.20  93:  0.57  94:  0.16  95:  0.11  96:  0.33
  97:  0.22  98:  0.23  99:  0.26 100:  0.55 101:  0.05 102:  0.12 103:  0.15 104:  0.08
 105:  0.07 106:  0.19 107:  0.10 108:  0.16 109:  0.21 110:  0.15 111:  0.06 112:  0.06
 113:  0.15 114:  0.26 115:  0.10 116:  0.22 117:  0.12 118:  0.09 119:  0.12 120:  0.07
 121:  0.05 122:  0.15 123:  0.26 124:  0.68 125:  0.37 126:  0.22 127:  0.07 128:  0.12
 129:  0.35 130:  0.31 131:  0.19 132:  0.10 133:  0.11 134:  0.28 135:  0.10 136:  0.15
 137:  0.27 138:  0.10 139:  0.38 140:  0.37 141:  0.47 142:  0.43 143:  0.19 144:  0.19
 145:  0.23 146:  0.20 147:  0.39 148:  0.43 149:  0.41 150:  0.04 151:  0.10 152:  0.03
 153:  0.15 154:  0.12 155:  0.03 156:  0.08 157:  0.19 158:  0.31 159:  0.04 160:  0.07
 161:  0.06 162:  0.12 163:  0.03 164:  0.07 165:  0.04 166:  0.22 167:  0.20 168:  0.12
 169:  0.17 170:  0.60 171:  0.08 172:  0.14 173:  0.06 174:  0.11 175:  0.24 176:  0.47
 177:  0.26 178:  0.53 179:  0.06 180:  0.08 181:  0.14 182:  0.43 183:  0.08 184:  0.11
 185:  0.24 186:  0.06 187:  0.18 188:  0.55 189:  0.47 190:  0.08 191:  0.15 192:  0.09
 193:  0.08 194:  0.17 195:  0.32 196:  0.28 197:  0.34 198:  0.15 199:  0.07 200:  0.14
 201:  0.22 202:  0.10 203:  0.06 204:  0.10 205:  0.24 206:  0.06 207:  0.21 208:  0.04
 209:  0.12 210:  0.23 211:  0.24 212:  0.10 213:  0.19 214:  0.10 215:  0.05 216:  0.33
 217:  0.13 218:  0.02 219:  0.07 220:  0.03 221:  0.20 222:  0.24 223:  0.25 224:  0.12
 225:  0.18 226:  0.11 227:  0.03 228:  0.13 229:  0.04 230:  0.07 231:  0.09 232:  0.04
 233:  0.14 234:  0.19 235:  0.10 236:  0.07 237:  0.09 238:  0.04 239:  0.02 240:  0.02
 241:  0.02 242:  0.08 243:  0.04 244:  0.09 245:  0.08 246:  0.10 247:  0.20 248:  0.13
 249:  0.23 250:  0.20 251:  0.29 252:  0.24 253:  0.49 254:  0.69 255:  0.08 256:  0.40
 257:  0.22 258:  0.41 259:  0.59 260:  0.45 261:  0.10 262:  0.07 263:  0.21 264:  0.14
 265:  0.51 266:  0.42 267:  0.57 268:  0.15 269:  0.36 270:  0.58 271:  0.44 272:  0.48
 273:  0.32 274:  0.27 275:  0.27 276:  0.12 277:  0.26 278:  0.27 279:  0.22 280:  0.19
 281:  0.30 282:  0.15 283:  0.37 284:  0.43 285:  0.17 286:  0.66 287:  0.07 288:  0.08
 289:  0.13 290:  0.16 291:  0.23 292:  0.10 293:  0.10 294:  0.25 295:  0.41 296:  0.29
 297:  0.57 298:  0.52 299:  0.23 300:  0.17 301:  0.28 302:  0.34 303:  0.24 304:  0.12
 305:  0.23 306:  0.20 307:  0.15 308:  0.16 309:  0.26 310:  0.21 311:  0.19 312:  0.14
 313:  0.26 314:  0.27 315:  0.63 316:  0.46 317:  0.22 318:  0.46 319:  0.70 320:  0.38
 321:  0.75 322:  0.84 323:  0.17 324:  0.37 325:  0.03 326:  0.27 327:  0.17 328:  0.44
 329:  0.10 330:  0.39 331:  0.12 332:  0.26 333:  0.24 334:  0.25 335:  0.51 336:  0.23
 337:  0.46 338:  0.51 339:  0.65 340:  1.01 341:  0.40 342:  0.90 343:  0.63 344:  0.93
 345:  0.61 346:  1.02 347:  0.28 348:  0.51 349:  0.58 350:  0.41 351:  1.00 352:  0.86
 353:  1.56 354:  0.98 355:  0.19 356:  0.31 357:  0.20 358:  0.49 359:  0.16 360:  0.52
 361:  0.22 362:  0.72 363:  0.67 364:  0.60 365:  0.21 366:  1.32 367:  0.55 368:  0.15
 369:  0.45 370:  0.82 371:  0.23 372:  0.21 373:  0.43 374:  1.05 375:  0.16 376:  0.17
 377:  0.33 378:  0.20 379:  0.50 380:  1.51 381:  0.39 382:  0.83 383:  1.79 384:  2.03
 385:  0.64 386:  1.81 387:  1.32 388:  0.73 389:  1.09 390:  1.06 391:  1.12 392:  0.55
 393:  0.24 394:  0.93 395:  0.60 396:  0.92 397:  0.64 398:  0.48 399:  0.22 400:  0.41
 401:  0.53 402:  1.87 403:  1.10 404:  1.49 405:  1.25 406:  1.23 407:  0.12 408:  0.10
 409:  0.19 410:  0.13 411:  0.15 412:  0.09 413:  0.09 414:  0.10 415:  0.19 416:  0.06
 417:  0.07 418:  0.03 419:  0.04 420:  0.16 421:  0.07 422:  0.15 423:  0.20 424:  0.19
 425:  0.18 426:  0.17 427:  0.15 428:  0.14 429:  0.14 430:  0.13 431:  0.23 432:  0.23
 433:  0.18 434:  0.19 435:  0.14 436:  0.18 437:  0.24 438:  0.22 439:  0.36 440:  0.29
 441:  0.40 442:  0.40 443:  0.26 444:  0.43 445:  0.35 446:  0.05 447:  0.13 448:  0.14
 449:  0.05 450:  0.30 451:  0.08 452:  0.11 453:  0.10 454:  0.05 455:  0.05 456:  0.02
 457:  0.01 458:  0.03 459:  0.03 460:  0.04 461:  0.03 462:  0.06
 Raman intensities (amu)
   1:  0.00   2:  0.00   3:  0.00   4:  0.00   5:  0.00   6:  0.00   7:  0.00   8:  0.00
   9:  0.00  10:  0.00  11:  0.00  12:  0.00  13:  0.00  14:  0.00  15:  0.00  16:  0.00
  17:  0.00  18:  0.00  19:  0.00  20:  0.00  21:  0.00  22:  0.00  23:  0.00  24:  0.00
  25:  0.00  26:  0.00  27:  0.00  28:  0.00  29:  0.00  30:  0.00  31:  0.00  32:  0.00
  33:  0.00  34:  0.00  35:  0.00  36:  0.00  37:  0.00  38:  0.00  39:  0.00  40:  0.00
  41:  0.00  42:  0.00  43:  0.00  44:  0.00  45:  0.00  46:  0.00  47:  0.00  48:  0.00
  49:  0.00  50:  0.00  51:  0.00  52:  0.00  53:  0.00  54:  0.00  55:  0.00  56:  0.00
  57:  0.00  58:  0.00  59:  0.00  60:  0.00  61:  0.00  62:  0.00  63:  0.00  64:  0.00
  65:  0.00  66:  0.00  67:  0.00  68:  0.00  69:  0.00  70:  0.00  71:  0.00  72:  0.00
  73:  0.00  74:  0.00  75:  0.00  76:  0.00  77:  0.00  78:  0.00  79:  0.00  80:  0.00
  81:  0.00  82:  0.00  83:  0.00  84:  0.00  85:  0.00  86:  0.00  87:  0.00  88:  0.00
  89:  0.00  90:  0.00  91:  0.00  92:  0.00  93:  0.00  94:  0.00  95:  0.00  96:  0.00
  97:  0.00  98:  0.00  99:  0.00 100:  0.00 101:  0.00 102:  0.00 103:  0.00 104:  0.00
 105:  0.00 106:  0.00 107:  0.00 108:  0.00 109:  0.00 110:  0.00 111:  0.00 112:  0.00
 113:  0.00 114:  0.00 115:  0.00 116:  0.00 117:  0.00 118:  0.00 119:  0.00 120:  0.00
 121:  0.00 122:  0.00 123:  0.00 124:  0.00 125:  0.00 126:  0.00 127:  0.00 128:  0.00
 129:  0.00 130:  0.00 131:  0.00 132:  0.00 133:  0.00 134:  0.00 135:  0.00 136:  0.00
 137:  0.00 138:  0.00 139:  0.00 140:  0.00 141:  0.00 142:  0.00 143:  0.00 144:  0.00
 145:  0.00 146:  0.00 147:  0.00 148:  0.00 149:  0.00 150:  0.00 151:  0.00 152:  0.00
 153:  0.00 154:  0.00 155:  0.00 156:  0.00 157:  0.00 158:  0.00 159:  0.00 160:  0.00
 161:  0.00 162:  0.00 163:  0.00 164:  0.00 165:  0.00 166:  0.00 167:  0.00 168:  0.00
 169:  0.00 170:  0.00 171:  0.00 172:  0.00 173:  0.00 174:  0.00 175:  0.00 176:  0.00
 177:  0.00 178:  0.00 179:  0.00 180:  0.00 181:  0.00 182:  0.00 183:  0.00 184:  0.00
 185:  0.00 186:  0.00 187:  0.00 188:  0.00 189:  0.00 190:  0.00 191:  0.00 192:  0.00
 193:  0.00 194:  0.00 195:  0.00 196:  0.00 197:  0.00 198:  0.00 199:  0.00 200:  0.00
 201:  0.00 202:  0.00 203:  0.00 204:  0.00 205:  0.00 206:  0.00 207:  0.00 208:  0.00
 209:  0.00 210:  0.00 211:  0.00 212:  0.00 213:  0.00 214:  0.00 215:  0.00 216:  0.00
 217:  0.00 218:  0.00 219:  0.00 220:  0.00 221:  0.00 222:  0.00 223:  0.00 224:  0.00
 225:  0.00 226:  0.00 227:  0.00 228:  0.00 229:  0.00 230:  0.00 231:  0.00 232:  0.00
 233:  0.00 234:  0.00 235:  0.00 236:  0.00 237:  0.00 238:  0.00 239:  0.00 240:  0.00
 241:  0.00 242:  0.00 243:  0.00 244:  0.00 245:  0.00 246:  0.00 247:  0.00 248:  0.00
 249:  0.00 250:  0.00 251:  0.00 252:  0.00 253:  0.00 254:  0.00 255:  0.00 256:  0.00
 257:  0.00 258:  0.00 259:  0.00 260:  0.00 261:  0.00 262:  0.00 263:  0.00 264:  0.00
 265:  0.00 266:  0.00 267:  0.00 268:  0.00 269:  0.00 270:  0.00 271:  0.00 272:  0.00
 273:  0.00 274:  0.00 275:  0.00 276:  0.00 277:  0.00 278:  0.00 279:  0.00 280:  0.00
 281:  0.00 282:  0.00 283:  0.00 284:  0.00 285:  0.00 286:  0.00 287:  0.00 288:  0.00
 289:  0.00 290:  0.00 291:  0.00 292:  0.00 293:  0.00 294:  0.00 295:  0.00 296:  0.00
 297:  0.00 298:  0.00 299:  0.00 300:  0.00 301:  0.00 302:  0.00 303:  0.00 304:  0.00
 305:  0.00 306:  0.00 307:  0.00 308:  0.00 309:  0.00 310:  0.00 311:  0.00 312:  0.00
 313:  0.00 314:  0.00 315:  0.00 316:  0.00 317:  0.00 318:  0.00 319:  0.00 320:  0.00
 321:  0.00 322:  0.00 323:  0.00 324:  0.00 325:  0.00 326:  0.00 327:  0.00 328:  0.00
 329:  0.00 330:  0.00 331:  0.00 332:  0.00 333:  0.00 334:  0.00 335:  0.00 336:  0.00
 337:  0.00 338:  0.00 339:  0.00 340:  0.00 341:  0.00 342:  0.00 343:  0.00 344:  0.00
 345:  0.00 346:  0.00 347:  0.00 348:  0.00 349:  0.00 350:  0.00 351:  0.00 352:  0.00
 353:  0.00 354:  0.00 355:  0.00 356:  0.00 357:  0.00 358:  0.00 359:  0.00 360:  0.00
 361:  0.00 362:  0.00 363:  0.00 364:  0.00 365:  0.00 366:  0.00 367:  0.00 368:  0.00
 369:  0.00 370:  0.00 371:  0.00 372:  0.00 373:  0.00 374:  0.00 375:  0.00 376:  0.00
 377:  0.00 378:  0.00 379:  0.00 380:  0.00 381:  0.00 382:  0.00 383:  0.00 384:  0.00
 385:  0.00 386:  0.00 387:  0.00 388:  0.00 389:  0.00 390:  0.00 391:  0.00 392:  0.00
 393:  0.00 394:  0.00 395:  0.00 396:  0.00 397:  0.00 398:  0.00 399:  0.00 400:  0.00
 401:  0.00 402:  0.00 403:  0.00 404:  0.00 405:  0.00 406:  0.00 407:  0.00 408:  0.00
 409:  0.00 410:  0.00 411:  0.00 412:  0.00 413:  0.00 414:  0.00 415:  0.00 416:  0.00
 417:  0.00 418:  0.00 419:  0.00 420:  0.00 421:  0.00 422:  0.00 423:  0.00 424:  0.00
 425:  0.00 426:  0.00 427:  0.00 428:  0.00 429:  0.00 430:  0.00 431:  0.00 432:  0.00
 433:  0.00 434:  0.00 435:  0.00 436:  0.00 437:  0.00 438:  0.00 439:  0.00 440:  0.00
 441:  0.00 442:  0.00 443:  0.00 444:  0.00 445:  0.00 446:  0.00 447:  0.00 448:  0.00
 449:  0.00 450:  0.00 451:  0.00 452:  0.00 453:  0.00 454:  0.00 455:  0.00 456:  0.00
 457:  0.00 458:  0.00 459:  0.00 460:  0.00 461:  0.00 462:  0.00
 output can be read by thermo (or use thermo option).
 writing <g98.out> molden fake output.
 recommended (thermochemical) frequency scaling factor: 1.0
           -------------------------------------------------
          |             Thermodynamic Functions             |
           -------------------------------------------------

Molecule has no symmetry elements
It seems to be the C1 point group
c1  symmetry found (for desy threshold:  0.10E+00) used in thermo

          ...................................................
          :                      SETUP                      :
          :.................................................:
          :  # frequencies                         456      :
          :  # imaginary freq.                       0      :
          :  linear?                             false      :
          :  only rotor calc.                    false      :
          :  symmetry                               c1      :
          :  rotational number                       1      :
          :  scaling factor                  1.0000000      :
          :  rotor cutoff                   50.0000000 cm⁻¹ :
          :  imag. cutoff                  -20.0000000 cm⁻¹ :
          :.................................................:

    mode    ω/cm⁻¹     T·S(HO)/kcal·mol⁻¹    T·S(FR)/kcal·mol⁻¹   T·S(vib)
   ------------------------------------------------------------------------
       1      5.19    -2.77730 (  0.01%)    -1.72773 ( 99.99%)    -1.72785
       2      9.20    -2.43771 (  0.11%)    -1.55793 ( 99.89%)    -1.55894
       3      9.88    -2.39551 (  0.15%)    -1.53683 ( 99.85%)    -1.53814
       4     12.50    -2.25644 (  0.39%)    -1.46728 ( 99.61%)    -1.47035
       5     12.74    -2.24527 (  0.42%)    -1.46169 ( 99.58%)    -1.46498
       6     15.79    -2.11794 (  0.98%)    -1.39801 ( 99.02%)    -1.40510
       7     19.81    -1.98358 (  2.41%)    -1.33079 ( 97.59%)    -1.34649
       8     23.06    -1.89364 (  4.33%)    -1.28578 ( 95.67%)    -1.31210
       9     26.92    -1.80210 (  7.75%)    -1.23996 ( 92.25%)    -1.28354
      10     30.59    -1.72660 ( 12.28%)    -1.20214 ( 87.72%)    -1.26656
      11     31.51    -1.70909 ( 13.62%)    -1.19337 ( 86.38%)    -1.26360
      12     35.71    -1.63508 ( 20.64%)    -1.15629 ( 79.36%)    -1.25511
      13     37.93    -1.59939 ( 24.88%)    -1.13839 ( 75.12%)    -1.25308
      14     41.48    -1.54648 ( 32.15%)    -1.11186 ( 67.85%)    -1.25159
      15     43.12    -1.52358 ( 35.62%)    -1.10037 ( 64.38%)    -1.25114
      16     52.98    -1.40216 ( 55.77%)    -1.03939 ( 44.23%)    -1.24169
      17     54.40    -1.38664 ( 58.35%)    -1.03158 ( 41.65%)    -1.23875
      18     56.88    -1.36037 ( 62.61%)    -1.01837 ( 37.39%)    -1.23249
      19     60.91    -1.32003 ( 68.78%)    -0.99807 ( 31.22%)    -1.21950
      20     64.69    -1.28466 ( 73.70%)    -0.98024 ( 26.30%)    -1.20459
      21     67.72    -1.25777 ( 77.09%)    -0.96669 ( 22.91%)    -1.19108
      22     69.04    -1.24645 ( 78.42%)    -0.96097 ( 21.58%)    -1.18485
      23     71.94    -1.22231 ( 81.08%)    -0.94879 ( 18.92%)    -1.17055
      24     72.64    -1.21656 ( 81.67%)    -0.94589 ( 18.33%)    -1.16695
      25     77.48    -1.17878 ( 85.22%)    -0.92679 ( 14.78%)    -1.14154
      26     82.61    -1.14131 ( 88.17%)    -0.90782 ( 11.83%)    -1.11368
      27     86.52    -1.11428 ( 89.96%)    -0.89411 ( 10.04%)    -1.09219
      28     89.67    -1.09339 ( 91.19%)    -0.88351 (  8.81%)    -1.07489
      29     91.51    -1.08151 ( 91.82%)    -0.87748 (  8.18%)    -1.06482
      30     93.91    -1.06646 ( 92.56%)    -0.86983 (  7.44%)    -1.05184
      31     97.75    -1.04314 ( 93.59%)    -0.85795 (  6.41%)    -1.03127
      32     99.06    -1.03542 ( 93.90%)    -0.85402 (  6.10%)    -1.02436
      33    101.81    -1.01949 ( 94.50%)    -0.84590 (  5.50%)    -1.00994
      34    106.57    -0.99296 ( 95.38%)    -0.83235 (  4.62%)    -0.98553
      35    113.28    -0.95762 ( 96.34%)    -0.81426 (  3.66%)    -0.95238
      36    118.80    -0.93016 ( 96.96%)    -0.80017 (  3.04%)    -0.92620
      37    120.94    -0.91986 ( 97.16%)    -0.79488 (  2.84%)    -0.91632
      38    125.08    -0.90052 ( 97.51%)    -0.78492 (  2.49%)    -0.89765
      39    130.76    -0.87501 ( 97.91%)    -0.77175 (  2.09%)    -0.87285
      40    131.71    -0.87089 ( 97.97%)    -0.76962 (  2.03%)    -0.86883
      41    134.16    -0.86032 ( 98.11%)    -0.76415 (  1.89%)    -0.85850
      42    136.26    -0.85145 ( 98.22%)    -0.75956 (  1.78%)    -0.84981
      43    140.67    -0.83327 ( 98.43%)    -0.75013 (  1.57%)    -0.83196
      44    144.19    -0.81918 ( 98.57%)    -0.74280 (  1.43%)    -0.81809
      45    147.52    -0.80618 ( 98.70%)    -0.73603 (  1.30%)    -0.80526
      46    154.89    -0.77854 ( 98.93%)    -0.72158 (  1.07%)    -0.77793
      47    163.20    -0.74907 ( 99.13%)    -0.70611 (  0.87%)    -0.74869
      48    166.44    -0.73802 ( 99.19%)    -0.70029 (  0.81%)    -0.73772
      49    168.34    -0.73164 ( 99.23%)    -0.69692 (  0.77%)    -0.73137
      50    176.39    -0.70549 ( 99.36%)    -0.68308 (  0.64%)    -0.70535
      51    179.29    -0.69641 ( 99.40%)    -0.67825 (  0.60%)    -0.69630
      52    182.82    -0.68557 ( 99.44%)    -0.67248 (  0.56%)    -0.68550
      53    184.23    -0.68131 ( 99.46%)    -0.67020 (  0.54%)    -0.68125
      54    186.75    -0.67378 ( 99.49%)    -0.66618 (  0.51%)    -0.67374
      55    188.58    -0.66838 ( 99.51%)    -0.66329 (  0.49%)    -0.66835
      56    194.14    -0.65232 ( 99.56%)    -0.65468 (  0.44%)    -0.65233
      57    201.52    -0.63182 ( 99.62%)    -0.64362 (  0.38%)    -0.63186
      58    210.60    -0.60777 ( 99.68%)    -0.63057 (  0.32%)    -0.60784
      59    217.27    -0.59084 ( 99.72%)    -0.62133 (  0.28%)    -0.59093
      60    221.80    -0.57970 ( 99.74%)    -0.61522 (  0.26%)    -0.57979
      61    226.95    -0.56737 ( 99.76%)    -0.60842 (  0.24%)    -0.56746
      62    231.80    -0.55603 ( 99.78%)    -0.60215 (  0.22%)    -0.55613
      63    237.57    -0.54294 ( 99.80%)    -0.59488 (  0.20%)    -0.54304
      64    240.51    -0.53640 ( 99.81%)    -0.59123 (  0.19%)    -0.53650
      65    244.27    -0.52819 ( 99.82%)    -0.58663 (  0.18%)    -0.52829
      66    247.42    -0.52142 ( 99.83%)    -0.58283 (  0.17%)    -0.52152
      67    251.07    -0.51373 ( 99.84%)    -0.57850 (  0.16%)    -0.51384
      68    263.92    -0.48769 ( 99.87%)    -0.56372 (  0.13%)    -0.48779
      69    271.70    -0.47267 ( 99.89%)    -0.55511 (  0.11%)    -0.47277
      70    275.58    -0.46539 ( 99.89%)    -0.55090 (  0.11%)    -0.46548
      71    283.91    -0.45021 ( 99.90%)    -0.54209 (  0.10%)    -0.45029
      72    289.48    -0.44037 ( 99.91%)    -0.53633 (  0.09%)    -0.44045
      73    294.50    -0.43171 ( 99.92%)    -0.53124 (  0.08%)    -0.43180
      74    299.80    -0.42279 ( 99.92%)    -0.52596 (  0.08%)    -0.42287
   ------------------------------------------------------------------------

   temp. (K)  partition function   enthalpy   heat capacity  entropy
                                   cal/mol     cal/K/mol   cal/K/mol   J/K/mol
 298.15  VIB  0.291E+40            49894.052    323.254    314.224
         ROT  0.535E+09              888.752      2.981     42.920
         INT  0.156E+49            50782.804    326.235    357.143
         TR   0.528E+29             1481.254      4.968     47.643
         TOT                       52264.0582   331.2030   404.7867  1693.6276

       T/K    H(0)-H(T)+PV         H(T)/Eh          T*S/Eh         G(T)/Eh
   ------------------------------------------------------------------------
    298.15    0.832881E-01    0.122978E+01    0.192327E+00    0.103745E+01
   ------------------------------------------------------------------------

         :::::::::::::::::::::::::::::::::::::::::::::::::::::
         ::                  THERMODYNAMIC                  ::
         :::::::::::::::::::::::::::::::::::::::::::::::::::::
         :: total free energy        -247.210157891667 Eh   ::
         ::.................................................::
         :: total energy             -248.247608065114 Eh   ::
         :: zero point energy           1.146489318998 Eh   ::
         :: G(RRHO) w/o ZPVE           -0.109039145552 Eh   ::
         :: G(RRHO) contrib.            1.037450173447 Eh   ::
         :::::::::::::::::::::::::::::::::::::::::::::::::::::

           -------------------------------------------------
          | TOTAL ENERGY             -248.247608065114 Eh   |
          | TOTAL ENTHALPY           -247.017830667910 Eh   |
          | TOTAL FREE ENERGY        -247.210157891667 Eh   |
          | GRADIENT NORM               0.000581109565 Eh/α |
          | HOMO-LUMO GAP               2.060873575166 eV   |
           -------------------------------------------------

------------------------------------------------------------------------
 * finished run on 2021/06/21 at 19:15:31.708     
------------------------------------------------------------------------
 total:
 * wall-time:     0 d,  0 h, 10 min, 27.226 sec
 *  cpu-time:     0 d,  0 h, 41 min, 30.084 sec
 * ratio c/w:     3.970 speedup
 SCF:
 * wall-time:     0 d,  0 h,  0 min,  2.096 sec
 *  cpu-time:     0 d,  0 h,  0 min,  6.786 sec
 * ratio c/w:     3.237 speedup
 numerical hessian:
 * wall-time:     0 d,  0 h, 10 min, 24.405 sec
 *  cpu-time:     0 d,  0 h, 41 min, 22.465 sec
 * ratio c/w:     3.976 speedup

