      -----------------------------------------------------------      
     |                   =====================                   |     
     |                           x T B                           |     
     |                   =====================                   |     
     |                         S. Grimme                         |     
     |          Mulliken Center for Theoretical Chemistry        |     
     |                    University of Bonn                     |     
     |                Version 6.2 RC2 (SAW190805)                |     
      -----------------------------------------------------------      

   This program is distributed in the hope that it will be useful,
   but WITHOUT ANY WARRANTY; without even the implied warranty of
   MERCHANTABILITY or FITNESS FOR A PARTICULAR PURPOSE.
   
   FOR NON-COMMERCIAL, ACADEMIA USE ONLY.
   
   Cite this work as:
   * S. Grimme, C. Bannwarth, P. Shushkov, J. Chem. Theory Comput., 2017,
     13, 1989-2009. DOI: 10.1021/acs.jctc.7b00118
   * C. Bannwarth, S. Ehlert and S. Grimme., J. Chem. Theory Comput., 2019,
     15, 1652-1671. DOI: 10.1021/acs.jctc.8b01176
   * P. Pracht, E. Caldeweyher, S. Ehlert, S. Grimme, ChemRxiv, 2019, preprint.
     DOI: 10.26434/chemrxiv.8326202.v1
   
   for DFT-D4:
   * E. Caldeweyher, C. Bannwarth and S. Grimme, J. Chem. Phys., 2017,
     147, 034112. DOI: 10.1063/1.4993215
   * E. Caldeweyher, S. Ehlert, A. Hansen, H. Neugebauer, S. Spicher,
     C. Bannwarth and S. Grimme, J. Chem. Phys., 2019, 150, 154122.
     DOI: 10.1063/1.5090222
   
   for sTDA-xTB:
   * S. Grimme and C. Bannwarth, J. Chem. Phys., 2016, 145, 054103.
     DOI: 10.1063/1.4959605
   
   in the mass-spec context:
   * V. Asgeirsson, C. Bauer and S. Grimme, Chem. Sci., 2017, 8, 4879.
     DOI: 10.1039/c7sc00601b
   
   for metadynamics refer to:
   * S. Grimme, J. Chem. Theory Comput., 2019, 155, 2847-2862
     DOI: 10.1021/acs.jctc.9b00143
   
   with help from (in alphabetical order)
   C. Bannwarth, F. Bohle, G. Brandenburg, E. Caldeweyher, M. Checinski,
   S. Dohm, S. Ehlert, S. Ehrlich, F. März, H. Neugebauer, J. Pisarek,
   P. Pracht, P. Shushkov, and S. Spicher.
   
 * started run on 2021/06/21 at 21:05:53.325     

           -------------------------------------------------
          |                Calculation Setup                |
           -------------------------------------------------

          program call               : /home/atarzia/software/xtb-190806/bin/xtb /data/atarzia/projects/unsymm/screening/production/free_energy_calculations/fe_4b3_b/input_structure.xyz --gfn 2 --hess --parallel 6 --etemp 300 --gbsa dmso --chrg 4 --uhf 0 -I det_control.in
          coordinate file            : /data/atarzia/projects/unsymm/screening/production/free_energy_calculations/fe_4b3_b/input_structure.xyz
          omp threads                :                     6
          number of atoms            :                   162
          number of electrons        :                   496
          charge                     :                     4
          spin                       :                   0.0
          first test random number   :      0.07190409121655


########################################################################
# WARNING! Please study the warnings concerning your input carefully
#  - XTBHOME is not set, using HOME instead
#  - XTBPATH is not set, using XTBHOME instead
#  - Process number higher than OMP_NUM_THREADS, I hope you know what you are doing.
########################################################################

           ------------------------------------------------- 
          |                 G F N 2 - x T B                 |
          | Geometry, Frequencies, Noncovalent interactions |
          |            JCTC 2019 parametrisation            |
           ------------------------------------------------- 
             k(s)              :                1.8500
             k(p)              :                2.2300
             k(d)              :                2.2300
             k(f)              :                2.0000
             kEN (H0ij)        :               -2.0000
             D4 a1             :                0.5200
             D4 a2             :                5.0000
             D4 s6             :                1.0000
             D4 s8             :                2.7000
             D4 s9             :                5.0000
             alphaj            :                2.0000

  Z AO/shell   Hii/eV     exponent
  1     Wed Apr 25 08:07:45 CEST 2018   EN: 2.200 GM2: 0.406  GM3: 0.0800  RAES: 1.40
     1s    -10.707211    1.230000
  6     Wed Apr 25 08:07:45 CEST 2018   EN: 2.550 GM2: 0.538  GM3: 0.1500  RAES: 3.00
     2s    -13.970922    2.096432
     2p    -10.063292    1.800000
  7     Wed Apr 25 08:07:45 CEST 2018   EN: 3.040 GM2: 0.461  GM3:-0.0640  RAES: 1.90
     2s    -16.686243    2.339881
     2p    -12.523956    2.014332
 46     Wed Apr 25 16:26:58 CEST 2018   EN: 2.200 GM2: 0.273  GM3: 0.0800  RAES: 5.00
     4d    -11.963518    2.353691
     5s     -9.714059    1.828354
     5p     -2.035281    1.333352

 Solvent             : dmso
 Using internal parameter file: .param_gbsa2_dmso
 Gsolv ref. state (COSMO-RS): gsolv [1 M gas/solution]
 temperature (mdtemp)       :    298.150000000000     
 dielectric constant        :    46.6800000000000     
 rho                        :    1.10000000000000     
 mass                       :    78.1300000000000     
 surface tension            :    15.5689454083859     
 probe radius               :   0.949087640000000     
 vdW radii scaling          :    1.00000000000000     
 Gshift (Eh)                :   5.161738145414381E-003
 c1                         :    1.63948621000000     
 soset                      :   1.179665000000000E-002
 HB correction              :  T
           ------------------------------------------------- 
          |        Self-Consistent Charge Iterations        |
           ------------------------------------------------- 

          ...................................................
          :                      SETUP                      :
          :.................................................:
          :  # basis functions                 492          :
          :  # atomic orbitals                 490          :
          :  # shells                          270          :
          :  # electrons                       496          :
          :  max. iterations                   250          :
          :  Hamiltonian                  GFN2-xTB          :
          :  restarted?                      false          :
          :  GBSA solvation                   true          :
          :  PC potential                    false          :
          :  electronic temp.          300.0000000     K    :
          :  accuracy                    1.0000000          :
          :  -> integral cutoff          0.2500000E+02      :
          :  -> integral neglect         0.1000000E-07      :
          :  -> SCF convergence          0.1000000E-05 Eh   :
          :  -> wf. convergence          0.1000000E-03 e    :
          :  Broyden damping             0.4000000          :
          ...................................................

 iter      E             dE          RMSdq      gap      omega  full diag
   1   -269.6487894 -0.269649E+03  0.625E+00    2.13       0.0  T
   2   -270.0357058 -0.386916E+00  0.412E+00    1.60       1.0  T
   3   -269.7283659  0.307340E+00  0.222E+00    1.69       1.0  T
   4   -270.1936064 -0.465240E+00  0.969E-01    1.93       1.0  T
   5   -270.2716458 -0.780394E-01  0.450E-01    1.91       1.0  T
   6   -270.2957493 -0.241035E-01  0.198E-01    1.93       1.0  T
   7   -270.2983597 -0.261036E-02  0.916E-02    1.94       1.0  T
   8   -270.2984423 -0.825989E-04  0.385E-02    1.94       1.0  T
   9   -270.2985538 -0.111566E-03  0.143E-02    1.94       1.0  T
  10   -270.2985628 -0.897924E-05  0.716E-03    1.94       1.1  T
  11   -270.2985636 -0.833654E-06  0.493E-03    1.94       1.6  T
  12   -270.2985650 -0.141004E-05  0.268E-03    1.94       2.9  T
  13   -270.2985656 -0.543201E-06  0.124E-03    1.94       6.4  T
  14   -270.2985656 -0.326426E-07  0.699E-04    1.94      11.2  T
  15   -270.2985656 -0.203927E-07  0.354E-04    1.94      22.2  T

   *** convergence criteria satisfied after 15 iterations ***

         #    Occupation            Energy/Eh            Energy/eV
      -------------------------------------------------------------
         1        2.0000           -0.7321270             -19.9222
       ...           ...                  ...                  ...
       242        2.0000           -0.4194152             -11.4129
       243        2.0000           -0.4179692             -11.3735
       244        2.0000           -0.4142482             -11.2723
       245        2.0000           -0.3959981             -10.7757
       246        2.0000           -0.3955395             -10.7632
       247        2.0000           -0.3943683             -10.7313
       248        2.0000           -0.3940786             -10.7234 (HOMO)
       249                         -0.3227737              -8.7831 (LUMO)
       250                         -0.3227060              -8.7813
       251                         -0.3218031              -8.7567
       252                         -0.3195919              -8.6965
       253                         -0.3122604              -8.4970
       ...                                ...                  ...
       490                          1.4044869              38.2180
      -------------------------------------------------------------
                  HL-Gap            0.0713049 Eh            1.9403 eV
             Fermi-level           -0.3584262 Eh           -9.7533 eV

 SCC (total)                   0 d,  0 h,  0 min,  1.177 sec
 SCC setup                      ...        0 min,  0.069 sec (  5.876%)
 Dispersion                     ...        0 min,  0.020 sec (  1.739%)
 integral evaluation            ...        0 min,  0.194 sec ( 16.492%)
 zeroth order Hamiltonian       ...        0 min,  0.003 sec (  0.292%)
 iterations                     ...        0 min,  0.709 sec ( 60.258%)
 molecular gradient             ...        0 min,  0.175 sec ( 14.840%)
 printout                       ...        0 min,  0.006 sec (  0.496%)

         :::::::::::::::::::::::::::::::::::::::::::::::::::::
         ::                     SUMMARY                     ::
         :::::::::::::::::::::::::::::::::::::::::::::::::::::
         :: total energy            -265.169334919953 Eh    ::
         :: total w/o Gsasa/hb      -265.044280529573 Eh    ::
         :: gradient norm              0.000679190919 Eh/a0 ::
         :: HOMO-LUMO gap              1.940303989845 eV    ::
         ::.................................................::
         :: SCC energy              -270.409951367073 Eh    ::
         :: -> isotropic ES            0.592296802129 Eh    ::
         :: -> anisotropic ES         -0.081680245367 Eh    ::
         :: -> anisotropic XC          0.193824164874 Eh    ::
         :: -> dispersion             -0.234909652518 Eh    ::
         :: -> Gsolv                  -0.629332313810 Eh    ::
         ::    -> Gborn               -0.504277923429 Eh    ::
         ::    -> Gsasa               -0.116547466394 Eh    ::
         ::    -> Ghb                 -0.013668662132 Eh    ::
         ::    -> Gshift               0.005161738145 Eh    ::
         :: repulsion energy           5.235182789455 Eh    ::
         :: add. restraining           0.000000000000 Eh    ::
         :::::::::::::::::::::::::::::::::::::::::::::::::::::

           ------------------------------------------------- 
          |                Numerical Hessian                |
           ------------------------------------------------- 
step length          :   0.00500
SCC accuracy         :   0.30000
Hessian scale factor :   1.00000
frozen atoms in %    :   0.00000    0
RMS gradient         :   0.00068
estimated CPU  time     92.80 min
estimated wall time     15.63 min

writing file <hessian>.

 projected vibrational frequencies (cm-1)
eigval :       -0.00    -0.00    -0.00    -0.00     0.00     0.00
eigval :        4.92     6.48     8.32    12.04    15.31    16.75
eigval :       17.59    18.50    19.24    19.78    20.40    24.04
eigval :       26.89    28.15    30.00    32.33    33.97    36.13
eigval :       42.18    43.00    45.57    48.66    49.84    53.78
eigval :       56.57    57.50    61.49    63.95    66.93    74.67
eigval :       80.35    81.97    85.38    87.05    88.80    91.22
eigval :       95.56   110.94   111.29   114.36   114.70   116.00
eigval :      117.28   121.29   129.20   132.87   134.46   138.87
eigval :      141.96   143.60   146.92   148.06   151.74   153.75
eigval :      157.07   161.81   164.12   166.33   166.57   169.36
eigval :      173.89   182.09   183.92   185.08   189.67   191.11
eigval :      197.15   206.47   207.04   218.91   231.79   241.42
eigval :      243.42   248.72   251.98   254.78   259.36   270.30
eigval :      280.39   281.14   296.23   301.44   304.65   305.36
eigval :      307.57   308.80   311.44   318.53   321.21   330.22
eigval :      331.22   333.28   346.85   350.30   352.94   359.82
eigval :      362.21   362.75   364.26   365.76   378.59   388.76
eigval :      394.16   394.85   395.51   395.80   397.10   401.09
eigval :      431.42   432.05   432.41   434.01   437.25   438.47
eigval :      439.01   439.35   439.71   447.43   449.64   452.23
eigval :      453.45   454.21   455.15   457.28   472.06   472.38
eigval :      474.12   475.27   477.61   477.70   477.98   478.93
eigval :      487.25   488.85   489.46   489.96   502.29   506.93
eigval :      507.50   507.99   513.90   515.31   516.75   517.79
eigval :      518.59   520.98   521.16   523.47   533.14   535.88
eigval :      537.14   538.04   563.83   566.53   567.61   569.72
eigval :      611.17   611.54   611.76   612.17   617.11   618.80
eigval :      621.22   622.48   622.93   623.14   626.06   626.73
eigval :      629.43   630.61   631.90   632.80   663.32   667.66
eigval :      671.23   673.37   675.98   676.18   676.39   677.27
eigval :      712.03   712.62   713.73   714.25   724.66   724.99
eigval :      725.59   725.71   769.75   770.49   776.25   776.29
eigval :      777.38   777.91   780.18   780.72   795.46   798.12
eigval :      799.32   799.98   803.18   804.38   805.82   807.15
eigval :      809.95   812.59   813.89   814.56   820.93   828.71
eigval :      830.18   836.13   837.91   849.95   850.62   856.63
eigval :      857.56   858.12   859.66   860.59   861.51   863.52
eigval :      865.25   867.14   869.41   872.98   875.04   876.11
eigval :      888.98   889.74   892.60   892.62   893.37   893.60
eigval :      893.88   895.57   895.70   896.72   898.62   899.46
eigval :      900.53   902.38   902.93   903.96   906.01   909.90
eigval :      910.51   911.10   922.37   923.56   924.07   924.52
eigval :      929.82   930.10   930.51   930.54   934.44   934.46
eigval :      934.80   935.16   994.13   995.85   997.35   999.03
eigval :     1006.84  1007.49  1008.09  1010.05  1047.37  1047.73
eigval :     1048.62  1049.39  1068.20  1069.05  1078.01  1078.78
eigval :     1085.96  1086.41  1087.82  1090.21  1107.84  1109.78
eigval :     1110.27  1111.36  1116.24  1116.27  1118.87  1121.10
eigval :     1125.92  1127.20  1127.79  1127.95  1155.26  1155.65
eigval :     1157.47  1157.68  1158.93  1159.19  1160.94  1167.49
eigval :     1168.17  1168.58  1171.67  1171.99  1172.31  1172.53
eigval :     1173.14  1174.51  1185.32  1186.00  1186.18  1189.14
eigval :     1197.83  1198.99  1199.81  1201.54  1214.04  1214.67
eigval :     1214.82  1218.58  1220.42  1220.60  1223.55  1224.60
eigval :     1228.83  1230.91  1232.39  1242.21  1252.71  1253.37
eigval :     1253.68  1254.96  1288.18  1289.30  1291.52  1291.80
eigval :     1293.41  1293.77  1296.12  1298.06  1304.33  1305.93
eigval :     1307.07  1307.21  1308.59  1308.64  1309.31  1311.22
eigval :     1329.87  1330.55  1331.40  1332.22  1358.90  1360.42
eigval :     1362.07  1364.36  1368.68  1370.12  1371.97  1373.55
eigval :     1373.96  1374.75  1377.43  1378.48  1393.38  1394.61
eigval :     1394.68  1395.22  1398.54  1400.08  1400.15  1401.16
eigval :     1420.20  1422.12  1422.84  1424.06  1442.19  1443.72
eigval :     1444.42  1445.45  1467.16  1467.93  1468.12  1470.55
eigval :     1487.44  1487.88  1488.44  1489.15  1523.64  1524.80
eigval :     1525.71  1526.21  1527.26  1527.61  1528.74  1528.81
eigval :     1529.38  1529.61  1529.75  1530.05  1544.34  1545.01
eigval :     1546.18  1546.36  1558.22  1558.81  1559.81  1559.93
eigval :     1568.51  1569.79  1570.08  1571.09  1577.49  1577.56
eigval :     1577.75  1578.19  2291.60  2294.35  2294.87  2295.20
eigval :     2302.12  2303.39  2304.83  2306.10  2934.84  2939.68
eigval :     2941.35  2944.10  2957.10  2964.06  2980.96  2988.04
eigval :     2995.13  2998.49  3010.46  3012.00  3021.12  3025.03
eigval :     3030.43  3031.87  3089.08  3089.23  3090.22  3091.06
eigval :     3093.63  3094.11  3094.61  3094.63  3097.76  3099.02
eigval :     3100.41  3100.63  3101.60  3102.31  3103.06  3103.40
eigval :     3103.68  3104.03  3106.43  3107.08  3107.46  3107.66
eigval :     3107.67  3108.21  3108.99  3109.54  3109.76  3109.81
eigval :     3110.54  3110.91  3111.76  3111.98  3112.49  3112.96
eigval :     3118.42  3118.68  3118.96  3118.97  3119.09  3122.08
           -------------------------------------------------
          |                Property Printout                |
           -------------------------------------------------

    * Orbital Energies and Occupations

         #    Occupation            Energy/Eh            Energy/eV
      -------------------------------------------------------------
         1        2.0000           -0.7321275             -19.9222
       ...           ...                  ...                  ...
       236        2.0000           -0.4238833             -11.5345
       237        2.0000           -0.4236792             -11.5289
       238        2.0000           -0.4229928             -11.5102
       239        2.0000           -0.4227264             -11.5030
       240        2.0000           -0.4209669             -11.4551
       241        2.0000           -0.4203961             -11.4396
       242        2.0000           -0.4194165             -11.4129
       243        2.0000           -0.4179711             -11.3736
       244        2.0000           -0.4142504             -11.2723
       245        2.0000           -0.3959998             -10.7757
       246        2.0000           -0.3955410             -10.7632
       247        2.0000           -0.3943708             -10.7314
       248        2.0000           -0.3940805             -10.7235 (HOMO)
       249                         -0.3227756              -8.7832 (LUMO)
       250                         -0.3227082              -8.7813
       251                         -0.3218056              -8.7568
       252                         -0.3195940              -8.6966
       253                         -0.3122616              -8.4971
       254                         -0.3097150              -8.4278
       255                         -0.3071468              -8.3579
       256                         -0.3054365              -8.3114
       257                         -0.3008171              -8.1857
       258                         -0.3004899              -8.1767
       259                         -0.2975439              -8.0966
       ...                                ...                  ...
       490                          1.4044849              38.2180
      -------------------------------------------------------------
                  HL-Gap            0.0713049 Eh            1.9403 eV
             Fermi-level           -0.3584281 Eh           -9.7533 eV

     #   Z        covCN         q      C6AA      α(0)
     1  46 Pd     3.534    -0.098   274.992    34.199
     2  46 Pd     3.545    -0.093   274.799    34.186
     3   6 C      1.982    -0.020    31.598     9.078
     4   6 C      1.981    -0.036    32.007     9.136
     5   6 C      2.965     0.043    27.031     8.528
     6   6 C      2.925    -0.022    28.554     8.763
     7   6 C      2.914    -0.016    28.417     8.741
     8   6 C      2.914    -0.031    28.776     8.797
     9   6 C      2.989     0.028    27.378     8.583
    10   6 C      2.912    -0.032    28.806     8.801
    11   6 C      2.910     0.045    26.996     8.520
    12   7 N      2.670    -0.082    22.850     7.099
    13   6 C      2.897     0.059    26.679     8.469
    14   6 C      2.986    -0.004    28.116     8.698
    15   1 H      0.926     0.066     2.135     2.285
    16   1 H      0.926     0.058     2.217     2.328
    17   1 H      0.926     0.064     2.157     2.296
    18   1 H      0.926     0.090     1.877     2.142
    19   1 H      0.925     0.130     1.537     1.939
    20   1 H      0.925     0.116     1.649     2.008
    21   6 C      2.971     0.039    27.125     8.543
    22   6 C      2.925    -0.033    28.832     8.806
    23   6 C      2.925    -0.033    28.817     8.803
    24   6 C      2.971     0.037    27.158     8.548
    25   6 C      2.924    -0.024    28.610     8.772
    26   6 C      2.925    -0.025    28.619     8.773
    27   1 H      0.926     0.064     2.158     2.297
    28   1 H      0.926     0.072     2.060     2.245
    29   1 H      0.926     0.048     2.344     2.394
    30   1 H      0.926     0.044     2.402     2.424
    31   6 C      1.983    -0.008    31.260     9.029
    32   6 C      1.980    -0.033    31.944     9.127
    33   6 C      2.965     0.048    26.917     8.510
    34   6 C      2.930    -0.006    28.179     8.706
    35   6 C      2.912    -0.028    28.702     8.785
    36   6 C      2.900     0.053    26.809     8.490
    37   7 N      2.668    -0.082    22.845     7.099
    38   6 C      2.920     0.047    26.940     8.511
    39   1 H      0.926     0.089     1.885     2.147
    40   1 H      0.926     0.094     1.845     2.124
    41   1 H      0.925     0.117     1.635     2.000
    42   1 H      0.924     0.142     1.447     1.881
    43   6 C      1.982    -0.018    31.530     9.068
    44   6 C      1.983    -0.035    31.988     9.134
    45   6 C      2.965     0.044    27.004     8.524
    46   6 C      2.929    -0.022    28.565     8.765
    47   6 C      2.914    -0.016    28.409     8.740
    48   6 C      2.915    -0.031    28.777     8.797
    49   6 C      2.990     0.026    27.406     8.588
    50   6 C      2.912    -0.033    28.823     8.803
    51   6 C      2.937     0.046    26.970     8.517
    52   7 N      2.662    -0.100    23.197     7.153
    53   6 C      2.884     0.061    26.636     8.461
    54   6 C      2.984    -0.005    28.131     8.700
    55   1 H      0.926     0.066     2.129     2.282
    56   1 H      0.926     0.059     2.205     2.322
    57   1 H      0.926     0.065     2.144     2.290
    58   1 H      0.926     0.092     1.862     2.134
    59   1 H      0.924     0.122     1.597     1.976
    60   1 H      0.925     0.123     1.588     1.971
    61   6 C      2.971     0.039    27.118     8.542
    62   6 C      2.924    -0.033    28.824     8.804
    63   6 C      2.926    -0.030    28.755     8.794
    64   6 C      2.971     0.036    27.190     8.553
    65   6 C      2.924    -0.025    28.638     8.776
    66   6 C      2.925    -0.026    28.656     8.779
    67   1 H      0.926     0.068     2.105     2.269
    68   1 H      0.926     0.065     2.146     2.291
    69   1 H      0.926     0.050     2.325     2.384
    70   1 H      0.926     0.047     2.352     2.398
    71   6 C      1.983    -0.007    31.248     9.027
    72   6 C      1.981    -0.036    32.015     9.138
    73   6 C      2.965     0.048    26.922     8.511
    74   6 C      2.927    -0.006    28.165     8.703
    75   6 C      2.913    -0.028    28.706     8.786
    76   6 C      2.893     0.054    26.790     8.486
    77   7 N      2.665    -0.092    23.039     7.129
    78   6 C      2.953     0.048    26.931     8.512
    79   1 H      0.926     0.090     1.876     2.142
    80   1 H      0.926     0.094     1.843     2.123
    81   1 H      0.925     0.122     1.601     1.979
    82   1 H      0.924     0.126     1.568     1.958
    83   6 C      1.983    -0.019    31.559     9.072
    84   6 C      1.982    -0.035    32.002     9.136
    85   6 C      2.965     0.043    27.022     8.527
    86   6 C      2.928    -0.022    28.563     8.765
    87   6 C      2.914    -0.016    28.418     8.741
    88   6 C      2.915    -0.031    28.782     8.797
    89   6 C      2.990     0.027    27.396     8.586
    90   6 C      2.912    -0.033    28.831     8.805
    91   6 C      2.898     0.043    27.033     8.525
    92   7 N      2.662    -0.103    23.259     7.163
    93   6 C      2.898     0.062    26.602     8.457
    94   6 C      2.984    -0.005    28.136     8.701
    95   1 H      0.926     0.065     2.139     2.287
    96   1 H      0.926     0.059     2.216     2.328
    97   1 H      0.926     0.063     2.159     2.298
    98   1 H      0.926     0.089     1.886     2.147
    99   1 H      0.925     0.114     1.663     2.017
   100   1 H      0.925     0.126     1.565     1.956
   101   6 C      2.971     0.040    27.102     8.539
   102   6 C      2.926    -0.025    28.633     8.775
   103   6 C      2.923    -0.024    28.610     8.772
   104   6 C      2.971     0.037    27.171     8.550
   105   6 C      2.926    -0.034    28.835     8.806
   106   6 C      2.923    -0.035    28.863     8.810
   107   1 H      0.926     0.043     2.409     2.427
   108   1 H      0.926     0.046     2.367     2.406
   109   1 H      0.926     0.075     2.029     2.227
   110   1 H      0.926     0.075     2.029     2.227
   111   6 C      1.983    -0.007    31.253     9.028
   112   6 C      1.981    -0.036    32.014     9.137
   113   6 C      2.965     0.048    26.922     8.511
   114   6 C      2.928    -0.005    28.153     8.702
   115   6 C      2.912    -0.028    28.709     8.786
   116   6 C      2.902     0.057    26.731     8.477
   117   7 N      2.664    -0.113    23.468     7.195
   118   6 C      2.916     0.046    26.978     8.517
   119   1 H      0.926     0.090     1.878     2.143
   120   1 H      0.926     0.095     1.833     2.117
   121   1 H      0.925     0.126     1.568     1.958
   122   1 H      0.925     0.123     1.588     1.971
   123   6 C      1.983    -0.019    31.550     9.071
   124   6 C      1.983    -0.035    32.000     9.135
   125   6 C      2.965     0.044    27.006     8.524
   126   6 C      2.930    -0.022    28.564     8.765
   127   6 C      2.914    -0.016    28.414     8.741
   128   6 C      2.915    -0.031    28.782     8.797
   129   6 C      2.991     0.026    27.408     8.588
   130   6 C      2.912    -0.033    28.831     8.805
   131   6 C      2.939     0.046    26.973     8.518
   132   7 N      2.661    -0.099    23.185     7.151
   133   6 C      2.883     0.061    26.624     8.459
   134   6 C      2.983    -0.004    28.119     8.698
   135   1 H      0.926     0.065     2.144     2.290
   136   1 H      0.926     0.059     2.210     2.325
   137   1 H      0.926     0.065     2.145     2.291
   138   1 H      0.926     0.092     1.863     2.134
   139   1 H      0.924     0.122     1.598     1.977
   140   1 H      0.925     0.122     1.598     1.977
   141   6 C      2.971     0.040    27.097     8.539
   142   6 C      2.923    -0.034    28.857     8.809
   143   6 C      2.928    -0.033    28.812     8.803
   144   6 C      2.971     0.037    27.169     8.550
   145   6 C      2.922    -0.024    28.612     8.772
   146   6 C      2.926    -0.025    28.636     8.776
   147   1 H      0.926     0.076     2.022     2.224
   148   1 H      0.926     0.073     2.056     2.242
   149   1 H      0.926     0.046     2.374     2.409
   150   1 H      0.926     0.043     2.411     2.428
   151   6 C      1.983    -0.008    31.279     9.032
   152   6 C      1.982    -0.037    32.032     9.140
   153   6 C      2.965     0.048    26.922     8.511
   154   6 C      2.927    -0.006    28.170     8.704
   155   6 C      2.913    -0.028    28.710     8.786
   156   6 C      2.893     0.053    26.809     8.489
   157   7 N      2.665    -0.089    22.980     7.120
   158   6 C      2.951     0.046    26.966     8.517
   159   1 H      0.926     0.089     1.891     2.151
   160   1 H      0.926     0.093     1.851     2.127
   161   1 H      0.925     0.121     1.604     1.980
   162   1 H      0.924     0.129     1.540     1.940

 Mol. C6AA /au·bohr⁶  :     437330.834130
 Mol. C8AA /au·bohr⁸  :   12386850.085413
 Mol. α(0) /au        :       1085.603230


Wiberg/Mayer (AO) data.
largest (>0.10) Wiberg bond orders for each atom
          total WBO             WBO to atom ...
     1  Pd  3.514        N   37 0.611    N   52 0.595    N  132 0.593    N   92 0.586
     2  Pd  3.529        N   12 0.611    N  157 0.594    N   77 0.591    N  117 0.579    C   78 0.104    C  158 0.103
     3  C   3.942        C    4 2.629    C   21 1.140
     4  C   3.943        C    3 2.629    C    5 1.146
     5  C   3.983        C    6 1.443    C   14 1.198    C    4 1.146
     6  C   3.965        C    5 1.443    C    7 1.351    H   15 0.967
     7  C   3.982        C    8 1.519    C    6 1.351    H   16 0.968
     8  C   3.946        C    7 1.519    C    9 1.293    H   17 0.966
     9  C   3.988        C    8 1.293    C   10 1.272    C   14 1.231
    10  C   3.978        C   11 1.554    C    9 1.272    H   18 0.960    C   13 0.104
    11  C   3.968        C   10 1.554    N   12 1.244    H   19 0.901
    12  N   3.543        C   13 1.432    C   11 1.244    Pd   2 0.611
    13  C   3.968        N   12 1.432    C   14 1.318    H   20 0.912    C   10 0.104
    14  C   3.979        C   13 1.318    C    9 1.231    C    5 1.198
    15  H   0.995        C    6 0.967
    16  H   0.995        C    7 0.968
    17  H   0.995        C    8 0.966
    18  H   0.991        C   10 0.960
    19  H   0.982        C   11 0.901
    20  H   0.985        C   13 0.912
    21  C   3.954        C   26 1.339    C   22 1.337    C    3 1.140
    22  C   3.972        C   23 1.486    C   21 1.337    H   27 0.966
    23  C   3.973        C   22 1.486    C   24 1.336    H   28 0.965
    24  C   3.953        C   25 1.340    C   23 1.336    C   31 1.140
    25  C   3.975        C   26 1.481    C   24 1.340    H   29 0.969
    26  C   3.973        C   25 1.481    C   21 1.339    H   30 0.969
    27  H   0.995        C   22 0.966
    28  H   0.994        C   23 0.965
    29  H   0.996        C   25 0.969
    30  H   0.997        C   26 0.969
    31  C   3.948        C   32 2.639    C   24 1.140
    32  C   3.943        C   31 2.639    C   33 1.139
    33  C   3.985        C   38 1.353    C   34 1.333    C   32 1.139
    34  C   3.963        C   35 1.460    C   33 1.333    H   39 0.963
    35  C   3.980        C   34 1.460    C   36 1.417    H   40 0.961
    36  C   3.930        C   35 1.417    N   37 1.349    H   41 0.916
    37  N   3.553        C   38 1.357    C   36 1.349    Pd   1 0.611
    38  C   3.948        N   37 1.357    C   33 1.353    H   42 0.899
    39  H   0.990        C   34 0.963
    40  H   0.989        C   35 0.961
    41  H   0.985        C   36 0.916
    42  H   0.979        C   38 0.899
    43  C   3.940        C   44 2.629    C   61 1.134
    44  C   3.941        C   43 2.629    C   45 1.141
    45  C   3.983        C   46 1.440    C   54 1.206    C   44 1.141
    46  C   3.970        C   45 1.440    C   47 1.354    H   55 0.967
    47  C   3.982        C   48 1.516    C   46 1.354    H   56 0.967
    48  C   3.949        C   47 1.516    C   49 1.297    H   57 0.965
    49  C   3.988        C   48 1.297    C   50 1.268    C   54 1.231
    50  C   3.979        C   51 1.562    C   49 1.268    H   58 0.959    C   53 0.102
    51  C   3.971        C   50 1.562    N   52 1.236    H   59 0.892
    52  N   3.530        C   53 1.440    C   51 1.236    Pd   1 0.595
    53  C   3.963        N   52 1.440    C   54 1.312    H   60 0.921    C   50 0.102
    54  C   3.980        C   53 1.312    C   49 1.231    C   45 1.206
    55  H   0.995        C   46 0.967
    56  H   0.995        C   47 0.967
    57  H   0.995        C   48 0.965
    58  H   0.991        C   50 0.959
    59  H   0.984        C   51 0.892
    60  H   0.984        C   53 0.921
    61  C   3.956        C   66 1.342    C   62 1.340    C   43 1.134
    62  C   3.974        C   63 1.482    C   61 1.340    H   67 0.966
    63  C   3.975        C   62 1.482    C   64 1.338    H   68 0.966
    64  C   3.956        C   65 1.342    C   63 1.338    C   71 1.137
    65  C   3.976        C   66 1.479    C   64 1.342    H   69 0.968
    66  C   3.976        C   65 1.479    C   61 1.342    H   70 0.969
    67  H   0.994        C   62 0.966
    68  H   0.995        C   63 0.966
    69  H   0.996        C   65 0.968
    70  H   0.996        C   66 0.969
    71  C   3.946        C   72 2.638    C   64 1.137
    72  C   3.943        C   71 2.638    C   73 1.137
    73  C   3.985        C   78 1.355    C   74 1.334    C   72 1.137
    74  C   3.964        C   75 1.463    C   73 1.334    H   79 0.963
    75  C   3.980        C   74 1.463    C   76 1.413    H   80 0.961
    76  C   3.929        C   75 1.413    N   77 1.354    H   81 0.923
    77  N   3.536        C   78 1.354    C   76 1.354    Pd   2 0.591
    78  C   3.956        C   73 1.355    N   77 1.354    H   82 0.895    Pd   2 0.104
    79  H   0.990        C   74 0.963
    80  H   0.990        C   75 0.961
    81  H   0.984        C   76 0.923
    82  H   0.983        C   78 0.895
    83  C   3.942        C   84 2.627    C  101 1.141
    84  C   3.942        C   83 2.627    C   85 1.148
    85  C   3.983        C   86 1.439    C   94 1.200    C   84 1.148
    86  C   3.972        C   85 1.439    C   87 1.353    H   95 0.967
    87  C   3.982        C   88 1.518    C   86 1.353    H   96 0.968
    88  C   3.945        C   87 1.518    C   89 1.293    H   97 0.966
    89  C   3.988        C   88 1.293    C   90 1.274    C   94 1.230
    90  C   3.978        C   91 1.553    C   89 1.274    H   98 0.960    C   93 0.105
    91  C   3.969        C   90 1.553    N   92 1.249    H   99 0.912
    92  N   3.523        C   93 1.430    C   91 1.249    Pd   1 0.586
    93  C   3.967        N   92 1.430    C   94 1.320    H  100 0.908    C   90 0.105
    94  C   3.979        C   93 1.320    C   89 1.230    C   85 1.200
    95  H   0.995        C   86 0.967
    96  H   0.995        C   87 0.968
    97  H   0.995        C   88 0.966
    98  H   0.991        C   90 0.960
    99  H   0.986        C   91 0.912
   100  H   0.983        C   93 0.908
   101  C   3.954        C  106 1.338    C  102 1.336    C   83 1.141
   102  C   3.980        C  103 1.483    C  101 1.336    H  107 0.969
   103  C   3.975        C  102 1.483    C  104 1.339    H  108 0.969
   104  C   3.952        C  103 1.339    C  105 1.334    C  111 1.142
   105  C   3.977        C  106 1.486    C  104 1.334    H  109 0.965
   106  C   3.970        C  105 1.486    C  101 1.338    H  110 0.965
   107  H   0.997        C  102 0.969
   108  H   0.997        C  103 0.969
   109  H   0.993        C  105 0.965
   110  H   0.993        C  106 0.965
   111  C   3.947        C  112 2.635    C  104 1.142
   112  C   3.942        C  111 2.635    C  113 1.141
   113  C   3.984        C  118 1.347    C  114 1.337    C  112 1.141
   114  C   3.962        C  115 1.457    C  113 1.337    H  119 0.963
   115  C   3.980        C  114 1.457    C  116 1.421    H  120 0.961
   116  C   3.927        C  115 1.421    N  117 1.342    H  121 0.911
   117  N   3.526        C  118 1.364    C  116 1.342    Pd   2 0.579
   118  C   3.955        N  117 1.364    C  113 1.347    H  122 0.910
   119  H   0.990        C  114 0.963
   120  H   0.989        C  115 0.961
   121  H   0.983        C  116 0.911
   122  H   0.984        C  118 0.910
   123  C   3.942        C  124 2.626    C  141 1.141
   124  C   3.942        C  123 2.626    C  125 1.148
   125  C   3.983        C  126 1.434    C  134 1.204    C  124 1.148
   126  C   3.972        C  125 1.434    C  127 1.357    H  135 0.967
   127  C   3.982        C  128 1.513    C  126 1.357    H  136 0.967
   128  C   3.945        C  127 1.513    C  129 1.297    H  137 0.965
   129  C   3.988        C  128 1.297    C  130 1.267    C  134 1.232
   130  C   3.978        C  131 1.563    C  129 1.267    H  138 0.959    C  133 0.101
   131  C   3.971        C  130 1.563    N  132 1.236    H  139 0.890
   132  N   3.528        C  133 1.441    C  131 1.236    Pd   1 0.593
   133  C   3.963        N  132 1.441    C  134 1.313    H  140 0.923    C  130 0.101
   134  C   3.978        C  133 1.313    C  129 1.232    C  125 1.204
   135  H   0.995        C  126 0.967
   136  H   0.995        C  127 0.967
   137  H   0.995        C  128 0.965
   138  H   0.991        C  130 0.959
   139  H   0.984        C  131 0.890
   140  H   0.984        C  133 0.923
   141  C   3.954        C  146 1.337    C  142 1.337    C  123 1.141
   142  C   3.970        C  143 1.487    C  141 1.337    H  147 0.965
   143  C   3.977        C  142 1.487    C  144 1.332    H  148 0.966
   144  C   3.952        C  145 1.341    C  143 1.332    C  151 1.142
   145  C   3.975        C  146 1.482    C  144 1.341    H  149 0.969
   146  C   3.980        C  145 1.482    C  141 1.337    H  150 0.969
   147  H   0.993        C  142 0.965
   148  H   0.994        C  143 0.966
   149  H   0.997        C  145 0.969
   150  H   0.997        C  146 0.969
   151  C   3.947        C  152 2.636    C  144 1.142
   152  C   3.943        C  151 2.636    C  153 1.141
   153  C   3.984        C  158 1.351    C  154 1.333    C  152 1.141
   154  C   3.962        C  155 1.463    C  153 1.333    H  159 0.963
   155  C   3.980        C  154 1.463    C  156 1.413    H  160 0.961
   156  C   3.927        C  155 1.413    N  157 1.352    H  161 0.922
   157  N   3.540        C  158 1.356    C  156 1.352    Pd   2 0.594
   158  C   3.958        N  157 1.356    C  153 1.351    H  162 0.895    Pd   2 0.103
   159  H   0.990        C  154 0.963
   160  H   0.990        C  155 0.961
   161  H   0.985        C  156 0.922
   162  H   0.983        C  158 0.895

molecular dipole:
                 x           y           z       tot (Debye)
 q only:        6.925      -0.309       2.021
   full:        6.733      -0.300       1.883      17.788
molecular quadrupole (traceless):
                xx          xy          yy          xz          yz          zz
 q only:     -184.818    -248.231     467.167     -16.073      50.989    -282.349
  q+dip:     -192.584    -270.595     501.956     -18.483      54.140    -309.372
   full:     -182.147    -258.680     470.129     -17.291      49.728    -287.982

           -------------------------------------------------
          |               Frequency Printout                |
           -------------------------------------------------
 projected vibrational frequencies (cm-1)
eigval :       -0.00    -0.00    -0.00    -0.00     0.00     0.00
eigval :        4.92     6.48     8.32    12.04    15.31    16.75
eigval :       17.59    18.50    19.24    19.78    20.40    24.04
eigval :       26.89    28.15    30.00    32.33    33.97    36.13
eigval :       42.18    43.00    45.57    48.66    49.84    53.78
eigval :       56.57    57.50    61.49    63.95    66.93    74.67
eigval :       80.35    81.97    85.38    87.05    88.80    91.22
eigval :       95.56   110.94   111.29   114.36   114.70   116.00
eigval :      117.28   121.29   129.20   132.87   134.46   138.87
eigval :      141.96   143.60   146.92   148.06   151.74   153.75
eigval :      157.07   161.81   164.12   166.33   166.57   169.36
eigval :      173.89   182.09   183.92   185.08   189.67   191.11
eigval :      197.15   206.47   207.04   218.91   231.79   241.42
eigval :      243.42   248.72   251.98   254.78   259.36   270.30
eigval :      280.39   281.14   296.23   301.44   304.65   305.36
eigval :      307.57   308.80   311.44   318.53   321.21   330.22
eigval :      331.22   333.28   346.85   350.30   352.94   359.82
eigval :      362.21   362.75   364.26   365.76   378.59   388.76
eigval :      394.16   394.85   395.51   395.80   397.10   401.09
eigval :      431.42   432.05   432.41   434.01   437.25   438.47
eigval :      439.01   439.35   439.71   447.43   449.64   452.23
eigval :      453.45   454.21   455.15   457.28   472.06   472.38
eigval :      474.12   475.27   477.61   477.70   477.98   478.93
eigval :      487.25   488.85   489.46   489.96   502.29   506.93
eigval :      507.50   507.99   513.90   515.31   516.75   517.79
eigval :      518.59   520.98   521.16   523.47   533.14   535.88
eigval :      537.14   538.04   563.83   566.53   567.61   569.72
eigval :      611.17   611.54   611.76   612.17   617.11   618.80
eigval :      621.22   622.48   622.93   623.14   626.06   626.73
eigval :      629.43   630.61   631.90   632.80   663.32   667.66
eigval :      671.23   673.37   675.98   676.18   676.39   677.27
eigval :      712.03   712.62   713.73   714.25   724.66   724.99
eigval :      725.59   725.71   769.75   770.49   776.25   776.29
eigval :      777.38   777.91   780.18   780.72   795.46   798.12
eigval :      799.32   799.98   803.18   804.38   805.82   807.15
eigval :      809.95   812.59   813.89   814.56   820.93   828.71
eigval :      830.18   836.13   837.91   849.95   850.62   856.63
eigval :      857.56   858.12   859.66   860.59   861.51   863.52
eigval :      865.25   867.14   869.41   872.98   875.04   876.11
eigval :      888.98   889.74   892.60   892.62   893.37   893.60
eigval :      893.88   895.57   895.70   896.72   898.62   899.46
eigval :      900.53   902.38   902.93   903.96   906.01   909.90
eigval :      910.51   911.10   922.37   923.56   924.07   924.52
eigval :      929.82   930.10   930.51   930.54   934.44   934.46
eigval :      934.80   935.16   994.13   995.85   997.35   999.03
eigval :     1006.84  1007.49  1008.09  1010.05  1047.37  1047.73
eigval :     1048.62  1049.39  1068.20  1069.05  1078.01  1078.78
eigval :     1085.96  1086.41  1087.82  1090.21  1107.84  1109.78
eigval :     1110.27  1111.36  1116.24  1116.27  1118.87  1121.10
eigval :     1125.92  1127.20  1127.79  1127.95  1155.26  1155.65
eigval :     1157.47  1157.68  1158.93  1159.19  1160.94  1167.49
eigval :     1168.17  1168.58  1171.67  1171.99  1172.31  1172.53
eigval :     1173.14  1174.51  1185.32  1186.00  1186.18  1189.14
eigval :     1197.83  1198.99  1199.81  1201.54  1214.04  1214.67
eigval :     1214.82  1218.58  1220.42  1220.60  1223.55  1224.60
eigval :     1228.83  1230.91  1232.39  1242.21  1252.71  1253.37
eigval :     1253.68  1254.96  1288.18  1289.30  1291.52  1291.80
eigval :     1293.41  1293.77  1296.12  1298.06  1304.33  1305.93
eigval :     1307.07  1307.21  1308.59  1308.64  1309.31  1311.22
eigval :     1329.87  1330.55  1331.40  1332.22  1358.90  1360.42
eigval :     1362.07  1364.36  1368.68  1370.12  1371.97  1373.55
eigval :     1373.96  1374.75  1377.43  1378.48  1393.38  1394.61
eigval :     1394.68  1395.22  1398.54  1400.08  1400.15  1401.16
eigval :     1420.20  1422.12  1422.84  1424.06  1442.19  1443.72
eigval :     1444.42  1445.45  1467.16  1467.93  1468.12  1470.55
eigval :     1487.44  1487.88  1488.44  1489.15  1523.64  1524.80
eigval :     1525.71  1526.21  1527.26  1527.61  1528.74  1528.81
eigval :     1529.38  1529.61  1529.75  1530.05  1544.34  1545.01
eigval :     1546.18  1546.36  1558.22  1558.81  1559.81  1559.93
eigval :     1568.51  1569.79  1570.08  1571.09  1577.49  1577.56
eigval :     1577.75  1578.19  2291.60  2294.35  2294.87  2295.20
eigval :     2302.12  2303.39  2304.83  2306.10  2934.84  2939.68
eigval :     2941.35  2944.10  2957.10  2964.06  2980.96  2988.04
eigval :     2995.13  2998.49  3010.46  3012.00  3021.12  3025.03
eigval :     3030.43  3031.87  3089.08  3089.23  3090.22  3091.06
eigval :     3093.63  3094.11  3094.61  3094.63  3097.76  3099.02
eigval :     3100.41  3100.63  3101.60  3102.31  3103.06  3103.40
eigval :     3103.68  3104.03  3106.43  3107.08  3107.46  3107.66
eigval :     3107.67  3108.21  3108.99  3109.54  3109.76  3109.81
eigval :     3110.54  3110.91  3111.76  3111.98  3112.49  3112.96
eigval :     3118.42  3118.68  3118.96  3118.97  3119.09  3122.08
 reduced masses (amu)
   1: 26.07   2: 22.99   3: 18.80   4: 24.43   5: 24.97   6: 21.60   7: 11.43   8: 13.40
   9: 14.51  10: 16.23  11: 11.66  12: 12.52  13: 14.92  14: 11.80  15: 11.34  16: 17.43
  17: 17.49  18: 17.21  19: 11.87  20: 11.88  21: 13.17  22: 11.75  23: 12.91  24: 17.10
  25: 11.88  26: 13.89  27: 18.35  28: 15.26  29: 21.95  30: 12.16  31: 11.66  32: 13.24
  33: 11.20  34: 11.00  35: 12.06  36: 29.74  37: 12.16  38: 19.97  39: 14.00  40: 14.18
  41: 11.94  42: 12.79  43: 11.30  44: 12.27  45: 19.71  46: 11.61  47: 11.29  48: 11.87
  49: 11.71  50: 13.38  51: 12.04  52: 11.38  53: 13.25  54: 12.25  55: 11.14  56: 11.41
  57: 11.89  58: 13.39  59: 12.41  60: 14.68  61: 11.00  62: 13.38  63: 12.20  64: 12.71
  65: 13.22  66: 10.39  67: 11.69  68: 11.59  69: 13.90  70: 13.29  71: 19.26  72: 12.12
  73: 13.14  74: 24.16  75: 18.42  76: 15.48  77: 48.44  78: 41.76  79: 24.33  80: 21.48
  81: 29.78  82: 22.06  83: 63.46  84: 33.52  85: 42.16  86: 38.12  87: 11.01  88: 11.78
  89: 12.14  90: 13.57  91: 16.44  92: 15.15  93: 13.60  94: 17.12  95: 12.36  96: 11.65
  97: 11.79  98: 11.37  99: 12.47 100: 11.45 101: 12.66 102: 13.07 103:  8.95 104:  9.05
 105:  8.95 106:  8.97 107: 11.36 108: 11.27 109: 10.05 110:  9.54 111:  9.61 112:  9.79
 113: 10.85 114: 13.18 115: 11.89 116: 11.89 117: 11.88 118: 11.86 119: 11.47 120: 11.15
 121: 11.46 122: 11.49 123: 11.01 124: 11.30 125: 10.80 126: 11.62 127: 11.52 128: 11.59
 129: 11.53 130: 11.80 131: 11.14 132: 11.19 133: 11.30 134: 11.27 135: 11.09 136: 11.08
 137: 11.09 138: 11.14 139: 11.87 140: 11.86 141: 12.36 142: 12.26 143: 10.75 144: 10.12
 145: 10.28 146: 10.23 147: 10.69 148: 11.24 149: 11.00 150: 11.53 151: 11.46 152: 10.71
 153: 10.83 154: 11.58 155: 10.12 156: 10.25 157: 10.34 158: 10.32 159: 11.98 160: 12.17
 161: 12.20 162: 12.79 163: 11.42 164: 11.42 165: 11.42 166: 11.42 167: 11.79 168: 11.39
 169: 12.03 170: 11.87 171: 11.65 172: 11.94 173: 11.66 174: 11.87 175: 11.52 176: 11.73
 177: 11.95 178: 11.99 179:  9.24 180:  9.52 181:  9.81 182: 10.37 183: 11.03 184: 11.05
 185: 11.08 186: 10.88 187: 11.38 188: 11.43 189: 11.45 190: 11.48 191: 10.50 192: 10.54
 193: 10.62 194: 10.67 195:  4.97 196:  4.33 197:  4.46 198:  4.75 199:  4.05 200:  3.87
 201:  4.10 202:  3.91 203: 11.40 204: 11.41 205: 11.51 206: 11.46 207: 11.19 208: 11.21
 209: 11.21 210: 11.29 211:  4.95 212:  4.93 213:  4.89 214:  4.88 215:  4.11 216:  4.04
 217:  4.12 218:  4.01 219:  4.05 220:  4.12 221:  3.91 222:  3.61 223:  3.97 224:  4.13
 225:  3.37 226:  3.33 227:  3.35 228:  4.77 229:  3.88 230:  4.42 231: 10.67 232: 10.81
 233: 10.67 234: 11.08 235:  3.88 236:  3.83 237:  4.09 238:  3.90 239:  9.49 240:  3.81
 241:  5.64 242:  3.97 243:  3.85 244: 10.91 245: 10.83 246: 10.52 247:  3.95 248:  3.89
 249:  4.59 250:  3.28 251:  3.73 252:  3.12 253:  3.09 254:  3.03 255:  3.91 256:  3.73
 257:  3.79 258:  3.81 259:  3.81 260:  3.81 261:  3.80 262:  3.80 263:  3.70 264:  3.70
 265:  3.69 266:  3.70 267: 10.71 268: 10.67 269: 10.70 270: 10.47 271:  9.44 272:  9.49
 273:  9.53 274:  9.83 275:  9.55 276:  9.47 277:  9.54 278:  9.47 279:  7.44 280:  7.31
 281:  7.05 282:  7.15 283:  6.40 284:  6.42 285:  6.58 286:  6.64 287:  6.18 288:  6.15
 289:  6.13 290:  6.11 291:  3.82 292:  3.83 293:  3.79 294:  3.66 295:  3.13 296:  3.15
 297:  3.16 298:  3.16 299:  3.88 300:  4.61 301:  3.93 302:  4.71 303:  6.33 304:  6.97
 305:  7.21 306:  3.65 307:  2.49 308:  2.77 309:  3.99 310:  3.48 311:  3.78 312:  3.54
 313:  2.79 314:  2.56 315:  3.13 316:  3.27 317:  3.23 318:  3.30 319:  5.07 320:  5.03
 321:  5.18 322:  5.25 323:  5.59 324:  5.74 325:  5.73 326:  5.17 327:  6.19 328:  6.02
 329:  6.41 330:  5.13 331:  3.17 332:  3.51 333:  3.24 334:  2.96 335:  3.20 336:  3.19
 337:  3.18 338:  3.17 339:  7.74 340:  7.71 341:  7.93 342:  9.86 343:  9.60 344: 12.01
 345: 12.05 346: 11.49 347: 11.28 348: 10.58 349: 11.18 350: 11.20 351:  9.86 352: 10.02
 353:  9.80 354:  9.56 355:  9.65 356:  9.60 357:  9.58 358:  9.57 359: 10.56 360: 10.57
 361: 10.51 362: 10.52 363: 10.06 364:  9.83 365:  9.60 366:  9.66 367:  9.98 368: 10.06
 369: 10.25 370: 10.29 371: 10.26 372: 10.30 373: 10.33 374: 10.31 375: 10.85 376: 10.88
 377: 10.99 378: 10.85 379: 10.14 380: 10.19 381: 10.11 382: 10.11 383: 11.00 384: 11.03
 385: 11.04 386: 11.02 387: 11.02 388: 11.01 389: 11.07 390: 11.03 391: 10.67 392: 10.74
 393: 10.74 394: 10.69 395: 11.56 396: 11.60 397: 11.58 398: 11.62 399: 11.70 400: 11.72
 401: 11.65 402: 11.64 403: 11.77 404: 11.66 405: 11.64 406: 11.71 407: 11.68 408: 11.70
 409: 11.71 410: 11.68 411: 11.48 412: 11.50 413: 11.55 414: 11.52 415: 11.48 416: 11.51
 417: 11.52 418: 11.55 419: 11.50 420: 11.50 421: 11.50 422: 11.49 423: 12.01 424: 12.01
 425: 12.01 426: 12.01 427: 12.01 428: 12.01 429: 12.01 430: 12.01 431:  1.85 432:  1.85
 433:  1.85 434:  1.85 435:  1.86 436:  1.86 437:  1.84 438:  1.83 439:  1.84 440:  1.85
 441:  1.84 442:  1.84 443:  1.84 444:  1.84 445:  1.85 446:  1.85 447:  1.78 448:  1.78
 449:  1.79 450:  1.79 451:  1.78 452:  1.78 453:  1.78 454:  1.78 455:  1.78 456:  1.79
 457:  1.88 458:  1.88 459:  1.88 460:  1.89 461:  1.84 462:  1.84 463:  1.84 464:  1.84
 465:  1.79 466:  1.82 467:  1.82 468:  1.82 469:  1.82 470:  1.88 471:  1.90 472:  1.90
 473:  1.90 474:  1.90 475:  1.83 476:  1.85 477:  1.86 478:  1.86 479:  1.85 480:  1.86
 481:  1.88 482:  1.90 483:  1.90 484:  1.89 485:  1.90 486:  1.88
 IR intensities (amu)
   1:  0.58   2:  0.61   3:  0.31   4:  0.51   5:  0.46   6:  0.39   7:  0.07   8:  0.30
   9:  0.37  10:  0.44  11:  0.10  12:  0.09  13:  0.07  14:  0.13  15:  0.08  16:  0.09
  17:  0.02  18:  0.16  19:  0.13  20:  0.03  21:  0.19  22:  0.02  23:  0.23  24:  0.22
  25:  0.12  26:  0.13  27:  0.38  28:  0.21  29:  0.10  30:  0.07  31:  0.08  32:  0.18
  33:  0.10  34:  0.01  35:  0.03  36:  0.05  37:  0.12  38:  0.06  39:  0.05  40:  0.04
  41:  0.06  42:  0.04  43:  0.03  44:  0.05  45:  0.05  46:  0.09  47:  0.05  48:  0.14
  49:  0.16  50:  0.09  51:  0.02  52:  0.03  53:  0.07  54:  0.03  55:  0.08  56:  0.03
  57:  0.03  58:  0.17  59:  0.18  60:  0.15  61:  0.14  62:  0.12  63:  0.32  64:  0.27
  65:  0.38  66:  0.06  67:  0.19  68:  0.24  69:  0.09  70:  0.36  71:  0.59  72:  0.10
  73:  0.21  74:  0.79  75:  0.61  76:  0.42  77:  0.36  78:  0.32  79:  0.28  80:  0.40
  81:  0.56  82:  0.45  83:  1.32  84:  0.94  85:  0.44  86:  0.44  87:  0.03  88:  0.18
  89:  0.10  90:  0.31  91:  0.33  92:  0.36  93:  0.17  94:  0.39  95:  0.19  96:  0.17
  97:  0.17  98:  0.07  99:  0.15 100:  0.10 101:  0.02 102:  0.07 103:  0.11 104:  0.17
 105:  0.12 106:  0.05 107:  0.26 108:  0.07 109:  0.08 110:  0.08 111:  0.10 112:  0.06
 113:  0.07 114:  0.25 115:  0.12 116:  0.13 117:  0.12 118:  0.10 119:  0.10 120:  0.05
 121:  0.04 122:  0.04 123:  0.06 124:  0.12 125:  0.07 126:  0.16 127:  0.10 128:  0.12
 129:  0.05 130:  0.22 131:  0.04 132:  0.07 133:  0.10 134:  0.15 135:  0.06 136:  0.04
 137:  0.07 138:  0.08 139:  0.08 140:  0.10 141:  0.21 142:  0.24 143:  0.12 144:  0.04
 145:  0.11 146:  0.23 147:  0.15 148:  0.17 149:  0.15 150:  0.32 151:  0.11 152:  0.05
 153:  0.02 154:  0.22 155:  0.02 156:  0.09 157:  0.21 158:  0.10 159:  0.44 160:  0.47
 161:  0.13 162:  0.60 163:  0.03 164:  0.04 165:  0.02 166:  0.05 167:  0.19 168:  0.10
 169:  0.27 170:  0.57 171:  0.18 172:  0.35 173:  0.08 174:  0.15 175:  0.35 176:  0.18
 177:  0.61 178:  0.30 179:  0.20 180:  0.16 181:  0.23 182:  0.07 183:  0.07 184:  0.06
 185:  0.04 186:  0.03 187:  0.24 188:  0.33 189:  0.23 190:  0.35 191:  0.03 192:  0.09
 193:  0.14 194:  0.12 195:  0.17 196:  0.05 197:  0.20 198:  0.31 199:  0.08 200:  0.07
 201:  0.18 202:  0.02 203:  0.22 204:  0.10 205:  0.33 206:  0.42 207:  0.17 208:  0.38
 209:  0.32 210:  0.19 211:  0.29 212:  0.31 213:  0.18 214:  0.13 215:  0.30 216:  0.31
 217:  0.39 218:  0.14 219:  0.05 220:  0.04 221:  0.06 222:  0.02 223:  0.04 224:  0.02
 225:  0.02 226:  0.05 227:  0.02 228:  0.12 229:  0.01 230:  0.02 231:  0.21 232:  0.54
 233:  0.21 234:  0.05 235:  0.02 236:  0.05 237:  0.05 238:  0.04 239:  0.10 240:  0.02
 241:  0.09 242:  0.06 243:  0.02 244:  0.08 245:  0.26 246:  0.26 247:  0.05 248:  0.08
 249:  0.13 250:  0.02 251:  0.03 252:  0.03 253:  0.03 254:  0.04 255:  0.13 256:  0.02
 257:  0.04 258:  0.06 259:  0.02 260:  0.02 261:  0.03 262:  0.03 263:  0.03 264:  0.02
 265:  0.01 266:  0.02 267:  0.13 268:  0.21 269:  0.15 270:  0.34 271:  0.04 272:  0.07
 273:  0.07 274:  0.05 275:  0.34 276:  0.15 277:  0.44 278:  0.23 279:  0.60 280:  0.41
 281:  0.51 282:  0.41 283:  0.49 284:  0.33 285:  0.45 286:  0.58 287:  0.41 288:  0.33
 289:  0.44 290:  0.39 291:  0.36 292:  0.11 293:  0.35 294:  0.25 295:  0.03 296:  0.03
 297:  0.05 298:  0.10 299:  0.66 300:  0.55 301:  0.11 302:  0.50 303:  0.49 304:  0.83
 305:  1.59 306:  0.57 307:  0.14 308:  0.27 309:  0.22 310:  0.17 311:  0.13 312:  0.14
 313:  0.18 314:  0.38 315:  0.32 316:  0.47 317:  0.42 318:  0.48 319:  0.23 320:  0.28
 321:  0.19 322:  0.19 323:  0.23 324:  0.08 325:  0.04 326:  0.24 327:  0.08 328:  0.09
 329:  0.44 330:  0.37 331:  0.02 332:  0.07 333:  0.02 334:  0.07 335:  0.02 336:  0.13
 337:  0.02 338:  0.00 339:  0.09 340:  0.02 341:  0.12 342:  0.13 343:  0.20 344:  0.22
 345:  0.15 346:  0.18 347:  0.07 348:  0.25 349:  0.08 350:  0.12 351:  0.25 352:  0.20
 353:  0.18 354:  0.13 355:  0.52 356:  0.13 357:  0.12 358:  0.88 359:  0.42 360:  1.23
 361:  0.88 362:  2.16 363:  0.58 364:  0.27 365:  0.71 366:  0.27 367:  0.35 368:  0.40
 369:  0.46 370:  0.61 371:  0.18 372:  0.21 373:  0.11 374:  0.23 375:  0.89 376:  1.58
 377:  1.03 378:  0.94 379:  1.76 380:  0.31 381:  0.74 382:  1.63 383:  0.13 384:  0.14
 385:  0.26 386:  0.41 387:  0.48 388:  0.37 389:  0.26 390:  0.40 391:  0.12 392:  0.21
 393:  0.09 394:  0.07 395:  0.45 396:  0.35 397:  0.42 398:  0.60 399:  0.83 400:  0.71
 401:  0.72 402:  0.29 403:  0.97 404:  0.54 405:  0.16 406:  0.41 407:  1.12 408:  1.60
 409:  1.86 410:  2.38 411:  0.94 412:  0.92 413:  1.33 414:  0.34 415:  0.50 416:  0.67
 417:  0.32 418:  0.78 419:  0.07 420:  0.26 421:  0.31 422:  0.09 423:  0.71 424:  0.58
 425:  0.73 426:  0.46 427:  2.55 428:  2.37 429:  3.71 430:  3.65 431:  0.10 432:  0.09
 433:  0.05 434:  0.04 435:  0.02 436:  0.03 437:  0.13 438:  0.10 439:  0.03 440:  0.10
 441:  0.07 442:  0.07 443:  0.14 444:  0.11 445:  0.09 446:  0.10 447:  0.12 448:  0.13
 449:  0.12 450:  0.11 451:  0.14 452:  0.14 453:  0.12 454:  0.13 455:  0.13 456:  0.05
 457:  0.30 458:  0.33 459:  0.34 460:  0.31 461:  0.18 462:  0.18 463:  0.17 464:  0.17
 465:  0.07 466:  0.05 467:  0.05 468:  0.01 469:  0.08 470:  0.06 471:  0.32 472:  0.31
 473:  0.29 474:  0.36 475:  0.14 476:  0.14 477:  0.13 478:  0.12 479:  0.11 480:  0.12
 481:  0.12 482:  0.02 483:  0.03 484:  0.03 485:  0.03 486:  0.15
 Raman intensities (amu)
   1:  0.00   2:  0.00   3:  0.00   4:  0.00   5:  0.00   6:  0.00   7:  0.00   8:  0.00
   9:  0.00  10:  0.00  11:  0.00  12:  0.00  13:  0.00  14:  0.00  15:  0.00  16:  0.00
  17:  0.00  18:  0.00  19:  0.00  20:  0.00  21:  0.00  22:  0.00  23:  0.00  24:  0.00
  25:  0.00  26:  0.00  27:  0.00  28:  0.00  29:  0.00  30:  0.00  31:  0.00  32:  0.00
  33:  0.00  34:  0.00  35:  0.00  36:  0.00  37:  0.00  38:  0.00  39:  0.00  40:  0.00
  41:  0.00  42:  0.00  43:  0.00  44:  0.00  45:  0.00  46:  0.00  47:  0.00  48:  0.00
  49:  0.00  50:  0.00  51:  0.00  52:  0.00  53:  0.00  54:  0.00  55:  0.00  56:  0.00
  57:  0.00  58:  0.00  59:  0.00  60:  0.00  61:  0.00  62:  0.00  63:  0.00  64:  0.00
  65:  0.00  66:  0.00  67:  0.00  68:  0.00  69:  0.00  70:  0.00  71:  0.00  72:  0.00
  73:  0.00  74:  0.00  75:  0.00  76:  0.00  77:  0.00  78:  0.00  79:  0.00  80:  0.00
  81:  0.00  82:  0.00  83:  0.00  84:  0.00  85:  0.00  86:  0.00  87:  0.00  88:  0.00
  89:  0.00  90:  0.00  91:  0.00  92:  0.00  93:  0.00  94:  0.00  95:  0.00  96:  0.00
  97:  0.00  98:  0.00  99:  0.00 100:  0.00 101:  0.00 102:  0.00 103:  0.00 104:  0.00
 105:  0.00 106:  0.00 107:  0.00 108:  0.00 109:  0.00 110:  0.00 111:  0.00 112:  0.00
 113:  0.00 114:  0.00 115:  0.00 116:  0.00 117:  0.00 118:  0.00 119:  0.00 120:  0.00
 121:  0.00 122:  0.00 123:  0.00 124:  0.00 125:  0.00 126:  0.00 127:  0.00 128:  0.00
 129:  0.00 130:  0.00 131:  0.00 132:  0.00 133:  0.00 134:  0.00 135:  0.00 136:  0.00
 137:  0.00 138:  0.00 139:  0.00 140:  0.00 141:  0.00 142:  0.00 143:  0.00 144:  0.00
 145:  0.00 146:  0.00 147:  0.00 148:  0.00 149:  0.00 150:  0.00 151:  0.00 152:  0.00
 153:  0.00 154:  0.00 155:  0.00 156:  0.00 157:  0.00 158:  0.00 159:  0.00 160:  0.00
 161:  0.00 162:  0.00 163:  0.00 164:  0.00 165:  0.00 166:  0.00 167:  0.00 168:  0.00
 169:  0.00 170:  0.00 171:  0.00 172:  0.00 173:  0.00 174:  0.00 175:  0.00 176:  0.00
 177:  0.00 178:  0.00 179:  0.00 180:  0.00 181:  0.00 182:  0.00 183:  0.00 184:  0.00
 185:  0.00 186:  0.00 187:  0.00 188:  0.00 189:  0.00 190:  0.00 191:  0.00 192:  0.00
 193:  0.00 194:  0.00 195:  0.00 196:  0.00 197:  0.00 198:  0.00 199:  0.00 200:  0.00
 201:  0.00 202:  0.00 203:  0.00 204:  0.00 205:  0.00 206:  0.00 207:  0.00 208:  0.00
 209:  0.00 210:  0.00 211:  0.00 212:  0.00 213:  0.00 214:  0.00 215:  0.00 216:  0.00
 217:  0.00 218:  0.00 219:  0.00 220:  0.00 221:  0.00 222:  0.00 223:  0.00 224:  0.00
 225:  0.00 226:  0.00 227:  0.00 228:  0.00 229:  0.00 230:  0.00 231:  0.00 232:  0.00
 233:  0.00 234:  0.00 235:  0.00 236:  0.00 237:  0.00 238:  0.00 239:  0.00 240:  0.00
 241:  0.00 242:  0.00 243:  0.00 244:  0.00 245:  0.00 246:  0.00 247:  0.00 248:  0.00
 249:  0.00 250:  0.00 251:  0.00 252:  0.00 253:  0.00 254:  0.00 255:  0.00 256:  0.00
 257:  0.00 258:  0.00 259:  0.00 260:  0.00 261:  0.00 262:  0.00 263:  0.00 264:  0.00
 265:  0.00 266:  0.00 267:  0.00 268:  0.00 269:  0.00 270:  0.00 271:  0.00 272:  0.00
 273:  0.00 274:  0.00 275:  0.00 276:  0.00 277:  0.00 278:  0.00 279:  0.00 280:  0.00
 281:  0.00 282:  0.00 283:  0.00 284:  0.00 285:  0.00 286:  0.00 287:  0.00 288:  0.00
 289:  0.00 290:  0.00 291:  0.00 292:  0.00 293:  0.00 294:  0.00 295:  0.00 296:  0.00
 297:  0.00 298:  0.00 299:  0.00 300:  0.00 301:  0.00 302:  0.00 303:  0.00 304:  0.00
 305:  0.00 306:  0.00 307:  0.00 308:  0.00 309:  0.00 310:  0.00 311:  0.00 312:  0.00
 313:  0.00 314:  0.00 315:  0.00 316:  0.00 317:  0.00 318:  0.00 319:  0.00 320:  0.00
 321:  0.00 322:  0.00 323:  0.00 324:  0.00 325:  0.00 326:  0.00 327:  0.00 328:  0.00
 329:  0.00 330:  0.00 331:  0.00 332:  0.00 333:  0.00 334:  0.00 335:  0.00 336:  0.00
 337:  0.00 338:  0.00 339:  0.00 340:  0.00 341:  0.00 342:  0.00 343:  0.00 344:  0.00
 345:  0.00 346:  0.00 347:  0.00 348:  0.00 349:  0.00 350:  0.00 351:  0.00 352:  0.00
 353:  0.00 354:  0.00 355:  0.00 356:  0.00 357:  0.00 358:  0.00 359:  0.00 360:  0.00
 361:  0.00 362:  0.00 363:  0.00 364:  0.00 365:  0.00 366:  0.00 367:  0.00 368:  0.00
 369:  0.00 370:  0.00 371:  0.00 372:  0.00 373:  0.00 374:  0.00 375:  0.00 376:  0.00
 377:  0.00 378:  0.00 379:  0.00 380:  0.00 381:  0.00 382:  0.00 383:  0.00 384:  0.00
 385:  0.00 386:  0.00 387:  0.00 388:  0.00 389:  0.00 390:  0.00 391:  0.00 392:  0.00
 393:  0.00 394:  0.00 395:  0.00 396:  0.00 397:  0.00 398:  0.00 399:  0.00 400:  0.00
 401:  0.00 402:  0.00 403:  0.00 404:  0.00 405:  0.00 406:  0.00 407:  0.00 408:  0.00
 409:  0.00 410:  0.00 411:  0.00 412:  0.00 413:  0.00 414:  0.00 415:  0.00 416:  0.00
 417:  0.00 418:  0.00 419:  0.00 420:  0.00 421:  0.00 422:  0.00 423:  0.00 424:  0.00
 425:  0.00 426:  0.00 427:  0.00 428:  0.00 429:  0.00 430:  0.00 431:  0.00 432:  0.00
 433:  0.00 434:  0.00 435:  0.00 436:  0.00 437:  0.00 438:  0.00 439:  0.00 440:  0.00
 441:  0.00 442:  0.00 443:  0.00 444:  0.00 445:  0.00 446:  0.00 447:  0.00 448:  0.00
 449:  0.00 450:  0.00 451:  0.00 452:  0.00 453:  0.00 454:  0.00 455:  0.00 456:  0.00
 457:  0.00 458:  0.00 459:  0.00 460:  0.00 461:  0.00 462:  0.00 463:  0.00 464:  0.00
 465:  0.00 466:  0.00 467:  0.00 468:  0.00 469:  0.00 470:  0.00 471:  0.00 472:  0.00
 473:  0.00 474:  0.00 475:  0.00 476:  0.00 477:  0.00 478:  0.00 479:  0.00 480:  0.00
 481:  0.00 482:  0.00 483:  0.00 484:  0.00 485:  0.00 486:  0.00
 output can be read by thermo (or use thermo option).
 writing <g98.out> molden fake output.
 recommended (thermochemical) frequency scaling factor: 1.0
           -------------------------------------------------
          |             Thermodynamic Functions             |
           -------------------------------------------------

Refinement of some symmetry elements was terminated before convergence was reached.
Some symmetry elements may remain unidentified.
Molecule has no symmetry elements
It seems to be the C1 point group
c1  symmetry found (for desy threshold:  0.10E+00) used in thermo

          ...................................................
          :                      SETUP                      :
          :.................................................:
          :  # frequencies                         480      :
          :  # imaginary freq.                       0      :
          :  linear?                             false      :
          :  only rotor calc.                    false      :
          :  symmetry                               c1      :
          :  rotational number                       1      :
          :  scaling factor                  1.0000000      :
          :  rotor cutoff                   50.0000000 cm⁻¹ :
          :  imag. cutoff                  -20.0000000 cm⁻¹ :
          :.................................................:

    mode    ω/cm⁻¹     T·S(HO)/kcal·mol⁻¹    T·S(FR)/kcal·mol⁻¹   T·S(vib)
   ------------------------------------------------------------------------
       1      4.92    -2.80818 (  0.01%)    -1.74318 ( 99.99%)    -1.74328
       2      6.48    -2.64560 (  0.03%)    -1.66189 ( 99.97%)    -1.66217
       3      8.32    -2.49771 (  0.08%)    -1.58794 ( 99.92%)    -1.58864
       4     12.04    -2.27859 (  0.33%)    -1.47837 ( 99.67%)    -1.48105
       5     15.31    -2.13603 (  0.87%)    -1.40706 ( 99.13%)    -1.41342
       6     16.75    -2.08295 (  1.24%)    -1.38051 ( 98.76%)    -1.38925
       7     17.59    -2.05400 (  1.51%)    -1.36602 ( 98.49%)    -1.37640
       8     18.50    -2.02421 (  1.84%)    -1.35112 ( 98.16%)    -1.36349
       9     19.24    -2.00082 (  2.15%)    -1.33942 ( 97.85%)    -1.35362
      10     19.78    -1.98439 (  2.39%)    -1.33119 ( 97.61%)    -1.34682
      11     20.40    -1.96613 (  2.70%)    -1.32206 ( 97.30%)    -1.33944
      12     24.04    -1.86918 (  5.07%)    -1.27354 ( 94.93%)    -1.30373
      13     26.89    -1.80283 (  7.72%)    -1.24032 ( 92.28%)    -1.28373
      14     28.15    -1.77566 (  9.13%)    -1.22672 ( 90.87%)    -1.27684
      15     30.00    -1.73796 ( 11.48%)    -1.20783 ( 88.52%)    -1.26869
      16     32.33    -1.69375 ( 14.88%)    -1.18569 ( 85.12%)    -1.26131
      17     33.97    -1.66461 ( 17.56%)    -1.17109 ( 82.44%)    -1.25774
      18     36.13    -1.62815 ( 21.42%)    -1.15281 ( 78.58%)    -1.25463
      19     42.18    -1.53669 ( 33.61%)    -1.10695 ( 66.39%)    -1.25140
      20     43.00    -1.52535 ( 35.35%)    -1.10126 ( 64.65%)    -1.25117
      21     45.57    -1.49104 ( 40.83%)    -1.08404 ( 59.17%)    -1.25020
      22     48.66    -1.45236 ( 47.28%)    -1.06462 ( 52.72%)    -1.24794
      23     49.84    -1.43816 ( 49.68%)    -1.05748 ( 50.32%)    -1.24662
      24     53.78    -1.39340 ( 57.23%)    -1.03499 ( 42.77%)    -1.24010
      25     56.57    -1.36355 ( 62.10%)    -1.01997 ( 37.90%)    -1.23334
      26     57.50    -1.35398 ( 63.62%)    -1.01516 ( 36.38%)    -1.23071
      27     61.49    -1.31448 ( 69.58%)    -0.99527 ( 30.42%)    -1.21738
      28     63.95    -1.29146 ( 72.79%)    -0.98367 ( 27.21%)    -1.20771
      29     66.93    -1.26467 ( 76.25%)    -0.97017 ( 23.75%)    -1.19472
      30     74.67    -1.20047 ( 83.26%)    -0.93775 ( 16.74%)    -1.15649
      31     80.35    -1.15748 ( 86.96%)    -0.91601 ( 13.04%)    -1.12600
      32     81.97    -1.14581 ( 87.84%)    -0.91010 ( 12.16%)    -1.11715
      33     85.38    -1.12200 ( 89.48%)    -0.89803 ( 10.52%)    -1.09843
      34     87.05    -1.11071 ( 90.18%)    -0.89230 (  9.82%)    -1.08927
      35     88.80    -1.09911 ( 90.86%)    -0.88641 (  9.14%)    -1.07968
      36     91.22    -1.08337 ( 91.72%)    -0.87842 (  8.28%)    -1.06641
      37     95.56    -1.05634 ( 93.03%)    -0.86467 (  6.97%)    -1.04297
      38    110.94    -0.96969 ( 96.04%)    -0.82045 (  3.96%)    -0.96378
      39    111.29    -0.96790 ( 96.08%)    -0.81953 (  3.92%)    -0.96209
      40    114.36    -0.95214 ( 96.48%)    -0.81145 (  3.52%)    -0.94718
      41    114.70    -0.95042 ( 96.52%)    -0.81057 (  3.48%)    -0.94555
      42    116.00    -0.94391 ( 96.66%)    -0.80723 (  3.34%)    -0.93935
      43    117.28    -0.93757 ( 96.80%)    -0.80398 (  3.20%)    -0.93330
      44    121.29    -0.91823 ( 97.19%)    -0.79404 (  2.81%)    -0.91475
      45    129.20    -0.88190 ( 97.81%)    -0.77531 (  2.19%)    -0.87956
      46    132.87    -0.86587 ( 98.03%)    -0.76703 (  1.97%)    -0.86393
      47    134.46    -0.85903 ( 98.12%)    -0.76349 (  1.88%)    -0.85724
      48    138.87    -0.84061 ( 98.35%)    -0.75394 (  1.65%)    -0.83917
      49    141.96    -0.82807 ( 98.48%)    -0.74742 (  1.52%)    -0.82684
      50    143.60    -0.82152 ( 98.55%)    -0.74402 (  1.45%)    -0.82040
      51    146.92    -0.80849 ( 98.68%)    -0.73723 (  1.32%)    -0.80755
      52    148.06    -0.80413 ( 98.72%)    -0.73496 (  1.28%)    -0.80324
      53    151.74    -0.79019 ( 98.83%)    -0.72768 (  1.17%)    -0.78946
      54    153.75    -0.78274 ( 98.89%)    -0.72378 (  1.11%)    -0.78209
      55    157.07    -0.77064 ( 98.98%)    -0.71745 (  1.02%)    -0.77010
      56    161.81    -0.75386 ( 99.10%)    -0.70864 (  0.90%)    -0.75346
      57    164.12    -0.74590 ( 99.15%)    -0.70444 (  0.85%)    -0.74554
      58    166.33    -0.73839 ( 99.19%)    -0.70049 (  0.81%)    -0.73809
      59    166.57    -0.73757 ( 99.19%)    -0.70005 (  0.81%)    -0.73727
      60    169.36    -0.72827 ( 99.25%)    -0.69514 (  0.75%)    -0.72802
      61    173.89    -0.71348 ( 99.32%)    -0.68731 (  0.68%)    -0.71330
      62    182.09    -0.68781 ( 99.43%)    -0.67367 (  0.57%)    -0.68773
      63    183.92    -0.68224 ( 99.46%)    -0.67070 (  0.54%)    -0.68218
      64    185.08    -0.67876 ( 99.47%)    -0.66884 (  0.53%)    -0.67871
      65    189.67    -0.66518 ( 99.52%)    -0.66158 (  0.48%)    -0.66516
      66    191.11    -0.66102 ( 99.53%)    -0.65935 (  0.47%)    -0.66101
      67    197.15    -0.64387 ( 99.59%)    -0.65013 (  0.41%)    -0.64390
      68    206.47    -0.61856 ( 99.66%)    -0.63644 (  0.34%)    -0.61863
      69    207.04    -0.61707 ( 99.66%)    -0.63563 (  0.34%)    -0.61713
      70    218.91    -0.58680 ( 99.73%)    -0.61911 (  0.27%)    -0.58688
      71    231.79    -0.55606 ( 99.78%)    -0.60217 (  0.22%)    -0.55616
      72    241.42    -0.53439 ( 99.82%)    -0.59011 (  0.18%)    -0.53449
      73    243.42    -0.53002 ( 99.82%)    -0.58766 (  0.18%)    -0.53013
      74    248.72    -0.51866 ( 99.84%)    -0.58128 (  0.16%)    -0.51877
      75    251.98    -0.51183 ( 99.85%)    -0.57743 (  0.15%)    -0.51193
      76    254.78    -0.50604 ( 99.85%)    -0.57416 (  0.15%)    -0.50614
      77    259.36    -0.49674 ( 99.86%)    -0.56888 (  0.14%)    -0.49684
      78    270.30    -0.47534 ( 99.88%)    -0.55664 (  0.12%)    -0.47544
      79    280.39    -0.45655 ( 99.90%)    -0.54578 (  0.10%)    -0.45664
      80    281.14    -0.45519 ( 99.90%)    -0.54499 (  0.10%)    -0.45528
      81    296.23    -0.42878 ( 99.92%)    -0.52950 (  0.08%)    -0.42886
   ------------------------------------------------------------------------

   temp. (K)  partition function   enthalpy   heat capacity  entropy
                                   cal/mol     cal/K/mol   cal/K/mol   J/K/mol
 298.15  VIB  0.142E+48            56149.983    354.299    357.858
         ROT  0.814E+09              888.752      2.981     43.754
         INT  0.116E+57            57038.735    357.280    401.612
         TR   0.581E+29             1481.254      4.968     47.836
         TOT                       58519.9893   362.2483   449.4481  1880.4910

       T/K    H(0)-H(T)+PV         H(T)/Eh          T*S/Eh         G(T)/Eh
   ------------------------------------------------------------------------
    298.15    0.932575E-01    0.127493E+01    0.213547E+00    0.106138E+01
   ------------------------------------------------------------------------

         :::::::::::::::::::::::::::::::::::::::::::::::::::::
         ::                  THERMODYNAMIC                  ::
         :::::::::::::::::::::::::::::::::::::::::::::::::::::
         :: total free energy        -264.107950723935 Eh   ::
         ::.................................................::
         :: total energy             -265.169335280135 Eh   ::
         :: zero point energy           1.181674327532 Eh   ::
         :: G(RRHO) w/o ZPVE           -0.120289771332 Eh   ::
         :: G(RRHO) contrib.            1.061384556200 Eh   ::
         :::::::::::::::::::::::::::::::::::::::::::::::::::::

           -------------------------------------------------
          | TOTAL ENERGY             -265.169335280135 Eh   |
          | TOTAL ENTHALPY           -263.894403413545 Eh   |
          | TOTAL FREE ENERGY        -264.107950723935 Eh   |
          | GRADIENT NORM               0.000678720308 Eh/α |
          | HOMO-LUMO GAP               1.940304620906 eV   |
           -------------------------------------------------

------------------------------------------------------------------------
 * finished run on 2021/06/21 at 21:18:29.270     
------------------------------------------------------------------------
 total:
 * wall-time:     0 d,  0 h, 12 min, 35.945 sec
 *  cpu-time:     0 d,  0 h, 49 min, 43.919 sec
 * ratio c/w:     3.947 speedup
 SCF:
 * wall-time:     0 d,  0 h,  0 min,  1.179 sec
 *  cpu-time:     0 d,  0 h,  0 min,  5.967 sec
 * ratio c/w:     5.061 speedup
 numerical hessian:
 * wall-time:     0 d,  0 h, 12 min, 32.865 sec
 *  cpu-time:     0 d,  0 h, 49 min, 35.889 sec
 * ratio c/w:     3.953 speedup

