      -----------------------------------------------------------      
     |                   =====================                   |     
     |                           x T B                           |     
     |                   =====================                   |     
     |                         S. Grimme                         |     
     |          Mulliken Center for Theoretical Chemistry        |     
     |                    University of Bonn                     |     
     |                Version 6.2 RC2 (SAW190805)                |     
      -----------------------------------------------------------      

   This program is distributed in the hope that it will be useful,
   but WITHOUT ANY WARRANTY; without even the implied warranty of
   MERCHANTABILITY or FITNESS FOR A PARTICULAR PURPOSE.
   
   FOR NON-COMMERCIAL, ACADEMIA USE ONLY.
   
   Cite this work as:
   * S. Grimme, C. Bannwarth, P. Shushkov, J. Chem. Theory Comput., 2017,
     13, 1989-2009. DOI: 10.1021/acs.jctc.7b00118
   * C. Bannwarth, S. Ehlert and S. Grimme., J. Chem. Theory Comput., 2019,
     15, 1652-1671. DOI: 10.1021/acs.jctc.8b01176
   * P. Pracht, E. Caldeweyher, S. Ehlert, S. Grimme, ChemRxiv, 2019, preprint.
     DOI: 10.26434/chemrxiv.8326202.v1
   
   for DFT-D4:
   * E. Caldeweyher, C. Bannwarth and S. Grimme, J. Chem. Phys., 2017,
     147, 034112. DOI: 10.1063/1.4993215
   * E. Caldeweyher, S. Ehlert, A. Hansen, H. Neugebauer, S. Spicher,
     C. Bannwarth and S. Grimme, J. Chem. Phys., 2019, 150, 154122.
     DOI: 10.1063/1.5090222
   
   for sTDA-xTB:
   * S. Grimme and C. Bannwarth, J. Chem. Phys., 2016, 145, 054103.
     DOI: 10.1063/1.4959605
   
   in the mass-spec context:
   * V. Asgeirsson, C. Bauer and S. Grimme, Chem. Sci., 2017, 8, 4879.
     DOI: 10.1039/c7sc00601b
   
   for metadynamics refer to:
   * S. Grimme, J. Chem. Theory Comput., 2019, 155, 2847-2862
     DOI: 10.1021/acs.jctc.9b00143
   
   with help from (in alphabetical order)
   C. Bannwarth, F. Bohle, G. Brandenburg, E. Caldeweyher, M. Checinski,
   S. Dohm, S. Ehlert, S. Ehrlich, F. März, H. Neugebauer, J. Pisarek,
   P. Pracht, P. Shushkov, and S. Spicher.
   
 * started run on 2021/06/21 at 23:34:57.529     

           -------------------------------------------------
          |                Calculation Setup                |
           -------------------------------------------------

          program call               : /home/atarzia/software/xtb-190806/bin/xtb /data/atarzia/projects/unsymm/screening/production/free_energy_calculations/fe_5a3_b/input_structure.xyz --gfn 2 --hess --parallel 6 --etemp 300 --gbsa dmso --chrg 4 --uhf 0 -I det_control.in
          coordinate file            : /data/atarzia/projects/unsymm/screening/production/free_energy_calculations/fe_5a3_b/input_structure.xyz
          omp threads                :                     6
          number of atoms            :                   186
          number of electrons        :                   568
          charge                     :                     4
          spin                       :                   0.0
          first test random number   :      0.65390241825101


########################################################################
# WARNING! Please study the warnings concerning your input carefully
#  - XTBHOME is not set, using HOME instead
#  - XTBPATH is not set, using XTBHOME instead
#  - Process number higher than OMP_NUM_THREADS, I hope you know what you are doing.
########################################################################

           ------------------------------------------------- 
          |                 G F N 2 - x T B                 |
          | Geometry, Frequencies, Noncovalent interactions |
          |            JCTC 2019 parametrisation            |
           ------------------------------------------------- 
             k(s)              :                1.8500
             k(p)              :                2.2300
             k(d)              :                2.2300
             k(f)              :                2.0000
             kEN (H0ij)        :               -2.0000
             D4 a1             :                0.5200
             D4 a2             :                5.0000
             D4 s6             :                1.0000
             D4 s8             :                2.7000
             D4 s9             :                5.0000
             alphaj            :                2.0000

  Z AO/shell   Hii/eV     exponent
  1     Wed Apr 25 08:07:45 CEST 2018   EN: 2.200 GM2: 0.406  GM3: 0.0800  RAES: 1.40
     1s    -10.707211    1.230000
  6     Wed Apr 25 08:07:45 CEST 2018   EN: 2.550 GM2: 0.538  GM3: 0.1500  RAES: 3.00
     2s    -13.970922    2.096432
     2p    -10.063292    1.800000
  7     Wed Apr 25 08:07:45 CEST 2018   EN: 3.040 GM2: 0.461  GM3:-0.0640  RAES: 1.90
     2s    -16.686243    2.339881
     2p    -12.523956    2.014332
 46     Wed Apr 25 16:26:58 CEST 2018   EN: 2.200 GM2: 0.273  GM3: 0.0800  RAES: 5.00
     4d    -11.963518    2.353691
     5s     -9.714059    1.828354
     5p     -2.035281    1.333352

 Solvent             : dmso
 Using internal parameter file: .param_gbsa2_dmso
 Gsolv ref. state (COSMO-RS): gsolv [1 M gas/solution]
 temperature (mdtemp)       :    298.150000000000     
 dielectric constant        :    46.6800000000000     
 rho                        :    1.10000000000000     
 mass                       :    78.1300000000000     
 surface tension            :    15.5689454083859     
 probe radius               :   0.949087640000000     
 vdW radii scaling          :    1.00000000000000     
 Gshift (Eh)                :   5.161738145414381E-003
 c1                         :    1.63948621000000     
 soset                      :   1.179665000000000E-002
 HB correction              :  T
           ------------------------------------------------- 
          |        Self-Consistent Charge Iterations        |
           ------------------------------------------------- 

          ...................................................
          :                      SETUP                      :
          :.................................................:
          :  # basis functions                 564          :
          :  # atomic orbitals                 562          :
          :  # shells                          310          :
          :  # electrons                       568          :
          :  max. iterations                   250          :
          :  Hamiltonian                  GFN2-xTB          :
          :  restarted?                      false          :
          :  GBSA solvation                   true          :
          :  PC potential                    false          :
          :  electronic temp.          300.0000000     K    :
          :  accuracy                    1.0000000          :
          :  -> integral cutoff          0.2500000E+02      :
          :  -> integral neglect         0.1000000E-07      :
          :  -> SCF convergence          0.1000000E-05 Eh   :
          :  -> wf. convergence          0.1000000E-03 e    :
          :  Broyden damping             0.4000000          :
          ...................................................

 iter      E             dE          RMSdq      gap      omega  full diag
   1   -308.6824892 -0.308682E+03  0.614E+00    2.09       0.0  T
   2   -309.1650059 -0.482517E+00  0.406E+00    1.56       1.0  T
   3   -308.8534620  0.311544E+00  0.216E+00    1.78       1.0  T
   4   -309.3263791 -0.472917E+00  0.948E-01    1.82       1.0  T
   5   -309.4069190 -0.805399E-01  0.471E-01    1.82       1.0  T
   6   -309.4416827 -0.347637E-01  0.191E-01    1.85       1.0  T
   7   -309.4439830 -0.230034E-02  0.863E-02    1.86       1.0  T
   8   -309.4440558 -0.727312E-04  0.307E-02    1.86       1.0  T
   9   -309.4441256 -0.698120E-04  0.145E-02    1.86       1.0  T
  10   -309.4441393 -0.137550E-04  0.585E-03    1.86       1.3  T
  11   -309.4441403 -0.969614E-06  0.367E-03    1.86       2.0  T
  12   -309.4441408 -0.479503E-06  0.218E-03    1.86       3.4  T
  13   -309.4441413 -0.543379E-06  0.955E-04    1.86       7.7  T
  14   -309.4441414 -0.740442E-07  0.473E-04    1.86      15.5  T

   *** convergence criteria satisfied after 14 iterations ***

         #    Occupation            Energy/Eh            Energy/eV
      -------------------------------------------------------------
         1        2.0000           -0.7281696             -19.8145
       ...           ...                  ...                  ...
       278        2.0000           -0.3961727             -10.7804
       279        2.0000           -0.3960640             -10.7775
       280        2.0000           -0.3958151             -10.7707
       281        2.0000           -0.3864899             -10.5169
       282        2.0000           -0.3864646             -10.5162
       283        2.0000           -0.3864149             -10.5149
       284        2.0000           -0.3862718             -10.5110 (HOMO)
       285                         -0.3179412              -8.6516 (LUMO)
       286                         -0.3174759              -8.6390
       287                         -0.3172353              -8.6324
       288                         -0.3150224              -8.5722
       289                         -0.3084866              -8.3943
       ...                                ...                  ...
       562                          1.4087298              38.3335
      -------------------------------------------------------------
                  HL-Gap            0.0683306 Eh            1.8594 eV
             Fermi-level           -0.3521065 Eh           -9.5813 eV

 SCC (total)                   0 d,  0 h,  0 min,  3.133 sec
 SCC setup                      ...        0 min,  0.134 sec (  4.264%)
 Dispersion                     ...        0 min,  0.074 sec (  2.373%)
 integral evaluation            ...        0 min,  0.440 sec ( 14.028%)
 zeroth order Hamiltonian       ...        0 min,  0.007 sec (  0.221%)
 iterations                     ...        0 min,  2.151 sec ( 68.666%)
 molecular gradient             ...        0 min,  0.316 sec ( 10.076%)
 printout                       ...        0 min,  0.012 sec (  0.369%)

         :::::::::::::::::::::::::::::::::::::::::::::::::::::
         ::                     SUMMARY                     ::
         :::::::::::::::::::::::::::::::::::::::::::::::::::::
         :: total energy            -303.575018123475 Eh    ::
         :: total w/o Gsasa/hb      -303.430584932616 Eh    ::
         :: gradient norm              0.000756278118 Eh/a0 ::
         :: HOMO-LUMO gap              1.859369477305 eV    ::
         ::.................................................::
         :: SCC energy              -309.574257133429 Eh    ::
         :: -> isotropic ES            0.590798509957 Eh    ::
         :: -> anisotropic ES         -0.084895353116 Eh    ::
         :: -> anisotropic XC          0.213662215352 Eh    ::
         :: -> dispersion             -0.265141354160 Eh    ::
         :: -> Gsolv                  -0.648466318363 Eh    ::
         ::    -> Gborn               -0.504033127505 Eh    ::
         ::    -> Gsasa               -0.135277456867 Eh    ::
         ::    -> Ghb                 -0.014317472136 Eh    ::
         ::    -> Gshift               0.005161738145 Eh    ::
         :: repulsion energy           5.998623257357 Eh    ::
         :: add. restraining           0.000000000000 Eh    ::
         :::::::::::::::::::::::::::::::::::::::::::::::::::::

           ------------------------------------------------- 
          |                Numerical Hessian                |
           ------------------------------------------------- 
step length          :   0.00500
SCC accuracy         :   0.30000
Hessian scale factor :   1.00000
frozen atoms in %    :   0.00000    0
RMS gradient         :   0.00076
estimated CPU  time    138.42 min
estimated wall time     34.30 min

writing file <hessian>.

 projected vibrational frequencies (cm-1)
eigval :       -0.00    -0.00    -0.00    -0.00     0.00     0.00
eigval :        4.96     5.48     5.74     6.61     9.92    13.28
eigval :       13.69    14.00    14.85    17.39    18.34    20.13
eigval :       22.49    27.08    28.21    31.21    34.58    35.72
eigval :       36.71    38.70    38.99    41.69    43.55    45.19
eigval :       48.23    48.98    51.31    51.74    63.61    66.40
eigval :       74.28    74.59    77.24    78.37    79.00    80.80
eigval :       82.63    89.84    95.70    97.80    97.85    99.61
eigval :      101.43   105.41   109.61   112.71   116.45   119.86
eigval :      123.73   127.64   131.93   133.30   140.84   143.94
eigval :      147.49   147.60   149.40   151.31   151.56   162.89
eigval :      169.65   178.74   179.64   179.73   180.61   180.97
eigval :      183.59   185.69   192.00   194.97   195.08   196.18
eigval :      196.31   199.17   204.99   208.69   214.88   228.91
eigval :      229.59   234.57   247.35   248.76   257.85   266.00
eigval :      267.89   273.06   277.48   280.78   282.82   285.05
eigval :      289.14   289.36   291.57   297.68   298.95   302.63
eigval :      307.19   307.32   307.86   308.47   334.85   336.79
eigval :      337.27   337.30   338.24   342.32   342.49   348.10
eigval :      357.59   358.16   358.80   359.00   375.59   389.97
eigval :      391.05   392.54   392.69   393.77   394.52   398.32
eigval :      430.22   430.38   430.46   430.61   432.96   433.02
eigval :      433.17   433.34   439.28   439.38   439.45   439.74
eigval :      443.10   450.94   452.05   452.68   453.38   453.61
eigval :      454.54   456.67   462.11   462.80   463.03   463.58
eigval :      481.34   481.69   481.94   483.39   490.83   491.18
eigval :      491.38   492.06   492.44   492.58   492.90   493.32
eigval :      505.77   513.26   515.69   518.98   519.30   521.85
eigval :      521.88   522.26   537.62   539.41   540.02   541.10
eigval :      561.53   564.17   564.56   565.32   569.36   570.07
eigval :      570.26   570.60   599.45   599.51   599.61   599.69
eigval :      606.85   609.16   609.63   609.81   613.02   616.47
eigval :      619.20   619.65   621.82   625.65   626.03   628.84
eigval :      632.16   633.31   633.78   633.79   663.32   668.13
eigval :      670.10   671.40   672.63   674.44   674.54   674.62
eigval :      718.41   718.56   718.62   718.64   724.31   725.67
eigval :      725.68   725.93   755.37   755.96   756.21   756.98
eigval :      768.59   772.55   775.80   776.92   778.20   778.42
eigval :      780.09   781.16   789.34   789.50   789.71   790.02
eigval :      794.98   797.35   798.65   798.80   798.91   799.03
eigval :      799.30   799.38   810.34   819.82   820.01   826.81
eigval :      837.59   839.66   840.87   841.10   843.21   844.38
eigval :      844.60   844.83   844.90   848.02   851.02   851.27
eigval :      851.62   851.68   852.48   855.04   855.24   859.58
eigval :      862.49   864.31   864.53   864.79   864.94   865.38
eigval :      876.83   879.77   881.06   882.22   886.01   889.44
eigval :      889.89   891.86   893.35   893.90   894.49   895.05
eigval :      895.36   895.67   896.28   897.49   920.03   920.10
eigval :      920.46   920.51   926.15   926.52   926.69   926.78
eigval :      930.48   930.63   930.66   930.75   932.69   933.08
eigval :      933.20   933.82   946.90   947.88   948.31   948.38
eigval :      975.23   977.66   978.44   978.69  1001.64  1003.91
eigval :     1005.00  1005.88  1044.66  1045.32  1045.92  1046.14
eigval :     1073.36  1073.96  1076.26  1078.25  1083.77  1083.84
eigval :     1086.62  1087.15  1108.49  1108.59  1109.44  1110.47
eigval :     1119.48  1119.99  1122.79  1125.92  1135.15  1135.62
eigval :     1136.05  1136.25  1141.40  1141.95  1143.26  1143.86
eigval :     1151.14  1152.77  1155.40  1160.39  1164.54  1166.38
eigval :     1166.87  1169.55  1170.24  1170.56  1170.79  1170.84
eigval :     1170.91  1171.61  1171.86  1176.48  1186.21  1186.94
eigval :     1187.95  1190.35  1205.73  1206.89  1206.93  1209.09
eigval :     1215.14  1216.53  1218.38  1219.17  1219.22  1219.43
eigval :     1220.37  1220.81  1224.43  1224.54  1224.61  1224.84
eigval :     1227.51  1229.87  1233.32  1237.13  1251.97  1252.12
eigval :     1252.28  1252.36  1285.44  1285.61  1285.84  1287.32
eigval :     1293.43  1293.67  1294.97  1295.44  1295.51  1295.90
eigval :     1296.32  1296.81  1306.61  1307.06  1308.60  1310.54
eigval :     1317.58  1317.67  1318.27  1318.42  1342.32  1343.17
eigval :     1343.87  1346.10  1367.90  1368.19  1368.44  1369.33
eigval :     1373.72  1374.35  1374.72  1377.57  1386.17  1386.92
eigval :     1387.30  1387.67  1394.04  1394.07  1394.28  1394.50
eigval :     1398.64  1399.37  1400.37  1400.92  1414.97  1415.17
eigval :     1415.27  1415.46  1421.47  1421.76  1421.88  1422.17
eigval :     1447.84  1448.00  1448.46  1448.65  1456.57  1456.97
eigval :     1457.81  1458.22  1466.50  1467.61  1468.01  1468.87
eigval :     1493.61  1493.73  1493.88  1494.02  1524.77  1526.21
eigval :     1526.46  1526.74  1534.43  1534.79  1535.36  1535.57
eigval :     1539.40  1539.65  1539.73  1539.84  1547.00  1547.25
eigval :     1547.45  1547.52  1556.86  1557.07  1557.90  1558.67
eigval :     1566.31  1567.04  1567.69  1568.10  1585.14  1585.22
eigval :     1585.27  1585.33  1593.78  1593.86  1593.88  1593.95
eigval :     2302.39  2303.02  2303.32  2303.47  2305.15  2305.47
eigval :     2306.87  2307.63  2953.70  2956.68  2967.28  2968.53
eigval :     2970.38  2977.44  2979.38  2979.51  2993.25  2994.38
eigval :     2997.97  2998.04  3005.05  3005.70  3006.10  3007.13
eigval :     3070.87  3071.09  3071.33  3071.64  3074.29  3074.45
eigval :     3074.77  3074.90  3089.70  3090.54  3090.78  3090.96
eigval :     3093.01  3093.13  3093.42  3093.45  3093.56  3093.64
eigval :     3093.77  3093.99  3094.50  3094.64  3094.84  3095.06
eigval :     3098.20  3098.31  3098.41  3098.56  3101.93  3102.04
eigval :     3102.09  3102.18  3107.81  3107.83  3108.03  3108.37
eigval :     3110.06  3110.17  3110.23  3110.55  3115.63  3116.29
eigval :     3116.45  3117.23  3118.67  3118.88  3119.06  3119.11
           -------------------------------------------------
          |                Property Printout                |
           -------------------------------------------------

    * Orbital Energies and Occupations

         #    Occupation            Energy/Eh            Energy/eV
      -------------------------------------------------------------
         1        2.0000           -0.7281631             -19.8143
       ...           ...                  ...                  ...
       272        2.0000           -0.4184260             -11.3860
       273        2.0000           -0.4178421             -11.3701
       274        2.0000           -0.4174143             -11.3584
       275        2.0000           -0.4169935             -11.3470
       276        2.0000           -0.4151473             -11.2967
       277        2.0000           -0.3961856             -10.7808
       278        2.0000           -0.3961679             -10.7803
       279        2.0000           -0.3960592             -10.7773
       280        2.0000           -0.3958101             -10.7705
       281        2.0000           -0.3864854             -10.5168
       282        2.0000           -0.3864598             -10.5161
       283        2.0000           -0.3864101             -10.5148
       284        2.0000           -0.3862665             -10.5108 (HOMO)
       285                         -0.3179357              -8.6515 (LUMO)
       286                         -0.3174704              -8.6388
       287                         -0.3172299              -8.6323
       288                         -0.3150168              -8.5720
       289                         -0.3084795              -8.3942
       290                         -0.3063312              -8.3357
       291                         -0.3052947              -8.3075
       292                         -0.3050551              -8.3010
       293                         -0.2962973              -8.0627
       294                         -0.2955697              -8.0429
       295                         -0.2944294              -8.0118
       ...                                ...                  ...
       562                          1.4087354              38.3336
      -------------------------------------------------------------
                  HL-Gap            0.0683308 Eh            1.8594 eV
             Fermi-level           -0.3521011 Eh           -9.5812 eV

     #   Z        covCN         q      C6AA      α(0)
     1  46 Pd     3.533    -0.092   274.754    34.184
     2  46 Pd     3.521    -0.090   274.646    34.178
     3   6 C      1.983    -0.024    31.679     9.089
     4   6 C      1.981    -0.036    32.028     9.139
     5   6 C      2.965     0.044    27.016     8.526
     6   6 C      2.925    -0.019    28.487     8.753
     7   6 C      2.914    -0.019    28.490     8.753
     8   6 C      2.915    -0.033    28.819     8.803
     9   6 C      2.982     0.003    27.947     8.672
    10   6 C      2.899     0.058    26.704     8.473
    11   7 N      2.667    -0.099    23.175     7.150
    12   6 C      2.906     0.041    27.080     8.533
    13   6 C      2.911    -0.028    28.690     8.783
    14   6 C      2.995     0.018    27.598     8.617
    15   1 H      0.926     0.057     2.233     2.337
    16   1 H      0.926     0.058     2.222     2.331
    17   1 H      0.926     0.072     2.066     2.248
    18   1 H      0.925     0.116     1.650     2.009
    19   1 H      0.925     0.140     1.463     1.891
    20   1 H      0.926     0.099     1.793     2.094
    21   6 C      2.967     0.038    27.155     8.548
    22   6 C      2.922    -0.029    28.719     8.788
    23   6 C      2.916    -0.033    28.816     8.803
    24   6 C      2.985     0.015    27.666     8.628
    25   6 C      2.916    -0.032    28.807     8.801
    26   6 C      2.921    -0.029    28.737     8.791
    27   6 C      2.968     0.037    27.180     8.551
    28   6 C      2.929    -0.038    28.951     8.824
    29   6 C      2.984     0.011    27.768     8.644
    30   6 C      2.928    -0.039    28.963     8.826
    31   1 H      0.926     0.038     2.481     2.463
    32   1 H      0.926     0.031     2.575     2.510
    33   1 H      0.926     0.032     2.562     2.503
    34   1 H      0.926     0.043     2.413     2.429
    35   1 H      0.926     0.076     2.023     2.224
    36   1 H      0.926     0.069     2.096     2.264
    37   6 C      1.984    -0.009    31.303     9.035
    38   6 C      1.980    -0.037    32.045     9.142
    39   6 C      2.965     0.049    26.896     8.507
    40   6 C      2.929    -0.007    28.188     8.707
    41   6 C      2.912    -0.029    28.719     8.788
    42   6 C      2.912     0.052    26.830     8.494
    43   7 N      2.669    -0.082    22.836     7.097
    44   6 C      2.912     0.047    26.953     8.513
    45   1 H      0.926     0.083     1.952     2.185
    46   1 H      0.926     0.091     1.868     2.137
    47   1 H      0.925     0.127     1.562     1.954
    48   1 H      0.925     0.131     1.525     1.931
    49   6 C      1.983    -0.024    31.696     9.092
    50   6 C      1.981    -0.036    32.029     9.139
    51   6 C      2.965     0.044    27.021     8.526
    52   6 C      2.923    -0.019    28.486     8.752
    53   6 C      2.914    -0.020    28.495     8.753
    54   6 C      2.914    -0.033    28.811     8.802
    55   6 C      2.981     0.004    27.935     8.670
    56   6 C      2.893     0.059    26.685     8.470
    57   7 N      2.667    -0.096    23.127     7.142
    58   6 C      2.919     0.041    27.090     8.535
    59   6 C      2.911    -0.028    28.696     8.784
    60   6 C      2.998     0.017    27.621     8.621
    61   1 H      0.926     0.057     2.231     2.336
    62   1 H      0.926     0.058     2.227     2.334
    63   1 H      0.926     0.071     2.071     2.251
    64   1 H      0.925     0.118     1.633     1.999
    65   1 H      0.924     0.137     1.483     1.905
    66   1 H      0.926     0.097     1.815     2.107
    67   6 C      2.968     0.037    27.159     8.548
    68   6 C      2.921    -0.029    28.713     8.787
    69   6 C      2.916    -0.033    28.816     8.803
    70   6 C      2.985     0.015    27.666     8.628
    71   6 C      2.916    -0.032    28.806     8.801
    72   6 C      2.922    -0.030    28.746     8.792
    73   6 C      2.968     0.037    27.177     8.551
    74   6 C      2.927    -0.038    28.937     8.822
    75   6 C      2.984     0.011    27.769     8.644
    76   6 C      2.929    -0.039    28.962     8.826
    77   1 H      0.926     0.037     2.485     2.465
    78   1 H      0.926     0.031     2.573     2.509
    79   1 H      0.926     0.032     2.555     2.500
    80   1 H      0.926     0.044     2.402     2.423
    81   1 H      0.926     0.076     2.019     2.222
    82   1 H      0.926     0.067     2.114     2.274
    83   6 C      1.984    -0.008    31.279     9.032
    84   6 C      1.980    -0.036    32.027     9.139
    85   6 C      2.965     0.049    26.892     8.506
    86   6 C      2.932    -0.007    28.189     8.707
    87   6 C      2.911    -0.029    28.723     8.788
    88   6 C      2.921     0.052    26.827     8.494
    89   7 N      2.667    -0.089    22.982     7.120
    90   6 C      2.901     0.048    26.913     8.506
    91   1 H      0.926     0.083     1.947     2.182
    92   1 H      0.926     0.093     1.853     2.129
    93   1 H      0.925     0.123     1.586     1.970
    94   1 H      0.925     0.135     1.500     1.915
    95   6 C      1.983    -0.024    31.690     9.091
    96   6 C      1.981    -0.036    32.026     9.139
    97   6 C      2.965     0.044    27.019     8.526
    98   6 C      2.923    -0.019    28.485     8.752
    99   6 C      2.914    -0.019    28.493     8.753
   100   6 C      2.914    -0.033    28.817     8.803
   101   6 C      2.981     0.003    27.948     8.672
   102   6 C      2.904     0.060    26.663     8.467
   103   7 N      2.667    -0.103    23.266     7.164
   104   6 C      2.900     0.040    27.105     8.536
   105   6 C      2.911    -0.028    28.693     8.784
   106   6 C      2.997     0.017    27.615     8.620
   107   1 H      0.926     0.057     2.230     2.335
   108   1 H      0.926     0.058     2.221     2.331
   109   1 H      0.926     0.072     2.065     2.247
   110   1 H      0.925     0.121     1.606     1.982
   111   1 H      0.925     0.134     1.507     1.920
   112   1 H      0.926     0.097     1.809     2.103
   113   6 C      2.968     0.037    27.157     8.548
   114   6 C      2.921    -0.029    28.715     8.787
   115   6 C      2.916    -0.033    28.815     8.803
   116   6 C      2.985     0.015    27.665     8.628
   117   6 C      2.916    -0.032    28.806     8.801
   118   6 C      2.922    -0.030    28.742     8.792
   119   6 C      2.968     0.037    27.178     8.551
   120   6 C      2.927    -0.038    28.940     8.822
   121   6 C      2.984     0.011    27.769     8.644
   122   6 C      2.929    -0.039    28.960     8.825
   123   1 H      0.926     0.038     2.482     2.463
   124   1 H      0.926     0.031     2.574     2.509
   125   1 H      0.926     0.032     2.558     2.501
   126   1 H      0.926     0.043     2.406     2.426
   127   1 H      0.926     0.076     2.021     2.223
   128   1 H      0.926     0.068     2.110     2.271
   129   6 C      1.984    -0.009    31.286     9.033
   130   6 C      1.980    -0.037    32.040     9.141
   131   6 C      2.965     0.049    26.895     8.506
   132   6 C      2.931    -0.007    28.185     8.707
   133   6 C      2.912    -0.029    28.719     8.788
   134   6 C      2.905     0.051    26.848     8.496
   135   7 N      2.667    -0.088    22.963     7.117
   136   6 C      2.912     0.048    26.917     8.507
   137   1 H      0.926     0.083     1.951     2.184
   138   1 H      0.926     0.092     1.863     2.134
   139   1 H      0.925     0.120     1.615     1.987
   140   1 H      0.925     0.137     1.481     1.903
   141   6 C      1.983    -0.024    31.695     9.092
   142   6 C      1.981    -0.036    32.028     9.139
   143   6 C      2.965     0.044    27.020     8.526
   144   6 C      2.923    -0.019    28.486     8.752
   145   6 C      2.914    -0.020    28.495     8.753
   146   6 C      2.914    -0.033    28.810     8.802
   147   6 C      2.981     0.004    27.936     8.670
   148   6 C      2.893     0.059    26.683     8.469
   149   7 N      2.667    -0.097    23.150     7.146
   150   6 C      2.919     0.041    27.089     8.535
   151   6 C      2.911    -0.028    28.697     8.784
   152   6 C      2.998     0.017    27.622     8.621
   153   1 H      0.926     0.057     2.230     2.335
   154   1 H      0.926     0.058     2.226     2.333
   155   1 H      0.926     0.071     2.071     2.251
   156   1 H      0.925     0.117     1.634     1.999
   157   1 H      0.925     0.137     1.484     1.905
   158   1 H      0.926     0.097     1.814     2.106
   159   6 C      2.968     0.037    27.159     8.548
   160   6 C      2.921    -0.029    28.713     8.787
   161   6 C      2.916    -0.033    28.815     8.803
   162   6 C      2.985     0.015    27.666     8.628
   163   6 C      2.916    -0.032    28.806     8.801
   164   6 C      2.922    -0.030    28.745     8.792
   165   6 C      2.968     0.037    27.177     8.551
   166   6 C      2.927    -0.038    28.937     8.822
   167   6 C      2.984     0.011    27.769     8.644
   168   6 C      2.929    -0.039    28.962     8.826
   169   1 H      0.926     0.037     2.485     2.465
   170   1 H      0.926     0.031     2.574     2.509
   171   1 H      0.926     0.032     2.555     2.500
   172   1 H      0.926     0.044     2.401     2.423
   173   1 H      0.926     0.076     2.019     2.222
   174   1 H      0.926     0.067     2.113     2.273
   175   6 C      1.983    -0.008    31.278     9.032
   176   6 C      1.980    -0.036    32.027     9.139
   177   6 C      2.965     0.049    26.892     8.506
   178   6 C      2.932    -0.007    28.188     8.707
   179   6 C      2.911    -0.029    28.723     8.788
   180   6 C      2.920     0.052    26.825     8.493
   181   7 N      2.667    -0.090    23.002     7.123
   182   6 C      2.901     0.048    26.912     8.506
   183   1 H      0.926     0.083     1.946     2.182
   184   1 H      0.926     0.093     1.853     2.129
   185   1 H      0.925     0.123     1.587     1.970
   186   1 H      0.925     0.135     1.501     1.916

 Mol. C6AA /au·bohr⁶  :     576738.364677
 Mol. C8AA /au·bohr⁸  :   16183046.561125
 Mol. α(0) /au        :       1245.576479


Wiberg/Mayer (AO) data.
largest (>0.10) Wiberg bond orders for each atom
          total WBO             WBO to atom ...
     1  Pd  3.528        N   43 0.598    N   57 0.596    N  149 0.595    N  103 0.592
     2  Pd  3.521        N   11 0.597    N   89 0.594    N  181 0.593    N  135 0.593
     3  C   3.945        C    4 2.638    C   21 1.135
     4  C   3.950        C    3 2.638    C    5 1.144
     5  C   3.987        C    6 1.435    C   14 1.216    C    4 1.144
     6  C   3.963        C    5 1.435    C    7 1.350    H   15 0.969
     7  C   3.987        C    8 1.531    C    6 1.350    H   16 0.968
     8  C   3.940        C    7 1.531    C    9 1.272    H   17 0.964
     9  C   3.987        C   10 1.292    C    8 1.272    C   14 1.234
    10  C   3.965        N   11 1.446    C    9 1.292    H   18 0.915    C   13 0.104
    11  N   3.537        C   10 1.446    C   12 1.241    Pd   2 0.597
    12  C   3.961        C   13 1.542    N   11 1.241    H   19 0.899
    13  C   3.981        C   12 1.542    C   14 1.294    H   20 0.956    C   10 0.104
    14  C   3.980        C   13 1.294    C    9 1.234    C    5 1.216
    15  H   0.996        C    6 0.969
    16  H   0.995        C    7 0.968
    17  H   0.994        C    8 0.964
    18  H   0.985        C   10 0.915
    19  H   0.979        C   12 0.899
    20  H   0.989        C   13 0.956
    21  C   3.988        C   30 1.455    C   22 1.245    C    3 1.135
    22  C   3.969        C   23 1.575    C   21 1.245    H   31 0.970
    23  C   3.990        C   22 1.575    C   24 1.275    H   32 0.967    C   30 0.104
    24  C   3.950        C   25 1.276    C   23 1.275    C   29 1.237
    25  C   3.990        C   26 1.573    C   24 1.276    H   33 0.967    C   28 0.104
    26  C   3.969        C   25 1.573    C   27 1.246    H   34 0.970
    27  C   3.987        C   28 1.451    C   26 1.246    C   37 1.137
    28  C   3.952        C   27 1.451    C   29 1.293    H   35 0.963    C   25 0.104
    29  C   3.989        C   28 1.293    C   30 1.290    C   24 1.237
    30  C   3.951        C   21 1.455    C   29 1.290    H   36 0.964    C   23 0.104
    31  H   0.998        C   22 0.970
    32  H   0.997        C   23 0.967
    33  H   0.997        C   25 0.967
    34  H   0.997        C   26 0.970
    35  H   0.994        C   28 0.963
    36  H   0.995        C   30 0.964
    37  C   3.947        C   38 2.640    C   27 1.137
    38  C   3.950        C   37 2.640    C   39 1.142
    39  C   3.985        C   44 1.346    C   40 1.338    C   38 1.142
    40  C   3.964        C   41 1.456    C   39 1.338    H   45 0.965
    41  C   3.981        C   40 1.456    C   42 1.422    H   46 0.961
    42  C   3.929        C   41 1.422    N   43 1.342    H   47 0.906
    43  N   3.547        C   44 1.370    C   42 1.342    Pd   1 0.598
    44  C   3.950        N   43 1.370    C   39 1.346    H   48 0.910
    45  H   0.991        C   40 0.965
    46  H   0.990        C   41 0.961
    47  H   0.983        C   42 0.906
    48  H   0.982        C   44 0.910
    49  C   3.945        C   50 2.638    C   67 1.134
    50  C   3.950        C   49 2.638    C   51 1.143
    51  C   3.987        C   52 1.438    C   60 1.214    C   50 1.143
    52  C   3.963        C   51 1.438    C   53 1.349    H   61 0.969
    53  C   3.987        C   54 1.531    C   52 1.349    H   62 0.968
    54  C   3.940        C   53 1.531    C   55 1.273    H   63 0.965
    55  C   3.987        C   56 1.288    C   54 1.273    C   60 1.236
    56  C   3.963        N   57 1.451    C   55 1.288    H   64 0.918    C   59 0.103
    57  N   3.537        C   56 1.451    C   58 1.237    Pd   1 0.596
    58  C   3.963        C   59 1.546    N   57 1.237    H   65 0.894
    59  C   3.982        C   58 1.546    C   60 1.292    H   66 0.956    C   56 0.103
    60  C   3.980        C   59 1.292    C   55 1.236    C   51 1.214
    61  H   0.996        C   52 0.969
    62  H   0.995        C   53 0.968
    63  H   0.994        C   54 0.965
    64  H   0.985        C   56 0.918
    65  H   0.980        C   58 0.894
    66  H   0.990        C   59 0.956
    67  C   3.988        C   76 1.453    C   68 1.247    C   49 1.134
    68  C   3.969        C   69 1.573    C   67 1.247    H   77 0.970
    69  C   3.990        C   68 1.573    C   70 1.276    H   78 0.968    C   76 0.104
    70  C   3.950        C   69 1.276    C   71 1.275    C   75 1.237
    71  C   3.990        C   72 1.575    C   70 1.275    H   79 0.967    C   74 0.104
    72  C   3.969        C   71 1.575    C   73 1.243    H   80 0.970
    73  C   3.987        C   74 1.454    C   72 1.243    C   83 1.137
    74  C   3.952        C   73 1.454    C   75 1.291    H   81 0.963    C   71 0.104
    75  C   3.989        C   76 1.291    C   74 1.291    C   70 1.237
    76  C   3.952        C   67 1.453    C   75 1.291    H   82 0.965    C   69 0.104
    77  H   0.998        C   68 0.970
    78  H   0.997        C   69 0.968
    79  H   0.997        C   71 0.967
    80  H   0.998        C   72 0.970
    81  H   0.994        C   74 0.963
    82  H   0.995        C   76 0.965
    83  C   3.947        C   84 2.639    C   73 1.137
    84  C   3.949        C   83 2.639    C   85 1.142
    85  C   3.985        C   90 1.346    C   86 1.337    C   84 1.142
    86  C   3.964        C   87 1.455    C   85 1.337    H   91 0.964
    87  C   3.981        C   86 1.455    C   88 1.423    H   92 0.961
    88  C   3.931        C   87 1.423    N   89 1.340    H   93 0.903
    89  N   3.542        C   90 1.371    C   88 1.340    Pd   2 0.594
    90  C   3.948        N   89 1.371    C   85 1.346    H   94 0.914
    91  H   0.991        C   86 0.964
    92  H   0.990        C   87 0.961
    93  H   0.984        C   88 0.903
    94  H   0.981        C   90 0.914
    95  C   3.945        C   96 2.638    C  113 1.135
    96  C   3.950        C   95 2.638    C   97 1.144
    97  C   3.987        C   98 1.438    C  106 1.214    C   96 1.144
    98  C   3.963        C   97 1.438    C   99 1.348    H  107 0.969
    99  C   3.987        C  100 1.533    C   98 1.348    H  108 0.968
   100  C   3.940        C   99 1.533    C  101 1.271    H  109 0.965
   101  C   3.987        C  102 1.293    C  100 1.271    C  106 1.234
   102  C   3.965        N  103 1.443    C  101 1.293    H  110 0.910    C  105 0.105
   103  N   3.533        C  102 1.443    C  104 1.244    Pd   1 0.592
   104  C   3.961        C  105 1.541    N  103 1.244    H  111 0.906
   105  C   3.981        C  104 1.541    C  106 1.296    H  112 0.956    C  102 0.105
   106  C   3.980        C  105 1.296    C  101 1.234    C   97 1.214
   107  H   0.996        C   98 0.969
   108  H   0.995        C   99 0.968
   109  H   0.994        C  100 0.965
   110  H   0.984        C  102 0.910
   111  H   0.981        C  104 0.906
   112  H   0.989        C  105 0.956
   113  C   3.988        C  122 1.454    C  114 1.246    C   95 1.135
   114  C   3.969        C  115 1.574    C  113 1.246    H  123 0.970
   115  C   3.990        C  114 1.574    C  116 1.275    H  124 0.968    C  122 0.104
   116  C   3.950        C  115 1.275    C  117 1.275    C  121 1.237
   117  C   3.990        C  118 1.574    C  116 1.275    H  125 0.967    C  120 0.104
   118  C   3.969        C  117 1.574    C  119 1.244    H  126 0.970
   119  C   3.987        C  120 1.452    C  118 1.244    C  129 1.137
   120  C   3.952        C  119 1.452    C  121 1.292    H  127 0.963    C  117 0.104
   121  C   3.989        C  120 1.292    C  122 1.291    C  116 1.237
   122  C   3.951        C  113 1.454    C  121 1.291    H  128 0.964    C  115 0.104
   123  H   0.998        C  114 0.970
   124  H   0.997        C  115 0.968
   125  H   0.997        C  117 0.967
   126  H   0.997        C  118 0.970
   127  H   0.994        C  120 0.963
   128  H   0.995        C  122 0.964
   129  C   3.947        C  130 2.640    C  119 1.137
   130  C   3.949        C  129 2.640    C  131 1.142
   131  C   3.985        C  136 1.349    C  132 1.334    C  130 1.142
   132  C   3.964        C  133 1.459    C  131 1.334    H  137 0.964
   133  C   3.981        C  132 1.459    C  134 1.419    H  138 0.961
   134  C   3.929        C  133 1.419    N  135 1.345    H  139 0.912
   135  N   3.542        C  136 1.366    C  134 1.345    Pd   2 0.593
   136  C   3.950        N  135 1.366    C  131 1.349    H  140 0.906
   137  H   0.991        C  132 0.964
   138  H   0.990        C  133 0.961
   139  H   0.985        C  134 0.912
   140  H   0.980        C  136 0.906
   141  C   3.945        C  142 2.638    C  159 1.134
   142  C   3.950        C  141 2.638    C  143 1.143
   143  C   3.987        C  144 1.438    C  152 1.215    C  142 1.143
   144  C   3.963        C  143 1.438    C  145 1.349    H  153 0.969
   145  C   3.987        C  146 1.531    C  144 1.349    H  154 0.968
   146  C   3.940        C  145 1.531    C  147 1.273    H  155 0.965
   147  C   3.987        C  148 1.288    C  146 1.273    C  152 1.236
   148  C   3.963        N  149 1.451    C  147 1.288    H  156 0.918    C  151 0.103
   149  N   3.536        C  148 1.451    C  150 1.237    Pd   1 0.595
   150  C   3.963        C  151 1.546    N  149 1.237    H  157 0.894
   151  C   3.982        C  150 1.546    C  152 1.292    H  158 0.956    C  148 0.103
   152  C   3.980        C  151 1.292    C  147 1.236    C  143 1.215
   153  H   0.996        C  144 0.969
   154  H   0.995        C  145 0.968
   155  H   0.994        C  146 0.965
   156  H   0.985        C  148 0.918
   157  H   0.980        C  150 0.894
   158  H   0.990        C  151 0.956
   159  C   3.988        C  168 1.453    C  160 1.247    C  141 1.134
   160  C   3.969        C  161 1.573    C  159 1.247    H  169 0.970
   161  C   3.990        C  160 1.573    C  162 1.276    H  170 0.968    C  168 0.104
   162  C   3.950        C  161 1.276    C  163 1.275    C  167 1.237
   163  C   3.990        C  164 1.575    C  162 1.275    H  171 0.967    C  166 0.104
   164  C   3.969        C  163 1.575    C  165 1.243    H  172 0.970
   165  C   3.987        C  166 1.453    C  164 1.243    C  175 1.137
   166  C   3.952        C  165 1.453    C  167 1.291    H  173 0.963    C  163 0.104
   167  C   3.989        C  168 1.291    C  166 1.291    C  162 1.237
   168  C   3.952        C  159 1.453    C  167 1.291    H  174 0.964    C  161 0.104
   169  H   0.998        C  160 0.970
   170  H   0.997        C  161 0.968
   171  H   0.997        C  163 0.967
   172  H   0.998        C  164 0.970
   173  H   0.994        C  166 0.963
   174  H   0.995        C  168 0.964
   175  C   3.947        C  176 2.639    C  165 1.137
   176  C   3.949        C  175 2.639    C  177 1.142
   177  C   3.985        C  182 1.346    C  178 1.337    C  176 1.142
   178  C   3.964        C  179 1.455    C  177 1.337    H  183 0.964
   179  C   3.981        C  178 1.455    C  180 1.424    H  184 0.961
   180  C   3.931        C  179 1.424    N  181 1.340    H  185 0.903
   181  N   3.541        C  182 1.371    C  180 1.340    Pd   2 0.593
   182  C   3.948        N  181 1.371    C  177 1.346    H  186 0.914
   183  H   0.991        C  178 0.964
   184  H   0.990        C  179 0.961
   185  H   0.984        C  180 0.903
   186  H   0.981        C  182 0.914

molecular dipole:
                 x           y           z       tot (Debye)
 q only:        0.007      -6.195       0.349
   full:       -0.070      -6.064       0.338      15.437
molecular quadrupole (traceless):
                xx          xy          yy          xz          yz          zz
 q only:     -255.661     -25.730     511.905       0.293       4.632    -256.243
  q+dip:     -271.106     -34.121     544.090       0.448       5.017    -272.984
   full:     -254.761     -30.142     510.592       0.358       4.672    -255.830

           -------------------------------------------------
          |               Frequency Printout                |
           -------------------------------------------------
 projected vibrational frequencies (cm-1)
eigval :       -0.00    -0.00    -0.00    -0.00     0.00     0.00
eigval :        4.96     5.48     5.74     6.61     9.92    13.28
eigval :       13.69    14.00    14.85    17.39    18.34    20.13
eigval :       22.49    27.08    28.21    31.21    34.58    35.72
eigval :       36.71    38.70    38.99    41.69    43.55    45.19
eigval :       48.23    48.98    51.31    51.74    63.61    66.40
eigval :       74.28    74.59    77.24    78.37    79.00    80.80
eigval :       82.63    89.84    95.70    97.80    97.85    99.61
eigval :      101.43   105.41   109.61   112.71   116.45   119.86
eigval :      123.73   127.64   131.93   133.30   140.84   143.94
eigval :      147.49   147.60   149.40   151.31   151.56   162.89
eigval :      169.65   178.74   179.64   179.73   180.61   180.97
eigval :      183.59   185.69   192.00   194.97   195.08   196.18
eigval :      196.31   199.17   204.99   208.69   214.88   228.91
eigval :      229.59   234.57   247.35   248.76   257.85   266.00
eigval :      267.89   273.06   277.48   280.78   282.82   285.05
eigval :      289.14   289.36   291.57   297.68   298.95   302.63
eigval :      307.19   307.32   307.86   308.47   334.85   336.79
eigval :      337.27   337.30   338.24   342.32   342.49   348.10
eigval :      357.59   358.16   358.80   359.00   375.59   389.97
eigval :      391.05   392.54   392.69   393.77   394.52   398.32
eigval :      430.22   430.38   430.46   430.61   432.96   433.02
eigval :      433.17   433.34   439.28   439.38   439.45   439.74
eigval :      443.10   450.94   452.05   452.68   453.38   453.61
eigval :      454.54   456.67   462.11   462.80   463.03   463.58
eigval :      481.34   481.69   481.94   483.39   490.83   491.18
eigval :      491.38   492.06   492.44   492.58   492.90   493.32
eigval :      505.77   513.26   515.69   518.98   519.30   521.85
eigval :      521.88   522.26   537.62   539.41   540.02   541.10
eigval :      561.53   564.17   564.56   565.32   569.36   570.07
eigval :      570.26   570.60   599.45   599.51   599.61   599.69
eigval :      606.85   609.16   609.63   609.81   613.02   616.47
eigval :      619.20   619.65   621.82   625.65   626.03   628.84
eigval :      632.16   633.31   633.78   633.79   663.32   668.13
eigval :      670.10   671.40   672.63   674.44   674.54   674.62
eigval :      718.41   718.56   718.62   718.64   724.31   725.67
eigval :      725.68   725.93   755.37   755.96   756.21   756.98
eigval :      768.59   772.55   775.80   776.92   778.20   778.42
eigval :      780.09   781.16   789.34   789.50   789.71   790.02
eigval :      794.98   797.35   798.65   798.80   798.91   799.03
eigval :      799.30   799.38   810.34   819.82   820.01   826.81
eigval :      837.59   839.66   840.87   841.10   843.21   844.38
eigval :      844.60   844.83   844.90   848.02   851.02   851.27
eigval :      851.62   851.68   852.48   855.04   855.24   859.58
eigval :      862.49   864.31   864.53   864.79   864.94   865.38
eigval :      876.83   879.77   881.06   882.22   886.01   889.44
eigval :      889.89   891.86   893.35   893.90   894.49   895.05
eigval :      895.36   895.67   896.28   897.49   920.03   920.10
eigval :      920.46   920.51   926.15   926.52   926.69   926.78
eigval :      930.48   930.63   930.66   930.75   932.69   933.08
eigval :      933.20   933.82   946.90   947.88   948.31   948.38
eigval :      975.23   977.66   978.44   978.69  1001.64  1003.91
eigval :     1005.00  1005.88  1044.66  1045.32  1045.92  1046.14
eigval :     1073.36  1073.96  1076.26  1078.25  1083.77  1083.84
eigval :     1086.62  1087.15  1108.49  1108.59  1109.44  1110.47
eigval :     1119.48  1119.99  1122.79  1125.92  1135.15  1135.62
eigval :     1136.05  1136.25  1141.40  1141.95  1143.26  1143.86
eigval :     1151.14  1152.77  1155.40  1160.39  1164.54  1166.38
eigval :     1166.87  1169.55  1170.24  1170.56  1170.79  1170.84
eigval :     1170.91  1171.61  1171.86  1176.48  1186.21  1186.94
eigval :     1187.95  1190.35  1205.73  1206.89  1206.93  1209.09
eigval :     1215.14  1216.53  1218.38  1219.17  1219.22  1219.43
eigval :     1220.37  1220.81  1224.43  1224.54  1224.61  1224.84
eigval :     1227.51  1229.87  1233.32  1237.13  1251.97  1252.12
eigval :     1252.28  1252.36  1285.44  1285.61  1285.84  1287.32
eigval :     1293.43  1293.67  1294.97  1295.44  1295.51  1295.90
eigval :     1296.32  1296.81  1306.61  1307.06  1308.60  1310.54
eigval :     1317.58  1317.67  1318.27  1318.42  1342.32  1343.17
eigval :     1343.87  1346.10  1367.90  1368.19  1368.44  1369.33
eigval :     1373.72  1374.35  1374.72  1377.57  1386.17  1386.92
eigval :     1387.30  1387.67  1394.04  1394.07  1394.28  1394.50
eigval :     1398.64  1399.37  1400.37  1400.92  1414.97  1415.17
eigval :     1415.27  1415.46  1421.47  1421.76  1421.88  1422.17
eigval :     1447.84  1448.00  1448.46  1448.65  1456.57  1456.97
eigval :     1457.81  1458.22  1466.50  1467.61  1468.01  1468.87
eigval :     1493.61  1493.73  1493.88  1494.02  1524.77  1526.21
eigval :     1526.46  1526.74  1534.43  1534.79  1535.36  1535.57
eigval :     1539.40  1539.65  1539.73  1539.84  1547.00  1547.25
eigval :     1547.45  1547.52  1556.86  1557.07  1557.90  1558.67
eigval :     1566.31  1567.04  1567.69  1568.10  1585.14  1585.22
eigval :     1585.27  1585.33  1593.78  1593.86  1593.88  1593.95
eigval :     2302.39  2303.02  2303.32  2303.47  2305.15  2305.47
eigval :     2306.87  2307.63  2953.70  2956.68  2967.28  2968.53
eigval :     2970.38  2977.44  2979.38  2979.51  2993.25  2994.38
eigval :     2997.97  2998.04  3005.05  3005.70  3006.10  3007.13
eigval :     3070.87  3071.09  3071.33  3071.64  3074.29  3074.45
eigval :     3074.77  3074.90  3089.70  3090.54  3090.78  3090.96
eigval :     3093.01  3093.13  3093.42  3093.45  3093.56  3093.64
eigval :     3093.77  3093.99  3094.50  3094.64  3094.84  3095.06
eigval :     3098.20  3098.31  3098.41  3098.56  3101.93  3102.04
eigval :     3102.09  3102.18  3107.81  3107.83  3108.03  3108.37
eigval :     3110.06  3110.17  3110.23  3110.55  3115.63  3116.29
eigval :     3116.45  3117.23  3118.67  3118.88  3119.06  3119.11
 reduced masses (amu)
   1: 23.71   2: 22.21   3: 22.28   4: 12.72   5: 23.09   6: 22.90   7: 11.72   8: 15.27
   9: 14.78  10: 13.14  11: 11.26  12: 15.28  13: 12.29  14: 17.38  15: 18.29  16: 15.23
  17: 13.67  18: 29.64  19: 12.50  20: 12.19  21: 14.21  22: 10.60  23: 10.65  24: 11.70
  25: 10.62  26: 29.32  27: 11.06  28: 10.82  29: 12.03  30: 12.21  31: 10.93  32: 15.54
  33: 14.54  34: 12.32  35: 11.74  36: 20.97  37: 14.63  38: 12.49  39: 14.72  40: 11.09
  41: 12.17  42: 10.92  43: 10.83  44: 19.77  45: 11.85  46: 11.91  47: 11.14  48: 13.41
  49: 11.06  50: 11.71  51: 11.52  52: 12.29  53: 15.25  54: 14.04  55: 11.43  56: 12.61
  57: 13.28  58: 14.31  59: 12.57  60: 10.49  61: 10.61  62: 10.91  63: 11.09  64: 22.26
  65: 10.59  66: 15.29  67: 16.38  68: 11.10  69: 11.62  70: 11.94  71: 16.12  72: 11.26
  73: 15.68  74: 22.54  75: 14.12  76: 12.61  77: 15.11  78: 10.60  79: 10.68  80: 10.58
  81: 14.37  82: 24.23  83: 20.22  84: 18.73  85: 41.36  86: 34.77  87: 13.82  88: 30.41
  89: 18.54  90: 40.54  91: 39.99  92: 29.79  93: 30.03  94: 29.87  95: 14.09  96: 12.26
  97: 16.90  98: 14.37  99: 11.81 100: 14.77 101: 23.55 102: 23.35 103: 12.46 104: 12.89
 105: 15.13 106: 13.24 107: 11.59 108: 10.69 109: 10.47 110: 10.49 111: 10.76 112: 13.90
 113: 13.10 114: 15.50 115: 10.85 116: 10.85 117: 11.02 118: 10.91 119: 10.51 120: 11.91
 121:  9.54 122:  9.57 123: 11.40 124:  9.68 125:  9.87 126: 13.62 127: 10.82 128: 10.81
 129: 10.83 130: 10.84 131: 11.66 132: 11.65 133: 11.66 134: 11.67 135:  8.60 136:  8.58
 137:  8.58 138:  8.59 139: 10.47 140: 11.20 141: 11.31 142: 11.52 143: 10.62 144: 11.60
 145: 11.71 146: 11.45 147: 11.49 148: 11.51 149: 11.51 150: 11.47 151: 11.66 152: 11.73
 153: 12.09 154: 11.62 155: 11.44 156: 11.49 157: 11.74 158: 11.62 159: 11.22 160: 11.22
 161: 11.30 162: 11.30 163: 11.17 164: 11.57 165: 11.61 166: 11.48 167: 11.48 168: 11.95
 169: 11.97 170: 12.65 171: 10.94 172: 11.03 173: 11.09 174: 11.19 175: 11.70 176: 11.93
 177: 11.80 178: 12.37 179: 11.29 180: 11.27 181: 11.37 182: 11.32 183: 11.44 184: 11.45
 185: 11.45 186: 11.45 187: 10.20 188:  9.94 189:  9.84 190:  9.85 191:  9.92 192: 10.39
 193: 10.70 194: 10.70 195: 12.01 196: 12.05 197: 12.24 198: 12.46 199: 11.30 200: 11.33
 201: 11.64 202: 11.68 203:  9.10 204:  9.47 205:  9.60 206:  9.77 207: 11.46 208: 11.62
 209: 11.51 210: 11.55 211: 11.28 212: 11.28 213: 11.28 214: 11.27 215: 10.58 216: 10.74
 217: 10.74 218: 10.78 219: 11.33 220: 11.37 221: 11.33 222: 11.37 223:  4.96 224:  4.80
 225:  4.75 226:  4.49 227:  4.46 228:  4.32 229:  4.15 230:  4.29 231:  4.60 232:  4.62
 233:  4.61 234:  4.61 235: 11.14 236: 11.17 237: 10.88 238: 10.67 239: 10.65 240: 10.66
 241: 10.84 242: 11.17 243:  3.78 244:  3.92 245:  3.77 246:  3.79 247: 11.52 248: 11.54
 249: 11.44 250: 11.67 251:  4.49 252:  4.71 253:  4.73 254:  4.69 255:  4.72 256:  4.33
 257:  3.47 258:  3.54 259:  3.50 260:  3.53 261:  4.04 262:  4.25 263:  4.16 264:  4.37
 265:  3.99 266:  3.96 267:  3.98 268:  4.01 269:  3.96 270:  3.99 271: 11.03 272: 11.07
 273: 11.09 274: 11.03 275:  3.78 276:  3.86 277:  3.74 278:  3.52 279:  3.67 280:  3.61
 281:  4.01 282:  3.96 283:  3.99 284:  3.89 285:  3.60 286:  3.54 287:  3.34 288:  3.35
 289:  3.34 290:  3.34 291:  3.51 292:  3.51 293:  3.51 294:  3.51 295:  3.80 296:  3.81
 297:  3.80 298:  3.80 299:  3.70 300:  3.69 301:  3.69 302:  3.69 303: 10.60 304: 10.60
 305: 10.62 306: 10.61 307: 10.34 308: 10.24 309: 10.27 310: 10.24 311: 10.04 312: 10.27
 313: 10.24 314: 10.18 315:  9.09 316:  9.21 317:  9.15 318:  9.10 319:  7.25 320:  7.23
 321:  7.15 322:  7.05 323:  6.60 324:  6.63 325:  6.57 326:  6.63 327:  6.00 328:  6.00
 329:  6.01 330:  6.00 331:  3.68 332:  3.66 333:  3.63 334:  3.61 335:  6.04 336:  6.06
 337:  5.85 338:  5.94 339:  4.47 340:  4.54 341:  4.69 342:  4.75 343:  3.54 344:  3.61
 345:  3.78 346:  4.55 347:  3.26 348:  3.22 349:  3.90 350:  4.30 351:  3.95 352:  1.82
 353:  1.89 354:  1.83 355:  1.83 356:  2.78 357:  2.99 358:  2.34 359:  3.18 360:  3.19
 361:  3.18 362:  3.25 363:  4.98 364:  5.37 365:  5.17 366:  5.63 367:  4.89 368:  4.96
 369:  4.22 370:  7.15 371:  7.08 372:  7.17 373:  5.11 374:  7.77 375:  6.40 376:  6.77
 377:  6.78 378:  7.20 379:  3.99 380:  3.37 381:  3.35 382:  3.22 383:  4.07 384:  4.07
 385:  4.07 386:  4.07 387:  7.54 388:  7.57 389:  7.56 390:  7.62 391: 11.54 392: 10.09
 393: 10.18 394:  9.32 395: 10.12 396:  8.88 397: 11.57 398: 10.43 399:  9.06 400:  9.05
 401:  9.05 402:  9.10 403: 10.09 404: 10.16 405: 10.15 406: 10.16 407:  9.96 408: 10.03
 409: 10.00 410:  9.86 411:  9.91 412: 10.07 413:  9.96 414:  9.83 415: 10.09 416: 10.13
 417: 10.14 418: 10.14 419: 10.70 420: 10.77 421: 10.72 422: 10.57 423: 10.14 424: 10.15
 425: 10.14 426: 10.12 427: 11.23 428: 11.22 429: 11.29 430: 11.32 431: 10.57 432: 10.54
 433: 10.53 434: 10.55 435: 10.17 436: 10.13 437: 10.12 438: 10.15 439: 10.99 440: 11.03
 441: 11.02 442: 11.05 443: 11.05 444: 11.10 445: 11.07 446: 11.08 447: 11.43 448: 11.45
 449: 11.47 450: 11.45 451: 10.75 452: 10.75 453: 10.76 454: 10.77 455: 11.52 456: 11.56
 457: 11.55 458: 11.57 459: 11.66 460: 11.68 461: 11.68 462: 11.69 463: 11.67 464: 11.67
 465: 11.67 466: 11.66 467: 11.69 468: 11.69 469: 11.71 470: 11.70 471: 11.68 472: 11.70
 473: 11.70 474: 11.66 475: 11.50 476: 11.48 477: 11.51 478: 11.53 479: 11.53 480: 11.53
 481: 11.53 482: 11.53 483: 11.51 484: 11.51 485: 11.51 486: 11.51 487: 12.01 488: 12.01
 489: 12.01 490: 12.01 491: 12.01 492: 12.01 493: 12.01 494: 12.01 495:  1.86 496:  1.86
 497:  1.85 498:  1.86 499:  1.85 500:  1.85 501:  1.85 502:  1.85 503:  1.84 504:  1.85
 505:  1.84 506:  1.85 507:  1.84 508:  1.85 509:  1.84 510:  1.85 511:  1.80 512:  1.80
 513:  1.80 514:  1.80 515:  1.79 516:  1.79 517:  1.78 518:  1.78 519:  1.87 520:  1.87
 521:  1.87 522:  1.87 523:  1.87 524:  1.87 525:  1.78 526:  1.78 527:  1.78 528:  1.78
 529:  1.87 530:  1.83 531:  1.86 532:  1.83 533:  1.83 534:  1.83 535:  1.83 536:  1.83
 537:  1.83 538:  1.83 539:  1.84 540:  1.84 541:  1.84 542:  1.84 543:  1.81 544:  1.81
 545:  1.81 546:  1.81 547:  1.90 548:  1.90 549:  1.90 550:  1.90 551:  1.85 552:  1.85
 553:  1.85 554:  1.85 555:  1.90 556:  1.90 557:  1.90 558:  1.90
 IR intensities (amu)
   1:  0.60   2:  0.53   3:  0.20   4:  0.25   5:  0.49   6:  0.65   7:  0.15   8:  0.54
   9:  0.50  10:  0.36  11:  0.05  12:  0.15  13:  0.08  14:  0.06  15:  0.03  16:  0.01
  17:  0.14  18:  0.04  19:  0.19  20:  0.14  21:  0.23  22:  0.06  23:  0.04  24:  0.06
  25:  0.04  26:  0.14  27:  0.02  28:  0.02  29:  0.10  30:  0.06  31:  0.03  32:  0.20
  33:  0.20  34:  0.04  35:  0.10  36:  0.06  37:  0.23  38:  0.08  39:  0.04  40:  0.07
  41:  0.08  42:  0.06  43:  0.01  44:  0.16  45:  0.07  46:  0.02  47:  0.02  48:  0.04
  49:  0.04  50:  0.08  51:  0.00  52:  0.01  53:  0.03  54:  0.06  55:  0.21  56:  0.17
  57:  0.37  58:  0.06  59:  0.13  60:  0.05  61:  0.08  62:  0.14  63:  0.20  64:  0.69
  65:  0.07  66:  0.17  67:  0.53  68:  0.14  69:  0.16  70:  0.20  71:  0.40  72:  0.18
  73:  0.24  74:  0.28  75:  0.11  76:  0.12  77:  0.04  78:  0.04  79:  0.07  80:  0.01
  81:  0.25  82:  0.70  83:  0.65  84:  0.63  85:  0.28  86:  0.45  87:  0.13  88:  0.57
  89:  0.16  90:  1.04  91:  0.91  92:  0.14  93:  0.73  94:  0.59  95:  0.29  96:  0.13
  97:  0.37  98:  0.30  99:  0.23 100:  0.39 101:  0.47 102:  0.45 103:  0.24 104:  0.28
 105:  0.33 106:  0.22 107:  0.09 108:  0.03 109:  0.12 110:  0.11 111:  0.07 112:  0.03
 113:  0.19 114:  0.08 115:  0.11 116:  0.06 117:  0.13 118:  0.08 119:  0.08 120:  0.12
 121:  0.03 122:  0.04 123:  0.13 124:  0.09 125:  0.09 126:  0.21 127:  0.02 128:  0.02
 129:  0.01 130:  0.02 131:  0.12 132:  0.06 133:  0.18 134:  0.30 135:  0.02 136:  0.02
 137:  0.01 138:  0.02 139:  0.08 140:  0.14 141:  0.02 142:  0.06 143:  0.02 144:  0.07
 145:  0.02 146:  0.13 147:  0.15 148:  0.12 149:  0.06 150:  0.20 151:  0.41 152:  0.15
 153:  0.44 154:  0.16 155:  0.09 156:  0.07 157:  0.03 158:  0.33 159:  0.07 160:  0.13
 161:  0.13 162:  0.16 163:  0.03 164:  0.06 165:  0.11 166:  0.04 167:  0.07 168:  0.24
 169:  0.24 170:  0.20 171:  0.04 172:  0.03 173:  0.01 174:  0.03 175:  0.25 176:  0.44
 177:  0.31 178:  0.55 179:  0.12 180:  0.07 181:  0.08 182:  0.04 183:  0.12 184:  0.13
 185:  0.20 186:  0.23 187:  0.07 188:  0.06 189:  0.03 190:  0.06 191:  0.07 192:  0.12
 193:  0.22 194:  0.12 195:  0.21 196:  0.09 197:  0.51 198:  0.52 199:  0.15 200:  0.26
 201:  0.05 202:  0.09 203:  0.09 204:  0.15 205:  0.25 206:  0.14 207:  0.43 208:  0.10
 209:  0.15 210:  0.72 211:  0.04 212:  0.04 213:  0.03 214:  0.04 215:  0.02 216:  0.06
 217:  0.05 218:  0.09 219:  0.21 220:  0.47 221:  0.16 222:  0.38 223:  0.13 224:  0.20
 225:  0.33 226:  0.15 227:  0.07 228:  0.10 229:  0.02 230:  0.18 231:  0.02 232:  0.04
 233:  0.05 234:  0.03 235:  0.06 236:  0.08 237:  0.12 238:  0.48 239:  0.18 240:  0.53
 241:  0.10 242:  0.26 243:  0.25 244:  0.39 245:  0.26 246:  0.19 247:  0.05 248:  0.09
 249:  0.11 250:  0.03 251:  0.01 252:  0.24 253:  0.29 254:  0.31 255:  0.31 256:  0.13
 257:  0.07 258:  0.07 259:  0.07 260:  0.03 261:  0.12 262:  0.01 263:  0.01 264:  0.08
 265:  0.05 266:  0.03 267:  0.02 268:  0.06 269:  0.05 270:  0.02 271:  0.17 272:  0.17
 273:  0.60 274:  0.54 275:  0.01 276:  0.08 277:  0.06 278:  0.03 279:  0.04 280:  0.08
 281:  0.01 282:  0.02 283:  0.04 284:  0.01 285:  0.02 286:  0.07 287:  0.00 288:  0.01
 289:  0.01 290:  0.00 291:  0.03 292:  0.03 293:  0.03 294:  0.03 295:  0.02 296:  0.03
 297:  0.03 298:  0.02 299:  0.02 300:  0.02 301:  0.02 302:  0.02 303:  0.03 304:  0.01
 305:  0.13 306:  0.12 307:  0.09 308:  0.14 309:  0.01 310:  0.13 311:  0.08 312:  0.21
 313:  0.24 314:  0.14 315:  0.12 316:  0.19 317:  0.23 318:  0.27 319:  0.12 320:  0.63
 321:  0.39 322:  0.37 323:  0.34 324:  0.49 325:  0.51 326:  0.57 327:  0.21 328:  0.24
 329:  0.43 330:  0.32 331:  0.33 332:  0.23 333:  0.40 334:  0.33 335:  0.48 336:  0.84
 337:  0.23 338:  1.27 339:  0.18 340:  0.26 341:  0.31 342:  0.98 343:  0.06 344:  0.23
 345:  0.24 346:  0.27 347:  0.34 348:  0.14 349:  0.73 350:  0.46 351:  0.69 352:  0.18
 353:  0.19 354:  0.27 355:  0.22 356:  0.37 357:  0.47 358:  0.30 359:  0.15 360:  0.25
 361:  0.16 362:  0.23 363:  0.34 364:  0.63 365:  0.14 366:  0.40 367:  0.12 368:  0.15
 369:  0.06 370:  0.17 371:  0.18 372:  0.12 373:  0.31 374:  0.17 375:  0.05 376:  0.03
 377:  0.05 378:  0.43 379:  0.04 380:  0.01 381:  0.09 382:  0.18 383:  0.11 384:  0.10
 385:  0.11 386:  0.11 387:  0.20 388:  0.23 389:  0.08 390:  0.21 391:  0.10 392:  0.06
 393:  0.03 394:  0.51 395:  0.41 396:  0.34 397:  0.11 398:  0.23 399:  0.30 400:  0.32
 401:  0.46 402:  0.28 403:  0.14 404:  0.06 405:  0.68 406:  0.09 407:  0.24 408:  0.10
 409:  0.38 410:  0.66 411:  0.53 412:  0.56 413:  1.29 414:  0.45 415:  0.81 416:  1.01
 417:  0.40 418:  0.54 419:  0.05 420:  0.26 421:  0.15 422:  0.10 423:  0.15 424:  0.61
 425:  0.46 426:  0.35 427:  0.98 428:  1.18 429:  1.56 430:  0.64 431:  0.62 432:  0.13
 433:  0.78 434:  1.17 435:  0.42 436:  0.74 437:  0.43 438:  0.44 439:  0.01 440:  0.39
 441:  0.81 442:  0.12 443:  0.31 444:  0.04 445:  0.03 446:  0.95 447:  0.70 448:  0.68
 449:  1.14 450:  0.42 451:  0.27 452:  0.23 453:  0.03 454:  0.32 455:  0.16 456:  0.55
 457:  0.79 458:  0.41 459:  0.61 460:  0.35 461:  0.18 462:  0.42 463:  1.14 464:  1.15
 465:  1.62 466:  1.16 467:  2.48 468:  0.77 469:  0.62 470:  1.48 471:  0.53 472:  0.51
 473:  0.32 474:  0.75 475:  0.44 476:  0.61 477:  0.65 478:  0.46 479:  0.55 480:  0.39
 481:  0.39 482:  0.48 483:  0.08 484:  0.16 485:  0.14 486:  0.15 487:  1.92 488:  1.66
 489:  1.60 490:  3.28 491:  2.59 492:  2.45 493:  3.37 494:  2.92 495:  0.02 496:  0.11
 497:  0.02 498:  0.14 499:  0.05 500:  0.11 501:  0.09 502:  0.01 503:  0.08 504:  0.03
 505:  0.06 506:  0.15 507:  0.05 508:  0.06 509:  0.04 510:  0.04 511:  0.11 512:  0.09
 513:  0.11 514:  0.08 515:  0.37 516:  0.41 517:  0.36 518:  0.39 519:  0.39 520:  0.39
 521:  0.43 522:  0.36 523:  0.21 524:  0.68 525:  0.16 526:  0.17 527:  0.15 528:  0.18
 529:  0.44 530:  0.19 531:  0.42 532:  0.11 533:  0.06 534:  0.04 535:  0.01 536:  0.02
 537:  0.02 538:  0.01 539:  0.21 540:  0.19 541:  0.26 542:  0.23 543:  0.06 544:  0.08
 545:  0.08 546:  0.07 547:  0.24 548:  0.29 549:  0.26 550:  0.41 551:  0.05 552:  0.06
 553:  0.05 554:  0.06 555:  0.05 556:  0.06 557:  0.05 558:  0.06
 Raman intensities (amu)
   1:  0.00   2:  0.00   3:  0.00   4:  0.00   5:  0.00   6:  0.00   7:  0.00   8:  0.00
   9:  0.00  10:  0.00  11:  0.00  12:  0.00  13:  0.00  14:  0.00  15:  0.00  16:  0.00
  17:  0.00  18:  0.00  19:  0.00  20:  0.00  21:  0.00  22:  0.00  23:  0.00  24:  0.00
  25:  0.00  26:  0.00  27:  0.00  28:  0.00  29:  0.00  30:  0.00  31:  0.00  32:  0.00
  33:  0.00  34:  0.00  35:  0.00  36:  0.00  37:  0.00  38:  0.00  39:  0.00  40:  0.00
  41:  0.00  42:  0.00  43:  0.00  44:  0.00  45:  0.00  46:  0.00  47:  0.00  48:  0.00
  49:  0.00  50:  0.00  51:  0.00  52:  0.00  53:  0.00  54:  0.00  55:  0.00  56:  0.00
  57:  0.00  58:  0.00  59:  0.00  60:  0.00  61:  0.00  62:  0.00  63:  0.00  64:  0.00
  65:  0.00  66:  0.00  67:  0.00  68:  0.00  69:  0.00  70:  0.00  71:  0.00  72:  0.00
  73:  0.00  74:  0.00  75:  0.00  76:  0.00  77:  0.00  78:  0.00  79:  0.00  80:  0.00
  81:  0.00  82:  0.00  83:  0.00  84:  0.00  85:  0.00  86:  0.00  87:  0.00  88:  0.00
  89:  0.00  90:  0.00  91:  0.00  92:  0.00  93:  0.00  94:  0.00  95:  0.00  96:  0.00
  97:  0.00  98:  0.00  99:  0.00 100:  0.00 101:  0.00 102:  0.00 103:  0.00 104:  0.00
 105:  0.00 106:  0.00 107:  0.00 108:  0.00 109:  0.00 110:  0.00 111:  0.00 112:  0.00
 113:  0.00 114:  0.00 115:  0.00 116:  0.00 117:  0.00 118:  0.00 119:  0.00 120:  0.00
 121:  0.00 122:  0.00 123:  0.00 124:  0.00 125:  0.00 126:  0.00 127:  0.00 128:  0.00
 129:  0.00 130:  0.00 131:  0.00 132:  0.00 133:  0.00 134:  0.00 135:  0.00 136:  0.00
 137:  0.00 138:  0.00 139:  0.00 140:  0.00 141:  0.00 142:  0.00 143:  0.00 144:  0.00
 145:  0.00 146:  0.00 147:  0.00 148:  0.00 149:  0.00 150:  0.00 151:  0.00 152:  0.00
 153:  0.00 154:  0.00 155:  0.00 156:  0.00 157:  0.00 158:  0.00 159:  0.00 160:  0.00
 161:  0.00 162:  0.00 163:  0.00 164:  0.00 165:  0.00 166:  0.00 167:  0.00 168:  0.00
 169:  0.00 170:  0.00 171:  0.00 172:  0.00 173:  0.00 174:  0.00 175:  0.00 176:  0.00
 177:  0.00 178:  0.00 179:  0.00 180:  0.00 181:  0.00 182:  0.00 183:  0.00 184:  0.00
 185:  0.00 186:  0.00 187:  0.00 188:  0.00 189:  0.00 190:  0.00 191:  0.00 192:  0.00
 193:  0.00 194:  0.00 195:  0.00 196:  0.00 197:  0.00 198:  0.00 199:  0.00 200:  0.00
 201:  0.00 202:  0.00 203:  0.00 204:  0.00 205:  0.00 206:  0.00 207:  0.00 208:  0.00
 209:  0.00 210:  0.00 211:  0.00 212:  0.00 213:  0.00 214:  0.00 215:  0.00 216:  0.00
 217:  0.00 218:  0.00 219:  0.00 220:  0.00 221:  0.00 222:  0.00 223:  0.00 224:  0.00
 225:  0.00 226:  0.00 227:  0.00 228:  0.00 229:  0.00 230:  0.00 231:  0.00 232:  0.00
 233:  0.00 234:  0.00 235:  0.00 236:  0.00 237:  0.00 238:  0.00 239:  0.00 240:  0.00
 241:  0.00 242:  0.00 243:  0.00 244:  0.00 245:  0.00 246:  0.00 247:  0.00 248:  0.00
 249:  0.00 250:  0.00 251:  0.00 252:  0.00 253:  0.00 254:  0.00 255:  0.00 256:  0.00
 257:  0.00 258:  0.00 259:  0.00 260:  0.00 261:  0.00 262:  0.00 263:  0.00 264:  0.00
 265:  0.00 266:  0.00 267:  0.00 268:  0.00 269:  0.00 270:  0.00 271:  0.00 272:  0.00
 273:  0.00 274:  0.00 275:  0.00 276:  0.00 277:  0.00 278:  0.00 279:  0.00 280:  0.00
 281:  0.00 282:  0.00 283:  0.00 284:  0.00 285:  0.00 286:  0.00 287:  0.00 288:  0.00
 289:  0.00 290:  0.00 291:  0.00 292:  0.00 293:  0.00 294:  0.00 295:  0.00 296:  0.00
 297:  0.00 298:  0.00 299:  0.00 300:  0.00 301:  0.00 302:  0.00 303:  0.00 304:  0.00
 305:  0.00 306:  0.00 307:  0.00 308:  0.00 309:  0.00 310:  0.00 311:  0.00 312:  0.00
 313:  0.00 314:  0.00 315:  0.00 316:  0.00 317:  0.00 318:  0.00 319:  0.00 320:  0.00
 321:  0.00 322:  0.00 323:  0.00 324:  0.00 325:  0.00 326:  0.00 327:  0.00 328:  0.00
 329:  0.00 330:  0.00 331:  0.00 332:  0.00 333:  0.00 334:  0.00 335:  0.00 336:  0.00
 337:  0.00 338:  0.00 339:  0.00 340:  0.00 341:  0.00 342:  0.00 343:  0.00 344:  0.00
 345:  0.00 346:  0.00 347:  0.00 348:  0.00 349:  0.00 350:  0.00 351:  0.00 352:  0.00
 353:  0.00 354:  0.00 355:  0.00 356:  0.00 357:  0.00 358:  0.00 359:  0.00 360:  0.00
 361:  0.00 362:  0.00 363:  0.00 364:  0.00 365:  0.00 366:  0.00 367:  0.00 368:  0.00
 369:  0.00 370:  0.00 371:  0.00 372:  0.00 373:  0.00 374:  0.00 375:  0.00 376:  0.00
 377:  0.00 378:  0.00 379:  0.00 380:  0.00 381:  0.00 382:  0.00 383:  0.00 384:  0.00
 385:  0.00 386:  0.00 387:  0.00 388:  0.00 389:  0.00 390:  0.00 391:  0.00 392:  0.00
 393:  0.00 394:  0.00 395:  0.00 396:  0.00 397:  0.00 398:  0.00 399:  0.00 400:  0.00
 401:  0.00 402:  0.00 403:  0.00 404:  0.00 405:  0.00 406:  0.00 407:  0.00 408:  0.00
 409:  0.00 410:  0.00 411:  0.00 412:  0.00 413:  0.00 414:  0.00 415:  0.00 416:  0.00
 417:  0.00 418:  0.00 419:  0.00 420:  0.00 421:  0.00 422:  0.00 423:  0.00 424:  0.00
 425:  0.00 426:  0.00 427:  0.00 428:  0.00 429:  0.00 430:  0.00 431:  0.00 432:  0.00
 433:  0.00 434:  0.00 435:  0.00 436:  0.00 437:  0.00 438:  0.00 439:  0.00 440:  0.00
 441:  0.00 442:  0.00 443:  0.00 444:  0.00 445:  0.00 446:  0.00 447:  0.00 448:  0.00
 449:  0.00 450:  0.00 451:  0.00 452:  0.00 453:  0.00 454:  0.00 455:  0.00 456:  0.00
 457:  0.00 458:  0.00 459:  0.00 460:  0.00 461:  0.00 462:  0.00 463:  0.00 464:  0.00
 465:  0.00 466:  0.00 467:  0.00 468:  0.00 469:  0.00 470:  0.00 471:  0.00 472:  0.00
 473:  0.00 474:  0.00 475:  0.00 476:  0.00 477:  0.00 478:  0.00 479:  0.00 480:  0.00
 481:  0.00 482:  0.00 483:  0.00 484:  0.00 485:  0.00 486:  0.00 487:  0.00 488:  0.00
 489:  0.00 490:  0.00 491:  0.00 492:  0.00 493:  0.00 494:  0.00 495:  0.00 496:  0.00
 497:  0.00 498:  0.00 499:  0.00 500:  0.00 501:  0.00 502:  0.00 503:  0.00 504:  0.00
 505:  0.00 506:  0.00 507:  0.00 508:  0.00 509:  0.00 510:  0.00 511:  0.00 512:  0.00
 513:  0.00 514:  0.00 515:  0.00 516:  0.00 517:  0.00 518:  0.00 519:  0.00 520:  0.00
 521:  0.00 522:  0.00 523:  0.00 524:  0.00 525:  0.00 526:  0.00 527:  0.00 528:  0.00
 529:  0.00 530:  0.00 531:  0.00 532:  0.00 533:  0.00 534:  0.00 535:  0.00 536:  0.00
 537:  0.00 538:  0.00 539:  0.00 540:  0.00 541:  0.00 542:  0.00 543:  0.00 544:  0.00
 545:  0.00 546:  0.00 547:  0.00 548:  0.00 549:  0.00 550:  0.00 551:  0.00 552:  0.00
 553:  0.00 554:  0.00 555:  0.00 556:  0.00 557:  0.00 558:  0.00
 output can be read by thermo (or use thermo option).
 writing <g98.out> molden fake output.
 recommended (thermochemical) frequency scaling factor: 1.0
           -------------------------------------------------
          |             Thermodynamic Functions             |
           -------------------------------------------------

Refinement of some symmetry elements was terminated before convergence was reached.
Some symmetry elements may remain unidentified.
Molecule has no symmetry elements
It seems to be the C1 point group
c1  symmetry found (for desy threshold:  0.10E+00) used in thermo

          ...................................................
          :                      SETUP                      :
          :.................................................:
          :  # frequencies                         552      :
          :  # imaginary freq.                       0      :
          :  linear?                             false      :
          :  only rotor calc.                    false      :
          :  symmetry                               c1      :
          :  rotational number                       1      :
          :  scaling factor                  1.0000000      :
          :  rotor cutoff                   50.0000000 cm⁻¹ :
          :  imag. cutoff                  -20.0000000 cm⁻¹ :
          :.................................................:

    mode    ω/cm⁻¹     T·S(HO)/kcal·mol⁻¹    T·S(FR)/kcal·mol⁻¹   T·S(vib)
   ------------------------------------------------------------------------
       1      4.96    -2.80416 (  0.01%)    -1.74117 ( 99.99%)    -1.74128
       2      5.48    -2.74499 (  0.01%)    -1.71159 ( 99.99%)    -1.71174
       3      5.74    -2.71736 (  0.02%)    -1.69777 ( 99.98%)    -1.69795
       4      6.61    -2.63403 (  0.03%)    -1.65611 ( 99.97%)    -1.65641
       5      9.92    -2.39316 (  0.15%)    -1.53566 ( 99.85%)    -1.53699
       6     13.28    -2.22031 (  0.50%)    -1.44922 ( 99.50%)    -1.45304
       7     13.69    -2.20227 (  0.56%)    -1.44020 ( 99.44%)    -1.44446
       8     14.00    -2.18902 (  0.61%)    -1.43357 ( 99.39%)    -1.43819
       9     14.85    -2.15442 (  0.77%)    -1.41626 ( 99.23%)    -1.42195
      10     17.39    -2.06074 (  1.44%)    -1.36940 ( 98.56%)    -1.37937
      11     18.34    -2.02944 (  1.78%)    -1.35373 ( 98.22%)    -1.36574
      12     20.13    -1.97404 (  2.56%)    -1.32602 ( 97.44%)    -1.34262
      13     22.49    -1.90840 (  3.94%)    -1.29317 ( 96.06%)    -1.31738
      14     27.08    -1.79856 (  7.93%)    -1.23818 ( 92.07%)    -1.28260
      15     28.21    -1.77451 (  9.20%)    -1.22614 ( 90.80%)    -1.27657
      16     31.21    -1.71473 ( 13.17%)    -1.19620 ( 86.83%)    -1.26451
      17     34.58    -1.65409 ( 18.61%)    -1.16582 ( 81.39%)    -1.25670
      18     35.72    -1.63483 ( 20.67%)    -1.15616 ( 79.33%)    -1.25509
      19     36.71    -1.61863 ( 22.52%)    -1.14804 ( 77.48%)    -1.25404
      20     38.70    -1.58756 ( 26.40%)    -1.13247 ( 73.60%)    -1.25263
      21     38.99    -1.58303 ( 27.00%)    -1.13019 ( 73.00%)    -1.25248
      22     41.69    -1.54360 ( 32.58%)    -1.11041 ( 67.42%)    -1.25154
      23     43.55    -1.51784 ( 36.52%)    -1.09749 ( 63.48%)    -1.25101
      24     45.19    -1.49595 ( 40.02%)    -1.08651 ( 59.98%)    -1.25038
      25     48.23    -1.45754 ( 46.40%)    -1.06722 ( 53.60%)    -1.24835
      26     48.98    -1.44847 ( 47.94%)    -1.06266 ( 52.06%)    -1.24761
      27     51.31    -1.42101 ( 52.59%)    -1.04886 ( 47.41%)    -1.24458
      28     51.74    -1.41618 ( 53.41%)    -1.04644 ( 46.59%)    -1.24391
      29     63.61    -1.29452 ( 72.38%)    -0.98521 ( 27.62%)    -1.20908
      30     66.40    -1.26931 ( 75.67%)    -0.97251 ( 24.33%)    -1.19710
      31     74.28    -1.20353 ( 82.97%)    -0.93930 ( 17.03%)    -1.15852
      32     74.59    -1.20109 ( 83.20%)    -0.93807 ( 16.80%)    -1.15690
      33     77.24    -1.18062 ( 85.06%)    -0.92772 ( 14.94%)    -1.14284
      34     78.37    -1.17212 ( 85.79%)    -0.92342 ( 14.21%)    -1.13677
      35     79.00    -1.16741 ( 86.17%)    -0.92103 ( 13.83%)    -1.13334
      36     80.80    -1.15423 ( 87.21%)    -0.91436 ( 12.79%)    -1.12356
      37     82.63    -1.14116 ( 88.18%)    -0.90774 ( 11.82%)    -1.11356
      38     89.84    -1.09227 ( 91.25%)    -0.88294 (  8.75%)    -1.07395
      39     95.70    -1.05544 ( 93.07%)    -0.86422 (  6.93%)    -1.04218
      40     97.80    -1.04283 ( 93.61%)    -0.85780 (  6.39%)    -1.03100
      41     97.85    -1.04256 ( 93.62%)    -0.85766 (  6.38%)    -1.03076
      42     99.61    -1.03216 ( 94.03%)    -0.85236 (  5.97%)    -1.02143
      43    101.43    -1.02168 ( 94.42%)    -0.84702 (  5.58%)    -1.01194
      44    105.41    -0.99932 ( 95.18%)    -0.83560 (  4.82%)    -0.99143
      45    109.61    -0.97670 ( 95.85%)    -0.82404 (  4.15%)    -0.97037
      46    112.71    -0.96055 ( 96.27%)    -0.81577 (  3.73%)    -0.95515
      47    116.45    -0.94167 ( 96.71%)    -0.80609 (  3.29%)    -0.93722
      48    119.86    -0.92504 ( 97.06%)    -0.79754 (  2.94%)    -0.92129
      49    123.73    -0.90674 ( 97.40%)    -0.78813 (  2.60%)    -0.90366
      50    127.64    -0.88886 ( 97.70%)    -0.77891 (  2.30%)    -0.88633
      51    131.93    -0.86992 ( 97.98%)    -0.76912 (  2.02%)    -0.86788
      52    133.30    -0.86401 ( 98.06%)    -0.76607 (  1.94%)    -0.86211
      53    140.84    -0.83256 ( 98.44%)    -0.74976 (  1.56%)    -0.83127
      54    143.94    -0.82017 ( 98.56%)    -0.74332 (  1.44%)    -0.81906
      55    147.49    -0.80630 ( 98.70%)    -0.73609 (  1.30%)    -0.80539
      56    147.60    -0.80588 ( 98.70%)    -0.73587 (  1.30%)    -0.80497
      57    149.40    -0.79901 ( 98.76%)    -0.73229 (  1.24%)    -0.79818
      58    151.31    -0.79178 ( 98.82%)    -0.72851 (  1.18%)    -0.79103
      59    151.56    -0.79087 ( 98.83%)    -0.72803 (  1.17%)    -0.79013
      60    162.89    -0.75014 ( 99.12%)    -0.70668 (  0.88%)    -0.74976
      61    169.65    -0.72728 ( 99.25%)    -0.69462 (  0.75%)    -0.72704
      62    178.74    -0.69813 ( 99.39%)    -0.67916 (  0.61%)    -0.69801
      63    179.64    -0.69534 ( 99.40%)    -0.67768 (  0.60%)    -0.69524
      64    179.73    -0.69506 ( 99.40%)    -0.67753 (  0.60%)    -0.69495
      65    180.61    -0.69232 ( 99.42%)    -0.67608 (  0.58%)    -0.69223
      66    180.97    -0.69121 ( 99.42%)    -0.67548 (  0.58%)    -0.69112
      67    183.59    -0.68325 ( 99.45%)    -0.67124 (  0.55%)    -0.68318
      68    185.69    -0.67694 ( 99.48%)    -0.66787 (  0.52%)    -0.67689
      69    192.00    -0.65844 ( 99.54%)    -0.65796 (  0.46%)    -0.65843
      70    194.97    -0.64997 ( 99.57%)    -0.65341 (  0.43%)    -0.64998
      71    195.08    -0.64966 ( 99.57%)    -0.65325 (  0.43%)    -0.64968
      72    196.18    -0.64657 ( 99.58%)    -0.65158 (  0.42%)    -0.64659
      73    196.31    -0.64622 ( 99.58%)    -0.65139 (  0.42%)    -0.64624
      74    199.17    -0.63826 ( 99.60%)    -0.64710 (  0.40%)    -0.63829
      75    204.99    -0.62249 ( 99.65%)    -0.63857 (  0.35%)    -0.62255
      76    208.69    -0.61274 ( 99.67%)    -0.63328 (  0.33%)    -0.61280
      77    214.88    -0.59685 ( 99.71%)    -0.62462 (  0.29%)    -0.59693
      78    228.91    -0.56274 ( 99.77%)    -0.60587 (  0.23%)    -0.56284
      79    229.59    -0.56117 ( 99.78%)    -0.60500 (  0.22%)    -0.56127
      80    234.57    -0.54970 ( 99.79%)    -0.59864 (  0.21%)    -0.54981
      81    247.35    -0.52159 ( 99.83%)    -0.58293 (  0.17%)    -0.52169
      82    248.76    -0.51860 ( 99.84%)    -0.58125 (  0.16%)    -0.51870
      83    257.85    -0.49979 ( 99.86%)    -0.57061 (  0.14%)    -0.49989
      84    266.00    -0.48362 ( 99.88%)    -0.56139 (  0.12%)    -0.48372
      85    267.89    -0.47995 ( 99.88%)    -0.55929 (  0.12%)    -0.48005
      86    273.06    -0.47011 ( 99.89%)    -0.55363 (  0.11%)    -0.47020
      87    277.48    -0.46188 ( 99.89%)    -0.54887 (  0.11%)    -0.46197
      88    280.78    -0.45584 ( 99.90%)    -0.54537 (  0.10%)    -0.45593
      89    282.82    -0.45215 ( 99.90%)    -0.54322 (  0.10%)    -0.45224
      90    285.05    -0.44816 ( 99.91%)    -0.54090 (  0.09%)    -0.44825
      91    289.14    -0.44096 ( 99.91%)    -0.53668 (  0.09%)    -0.44104
      92    289.36    -0.44057 ( 99.91%)    -0.53645 (  0.09%)    -0.44065
      93    291.57    -0.43674 ( 99.91%)    -0.53420 (  0.09%)    -0.43682
      94    297.68    -0.42633 ( 99.92%)    -0.52806 (  0.08%)    -0.42641
      95    298.95    -0.42419 ( 99.92%)    -0.52679 (  0.08%)    -0.42427
   ------------------------------------------------------------------------

   temp. (K)  partition function   enthalpy   heat capacity  entropy
                                   cal/mol     cal/K/mol   cal/K/mol   J/K/mol
 298.15  VIB  0.187E+54            63301.141    403.744    402.787
         ROT  0.142E+10              888.752      2.981     44.867
         INT  0.267E+63            64189.893    406.725    447.654
         TR   0.699E+29             1481.254      4.968     48.201
         TOT                       65671.1473   411.6931   495.8556  2074.6600

       T/K    H(0)-H(T)+PV         H(T)/Eh          T*S/Eh         G(T)/Eh
   ------------------------------------------------------------------------
    298.15    0.104654E+00    0.146620E+01    0.235597E+00    0.123061E+01
   ------------------------------------------------------------------------

         :::::::::::::::::::::::::::::::::::::::::::::::::::::
         ::                  THERMODYNAMIC                  ::
         :::::::::::::::::::::::::::::::::::::::::::::::::::::
         :: total free energy        -302.344412698906 Eh   ::
         ::.................................................::
         :: total energy             -303.575017928266 Eh   ::
         :: zero point energy           1.361548605736 Eh   ::
         :: G(RRHO) w/o ZPVE           -0.130943376376 Eh   ::
         :: G(RRHO) contrib.            1.230605229360 Eh   ::
         :::::::::::::::::::::::::::::::::::::::::::::::::::::

           -------------------------------------------------
          | TOTAL ENERGY             -303.575017928266 Eh   |
          | TOTAL ENTHALPY           -302.108815687890 Eh   |
          | TOTAL FREE ENERGY        -302.344412698906 Eh   |
          | GRADIENT NORM               0.000758072684 Eh/α |
          | HOMO-LUMO GAP               1.859375872166 eV   |
           -------------------------------------------------

------------------------------------------------------------------------
 * finished run on 2021/06/21 at 23:53:05.683     
------------------------------------------------------------------------
 total:
 * wall-time:     0 d,  0 h, 18 min,  8.153 sec
 *  cpu-time:     0 d,  1 h, 11 min, 57.565 sec
 * ratio c/w:     3.968 speedup
 SCF:
 * wall-time:     0 d,  0 h,  0 min,  3.143 sec
 *  cpu-time:     0 d,  0 h,  0 min,  9.576 sec
 * ratio c/w:     3.047 speedup
 numerical hessian:
 * wall-time:     0 d,  0 h, 18 min,  2.330 sec
 *  cpu-time:     0 d,  1 h, 11 min, 45.250 sec
 * ratio c/w:     3.978 speedup

