      -----------------------------------------------------------      
     |                   =====================                   |     
     |                           x T B                           |     
     |                   =====================                   |     
     |                         S. Grimme                         |     
     |          Mulliken Center for Theoretical Chemistry        |     
     |                    University of Bonn                     |     
     |                Version 6.2 RC2 (SAW190805)                |     
      -----------------------------------------------------------      

   This program is distributed in the hope that it will be useful,
   but WITHOUT ANY WARRANTY; without even the implied warranty of
   MERCHANTABILITY or FITNESS FOR A PARTICULAR PURPOSE.
   
   FOR NON-COMMERCIAL, ACADEMIA USE ONLY.
   
   Cite this work as:
   * S. Grimme, C. Bannwarth, P. Shushkov, J. Chem. Theory Comput., 2017,
     13, 1989-2009. DOI: 10.1021/acs.jctc.7b00118
   * C. Bannwarth, S. Ehlert and S. Grimme., J. Chem. Theory Comput., 2019,
     15, 1652-1671. DOI: 10.1021/acs.jctc.8b01176
   * P. Pracht, E. Caldeweyher, S. Ehlert, S. Grimme, ChemRxiv, 2019, preprint.
     DOI: 10.26434/chemrxiv.8326202.v1
   
   for DFT-D4:
   * E. Caldeweyher, C. Bannwarth and S. Grimme, J. Chem. Phys., 2017,
     147, 034112. DOI: 10.1063/1.4993215
   * E. Caldeweyher, S. Ehlert, A. Hansen, H. Neugebauer, S. Spicher,
     C. Bannwarth and S. Grimme, J. Chem. Phys., 2019, 150, 154122.
     DOI: 10.1063/1.5090222
   
   for sTDA-xTB:
   * S. Grimme and C. Bannwarth, J. Chem. Phys., 2016, 145, 054103.
     DOI: 10.1063/1.4959605
   
   in the mass-spec context:
   * V. Asgeirsson, C. Bauer and S. Grimme, Chem. Sci., 2017, 8, 4879.
     DOI: 10.1039/c7sc00601b
   
   for metadynamics refer to:
   * S. Grimme, J. Chem. Theory Comput., 2019, 155, 2847-2862
     DOI: 10.1021/acs.jctc.9b00143
   
   with help from (in alphabetical order)
   C. Bannwarth, F. Bohle, G. Brandenburg, E. Caldeweyher, M. Checinski,
   S. Dohm, S. Ehlert, S. Ehrlich, F. März, H. Neugebauer, J. Pisarek,
   P. Pracht, P. Shushkov, and S. Spicher.
   
 * started run on 2021/06/21 at 18:53:55.791     

           -------------------------------------------------
          |                Calculation Setup                |
           -------------------------------------------------

          program call               : /home/atarzia/software/xtb-190806/bin/xtb /data/atarzia/projects/unsymm/screening/production/free_energy_calculations/fe_4d2_a/input_structure.xyz --gfn 2 --hess --parallel 6 --etemp 300 --gbsa dmso --chrg 4 --uhf 0 -I det_control.in
          coordinate file            : /data/atarzia/projects/unsymm/screening/production/free_energy_calculations/fe_4d2_a/input_structure.xyz
          omp threads                :                     6
          number of atoms            :                   154
          number of electrons        :                   464
          charge                     :                     4
          spin                       :                   0.0
          first test random number   :      0.33579734132754


molecular fragmentation (1/2 indicates fragments):
111111111111111111111111111111111111111111111111111111111111111111111111
111121111111111111111111111111111111111112111111111111111111111111111111
1111111111
# atoms in fragment 1/2:   152     2
 fragment masses (1/2) :     1436.25        2.02
CMA distance (Bohr)    :  12.626
constraining FC (au)   :  0.0500

########################################################################
# WARNING! Please study the warnings concerning your input carefully
#  - XTBHOME is not set, using HOME instead
#  - XTBPATH is not set, using XTBHOME instead
#  - Process number higher than OMP_NUM_THREADS, I hope you know what you are doing.
########################################################################

           ------------------------------------------------- 
          |                 G F N 2 - x T B                 |
          | Geometry, Frequencies, Noncovalent interactions |
          |            JCTC 2019 parametrisation            |
           ------------------------------------------------- 
             k(s)              :                1.8500
             k(p)              :                2.2300
             k(d)              :                2.2300
             k(f)              :                2.0000
             kEN (H0ij)        :               -2.0000
             D4 a1             :                0.5200
             D4 a2             :                5.0000
             D4 s6             :                1.0000
             D4 s8             :                2.7000
             D4 s9             :                5.0000
             alphaj            :                2.0000

  Z AO/shell   Hii/eV     exponent
  1     Wed Apr 25 08:07:45 CEST 2018   EN: 2.200 GM2: 0.406  GM3: 0.0800  RAES: 1.40
     1s    -10.707211    1.230000
  6     Wed Apr 25 08:07:45 CEST 2018   EN: 2.550 GM2: 0.538  GM3: 0.1500  RAES: 3.00
     2s    -13.970922    2.096432
     2p    -10.063292    1.800000
  7     Wed Apr 25 08:07:45 CEST 2018   EN: 3.040 GM2: 0.461  GM3:-0.0640  RAES: 1.90
     2s    -16.686243    2.339881
     2p    -12.523956    2.014332
 46     Wed Apr 25 16:26:58 CEST 2018   EN: 2.200 GM2: 0.273  GM3: 0.0800  RAES: 5.00
     4d    -11.963518    2.353691
     5s     -9.714059    1.828354
     5p     -2.035281    1.333352

 Solvent             : dmso
 Using internal parameter file: .param_gbsa2_dmso
 Gsolv ref. state (COSMO-RS): gsolv [1 M gas/solution]
 temperature (mdtemp)       :    298.150000000000     
 dielectric constant        :    46.6800000000000     
 rho                        :    1.10000000000000     
 mass                       :    78.1300000000000     
 surface tension            :    15.5689454083859     
 probe radius               :   0.949087640000000     
 vdW radii scaling          :    1.00000000000000     
 Gshift (Eh)                :   5.161738145414381E-003
 c1                         :    1.63948621000000     
 soset                      :   1.179665000000000E-002
 HB correction              :  T
           ------------------------------------------------- 
          |        Self-Consistent Charge Iterations        |
           ------------------------------------------------- 

          ...................................................
          :                      SETUP                      :
          :.................................................:
          :  # basis functions                 460          :
          :  # atomic orbitals                 458          :
          :  # shells                          254          :
          :  # electrons                       464          :
          :  max. iterations                   250          :
          :  Hamiltonian                  GFN2-xTB          :
          :  restarted?                      false          :
          :  GBSA solvation                   true          :
          :  PC potential                    false          :
          :  electronic temp.          300.0000000     K    :
          :  accuracy                    1.0000000          :
          :  -> integral cutoff          0.2500000E+02      :
          :  -> integral neglect         0.1000000E-07      :
          :  -> SCF convergence          0.1000000E-05 Eh   :
          :  -> wf. convergence          0.1000000E-03 e    :
          :  Broyden damping             0.4000000          :
          ...................................................

 iter      E             dE          RMSdq      gap      omega  full diag
   1   -252.1770837 -0.252177E+03  0.555E+00    2.17       0.0  T
   2   -252.5401305 -0.363047E+00  0.355E+00    1.29       1.0  T
   3   -252.3075048  0.232626E+00  0.197E+00    1.39       1.0  T
   4   -252.7116112 -0.404106E+00  0.871E-01    1.80       1.0  T
   5   -252.7853444 -0.737332E-01  0.290E-01    1.76       1.0  T
   6   -252.7927289 -0.738451E-02  0.132E-01    1.83       1.0  T
   7   -252.7931961 -0.467246E-03  0.790E-02    1.83       1.0  T
   8   -252.7932930 -0.968615E-04  0.437E-02    1.83       1.0  T
   9   -252.7934964 -0.203392E-03  0.159E-02    1.84       1.0  T
  10   -252.7935131 -0.167216E-04  0.749E-03    1.83       1.1  T
  11   -252.7935140 -0.864523E-06  0.408E-03    1.84       2.0  T
  12   -252.7935147 -0.730422E-06  0.182E-03    1.84       4.4  T
  13   -252.7935149 -0.169514E-06  0.109E-03    1.84       7.4  T
  14   -252.7935149 -0.791130E-07  0.585E-04    1.84      13.8  T
  15   -252.7935150 -0.270528E-07  0.272E-04    1.84      29.6  T

   *** convergence criteria satisfied after 15 iterations ***

         #    Occupation            Energy/Eh            Energy/eV
      -------------------------------------------------------------
         1        2.0000           -0.7424910             -20.2042
       ...           ...                  ...                  ...
       226        2.0000           -0.4150818             -11.2950
       227        2.0000           -0.4110024             -11.1839
       228        2.0000           -0.4082692             -11.1096
       229        2.0000           -0.4045350             -11.0080
       230        2.0000           -0.4034543             -10.9786
       231        2.0000           -0.4009807             -10.9112
       232        2.0000           -0.3996716             -10.8756 (HOMO)
       233                         -0.3322232              -9.0403 (LUMO)
       234                         -0.3265283              -8.8853
       235                         -0.3222101              -8.7678
       236                         -0.3211700              -8.7395
       237                         -0.3199588              -8.7065
       ...                                ...                  ...
       458                          1.9144571              52.0950
      -------------------------------------------------------------
                  HL-Gap            0.0674484 Eh            1.8354 eV
             Fermi-level           -0.3659474 Eh           -9.9579 eV

 SCC (total)                   0 d,  0 h,  0 min,  1.938 sec
 SCC setup                      ...        0 min,  0.127 sec (  6.569%)
 Dispersion                     ...        0 min,  0.025 sec (  1.279%)
 integral evaluation            ...        0 min,  0.349 sec ( 18.036%)
 zeroth order Hamiltonian       ...        0 min,  0.005 sec (  0.237%)
 iterations                     ...        0 min,  1.149 sec ( 59.324%)
 molecular gradient             ...        0 min,  0.267 sec ( 13.786%)
 printout                       ...        0 min,  0.007 sec (  0.350%)

         :::::::::::::::::::::::::::::::::::::::::::::::::::::
         ::                     SUMMARY                     ::
         :::::::::::::::::::::::::::::::::::::::::::::::::::::
         :: total energy            -248.208402059720 Eh    ::
         :: total w/o Gsasa/hb      -248.104649033651 Eh    ::
         :: gradient norm              0.000679713299 Eh/a0 ::
         :: HOMO-LUMO gap              1.835363346460 eV    ::
         ::.................................................::
         :: SCC energy              -252.882757521360 Eh    ::
         :: -> isotropic ES            0.668590105982 Eh    ::
         :: -> anisotropic ES         -0.083589412285 Eh    ::
         :: -> anisotropic XC          0.175180552023 Eh    ::
         :: -> dispersion             -0.246931715634 Eh    ::
         :: -> Gsolv                  -0.695201475265 Eh    ::
         ::    -> Gborn               -0.591448449197 Eh    ::
         ::    -> Gsasa               -0.094404302203 Eh    ::
         ::    -> Ghb                 -0.014510462011 Eh    ::
         ::    -> Gshift               0.005161738145 Eh    ::
         :: repulsion energy           4.661999000673 Eh    ::
         :: add. restraining           0.000000000000 Eh    ::
         :::::::::::::::::::::::::::::::::::::::::::::::::::::

           ------------------------------------------------- 
          |                Numerical Hessian                |
           ------------------------------------------------- 
step length          :   0.00500
SCC accuracy         :   0.30000
Hessian scale factor :   1.00000
frozen atoms in %    :   0.00000    0
RMS gradient         :   0.00068
estimated CPU  time     91.32 min
estimated wall time     24.21 min

writing file <hessian>.

 projected vibrational frequencies (cm-1)
eigval :       -0.00    -0.00    -0.00     0.00     0.00     0.00
eigval :        6.80    10.06    11.06    12.21    15.29    20.76
eigval :       21.47    23.13    28.72    29.75    30.07    36.68
eigval :       39.64    43.53    49.36    55.64    59.60    61.99
eigval :       64.12    67.47    70.34    74.64    76.49    80.90
eigval :       83.83    85.72    91.08    93.21    94.19    98.04
eigval :      100.56   106.99   115.01   116.41   119.89   123.25
eigval :      125.34   129.30   132.20   133.80   136.68   139.29
eigval :      146.62   148.61   155.60   157.87   162.27   165.92
eigval :      166.77   174.08   179.08   179.42   184.94   187.47
eigval :      190.83   197.38   204.24   209.82   211.16   219.99
eigval :      224.16   229.84   232.78   235.51   239.17   243.93
eigval :      259.64   263.77   275.25   281.03   285.98   287.09
eigval :      287.42   298.60   302.31   303.28   310.89   314.94
eigval :      332.26   332.52   334.93   339.97   341.54   343.15
eigval :      344.42   346.47   352.48   354.83   359.20   361.64
eigval :      363.11   371.97   378.38   381.09   389.20   394.72
eigval :      396.15   397.92   398.32   400.61   420.61   426.04
eigval :      427.99   428.76   439.88   446.28   449.05   452.78
eigval :      469.65   472.75   473.17   474.88   475.92   476.84
eigval :      477.34   479.84   491.45   494.04   496.88   497.68
eigval :      506.89   512.75   515.40   516.30   517.87   518.66
eigval :      519.37   525.41   533.87   535.29   537.07   538.23
eigval :      570.68   573.05   575.26   577.93   583.13   586.58
eigval :      587.13   589.32   591.63   592.41   596.86   597.85
eigval :      614.63   617.74   620.67   621.41   623.84   625.47
eigval :      626.56   628.66   655.48   658.20   658.37   659.32
eigval :      667.43   668.61   669.29   671.51   693.18   693.41
eigval :      703.16   703.86   724.93   725.98   726.31   727.04
eigval :      734.11   735.46   737.74   738.52   773.86   777.32
eigval :      779.28   779.86   782.14   783.61   785.12   788.86
eigval :      796.98   799.79   802.12   803.30   807.58   814.96
eigval :      817.01   822.21   830.01   830.50   832.71   839.22
eigval :      846.05   848.20   849.75   850.32   851.93   858.05
eigval :      860.72   861.90   863.63   866.78   867.77   871.02
eigval :      872.27   875.01   877.46   886.53   890.96   892.28
eigval :      895.08   895.89   896.63   896.91   897.52   898.78
eigval :      899.36   901.32   901.72   901.96   903.96   904.16
eigval :      904.89   905.11   905.41   908.34   909.32   910.49
eigval :      911.15   915.17   921.20   925.21   934.40   936.00
eigval :      936.54   936.61   937.02   937.23   937.39   937.64
eigval :      975.81   976.65   978.33   978.42   991.93   994.43
eigval :     1003.69  1006.44  1049.90  1051.13  1051.92  1052.55
eigval :     1060.02  1067.11  1068.87  1070.26  1070.74  1073.40
eigval :     1076.70  1080.21  1084.49  1086.51  1092.89  1095.89
eigval :     1104.40  1108.09  1110.25  1111.90  1114.40  1117.67
eigval :     1117.77  1122.34  1123.03  1129.03  1130.25  1132.95
eigval :     1163.15  1164.28  1168.44  1169.64  1170.31  1172.78
eigval :     1173.70  1174.57  1177.25  1180.03  1184.20  1186.58
eigval :     1188.26  1189.35  1191.20  1192.95  1194.47  1196.48
eigval :     1198.23  1202.98  1210.92  1213.77  1214.81  1216.72
eigval :     1218.14  1220.74  1221.57  1222.34  1227.99  1234.63
eigval :     1238.37  1243.79  1247.35  1248.91  1250.20  1256.52
eigval :     1268.45  1270.41  1270.88  1272.21  1282.14  1285.62
eigval :     1289.27  1295.30  1296.83  1299.34  1305.43  1310.77
eigval :     1312.03  1313.71  1313.77  1314.52  1317.44  1319.19
eigval :     1319.39  1320.33  1346.36  1350.06  1358.09  1359.59
eigval :     1363.57  1366.67  1370.02  1371.28  1371.84  1372.61
eigval :     1390.45  1395.59  1396.06  1396.54  1397.13  1399.86
eigval :     1401.24  1401.42  1409.19  1410.83  1417.27  1417.91
eigval :     1419.13  1420.40  1439.67  1442.68  1447.99  1450.40
eigval :     1465.90  1467.35  1467.78  1468.88  1469.20  1470.65
eigval :     1471.09  1472.81  1502.15  1508.22  1516.27  1520.35
eigval :     1524.05  1524.17  1527.22  1528.25  1541.19  1543.96
eigval :     1547.37  1549.42  1555.25  1556.94  1557.73  1558.66
eigval :     1559.04  1560.94  1564.97  1565.72  1570.14  1571.16
eigval :     1571.50  1572.69  1573.33  1574.34  1578.14  1580.18
eigval :     2281.44  2292.00  2305.72  2308.39  2922.69  2977.68
eigval :     2988.84  3002.50  3003.33  3010.90  3013.17  3015.46
eigval :     3016.07  3020.71  3023.30  3024.96  3031.86  3045.43
eigval :     3048.32  3057.81  3087.39  3088.97  3090.52  3093.42
eigval :     3093.68  3093.74  3093.88  3094.02  3101.07  3101.98
eigval :     3102.48  3102.97  3103.00  3103.22  3103.30  3105.12
eigval :     3106.58  3107.31  3108.30  3108.70  3108.98  3109.06
eigval :     3109.17  3110.33  3111.26  3111.32  3111.48  3111.93
eigval :     3112.50  3113.01  3113.02  3115.36  3115.93  3116.65
eigval :     3116.96  3117.16  3117.52  3120.08  3120.87  3121.63
           -------------------------------------------------
          |                Property Printout                |
           -------------------------------------------------

    * Orbital Energies and Occupations

         #    Occupation            Energy/Eh            Energy/eV
      -------------------------------------------------------------
         1        2.0000           -0.7424904             -20.2042
       ...           ...                  ...                  ...
       220        2.0000           -0.4243452             -11.5470
       221        2.0000           -0.4217475             -11.4763
       222        2.0000           -0.4214927             -11.4694
       223        2.0000           -0.4209051             -11.4534
       224        2.0000           -0.4200052             -11.4289
       225        2.0000           -0.4179148             -11.3720
       226        2.0000           -0.4150839             -11.2950
       227        2.0000           -0.4110034             -11.1840
       228        2.0000           -0.4082700             -11.1096
       229        2.0000           -0.4045370             -11.0080
       230        2.0000           -0.4034560             -10.9786
       231        2.0000           -0.4009830             -10.9113
       232        2.0000           -0.3996734             -10.8757 (HOMO)
       233                         -0.3322236              -9.0403 (LUMO)
       234                         -0.3265296              -8.8853
       235                         -0.3222123              -8.7678
       236                         -0.3211724              -8.7395
       237                         -0.3199607              -8.7066
       238                         -0.3171095              -8.6290
       239                         -0.3156895              -8.5903
       240                         -0.3038761              -8.2689
       241                         -0.2933227              -7.9817
       242                         -0.2923132              -7.9542
       243                         -0.2873479              -7.8191
       ...                                ...                  ...
       458                          1.9144575              52.0950
      -------------------------------------------------------------
                  HL-Gap            0.0674498 Eh            1.8354 eV
             Fermi-level           -0.3659485 Eh           -9.9580 eV

     #   Z        covCN         q      C6AA      α(0)
     1  46 Pd     3.511    -0.060   273.284    34.093
     2  46 Pd     3.921     0.030   362.360    34.765
     3   6 C      1.983    -0.015    31.446     9.056
     4   6 C      1.982    -0.031    31.875     9.117
     5   6 C      2.965     0.045    26.977     8.519
     6   6 C      2.928    -0.020    28.518     8.758
     7   6 C      2.914    -0.015    28.375     8.735
     8   6 C      2.915    -0.030    28.737     8.791
     9   6 C      2.990     0.028    27.368     8.581
    10   6 C      2.912    -0.031    28.781     8.797
    11   6 C      2.908     0.046    26.963     8.514
    12   7 N      2.658    -0.121    23.639     7.221
    13   6 C      2.888     0.064    26.560     8.449
    14   6 C      2.984    -0.007    28.185     8.709
    15   1 H      0.926     0.067     2.119     2.276
    16   1 H      0.926     0.057     2.233     2.337
    17   1 H      0.926     0.062     2.173     2.305
    18   1 H      0.926     0.088     1.901     2.156
    19   1 H      0.925     0.107     1.721     2.051
    20   1 H      0.925     0.133     1.509     1.921
    21   6 C      2.970     0.042    27.054     8.532
    22   6 C      2.926    -0.018    28.448     8.747
    23   6 C      2.916    -0.023    28.569     8.765
    24   6 C      2.922    -0.022    28.547     8.762
    25   6 C      2.976    -0.005    28.131     8.700
    26   6 C      2.932    -0.037    28.909     8.818
    27   1 H      0.926     0.052     2.300     2.372
    28   1 H      0.926     0.049     2.329     2.386
    29   1 H      0.926     0.068     2.111     2.272
    30   1 H      0.926     0.089     1.889     2.149
    31   6 C      2.985     0.023    27.495     8.601
    32   6 C      2.919    -0.025    28.617     8.772
    33   6 C      2.918     0.085    26.105     8.378
    34   7 N      2.671    -0.299    27.699     7.816
    35   6 C      2.893     0.060    26.664     8.466
    36   6 C      2.920    -0.038    28.939     8.822
    37   1 H      0.926     0.116     1.644     2.005
    38   1 H      0.925     0.145     1.425     1.867
    39   1 H      0.925     0.140     1.458     1.889
    40   1 H      0.926     0.125     1.572     1.961
    41   6 C      1.983    -0.014    31.437     9.055
    42   6 C      1.991    -0.030    31.847     9.114
    43   6 C      2.963     0.046    26.967     8.518
    44   6 C      2.942    -0.021    28.529     8.760
    45   6 C      2.913    -0.015    28.377     8.735
    46   6 C      2.917    -0.029    28.731     8.790
    47   6 C      2.992     0.026    27.410     8.588
    48   6 C      2.912    -0.031    28.779     8.797
    49   6 C      2.963     0.043    27.042     8.530
    50   7 N      2.650    -0.100    23.205     7.154
    51   6 C      2.878     0.062    26.616     8.458
    52   6 C      2.977    -0.003    28.096     8.695
    53   1 H      0.926     0.065     2.141     2.288
    54   1 H      0.926     0.057     2.236     2.339
    55   1 H      0.926     0.062     2.177     2.307
    56   1 H      0.926     0.087     1.907     2.159
    57   1 H      0.924     0.117     1.635     1.999
    58   1 H      0.925     0.140     1.458     1.888
    59   6 C      2.968     0.040    27.105     8.540
    60   6 C      2.929    -0.021    28.520     8.758
    61   6 C      2.916    -0.024    28.595     8.769
    62   6 C      2.921    -0.021    28.532     8.759
    63   6 C      2.974    -0.005    28.143     8.702
    64   6 C      2.930    -0.043    29.062     8.841
    65   1 H      0.926     0.052     2.294     2.368
    66   1 H      0.926     0.045     2.377     2.411
    67   1 H      0.926     0.057     2.230     2.335
    68   1 H      0.926     0.079     1.986     2.204
    69   6 C      2.983     0.017    27.633     8.623
    70   6 C      2.918    -0.032    28.802     8.801
    71   6 C      2.956     0.056    26.748     8.483
    72   7 N      2.661    -0.108    23.379     7.181
    73   6 C      3.016     0.051    26.831     8.497
    74   6 C      2.919    -0.039    28.972     8.827
    75   1 H      0.926     0.095     1.831     2.116
    76   1 H      0.925     0.133     1.513     1.924
    77   1 H      0.925     0.140     1.461     1.890
    78   1 H      0.926     0.113     1.669     2.020
    79   6 C      1.984    -0.014    31.436     9.055
    80   6 C      1.987    -0.030    31.858     9.115
    81   6 C      2.964     0.045    26.982     8.520
    82   6 C      2.936    -0.021    28.535     8.761
    83   6 C      2.913    -0.014    28.368     8.734
    84   6 C      2.916    -0.029    28.723     8.788
    85   6 C      2.991     0.027    27.388     8.585
    86   6 C      2.912    -0.031    28.776     8.796
    87   6 C      2.917     0.043    27.032     8.526
    88   7 N      2.652    -0.088    22.972     7.118
    89   6 C      2.886     0.057    26.709     8.473
    90   6 C      2.980    -0.005    28.144     8.702
    91   1 H      0.926     0.066     2.125     2.279
    92   1 H      0.926     0.057     2.238     2.340
    93   1 H      0.926     0.062     2.176     2.307
    94   1 H      0.926     0.087     1.913     2.163
    95   1 H      0.925     0.111     1.689     2.033
    96   1 H      0.925     0.137     1.484     1.905
    97   6 C      2.969     0.040    27.110     8.541
    98   6 C      2.922    -0.022    28.558     8.764
    99   6 C      2.917    -0.024    28.602     8.770
   100   6 C      2.920    -0.022    28.555     8.763
   101   6 C      2.974    -0.002    28.079     8.692
   102   6 C      2.940    -0.043    29.068     8.842
   103   1 H      0.926     0.056     2.250     2.346
   104   1 H      0.926     0.044     2.393     2.419
   105   1 H      0.926     0.054     2.270     2.356
   106   1 H      0.926     0.077     2.007     2.215
   107   6 C      2.983     0.022    27.509     8.603
   108   6 C      2.918    -0.038    28.951     8.823
   109   6 C      3.101     0.055    26.636     8.457
   110   7 N      2.654    -0.110    23.417     7.187
   111   6 C      2.947     0.057    26.727     8.479
   112   6 C      2.917    -0.032    28.797     8.800
   113   1 H      0.926     0.108     1.713     2.046
   114   1 H      0.925     0.135     1.495     1.912
   115   1 H      0.925     0.123     1.587     1.970
   116   1 H      0.926     0.094     1.838     2.120
   117   6 C      1.985    -0.016    31.466     9.059
   118   6 C      1.981    -0.031    31.888     9.119
   119   6 C      2.965     0.046    26.962     8.517
   120   6 C      2.924    -0.020    28.502     8.755
   121   6 C      2.914    -0.014    28.365     8.733
   122   6 C      2.914    -0.029    28.734     8.790
   123   6 C      2.989     0.028    27.362     8.581
   124   6 C      2.912    -0.031    28.767     8.795
   125   6 C      2.917     0.046    26.970     8.516
   126   7 N      2.660    -0.119    23.604     7.216
   127   6 C      2.888     0.062    26.598     8.455
   128   6 C      2.987    -0.008    28.214     8.713
   129   1 H      0.926     0.067     2.122     2.278
   130   1 H      0.926     0.058     2.228     2.334
   131   1 H      0.926     0.064     2.153     2.295
   132   1 H      0.926     0.090     1.876     2.142
   133   1 H      0.925     0.114     1.664     2.017
   134   1 H      0.925     0.133     1.514     1.924
   135   6 C      2.970     0.041    27.088     8.537
   136   6 C      2.922    -0.019    28.473     8.750
   137   6 C      2.917    -0.024    28.598     8.769
   138   6 C      2.921    -0.025    28.619     8.773
   139   6 C      2.973    -0.003    28.086     8.693
   140   6 C      2.938    -0.036    28.895     8.816
   141   1 H      0.926     0.055     2.263     2.352
   142   1 H      0.926     0.054     2.274     2.358
   143   1 H      0.926     0.071     2.078     2.254
   144   1 H      0.926     0.081     1.964     2.191
   145   6 C      2.982     0.026    27.411     8.588
   146   6 C      2.918    -0.026    28.643     8.776
   147   6 C      2.909     0.082    26.175     8.389
   148   7 N      2.674    -0.256    26.647     7.667
   149   6 C      2.921     0.060    26.657     8.467
   150   6 C      2.920    -0.038    28.947     8.823
   151   1 H      0.926     0.110     1.693     2.035
   152   1 H      0.925     0.141     1.453     1.885
   153   1 H      0.925     0.131     1.528     1.933
   154   1 H      0.926     0.127     1.557     1.951

 Mol. C6AA /au·bohr⁶  :     383528.807440
 Mol. C8AA /au·bohr⁸  :   10925662.451950
 Mol. α(0) /au        :       1014.008163


Wiberg/Mayer (AO) data.
largest (>0.10) Wiberg bond orders for each atom
          total WBO             WBO to atom ...
     1  Pd  3.441        N   88 0.610    N   50 0.595    N  126 0.592    N   12 0.581    C   49 0.103
     2  Pd  3.555        N  148 0.577    N   72 0.561    N   34 0.558    N  110 0.545    C  109 0.139    C   73 0.121
     3  C   3.943        C    4 2.640    C   21 1.129
     4  C   3.953        C    3 2.640    C    5 1.143
     5  C   3.984        C    6 1.443    C   14 1.202    C    4 1.143
     6  C   3.968        C    5 1.443    C    7 1.351    H   15 0.967
     7  C   3.983        C    8 1.518    C    6 1.351    H   16 0.968
     8  C   3.948        C    7 1.518    C    9 1.294    H   17 0.966
     9  C   3.988        C    8 1.294    C   10 1.272    C   14 1.230
    10  C   3.979        C   11 1.557    C    9 1.272    H   18 0.960    C   13 0.103
    11  C   3.972        C   10 1.557    N   12 1.244    H   19 0.912
    12  N   3.513        C   13 1.432    C   11 1.244    Pd   1 0.581
    13  C   3.962        N   12 1.432    C   14 1.318    H   20 0.914    C   10 0.103
    14  C   3.980        C   13 1.318    C    9 1.230    C    5 1.202
    15  H   0.995        C    6 0.967
    16  H   0.995        C    7 0.968
    17  H   0.995        C    8 0.966
    18  H   0.991        C   10 0.960
    19  H   0.988        C   11 0.912
    20  H   0.981        C   13 0.914
    21  C   3.987        C   26 1.371    C   22 1.343    C    3 1.129
    22  C   3.961        C   23 1.449    C   21 1.343    H   27 0.970
    23  C   3.989        C   22 1.449    C   24 1.443    H   28 0.968
    24  C   3.950        C   23 1.443    C   25 1.363    H   29 0.965
    25  C   3.985        C   26 1.386    C   24 1.363    C   31 1.072
    26  C   3.965        C   25 1.386    C   21 1.371    H   30 0.961
    27  H   0.997        C   22 0.970
    28  H   0.996        C   23 0.968
    29  H   0.995        C   24 0.965
    30  H   0.992        C   26 0.961
    31  C   3.978        C   32 1.356    C   36 1.355    C   25 1.072
    32  C   3.978        C   33 1.474    C   31 1.356    H   37 0.953
    33  C   3.949        C   32 1.474    N   34 1.297    H   38 0.899
    34  N   3.406        C   35 1.298    C   33 1.297    Pd   2 0.558
    35  C   3.948        C   36 1.475    N   34 1.298    H   39 0.913
    36  C   3.976        C   35 1.475    C   31 1.355    H   40 0.950
    37  H   0.986        C   32 0.953
    38  H   0.977        C   33 0.899
    39  H   0.980        C   35 0.913
    40  H   0.984        C   36 0.950
    41  C   3.934        C   42 2.636    C   59 1.126
    42  C   3.946        C   41 2.636    C   43 1.137
    43  C   3.982        C   44 1.432    C   52 1.214    C   42 1.137
    44  C   3.976        C   43 1.432    C   45 1.358    H   53 0.967
    45  C   3.983        C   46 1.512    C   44 1.358    H   54 0.967
    46  C   3.949        C   45 1.512    C   47 1.299    H   55 0.965
    47  C   3.988        C   46 1.299    C   48 1.266    C   52 1.230
    48  C   3.980        C   49 1.566    C   47 1.266    H   56 0.960    C   51 0.100
    49  C   3.974        C   48 1.566    N   50 1.232    H   57 0.887    Pd   1 0.103
    50  N   3.519        C   51 1.446    C   49 1.232    Pd   1 0.595
    51  C   3.956        N   50 1.446    C   52 1.307    H   58 0.924    C   48 0.100
    52  C   3.980        C   51 1.307    C   47 1.230    C   43 1.214
    53  H   0.995        C   44 0.967
    54  H   0.994        C   45 0.967
    55  H   0.995        C   46 0.965
    56  H   0.991        C   48 0.960
    57  H   0.985        C   49 0.887
    58  H   0.979        C   51 0.924
    59  C   3.986        C   64 1.378    C   60 1.337    C   41 1.126
    60  C   3.970        C   61 1.454    C   59 1.337    H   65 0.969
    61  C   3.989        C   60 1.454    C   62 1.438    H   66 0.968
    62  C   3.952        C   61 1.438    C   63 1.373    H   67 0.966
    63  C   3.985        C   64 1.382    C   62 1.373    C   69 1.068
    64  C   3.968        C   63 1.382    C   59 1.378    H   68 0.960
    65  H   0.997        C   60 0.969
    66  H   0.996        C   61 0.968
    67  H   0.997        C   62 0.966
    68  H   0.994        C   64 0.960
    69  C   3.977        C   70 1.370    C   74 1.347    C   63 1.068
    70  C   3.982        C   71 1.450    C   69 1.370    H   75 0.956
    71  C   3.963        C   70 1.450    N   72 1.331    H   76 0.918
    72  N   3.443        C   71 1.331    C   73 1.306    Pd   2 0.561
    73  C   3.964        C   74 1.466    N   72 1.306    H   77 0.901    Pd   2 0.121
    74  C   3.980        C   73 1.466    C   69 1.347    H   78 0.953
    75  H   0.990        C   70 0.956
    76  H   0.981        C   71 0.918
    77  H   0.979        C   73 0.901
    78  H   0.987        C   74 0.953
    79  C   3.938        C   80 2.639    C   97 1.118
    80  C   3.946        C   79 2.639    C   81 1.130
    81  C   3.983        C   82 1.445    C   90 1.211    C   80 1.130    C   84 0.101
    82  C   3.977        C   81 1.445    C   83 1.349    H   91 0.967
    83  C   3.982        C   84 1.520    C   82 1.349    H   92 0.967
    84  C   3.954        C   83 1.520    C   85 1.295    H   93 0.965    C   81 0.101
    85  C   3.988        C   84 1.295    C   86 1.273    C   90 1.228
    86  C   3.980        C   87 1.555    C   85 1.273    H   94 0.960    C   89 0.104
    87  C   3.972        C   86 1.555    N   88 1.241    H   95 0.909
    88  N   3.534        C   89 1.432    C   87 1.241    Pd   1 0.610
    89  C   3.961        N   88 1.432    C   90 1.314    H   96 0.919    C   86 0.104
    90  C   3.981        C   89 1.314    C   85 1.228    C   81 1.211
    91  H   0.995        C   82 0.967
    92  H   0.994        C   83 0.967
    93  H   0.995        C   84 0.965
    94  H   0.991        C   86 0.960
    95  H   0.986        C   87 0.909
    96  H   0.980        C   89 0.919
    97  C   3.987        C  102 1.372    C   98 1.353    C   79 1.118
    98  C   3.970        C   99 1.447    C   97 1.353    H  103 0.969
    99  C   3.989        C   98 1.447    C  100 1.444    H  104 0.969    C  102 0.101
   100  C   3.958        C   99 1.444    C  101 1.371    H  105 0.967
   101  C   3.987        C  102 1.383    C  100 1.371    C  107 1.068
   102  C   3.974        C  101 1.383    C   97 1.372    H  106 0.960    C   99 0.101
   103  H   0.996        C   98 0.969
   104  H   0.996        C   99 0.969
   105  H   0.997        C  100 0.967
   106  H   0.994        C  102 0.960
   107  C   3.977        C  112 1.370    C  108 1.343    C  101 1.068
   108  C   3.979        C  109 1.458    C  107 1.343    H  113 0.953
   109  C   3.966        C  108 1.458    N  110 1.295    H  114 0.905    Pd   2 0.139
   110  N   3.412        C  111 1.332    C  109 1.295    Pd   2 0.545
   111  C   3.963        C  112 1.449    N  110 1.332    H  115 0.928
   112  C   3.982        C  111 1.449    C  107 1.370    H  116 0.956
   113  H   0.988        C  108 0.953
   114  H   0.980        C  109 0.905
   115  H   0.984        C  111 0.928
   116  H   0.991        C  112 0.956
   117  C   3.940        C  118 2.643    C  135 1.120
   118  C   3.951        C  117 2.643    C  119 1.135
   119  C   3.984        C  120 1.453    C  128 1.200    C  118 1.135
   120  C   3.976        C  119 1.453    C  121 1.347    H  129 0.967
   121  C   3.982        C  122 1.521    C  120 1.347    H  130 0.968
   122  C   3.952        C  121 1.521    C  123 1.294    H  131 0.965
   123  C   3.988        C  122 1.294    C  124 1.270    C  128 1.231
   124  C   3.979        C  125 1.559    C  123 1.270    H  132 0.960    C  127 0.102
   125  C   3.971        C  124 1.559    N  126 1.237    H  133 0.906
   126  N   3.515        C  127 1.432    C  125 1.237    Pd   1 0.592
   127  C   3.962        N  126 1.432    C  128 1.316    H  134 0.916    C  124 0.102
   128  C   3.981        C  127 1.316    C  123 1.231    C  119 1.200
   129  H   0.995        C  120 0.967
   130  H   0.995        C  121 0.968
   131  H   0.995        C  122 0.965
   132  H   0.991        C  124 0.960
   133  H   0.986        C  125 0.906
   134  H   0.981        C  127 0.916
   135  C   3.988        C  140 1.372    C  136 1.353    C  117 1.120
   136  C   3.966        C  137 1.443    C  135 1.353    H  141 0.969
   137  C   3.988        C  138 1.450    C  136 1.443    H  142 0.968
   138  C   3.955        C  137 1.450    C  139 1.359    H  143 0.963
   139  C   3.985        C  140 1.382    C  138 1.359    C  145 1.080
   140  C   3.971        C  139 1.382    C  135 1.372    H  144 0.960
   141  H   0.996        C  136 0.969
   142  H   0.995        C  137 0.968
   143  H   0.995        C  138 0.963
   144  H   0.993        C  140 0.960
   145  C   3.977        C  146 1.360    C  150 1.345    C  139 1.080
   146  C   3.978        C  147 1.466    C  145 1.360    H  151 0.954
   147  C   3.950        C  146 1.466    N  148 1.304    H  152 0.907
   148  N   3.430        C  147 1.304    C  149 1.290    Pd   2 0.577
   149  C   3.956        C  150 1.484    N  148 1.290    H  153 0.905
   150  C   3.975        C  149 1.484    C  145 1.345    H  154 0.948
   151  H   0.987        C  146 0.954
   152  H   0.979        C  147 0.907
   153  H   0.982        C  149 0.905
   154  H   0.983        C  150 0.948

molecular dipole:
                 x           y           z       tot (Debye)
 q only:       -1.658       6.452       1.330
   full:       -1.250       6.839       1.015      17.860
molecular quadrupole (traceless):
                xx          xy          yy          xz          yz          zz
 q only:      -69.484      35.184     176.011      19.842     -49.171    -106.527
  q+dip:      -74.395      28.711     196.084      29.390     -53.719    -121.690
   full:      -68.660      35.232     178.027      28.615     -53.611    -109.367

           -------------------------------------------------
          |               Frequency Printout                |
           -------------------------------------------------
 projected vibrational frequencies (cm-1)
eigval :       -0.00    -0.00    -0.00     0.00     0.00     0.00
eigval :        6.80    10.06    11.06    12.21    15.29    20.76
eigval :       21.47    23.13    28.72    29.75    30.07    36.68
eigval :       39.64    43.53    49.36    55.64    59.60    61.99
eigval :       64.12    67.47    70.34    74.64    76.49    80.90
eigval :       83.83    85.72    91.08    93.21    94.19    98.04
eigval :      100.56   106.99   115.01   116.41   119.89   123.25
eigval :      125.34   129.30   132.20   133.80   136.68   139.29
eigval :      146.62   148.61   155.60   157.87   162.27   165.92
eigval :      166.77   174.08   179.08   179.42   184.94   187.47
eigval :      190.83   197.38   204.24   209.82   211.16   219.99
eigval :      224.16   229.84   232.78   235.51   239.17   243.93
eigval :      259.64   263.77   275.25   281.03   285.98   287.09
eigval :      287.42   298.60   302.31   303.28   310.89   314.94
eigval :      332.26   332.52   334.93   339.97   341.54   343.15
eigval :      344.42   346.47   352.48   354.83   359.20   361.64
eigval :      363.11   371.97   378.38   381.09   389.20   394.72
eigval :      396.15   397.92   398.32   400.61   420.61   426.04
eigval :      427.99   428.76   439.88   446.28   449.05   452.78
eigval :      469.65   472.75   473.17   474.88   475.92   476.84
eigval :      477.34   479.84   491.45   494.04   496.88   497.68
eigval :      506.89   512.75   515.40   516.30   517.87   518.66
eigval :      519.37   525.41   533.87   535.29   537.07   538.23
eigval :      570.68   573.05   575.26   577.93   583.13   586.58
eigval :      587.13   589.32   591.63   592.41   596.86   597.85
eigval :      614.63   617.74   620.67   621.41   623.84   625.47
eigval :      626.56   628.66   655.48   658.20   658.37   659.32
eigval :      667.43   668.61   669.29   671.51   693.18   693.41
eigval :      703.16   703.86   724.93   725.98   726.31   727.04
eigval :      734.11   735.46   737.74   738.52   773.86   777.32
eigval :      779.28   779.86   782.14   783.61   785.12   788.86
eigval :      796.98   799.79   802.12   803.30   807.58   814.96
eigval :      817.01   822.21   830.01   830.50   832.71   839.22
eigval :      846.05   848.20   849.75   850.32   851.93   858.05
eigval :      860.72   861.90   863.63   866.78   867.77   871.02
eigval :      872.27   875.01   877.46   886.53   890.96   892.28
eigval :      895.08   895.89   896.63   896.91   897.52   898.78
eigval :      899.36   901.32   901.72   901.96   903.96   904.16
eigval :      904.89   905.11   905.41   908.34   909.32   910.49
eigval :      911.15   915.17   921.20   925.21   934.40   936.00
eigval :      936.54   936.61   937.02   937.23   937.39   937.64
eigval :      975.81   976.65   978.33   978.42   991.93   994.43
eigval :     1003.69  1006.44  1049.90  1051.13  1051.92  1052.55
eigval :     1060.02  1067.11  1068.87  1070.26  1070.74  1073.40
eigval :     1076.70  1080.21  1084.49  1086.51  1092.89  1095.89
eigval :     1104.40  1108.09  1110.25  1111.90  1114.40  1117.67
eigval :     1117.77  1122.34  1123.03  1129.03  1130.25  1132.95
eigval :     1163.15  1164.28  1168.44  1169.64  1170.31  1172.78
eigval :     1173.70  1174.57  1177.25  1180.03  1184.20  1186.58
eigval :     1188.26  1189.35  1191.20  1192.95  1194.47  1196.48
eigval :     1198.23  1202.98  1210.92  1213.77  1214.81  1216.72
eigval :     1218.14  1220.74  1221.57  1222.34  1227.99  1234.63
eigval :     1238.37  1243.79  1247.35  1248.91  1250.20  1256.52
eigval :     1268.45  1270.41  1270.88  1272.21  1282.14  1285.62
eigval :     1289.27  1295.30  1296.83  1299.34  1305.43  1310.77
eigval :     1312.03  1313.71  1313.77  1314.52  1317.44  1319.19
eigval :     1319.39  1320.33  1346.36  1350.06  1358.09  1359.59
eigval :     1363.57  1366.67  1370.02  1371.28  1371.84  1372.61
eigval :     1390.45  1395.59  1396.06  1396.54  1397.13  1399.86
eigval :     1401.24  1401.42  1409.19  1410.83  1417.27  1417.91
eigval :     1419.13  1420.40  1439.67  1442.68  1447.99  1450.40
eigval :     1465.90  1467.35  1467.78  1468.88  1469.20  1470.65
eigval :     1471.09  1472.81  1502.15  1508.22  1516.27  1520.35
eigval :     1524.05  1524.17  1527.22  1528.25  1541.19  1543.96
eigval :     1547.37  1549.42  1555.25  1556.94  1557.73  1558.66
eigval :     1559.04  1560.94  1564.97  1565.72  1570.14  1571.16
eigval :     1571.50  1572.69  1573.33  1574.34  1578.14  1580.18
eigval :     2281.44  2292.00  2305.72  2308.39  2922.69  2977.68
eigval :     2988.84  3002.50  3003.33  3010.90  3013.17  3015.46
eigval :     3016.07  3020.71  3023.30  3024.96  3031.86  3045.43
eigval :     3048.32  3057.81  3087.39  3088.97  3090.52  3093.42
eigval :     3093.68  3093.74  3093.88  3094.02  3101.07  3101.98
eigval :     3102.48  3102.97  3103.00  3103.22  3103.30  3105.12
eigval :     3106.58  3107.31  3108.30  3108.70  3108.98  3109.06
eigval :     3109.17  3110.33  3111.26  3111.32  3111.48  3111.93
eigval :     3112.50  3113.01  3113.02  3115.36  3115.93  3116.65
eigval :     3116.96  3117.16  3117.52  3120.08  3120.87  3121.63
 reduced masses (amu)
   1: 27.00   2: 22.03   3: 20.00   4: 18.67   5: 23.56   6: 27.42   7: 14.60   8: 14.24
   9: 16.13  10: 13.59  11: 15.90  12: 19.32  13: 24.51  14: 16.75  15: 15.95  16: 14.02
  17: 12.39  18: 18.63  19: 13.43  20: 17.38  21: 15.62  22: 16.37  23: 13.53  24: 11.71
  25: 12.96  26: 11.73  27: 16.27  28: 13.44  29: 12.17  30: 18.21  31: 14.85  32: 12.19
  33: 12.60  34: 12.46  35: 12.03  36: 16.78  37: 17.43  38: 12.97  39: 11.98  40: 12.55
  41: 12.34  42: 11.17  43: 16.28  44: 17.98  45: 12.20  46: 11.26  47: 13.23  48: 15.49
  49: 12.39  50: 13.11  51: 16.65  52: 32.91  53: 12.07  54: 10.54  55: 10.89  56: 11.13
  57: 16.70  58: 13.17  59: 13.37  60: 30.73  61: 17.71  62: 24.91  63: 26.44  64: 24.48
  65: 24.65  66: 24.71  67: 20.40  68: 31.43  69: 12.16  70: 14.47  71: 21.56  72: 25.29
  73: 36.04  74: 34.71  75: 21.45  76: 16.00  77: 16.31  78: 13.41  79: 18.05  80: 19.06
  81: 17.74  82: 15.49  83: 12.50  84: 12.02  85: 11.23  86: 11.22  87: 11.37  88: 11.21
  89: 13.07  90: 11.22  91: 12.01  92: 12.06  93: 11.92  94: 14.81  95: 12.58  96: 15.16
  97: 13.47  98: 12.07  99: 23.35 100: 11.57 101: 11.12 102:  9.58 103:  9.54 104:  9.66
 105:  9.66 106:  9.40 107: 10.50 108: 10.58 109: 10.30 110: 10.63 111: 10.50 112: 10.51
 113: 11.24 114: 11.18 115: 11.29 116: 11.20 117: 11.17 118: 11.21 119: 11.35 120: 11.31
 121: 11.13 122: 11.31 123: 11.78 124: 11.83 125: 12.58 126: 12.73 127: 10.98 128: 10.92
 129: 11.22 130: 11.09 131: 11.33 132: 11.32 133: 11.25 134: 10.95 135: 10.33 136: 10.24
 137: 10.33 138: 10.44 139: 11.77 140: 11.92 141: 12.38 142: 12.21 143: 11.01 144: 10.96
 145: 11.45 146: 11.18 147: 11.20 148: 11.59 149: 12.01 150: 11.91 151: 11.35 152: 11.35
 153: 11.40 154: 11.43 155: 11.36 156: 11.52 157: 11.70 158: 11.78 159:  9.29 160:  9.46
 161:  9.46 162:  9.35 163: 11.35 164: 11.36 165: 11.39 166: 11.36 167: 10.84 168: 10.91
 169: 11.29 170: 11.30 171: 10.60 172: 10.70 173: 10.62 174: 10.59 175: 11.30 176: 11.32
 177: 11.43 178: 11.41 179:  3.96 180:  3.82 181:  4.02 182:  3.72 183:  3.80 184:  4.01
 185:  4.02 186:  4.16 187: 11.40 188: 11.41 189: 11.53 190: 11.50 191:  4.98 192:  4.97
 193:  4.98 194:  4.16 195:  4.82 196:  4.13 197:  4.02 198:  4.31 199:  8.50 200:  8.70
 201:  7.32 202: 10.36 203: 10.10 204:  3.81 205:  4.41 206:  3.49 207:  4.37 208:  4.14
 209:  4.12 210:  3.57 211:  3.91 212:  3.73 213:  3.68 214:  3.50 215: 10.19 216:  9.29
 217:  3.97 218:  7.40 219:  6.05 220:  7.08 221:  4.40 222:  5.02 223:  4.97 224:  4.52
 225:  4.24 226:  4.01 227:  3.86 228:  3.90 229:  3.93 230:  3.89 231:  3.80 232:  3.72
 233:  3.94 234:  3.61 235:  4.38 236:  3.75 237:  3.72 238:  2.59 239:  3.62 240:  3.71
 241:  3.71 242:  3.57 243:  3.57 244:  3.71 245:  3.71 246:  3.59 247: 11.36 248: 11.33
 249: 11.24 250: 11.24 251: 11.38 252: 11.36 253: 11.16 254: 11.19 255: 10.67 256: 10.68
 257: 10.63 258: 10.48 259:  7.38 260:  6.26 261:  7.29 262:  7.24 263:  5.79 264:  7.09
 265:  5.11 266:  5.19 267:  7.95 268:  7.73 269:  8.73 270:  8.71 271:  3.62 272:  6.10
 273:  6.09 274:  3.65 275:  6.15 276:  4.10 277:  6.07 278:  3.96 279:  4.47 280:  4.62
 281:  4.54 282:  4.59 283:  4.31 284:  3.53 285:  4.53 286:  4.02 287:  3.10 288:  3.04
 289:  3.28 290:  3.57 291:  2.84 292:  2.14 293:  2.00 294:  1.90 295:  2.15 296:  2.04
 297:  3.42 298:  3.92 299:  4.14 300:  2.84 301:  4.27 302:  2.30 303:  3.90 304:  4.53
 305:  6.36 306:  4.32 307:  5.48 308:  6.31 309:  6.04 310:  5.81 311:  3.17 312:  3.29
 313:  3.55 314:  4.00 315:  4.28 316:  4.78 317:  5.05 318:  4.72 319:  5.85 320:  6.04
 321:  5.89 322:  6.44 323: 11.49 324: 11.37 325:  8.82 326:  8.28 327:  8.29 328:  8.15
 329: 10.76 330: 10.36 331: 10.98 332: 10.04 333: 10.66 334: 11.78 335: 11.50 336: 11.06
 337: 10.60 338: 10.34 339: 10.38 340: 10.30 341: 10.46 342: 10.47 343: 10.14 344:  9.91
 345:  9.20 346:  9.99 347:  9.68 348:  9.40 349: 10.10 350: 10.35 351: 10.03 352: 10.43
 353:  9.74 354: 10.99 355: 10.82 356:  9.66 357: 10.19 358: 10.16 359: 10.35 360: 10.05
 361: 10.29 362:  9.98 363: 11.03 364: 11.02 365: 10.96 366: 11.09 367: 10.91 368: 10.81
 369: 10.88 370: 10.57 371: 10.54 372: 10.67 373: 10.22 374: 10.16 375: 11.96 376: 11.98
 377: 12.08 378: 12.08 379: 11.73 380: 11.73 381: 11.83 382: 11.85 383: 11.41 384: 11.43
 385: 11.44 386: 11.43 387: 11.44 388: 11.51 389: 11.46 390: 11.51 391: 11.55 392: 11.49
 393: 11.52 394: 11.51 395: 11.46 396: 11.44 397: 11.50 398: 11.52 399: 11.54 400: 11.55
 401: 11.57 402: 11.58 403: 12.01 404: 12.01 405: 12.01 406: 12.01 407:  1.85 408:  1.85
 409:  1.84 410:  1.84 411:  1.84 412:  1.84 413:  1.86 414:  1.84 415:  1.85 416:  1.84
 417:  1.85 418:  1.83 419:  1.86 420:  1.84 421:  1.84 422:  1.85 423:  1.78 424:  1.78
 425:  1.78 426:  1.78 427:  1.78 428:  1.78 429:  1.78 430:  1.78 431:  1.84 432:  1.85
 433:  1.86 434:  1.84 435:  1.84 436:  1.84 437:  1.84 438:  1.87 439:  1.88 440:  1.85
 441:  1.89 442:  1.90 443:  1.90 444:  1.90 445:  1.90 446:  1.85 447:  1.86 448:  1.88
 449:  1.86 450:  1.86 451:  1.86 452:  1.84 453:  1.86 454:  1.84 455:  1.84 456:  1.86
 457:  1.87 458:  1.85 459:  1.85 460:  1.86 461:  1.86 462:  1.85
 IR intensities (amu)
   1:  0.47   2:  0.36   3:  0.53   4:  0.15   5:  0.60   6:  0.80   7:  0.33   8:  0.19
   9:  0.25  10:  0.21  11:  0.18  12:  0.20  13:  0.13  14:  0.09  15:  0.21  16:  0.32
  17:  0.08  18:  0.09  19:  0.13  20:  0.17  21:  0.20  22:  0.14  23:  0.17  24:  0.13
  25:  0.24  26:  0.06  27:  0.32  28:  0.16  29:  0.10  30:  0.16  31:  0.09  32:  0.17
  33:  0.15  34:  0.13  35:  0.17  36:  0.16  37:  0.08  38:  0.06  39:  0.14  40:  0.17
  41:  0.25  42:  0.12  43:  0.03  44:  0.17  45:  0.19  46:  0.05  47:  0.16  48:  0.10
  49:  0.07  50:  0.16  51:  0.35  52:  0.56  53:  0.17  54:  0.12  55:  0.11  56:  0.16
  57:  0.30  58:  0.27  59:  0.36  60:  0.78  61:  0.28  62:  0.37  63:  0.72  64:  0.27
  65:  1.01  66:  0.23  67:  0.41  68:  0.21  69:  0.17  70:  0.23  71:  0.27  72:  0.29
  73:  0.92  74:  0.76  75:  0.90  76:  0.58  77:  0.35  78:  0.41  79:  0.91  80:  0.65
  81:  0.18  82:  0.27  83:  0.31  84:  0.35  85:  0.21  86:  0.11  87:  0.08  88:  0.17
  89:  0.18  90:  0.22  91:  0.21  92:  0.46  93:  0.25  94:  0.48  95:  0.33  96:  0.71
  97:  0.53  98:  0.36  99:  0.99 100:  0.53 101:  0.26 102:  0.07 103:  0.09 104:  0.15
 105:  0.09 106:  0.17 107:  0.29 108:  0.36 109:  0.17 110:  0.28 111:  0.13 112:  0.11
 113:  0.16 114:  0.16 115:  0.24 116:  0.13 117:  0.17 118:  0.10 119:  0.34 120:  0.16
 121:  0.17 122:  0.12 123:  0.14 124:  0.55 125:  0.50 126:  0.47 127:  0.29 128:  0.43
 129:  0.08 130:  0.29 131:  0.22 132:  0.11 133:  0.10 134:  0.20 135:  0.17 136:  0.21
 137:  0.12 138:  0.18 139:  0.10 140:  0.49 141:  0.64 142:  0.56 143:  0.12 144:  0.19
 145:  0.28 146:  0.47 147:  0.30 148:  0.47 149:  0.51 150:  0.33 151:  0.04 152:  0.11
 153:  0.07 154:  0.11 155:  0.09 156:  0.08 157:  0.18 158:  0.19 159:  0.08 160:  0.13
 161:  0.09 162:  0.09 163:  0.24 164:  0.07 165:  0.08 166:  0.24 167:  0.24 168:  0.38
 169:  0.47 170:  0.46 171:  0.10 172:  0.10 173:  0.13 174:  0.10 175:  0.21 176:  0.35
 177:  0.32 178:  0.42 179:  0.07 180:  0.17 181:  0.32 182:  0.01 183:  0.17 184:  0.26
 185:  0.26 186:  0.06 187:  0.18 188:  0.22 189:  0.51 190:  0.58 191:  0.11 192:  0.14
 193:  0.10 194:  0.33 195:  0.12 196:  0.24 197:  0.26 198:  0.19 199:  0.05 200:  0.32
 201:  0.25 202:  0.22 203:  0.06 204:  0.06 205:  0.07 206:  0.06 207:  0.10 208:  0.02
 209:  0.04 210:  0.14 211:  0.31 212:  0.05 213:  0.17 214:  0.20 215:  0.06 216:  0.54
 217:  0.10 218:  0.22 219:  0.10 220:  0.15 221:  0.09 222:  0.13 223:  0.06 224:  0.20
 225:  0.13 226:  0.03 227:  0.07 228:  0.05 229:  0.10 230:  0.02 231:  0.03 232:  0.07
 233:  0.13 234:  0.04 235:  0.15 236:  0.05 237:  0.05 238:  0.06 239:  0.08 240:  0.01
 241:  0.02 242:  0.08 243:  0.09 244:  0.02 245:  0.01 246:  0.08 247:  0.11 248:  0.23
 249:  0.17 250:  0.18 251:  0.64 252:  0.51 253:  0.39 254:  0.52 255:  0.21 256:  0.31
 257:  0.23 258:  0.24 259:  0.57 260:  0.70 261:  0.68 262:  0.49 263:  0.38 264:  0.44
 265:  0.17 266:  0.20 267:  0.22 268:  0.23 269:  0.38 270:  0.38 271:  0.05 272:  0.39
 273:  0.37 274:  0.07 275:  0.40 276:  0.22 277:  0.35 278:  0.17 279:  0.23 280:  0.23
 281:  0.05 282:  0.26 283:  0.29 284:  0.38 285:  0.58 286:  0.33 287:  0.21 288:  0.18
 289:  0.28 290:  0.15 291:  0.57 292:  0.27 293:  0.07 294:  0.21 295:  0.34 296:  0.29
 297:  0.38 298:  0.29 299:  0.31 300:  0.27 301:  0.22 302:  0.40 303:  0.20 304:  0.18
 305:  0.14 306:  0.13 307:  0.10 308:  0.17 309:  0.12 310:  0.33 311:  0.08 312:  0.17
 313:  0.14 314:  0.34 315:  0.22 316:  0.62 317:  0.43 318:  0.62 319:  0.57 320:  0.34
 321:  0.58 322:  0.80 323:  0.20 324:  0.25 325:  0.28 326:  0.21 327:  0.16 328:  0.36
 329:  0.19 330:  0.30 331:  0.26 332:  0.42 333:  0.46 334:  0.12 335:  0.15 336:  0.27
 337:  0.43 338:  0.39 339:  0.72 340:  0.73 341:  0.78 342:  0.99 343:  0.58 344:  0.92
 345:  0.60 346:  0.47 347:  0.56 348:  0.75 349:  0.27 350:  1.35 351:  0.39 352:  1.05
 353:  0.14 354:  1.17 355:  1.18 356:  0.18 357:  0.45 358:  0.52 359:  0.41 360:  0.24
 361:  0.42 362:  0.50 363:  0.67 364:  1.01 365:  0.89 366:  0.93 367:  0.46 368:  0.56
 369:  0.67 370:  0.61 371:  0.20 372:  0.25 373:  0.48 374:  0.22 375:  0.37 376:  0.20
 377:  0.30 378:  0.22 379:  1.27 380:  0.70 381:  1.14 382:  0.67 383:  2.32 384:  1.87
 385:  1.22 386:  1.82 387:  1.07 388:  1.02 389:  0.58 390:  1.12 391:  1.29 392:  0.22
 393:  0.35 394:  1.04 395:  0.27 396:  0.40 397:  0.81 398:  0.17 399:  0.62 400:  0.16
 401:  0.54 402:  0.67 403:  1.33 404:  1.04 405:  1.30 406:  1.13 407:  0.12 408:  0.03
 409:  0.10 410:  0.09 411:  0.02 412:  0.16 413:  0.13 414:  0.18 415:  0.11 416:  0.15
 417:  0.13 418:  0.06 419:  0.10 420:  0.17 421:  0.05 422:  0.27 423:  0.19 424:  0.18
 425:  0.17 426:  0.14 427:  0.17 428:  0.10 429:  0.12 430:  0.12 431:  0.21 432:  0.21
 433:  0.22 434:  0.21 435:  0.15 436:  0.16 437:  0.17 438:  0.29 439:  0.35 440:  0.12
 441:  0.34 442:  0.27 443:  0.34 444:  0.32 445:  0.38 446:  0.04 447:  0.13 448:  0.29
 449:  0.20 450:  0.08 451:  0.10 452:  0.08 453:  0.09 454:  0.05 455:  0.02 456:  0.06
 457:  0.23 458:  0.06 459:  0.02 460:  0.06 461:  0.06 462:  0.08
 Raman intensities (amu)
   1:  0.00   2:  0.00   3:  0.00   4:  0.00   5:  0.00   6:  0.00   7:  0.00   8:  0.00
   9:  0.00  10:  0.00  11:  0.00  12:  0.00  13:  0.00  14:  0.00  15:  0.00  16:  0.00
  17:  0.00  18:  0.00  19:  0.00  20:  0.00  21:  0.00  22:  0.00  23:  0.00  24:  0.00
  25:  0.00  26:  0.00  27:  0.00  28:  0.00  29:  0.00  30:  0.00  31:  0.00  32:  0.00
  33:  0.00  34:  0.00  35:  0.00  36:  0.00  37:  0.00  38:  0.00  39:  0.00  40:  0.00
  41:  0.00  42:  0.00  43:  0.00  44:  0.00  45:  0.00  46:  0.00  47:  0.00  48:  0.00
  49:  0.00  50:  0.00  51:  0.00  52:  0.00  53:  0.00  54:  0.00  55:  0.00  56:  0.00
  57:  0.00  58:  0.00  59:  0.00  60:  0.00  61:  0.00  62:  0.00  63:  0.00  64:  0.00
  65:  0.00  66:  0.00  67:  0.00  68:  0.00  69:  0.00  70:  0.00  71:  0.00  72:  0.00
  73:  0.00  74:  0.00  75:  0.00  76:  0.00  77:  0.00  78:  0.00  79:  0.00  80:  0.00
  81:  0.00  82:  0.00  83:  0.00  84:  0.00  85:  0.00  86:  0.00  87:  0.00  88:  0.00
  89:  0.00  90:  0.00  91:  0.00  92:  0.00  93:  0.00  94:  0.00  95:  0.00  96:  0.00
  97:  0.00  98:  0.00  99:  0.00 100:  0.00 101:  0.00 102:  0.00 103:  0.00 104:  0.00
 105:  0.00 106:  0.00 107:  0.00 108:  0.00 109:  0.00 110:  0.00 111:  0.00 112:  0.00
 113:  0.00 114:  0.00 115:  0.00 116:  0.00 117:  0.00 118:  0.00 119:  0.00 120:  0.00
 121:  0.00 122:  0.00 123:  0.00 124:  0.00 125:  0.00 126:  0.00 127:  0.00 128:  0.00
 129:  0.00 130:  0.00 131:  0.00 132:  0.00 133:  0.00 134:  0.00 135:  0.00 136:  0.00
 137:  0.00 138:  0.00 139:  0.00 140:  0.00 141:  0.00 142:  0.00 143:  0.00 144:  0.00
 145:  0.00 146:  0.00 147:  0.00 148:  0.00 149:  0.00 150:  0.00 151:  0.00 152:  0.00
 153:  0.00 154:  0.00 155:  0.00 156:  0.00 157:  0.00 158:  0.00 159:  0.00 160:  0.00
 161:  0.00 162:  0.00 163:  0.00 164:  0.00 165:  0.00 166:  0.00 167:  0.00 168:  0.00
 169:  0.00 170:  0.00 171:  0.00 172:  0.00 173:  0.00 174:  0.00 175:  0.00 176:  0.00
 177:  0.00 178:  0.00 179:  0.00 180:  0.00 181:  0.00 182:  0.00 183:  0.00 184:  0.00
 185:  0.00 186:  0.00 187:  0.00 188:  0.00 189:  0.00 190:  0.00 191:  0.00 192:  0.00
 193:  0.00 194:  0.00 195:  0.00 196:  0.00 197:  0.00 198:  0.00 199:  0.00 200:  0.00
 201:  0.00 202:  0.00 203:  0.00 204:  0.00 205:  0.00 206:  0.00 207:  0.00 208:  0.00
 209:  0.00 210:  0.00 211:  0.00 212:  0.00 213:  0.00 214:  0.00 215:  0.00 216:  0.00
 217:  0.00 218:  0.00 219:  0.00 220:  0.00 221:  0.00 222:  0.00 223:  0.00 224:  0.00
 225:  0.00 226:  0.00 227:  0.00 228:  0.00 229:  0.00 230:  0.00 231:  0.00 232:  0.00
 233:  0.00 234:  0.00 235:  0.00 236:  0.00 237:  0.00 238:  0.00 239:  0.00 240:  0.00
 241:  0.00 242:  0.00 243:  0.00 244:  0.00 245:  0.00 246:  0.00 247:  0.00 248:  0.00
 249:  0.00 250:  0.00 251:  0.00 252:  0.00 253:  0.00 254:  0.00 255:  0.00 256:  0.00
 257:  0.00 258:  0.00 259:  0.00 260:  0.00 261:  0.00 262:  0.00 263:  0.00 264:  0.00
 265:  0.00 266:  0.00 267:  0.00 268:  0.00 269:  0.00 270:  0.00 271:  0.00 272:  0.00
 273:  0.00 274:  0.00 275:  0.00 276:  0.00 277:  0.00 278:  0.00 279:  0.00 280:  0.00
 281:  0.00 282:  0.00 283:  0.00 284:  0.00 285:  0.00 286:  0.00 287:  0.00 288:  0.00
 289:  0.00 290:  0.00 291:  0.00 292:  0.00 293:  0.00 294:  0.00 295:  0.00 296:  0.00
 297:  0.00 298:  0.00 299:  0.00 300:  0.00 301:  0.00 302:  0.00 303:  0.00 304:  0.00
 305:  0.00 306:  0.00 307:  0.00 308:  0.00 309:  0.00 310:  0.00 311:  0.00 312:  0.00
 313:  0.00 314:  0.00 315:  0.00 316:  0.00 317:  0.00 318:  0.00 319:  0.00 320:  0.00
 321:  0.00 322:  0.00 323:  0.00 324:  0.00 325:  0.00 326:  0.00 327:  0.00 328:  0.00
 329:  0.00 330:  0.00 331:  0.00 332:  0.00 333:  0.00 334:  0.00 335:  0.00 336:  0.00
 337:  0.00 338:  0.00 339:  0.00 340:  0.00 341:  0.00 342:  0.00 343:  0.00 344:  0.00
 345:  0.00 346:  0.00 347:  0.00 348:  0.00 349:  0.00 350:  0.00 351:  0.00 352:  0.00
 353:  0.00 354:  0.00 355:  0.00 356:  0.00 357:  0.00 358:  0.00 359:  0.00 360:  0.00
 361:  0.00 362:  0.00 363:  0.00 364:  0.00 365:  0.00 366:  0.00 367:  0.00 368:  0.00
 369:  0.00 370:  0.00 371:  0.00 372:  0.00 373:  0.00 374:  0.00 375:  0.00 376:  0.00
 377:  0.00 378:  0.00 379:  0.00 380:  0.00 381:  0.00 382:  0.00 383:  0.00 384:  0.00
 385:  0.00 386:  0.00 387:  0.00 388:  0.00 389:  0.00 390:  0.00 391:  0.00 392:  0.00
 393:  0.00 394:  0.00 395:  0.00 396:  0.00 397:  0.00 398:  0.00 399:  0.00 400:  0.00
 401:  0.00 402:  0.00 403:  0.00 404:  0.00 405:  0.00 406:  0.00 407:  0.00 408:  0.00
 409:  0.00 410:  0.00 411:  0.00 412:  0.00 413:  0.00 414:  0.00 415:  0.00 416:  0.00
 417:  0.00 418:  0.00 419:  0.00 420:  0.00 421:  0.00 422:  0.00 423:  0.00 424:  0.00
 425:  0.00 426:  0.00 427:  0.00 428:  0.00 429:  0.00 430:  0.00 431:  0.00 432:  0.00
 433:  0.00 434:  0.00 435:  0.00 436:  0.00 437:  0.00 438:  0.00 439:  0.00 440:  0.00
 441:  0.00 442:  0.00 443:  0.00 444:  0.00 445:  0.00 446:  0.00 447:  0.00 448:  0.00
 449:  0.00 450:  0.00 451:  0.00 452:  0.00 453:  0.00 454:  0.00 455:  0.00 456:  0.00
 457:  0.00 458:  0.00 459:  0.00 460:  0.00 461:  0.00 462:  0.00
 output can be read by thermo (or use thermo option).
 writing <g98.out> molden fake output.
 recommended (thermochemical) frequency scaling factor: 1.0
           -------------------------------------------------
          |             Thermodynamic Functions             |
           -------------------------------------------------

Refinement of some symmetry elements was terminated before convergence was reached.
Some symmetry elements may remain unidentified.
Molecule has no symmetry elements
It seems to be the C1 point group
c1  symmetry found (for desy threshold:  0.10E+00) used in thermo

          ...................................................
          :                      SETUP                      :
          :.................................................:
          :  # frequencies                         456      :
          :  # imaginary freq.                       0      :
          :  linear?                             false      :
          :  only rotor calc.                    false      :
          :  symmetry                               c1      :
          :  rotational number                       1      :
          :  scaling factor                  1.0000000      :
          :  rotor cutoff                   50.0000000 cm⁻¹ :
          :  imag. cutoff                  -20.0000000 cm⁻¹ :
          :.................................................:

    mode    ω/cm⁻¹     T·S(HO)/kcal·mol⁻¹    T·S(FR)/kcal·mol⁻¹   T·S(vib)
   ------------------------------------------------------------------------
       1      6.80    -2.61673 (  0.03%)    -1.64745 ( 99.97%)    -1.64778
       2     10.06    -2.38478 (  0.16%)    -1.53146 ( 99.84%)    -1.53286
       3     11.06    -2.32897 (  0.24%)    -1.50356 ( 99.76%)    -1.50552
       4     12.21    -2.27021 (  0.35%)    -1.47417 ( 99.65%)    -1.47699
       5     15.29    -2.13706 (  0.87%)    -1.40757 ( 99.13%)    -1.41389
       6     20.76    -1.95594 (  2.89%)    -1.31696 ( 97.11%)    -1.33539
       7     21.47    -1.93591 (  3.29%)    -1.30694 ( 96.71%)    -1.32763
       8     23.13    -1.89184 (  4.38%)    -1.28488 ( 95.62%)    -1.31147
       9     28.72    -1.76393 (  9.81%)    -1.22084 ( 90.19%)    -1.27412
      10     29.75    -1.74295 ( 11.14%)    -1.21033 ( 88.86%)    -1.26967
      11     30.07    -1.73662 ( 11.57%)    -1.20717 ( 88.43%)    -1.26843
      12     36.68    -1.61918 ( 22.46%)    -1.14832 ( 77.54%)    -1.25407
      13     39.64    -1.57327 ( 28.33%)    -1.12530 ( 71.67%)    -1.25219
      14     43.53    -1.51804 ( 36.49%)    -1.09759 ( 63.51%)    -1.25101
      15     49.36    -1.44388 ( 48.72%)    -1.06035 ( 51.28%)    -1.24719
      16     55.64    -1.37329 ( 60.53%)    -1.02487 ( 39.47%)    -1.23578
      17     59.60    -1.33282 ( 66.88%)    -1.00450 ( 33.12%)    -1.22408
      18     61.99    -1.30970 ( 70.26%)    -0.99286 ( 29.74%)    -1.21548
      19     64.12    -1.28987 ( 73.00%)    -0.98287 ( 27.00%)    -1.20699
      20     67.47    -1.25989 ( 76.83%)    -0.96776 ( 23.17%)    -1.19221
      21     70.34    -1.23546 ( 79.66%)    -0.95543 ( 20.34%)    -1.17851
      22     74.64    -1.20065 ( 83.24%)    -0.93784 ( 16.76%)    -1.15661
      23     76.49    -1.18630 ( 84.56%)    -0.93059 ( 15.44%)    -1.14683
      24     80.90    -1.15351 ( 87.27%)    -0.91400 ( 12.73%)    -1.12301
      25     83.83    -1.13272 ( 88.77%)    -0.90347 ( 11.23%)    -1.10697
      26     85.72    -1.11967 ( 89.63%)    -0.89685 ( 10.37%)    -1.09656
      27     91.08    -1.08430 ( 91.67%)    -0.87889 (  8.33%)    -1.06720
      28     93.21    -1.07083 ( 92.35%)    -0.87205 (  7.65%)    -1.05563
      29     94.19    -1.06475 ( 92.64%)    -0.86895 (  7.36%)    -1.05034
      30     98.04    -1.04140 ( 93.66%)    -0.85707 (  6.34%)    -1.02972
      31    100.56    -1.02668 ( 94.24%)    -0.84957 (  5.76%)    -1.01648
      32    106.99    -0.99071 ( 95.45%)    -0.83120 (  4.55%)    -0.98345
      33    115.01    -0.94889 ( 96.55%)    -0.80979 (  3.45%)    -0.94409
      34    116.41    -0.94191 ( 96.71%)    -0.80621 (  3.29%)    -0.93744
      35    119.89    -0.92492 ( 97.06%)    -0.79748 (  2.94%)    -0.92117
      36    123.25    -0.90898 ( 97.36%)    -0.78928 (  2.64%)    -0.90582
      37    125.34    -0.89931 ( 97.53%)    -0.78430 (  2.47%)    -0.89647
      38    129.30    -0.88148 ( 97.81%)    -0.77510 (  2.19%)    -0.87915
      39    132.20    -0.86872 ( 98.00%)    -0.76850 (  2.00%)    -0.86671
      40    133.80    -0.86186 ( 98.09%)    -0.76495 (  1.91%)    -0.86000
      41    136.68    -0.84969 ( 98.24%)    -0.75865 (  1.76%)    -0.84809
      42    139.29    -0.83886 ( 98.37%)    -0.75303 (  1.63%)    -0.83746
      43    146.62    -0.80965 ( 98.67%)    -0.73784 (  1.33%)    -0.80869
      44    148.61    -0.80200 ( 98.73%)    -0.73385 (  1.27%)    -0.80114
      45    155.60    -0.77596 ( 98.95%)    -0.72023 (  1.05%)    -0.77537
      46    157.87    -0.76777 ( 99.00%)    -0.71594 (  1.00%)    -0.76725
      47    162.27    -0.75229 ( 99.11%)    -0.70781 (  0.89%)    -0.75189
      48    165.92    -0.73978 ( 99.18%)    -0.70122 (  0.82%)    -0.73947
      49    166.77    -0.73689 ( 99.20%)    -0.69970 (  0.80%)    -0.73660
      50    174.08    -0.71286 ( 99.32%)    -0.68698 (  0.68%)    -0.71268
      51    179.08    -0.69707 ( 99.40%)    -0.67860 (  0.60%)    -0.69696
      52    179.42    -0.69601 ( 99.40%)    -0.67804 (  0.60%)    -0.69590
      53    184.94    -0.67917 ( 99.47%)    -0.66906 (  0.53%)    -0.67912
      54    187.47    -0.67165 ( 99.50%)    -0.66504 (  0.50%)    -0.67162
      55    190.83    -0.66181 ( 99.53%)    -0.65977 (  0.47%)    -0.66180
      56    197.38    -0.64321 ( 99.59%)    -0.64977 (  0.41%)    -0.64324
      57    204.24    -0.62448 ( 99.64%)    -0.63965 (  0.36%)    -0.62454
      58    209.82    -0.60978 ( 99.68%)    -0.63167 (  0.32%)    -0.60985
      59    211.16    -0.60634 ( 99.69%)    -0.62979 (  0.31%)    -0.60641
      60    219.99    -0.58414 ( 99.73%)    -0.61766 (  0.27%)    -0.58423
      61    224.16    -0.57402 ( 99.75%)    -0.61209 (  0.25%)    -0.57411
      62    229.84    -0.56059 ( 99.78%)    -0.60468 (  0.22%)    -0.56069
      63    232.78    -0.55378 ( 99.79%)    -0.60091 (  0.21%)    -0.55388
      64    235.51    -0.54757 ( 99.80%)    -0.59745 (  0.20%)    -0.54767
      65    239.17    -0.53936 ( 99.81%)    -0.59288 (  0.19%)    -0.53946
      66    243.93    -0.52894 ( 99.82%)    -0.58705 (  0.18%)    -0.52904
      67    259.64    -0.49617 ( 99.86%)    -0.56855 (  0.14%)    -0.49627
      68    263.77    -0.48797 ( 99.87%)    -0.56388 (  0.13%)    -0.48807
      69    275.25    -0.46601 ( 99.89%)    -0.55126 (  0.11%)    -0.46610
      70    281.03    -0.45540 ( 99.90%)    -0.54511 (  0.10%)    -0.45549
      71    285.98    -0.44652 ( 99.91%)    -0.53993 (  0.09%)    -0.44661
      72    287.09    -0.44456 ( 99.91%)    -0.53879 (  0.09%)    -0.44464
      73    287.42    -0.44398 ( 99.91%)    -0.53845 (  0.09%)    -0.44406
      74    298.60    -0.42479 ( 99.92%)    -0.52714 (  0.08%)    -0.42487
   ------------------------------------------------------------------------

   temp. (K)  partition function   enthalpy   heat capacity  entropy
                                   cal/mol     cal/K/mol   cal/K/mol   J/K/mol
 298.15  VIB  0.311E+39            49802.456    323.587    311.758
         ROT  0.480E+09              888.752      2.981     42.706
         INT  0.149E+48            50691.209    326.568    354.465
         TR   0.528E+29             1481.254      4.968     47.643
         TOT                       52172.4627   331.5358   402.1078  1682.4191

       T/K    H(0)-H(T)+PV         H(T)/Eh          T*S/Eh         G(T)/Eh
   ------------------------------------------------------------------------
    298.15    0.831421E-01    0.122987E+01    0.191054E+00    0.103882E+01
   ------------------------------------------------------------------------

         :::::::::::::::::::::::::::::::::::::::::::::::::::::
         ::                  THERMODYNAMIC                  ::
         :::::::::::::::::::::::::::::::::::::::::::::::::::::
         :: total free energy        -247.169583950667 Eh   ::
         ::.................................................::
         :: total energy             -248.208402222467 Eh   ::
         :: zero point energy           1.146730561290 Eh   ::
         :: G(RRHO) w/o ZPVE           -0.107912289490 Eh   ::
         :: G(RRHO) contrib.            1.038818271800 Eh   ::
         :::::::::::::::::::::::::::::::::::::::::::::::::::::

           -------------------------------------------------
          | TOTAL ENERGY             -248.208402222467 Eh   |
          | TOTAL ENTHALPY           -246.978529549687 Eh   |
          | TOTAL FREE ENERGY        -247.169583950667 Eh   |
          | GRADIENT NORM               0.000679019244 Eh/α |
          | HOMO-LUMO GAP               1.835402930685 eV   |
           -------------------------------------------------

------------------------------------------------------------------------
 * finished run on 2021/06/21 at 19:05:04.423     
------------------------------------------------------------------------
 total:
 * wall-time:     0 d,  0 h, 11 min,  8.632 sec
 *  cpu-time:     0 d,  0 h, 42 min, 39.909 sec
 * ratio c/w:     3.829 speedup
 SCF:
 * wall-time:     0 d,  0 h,  0 min,  1.942 sec
 *  cpu-time:     0 d,  0 h,  0 min,  6.450 sec
 * ratio c/w:     3.322 speedup
 numerical hessian:
 * wall-time:     0 d,  0 h, 11 min,  5.017 sec
 *  cpu-time:     0 d,  0 h, 42 min, 31.750 sec
 * ratio c/w:     3.837 speedup

