      -----------------------------------------------------------      
     |                   =====================                   |     
     |                           x T B                           |     
     |                   =====================                   |     
     |                         S. Grimme                         |     
     |          Mulliken Center for Theoretical Chemistry        |     
     |                    University of Bonn                     |     
     |                Version 6.2 RC2 (SAW190805)                |     
      -----------------------------------------------------------      

   This program is distributed in the hope that it will be useful,
   but WITHOUT ANY WARRANTY; without even the implied warranty of
   MERCHANTABILITY or FITNESS FOR A PARTICULAR PURPOSE.
   
   FOR NON-COMMERCIAL, ACADEMIA USE ONLY.
   
   Cite this work as:
   * S. Grimme, C. Bannwarth, P. Shushkov, J. Chem. Theory Comput., 2017,
     13, 1989-2009. DOI: 10.1021/acs.jctc.7b00118
   * C. Bannwarth, S. Ehlert and S. Grimme., J. Chem. Theory Comput., 2019,
     15, 1652-1671. DOI: 10.1021/acs.jctc.8b01176
   * P. Pracht, E. Caldeweyher, S. Ehlert, S. Grimme, ChemRxiv, 2019, preprint.
     DOI: 10.26434/chemrxiv.8326202.v1
   
   for DFT-D4:
   * E. Caldeweyher, C. Bannwarth and S. Grimme, J. Chem. Phys., 2017,
     147, 034112. DOI: 10.1063/1.4993215
   * E. Caldeweyher, S. Ehlert, A. Hansen, H. Neugebauer, S. Spicher,
     C. Bannwarth and S. Grimme, J. Chem. Phys., 2019, 150, 154122.
     DOI: 10.1063/1.5090222
   
   for sTDA-xTB:
   * S. Grimme and C. Bannwarth, J. Chem. Phys., 2016, 145, 054103.
     DOI: 10.1063/1.4959605
   
   in the mass-spec context:
   * V. Asgeirsson, C. Bauer and S. Grimme, Chem. Sci., 2017, 8, 4879.
     DOI: 10.1039/c7sc00601b
   
   for metadynamics refer to:
   * S. Grimme, J. Chem. Theory Comput., 2019, 155, 2847-2862
     DOI: 10.1021/acs.jctc.9b00143
   
   with help from (in alphabetical order)
   C. Bannwarth, F. Bohle, G. Brandenburg, E. Caldeweyher, M. Checinski,
   S. Dohm, S. Ehlert, S. Ehrlich, F. März, H. Neugebauer, J. Pisarek,
   P. Pracht, P. Shushkov, and S. Spicher.
   
 * started run on 2021/06/21 at 22:31:42.269     

           -------------------------------------------------
          |                Calculation Setup                |
           -------------------------------------------------

          program call               : /home/atarzia/software/xtb-190806/bin/xtb /data/atarzia/projects/unsymm/screening/production/free_energy_calculations/fe_5b4_c/input_structure.xyz --gfn 2 --hess --parallel 6 --etemp 300 --gbsa dmso --chrg 4 --uhf 0 -I det_control.in
          coordinate file            : /data/atarzia/projects/unsymm/screening/production/free_energy_calculations/fe_5b4_c/input_structure.xyz
          omp threads                :                     6
          number of atoms            :                   186
          number of electrons        :                   568
          charge                     :                     4
          spin                       :                   0.0
          first test random number   :      0.26566882039506


########################################################################
# WARNING! Please study the warnings concerning your input carefully
#  - XTBHOME is not set, using HOME instead
#  - XTBPATH is not set, using XTBHOME instead
#  - Process number higher than OMP_NUM_THREADS, I hope you know what you are doing.
########################################################################

           ------------------------------------------------- 
          |                 G F N 2 - x T B                 |
          | Geometry, Frequencies, Noncovalent interactions |
          |            JCTC 2019 parametrisation            |
           ------------------------------------------------- 
             k(s)              :                1.8500
             k(p)              :                2.2300
             k(d)              :                2.2300
             k(f)              :                2.0000
             kEN (H0ij)        :               -2.0000
             D4 a1             :                0.5200
             D4 a2             :                5.0000
             D4 s6             :                1.0000
             D4 s8             :                2.7000
             D4 s9             :                5.0000
             alphaj            :                2.0000

  Z AO/shell   Hii/eV     exponent
  1     Wed Apr 25 08:07:45 CEST 2018   EN: 2.200 GM2: 0.406  GM3: 0.0800  RAES: 1.40
     1s    -10.707211    1.230000
  6     Wed Apr 25 08:07:45 CEST 2018   EN: 2.550 GM2: 0.538  GM3: 0.1500  RAES: 3.00
     2s    -13.970922    2.096432
     2p    -10.063292    1.800000
  7     Wed Apr 25 08:07:45 CEST 2018   EN: 3.040 GM2: 0.461  GM3:-0.0640  RAES: 1.90
     2s    -16.686243    2.339881
     2p    -12.523956    2.014332
 46     Wed Apr 25 16:26:58 CEST 2018   EN: 2.200 GM2: 0.273  GM3: 0.0800  RAES: 5.00
     4d    -11.963518    2.353691
     5s     -9.714059    1.828354
     5p     -2.035281    1.333352

 Solvent             : dmso
 Using internal parameter file: .param_gbsa2_dmso
 Gsolv ref. state (COSMO-RS): gsolv [1 M gas/solution]
 temperature (mdtemp)       :    298.150000000000     
 dielectric constant        :    46.6800000000000     
 rho                        :    1.10000000000000     
 mass                       :    78.1300000000000     
 surface tension            :    15.5689454083859     
 probe radius               :   0.949087640000000     
 vdW radii scaling          :    1.00000000000000     
 Gshift (Eh)                :   5.161738145414381E-003
 c1                         :    1.63948621000000     
 soset                      :   1.179665000000000E-002
 HB correction              :  T
           ------------------------------------------------- 
          |        Self-Consistent Charge Iterations        |
           ------------------------------------------------- 

          ...................................................
          :                      SETUP                      :
          :.................................................:
          :  # basis functions                 564          :
          :  # atomic orbitals                 562          :
          :  # shells                          310          :
          :  # electrons                       568          :
          :  max. iterations                   250          :
          :  Hamiltonian                  GFN2-xTB          :
          :  restarted?                      false          :
          :  GBSA solvation                   true          :
          :  PC potential                    false          :
          :  electronic temp.          300.0000000     K    :
          :  accuracy                    1.0000000          :
          :  -> integral cutoff          0.2500000E+02      :
          :  -> integral neglect         0.1000000E-07      :
          :  -> SCF convergence          0.1000000E-05 Eh   :
          :  -> wf. convergence          0.1000000E-03 e    :
          :  Broyden damping             0.4000000          :
          ...................................................

 iter      E             dE          RMSdq      gap      omega  full diag
   1   -308.6957460 -0.308696E+03  0.624E+00    2.11       0.0  T
   2   -309.1312009 -0.435455E+00  0.410E+00    1.40       1.0  T
   3   -308.7285280  0.402673E+00  0.220E+00    1.47       1.0  T
   4   -309.3637296 -0.635202E+00  0.864E-01    1.74       1.0  T
   5   -309.4371989 -0.734693E-01  0.384E-01    1.71       1.0  T
   6   -309.4512682 -0.140692E-01  0.193E-01    1.74       1.0  T
   7   -309.4534548 -0.218664E-02  0.105E-01    1.74       1.0  T
   8   -309.4538054 -0.350623E-03  0.440E-02    1.75       1.0  T
   9   -309.4540198 -0.214408E-03  0.181E-02    1.74       1.0  T
  10   -309.4540345 -0.146466E-04  0.775E-03    1.74       1.0  T
  11   -309.4540351 -0.586304E-06  0.416E-03    1.74       1.8  T
  12   -309.4540359 -0.800557E-06  0.174E-03    1.74       4.2  T
  13   -309.4540359 -0.556855E-07  0.116E-03    1.74       6.3  T
  14   -309.4540360 -0.127914E-06  0.603E-04    1.74      12.1  T
  15   -309.4540361 -0.319543E-07  0.258E-04    1.74      28.5  T

   *** convergence criteria satisfied after 15 iterations ***

         #    Occupation            Energy/Eh            Energy/eV
      -------------------------------------------------------------
         1        2.0000           -0.7273467             -19.7921
       ...           ...                  ...                  ...
       278        2.0000           -0.4101163             -11.1598
       279        2.0000           -0.4099443             -11.1552
       280        2.0000           -0.4079572             -11.1011
       281        2.0000           -0.3875333             -10.5453
       282        2.0000           -0.3873065             -10.5391
       283        2.0000           -0.3872628             -10.5380
       284        2.0000           -0.3870209             -10.5314 (HOMO)
       285                         -0.3229300              -8.7874 (LUMO)
       286                         -0.3209659              -8.7339
       287                         -0.3199667              -8.7067
       288                         -0.3190900              -8.6829
       289                         -0.3181658              -8.6577
       ...                                ...                  ...
       562                          1.4973773              40.7457
      -------------------------------------------------------------
                  HL-Gap            0.0640909 Eh            1.7440 eV
             Fermi-level           -0.3549755 Eh           -9.6594 eV

 SCC (total)                   0 d,  0 h,  0 min,  3.685 sec
 SCC setup                      ...        0 min,  0.259 sec (  7.030%)
 Dispersion                     ...        0 min,  0.052 sec (  1.403%)
 integral evaluation            ...        0 min,  0.632 sec ( 17.137%)
 zeroth order Hamiltonian       ...        0 min,  0.013 sec (  0.358%)
 iterations                     ...        0 min,  2.328 sec ( 63.175%)
 molecular gradient             ...        0 min,  0.391 sec ( 10.620%)
 printout                       ...        0 min,  0.010 sec (  0.273%)

         :::::::::::::::::::::::::::::::::::::::::::::::::::::
         ::                     SUMMARY                     ::
         :::::::::::::::::::::::::::::::::::::::::::::::::::::
         :: total energy            -303.578671418110 Eh    ::
         :: total w/o Gsasa/hb      -303.439663093834 Eh    ::
         :: gradient norm              0.000667519568 Eh/a0 ::
         :: HOMO-LUMO gap              1.744002048071 eV    ::
         ::.................................................::
         :: SCC energy              -309.580405153979 Eh    ::
         :: -> isotropic ES            0.582184676803 Eh    ::
         :: -> anisotropic ES         -0.084111349805 Eh    ::
         :: -> anisotropic XC          0.213440598195 Eh    ::
         :: -> dispersion             -0.274416304080 Eh    ::
         :: -> Gsolv                  -0.636941269953 Eh    ::
         ::    -> Gborn               -0.497932945676 Eh    ::
         ::    -> Gsasa               -0.131530816763 Eh    ::
         ::    -> Ghb                 -0.012639245659 Eh    ::
         ::    -> Gshift               0.005161738145 Eh    ::
         :: repulsion energy           5.996626097524 Eh    ::
         :: add. restraining           0.000000000000 Eh    ::
         :::::::::::::::::::::::::::::::::::::::::::::::::::::

           ------------------------------------------------- 
          |                Numerical Hessian                |
           ------------------------------------------------- 
step length          :   0.00500
SCC accuracy         :   0.30000
Hessian scale factor :   1.00000
frozen atoms in %    :   0.00000    0
RMS gradient         :   0.00067
estimated CPU  time    162.00 min
estimated wall time     41.99 min

writing file <hessian>.

 projected vibrational frequencies (cm-1)
eigval :       -0.00    -0.00    -0.00    -0.00     0.00     0.00
eigval :        3.74     4.26     6.93     8.72     9.71    10.78
eigval :       12.14    12.52    12.58    13.40    14.99    16.90
eigval :       18.56    20.38    21.17    25.42    26.75    36.55
eigval :       36.91    37.48    41.91    42.97    43.74    48.66
eigval :       50.16    55.29    55.63    56.82    58.96    60.94
eigval :       66.07    71.80    76.84    77.05    78.38    82.02
eigval :       82.91    89.20    94.46    97.80    99.42   103.01
eigval :      104.14   110.50   114.67   114.94   115.54   119.61
eigval :      123.50   125.10   129.36   133.39   134.24   135.07
eigval :      140.69   141.07   150.68   152.61   153.30   157.65
eigval :      161.59   162.32   164.60   164.88   167.74   170.45
eigval :      175.52   177.32   178.92   185.33   186.17   187.04
eigval :      194.47   196.24   202.51   204.02   224.67   229.25
eigval :      235.53   241.19   247.48   252.21   254.03   261.98
eigval :      277.89   278.10   285.85   287.17   295.37   296.26
eigval :      300.56   303.85   305.73   307.76   311.85   316.91
eigval :      325.39   325.84   329.64   331.82   334.22   334.34
eigval :      343.33   346.55   346.82   349.36   353.91   357.93
eigval :      361.39   361.63   364.88   365.19   390.46   390.90
eigval :      393.65   393.77   394.07   394.88   396.13   397.13
eigval :      430.83   430.90   431.13   431.19   435.70   436.11
eigval :      436.67   436.75   436.89   437.26   448.89   448.92
eigval :      453.33   454.05   455.18   455.36   467.51   468.68
eigval :      469.65   469.78   471.23   471.32   473.24   473.33
eigval :      475.41   475.42   476.71   477.14   481.15   483.11
eigval :      483.87   485.34   507.70   508.05   509.59   509.73
eigval :      512.21   514.67   515.61   516.90   517.39   518.72
eigval :      518.97   520.36   533.04   533.28   536.97   537.24
eigval :      541.02   541.27   542.84   543.42   549.56   552.30
eigval :      554.32   555.38   570.36   572.96   573.84   576.49
eigval :      610.24   610.43   611.82   611.88   612.31   612.45
eigval :      619.76   619.94   622.41   622.61   624.03   624.67
eigval :      624.81   625.71   626.11   626.34   675.13   675.24
eigval :      675.72   675.84   688.82   689.03   689.53   689.72
eigval :      724.12   724.34   725.03   725.07   725.16   725.27
eigval :      726.04   726.20   764.53   764.63   765.32   765.99
eigval :      773.68   773.81   776.94   777.03   779.34   779.58
eigval :      781.19   781.33   793.95   794.08   796.58   796.65
eigval :      803.39   803.64   805.05   805.34   806.69   807.21
eigval :      810.21   810.61   812.82   813.24   823.89   823.90
eigval :      829.29   829.65   831.45   831.90   832.20   833.03
eigval :      835.34   835.42   851.87   852.09   855.38   855.77
eigval :      857.72   858.05   858.16   858.34   861.37   861.74
eigval :      865.55   865.96   875.44   880.29   882.50   882.97
eigval :      886.77   889.10   890.52   891.39   891.80   891.94
eigval :      892.04   894.81   894.84   894.95   895.15   895.46
eigval :      895.61   895.72   898.57   899.27   899.89   900.10
eigval :      900.30   900.44   904.41   904.71   904.88   905.20
eigval :      923.97   924.01   924.09   924.22   932.66   932.97
eigval :      933.37   933.44   934.31   934.39   934.63   935.34
eigval :      995.39   996.43   996.91   996.98  1038.79  1040.06
eigval :     1040.12  1041.02  1048.23  1049.03  1049.14  1049.78
eigval :     1073.70  1073.78  1074.25  1074.29  1077.93  1078.05
eigval :     1078.10  1078.22  1108.73  1108.82  1109.19  1109.27
eigval :     1109.33  1109.48  1109.58  1109.81  1125.19  1125.29
eigval :     1126.84  1126.96  1152.14  1152.38  1154.38  1154.69
eigval :     1158.74  1159.61  1165.93  1166.45  1169.94  1170.23
eigval :     1171.76  1172.06  1173.90  1173.95  1174.41  1174.51
eigval :     1183.58  1184.54  1185.30  1187.40  1189.99  1190.97
eigval :     1192.13  1194.19  1200.39  1200.97  1201.85  1203.44
eigval :     1212.40  1214.37  1214.42  1215.72  1217.21  1217.30
eigval :     1218.29  1218.35  1218.67  1219.51  1219.72  1221.12
eigval :     1223.78  1223.84  1226.73  1226.91  1253.09  1253.16
eigval :     1253.73  1253.75  1286.88  1287.04  1288.09  1289.84
eigval :     1296.28  1297.12  1297.90  1300.72  1306.74  1306.77
eigval :     1307.12  1307.40  1313.41  1313.54  1313.90  1314.24
eigval :     1320.71  1321.09  1321.85  1322.33  1350.10  1350.32
eigval :     1350.65  1352.26  1363.68  1363.91  1364.60  1366.04
eigval :     1370.38  1371.60  1371.68  1371.79  1376.20  1377.07
eigval :     1377.24  1377.50  1395.37  1395.46  1395.82  1396.11
eigval :     1397.59  1397.90  1399.10  1399.28  1399.36  1399.44
eigval :     1400.87  1400.94  1422.28  1422.52  1423.89  1424.59
eigval :     1439.27  1439.46  1440.75  1441.11  1463.83  1464.03
eigval :     1464.52  1464.55  1469.23  1469.45  1469.63  1469.77
eigval :     1488.87  1488.91  1489.29  1489.33  1527.21  1527.21
eigval :     1527.51  1527.57  1528.47  1528.50  1528.55  1528.60
eigval :     1536.40  1536.57  1536.64  1536.69  1555.01  1555.29
eigval :     1556.27  1556.40  1559.55  1559.64  1559.95  1560.11
eigval :     1565.36  1565.65  1566.19  1566.34  1569.22  1569.35
eigval :     1569.68  1569.71  1578.21  1578.26  1578.33  1578.62
eigval :     2291.14  2291.24  2291.62  2291.71  2300.73  2300.82
eigval :     2300.90  2301.11  2973.43  2973.78  2978.59  2978.96
eigval :     2980.55  2980.88  2986.51  2986.61  2989.45  2989.85
eigval :     2992.86  2992.95  2995.61  2995.82  2999.12  2999.59
eigval :     3083.82  3083.88  3084.25  3084.41  3092.32  3092.63
eigval :     3093.14  3093.20  3094.29  3094.47  3094.66  3094.85
eigval :     3095.60  3095.75  3095.98  3096.20  3101.85  3101.93
eigval :     3102.03  3102.45  3102.58  3102.67  3102.78  3102.92
eigval :     3102.99  3103.05  3103.67  3104.36  3108.09  3108.11
eigval :     3108.67  3108.72  3110.55  3110.72  3110.88  3111.00
eigval :     3111.04  3111.55  3111.84  3112.07  3112.96  3113.10
eigval :     3114.66  3114.83  3115.25  3115.64  3116.23  3116.34
           -------------------------------------------------
          |                Property Printout                |
           -------------------------------------------------

    * Orbital Energies and Occupations

         #    Occupation            Energy/Eh            Energy/eV
      -------------------------------------------------------------
         1        2.0000           -0.7273468             -19.7921
       ...           ...                  ...                  ...
       272        2.0000           -0.4186164             -11.3911
       273        2.0000           -0.4182330             -11.3807
       274        2.0000           -0.4176458             -11.3647
       275        2.0000           -0.4170159             -11.3476
       276        2.0000           -0.4162163             -11.3258
       277        2.0000           -0.4108736             -11.1804
       278        2.0000           -0.4101170             -11.1599
       279        2.0000           -0.4099450             -11.1552
       280        2.0000           -0.4079579             -11.1011
       281        2.0000           -0.3875336             -10.5453
       282        2.0000           -0.3873068             -10.5392
       283        2.0000           -0.3872631             -10.5380
       284        2.0000           -0.3870213             -10.5314 (HOMO)
       285                         -0.3229306              -8.7874 (LUMO)
       286                         -0.3209667              -8.7339
       287                         -0.3199675              -8.7068
       288                         -0.3190903              -8.6829
       289                         -0.3181666              -8.6578
       290                         -0.3163802              -8.6091
       291                         -0.3150379              -8.5726
       292                         -0.3131557              -8.5214
       293                         -0.2930403              -7.9740
       294                         -0.2920862              -7.9481
       295                         -0.2912986              -7.9266
       ...                                ...                  ...
       562                          1.4973754              40.7457
      -------------------------------------------------------------
                  HL-Gap            0.0640907 Eh            1.7440 eV
             Fermi-level           -0.3549760 Eh           -9.6594 eV

     #   Z        covCN         q      C6AA      α(0)
     1  46 Pd     3.521    -0.086   274.449    34.165
     2  46 Pd     3.521    -0.086   274.448    34.165
     3   6 C      1.982    -0.022    31.643     9.084
     4   6 C      1.981    -0.034    31.973     9.132
     5   6 C      2.965     0.043    27.022     8.527
     6   6 C      2.924    -0.019    28.475     8.751
     7   6 C      2.914    -0.019    28.485     8.752
     8   6 C      2.914    -0.031    28.780     8.797
     9   6 C      2.981     0.002    27.981     8.677
    10   6 C      2.899     0.061    26.637     8.462
    11   7 N      2.665    -0.112    23.453     7.193
    12   6 C      2.911     0.042    27.063     8.530
    13   6 C      2.911    -0.029    28.730     8.789
    14   6 C      2.997     0.014    27.692     8.632
    15   1 H      0.926     0.062     2.179     2.308
    16   1 H      0.926     0.059     2.207     2.323
    17   1 H      0.926     0.071     2.079     2.255
    18   1 H      0.925     0.117     1.640     2.003
    19   1 H      0.925     0.129     1.541     1.942
    20   1 H      0.926     0.104     1.749     2.068
    21   6 C      2.971     0.038    27.134     8.544
    22   6 C      2.924    -0.025    28.639     8.776
    23   6 C      2.925    -0.025    28.634     8.775
    24   6 C      2.971     0.038    27.156     8.548
    25   6 C      2.924    -0.034    28.842     8.807
    26   6 C      2.925    -0.034    28.858     8.810
    27   1 H      0.926     0.038     2.471     2.458
    28   1 H      0.926     0.038     2.477     2.461
    29   1 H      0.926     0.070     2.090     2.261
    30   1 H      0.926     0.073     2.055     2.242
    31   6 C      1.982    -0.020    31.589     9.076
    32   6 C      1.982    -0.038    32.064     9.144
    33   6 C      2.965     0.044    27.020     8.526
    34   6 C      2.926    -0.023    28.576     8.767
    35   6 C      2.914    -0.017    28.425     8.743
    36   6 C      2.915    -0.032    28.802     8.800
    37   6 C      2.990     0.027    27.392     8.585
    38   6 C      2.912    -0.033    28.833     8.805
    39   6 C      2.909     0.044    27.018     8.523
    40   7 N      2.667    -0.088    22.965     7.117
    41   6 C      2.895     0.060    26.662     8.466
    42   6 C      2.986    -0.004    28.115     8.698
    43   1 H      0.926     0.062     2.170     2.304
    44   1 H      0.926     0.056     2.242     2.342
    45   1 H      0.926     0.062     2.174     2.306
    46   1 H      0.926     0.089     1.892     2.151
    47   1 H      0.925     0.122     1.599     1.977
    48   1 H      0.925     0.121     1.606     1.982
    49   6 C      1.982    -0.022    31.644     9.084
    50   6 C      1.981    -0.034    31.975     9.132
    51   6 C      2.965     0.044    27.020     8.526
    52   6 C      2.923    -0.019    28.477     8.751
    53   6 C      2.914    -0.019    28.488     8.752
    54   6 C      2.914    -0.031    28.785     8.798
    55   6 C      2.981     0.002    27.983     8.677
    56   6 C      2.901     0.060    26.646     8.464
    57   7 N      2.665    -0.111    23.439     7.190
    58   6 C      2.908     0.041    27.078     8.533
    59   6 C      2.911    -0.029    28.736     8.790
    60   6 C      2.997     0.014    27.684     8.631
    61   1 H      0.926     0.061     2.181     2.310
    62   1 H      0.926     0.059     2.207     2.323
    63   1 H      0.926     0.071     2.077     2.254
    64   1 H      0.925     0.117     1.640     2.003
    65   1 H      0.925     0.131     1.527     1.933
    66   1 H      0.926     0.104     1.745     2.066
    67   6 C      2.971     0.039    27.133     8.544
    68   6 C      2.923    -0.026    28.645     8.777
    69   6 C      2.926    -0.025    28.638     8.776
    70   6 C      2.971     0.037    27.159     8.548
    71   6 C      2.924    -0.034    28.847     8.808
    72   6 C      2.925    -0.035    28.870     8.811
    73   1 H      0.926     0.038     2.478     2.462
    74   1 H      0.926     0.037     2.486     2.466
    75   1 H      0.926     0.071     2.073     2.251
    76   1 H      0.926     0.074     2.045     2.236
    77   6 C      1.982    -0.020    31.593     9.077
    78   6 C      1.982    -0.038    32.074     9.146
    79   6 C      2.965     0.044    27.019     8.526
    80   6 C      2.927    -0.023    28.578     8.767
    81   6 C      2.914    -0.017    28.426     8.743
    82   6 C      2.915    -0.032    28.805     8.801
    83   6 C      2.990     0.027    27.393     8.585
    84   6 C      2.912    -0.033    28.833     8.805
    85   6 C      2.908     0.044    27.018     8.523
    86   7 N      2.667    -0.088    22.969     7.118
    87   6 C      2.896     0.060    26.654     8.465
    88   6 C      2.985    -0.004    28.111     8.697
    89   1 H      0.926     0.062     2.175     2.306
    90   1 H      0.926     0.056     2.244     2.342
    91   1 H      0.926     0.062     2.175     2.306
    92   1 H      0.926     0.089     1.892     2.151
    93   1 H      0.925     0.121     1.602     1.979
    94   1 H      0.925     0.121     1.609     1.984
    95   6 C      1.982    -0.022    31.644     9.084
    96   6 C      1.981    -0.034    31.975     9.132
    97   6 C      2.965     0.044    27.020     8.526
    98   6 C      2.923    -0.019    28.477     8.751
    99   6 C      2.914    -0.019    28.488     8.752
   100   6 C      2.914    -0.031    28.785     8.798
   101   6 C      2.981     0.002    27.983     8.677
   102   6 C      2.901     0.060    26.646     8.464
   103   7 N      2.665    -0.111    23.438     7.190
   104   6 C      2.908     0.041    27.079     8.533
   105   6 C      2.911    -0.029    28.736     8.790
   106   6 C      2.997     0.014    27.685     8.631
   107   1 H      0.926     0.061     2.182     2.310
   108   1 H      0.926     0.059     2.207     2.323
   109   1 H      0.926     0.071     2.077     2.254
   110   1 H      0.925     0.117     1.640     2.003
   111   1 H      0.925     0.131     1.527     1.933
   112   1 H      0.926     0.104     1.745     2.066
   113   6 C      2.971     0.039    27.133     8.544
   114   6 C      2.925    -0.035    28.870     8.811
   115   6 C      2.924    -0.034    28.848     8.808
   116   6 C      2.971     0.037    27.159     8.548
   117   6 C      2.926    -0.025    28.638     8.776
   118   6 C      2.923    -0.026    28.645     8.777
   119   1 H      0.926     0.074     2.045     2.236
   120   1 H      0.926     0.071     2.072     2.251
   121   1 H      0.926     0.037     2.486     2.465
   122   1 H      0.926     0.038     2.479     2.462
   123   6 C      1.982    -0.020    31.592     9.077
   124   6 C      1.982    -0.038    32.074     9.146
   125   6 C      2.965     0.044    27.019     8.526
   126   6 C      2.927    -0.023    28.578     8.767
   127   6 C      2.914    -0.017    28.426     8.743
   128   6 C      2.915    -0.032    28.805     8.801
   129   6 C      2.990     0.027    27.393     8.585
   130   6 C      2.912    -0.033    28.833     8.805
   131   6 C      2.908     0.044    27.018     8.523
   132   7 N      2.667    -0.088    22.970     7.118
   133   6 C      2.896     0.060    26.654     8.465
   134   6 C      2.985    -0.004    28.111     8.697
   135   1 H      0.926     0.062     2.175     2.306
   136   1 H      0.926     0.056     2.244     2.342
   137   1 H      0.926     0.062     2.174     2.306
   138   1 H      0.926     0.089     1.892     2.151
   139   1 H      0.925     0.121     1.602     1.979
   140   1 H      0.925     0.121     1.609     1.983
   141   6 C      1.982    -0.022    31.643     9.084
   142   6 C      1.981    -0.034    31.974     9.132
   143   6 C      2.965     0.043    27.022     8.527
   144   6 C      2.924    -0.019    28.475     8.751
   145   6 C      2.914    -0.019    28.485     8.752
   146   6 C      2.914    -0.031    28.780     8.797
   147   6 C      2.981     0.002    27.981     8.677
   148   6 C      2.899     0.061    26.637     8.462
   149   7 N      2.665    -0.112    23.454     7.193
   150   6 C      2.911     0.042    27.063     8.530
   151   6 C      2.911    -0.029    28.730     8.789
   152   6 C      2.998     0.014    27.692     8.632
   153   1 H      0.926     0.062     2.179     2.308
   154   1 H      0.926     0.059     2.207     2.323
   155   1 H      0.926     0.071     2.079     2.255
   156   1 H      0.925     0.117     1.640     2.003
   157   1 H      0.925     0.129     1.541     1.942
   158   1 H      0.926     0.104     1.749     2.068
   159   6 C      2.971     0.038    27.134     8.544
   160   6 C      2.925    -0.034    28.858     8.810
   161   6 C      2.924    -0.034    28.842     8.807
   162   6 C      2.971     0.037    27.156     8.548
   163   6 C      2.925    -0.025    28.633     8.775
   164   6 C      2.924    -0.025    28.639     8.776
   165   1 H      0.926     0.073     2.056     2.242
   166   1 H      0.926     0.070     2.090     2.261
   167   1 H      0.926     0.038     2.477     2.461
   168   1 H      0.926     0.038     2.471     2.458
   169   6 C      1.982    -0.020    31.589     9.077
   170   6 C      1.982    -0.038    32.064     9.144
   171   6 C      2.965     0.044    27.020     8.526
   172   6 C      2.926    -0.023    28.576     8.767
   173   6 C      2.914    -0.017    28.425     8.743
   174   6 C      2.915    -0.032    28.802     8.800
   175   6 C      2.990     0.027    27.392     8.585
   176   6 C      2.912    -0.033    28.833     8.805
   177   6 C      2.909     0.044    27.018     8.523
   178   7 N      2.667    -0.088    22.965     7.117
   179   6 C      2.895     0.060    26.662     8.466
   180   6 C      2.986    -0.004    28.114     8.698
   181   1 H      0.926     0.062     2.170     2.304
   182   1 H      0.926     0.056     2.242     2.342
   183   1 H      0.926     0.062     2.174     2.306
   184   1 H      0.926     0.089     1.892     2.151
   185   1 H      0.925     0.122     1.598     1.977
   186   1 H      0.925     0.121     1.606     1.982

 Mol. C6AA /au·bohr⁶  :     576396.627852
 Mol. C8AA /au·bohr⁸  :   16177634.406744
 Mol. α(0) /au        :       1245.203581


Wiberg/Mayer (AO) data.
largest (>0.10) Wiberg bond orders for each atom
          total WBO             WBO to atom ...
     1  Pd  3.516        N   40 0.603    N   86 0.603    N  149 0.590    N  103 0.590
     2  Pd  3.516        N  178 0.603    N  132 0.603    N   11 0.590    N   57 0.590
     3  C   3.945        C    4 2.632    C   21 1.141
     4  C   3.943        C    3 2.632    C    5 1.145
     5  C   3.987        C    6 1.435    C   14 1.215    C    4 1.145
     6  C   3.960        C    5 1.435    C    7 1.350    H   15 0.968
     7  C   3.986        C    8 1.530    C    6 1.350    H   16 0.967
     8  C   3.939        C    7 1.530    C    9 1.273    H   17 0.965
     9  C   3.987        C   10 1.290    C    8 1.273    C   14 1.234
    10  C   3.963        N   11 1.445    C    9 1.290    H   18 0.915    C   13 0.103
    11  N   3.524        C   10 1.445    C   12 1.235    Pd   2 0.590
    12  C   3.961        C   13 1.545    N   11 1.235    H   19 0.901
    13  C   3.980        C   12 1.545    C   14 1.292    H   20 0.955    C   10 0.103
    14  C   3.979        C   13 1.292    C    9 1.234    C    5 1.215
    15  H   0.996        C    6 0.968
    16  H   0.995        C    7 0.967
    17  H   0.994        C    8 0.965
    18  H   0.985        C   10 0.915
    19  H   0.982        C   12 0.901
    20  H   0.988        C   13 0.955
    21  C   3.953        C   22 1.338    C   26 1.336    C    3 1.141
    22  C   3.974        C   23 1.484    C   21 1.338    H   27 0.970
    23  C   3.973        C   22 1.484    C   24 1.336    H   28 0.970
    24  C   3.953        C   23 1.336    C   25 1.336    C   31 1.142
    25  C   3.971        C   26 1.486    C   24 1.336    H   29 0.966
    26  C   3.970        C   25 1.486    C   21 1.336    H   30 0.965
    27  H   0.997        C   22 0.970
    28  H   0.997        C   23 0.970
    29  H   0.994        C   25 0.966
    30  H   0.994        C   26 0.965
    31  C   3.941        C   32 2.625    C   24 1.142
    32  C   3.942        C   31 2.625    C   33 1.149
    33  C   3.982        C   34 1.438    C   42 1.199    C   32 1.149
    34  C   3.965        C   33 1.438    C   35 1.354    H   43 0.968
    35  C   3.982        C   36 1.516    C   34 1.354    H   44 0.968
    36  C   3.945        C   35 1.516    C   37 1.295    H   45 0.966
    37  C   3.988        C   36 1.295    C   38 1.271    C   42 1.231
    38  C   3.978        C   39 1.556    C   37 1.271    H   46 0.960    C   41 0.104
    39  C   3.969        C   38 1.556    N   40 1.244    H   47 0.904
    40  N   3.537        C   41 1.432    C   39 1.244    Pd   1 0.603
    41  C   3.966        N   40 1.432    C   42 1.319    H   48 0.913    C   38 0.104
    42  C   3.978        C   41 1.319    C   37 1.231    C   33 1.199
    43  H   0.995        C   34 0.968
    44  H   0.995        C   35 0.968
    45  H   0.995        C   36 0.966
    46  H   0.991        C   38 0.960
    47  H   0.984        C   39 0.904
    48  H   0.984        C   41 0.913
    49  C   3.944        C   50 2.633    C   67 1.139
    50  C   3.942        C   49 2.633    C   51 1.142
    51  C   3.987        C   52 1.437    C   60 1.215    C   50 1.142
    52  C   3.963        C   51 1.437    C   53 1.348    H   61 0.968
    53  C   3.986        C   54 1.532    C   52 1.348    H   62 0.967
    54  C   3.941        C   53 1.532    C   55 1.272    H   63 0.965
    55  C   3.987        C   56 1.291    C   54 1.272    C   60 1.234
    56  C   3.964        N   57 1.444    C   55 1.291    H   64 0.914    C   59 0.103
    57  N   3.524        C   56 1.444    C   58 1.236    Pd   2 0.590
    58  C   3.961        C   59 1.544    N   57 1.236    H   65 0.903
    59  C   3.980        C   58 1.544    C   60 1.293    H   66 0.955    C   56 0.103
    60  C   3.979        C   59 1.293    C   55 1.234    C   51 1.215
    61  H   0.996        C   52 0.968
    62  H   0.995        C   53 0.967
    63  H   0.994        C   54 0.965
    64  H   0.985        C   56 0.914
    65  H   0.981        C   58 0.903
    66  H   0.988        C   59 0.955
    67  C   3.952        C   68 1.340    C   72 1.336    C   49 1.139
    68  C   3.975        C   69 1.484    C   67 1.340    H   73 0.970
    69  C   3.973        C   68 1.484    C   70 1.336    H   74 0.970
    70  C   3.954        C   71 1.337    C   69 1.336    C   77 1.142
    71  C   3.970        C   72 1.486    C   70 1.337    H   75 0.966
    72  C   3.971        C   71 1.486    C   67 1.336    H   76 0.965
    73  H   0.997        C   68 0.970
    74  H   0.997        C   69 0.970
    75  H   0.994        C   71 0.966
    76  H   0.993        C   72 0.965
    77  C   3.941        C   78 2.625    C   70 1.142
    78  C   3.943        C   77 2.625    C   79 1.150
    79  C   3.982        C   80 1.437    C   88 1.199    C   78 1.150
    80  C   3.964        C   79 1.437    C   81 1.355    H   89 0.968
    81  C   3.982        C   82 1.516    C   80 1.355    H   90 0.968
    82  C   3.944        C   81 1.516    C   83 1.295    H   91 0.966
    83  C   3.988        C   82 1.295    C   84 1.271    C   88 1.230
    84  C   3.978        C   85 1.556    C   83 1.271    H   92 0.960    C   87 0.104
    85  C   3.969        C   84 1.556    N   86 1.245    H   93 0.904
    86  N   3.536        C   87 1.432    C   85 1.245    Pd   1 0.603
    87  C   3.967        N   86 1.432    C   88 1.319    H   94 0.912    C   84 0.104
    88  C   3.978        C   87 1.319    C   83 1.230    C   79 1.199
    89  H   0.995        C   80 0.968
    90  H   0.995        C   81 0.968
    91  H   0.995        C   82 0.966
    92  H   0.991        C   84 0.960
    93  H   0.984        C   85 0.904
    94  H   0.984        C   87 0.912
    95  C   3.944        C   96 2.633    C  113 1.138
    96  C   3.942        C   95 2.633    C   97 1.142
    97  C   3.987        C   98 1.437    C  106 1.215    C   96 1.142
    98  C   3.963        C   97 1.437    C   99 1.348    H  107 0.968
    99  C   3.986        C  100 1.532    C   98 1.348    H  108 0.967
   100  C   3.941        C   99 1.532    C  101 1.272    H  109 0.965
   101  C   3.987        C  102 1.291    C  100 1.272    C  106 1.234
   102  C   3.964        N  103 1.444    C  101 1.291    H  110 0.914    C  105 0.103
   103  N   3.524        C  102 1.444    C  104 1.236    Pd   1 0.590
   104  C   3.961        C  105 1.544    N  103 1.236    H  111 0.903
   105  C   3.980        C  104 1.544    C  106 1.293    H  112 0.955    C  102 0.103
   106  C   3.979        C  105 1.293    C  101 1.234    C   97 1.215
   107  H   0.996        C   98 0.968
   108  H   0.995        C   99 0.967
   109  H   0.994        C  100 0.965
   110  H   0.985        C  102 0.914
   111  H   0.981        C  104 0.903
   112  H   0.988        C  105 0.955
   113  C   3.952        C  118 1.340    C  114 1.336    C   95 1.138
   114  C   3.971        C  115 1.486    C  113 1.336    H  119 0.965
   115  C   3.970        C  114 1.486    C  116 1.337    H  120 0.966
   116  C   3.954        C  115 1.337    C  117 1.336    C  123 1.142
   117  C   3.973        C  118 1.483    C  116 1.336    H  121 0.970
   118  C   3.975        C  117 1.483    C  113 1.340    H  122 0.970
   119  H   0.993        C  114 0.965
   120  H   0.994        C  115 0.966
   121  H   0.997        C  117 0.970
   122  H   0.997        C  118 0.970
   123  C   3.941        C  124 2.625    C  116 1.142
   124  C   3.943        C  123 2.625    C  125 1.150
   125  C   3.982        C  126 1.437    C  134 1.199    C  124 1.150
   126  C   3.964        C  125 1.437    C  127 1.355    H  135 0.968
   127  C   3.982        C  128 1.516    C  126 1.355    H  136 0.968
   128  C   3.944        C  127 1.516    C  129 1.295    H  137 0.966
   129  C   3.988        C  128 1.295    C  130 1.271    C  134 1.230
   130  C   3.978        C  131 1.556    C  129 1.271    H  138 0.960    C  133 0.104
   131  C   3.969        C  130 1.556    N  132 1.245    H  139 0.904
   132  N   3.536        C  133 1.432    C  131 1.245    Pd   2 0.603
   133  C   3.967        N  132 1.432    C  134 1.319    H  140 0.912    C  130 0.104
   134  C   3.978        C  133 1.319    C  129 1.230    C  125 1.199
   135  H   0.995        C  126 0.968
   136  H   0.995        C  127 0.968
   137  H   0.995        C  128 0.966
   138  H   0.991        C  130 0.960
   139  H   0.984        C  131 0.904
   140  H   0.984        C  133 0.912
   141  C   3.945        C  142 2.632    C  159 1.141
   142  C   3.943        C  141 2.632    C  143 1.145
   143  C   3.987        C  144 1.435    C  152 1.216    C  142 1.145
   144  C   3.960        C  143 1.435    C  145 1.350    H  153 0.968
   145  C   3.986        C  146 1.530    C  144 1.350    H  154 0.967
   146  C   3.939        C  145 1.530    C  147 1.273    H  155 0.965
   147  C   3.987        C  148 1.290    C  146 1.273    C  152 1.234
   148  C   3.963        N  149 1.445    C  147 1.290    H  156 0.915    C  151 0.103
   149  N   3.524        C  148 1.445    C  150 1.235    Pd   1 0.590
   150  C   3.961        C  151 1.545    N  149 1.235    H  157 0.901
   151  C   3.980        C  150 1.545    C  152 1.292    H  158 0.955    C  148 0.103
   152  C   3.979        C  151 1.292    C  147 1.234    C  143 1.216
   153  H   0.996        C  144 0.968
   154  H   0.995        C  145 0.967
   155  H   0.994        C  146 0.965
   156  H   0.985        C  148 0.915
   157  H   0.982        C  150 0.901
   158  H   0.988        C  151 0.955
   159  C   3.953        C  164 1.338    C  160 1.336    C  141 1.141
   160  C   3.970        C  161 1.486    C  159 1.336    H  165 0.965
   161  C   3.971        C  160 1.486    C  162 1.336    H  166 0.966
   162  C   3.953        C  163 1.336    C  161 1.336    C  169 1.142
   163  C   3.973        C  164 1.484    C  162 1.336    H  167 0.970
   164  C   3.974        C  163 1.484    C  159 1.338    H  168 0.970
   165  H   0.994        C  160 0.965
   166  H   0.994        C  161 0.966
   167  H   0.997        C  163 0.970
   168  H   0.997        C  164 0.970
   169  C   3.941        C  170 2.625    C  162 1.142
   170  C   3.942        C  169 2.625    C  171 1.149
   171  C   3.982        C  172 1.438    C  180 1.199    C  170 1.149
   172  C   3.965        C  171 1.438    C  173 1.354    H  181 0.968
   173  C   3.982        C  174 1.516    C  172 1.354    H  182 0.968
   174  C   3.945        C  173 1.516    C  175 1.295    H  183 0.966
   175  C   3.988        C  174 1.295    C  176 1.271    C  180 1.231
   176  C   3.978        C  177 1.556    C  175 1.271    H  184 0.960    C  179 0.104
   177  C   3.969        C  176 1.556    N  178 1.244    H  185 0.904
   178  N   3.537        C  179 1.432    C  177 1.244    Pd   2 0.603
   179  C   3.966        N  178 1.432    C  180 1.319    H  186 0.913    C  176 0.104
   180  C   3.978        C  179 1.319    C  175 1.231    C  171 1.199
   181  H   0.995        C  172 0.968
   182  H   0.995        C  173 0.968
   183  H   0.995        C  174 0.966
   184  H   0.991        C  176 0.960
   185  H   0.984        C  177 0.904
   186  H   0.984        C  179 0.913

molecular dipole:
                 x           y           z       tot (Debye)
 q only:       -1.347      -3.468      -6.007
   full:       -1.386      -3.472      -5.969      17.901
molecular quadrupole (traceless):
                xx          xy          yy          xz          yz          zz
 q only:     -273.007      92.744     500.990      62.126     189.249    -227.983
  q+dip:     -298.131      95.203     548.885      81.520     201.536    -250.753
   full:     -278.558      96.701     510.801      70.065     195.646    -232.242

           -------------------------------------------------
          |               Frequency Printout                |
           -------------------------------------------------
 projected vibrational frequencies (cm-1)
eigval :       -0.00    -0.00    -0.00    -0.00     0.00     0.00
eigval :        3.74     4.26     6.93     8.72     9.71    10.78
eigval :       12.14    12.52    12.58    13.40    14.99    16.90
eigval :       18.56    20.38    21.17    25.42    26.75    36.55
eigval :       36.91    37.48    41.91    42.97    43.74    48.66
eigval :       50.16    55.29    55.63    56.82    58.96    60.94
eigval :       66.07    71.80    76.84    77.05    78.38    82.02
eigval :       82.91    89.20    94.46    97.80    99.42   103.01
eigval :      104.14   110.50   114.67   114.94   115.54   119.61
eigval :      123.50   125.10   129.36   133.39   134.24   135.07
eigval :      140.69   141.07   150.68   152.61   153.30   157.65
eigval :      161.59   162.32   164.60   164.88   167.74   170.45
eigval :      175.52   177.32   178.92   185.33   186.17   187.04
eigval :      194.47   196.24   202.51   204.02   224.67   229.25
eigval :      235.53   241.19   247.48   252.21   254.03   261.98
eigval :      277.89   278.10   285.85   287.17   295.37   296.26
eigval :      300.56   303.85   305.73   307.76   311.85   316.91
eigval :      325.39   325.84   329.64   331.82   334.22   334.34
eigval :      343.33   346.55   346.82   349.36   353.91   357.93
eigval :      361.39   361.63   364.88   365.19   390.46   390.90
eigval :      393.65   393.77   394.07   394.88   396.13   397.13
eigval :      430.83   430.90   431.13   431.19   435.70   436.11
eigval :      436.67   436.75   436.89   437.26   448.89   448.92
eigval :      453.33   454.05   455.18   455.36   467.51   468.68
eigval :      469.65   469.78   471.23   471.32   473.24   473.33
eigval :      475.41   475.42   476.71   477.14   481.15   483.11
eigval :      483.87   485.34   507.70   508.05   509.59   509.73
eigval :      512.21   514.67   515.61   516.90   517.39   518.72
eigval :      518.97   520.36   533.04   533.28   536.97   537.24
eigval :      541.02   541.27   542.84   543.42   549.56   552.30
eigval :      554.32   555.38   570.36   572.96   573.84   576.49
eigval :      610.24   610.43   611.82   611.88   612.31   612.45
eigval :      619.76   619.94   622.41   622.61   624.03   624.67
eigval :      624.81   625.71   626.11   626.34   675.13   675.24
eigval :      675.72   675.84   688.82   689.03   689.53   689.72
eigval :      724.12   724.34   725.03   725.07   725.16   725.27
eigval :      726.04   726.20   764.53   764.63   765.32   765.99
eigval :      773.68   773.81   776.94   777.03   779.34   779.58
eigval :      781.19   781.33   793.95   794.08   796.58   796.65
eigval :      803.39   803.64   805.05   805.34   806.69   807.21
eigval :      810.21   810.61   812.82   813.24   823.89   823.90
eigval :      829.29   829.65   831.45   831.90   832.20   833.03
eigval :      835.34   835.42   851.87   852.09   855.38   855.77
eigval :      857.72   858.05   858.16   858.34   861.37   861.74
eigval :      865.55   865.96   875.44   880.29   882.50   882.97
eigval :      886.77   889.10   890.52   891.39   891.80   891.94
eigval :      892.04   894.81   894.84   894.95   895.15   895.46
eigval :      895.61   895.72   898.57   899.27   899.89   900.10
eigval :      900.30   900.44   904.41   904.71   904.88   905.20
eigval :      923.97   924.01   924.09   924.22   932.66   932.97
eigval :      933.37   933.44   934.31   934.39   934.63   935.34
eigval :      995.39   996.43   996.91   996.98  1038.79  1040.06
eigval :     1040.12  1041.02  1048.23  1049.03  1049.14  1049.78
eigval :     1073.70  1073.78  1074.25  1074.29  1077.93  1078.05
eigval :     1078.10  1078.22  1108.73  1108.82  1109.19  1109.27
eigval :     1109.33  1109.48  1109.58  1109.81  1125.19  1125.29
eigval :     1126.84  1126.96  1152.14  1152.38  1154.38  1154.69
eigval :     1158.74  1159.61  1165.93  1166.45  1169.94  1170.23
eigval :     1171.76  1172.06  1173.90  1173.95  1174.41  1174.51
eigval :     1183.58  1184.54  1185.30  1187.40  1189.99  1190.97
eigval :     1192.13  1194.19  1200.39  1200.97  1201.85  1203.44
eigval :     1212.40  1214.37  1214.42  1215.72  1217.21  1217.30
eigval :     1218.29  1218.35  1218.67  1219.51  1219.72  1221.12
eigval :     1223.78  1223.84  1226.73  1226.91  1253.09  1253.16
eigval :     1253.73  1253.75  1286.88  1287.04  1288.09  1289.84
eigval :     1296.28  1297.12  1297.90  1300.72  1306.74  1306.77
eigval :     1307.12  1307.40  1313.41  1313.54  1313.90  1314.24
eigval :     1320.71  1321.09  1321.85  1322.33  1350.10  1350.32
eigval :     1350.65  1352.26  1363.68  1363.91  1364.60  1366.04
eigval :     1370.38  1371.60  1371.68  1371.79  1376.20  1377.07
eigval :     1377.24  1377.50  1395.37  1395.46  1395.82  1396.11
eigval :     1397.59  1397.90  1399.10  1399.28  1399.36  1399.44
eigval :     1400.87  1400.94  1422.28  1422.52  1423.89  1424.59
eigval :     1439.27  1439.46  1440.75  1441.11  1463.83  1464.03
eigval :     1464.52  1464.55  1469.23  1469.45  1469.63  1469.77
eigval :     1488.87  1488.91  1489.29  1489.33  1527.21  1527.21
eigval :     1527.51  1527.57  1528.47  1528.50  1528.55  1528.60
eigval :     1536.40  1536.57  1536.64  1536.69  1555.01  1555.29
eigval :     1556.27  1556.40  1559.55  1559.64  1559.95  1560.11
eigval :     1565.36  1565.65  1566.19  1566.34  1569.22  1569.35
eigval :     1569.68  1569.71  1578.21  1578.26  1578.33  1578.62
eigval :     2291.14  2291.24  2291.62  2291.71  2300.73  2300.82
eigval :     2300.90  2301.11  2973.43  2973.78  2978.59  2978.96
eigval :     2980.55  2980.88  2986.51  2986.61  2989.45  2989.85
eigval :     2992.86  2992.95  2995.61  2995.82  2999.12  2999.59
eigval :     3083.82  3083.88  3084.25  3084.41  3092.32  3092.63
eigval :     3093.14  3093.20  3094.29  3094.47  3094.66  3094.85
eigval :     3095.60  3095.75  3095.98  3096.20  3101.85  3101.93
eigval :     3102.03  3102.45  3102.58  3102.67  3102.78  3102.92
eigval :     3102.99  3103.05  3103.67  3104.36  3108.09  3108.11
eigval :     3108.67  3108.72  3110.55  3110.72  3110.88  3111.00
eigval :     3111.04  3111.55  3111.84  3112.07  3112.96  3113.10
eigval :     3114.66  3114.83  3115.25  3115.64  3116.23  3116.34
 reduced masses (amu)
   1: 23.30   2: 23.35   3: 22.32   4: 14.57   5: 21.48   6: 23.16   7: 11.78   8: 11.55
   9: 12.00  10: 15.97  11: 15.56  12: 13.89  13: 12.57  14: 12.10  15: 13.90  16: 16.37
  17: 17.01  18: 12.35  19: 11.08  20: 27.94  21: 12.35  22: 12.09  23: 11.24  24: 13.16
  25: 13.75  26: 29.16  27: 13.63  28: 11.36  29: 12.08  30: 16.37  31: 14.71  32: 11.52
  33: 10.99  34: 11.53  35: 11.89  36: 20.51  37: 11.54  38: 11.21  39: 11.91  40: 12.58
  41: 11.31  42: 12.90  43: 13.43  44: 11.35  45: 12.22  46: 11.74  47: 11.38  48: 11.68
  49: 12.35  50: 13.83  51: 12.02  52: 11.64  53: 13.05  54: 12.23  55: 11.31  56: 11.06
  57: 11.22  58: 12.15  59: 12.20  60: 11.87  61: 11.39  62: 11.11  63: 18.61  64: 13.66
  65: 11.07  66: 12.00  67: 11.44  68: 11.97  69: 11.24  70: 12.97  71: 12.24  72: 12.02
  73: 10.58  74: 10.73  75: 20.72  76: 11.58  77: 13.42  78: 19.04  79: 21.06  80: 22.33
  81: 38.33  82: 42.98  83: 48.31  84: 32.11  85: 31.90  86: 15.39  87: 18.82  88: 24.00
  89: 15.21  90: 16.93  91: 34.45  92: 35.57  93: 29.01  94: 29.26  95: 11.33  96: 11.70
  97: 10.77  98: 18.72  99: 18.64 100: 11.38 101: 19.11 102: 18.76 103: 11.12 104: 12.06
 105: 11.28 106: 13.31 107: 14.18 108: 14.68 109: 12.31 110: 11.70 111: 11.96 112: 17.90
 113: 11.38 114: 15.19 115:  8.92 116:  8.92 117:  8.97 118:  8.97 119:  9.41 120:  9.35
 121:  9.57 122:  9.48 123:  9.56 124:  9.42 125:  9.62 126:  9.56 127: 11.88 128: 11.88
 129: 11.88 130: 11.88 131: 11.08 132: 11.44 133: 11.51 134: 11.49 135: 10.35 136: 10.71
 137: 10.57 138: 10.57 139: 11.52 140: 11.72 141: 10.87 142: 10.95 143: 11.54 144: 11.51
 145: 11.85 146: 12.02 147: 11.18 148: 11.12 149: 11.40 150: 11.38 151: 11.15 152: 11.23
 153: 11.21 154: 11.16 155: 11.54 156: 11.96 157: 11.94 158: 12.57 159:  9.33 160:  9.32
 161:  9.40 162:  9.40 163: 11.54 164: 11.49 165: 12.11 166: 11.38 167: 12.26 168: 11.75
 169: 11.69 170: 12.00 171: 10.16 172: 10.08 173: 10.41 174: 10.37 175: 10.83 176: 11.09
 177: 10.88 178: 10.94 179: 11.56 180: 11.61 181: 12.48 182: 12.77 183: 11.81 184: 11.77
 185: 12.38 186: 12.82 187: 10.68 188: 10.66 189: 11.40 190: 11.39 191: 11.40 192: 11.38
 193: 11.01 194: 10.98 195: 11.45 196: 11.60 197: 11.37 198: 11.35 199: 11.56 200: 11.72
 201: 11.71 202: 11.46 203: 11.22 204: 11.22 205: 11.24 206: 11.24 207: 11.23 208: 11.24
 209: 11.24 210: 11.25 211: 10.59 212: 10.56 213: 10.65 214: 10.65 215: 10.64 216: 10.63
 217: 10.77 218: 10.76 219: 10.97 220: 10.95 221: 11.02 222: 11.05 223:  4.26 224:  4.09
 225:  4.37 226:  4.34 227:  3.90 228:  3.83 229:  4.20 230:  4.16 231: 11.22 232: 11.14
 233: 11.12 234: 11.09 235: 11.44 236: 11.51 237: 11.41 238: 11.46 239:  4.98 240:  4.95
 241:  4.91 242:  4.90 243:  3.84 244:  3.87 245:  4.09 246:  4.13 247:  4.11 248:  4.03
 249: 10.87 250: 10.94 251: 10.52 252: 10.69 253:  4.25 254:  4.30 255:  4.55 256:  4.55
 257:  3.40 258:  3.44 259:  3.38 260:  3.65 261:  4.05 262:  4.24 263:  4.31 264:  4.25
 265:  4.12 266:  4.08 267: 10.68 268: 10.54 269: 10.33 270: 10.92 271:  7.74 272:  3.85
 273:  6.86 274:  9.14 275:  5.89 276:  4.10 277:  4.67 278:  4.13 279:  4.27 280:  4.13
 281:  4.09 282:  7.47 283:  7.62 284:  4.78 285:  4.74 286:  4.83 287:  4.04 288:  4.16
 289:  3.88 290:  3.78 291:  3.83 292:  3.80 293:  3.37 294:  3.17 295:  3.68 296:  3.68
 297:  3.70 298:  3.70 299:  3.70 300:  3.69 301:  3.69 302:  3.69 303:  3.69 304:  3.68
 305:  3.69 306:  3.68 307:  9.98 308:  9.92 309:  9.97 310:  9.95 311: 10.23 312: 10.16
 313: 10.13 314: 10.10 315:  9.00 316:  8.93 317:  8.93 318:  8.85 319:  7.19 320:  7.20
 321:  7.16 322:  7.16 323:  7.15 324:  7.11 325:  7.10 326:  7.11 327:  6.00 328:  6.01
 329:  6.12 330:  6.16 331:  6.09 332:  6.06 333:  6.13 334:  6.15 335:  3.12 336:  3.12
 337:  3.15 338:  3.16 339:  3.16 340:  3.16 341:  3.29 342:  3.32 343:  3.58 344:  3.44
 345:  4.20 346:  4.06 347:  3.38 348:  3.39 349:  2.78 350:  3.26 351:  4.06 352:  3.93
 353:  3.80 354:  3.72 355:  2.44 356:  2.41 357:  2.51 358:  2.45 359:  4.38 360:  4.33
 361:  4.21 362:  4.22 363:  4.80 364:  5.03 365:  4.78 366:  5.21 367:  4.58 368:  4.80
 369:  4.50 370:  5.18 371:  5.33 372:  5.42 373:  7.56 374:  7.45 375:  5.42 376:  7.47
 377:  7.79 378:  6.46 379:  6.11 380:  6.21 381:  5.34 382:  5.56 383:  3.23 384:  3.23
 385:  3.22 386:  3.22 387:  6.81 388:  6.83 389:  6.77 390:  6.58 391:  8.42 392:  8.48
 393:  8.40 394:  8.40 395: 11.17 396: 11.16 397: 11.15 398: 10.99 399:  9.80 400:  9.79
 401:  9.71 402:  9.78 403: 10.22 404: 10.22 405: 10.25 406: 10.26 407: 10.04 408: 10.02
 409: 10.04 410:  9.83 411: 10.27 412: 10.30 413: 10.28 414: 10.07 415:  9.82 416:  9.89
 417:  9.83 418:  9.91 419: 10.30 420: 10.31 421: 10.33 422: 10.47 423: 10.39 424: 10.38
 425: 10.37 426: 10.34 427: 11.27 428: 11.27 429: 11.24 430: 11.14 431: 10.90 432: 10.97
 433: 10.84 434: 10.85 435: 10.34 436: 10.31 437: 10.39 438: 10.36 439: 10.97 440: 10.98
 441: 11.00 442: 11.00 443: 11.33 444: 11.34 445: 11.34 446: 11.34 447: 11.05 448: 11.02
 449: 11.03 450: 11.02 451: 10.71 452: 10.71 453: 10.72 454: 10.72 455: 11.76 456: 11.76
 457: 11.77 458: 11.77 459: 11.61 460: 11.62 461: 11.62 462: 11.62 463: 11.67 464: 11.67
 465: 11.68 466: 11.67 467: 11.66 468: 11.67 469: 11.65 470: 11.67 471: 11.50 472: 11.49
 473: 11.52 474: 11.51 475: 11.47 476: 11.49 477: 11.46 478: 11.49 479: 11.52 480: 11.53
 481: 11.52 482: 11.52 483: 11.48 484: 11.49 485: 11.48 486: 11.48 487: 12.01 488: 12.01
 489: 12.01 490: 12.01 491: 12.01 492: 12.01 493: 12.01 494: 12.01 495:  1.86 496:  1.86
 497:  1.85 498:  1.85 499:  1.84 500:  1.84 501:  1.85 502:  1.85 503:  1.84 504:  1.84
 505:  1.84 506:  1.84 507:  1.84 508:  1.84 509:  1.84 510:  1.84 511:  1.78 512:  1.78
 513:  1.78 514:  1.78 515:  1.78 516:  1.78 517:  1.78 518:  1.78 519:  1.78 520:  1.78
 521:  1.78 522:  1.78 523:  1.88 524:  1.88 525:  1.88 526:  1.88 527:  1.79 528:  1.80
 529:  1.82 530:  1.83 531:  1.84 532:  1.83 533:  1.83 534:  1.84 535:  1.84 536:  1.84
 537:  1.79 538:  1.79 539:  1.90 540:  1.90 541:  1.90 542:  1.90 543:  1.90 544:  1.90
 545:  1.90 546:  1.87 547:  1.89 548:  1.86 549:  1.86 550:  1.86 551:  1.89 552:  1.89
 553:  1.87 554:  1.86 555:  1.86 556:  1.88 557:  1.85 558:  1.85
 IR intensities (amu)
   1:  0.58   2:  0.43   3:  0.65   4:  0.27   5:  0.39   6:  0.40   7:  0.24   8:  0.11
   9:  0.21  10:  0.47  11:  0.42  12:  0.15  13:  0.04  14:  0.05  15:  0.09  16:  0.03
  17:  0.03  18:  0.18  19:  0.03  20:  0.02  21:  0.06  22:  0.16  23:  0.02  24:  0.11
  25:  0.07  26:  0.17  27:  0.28  28:  0.13  29:  0.12  30:  0.11  31:  0.14  32:  0.02
  33:  0.02  34:  0.02  35:  0.15  36:  0.05  37:  0.03  38:  0.01  39:  0.03  40:  0.03
  41:  0.03  42:  0.15  43:  0.03  44:  0.04  45:  0.04  46:  0.02  47:  0.00  48:  0.09
  49:  0.08  50:  0.16  51:  0.01  52:  0.04  53:  0.08  54:  0.03  55:  0.24  56:  0.02
  57:  0.18  58:  0.21  59:  0.03  60:  0.03  61:  0.03  62:  0.14  63:  0.03  64:  0.00
  65:  0.00  66:  0.17  67:  0.10  68:  0.15  69:  0.11  70:  0.28  71:  0.01  72:  0.34
  73:  0.18  74:  0.05  75:  0.57  76:  0.04  77:  0.25  78:  0.01  79:  0.05  80:  0.86
  81:  1.29  82:  0.03  83:  0.33  84:  0.03  85:  0.03  86:  0.65  87:  0.54  88:  0.77
  89:  0.37  90:  0.02  91:  0.11  92:  0.03  93:  0.77  94:  0.76  95:  0.01  96:  0.04
  97:  0.15  98:  0.55  99:  0.55 100:  0.23 101:  0.11 102:  0.03 103:  0.06 104:  0.16
 105:  0.13 106:  0.32 107:  0.32 108:  0.42 109:  0.02 110:  0.00 111:  0.01 112:  0.01
 113:  0.10 114:  0.07 115:  0.09 116:  0.09 117:  0.02 118:  0.02 119:  0.01 120:  0.07
 121:  0.12 122:  0.03 123:  0.02 124:  0.00 125:  0.01 126:  0.08 127:  0.11 128:  0.11
 129:  0.12 130:  0.12 131:  0.01 132:  0.01 133:  0.04 134:  0.04 135:  0.07 136:  0.02
 137:  0.08 138:  0.07 139:  0.27 140:  0.02 141:  0.02 142:  0.12 143:  0.00 144:  0.00
 145:  0.08 146:  0.18 147:  0.01 148:  0.04 149:  0.04 150:  0.14 151:  0.02 152:  0.04
 153:  0.15 154:  0.01 155:  0.31 156:  0.14 157:  0.32 158:  0.04 159:  0.01 160:  0.03
 161:  0.15 162:  0.06 163:  0.03 164:  0.00 165:  0.29 166:  0.09 167:  0.61 168:  0.22
 169:  0.20 170:  0.00 171:  0.02 172:  0.07 173:  0.03 174:  0.22 175:  0.04 176:  0.13
 177:  0.17 178:  0.02 179:  0.06 180:  0.35 181:  0.04 182:  0.02 183:  0.01 184:  0.04
 185:  0.76 186:  1.02 187:  0.07 188:  0.28 189:  0.02 190:  0.01 191:  0.03 192:  0.06
 193:  0.30 194:  0.64 195:  0.01 196:  0.20 197:  0.17 198:  0.77 199:  0.01 200:  0.01
 201:  0.28 202:  0.01 203:  0.01 204:  0.01 205:  0.05 206:  0.04 207:  0.01 208:  0.21
 209:  0.02 210:  0.22 211:  0.04 212:  0.01 213:  0.09 214:  0.09 215:  0.05 216:  0.13
 217:  0.10 218:  0.17 219:  0.01 220:  0.01 221:  0.02 222:  0.33 223:  0.01 224:  0.02
 225:  0.03 226:  0.04 227:  0.14 228:  0.01 229:  0.02 230:  0.04 231:  0.06 232:  0.01
 233:  0.05 234:  0.02 235:  0.37 236:  0.02 237:  0.52 238:  0.03 239:  0.13 240:  0.21
 241:  0.27 242:  0.15 243:  0.06 244:  0.52 245:  0.12 246:  0.47 247:  0.21 248:  0.10
 249:  0.47 250:  0.17 251:  0.47 252:  0.00 253:  0.36 254:  0.12 255:  0.17 256:  0.09
 257:  0.02 258:  0.01 259:  0.06 260:  0.01 261:  0.02 262:  0.04 263:  0.02 264:  0.08
 265:  0.06 266:  0.03 267:  0.01 268:  0.01 269:  0.54 270:  0.21 271:  0.22 272:  0.04
 273:  0.13 274:  0.38 275:  0.09 276:  0.07 277:  0.04 278:  0.10 279:  0.06 280:  0.03
 281:  0.04 282:  0.15 283:  0.03 284:  0.02 285:  0.25 286:  0.05 287:  0.07 288:  0.05
 289:  0.06 290:  0.05 291:  0.02 292:  0.02 293:  0.03 294:  0.02 295:  0.03 296:  0.05
 297:  0.04 298:  0.01 299:  0.03 300:  0.03 301:  0.02 302:  0.02 303:  0.01 304:  0.01
 305:  0.02 306:  0.02 307:  0.05 308:  0.06 309:  0.03 310:  0.32 311:  0.22 312:  0.19
 313:  0.18 314:  0.01 315:  0.01 316:  0.09 317:  0.03 318:  0.80 319:  0.16 320:  0.18
 321:  0.22 322:  0.06 323:  0.19 324:  0.61 325:  0.75 326:  0.72 327:  0.10 328:  0.09
 329:  0.26 330:  0.35 331:  0.27 332:  0.58 333:  0.66 334:  0.13 335:  0.05 336:  0.03
 337:  0.15 338:  0.05 339:  0.05 340:  0.06 341:  0.45 342:  0.09 343:  0.17 344:  1.07
 345:  0.63 346:  0.03 347:  0.09 348:  0.19 349:  0.16 350:  0.04 351:  0.08 352:  0.11
 353:  0.45 354:  0.36 355:  0.01 356:  0.24 357:  0.33 358:  0.00 359:  0.14 360:  0.05
 361:  0.01 362:  1.02 363:  0.04 364:  0.23 365:  0.35 366:  0.02 367:  0.06 368:  0.01
 369:  0.01 370:  0.01 371:  0.31 372:  0.04 373:  0.10 374:  0.14 375:  0.32 376:  0.03
 377:  0.22 378:  0.00 379:  0.03 380:  0.05 381:  0.14 382:  0.41 383:  0.04 384:  0.01
 385:  0.08 386:  0.17 387:  0.02 388:  0.10 389:  0.03 390:  0.36 391:  0.15 392:  0.05
 393:  0.21 394:  0.01 395:  0.06 396:  0.14 397:  0.17 398:  0.02 399:  0.06 400:  0.01
 401:  0.01 402:  0.09 403:  0.13 404:  0.02 405:  0.20 406:  1.17 407:  0.14 408:  0.25
 409:  0.13 410:  1.78 411:  0.32 412:  2.57 413:  0.16 414:  0.02 415:  0.07 416:  0.62
 417:  0.52 418:  1.35 419:  0.09 420:  1.04 421:  1.13 422:  0.03 423:  0.10 424:  0.11
 425:  0.21 426:  0.07 427:  0.67 428:  0.48 429:  2.20 430:  0.75 431:  0.50 432:  1.57
 433:  1.32 434:  0.53 435:  0.04 436:  0.04 437:  0.08 438:  2.30 439:  0.35 440:  0.58
 441:  0.06 442:  0.05 443:  0.06 444:  0.03 445:  0.44 446:  1.34 447:  0.55 448:  0.55
 449:  0.21 450:  0.11 451:  0.13 452:  0.22 453:  0.20 454:  0.16 455:  0.08 456:  1.32
 457:  1.99 458:  0.71 459:  0.02 460:  0.06 461:  0.03 462:  0.06 463:  0.39 464:  2.02
 465:  0.47 466:  0.04 467:  0.91 468:  0.05 469:  0.18 470:  0.08 471:  0.33 472:  0.46
 473:  1.24 474:  1.70 475:  0.47 476:  0.03 477:  0.05 478:  0.07 479:  0.06 480:  0.10
 481:  1.04 482:  1.23 483:  0.31 484:  0.03 485:  0.39 486:  0.04 487:  1.13 488:  1.06
 489:  1.30 490:  1.22 491:  0.37 492:  1.15 493:  1.82 494:  4.10 495:  0.03 496:  0.03
 497:  0.03 498:  0.05 499:  0.03 500:  0.03 501:  0.01 502:  0.08 503:  0.10 504:  0.08
 505:  0.09 506:  0.19 507:  0.10 508:  0.10 509:  0.09 510:  0.09 511:  0.15 512:  0.15
 513:  0.15 514:  0.15 515:  0.15 516:  0.15 517:  0.15 518:  0.16 519:  0.16 520:  0.16
 521:  0.17 522:  0.16 523:  0.34 524:  0.28 525:  0.41 526:  0.47 527:  0.10 528:  0.13
 529:  0.13 530:  0.17 531:  0.17 532:  0.19 533:  0.19 534:  0.12 535:  0.18 536:  0.26
 537:  0.11 538:  0.10 539:  0.30 540:  0.37 541:  0.34 542:  0.38 543:  0.18 544:  0.13
 545:  0.19 546:  0.24 547:  0.48 548:  0.13 549:  0.07 550:  0.15 551:  0.11 552:  0.11
 553:  0.13 554:  0.08 555:  0.04 556:  0.11 557:  0.06 558:  0.06
 Raman intensities (amu)
   1:  0.00   2:  0.00   3:  0.00   4:  0.00   5:  0.00   6:  0.00   7:  0.00   8:  0.00
   9:  0.00  10:  0.00  11:  0.00  12:  0.00  13:  0.00  14:  0.00  15:  0.00  16:  0.00
  17:  0.00  18:  0.00  19:  0.00  20:  0.00  21:  0.00  22:  0.00  23:  0.00  24:  0.00
  25:  0.00  26:  0.00  27:  0.00  28:  0.00  29:  0.00  30:  0.00  31:  0.00  32:  0.00
  33:  0.00  34:  0.00  35:  0.00  36:  0.00  37:  0.00  38:  0.00  39:  0.00  40:  0.00
  41:  0.00  42:  0.00  43:  0.00  44:  0.00  45:  0.00  46:  0.00  47:  0.00  48:  0.00
  49:  0.00  50:  0.00  51:  0.00  52:  0.00  53:  0.00  54:  0.00  55:  0.00  56:  0.00
  57:  0.00  58:  0.00  59:  0.00  60:  0.00  61:  0.00  62:  0.00  63:  0.00  64:  0.00
  65:  0.00  66:  0.00  67:  0.00  68:  0.00  69:  0.00  70:  0.00  71:  0.00  72:  0.00
  73:  0.00  74:  0.00  75:  0.00  76:  0.00  77:  0.00  78:  0.00  79:  0.00  80:  0.00
  81:  0.00  82:  0.00  83:  0.00  84:  0.00  85:  0.00  86:  0.00  87:  0.00  88:  0.00
  89:  0.00  90:  0.00  91:  0.00  92:  0.00  93:  0.00  94:  0.00  95:  0.00  96:  0.00
  97:  0.00  98:  0.00  99:  0.00 100:  0.00 101:  0.00 102:  0.00 103:  0.00 104:  0.00
 105:  0.00 106:  0.00 107:  0.00 108:  0.00 109:  0.00 110:  0.00 111:  0.00 112:  0.00
 113:  0.00 114:  0.00 115:  0.00 116:  0.00 117:  0.00 118:  0.00 119:  0.00 120:  0.00
 121:  0.00 122:  0.00 123:  0.00 124:  0.00 125:  0.00 126:  0.00 127:  0.00 128:  0.00
 129:  0.00 130:  0.00 131:  0.00 132:  0.00 133:  0.00 134:  0.00 135:  0.00 136:  0.00
 137:  0.00 138:  0.00 139:  0.00 140:  0.00 141:  0.00 142:  0.00 143:  0.00 144:  0.00
 145:  0.00 146:  0.00 147:  0.00 148:  0.00 149:  0.00 150:  0.00 151:  0.00 152:  0.00
 153:  0.00 154:  0.00 155:  0.00 156:  0.00 157:  0.00 158:  0.00 159:  0.00 160:  0.00
 161:  0.00 162:  0.00 163:  0.00 164:  0.00 165:  0.00 166:  0.00 167:  0.00 168:  0.00
 169:  0.00 170:  0.00 171:  0.00 172:  0.00 173:  0.00 174:  0.00 175:  0.00 176:  0.00
 177:  0.00 178:  0.00 179:  0.00 180:  0.00 181:  0.00 182:  0.00 183:  0.00 184:  0.00
 185:  0.00 186:  0.00 187:  0.00 188:  0.00 189:  0.00 190:  0.00 191:  0.00 192:  0.00
 193:  0.00 194:  0.00 195:  0.00 196:  0.00 197:  0.00 198:  0.00 199:  0.00 200:  0.00
 201:  0.00 202:  0.00 203:  0.00 204:  0.00 205:  0.00 206:  0.00 207:  0.00 208:  0.00
 209:  0.00 210:  0.00 211:  0.00 212:  0.00 213:  0.00 214:  0.00 215:  0.00 216:  0.00
 217:  0.00 218:  0.00 219:  0.00 220:  0.00 221:  0.00 222:  0.00 223:  0.00 224:  0.00
 225:  0.00 226:  0.00 227:  0.00 228:  0.00 229:  0.00 230:  0.00 231:  0.00 232:  0.00
 233:  0.00 234:  0.00 235:  0.00 236:  0.00 237:  0.00 238:  0.00 239:  0.00 240:  0.00
 241:  0.00 242:  0.00 243:  0.00 244:  0.00 245:  0.00 246:  0.00 247:  0.00 248:  0.00
 249:  0.00 250:  0.00 251:  0.00 252:  0.00 253:  0.00 254:  0.00 255:  0.00 256:  0.00
 257:  0.00 258:  0.00 259:  0.00 260:  0.00 261:  0.00 262:  0.00 263:  0.00 264:  0.00
 265:  0.00 266:  0.00 267:  0.00 268:  0.00 269:  0.00 270:  0.00 271:  0.00 272:  0.00
 273:  0.00 274:  0.00 275:  0.00 276:  0.00 277:  0.00 278:  0.00 279:  0.00 280:  0.00
 281:  0.00 282:  0.00 283:  0.00 284:  0.00 285:  0.00 286:  0.00 287:  0.00 288:  0.00
 289:  0.00 290:  0.00 291:  0.00 292:  0.00 293:  0.00 294:  0.00 295:  0.00 296:  0.00
 297:  0.00 298:  0.00 299:  0.00 300:  0.00 301:  0.00 302:  0.00 303:  0.00 304:  0.00
 305:  0.00 306:  0.00 307:  0.00 308:  0.00 309:  0.00 310:  0.00 311:  0.00 312:  0.00
 313:  0.00 314:  0.00 315:  0.00 316:  0.00 317:  0.00 318:  0.00 319:  0.00 320:  0.00
 321:  0.00 322:  0.00 323:  0.00 324:  0.00 325:  0.00 326:  0.00 327:  0.00 328:  0.00
 329:  0.00 330:  0.00 331:  0.00 332:  0.00 333:  0.00 334:  0.00 335:  0.00 336:  0.00
 337:  0.00 338:  0.00 339:  0.00 340:  0.00 341:  0.00 342:  0.00 343:  0.00 344:  0.00
 345:  0.00 346:  0.00 347:  0.00 348:  0.00 349:  0.00 350:  0.00 351:  0.00 352:  0.00
 353:  0.00 354:  0.00 355:  0.00 356:  0.00 357:  0.00 358:  0.00 359:  0.00 360:  0.00
 361:  0.00 362:  0.00 363:  0.00 364:  0.00 365:  0.00 366:  0.00 367:  0.00 368:  0.00
 369:  0.00 370:  0.00 371:  0.00 372:  0.00 373:  0.00 374:  0.00 375:  0.00 376:  0.00
 377:  0.00 378:  0.00 379:  0.00 380:  0.00 381:  0.00 382:  0.00 383:  0.00 384:  0.00
 385:  0.00 386:  0.00 387:  0.00 388:  0.00 389:  0.00 390:  0.00 391:  0.00 392:  0.00
 393:  0.00 394:  0.00 395:  0.00 396:  0.00 397:  0.00 398:  0.00 399:  0.00 400:  0.00
 401:  0.00 402:  0.00 403:  0.00 404:  0.00 405:  0.00 406:  0.00 407:  0.00 408:  0.00
 409:  0.00 410:  0.00 411:  0.00 412:  0.00 413:  0.00 414:  0.00 415:  0.00 416:  0.00
 417:  0.00 418:  0.00 419:  0.00 420:  0.00 421:  0.00 422:  0.00 423:  0.00 424:  0.00
 425:  0.00 426:  0.00 427:  0.00 428:  0.00 429:  0.00 430:  0.00 431:  0.00 432:  0.00
 433:  0.00 434:  0.00 435:  0.00 436:  0.00 437:  0.00 438:  0.00 439:  0.00 440:  0.00
 441:  0.00 442:  0.00 443:  0.00 444:  0.00 445:  0.00 446:  0.00 447:  0.00 448:  0.00
 449:  0.00 450:  0.00 451:  0.00 452:  0.00 453:  0.00 454:  0.00 455:  0.00 456:  0.00
 457:  0.00 458:  0.00 459:  0.00 460:  0.00 461:  0.00 462:  0.00 463:  0.00 464:  0.00
 465:  0.00 466:  0.00 467:  0.00 468:  0.00 469:  0.00 470:  0.00 471:  0.00 472:  0.00
 473:  0.00 474:  0.00 475:  0.00 476:  0.00 477:  0.00 478:  0.00 479:  0.00 480:  0.00
 481:  0.00 482:  0.00 483:  0.00 484:  0.00 485:  0.00 486:  0.00 487:  0.00 488:  0.00
 489:  0.00 490:  0.00 491:  0.00 492:  0.00 493:  0.00 494:  0.00 495:  0.00 496:  0.00
 497:  0.00 498:  0.00 499:  0.00 500:  0.00 501:  0.00 502:  0.00 503:  0.00 504:  0.00
 505:  0.00 506:  0.00 507:  0.00 508:  0.00 509:  0.00 510:  0.00 511:  0.00 512:  0.00
 513:  0.00 514:  0.00 515:  0.00 516:  0.00 517:  0.00 518:  0.00 519:  0.00 520:  0.00
 521:  0.00 522:  0.00 523:  0.00 524:  0.00 525:  0.00 526:  0.00 527:  0.00 528:  0.00
 529:  0.00 530:  0.00 531:  0.00 532:  0.00 533:  0.00 534:  0.00 535:  0.00 536:  0.00
 537:  0.00 538:  0.00 539:  0.00 540:  0.00 541:  0.00 542:  0.00 543:  0.00 544:  0.00
 545:  0.00 546:  0.00 547:  0.00 548:  0.00 549:  0.00 550:  0.00 551:  0.00 552:  0.00
 553:  0.00 554:  0.00 555:  0.00 556:  0.00 557:  0.00 558:  0.00
 output can be read by thermo (or use thermo option).
 writing <g98.out> molden fake output.
 recommended (thermochemical) frequency scaling factor: 1.0
           -------------------------------------------------
          |             Thermodynamic Functions             |
           -------------------------------------------------

Refinement of some symmetry elements was terminated before convergence was reached.
Some symmetry elements may remain unidentified.
Molecule has the following symmetry elements: (C2) 
It seems to be the C2 point group
c2  symmetry found (for desy threshold:  0.10E+00) used in thermo

          ...................................................
          :                      SETUP                      :
          :.................................................:
          :  # frequencies                         552      :
          :  # imaginary freq.                       0      :
          :  linear?                             false      :
          :  only rotor calc.                    false      :
          :  symmetry                               c2      :
          :  rotational number                       2      :
          :  scaling factor                  1.0000000      :
          :  rotor cutoff                   50.0000000 cm⁻¹ :
          :  imag. cutoff                  -20.0000000 cm⁻¹ :
          :.................................................:

    mode    ω/cm⁻¹     T·S(HO)/kcal·mol⁻¹    T·S(FR)/kcal·mol⁻¹   T·S(vib)
   ------------------------------------------------------------------------
       1      3.74    -2.97068 (  0.00%)    -1.82443 (100.00%)    -1.82447
       2      4.26    -2.89425 (  0.01%)    -1.78622 ( 99.99%)    -1.78628
       3      6.93    -2.60532 (  0.04%)    -1.64175 ( 99.96%)    -1.64211
       4      8.72    -2.46931 (  0.09%)    -1.57374 ( 99.91%)    -1.57457
       5      9.71    -2.40615 (  0.14%)    -1.54216 ( 99.86%)    -1.54338
       6     10.78    -2.34401 (  0.22%)    -1.51108 ( 99.78%)    -1.51288
       7     12.14    -2.27351 (  0.35%)    -1.47582 ( 99.65%)    -1.47859
       8     12.52    -2.25557 (  0.39%)    -1.46685 ( 99.61%)    -1.46994
       9     12.58    -2.25236 (  0.40%)    -1.46525 ( 99.60%)    -1.46839
      10     13.40    -2.21528 (  0.51%)    -1.44670 ( 99.49%)    -1.45064
      11     14.99    -2.14884 (  0.80%)    -1.41347 ( 99.20%)    -1.41936
      12     16.90    -2.07767 (  1.29%)    -1.37787 ( 98.71%)    -1.38688
      13     18.56    -2.02227 (  1.86%)    -1.35015 ( 98.14%)    -1.36267
      14     20.38    -1.96698 (  2.68%)    -1.32249 ( 97.32%)    -1.33978
      15     21.17    -1.94429 (  3.11%)    -1.31113 ( 96.89%)    -1.33085
      16     25.42    -1.83594 (  6.27%)    -1.25690 ( 93.73%)    -1.29318
      17     26.75    -1.80576 (  7.58%)    -1.24179 ( 92.42%)    -1.28452
      18     36.55    -1.62135 ( 22.20%)    -1.14941 ( 77.80%)    -1.25420
      19     36.91    -1.61556 ( 22.89%)    -1.14650 ( 77.11%)    -1.25386
      20     37.48    -1.60642 ( 24.00%)    -1.14192 ( 76.00%)    -1.25340
      21     41.91    -1.54048 ( 33.04%)    -1.10885 ( 66.96%)    -1.25148
      22     42.97    -1.52572 ( 35.29%)    -1.10145 ( 64.71%)    -1.25118
      23     43.74    -1.51520 ( 36.94%)    -1.09617 ( 63.06%)    -1.25094
      24     48.66    -1.45229 ( 47.29%)    -1.06458 ( 52.71%)    -1.24793
      25     50.16    -1.43442 ( 50.32%)    -1.05560 ( 49.68%)    -1.24622
      26     55.29    -1.37700 ( 59.93%)    -1.02674 ( 40.07%)    -1.23665
      27     55.63    -1.37345 ( 60.51%)    -1.02495 ( 39.49%)    -1.23582
      28     56.82    -1.36098 ( 62.51%)    -1.01868 ( 37.49%)    -1.23266
      29     58.96    -1.33920 ( 65.91%)    -1.00772 ( 34.09%)    -1.22620
      30     60.94    -1.31973 ( 68.82%)    -0.99791 ( 31.18%)    -1.21939
      31     66.07    -1.27225 ( 75.30%)    -0.97399 ( 24.70%)    -1.19858
      32     71.80    -1.22342 ( 80.96%)    -0.94935 ( 19.04%)    -1.17124
      33     76.84    -1.18362 ( 84.80%)    -0.92924 ( 15.20%)    -1.14496
      34     77.05    -1.18210 ( 84.93%)    -0.92846 ( 15.07%)    -1.14388
      35     78.38    -1.17206 ( 85.79%)    -0.92338 ( 14.21%)    -1.13672
      36     82.02    -1.14547 ( 87.87%)    -0.90993 ( 12.13%)    -1.11689
      37     82.91    -1.13918 ( 88.32%)    -0.90674 ( 11.68%)    -1.11202
      38     89.20    -1.09644 ( 91.02%)    -0.88506 (  8.98%)    -1.07745
      39     94.46    -1.06305 ( 92.72%)    -0.86809 (  7.28%)    -1.04886
      40     97.80    -1.04281 ( 93.61%)    -0.85779 (  6.39%)    -1.03098
      41     99.42    -1.03326 ( 93.99%)    -0.85292 (  6.01%)    -1.02242
      42    103.01    -1.01269 ( 94.74%)    -0.84243 (  5.26%)    -1.00374
      43    104.14    -1.00634 ( 94.95%)    -0.83919 (  5.05%)    -0.99791
      44    110.50    -0.97201 ( 95.98%)    -0.82164 (  4.02%)    -0.96596
      45    114.67    -0.95060 ( 96.51%)    -0.81066 (  3.49%)    -0.94572
      46    114.94    -0.94920 ( 96.54%)    -0.80995 (  3.46%)    -0.94439
      47    115.54    -0.94621 ( 96.61%)    -0.80842 (  3.39%)    -0.94154
      48    119.61    -0.92624 ( 97.04%)    -0.79816 (  2.96%)    -0.92245
      49    123.50    -0.90782 ( 97.38%)    -0.78868 (  2.62%)    -0.90470
      50    125.10    -0.90044 ( 97.51%)    -0.78488 (  2.49%)    -0.89756
      51    129.36    -0.88120 ( 97.82%)    -0.77495 (  2.18%)    -0.87888
      52    133.39    -0.86363 ( 98.06%)    -0.76587 (  1.94%)    -0.86174
      53    134.24    -0.85996 ( 98.11%)    -0.76397 (  1.89%)    -0.85815
      54    135.07    -0.85645 ( 98.16%)    -0.76215 (  1.84%)    -0.85471
      55    140.69    -0.83319 ( 98.43%)    -0.75009 (  1.57%)    -0.83188
      56    141.07    -0.83164 ( 98.45%)    -0.74928 (  1.55%)    -0.83036
      57    150.68    -0.79415 ( 98.80%)    -0.72975 (  1.20%)    -0.79338
      58    152.61    -0.78694 ( 98.86%)    -0.72598 (  1.14%)    -0.78624
      59    153.30    -0.78440 ( 98.88%)    -0.72465 (  1.12%)    -0.78373
      60    157.65    -0.76857 ( 99.00%)    -0.71636 (  1.00%)    -0.76805
      61    161.59    -0.75466 ( 99.09%)    -0.70905 (  0.91%)    -0.75425
      62    162.32    -0.75210 ( 99.11%)    -0.70771 (  0.89%)    -0.75170
      63    164.60    -0.74424 ( 99.16%)    -0.70357 (  0.84%)    -0.74390
      64    164.88    -0.74331 ( 99.16%)    -0.70308 (  0.84%)    -0.74297
      65    167.74    -0.73363 ( 99.22%)    -0.69798 (  0.78%)    -0.73335
      66    170.45    -0.72465 ( 99.27%)    -0.69323 (  0.73%)    -0.72442
      67    175.52    -0.70826 ( 99.35%)    -0.68454 (  0.65%)    -0.70810
      68    177.32    -0.70256 ( 99.37%)    -0.68152 (  0.63%)    -0.70243
      69    178.92    -0.69758 ( 99.39%)    -0.67887 (  0.61%)    -0.69747
      70    185.33    -0.67799 ( 99.47%)    -0.66843 (  0.53%)    -0.67794
      71    186.17    -0.67551 ( 99.48%)    -0.66711 (  0.52%)    -0.67546
      72    187.04    -0.67290 ( 99.49%)    -0.66571 (  0.51%)    -0.67287
      73    194.47    -0.65141 ( 99.56%)    -0.65418 (  0.44%)    -0.65142
      74    196.24    -0.64640 ( 99.58%)    -0.65149 (  0.42%)    -0.64643
      75    202.51    -0.62913 ( 99.63%)    -0.64217 (  0.37%)    -0.62918
      76    204.02    -0.62507 ( 99.64%)    -0.63997 (  0.36%)    -0.62512
      77    224.67    -0.57278 ( 99.76%)    -0.61141 (  0.24%)    -0.57288
      78    229.25    -0.56195 ( 99.77%)    -0.60543 (  0.23%)    -0.56205
      79    235.53    -0.54753 ( 99.80%)    -0.59744 (  0.20%)    -0.54763
      80    241.19    -0.53490 ( 99.82%)    -0.59039 (  0.18%)    -0.53500
      81    247.48    -0.52131 ( 99.83%)    -0.58277 (  0.17%)    -0.52141
      82    252.21    -0.51134 ( 99.85%)    -0.57716 (  0.15%)    -0.51145
      83    254.03    -0.50759 ( 99.85%)    -0.57503 (  0.15%)    -0.50769
      84    261.98    -0.49152 ( 99.87%)    -0.56591 (  0.13%)    -0.49162
      85    277.89    -0.46113 ( 99.90%)    -0.54844 (  0.10%)    -0.46122
      86    278.10    -0.46074 ( 99.90%)    -0.54821 (  0.10%)    -0.46083
      87    285.85    -0.44674 ( 99.91%)    -0.54007 (  0.09%)    -0.44683
      88    287.17    -0.44441 ( 99.91%)    -0.53870 (  0.09%)    -0.44449
      89    295.37    -0.43023 ( 99.92%)    -0.53036 (  0.08%)    -0.43031
      90    296.26    -0.42871 ( 99.92%)    -0.52947 (  0.08%)    -0.42880
   ------------------------------------------------------------------------

   temp. (K)  partition function   enthalpy   heat capacity  entropy
                                   cal/mol     cal/K/mol   cal/K/mol   J/K/mol
 298.15  VIB  0.199E+55            63273.526    403.236    404.838
         ROT  0.600E+09              888.752      2.981     43.150
         INT  0.119E+64            64162.279    406.217    447.987
         TR   0.699E+29             1481.254      4.968     48.201
         TOT                       65643.5325   411.1853   496.1887  2076.0537

       T/K    H(0)-H(T)+PV         H(T)/Eh          T*S/Eh         G(T)/Eh
   ------------------------------------------------------------------------
    298.15    0.104610E+00    0.146691E+01    0.235755E+00    0.123116E+01
   ------------------------------------------------------------------------

         :::::::::::::::::::::::::::::::::::::::::::::::::::::
         ::                  THERMODYNAMIC                  ::
         :::::::::::::::::::::::::::::::::::::::::::::::::::::
         :: total free energy        -302.347513373409 Eh   ::
         ::.................................................::
         :: total energy             -303.578671730621 Eh   ::
         :: zero point energy           1.362304010094 Eh   ::
         :: G(RRHO) w/o ZPVE           -0.131145652882 Eh   ::
         :: G(RRHO) contrib.            1.231158357212 Eh   ::
         :::::::::::::::::::::::::::::::::::::::::::::::::::::

           -------------------------------------------------
          | TOTAL ENERGY             -303.578671730621 Eh   |
          | TOTAL ENTHALPY           -302.111758092822 Eh   |
          | TOTAL FREE ENERGY        -302.347513373409 Eh   |
          | GRADIENT NORM               0.000668227457 Eh/α |
          | HOMO-LUMO GAP               1.743995367565 eV   |
           -------------------------------------------------

------------------------------------------------------------------------
 * finished run on 2021/06/21 at 22:51:48.602     
------------------------------------------------------------------------
 total:
 * wall-time:     0 d,  0 h, 20 min,  6.333 sec
 *  cpu-time:     0 d,  1 h, 15 min, 43.247 sec
 * ratio c/w:     3.766 speedup
 SCF:
 * wall-time:     0 d,  0 h,  0 min,  3.688 sec
 *  cpu-time:     0 d,  0 h,  0 min, 11.691 sec
 * ratio c/w:     3.170 speedup
 numerical hessian:
 * wall-time:     0 d,  0 h, 20 min,  0.475 sec
 *  cpu-time:     0 d,  1 h, 15 min, 29.269 sec
 * ratio c/w:     3.773 speedup

