      -----------------------------------------------------------      
     |                   =====================                   |     
     |                           x T B                           |     
     |                   =====================                   |     
     |                         S. Grimme                         |     
     |          Mulliken Center for Theoretical Chemistry        |     
     |                    University of Bonn                     |     
     |                Version 6.2 RC2 (SAW190805)                |     
      -----------------------------------------------------------      

   This program is distributed in the hope that it will be useful,
   but WITHOUT ANY WARRANTY; without even the implied warranty of
   MERCHANTABILITY or FITNESS FOR A PARTICULAR PURPOSE.
   
   FOR NON-COMMERCIAL, ACADEMIA USE ONLY.
   
   Cite this work as:
   * S. Grimme, C. Bannwarth, P. Shushkov, J. Chem. Theory Comput., 2017,
     13, 1989-2009. DOI: 10.1021/acs.jctc.7b00118
   * C. Bannwarth, S. Ehlert and S. Grimme., J. Chem. Theory Comput., 2019,
     15, 1652-1671. DOI: 10.1021/acs.jctc.8b01176
   * P. Pracht, E. Caldeweyher, S. Ehlert, S. Grimme, ChemRxiv, 2019, preprint.
     DOI: 10.26434/chemrxiv.8326202.v1
   
   for DFT-D4:
   * E. Caldeweyher, C. Bannwarth and S. Grimme, J. Chem. Phys., 2017,
     147, 034112. DOI: 10.1063/1.4993215
   * E. Caldeweyher, S. Ehlert, A. Hansen, H. Neugebauer, S. Spicher,
     C. Bannwarth and S. Grimme, J. Chem. Phys., 2019, 150, 154122.
     DOI: 10.1063/1.5090222
   
   for sTDA-xTB:
   * S. Grimme and C. Bannwarth, J. Chem. Phys., 2016, 145, 054103.
     DOI: 10.1063/1.4959605
   
   in the mass-spec context:
   * V. Asgeirsson, C. Bauer and S. Grimme, Chem. Sci., 2017, 8, 4879.
     DOI: 10.1039/c7sc00601b
   
   for metadynamics refer to:
   * S. Grimme, J. Chem. Theory Comput., 2019, 155, 2847-2862
     DOI: 10.1021/acs.jctc.9b00143
   
   with help from (in alphabetical order)
   C. Bannwarth, F. Bohle, G. Brandenburg, E. Caldeweyher, M. Checinski,
   S. Dohm, S. Ehlert, S. Ehrlich, F. März, H. Neugebauer, J. Pisarek,
   P. Pracht, P. Shushkov, and S. Spicher.
   
 * started run on 2021/06/22 at 02:11:41.358     

           -------------------------------------------------
          |                Calculation Setup                |
           -------------------------------------------------

          program call               : /home/atarzia/software/xtb-190806/bin/xtb /data/atarzia/projects/unsymm/screening/production/free_energy_calculations/fe_4c1_c/input_structure.xyz --gfn 2 --hess --parallel 6 --etemp 300 --gbsa dmso --chrg 4 --uhf 0 -I det_control.in
          coordinate file            : /data/atarzia/projects/unsymm/screening/production/free_energy_calculations/fe_4c1_c/input_structure.xyz
          omp threads                :                     6
          number of atoms            :                   194
          number of electrons        :                   592
          charge                     :                     4
          spin                       :                   0.0
          first test random number   :      0.06599014560187


########################################################################
# WARNING! Please study the warnings concerning your input carefully
#  - XTBHOME is not set, using HOME instead
#  - XTBPATH is not set, using XTBHOME instead
#  - Process number higher than OMP_NUM_THREADS, I hope you know what you are doing.
########################################################################

           ------------------------------------------------- 
          |                 G F N 2 - x T B                 |
          | Geometry, Frequencies, Noncovalent interactions |
          |            JCTC 2019 parametrisation            |
           ------------------------------------------------- 
             k(s)              :                1.8500
             k(p)              :                2.2300
             k(d)              :                2.2300
             k(f)              :                2.0000
             kEN (H0ij)        :               -2.0000
             D4 a1             :                0.5200
             D4 a2             :                5.0000
             D4 s6             :                1.0000
             D4 s8             :                2.7000
             D4 s9             :                5.0000
             alphaj            :                2.0000

  Z AO/shell   Hii/eV     exponent
  1     Wed Apr 25 08:07:45 CEST 2018   EN: 2.200 GM2: 0.406  GM3: 0.0800  RAES: 1.40
     1s    -10.707211    1.230000
  6     Wed Apr 25 08:07:45 CEST 2018   EN: 2.550 GM2: 0.538  GM3: 0.1500  RAES: 3.00
     2s    -13.970922    2.096432
     2p    -10.063292    1.800000
  7     Wed Apr 25 08:07:45 CEST 2018   EN: 3.040 GM2: 0.461  GM3:-0.0640  RAES: 1.90
     2s    -16.686243    2.339881
     2p    -12.523956    2.014332
 46     Wed Apr 25 16:26:58 CEST 2018   EN: 2.200 GM2: 0.273  GM3: 0.0800  RAES: 5.00
     4d    -11.963518    2.353691
     5s     -9.714059    1.828354
     5p     -2.035281    1.333352

 Solvent             : dmso
 Using internal parameter file: .param_gbsa2_dmso
 Gsolv ref. state (COSMO-RS): gsolv [1 M gas/solution]
 temperature (mdtemp)       :    298.150000000000     
 dielectric constant        :    46.6800000000000     
 rho                        :    1.10000000000000     
 mass                       :    78.1300000000000     
 surface tension            :    15.5689454083859     
 probe radius               :   0.949087640000000     
 vdW radii scaling          :    1.00000000000000     
 Gshift (Eh)                :   5.161738145414381E-003
 c1                         :    1.63948621000000     
 soset                      :   1.179665000000000E-002
 HB correction              :  T
           ------------------------------------------------- 
          |        Self-Consistent Charge Iterations        |
           ------------------------------------------------- 

          ...................................................
          :                      SETUP                      :
          :.................................................:
          :  # basis functions                 584          :
          :  # atomic orbitals                 582          :
          :  # shells                          322          :
          :  # electrons                       592          :
          :  max. iterations                   250          :
          :  Hamiltonian                  GFN2-xTB          :
          :  restarted?                      false          :
          :  GBSA solvation                   true          :
          :  PC potential                    false          :
          :  electronic temp.          300.0000000     K    :
          :  accuracy                    1.0000000          :
          :  -> integral cutoff          0.2500000E+02      :
          :  -> integral neglect         0.1000000E-07      :
          :  -> SCF convergence          0.1000000E-05 Eh   :
          :  -> wf. convergence          0.1000000E-03 e    :
          :  Broyden damping             0.4000000          :
          ...................................................

 iter      E             dE          RMSdq      gap      omega  full diag
   1   -322.7497621 -0.322750E+03  0.488E+00    2.00       0.0  T
   2   -323.2803009 -0.530539E+00  0.313E+00    1.28       1.0  T
   3   -323.2083010  0.719999E-01  0.170E+00    1.78       1.0  T
   4   -323.3893534 -0.181052E+00  0.872E-01    1.48       1.0  T
   5   -323.5045684 -0.115215E+00  0.258E-01    1.57       1.0  T
   6   -323.5111631 -0.659470E-02  0.119E-01    1.58       1.0  T
   7   -323.5123484 -0.118532E-02  0.575E-02    1.59       1.0  T
   8   -323.5123609 -0.125330E-04  0.351E-02    1.58       1.0  T
   9   -323.5124908 -0.129873E-03  0.151E-02    1.59       1.0  T
  10   -323.5125207 -0.299480E-04  0.581E-03    1.59       1.2  T
  11   -323.5125219 -0.118032E-05  0.302E-03    1.59       2.4  T
  12   -323.5125222 -0.321074E-06  0.146E-03    1.59       4.9  T
  13   -323.5125224 -0.182450E-06  0.694E-04    1.59      10.3  T
  14   -323.5125225 -0.348974E-07  0.437E-04    1.59      16.4  T

   *** convergence criteria satisfied after 14 iterations ***

         #    Occupation            Energy/Eh            Energy/eV
      -------------------------------------------------------------
         1        2.0000           -0.7252226             -19.7343
       ...           ...                  ...                  ...
       290        2.0000           -0.3921666             -10.6714
       291        2.0000           -0.3920872             -10.6692
       292        2.0000           -0.3916296             -10.6568
       293        2.0000           -0.3793821             -10.3235
       294        2.0000           -0.3769691             -10.2579
       295        2.0000           -0.3768745             -10.2553
       296        2.0000           -0.3752770             -10.2118 (HOMO)
       297                         -0.3169205              -8.6238 (LUMO)
       298                         -0.3168996              -8.6233
       299                         -0.3148762              -8.5682
       300                         -0.3148176              -8.5666
       301                         -0.2996267              -8.1533
       ...                                ...                  ...
       582                          1.5177887              41.3011
      -------------------------------------------------------------
                  HL-Gap            0.0583566 Eh            1.5880 eV
             Fermi-level           -0.3460988 Eh           -9.4178 eV

 SCC (total)                   0 d,  0 h,  0 min,  3.290 sec
 SCC setup                      ...        0 min,  0.166 sec (  5.042%)
 Dispersion                     ...        0 min,  0.059 sec (  1.795%)
 integral evaluation            ...        0 min,  0.505 sec ( 15.363%)
 zeroth order Hamiltonian       ...        0 min,  0.007 sec (  0.224%)
 iterations                     ...        0 min,  2.150 sec ( 65.339%)
 molecular gradient             ...        0 min,  0.390 sec ( 11.854%)
 printout                       ...        0 min,  0.012 sec (  0.379%)

         :::::::::::::::::::::::::::::::::::::::::::::::::::::
         ::                     SUMMARY                     ::
         :::::::::::::::::::::::::::::::::::::::::::::::::::::
         :: total energy            -317.678639363779 Eh    ::
         :: total w/o Gsasa/hb      -317.552759889814 Eh    ::
         :: gradient norm              0.000788128120 Eh/a0 ::
         :: HOMO-LUMO gap              1.587963302743 eV    ::
         ::.................................................::
         :: SCC energy              -323.619764566225 Eh    ::
         :: -> isotropic ES            0.586978415054 Eh    ::
         :: -> anisotropic ES         -0.064149621973 Eh    ::
         :: -> anisotropic XC          0.198340994611 Eh    ::
         :: -> dispersion             -0.317653378153 Eh    ::
         :: -> Gsolv                  -0.623548177715 Eh    ::
         ::    -> Gborn               -0.497668703751 Eh    ::
         ::    -> Gsasa               -0.112403838501 Eh    ::
         ::    -> Ghb                 -0.018637373609 Eh    ::
         ::    -> Gshift               0.005161738145 Eh    ::
         :: repulsion energy           5.926031254379 Eh    ::
         :: add. restraining           0.000000000000 Eh    ::
         :::::::::::::::::::::::::::::::::::::::::::::::::::::

           ------------------------------------------------- 
          |                Numerical Hessian                |
           ------------------------------------------------- 
step length          :   0.00500
SCC accuracy         :   0.30000
Hessian scale factor :   1.00000
frozen atoms in %    :   0.00000    0
RMS gradient         :   0.00079
estimated CPU  time    169.37 min
estimated wall time     42.82 min

writing file <hessian>.

 projected vibrational frequencies (cm-1)
eigval :       -0.00    -0.00    -0.00    -0.00    -0.00     0.00
eigval :        5.49     7.92     8.82    12.82    12.93    14.06
eigval :       14.29    15.68    23.32    23.93    25.48    27.44
eigval :       29.67    34.14    35.15    39.16    41.01    43.81
eigval :       44.09    48.91    54.62    57.57    59.63    60.49
eigval :       60.87    66.62    70.05    70.83    72.35    73.52
eigval :       78.38    81.57    83.55    91.19    95.07    99.17
eigval :      101.20   103.23   106.84   107.19   114.22   115.02
eigval :      115.99   122.66   125.02   126.59   127.23   128.30
eigval :      131.95   140.95   148.42   151.64   157.32   159.65
eigval :      161.24   161.34   167.13   169.29   169.85   172.80
eigval :      176.18   181.91   183.40   183.80   190.65   196.92
eigval :      197.58   198.16   204.41   206.16   212.16   213.63
eigval :      222.81   223.31   229.59   234.97   247.46   249.82
eigval :      251.62   254.20   255.25   257.43   260.58   262.08
eigval :      266.14   269.43   269.64   271.30   275.33   277.37
eigval :      283.73   285.57   305.62   307.92   310.09   311.63
eigval :      317.04   318.88   321.44   322.51   338.92   339.25
eigval :      342.44   342.63   385.87   386.20   388.76   389.66
eigval :      389.94   390.30   391.20   392.33   393.00   393.91
eigval :      394.11   394.81   396.09   397.13   399.54   399.72
eigval :      418.44   418.61   419.40   419.78   428.00   429.23
eigval :      429.62   429.82   441.01   441.36   442.77   442.87
eigval :      444.59   444.63   447.22   447.29   452.71   453.42
eigval :      455.95   456.55   472.02   472.14   474.18   474.45
eigval :      484.58   495.63   496.66   497.61   500.63   511.19
eigval :      511.45   512.83   513.92   517.44   517.84   519.73
eigval :      521.76   525.16   525.84   528.94   529.60   530.27
eigval :      530.60   539.02   539.33   540.01   540.24   546.28
eigval :      565.39   567.11   568.22   568.59   573.49   575.12
eigval :      575.44   582.67   608.21   608.28   609.38   610.04
eigval :      611.57   611.64   612.07   612.21   616.62   616.64
eigval :      616.76   617.44   624.09   624.23   625.19   625.32
eigval :      625.81   626.34   628.10   628.20   671.23   671.26
eigval :      672.62   672.89   675.13   675.69   681.11   681.22
eigval :      686.61   687.59   687.92   688.35   712.43   712.82
eigval :      713.21   713.24   721.23   721.51   722.22   722.28
eigval :      725.58   725.80   726.03   726.21   768.07   768.88
eigval :      769.38   769.91   777.06   777.27   778.73   778.88
eigval :      780.21   780.38   786.00   786.27   802.87   803.48
eigval :      804.72   804.91   816.49   817.21   817.31   817.74
eigval :      824.87   825.27   826.01   826.49   829.31   829.71
eigval :      831.08   831.33   837.77   839.39   839.65   840.27
eigval :      852.97   853.26   858.14   858.23   858.70   859.59
eigval :      861.47   861.75   861.91   862.19   862.41   862.93
eigval :      864.58   866.31   869.30   870.30   870.77   872.35
eigval :      872.58   875.14   879.99   880.45   881.48   882.84
eigval :      892.89   893.00   894.01   894.24   894.66   894.89
eigval :      900.27   900.31   902.41   902.62   902.83   903.13
eigval :      906.67   906.80   907.14   907.32   911.49   911.83
eigval :      913.29   913.61   920.02   920.93   923.01   923.08
eigval :      934.67   934.70   934.72   934.95   935.09   935.33
eigval :      936.51   936.59   989.70   991.08   993.48   994.37
eigval :     1012.76  1013.83  1014.39  1014.48  1045.90  1046.03
eigval :     1046.58  1046.78  1064.45  1064.50  1067.10  1067.15
eigval :     1079.43  1079.48  1080.51  1080.54  1093.86  1093.86
eigval :     1096.76  1096.93  1105.02  1105.08  1106.25  1106.37
eigval :     1124.42  1124.55  1128.07  1128.39  1140.40  1140.52
eigval :     1140.69  1141.98  1144.48  1146.04  1146.73  1146.76
eigval :     1156.83  1157.87  1158.65  1158.92  1159.74  1160.74
eigval :     1162.23  1165.48  1166.64  1167.68  1167.75  1170.31
eigval :     1176.45  1176.63  1180.17  1180.38  1186.94  1187.06
eigval :     1187.85  1188.12  1199.22  1200.96  1203.24  1203.53
eigval :     1212.59  1212.74  1214.24  1214.99  1221.00  1222.17
eigval :     1223.02  1223.78  1228.89  1228.95  1231.36  1231.63
eigval :     1233.31  1233.45  1234.27  1234.47  1241.70  1241.88
eigval :     1248.95  1249.15  1275.47  1276.37  1276.61  1276.63
eigval :     1282.81  1282.94  1286.71  1287.07  1299.16  1299.20
eigval :     1300.06  1300.41  1302.74  1303.60  1304.35  1305.64
eigval :     1314.84  1315.16  1318.68  1320.00  1325.52  1326.72
eigval :     1326.89  1329.46  1338.84  1339.19  1341.39  1341.54
eigval :     1357.86  1358.02  1358.92  1359.95  1367.31  1367.93
eigval :     1370.98  1371.17  1373.34  1373.65  1374.49  1374.93
eigval :     1386.98  1387.04  1389.96  1390.09  1400.49  1400.57
eigval :     1400.77  1400.87  1415.17  1415.25  1415.93  1416.06
eigval :     1416.68  1416.95  1417.38  1418.21  1429.28  1429.28
eigval :     1430.98  1431.03  1442.44  1442.71  1442.93  1443.59
eigval :     1468.54  1468.60  1469.02  1469.09  1480.56  1480.65
eigval :     1481.84  1481.96  1483.72  1483.76  1484.12  1484.44
eigval :     1528.99  1529.13  1530.95  1531.12  1535.05  1535.10
eigval :     1536.60  1536.67  1545.26  1546.20  1547.33  1547.55
eigval :     1561.03  1561.06  1561.09  1561.24  1562.56  1562.66
eigval :     1563.33  1563.37  1570.11  1570.18  1570.46  1570.53
eigval :     1572.26  1572.37  1572.54  1572.90  1591.83  1591.92
eigval :     1592.05  1592.87  1607.56  1610.14  1611.33  1611.40
eigval :     2294.94  2295.24  2302.45  2302.56  2983.26  2983.80
eigval :     2988.29  2988.41  2989.31  2989.50  2991.32  2991.45
eigval :     2994.14  2994.71  2997.77  2998.16  3000.79  3001.45
eigval :     3029.70  3031.21  3089.74  3089.95  3090.16  3090.24
eigval :     3091.62  3091.70  3091.98  3092.38  3092.48  3092.52
eigval :     3094.03  3094.37  3102.58  3102.90  3103.43  3103.48
eigval :     3104.80  3104.85  3104.95  3105.45  3105.47  3105.80
eigval :     3106.76  3107.48  3108.33  3108.56  3108.59  3108.68
eigval :     3109.50  3109.69  3109.93  3110.24  3110.63  3110.81
eigval :     3111.45  3111.59  3111.85  3112.08  3112.39  3113.03
eigval :     3113.14  3113.85  3115.54  3116.64  3118.61  3119.27
eigval :     3119.55  3119.92  3474.73  3475.19  3475.23  3477.45
           -------------------------------------------------
          |                Property Printout                |
           -------------------------------------------------

    * Orbital Energies and Occupations

         #    Occupation            Energy/Eh            Energy/eV
      -------------------------------------------------------------
         1        2.0000           -0.7252230             -19.7343
       ...           ...                  ...                  ...
       284        2.0000           -0.4099115             -11.1543
       285        2.0000           -0.4033879             -10.9767
       286        2.0000           -0.4033694             -10.9762
       287        2.0000           -0.4027584             -10.9596
       288        2.0000           -0.4027381             -10.9591
       289        2.0000           -0.3928628             -10.6903
       290        2.0000           -0.3921634             -10.6713
       291        2.0000           -0.3920840             -10.6691
       292        2.0000           -0.3916293             -10.6568
       293        2.0000           -0.3793822             -10.3235
       294        2.0000           -0.3769665             -10.2578
       295        2.0000           -0.3768718             -10.2552
       296        2.0000           -0.3752770             -10.2118 (HOMO)
       297                         -0.3169201              -8.6238 (LUMO)
       298                         -0.3168992              -8.6233
       299                         -0.3148752              -8.5682
       300                         -0.3148165              -8.5666
       301                         -0.2996258              -8.1532
       302                         -0.2995929              -8.1523
       303                         -0.2994526              -8.1485
       304                         -0.2993660              -8.1462
       305                         -0.2862494              -7.7892
       306                         -0.2862200              -7.7884
       307                         -0.2840176              -7.7285
       ...                                ...                  ...
       582                          1.5177887              41.3011
      -------------------------------------------------------------
                  HL-Gap            0.0583569 Eh            1.5880 eV
             Fermi-level           -0.3460985 Eh           -9.4178 eV

     #   Z        covCN         q      C6AA      α(0)
     1  46 Pd     3.481    -0.081   274.225    34.152
     2  46 Pd     3.481    -0.081   274.225    34.152
     3   6 C      1.986    -0.014    31.426     9.053
     4   6 C      1.980    -0.043    32.197     9.163
     5   6 C      2.965     0.043    27.035     8.529
     6   6 C      2.926    -0.023    28.586     8.768
     7   6 C      2.914    -0.016    28.415     8.741
     8   6 C      2.914    -0.032    28.799     8.800
     9   6 C      2.989     0.026    27.409     8.588
    10   6 C      2.912    -0.033    28.815     8.802
    11   6 C      2.900     0.043    27.035     8.525
    12   7 N      2.665    -0.091    23.029     7.127
    13   6 C      2.898     0.058    26.706     8.473
    14   6 C      2.987    -0.009    28.242     8.717
    15   1 H      0.926     0.067     2.119     2.276
    16   1 H      0.926     0.058     2.218     2.329
    17   1 H      0.926     0.062     2.177     2.308
    18   1 H      0.926     0.087     1.911     2.162
    19   1 H      0.925     0.119     1.625     1.994
    20   1 H      0.925     0.121     1.606     1.982
    21   6 C      2.973     0.023    27.489     8.600
    22   6 C      2.939    -0.033    28.815     8.804
    23   6 C      2.908    -0.047    29.179     8.857
    24   6 C      3.082     0.049    26.822     8.490
    25   7 N      2.753    -0.125    23.704     7.231
    26   6 C      3.079     0.053    26.725     8.475
    27   6 C      2.907    -0.048    29.198     8.860
    28   6 C      2.929    -0.033    28.817     8.804
    29   6 C      2.974    -0.018    28.456     8.750
    30   6 C      2.915    -0.034    28.849     8.808
    31   6 C      3.068    -0.023    28.518     8.757
    32   6 C      3.066    -0.023    28.506     8.755
    33   6 C      2.915    -0.031    28.766     8.795
    34   1 H      0.926     0.048     2.350     2.397
    35   1 H      0.926     0.039     2.462     2.454
    36   1 H      0.860     0.196     1.125     1.661
    37   1 H      0.926     0.043     2.413     2.429
    38   1 H      0.926     0.050     2.314     2.379
    39   1 H      0.926     0.070     2.087     2.259
    40   1 H      0.926     0.074     2.047     2.237
    41   6 C      2.969     0.013    27.720     8.636
    42   6 C      2.931    -0.008    28.214     8.711
    43   6 C      2.910    -0.030    28.755     8.793
    44   6 C      2.909     0.051    26.855     8.497
    45   7 N      2.667    -0.090    23.001     7.123
    46   6 C      2.909     0.042    27.055     8.529
    47   1 H      0.926     0.083     1.952     2.185
    48   1 H      0.926     0.092     1.861     2.134
    49   1 H      0.925     0.121     1.602     1.979
    50   1 H      0.925     0.122     1.597     1.976
    51   6 C      1.984    -0.017    31.517     9.066
    52   6 C      1.980    -0.043    32.213     9.166
    53   6 C      2.966     0.045    26.988     8.521
    54   6 C      2.923    -0.024    28.597     8.770
    55   6 C      2.915    -0.016    28.419     8.742
    56   6 C      2.914    -0.032    28.809     8.801
    57   6 C      2.989     0.028    27.368     8.582
    58   6 C      2.912    -0.034    28.835     8.805
    59   6 C      2.894     0.042    27.050     8.527
    60   7 N      2.658    -0.093    23.062     7.132
    61   6 C      2.901     0.058    26.696     8.472
    62   6 C      2.989    -0.006    28.171     8.707
    63   1 H      0.926     0.068     2.102     2.267
    64   1 H      0.926     0.059     2.209     2.324
    65   1 H      0.926     0.062     2.177     2.308
    66   1 H      0.926     0.088     1.903     2.157
    67   1 H      0.925     0.112     1.683     2.029
    68   1 H      0.925     0.117     1.640     2.003
    69   6 C      2.973     0.022    27.500     8.602
    70   6 C      2.933    -0.034    28.841     8.807
    71   6 C      2.908    -0.051    29.264     8.870
    72   6 C      3.078     0.054    26.718     8.474
    73   7 N      2.754    -0.126    23.727     7.234
    74   6 C      3.076     0.059    26.604     8.457
    75   6 C      2.907    -0.050    29.237     8.866
    76   6 C      2.928    -0.033    28.816     8.803
    77   6 C      2.976    -0.016    28.395     8.741
    78   6 C      2.916    -0.037    28.928     8.820
    79   6 C      3.071    -0.020    28.428     8.742
    80   6 C      3.069    -0.020    28.437     8.744
    81   6 C      2.919    -0.033    28.811     8.802
    82   1 H      0.926     0.041     2.434     2.439
    83   1 H      0.926     0.036     2.498     2.472
    84   1 H      0.860     0.203     1.089     1.635
    85   1 H      0.926     0.044     2.402     2.423
    86   1 H      0.926     0.050     2.318     2.381
    87   1 H      0.926     0.067     2.113     2.273
    88   1 H      0.926     0.069     2.097     2.264
    89   6 C      2.971     0.013    27.720     8.636
    90   6 C      2.930    -0.007    28.206     8.710
    91   6 C      2.911    -0.030    28.749     8.792
    92   6 C      2.907     0.049    26.895     8.504
    93   7 N      2.666    -0.095    23.112     7.140
    94   6 C      2.909     0.045    26.987     8.518
    95   1 H      0.926     0.082     1.954     2.186
    96   1 H      0.926     0.093     1.847     2.125
    97   1 H      0.925     0.120     1.616     1.988
    98   1 H      0.925     0.124     1.582     1.967
    99   6 C      1.984    -0.017    31.517     9.066
   100   6 C      1.980    -0.043    32.213     9.166
   101   6 C      2.966     0.045    26.988     8.521
   102   6 C      2.923    -0.024    28.597     8.770
   103   6 C      2.915    -0.016    28.419     8.742
   104   6 C      2.914    -0.032    28.809     8.801
   105   6 C      2.989     0.028    27.368     8.582
   106   6 C      2.912    -0.034    28.835     8.805
   107   6 C      2.894     0.042    27.050     8.527
   108   7 N      2.658    -0.093    23.062     7.132
   109   6 C      2.900     0.058    26.696     8.472
   110   6 C      2.989    -0.006    28.171     8.706
   111   1 H      0.926     0.068     2.102     2.267
   112   1 H      0.926     0.059     2.209     2.324
   113   1 H      0.926     0.062     2.177     2.307
   114   1 H      0.926     0.088     1.903     2.157
   115   1 H      0.925     0.112     1.683     2.029
   116   1 H      0.925     0.117     1.640     2.002
   117   6 C      2.973     0.022    27.500     8.602
   118   6 C      2.933    -0.034    28.840     8.807
   119   6 C      2.908    -0.051    29.264     8.870
   120   6 C      3.078     0.054    26.718     8.474
   121   7 N      2.754    -0.126    23.726     7.234
   122   6 C      3.076     0.059    26.604     8.457
   123   6 C      2.907    -0.050    29.237     8.866
   124   6 C      2.928    -0.033    28.816     8.803
   125   6 C      2.976    -0.016    28.395     8.741
   126   6 C      2.916    -0.037    28.928     8.820
   127   6 C      3.071    -0.020    28.428     8.742
   128   6 C      3.070    -0.020    28.437     8.744
   129   6 C      2.919    -0.033    28.811     8.802
   130   1 H      0.926     0.041     2.434     2.440
   131   1 H      0.926     0.036     2.498     2.471
   132   1 H      0.860     0.203     1.089     1.635
   133   1 H      0.926     0.044     2.402     2.424
   134   1 H      0.926     0.050     2.318     2.381
   135   1 H      0.926     0.067     2.113     2.273
   136   1 H      0.926     0.069     2.097     2.264
   137   6 C      2.971     0.013    27.720     8.636
   138   6 C      2.930    -0.007    28.206     8.710
   139   6 C      2.911    -0.030    28.748     8.792
   140   6 C      2.907     0.049    26.895     8.504
   141   7 N      2.666    -0.095    23.113     7.140
   142   6 C      2.909     0.045    26.987     8.518
   143   1 H      0.926     0.082     1.954     2.186
   144   1 H      0.926     0.093     1.847     2.125
   145   1 H      0.925     0.120     1.616     1.988
   146   1 H      0.925     0.124     1.583     1.967
   147   6 C      1.986    -0.014    31.427     9.053
   148   6 C      1.980    -0.043    32.197     9.163
   149   6 C      2.965     0.043    27.035     8.529
   150   6 C      2.926    -0.023    28.586     8.768
   151   6 C      2.914    -0.016    28.415     8.741
   152   6 C      2.914    -0.032    28.799     8.800
   153   6 C      2.989     0.026    27.410     8.588
   154   6 C      2.912    -0.033    28.815     8.802
   155   6 C      2.900     0.043    27.035     8.525
   156   7 N      2.665    -0.091    23.029     7.127
   157   6 C      2.898     0.058    26.706     8.473
   158   6 C      2.987    -0.009    28.242     8.717
   159   1 H      0.926     0.067     2.119     2.276
   160   1 H      0.926     0.058     2.218     2.329
   161   1 H      0.926     0.062     2.178     2.308
   162   1 H      0.926     0.087     1.911     2.162
   163   1 H      0.925     0.119     1.625     1.994
   164   1 H      0.925     0.121     1.606     1.982
   165   6 C      2.973     0.023    27.489     8.600
   166   6 C      2.939    -0.033    28.815     8.804
   167   6 C      2.908    -0.047    29.179     8.857
   168   6 C      3.082     0.049    26.822     8.490
   169   7 N      2.753    -0.125    23.703     7.231
   170   6 C      3.079     0.053    26.725     8.475
   171   6 C      2.907    -0.048    29.198     8.860
   172   6 C      2.929    -0.033    28.817     8.804
   173   6 C      2.974    -0.018    28.456     8.750
   174   6 C      2.915    -0.034    28.849     8.808
   175   6 C      3.068    -0.023    28.518     8.757
   176   6 C      3.066    -0.023    28.506     8.755
   177   6 C      2.915    -0.031    28.766     8.795
   178   1 H      0.926     0.048     2.350     2.397
   179   1 H      0.926     0.039     2.462     2.454
   180   1 H      0.860     0.196     1.125     1.661
   181   1 H      0.926     0.043     2.413     2.429
   182   1 H      0.926     0.050     2.314     2.379
   183   1 H      0.926     0.070     2.087     2.259
   184   1 H      0.926     0.074     2.047     2.237
   185   6 C      2.969     0.013    27.720     8.636
   186   6 C      2.931    -0.008    28.214     8.711
   187   6 C      2.910    -0.030    28.754     8.793
   188   6 C      2.909     0.051    26.856     8.498
   189   7 N      2.667    -0.090    23.001     7.123
   190   6 C      2.909     0.042    27.055     8.529
   191   1 H      0.926     0.083     1.952     2.185
   192   1 H      0.926     0.092     1.862     2.134
   193   1 H      0.925     0.121     1.602     1.979
   194   1 H      0.925     0.122     1.597     1.976

 Mol. C6AA /au·bohr⁶  :     610409.751999
 Mol. C8AA /au·bohr⁸  :   16965162.983346
 Mol. α(0) /au        :       1279.299611


Wiberg/Mayer (AO) data.
largest (>0.10) Wiberg bond orders for each atom
          total WBO             WBO to atom ...
     1  Pd  3.487        N  156 0.603    N   45 0.599    N  108 0.597    N   93 0.594
     2  Pd  3.487        N   12 0.603    N  189 0.599    N   60 0.597    N  141 0.594
     3  C   3.935        C    4 2.632    C   21 1.120
     4  C   3.945        C    3 2.632    C    5 1.134
     5  C   3.983        C    6 1.451    C   14 1.202    C    4 1.134    C    8 0.100
     6  C   3.979        C    5 1.451    C    7 1.348    H   15 0.967
     7  C   3.983        C    8 1.522    C    6 1.348    H   16 0.967
     8  C   3.953        C    7 1.522    C    9 1.293    H   17 0.966    C    5 0.100
     9  C   3.988        C    8 1.293    C   10 1.273    C   14 1.230
    10  C   3.980        C   11 1.554    C    9 1.273    H   18 0.960    C   13 0.105
    11  C   3.969        C   10 1.554    N   12 1.246    H   19 0.913
    12  N   3.539        C   13 1.430    C   11 1.246    Pd   2 0.603
    13  C   3.967        N   12 1.430    C   14 1.318    H   20 0.910    C   10 0.105
    14  C   3.981        C   13 1.318    C    9 1.230    C    5 1.202
    15  H   0.995        C    6 0.967
    16  H   0.995        C    7 0.967
    17  H   0.995        C    8 0.966
    18  H   0.991        C   10 0.960
    19  H   0.985        C   11 0.913
    20  H   0.984        C   13 0.910
    21  C   3.977        C   33 1.396    C   22 1.308    C    3 1.120
    22  C   3.960        C   23 1.493    C   21 1.308    H   34 0.970
    23  C   3.983        C   22 1.493    C   24 1.344    H   35 0.966
    24  C   3.940        C   23 1.344    C   32 1.256    N   25 1.159
    25  N   3.514        C   26 1.183    C   24 1.159    H   36 0.931
    26  C   3.958        C   27 1.337    C   31 1.242    N   25 1.183
    27  C   3.983        C   28 1.497    C   26 1.337    H   37 0.967
    28  C   3.969        C   27 1.497    C   29 1.327    H   38 0.965
    29  C   3.973        C   30 1.398    C   28 1.327    C   41 1.074
    30  C   3.977        C   29 1.398    C   31 1.391    H   39 0.961
    31  C   3.978        C   30 1.391    C   26 1.242    C   32 1.140
    32  C   3.979        C   33 1.378    C   24 1.256    C   31 1.140
    33  C   3.970        C   21 1.396    C   32 1.378    H   40 0.965
    34  H   0.997        C   22 0.970
    35  H   0.996        C   23 0.966
    36  H   0.960        N   25 0.931
    37  H   0.997        C   27 0.967
    38  H   0.997        C   28 0.965
    39  H   0.995        C   30 0.961
    40  H   0.994        C   33 0.965
    41  C   3.979        C   46 1.374    C   42 1.354    C   29 1.074
    42  C   3.975        C   43 1.457    C   41 1.354    H   47 0.960
    43  C   3.981        C   42 1.457    C   44 1.420    H   48 0.962
    44  C   3.957        C   43 1.420    N   45 1.348    H   49 0.912
    45  N   3.542        C   46 1.357    C   44 1.348    Pd   1 0.599
    46  C   3.963        C   41 1.374    N   45 1.357    H   50 0.906
    47  H   0.991        C   42 0.960
    48  H   0.990        C   43 0.962
    49  H   0.984        C   44 0.912
    50  H   0.984        C   46 0.906
    51  C   3.937        C   52 2.632    C   69 1.123
    52  C   3.945        C   51 2.632    C   53 1.135
    53  C   3.984        C   54 1.454    C   62 1.198    C   52 1.135
    54  C   3.977        C   53 1.454    C   55 1.346    H   63 0.967
    55  C   3.982        C   56 1.522    C   54 1.346    H   64 0.968
    56  C   3.953        C   55 1.522    C   57 1.293    H   65 0.966
    57  C   3.988        C   56 1.293    C   58 1.273    C   62 1.230
    58  C   3.979        C   59 1.555    C   57 1.273    H   66 0.960    C   61 0.104
    59  C   3.969        C   58 1.555    N   60 1.246    H   67 0.918
    60  N   3.535        C   61 1.430    C   59 1.246    Pd   2 0.597
    61  C   3.968        N   60 1.430    C   62 1.320    H   68 0.913    C   58 0.104
    62  C   3.981        C   61 1.320    C   57 1.230    C   53 1.198
    63  H   0.995        C   54 0.967
    64  H   0.995        C   55 0.968
    65  H   0.995        C   56 0.966
    66  H   0.991        C   58 0.960
    67  H   0.986        C   59 0.918
    68  H   0.985        C   61 0.913
    69  C   3.977        C   81 1.387    C   70 1.313    C   51 1.123
    70  C   3.960        C   71 1.491    C   69 1.313    H   82 0.970
    71  C   3.983        C   70 1.491    C   72 1.344    H   83 0.966
    72  C   3.940        C   71 1.344    C   80 1.250    N   73 1.165
    73  N   3.518        C   74 1.183    C   72 1.165    H   84 0.929
    74  C   3.958        C   75 1.339    C   79 1.241    N   73 1.183
    75  C   3.983        C   76 1.496    C   74 1.339    H   85 0.967
    76  C   3.969        C   75 1.496    C   77 1.329    H   86 0.966
    77  C   3.974        C   78 1.399    C   76 1.329    C   89 1.071
    78  C   3.977        C   77 1.399    C   79 1.391    H   87 0.962
    79  C   3.978        C   78 1.391    C   74 1.241    C   80 1.142
    80  C   3.979        C   81 1.383    C   72 1.250    C   79 1.142
    81  C   3.968        C   69 1.387    C   80 1.383    H   88 0.965
    82  H   0.998        C   70 0.970
    83  H   0.997        C   71 0.966
    84  H   0.958        N   73 0.929
    85  H   0.997        C   75 0.967
    86  H   0.997        C   76 0.966
    87  H   0.995        C   78 0.962
    88  H   0.995        C   81 0.965
    89  C   3.979        C   94 1.372    C   90 1.359    C   77 1.071
    90  C   3.976        C   91 1.453    C   89 1.359    H   95 0.961
    91  C   3.980        C   90 1.453    C   92 1.424    H   96 0.961
    92  C   3.958        C   91 1.424    N   93 1.342    H   97 0.910
    93  N   3.539        C   94 1.362    C   92 1.342    Pd   1 0.594
    94  C   3.963        C   89 1.372    N   93 1.362    H   98 0.908
    95  H   0.991        C   90 0.961
    96  H   0.990        C   91 0.961
    97  H   0.984        C   92 0.910
    98  H   0.984        C   94 0.908
    99  C   3.937        C  100 2.632    C  117 1.123
   100  C   3.945        C   99 2.632    C  101 1.135
   101  C   3.984        C  102 1.454    C  110 1.198    C  100 1.135
   102  C   3.978        C  101 1.454    C  103 1.346    H  111 0.967
   103  C   3.982        C  104 1.522    C  102 1.346    H  112 0.968
   104  C   3.953        C  103 1.522    C  105 1.293    H  113 0.966
   105  C   3.988        C  104 1.293    C  106 1.273    C  110 1.230
   106  C   3.979        C  107 1.555    C  105 1.273    H  114 0.960    C  109 0.104
   107  C   3.969        C  106 1.555    N  108 1.246    H  115 0.918
   108  N   3.535        C  109 1.430    C  107 1.246    Pd   1 0.597
   109  C   3.968        N  108 1.430    C  110 1.320    H  116 0.913    C  106 0.104
   110  C   3.981        C  109 1.320    C  105 1.230    C  101 1.198
   111  H   0.995        C  102 0.967
   112  H   0.995        C  103 0.968
   113  H   0.995        C  104 0.966
   114  H   0.991        C  106 0.960
   115  H   0.986        C  107 0.918
   116  H   0.985        C  109 0.913
   117  C   3.977        C  129 1.387    C  118 1.313    C   99 1.123
   118  C   3.960        C  119 1.491    C  117 1.313    H  130 0.970
   119  C   3.983        C  118 1.491    C  120 1.344    H  131 0.966
   120  C   3.940        C  119 1.344    C  128 1.250    N  121 1.165
   121  N   3.518        C  122 1.183    C  120 1.165    H  132 0.929
   122  C   3.958        C  123 1.339    C  127 1.241    N  121 1.183
   123  C   3.983        C  124 1.496    C  122 1.339    H  133 0.967
   124  C   3.969        C  123 1.496    C  125 1.329    H  134 0.966
   125  C   3.974        C  126 1.399    C  124 1.329    C  137 1.071
   126  C   3.977        C  125 1.399    C  127 1.391    H  135 0.962
   127  C   3.978        C  126 1.391    C  122 1.241    C  128 1.142
   128  C   3.979        C  129 1.383    C  120 1.250    C  127 1.142
   129  C   3.968        C  117 1.387    C  128 1.383    H  136 0.965
   130  H   0.998        C  118 0.970
   131  H   0.997        C  119 0.966
   132  H   0.958        N  121 0.929
   133  H   0.997        C  123 0.967
   134  H   0.997        C  124 0.966
   135  H   0.995        C  126 0.962
   136  H   0.995        C  129 0.965
   137  C   3.979        C  142 1.372    C  138 1.359    C  125 1.071
   138  C   3.976        C  139 1.453    C  137 1.359    H  143 0.961
   139  C   3.980        C  138 1.453    C  140 1.424    H  144 0.961
   140  C   3.958        C  139 1.424    N  141 1.342    H  145 0.910
   141  N   3.539        C  142 1.363    C  140 1.342    Pd   2 0.594
   142  C   3.963        C  137 1.372    N  141 1.363    H  146 0.908
   143  H   0.991        C  138 0.961
   144  H   0.990        C  139 0.961
   145  H   0.984        C  140 0.910
   146  H   0.984        C  142 0.908
   147  C   3.935        C  148 2.632    C  165 1.120
   148  C   3.945        C  147 2.632    C  149 1.134
   149  C   3.983        C  150 1.451    C  158 1.202    C  148 1.134    C  152 0.100
   150  C   3.979        C  149 1.451    C  151 1.348    H  159 0.967
   151  C   3.983        C  152 1.522    C  150 1.348    H  160 0.967
   152  C   3.953        C  151 1.522    C  153 1.293    H  161 0.966    C  149 0.100
   153  C   3.988        C  152 1.293    C  154 1.273    C  158 1.230
   154  C   3.980        C  155 1.554    C  153 1.273    H  162 0.960    C  157 0.105
   155  C   3.969        C  154 1.554    N  156 1.246    H  163 0.913
   156  N   3.539        C  157 1.430    C  155 1.246    Pd   1 0.603
   157  C   3.967        N  156 1.430    C  158 1.318    H  164 0.910    C  154 0.105
   158  C   3.981        C  157 1.318    C  153 1.230    C  149 1.202
   159  H   0.995        C  150 0.967
   160  H   0.995        C  151 0.967
   161  H   0.995        C  152 0.966
   162  H   0.991        C  154 0.960
   163  H   0.985        C  155 0.913
   164  H   0.984        C  157 0.910
   165  C   3.977        C  177 1.397    C  166 1.307    C  147 1.120
   166  C   3.960        C  167 1.493    C  165 1.307    H  178 0.970
   167  C   3.983        C  166 1.493    C  168 1.344    H  179 0.966
   168  C   3.940        C  167 1.344    C  176 1.256    N  169 1.159
   169  N   3.514        C  170 1.183    C  168 1.159    H  180 0.931
   170  C   3.958        C  171 1.337    C  175 1.242    N  169 1.183
   171  C   3.983        C  172 1.498    C  170 1.337    H  181 0.967
   172  C   3.969        C  171 1.498    C  173 1.327    H  182 0.965
   173  C   3.973        C  174 1.399    C  172 1.327    C  185 1.074
   174  C   3.977        C  173 1.399    C  175 1.391    H  183 0.961
   175  C   3.978        C  174 1.391    C  170 1.242    C  176 1.140
   176  C   3.979        C  177 1.377    C  168 1.256    C  175 1.140
   177  C   3.970        C  165 1.397    C  176 1.377    H  184 0.965
   178  H   0.997        C  166 0.970
   179  H   0.996        C  167 0.966
   180  H   0.960        N  169 0.931
   181  H   0.997        C  171 0.967
   182  H   0.997        C  172 0.965
   183  H   0.995        C  174 0.961
   184  H   0.994        C  177 0.965
   185  C   3.979        C  190 1.374    C  186 1.355    C  173 1.074
   186  C   3.975        C  187 1.457    C  185 1.355    H  191 0.960
   187  C   3.981        C  186 1.457    C  188 1.420    H  192 0.962
   188  C   3.957        C  187 1.420    N  189 1.348    H  193 0.912
   189  N   3.542        C  190 1.357    C  188 1.348    Pd   2 0.599
   190  C   3.963        C  185 1.374    N  189 1.357    H  194 0.906
   191  H   0.991        C  186 0.960
   192  H   0.990        C  187 0.962
   193  H   0.984        C  188 0.912
   194  H   0.984        C  190 0.906

molecular dipole:
                 x           y           z       tot (Debye)
 q only:        1.816      -6.120       4.450
   full:        2.319      -6.144       3.991      19.533
molecular quadrupole (traceless):
                xx          xy          yy          xz          yz          zz
 q only:     -161.517     -20.378     313.004       7.639     -52.527    -151.488
  q+dip:     -158.268     -24.966     308.743       6.303     -54.785    -150.475
   full:     -152.437     -24.593     296.828       8.087     -53.534    -144.391

           -------------------------------------------------
          |               Frequency Printout                |
           -------------------------------------------------
 projected vibrational frequencies (cm-1)
eigval :       -0.00    -0.00    -0.00    -0.00    -0.00     0.00
eigval :        5.49     7.92     8.82    12.82    12.93    14.06
eigval :       14.29    15.68    23.32    23.93    25.48    27.44
eigval :       29.67    34.14    35.15    39.16    41.01    43.81
eigval :       44.09    48.91    54.62    57.57    59.63    60.49
eigval :       60.87    66.62    70.05    70.83    72.35    73.52
eigval :       78.38    81.57    83.55    91.19    95.07    99.17
eigval :      101.20   103.23   106.84   107.19   114.22   115.02
eigval :      115.99   122.66   125.02   126.59   127.23   128.30
eigval :      131.95   140.95   148.42   151.64   157.32   159.65
eigval :      161.24   161.34   167.13   169.29   169.85   172.80
eigval :      176.18   181.91   183.40   183.80   190.65   196.92
eigval :      197.58   198.16   204.41   206.16   212.16   213.63
eigval :      222.81   223.31   229.59   234.97   247.46   249.82
eigval :      251.62   254.20   255.25   257.43   260.58   262.08
eigval :      266.14   269.43   269.64   271.30   275.33   277.37
eigval :      283.73   285.57   305.62   307.92   310.09   311.63
eigval :      317.04   318.88   321.44   322.51   338.92   339.25
eigval :      342.44   342.63   385.87   386.20   388.76   389.66
eigval :      389.94   390.30   391.20   392.33   393.00   393.91
eigval :      394.11   394.81   396.09   397.13   399.54   399.72
eigval :      418.44   418.61   419.40   419.78   428.00   429.23
eigval :      429.62   429.82   441.01   441.36   442.77   442.87
eigval :      444.59   444.63   447.22   447.29   452.71   453.42
eigval :      455.95   456.55   472.02   472.14   474.18   474.45
eigval :      484.58   495.63   496.66   497.61   500.63   511.19
eigval :      511.45   512.83   513.92   517.44   517.84   519.73
eigval :      521.76   525.16   525.84   528.94   529.60   530.27
eigval :      530.60   539.02   539.33   540.01   540.24   546.28
eigval :      565.39   567.11   568.22   568.59   573.49   575.12
eigval :      575.44   582.67   608.21   608.28   609.38   610.04
eigval :      611.57   611.64   612.07   612.21   616.62   616.64
eigval :      616.76   617.44   624.09   624.23   625.19   625.32
eigval :      625.81   626.34   628.10   628.20   671.23   671.26
eigval :      672.62   672.89   675.13   675.69   681.11   681.22
eigval :      686.61   687.59   687.92   688.35   712.43   712.82
eigval :      713.21   713.24   721.23   721.51   722.22   722.28
eigval :      725.58   725.80   726.03   726.21   768.07   768.88
eigval :      769.38   769.91   777.06   777.27   778.73   778.88
eigval :      780.21   780.38   786.00   786.27   802.87   803.48
eigval :      804.72   804.91   816.49   817.21   817.31   817.74
eigval :      824.87   825.27   826.01   826.49   829.31   829.71
eigval :      831.08   831.33   837.77   839.39   839.65   840.27
eigval :      852.97   853.26   858.14   858.23   858.70   859.59
eigval :      861.47   861.75   861.91   862.19   862.41   862.93
eigval :      864.58   866.31   869.30   870.30   870.77   872.35
eigval :      872.58   875.14   879.99   880.45   881.48   882.84
eigval :      892.89   893.00   894.01   894.24   894.66   894.89
eigval :      900.27   900.31   902.41   902.62   902.83   903.13
eigval :      906.67   906.80   907.14   907.32   911.49   911.83
eigval :      913.29   913.61   920.02   920.93   923.01   923.08
eigval :      934.67   934.70   934.72   934.95   935.09   935.33
eigval :      936.51   936.59   989.70   991.08   993.48   994.37
eigval :     1012.76  1013.83  1014.39  1014.48  1045.90  1046.03
eigval :     1046.58  1046.78  1064.45  1064.50  1067.10  1067.15
eigval :     1079.43  1079.48  1080.51  1080.54  1093.86  1093.86
eigval :     1096.76  1096.93  1105.02  1105.08  1106.25  1106.37
eigval :     1124.42  1124.55  1128.07  1128.39  1140.40  1140.52
eigval :     1140.69  1141.98  1144.48  1146.04  1146.73  1146.76
eigval :     1156.83  1157.87  1158.65  1158.92  1159.74  1160.74
eigval :     1162.23  1165.48  1166.64  1167.68  1167.75  1170.31
eigval :     1176.45  1176.63  1180.17  1180.38  1186.94  1187.06
eigval :     1187.85  1188.12  1199.22  1200.96  1203.24  1203.53
eigval :     1212.59  1212.74  1214.24  1214.99  1221.00  1222.17
eigval :     1223.02  1223.78  1228.89  1228.95  1231.36  1231.63
eigval :     1233.31  1233.45  1234.27  1234.47  1241.70  1241.88
eigval :     1248.95  1249.15  1275.47  1276.37  1276.61  1276.63
eigval :     1282.81  1282.94  1286.71  1287.07  1299.16  1299.20
eigval :     1300.06  1300.41  1302.74  1303.60  1304.35  1305.64
eigval :     1314.84  1315.16  1318.68  1320.00  1325.52  1326.72
eigval :     1326.89  1329.46  1338.84  1339.19  1341.39  1341.54
eigval :     1357.86  1358.02  1358.92  1359.95  1367.31  1367.93
eigval :     1370.98  1371.17  1373.34  1373.65  1374.49  1374.93
eigval :     1386.98  1387.04  1389.96  1390.09  1400.49  1400.57
eigval :     1400.77  1400.87  1415.17  1415.25  1415.93  1416.06
eigval :     1416.68  1416.95  1417.38  1418.21  1429.28  1429.28
eigval :     1430.98  1431.03  1442.44  1442.71  1442.93  1443.59
eigval :     1468.54  1468.60  1469.02  1469.09  1480.56  1480.65
eigval :     1481.84  1481.96  1483.72  1483.76  1484.12  1484.44
eigval :     1528.99  1529.13  1530.95  1531.12  1535.05  1535.10
eigval :     1536.60  1536.67  1545.26  1546.20  1547.33  1547.55
eigval :     1561.03  1561.06  1561.09  1561.24  1562.56  1562.66
eigval :     1563.33  1563.37  1570.11  1570.18  1570.46  1570.53
eigval :     1572.26  1572.37  1572.54  1572.90  1591.83  1591.92
eigval :     1592.05  1592.87  1607.56  1610.14  1611.33  1611.40
eigval :     2294.94  2295.24  2302.45  2302.56  2983.26  2983.80
eigval :     2988.29  2988.41  2989.31  2989.50  2991.32  2991.45
eigval :     2994.14  2994.71  2997.77  2998.16  3000.79  3001.45
eigval :     3029.70  3031.21  3089.74  3089.95  3090.16  3090.24
eigval :     3091.62  3091.70  3091.98  3092.38  3092.48  3092.52
eigval :     3094.03  3094.37  3102.58  3102.90  3103.43  3103.48
eigval :     3104.80  3104.85  3104.95  3105.45  3105.47  3105.80
eigval :     3106.76  3107.48  3108.33  3108.56  3108.59  3108.68
eigval :     3109.50  3109.69  3109.93  3110.24  3110.63  3110.81
eigval :     3111.45  3111.59  3111.85  3112.08  3112.39  3113.03
eigval :     3113.14  3113.85  3115.54  3116.64  3118.61  3119.27
eigval :     3119.55  3119.92  3474.73  3475.19  3475.23  3477.45
 reduced masses (amu)
   1: 22.80   2: 23.28   3: 23.98   4: 22.45   5: 17.83   6: 19.03   7: 14.54   8: 14.33
   9: 18.76  10: 17.88  11: 15.08  12: 15.44  13: 15.74  14: 13.15  15: 18.02  16: 13.74
  17: 12.90  18: 13.41  19: 16.45  20: 12.34  21: 13.91  22: 15.05  23: 14.35  24: 12.74
  25: 14.22  26: 14.27  27: 24.22  28: 12.93  29: 13.94  30: 13.19  31: 11.61  32: 11.31
  33: 12.05  34: 13.02  35: 12.64  36: 12.28  37: 13.98  38: 18.18  39: 11.39  40: 13.32
  41: 13.50  42: 11.81  43: 12.70  44: 11.59  45: 12.82  46: 11.50  47: 11.63  48: 13.97
  49: 15.47  50: 19.12  51: 12.93  52: 14.79  53: 11.24  54: 11.37  55: 12.85  56: 13.41
  57: 11.52  58: 16.58  59: 12.66  60: 11.74  61: 12.30  62: 15.86  63: 11.28  64: 11.35
  65: 11.19  66: 13.29  67: 14.08  68: 14.58  69: 17.36  70: 14.50  71: 14.98  72: 13.98
  73: 16.91  74: 16.03  75: 13.40  76: 14.81  77: 17.59  78: 15.30  79: 19.85  80: 24.48
  81: 24.60  82: 27.01  83: 21.79  84: 15.92  85: 12.92  86: 26.90  87: 26.80  88: 24.91
  89: 29.77  90: 24.37  91: 21.13  92: 22.02  93: 33.57  94: 23.78  95: 14.02  96: 18.04
  97: 26.51  98: 26.74  99: 14.03 100: 14.50 101: 15.19 102: 15.21 103: 12.00 104: 12.12
 105: 11.73 106: 11.72 107: 14.39 108: 12.73 109: 14.58 110: 12.66 111: 10.89 112: 11.02
 113: 10.17 114: 10.35 115:  9.96 116:  9.73 117: 10.37 118:  9.56 119:  9.50 120:  9.92
 121:  9.84 122: 11.63 123: 10.32 124: 11.42 125: 11.20 126: 11.16 127: 11.27 128: 11.12
 129: 11.35 130: 10.92 131: 10.42 132:  9.98 133: 10.12 134: 10.12 135: 11.18 136: 11.29
 137: 11.34 138: 11.30 139: 11.35 140: 11.31 141: 10.98 142: 11.16 143: 11.62 144: 12.11
 145: 11.63 146: 12.02 147: 11.12 148: 11.16 149: 11.07 150: 11.14 151:  6.25 152: 11.31
 153: 10.98 154: 11.40 155:  9.62 156: 11.19 157: 11.10 158: 11.58 159: 11.62 160: 10.48
 161: 10.39 162: 10.95 163: 10.73 164:  7.00 165:  7.17 166: 10.43 167: 10.51 168: 10.34
 169: 10.37 170: 10.45 171: 10.39 172: 10.50 173: 10.51 174:  7.10 175: 11.61 176: 11.92
 177: 11.37 178: 11.70 179: 10.29 180:  8.90 181:  9.14 182:  7.07 183: 11.43 184: 11.43
 185: 11.41 186: 11.39 187: 11.40 188: 11.47 189: 11.30 190: 11.37 191: 11.32 192: 11.34
 193: 11.38 194: 11.37 195: 11.49 196: 11.47 197: 11.51 198: 11.76 199: 11.84 200: 12.17
 201: 12.15 202: 12.17 203: 11.40 204: 11.42 205: 11.31 206: 10.96 207:  9.30 208:  9.60
 209: 10.16 210: 10.12 211: 11.07 212: 11.05 213: 10.82 214: 10.80 215: 11.75 216: 11.75
 217: 11.78 218: 11.77 219: 11.52 220: 11.44 221: 11.41 222: 11.46 223: 10.65 224: 10.69
 225: 10.80 226: 10.83 227: 11.24 228: 10.93 229: 11.10 230: 11.05 231:  4.48 232:  4.72
 233:  4.28 234:  4.25 235:  4.20 236:  4.30 237:  4.65 238:  4.66 239: 11.46 240: 11.40
 241: 11.49 242: 11.51 243:  4.55 244:  4.50 245:  4.50 246:  4.49 247:  4.71 248:  4.68
 249:  4.80 250:  4.80 251:  4.15 252:  4.14 253:  4.06 254:  4.06 255: 10.46 256: 10.58
 257: 10.64 258: 10.65 259:  4.11 260:  4.23 261:  4.34 262:  4.71 263:  4.78 264:  4.16
 265:  3.64 266:  3.74 267:  5.16 268:  4.06 269:  5.75 270:  3.88 271:  6.57 272:  5.17
 273:  6.74 274:  8.74 275:  7.56 276:  6.09 277:  7.63 278:  6.40 279: 10.18 280: 10.26
 281: 10.80 282:  9.89 283:  3.76 284:  3.83 285:  3.81 286:  3.87 287:  3.77 288:  3.78
 289:  3.70 290:  3.70 291:  3.76 292:  3.78 293:  3.76 294:  3.77 295:  3.34 296:  3.39
 297:  3.33 298:  3.41 299:  3.42 300:  3.42 301:  3.41 302:  3.40 303: 10.96 304: 10.97
 305: 10.98 306: 10.98 307:  3.68 308:  3.73 309:  3.77 310:  3.82 311:  3.84 312:  3.83
 313:  3.65 314:  3.65 315: 10.96 316: 10.91 317: 10.97 318: 10.96 319:  8.58 320:  8.59
 321:  8.66 322:  8.65 323:  9.05 324:  9.05 325:  9.09 326:  9.07 327:  7.05 328:  7.10
 329:  7.13 330:  7.13 331:  7.28 332:  7.28 333:  7.24 334:  7.24 335:  7.33 336:  7.34
 337:  7.26 338:  7.23 339:  6.17 340:  6.16 341:  6.18 342:  6.16 343:  3.71 344:  3.71
 345:  3.70 346:  3.66 347:  6.16 348:  5.75 349:  5.66 350:  6.29 351:  3.01 352:  3.46
 353:  3.47 354:  3.51 355:  4.98 356:  4.41 357:  4.45 358:  3.99 359:  4.15 360:  3.81
 361:  3.63 362:  4.13 363:  3.28 364:  3.00 365:  3.22 366:  2.88 367:  2.71 368:  2.56
 369:  2.68 370:  2.67 371:  3.48 372:  3.48 373:  3.53 374:  3.51 375:  6.33 376:  6.25
 377:  6.46 378:  6.44 379:  5.06 380:  5.11 381:  5.19 382:  5.39 383:  4.18 384:  4.39
 385:  4.40 386:  4.62 387:  4.72 388:  4.76 389:  6.58 390:  6.50 391:  4.47 392:  4.52
 393:  6.65 394:  6.65 395:  3.42 396:  3.43 397:  3.49 398:  3.48 399:  6.75 400:  6.81
 401:  6.82 402:  6.81 403:  7.47 404:  7.50 405:  7.34 406:  7.39 407:  9.79 408:  9.91
 409:  9.63 410:  9.76 411: 12.08 412: 11.66 413: 11.79 414: 11.41 415: 10.60 416: 10.60
 417: 10.50 418: 10.48 419: 10.63 420: 10.80 421: 10.82 422: 10.51 423: 11.25 424: 11.27
 425: 11.15 426: 11.14 427: 10.02 428:  9.97 429:  9.94 430:  9.87 431: 10.41 432: 10.28
 433: 10.18 434: 10.09 435:  9.39 436:  9.45 437:  9.85 438:  9.92 439: 10.64 440: 10.65
 441: 10.72 442: 10.72 443: 10.93 444: 10.90 445: 10.98 446: 11.00 447: 10.28 448: 10.27
 449: 10.05 450: 10.26 451: 10.67 452: 10.53 453: 10.47 454: 10.56 455: 10.96 456: 10.97
 457: 10.95 458: 10.97 459: 10.73 460: 10.78 461: 10.78 462: 10.77 463: 11.00 464: 11.00
 465: 10.96 466: 10.96 467: 11.19 468: 11.19 469: 11.23 470: 11.22 471: 11.28 472: 11.28
 473: 11.35 474: 11.36 475: 11.77 476: 11.77 477: 11.77 478: 11.78 479: 11.59 480: 11.59
 481: 11.58 482: 11.58 483: 11.71 484: 11.71 485: 11.74 486: 11.74 487: 11.59 488: 11.59
 489: 11.59 490: 11.58 491: 11.58 492: 11.58 493: 11.60 494: 11.60 495: 11.44 496: 11.44
 497: 11.45 498: 11.45 499: 11.65 500: 11.65 501: 11.64 502: 11.64 503: 11.75 504: 11.75
 505: 11.75 506: 11.75 507: 11.77 508: 11.76 509: 11.77 510: 11.77 511: 12.01 512: 12.01
 513: 12.01 514: 12.01 515:  1.84 516:  1.85 517:  1.85 518:  1.85 519:  1.84 520:  1.84
 521:  1.84 522:  1.84 523:  1.83 524:  1.83 525:  1.85 526:  1.85 527:  1.85 528:  1.85
 529:  1.84 530:  1.84 531:  1.81 532:  1.79 533:  1.79 534:  1.81 535:  1.78 536:  1.78
 537:  1.79 538:  1.79 539:  1.78 540:  1.78 541:  1.79 542:  1.78 543:  1.88 544:  1.88
 545:  1.84 546:  1.84 547:  1.86 548:  1.85 549:  1.86 550:  1.87 551:  1.88 552:  1.88
 553:  1.86 554:  1.84 555:  1.84 556:  1.88 557:  1.83 558:  1.90 559:  1.81 560:  1.84
 561:  1.88 562:  1.87 563:  1.82 564:  1.83 565:  1.86 566:  1.86 567:  1.86 568:  1.84
 569:  1.86 570:  1.84 571:  1.84 572:  1.84 573:  1.83 574:  1.83 575:  1.90 576:  1.90
 577:  1.90 578:  1.90 579:  1.87 580:  1.87 581:  1.87 582:  1.87
 IR intensities (amu)
   1:  0.52   2:  0.50   3:  0.33   4:  0.40   5:  0.23   6:  0.45   7:  0.35   8:  0.37
   9:  0.06  10:  0.42  11:  0.15  12:  0.45  13:  0.32  14:  0.04  15:  0.20  16:  0.04
  17:  0.12  18:  0.08  19:  0.02  20:  0.16  21:  0.08  22:  0.08  23:  0.08  24:  0.13
  25:  0.20  26:  0.06  27:  0.04  28:  0.26  29:  0.25  30:  0.09  31:  0.04  32:  0.07
  33:  0.23  34:  0.22  35:  0.22  36:  0.07  37:  0.13  38:  0.16  39:  0.09  40:  0.16
  41:  0.14  42:  0.03  43:  0.16  44:  0.06  45:  0.08  46:  0.05  47:  0.01  48:  0.07
  49:  0.12  50:  0.02  51:  0.22  52:  0.22  53:  0.18  54:  0.03  55:  0.20  56:  0.16
  57:  0.09  58:  0.36  59:  0.19  60:  0.19  61:  0.11  62:  0.39  63:  0.08  64:  0.01
  65:  0.11  66:  0.12  67:  0.23  68:  0.31  69:  0.62  70:  0.35  71:  0.56  72:  0.46
  73:  0.49  74:  0.06  75:  0.37  76:  0.17  77:  0.27  78:  0.34  79:  0.56  80:  0.45
  81:  0.39  82:  0.26  83:  0.42  84:  0.20  85:  0.04  86:  0.32  87:  0.69  88:  0.53
  89:  0.80  90:  0.84  91:  0.12  92:  0.24  93:  0.41  94:  0.30  95:  0.12  96:  0.09
  97:  0.75  98:  0.67  99:  0.29 100:  0.34 101:  0.15 102:  0.24 103:  0.24 104:  0.30
 105:  0.05 106:  0.23 107:  0.10 108:  0.11 109:  0.06 110:  0.15 111:  0.12 112:  0.09
 113:  0.10 114:  0.07 115:  0.12 116:  0.04 117:  0.09 118:  0.36 119:  0.11 120:  0.07
 121:  0.08 122:  0.40 123:  0.12 124:  0.13 125:  0.05 126:  0.21 127:  0.25 128:  0.12
 129:  0.17 130:  0.04 131:  0.10 132:  0.15 133:  0.09 134:  0.10 135:  0.21 136:  0.07
 137:  0.14 138:  0.16 139:  0.35 140:  0.11 141:  0.03 142:  0.21 143:  0.20 144:  0.43
 145:  0.23 146:  0.41 147:  0.11 148:  0.04 149:  0.04 150:  0.07 151:  0.62 152:  0.09
 153:  0.11 154:  0.09 155:  0.36 156:  0.38 157:  0.10 158:  0.32 159:  0.33 160:  0.17
 161:  0.28 162:  0.11 163:  0.29 164:  0.29 165:  0.23 166:  0.32 167:  0.32 168:  0.06
 169:  0.16 170:  0.30 171:  0.19 172:  0.06 173:  0.13 174:  0.11 175:  0.17 176:  0.48
 177:  0.52 178:  0.07 179:  0.31 180:  0.05 181:  0.16 182:  0.08 183:  0.04 184:  0.29
 185:  0.11 186:  0.20 187:  0.37 188:  0.17 189:  0.07 190:  0.17 191:  0.25 192:  0.27
 193:  0.61 194:  0.01 195:  0.09 196:  0.12 197:  0.04 198:  0.13 199:  0.12 200:  0.31
 201:  0.20 202:  0.28 203:  0.06 204:  0.12 205:  0.16 206:  0.07 207:  0.25 208:  0.24
 209:  0.19 210:  0.22 211:  0.23 212:  0.04 213:  0.09 214:  0.09 215:  0.02 216:  0.08
 217:  0.04 218:  0.04 219:  0.29 220:  0.27 221:  0.23 222:  0.27 223:  0.19 224:  0.28
 225:  0.11 226:  0.27 227:  0.33 228:  0.45 229:  0.09 230:  0.19 231:  0.19 232:  0.26
 233:  0.11 234:  0.06 235:  0.15 236:  0.10 237:  0.34 238:  0.15 239:  0.14 240:  0.45
 241:  0.13 242:  0.52 243:  0.44 244:  0.33 245:  0.10 246:  0.33 247:  0.15 248:  0.19
 249:  0.15 250:  0.12 251:  0.31 252:  0.29 253:  0.28 254:  0.28 255:  0.28 256:  0.23
 257:  0.19 258:  0.11 259:  0.05 260:  0.23 261:  0.08 262:  0.05 263:  0.12 264:  0.08
 265:  0.02 266:  0.13 267:  0.09 268:  0.10 269:  0.07 270:  0.04 271:  0.09 272:  0.13
 273:  0.20 274:  0.04 275:  0.05 276:  0.08 277:  0.24 278:  0.21 279:  0.30 280:  0.32
 281:  0.86 282:  0.04 283:  0.09 284:  0.01 285:  0.05 286:  0.02 287:  0.06 288:  0.07
 289:  0.03 290:  0.10 291:  0.04 292:  0.04 293:  0.05 294:  0.04 295:  0.02 296:  0.05
 297:  0.02 298:  0.02 299:  0.12 300:  0.11 301:  0.11 302:  0.04 303:  0.04 304:  0.50
 305:  0.04 306:  0.12 307:  0.02 308:  0.03 309:  0.03 310:  0.04 311:  0.04 312:  0.04
 313:  0.01 314:  0.01 315:  0.14 316:  0.04 317:  0.10 318:  0.21 319:  0.25 320:  0.09
 321:  0.29 322:  0.08 323:  0.21 324:  0.18 325:  0.19 326:  0.37 327:  0.08 328:  0.22
 329:  0.21 330:  0.19 331:  0.52 332:  0.55 333:  0.27 334:  0.52 335:  0.52 336:  0.42
 337:  0.51 338:  0.55 339:  0.56 340:  0.19 341:  0.12 342:  0.59 343:  0.19 344:  0.18
 345:  0.16 346:  0.28 347:  0.21 348:  0.60 349:  0.13 350:  0.61 351:  0.04 352:  0.83
 353:  0.51 354:  0.50 355:  0.22 356:  0.39 357:  0.26 358:  0.14 359:  0.29 360:  0.02
 361:  0.39 362:  1.15 363:  0.19 364:  0.33 365:  0.10 366:  0.16 367:  0.09 368:  0.05
 369:  0.74 370:  0.59 371:  0.34 372:  0.19 373:  0.28 374:  0.33 375:  0.39 376:  0.20
 377:  0.37 378:  0.14 379:  0.39 380:  0.28 381:  0.68 382:  0.11 383:  0.28 384:  0.22
 385:  0.42 386:  0.38 387:  0.24 388:  0.15 389:  0.24 390:  0.52 391:  0.29 392:  0.37
 393:  0.54 394:  0.14 395:  0.15 396:  0.16 397:  0.23 398:  0.23 399:  1.02 400:  0.49
 401:  0.90 402:  0.73 403:  0.61 404:  0.43 405:  0.69 406:  0.12 407:  0.21 408:  0.92
 409:  0.45 410:  0.41 411:  0.24 412:  0.34 413:  0.28 414:  0.31 415:  1.03 416:  2.94
 417:  0.16 418:  3.45 419:  0.18 420:  0.20 421:  1.75 422:  1.72 423:  0.48 424:  0.05
 425:  0.36 426:  0.65 427:  1.23 428:  0.38 429:  0.97 430:  0.10 431:  0.19 432:  0.81
 433:  0.49 434:  0.39 435:  1.25 436:  0.75 437:  0.56 438:  1.24 439:  0.70 440:  0.85
 441:  1.25 442:  0.72 443:  1.04 444:  0.94 445:  1.17 446:  0.86 447:  2.05 448:  0.09
 449:  0.45 450:  0.13 451:  0.39 452:  0.32 453:  0.35 454:  0.40 455:  0.39 456:  0.67
 457:  1.14 458:  1.86 459:  1.61 460:  0.07 461:  0.72 462:  0.63 463:  0.20 464:  0.62
 465:  0.38 466:  0.36 467:  0.42 468:  0.44 469:  0.54 470:  0.85 471:  0.81 472:  0.80
 473:  0.23 474:  1.86 475:  0.46 476:  1.72 477:  0.78 478:  1.15 479:  0.50 480:  0.55
 481:  0.66 482:  0.32 483:  2.84 484:  0.79 485:  1.84 486:  1.35 487:  0.58 488:  0.48
 489:  0.57 490:  0.77 491:  0.86 492:  0.84 493:  0.61 494:  0.99 495:  0.72 496:  0.03
 497:  0.26 498:  0.23 499:  0.13 500:  0.13 501:  0.03 502:  0.04 503:  1.12 504:  1.98
 505:  0.33 506:  2.68 507:  0.55 508:  1.27 509:  1.48 510:  0.54 511:  2.09 512:  1.84
 513:  1.69 514:  2.32 515:  0.03 516:  0.03 517:  0.07 518:  0.07 519:  0.03 520:  0.03
 521:  0.08 522:  0.07 523:  0.16 524:  0.18 525:  0.10 526:  0.10 527:  0.02 528:  0.02
 529:  0.06 530:  0.08 531:  0.25 532:  0.20 533:  0.20 534:  0.25 535:  0.10 536:  0.10
 537:  0.23 538:  0.24 539:  0.12 540:  0.15 541:  0.19 542:  0.21 543:  0.36 544:  0.43
 545:  0.22 546:  0.10 547:  0.23 548:  0.16 549:  0.28 550:  0.33 551:  0.27 552:  0.34
 553:  0.35 554:  0.27 555:  0.04 556:  0.21 557:  0.19 558:  0.38 559:  0.16 560:  0.03
 561:  0.23 562:  0.27 563:  0.19 564:  0.31 565:  0.13 566:  0.16 567:  0.12 568:  0.09
 569:  0.12 570:  0.09 571:  0.04 572:  0.04 573:  0.08 574:  0.07 575:  0.06 576:  0.08
 577:  0.06 578:  0.08 579:  0.27 580:  0.62 581:  0.58 582:  0.73
 Raman intensities (amu)
   1:  0.00   2:  0.00   3:  0.00   4:  0.00   5:  0.00   6:  0.00   7:  0.00   8:  0.00
   9:  0.00  10:  0.00  11:  0.00  12:  0.00  13:  0.00  14:  0.00  15:  0.00  16:  0.00
  17:  0.00  18:  0.00  19:  0.00  20:  0.00  21:  0.00  22:  0.00  23:  0.00  24:  0.00
  25:  0.00  26:  0.00  27:  0.00  28:  0.00  29:  0.00  30:  0.00  31:  0.00  32:  0.00
  33:  0.00  34:  0.00  35:  0.00  36:  0.00  37:  0.00  38:  0.00  39:  0.00  40:  0.00
  41:  0.00  42:  0.00  43:  0.00  44:  0.00  45:  0.00  46:  0.00  47:  0.00  48:  0.00
  49:  0.00  50:  0.00  51:  0.00  52:  0.00  53:  0.00  54:  0.00  55:  0.00  56:  0.00
  57:  0.00  58:  0.00  59:  0.00  60:  0.00  61:  0.00  62:  0.00  63:  0.00  64:  0.00
  65:  0.00  66:  0.00  67:  0.00  68:  0.00  69:  0.00  70:  0.00  71:  0.00  72:  0.00
  73:  0.00  74:  0.00  75:  0.00  76:  0.00  77:  0.00  78:  0.00  79:  0.00  80:  0.00
  81:  0.00  82:  0.00  83:  0.00  84:  0.00  85:  0.00  86:  0.00  87:  0.00  88:  0.00
  89:  0.00  90:  0.00  91:  0.00  92:  0.00  93:  0.00  94:  0.00  95:  0.00  96:  0.00
  97:  0.00  98:  0.00  99:  0.00 100:  0.00 101:  0.00 102:  0.00 103:  0.00 104:  0.00
 105:  0.00 106:  0.00 107:  0.00 108:  0.00 109:  0.00 110:  0.00 111:  0.00 112:  0.00
 113:  0.00 114:  0.00 115:  0.00 116:  0.00 117:  0.00 118:  0.00 119:  0.00 120:  0.00
 121:  0.00 122:  0.00 123:  0.00 124:  0.00 125:  0.00 126:  0.00 127:  0.00 128:  0.00
 129:  0.00 130:  0.00 131:  0.00 132:  0.00 133:  0.00 134:  0.00 135:  0.00 136:  0.00
 137:  0.00 138:  0.00 139:  0.00 140:  0.00 141:  0.00 142:  0.00 143:  0.00 144:  0.00
 145:  0.00 146:  0.00 147:  0.00 148:  0.00 149:  0.00 150:  0.00 151:  0.00 152:  0.00
 153:  0.00 154:  0.00 155:  0.00 156:  0.00 157:  0.00 158:  0.00 159:  0.00 160:  0.00
 161:  0.00 162:  0.00 163:  0.00 164:  0.00 165:  0.00 166:  0.00 167:  0.00 168:  0.00
 169:  0.00 170:  0.00 171:  0.00 172:  0.00 173:  0.00 174:  0.00 175:  0.00 176:  0.00
 177:  0.00 178:  0.00 179:  0.00 180:  0.00 181:  0.00 182:  0.00 183:  0.00 184:  0.00
 185:  0.00 186:  0.00 187:  0.00 188:  0.00 189:  0.00 190:  0.00 191:  0.00 192:  0.00
 193:  0.00 194:  0.00 195:  0.00 196:  0.00 197:  0.00 198:  0.00 199:  0.00 200:  0.00
 201:  0.00 202:  0.00 203:  0.00 204:  0.00 205:  0.00 206:  0.00 207:  0.00 208:  0.00
 209:  0.00 210:  0.00 211:  0.00 212:  0.00 213:  0.00 214:  0.00 215:  0.00 216:  0.00
 217:  0.00 218:  0.00 219:  0.00 220:  0.00 221:  0.00 222:  0.00 223:  0.00 224:  0.00
 225:  0.00 226:  0.00 227:  0.00 228:  0.00 229:  0.00 230:  0.00 231:  0.00 232:  0.00
 233:  0.00 234:  0.00 235:  0.00 236:  0.00 237:  0.00 238:  0.00 239:  0.00 240:  0.00
 241:  0.00 242:  0.00 243:  0.00 244:  0.00 245:  0.00 246:  0.00 247:  0.00 248:  0.00
 249:  0.00 250:  0.00 251:  0.00 252:  0.00 253:  0.00 254:  0.00 255:  0.00 256:  0.00
 257:  0.00 258:  0.00 259:  0.00 260:  0.00 261:  0.00 262:  0.00 263:  0.00 264:  0.00
 265:  0.00 266:  0.00 267:  0.00 268:  0.00 269:  0.00 270:  0.00 271:  0.00 272:  0.00
 273:  0.00 274:  0.00 275:  0.00 276:  0.00 277:  0.00 278:  0.00 279:  0.00 280:  0.00
 281:  0.00 282:  0.00 283:  0.00 284:  0.00 285:  0.00 286:  0.00 287:  0.00 288:  0.00
 289:  0.00 290:  0.00 291:  0.00 292:  0.00 293:  0.00 294:  0.00 295:  0.00 296:  0.00
 297:  0.00 298:  0.00 299:  0.00 300:  0.00 301:  0.00 302:  0.00 303:  0.00 304:  0.00
 305:  0.00 306:  0.00 307:  0.00 308:  0.00 309:  0.00 310:  0.00 311:  0.00 312:  0.00
 313:  0.00 314:  0.00 315:  0.00 316:  0.00 317:  0.00 318:  0.00 319:  0.00 320:  0.00
 321:  0.00 322:  0.00 323:  0.00 324:  0.00 325:  0.00 326:  0.00 327:  0.00 328:  0.00
 329:  0.00 330:  0.00 331:  0.00 332:  0.00 333:  0.00 334:  0.00 335:  0.00 336:  0.00
 337:  0.00 338:  0.00 339:  0.00 340:  0.00 341:  0.00 342:  0.00 343:  0.00 344:  0.00
 345:  0.00 346:  0.00 347:  0.00 348:  0.00 349:  0.00 350:  0.00 351:  0.00 352:  0.00
 353:  0.00 354:  0.00 355:  0.00 356:  0.00 357:  0.00 358:  0.00 359:  0.00 360:  0.00
 361:  0.00 362:  0.00 363:  0.00 364:  0.00 365:  0.00 366:  0.00 367:  0.00 368:  0.00
 369:  0.00 370:  0.00 371:  0.00 372:  0.00 373:  0.00 374:  0.00 375:  0.00 376:  0.00
 377:  0.00 378:  0.00 379:  0.00 380:  0.00 381:  0.00 382:  0.00 383:  0.00 384:  0.00
 385:  0.00 386:  0.00 387:  0.00 388:  0.00 389:  0.00 390:  0.00 391:  0.00 392:  0.00
 393:  0.00 394:  0.00 395:  0.00 396:  0.00 397:  0.00 398:  0.00 399:  0.00 400:  0.00
 401:  0.00 402:  0.00 403:  0.00 404:  0.00 405:  0.00 406:  0.00 407:  0.00 408:  0.00
 409:  0.00 410:  0.00 411:  0.00 412:  0.00 413:  0.00 414:  0.00 415:  0.00 416:  0.00
 417:  0.00 418:  0.00 419:  0.00 420:  0.00 421:  0.00 422:  0.00 423:  0.00 424:  0.00
 425:  0.00 426:  0.00 427:  0.00 428:  0.00 429:  0.00 430:  0.00 431:  0.00 432:  0.00
 433:  0.00 434:  0.00 435:  0.00 436:  0.00 437:  0.00 438:  0.00 439:  0.00 440:  0.00
 441:  0.00 442:  0.00 443:  0.00 444:  0.00 445:  0.00 446:  0.00 447:  0.00 448:  0.00
 449:  0.00 450:  0.00 451:  0.00 452:  0.00 453:  0.00 454:  0.00 455:  0.00 456:  0.00
 457:  0.00 458:  0.00 459:  0.00 460:  0.00 461:  0.00 462:  0.00 463:  0.00 464:  0.00
 465:  0.00 466:  0.00 467:  0.00 468:  0.00 469:  0.00 470:  0.00 471:  0.00 472:  0.00
 473:  0.00 474:  0.00 475:  0.00 476:  0.00 477:  0.00 478:  0.00 479:  0.00 480:  0.00
 481:  0.00 482:  0.00 483:  0.00 484:  0.00 485:  0.00 486:  0.00 487:  0.00 488:  0.00
 489:  0.00 490:  0.00 491:  0.00 492:  0.00 493:  0.00 494:  0.00 495:  0.00 496:  0.00
 497:  0.00 498:  0.00 499:  0.00 500:  0.00 501:  0.00 502:  0.00 503:  0.00 504:  0.00
 505:  0.00 506:  0.00 507:  0.00 508:  0.00 509:  0.00 510:  0.00 511:  0.00 512:  0.00
 513:  0.00 514:  0.00 515:  0.00 516:  0.00 517:  0.00 518:  0.00 519:  0.00 520:  0.00
 521:  0.00 522:  0.00 523:  0.00 524:  0.00 525:  0.00 526:  0.00 527:  0.00 528:  0.00
 529:  0.00 530:  0.00 531:  0.00 532:  0.00 533:  0.00 534:  0.00 535:  0.00 536:  0.00
 537:  0.00 538:  0.00 539:  0.00 540:  0.00 541:  0.00 542:  0.00 543:  0.00 544:  0.00
 545:  0.00 546:  0.00 547:  0.00 548:  0.00 549:  0.00 550:  0.00 551:  0.00 552:  0.00
 553:  0.00 554:  0.00 555:  0.00 556:  0.00 557:  0.00 558:  0.00 559:  0.00 560:  0.00
 561:  0.00 562:  0.00 563:  0.00 564:  0.00 565:  0.00 566:  0.00 567:  0.00 568:  0.00
 569:  0.00 570:  0.00 571:  0.00 572:  0.00 573:  0.00 574:  0.00 575:  0.00 576:  0.00
 577:  0.00 578:  0.00 579:  0.00 580:  0.00 581:  0.00 582:  0.00
 output can be read by thermo (or use thermo option).
 writing <g98.out> molden fake output.
 recommended (thermochemical) frequency scaling factor: 1.0
           -------------------------------------------------
          |             Thermodynamic Functions             |
           -------------------------------------------------

Molecule has the following symmetry elements: (C2) 
It seems to be the C2 point group
c2  symmetry found (for desy threshold:  0.10E+00) used in thermo

          ...................................................
          :                      SETUP                      :
          :.................................................:
          :  # frequencies                         576      :
          :  # imaginary freq.                       0      :
          :  linear?                             false      :
          :  only rotor calc.                    false      :
          :  symmetry                               c2      :
          :  rotational number                       2      :
          :  scaling factor                  1.0000000      :
          :  rotor cutoff                   50.0000000 cm⁻¹ :
          :  imag. cutoff                  -20.0000000 cm⁻¹ :
          :.................................................:

    mode    ω/cm⁻¹     T·S(HO)/kcal·mol⁻¹    T·S(FR)/kcal·mol⁻¹   T·S(vib)
   ------------------------------------------------------------------------
       1      5.49    -2.74415 (  0.01%)    -1.71117 ( 99.99%)    -1.71132
       2      7.92    -2.52651 (  0.06%)    -1.60234 ( 99.94%)    -1.60292
       3      8.82    -2.46261 (  0.10%)    -1.57039 ( 99.90%)    -1.57126
       4     12.82    -2.24138 (  0.43%)    -1.45975 ( 99.57%)    -1.46311
       5     12.93    -2.23609 (  0.45%)    -1.45711 ( 99.55%)    -1.46058
       6     14.06    -2.18663 (  0.62%)    -1.43237 ( 99.38%)    -1.43706
       7     14.29    -2.17686 (  0.66%)    -1.42748 ( 99.34%)    -1.43246
       8     15.68    -2.12208 (  0.96%)    -1.40008 ( 99.04%)    -1.40700
       9     23.32    -1.88707 (  4.52%)    -1.28249 ( 95.48%)    -1.30981
      10     23.93    -1.87191 (  4.98%)    -1.27490 ( 95.02%)    -1.30464
      11     25.48    -1.83471 (  6.32%)    -1.25628 ( 93.68%)    -1.29281
      12     27.44    -1.79082 (  8.32%)    -1.23431 ( 91.68%)    -1.28059
      13     29.67    -1.74454 ( 11.03%)    -1.21113 ( 88.97%)    -1.26999
      14     34.14    -1.66167 ( 17.85%)    -1.16962 ( 82.15%)    -1.25744
      15     35.15    -1.64442 ( 19.62%)    -1.16097 ( 80.38%)    -1.25584
      16     39.16    -1.58050 ( 27.34%)    -1.12892 ( 72.66%)    -1.25240
      17     41.01    -1.55334 ( 31.15%)    -1.11530 ( 68.85%)    -1.25173
      18     43.81    -1.51424 ( 37.09%)    -1.09569 ( 62.91%)    -1.25092
      19     44.09    -1.51052 ( 37.68%)    -1.09382 ( 62.32%)    -1.25082
      20     48.91    -1.44935 ( 47.79%)    -1.06310 ( 52.21%)    -1.24769
      21     54.62    -1.38420 ( 58.75%)    -1.03036 ( 41.25%)    -1.23824
      22     57.57    -1.35326 ( 63.73%)    -1.01480 ( 36.27%)    -1.23051
      23     59.63    -1.33257 ( 66.92%)    -1.00438 ( 33.08%)    -1.22399
      24     60.49    -1.32411 ( 68.18%)    -1.00012 ( 31.82%)    -1.22101
      25     60.87    -1.32047 ( 68.71%)    -0.99829 ( 31.29%)    -1.21966
      26     66.62    -1.26738 ( 75.91%)    -0.97154 ( 24.09%)    -1.19612
      27     70.05    -1.23789 ( 79.39%)    -0.95665 ( 20.61%)    -1.17994
      28     70.83    -1.23141 ( 80.11%)    -0.95339 ( 19.89%)    -1.17610
      29     72.35    -1.21895 ( 81.43%)    -0.94709 ( 18.57%)    -1.16846
      30     73.52    -1.20951 ( 82.38%)    -0.94232 ( 17.62%)    -1.16244
      31     78.38    -1.17204 ( 85.79%)    -0.92338 ( 14.21%)    -1.13671
      32     81.57    -1.14872 ( 87.63%)    -0.91157 ( 12.37%)    -1.11938
      33     83.55    -1.13468 ( 88.63%)    -0.90446 ( 11.37%)    -1.10851
      34     91.19    -1.08360 ( 91.71%)    -0.87854 (  8.29%)    -1.06660
      35     95.07    -1.05930 ( 92.89%)    -0.86618 (  7.11%)    -1.04557
      36     99.17    -1.03477 ( 93.93%)    -0.85369 (  6.07%)    -1.02378
      37    101.20    -1.02298 ( 94.38%)    -0.84768 (  5.62%)    -1.01312
      38    103.23    -1.01143 ( 94.78%)    -0.84178 (  5.22%)    -1.00258
      39    106.84    -0.99149 ( 95.42%)    -0.83160 (  4.58%)    -0.98417
      40    107.19    -0.98963 ( 95.48%)    -0.83065 (  4.52%)    -0.98244
      41    114.22    -0.95283 ( 96.46%)    -0.81181 (  3.54%)    -0.94784
      42    115.02    -0.94883 ( 96.55%)    -0.80976 (  3.45%)    -0.94403
      43    115.99    -0.94395 ( 96.66%)    -0.80725 (  3.34%)    -0.93939
      44    122.66    -0.91173 ( 97.31%)    -0.79069 (  2.69%)    -0.90848
      45    125.02    -0.90079 ( 97.51%)    -0.78506 (  2.49%)    -0.89790
      46    126.59    -0.89360 ( 97.62%)    -0.78135 (  2.38%)    -0.89094
      47    127.23    -0.89073 ( 97.67%)    -0.77987 (  2.33%)    -0.88815
      48    128.30    -0.88590 ( 97.75%)    -0.77738 (  2.25%)    -0.88345
      49    131.95    -0.86984 ( 97.98%)    -0.76908 (  2.02%)    -0.86781
      50    140.95    -0.83213 ( 98.44%)    -0.74954 (  1.56%)    -0.83085
      51    148.42    -0.80272 ( 98.73%)    -0.73423 (  1.27%)    -0.80185
      52    151.64    -0.79057 ( 98.83%)    -0.72788 (  1.17%)    -0.78984
      53    157.32    -0.76975 ( 98.99%)    -0.71698 (  1.01%)    -0.76922
      54    159.65    -0.76146 ( 99.05%)    -0.71263 (  0.95%)    -0.76099
      55    161.24    -0.75587 ( 99.08%)    -0.70969 (  0.92%)    -0.75545
      56    161.34    -0.75552 ( 99.09%)    -0.70950 (  0.91%)    -0.75510
      57    167.13    -0.73569 ( 99.21%)    -0.69906 (  0.79%)    -0.73540
      58    169.29    -0.72849 ( 99.24%)    -0.69526 (  0.76%)    -0.72823
      59    169.85    -0.72665 ( 99.25%)    -0.69429 (  0.75%)    -0.72641
      60    172.80    -0.71698 ( 99.30%)    -0.68917 (  0.70%)    -0.71679
      61    176.18    -0.70616 ( 99.36%)    -0.68343 (  0.64%)    -0.70601
      62    181.91    -0.68833 ( 99.43%)    -0.67395 (  0.57%)    -0.68825
      63    183.40    -0.68381 ( 99.45%)    -0.67154 (  0.55%)    -0.68374
      64    183.80    -0.68261 ( 99.46%)    -0.67090 (  0.54%)    -0.68255
      65    190.65    -0.66234 ( 99.53%)    -0.66006 (  0.47%)    -0.66233
      66    196.92    -0.64449 ( 99.59%)    -0.65046 (  0.41%)    -0.64452
      67    197.58    -0.64267 ( 99.59%)    -0.64948 (  0.41%)    -0.64270
      68    198.16    -0.64104 ( 99.60%)    -0.64860 (  0.40%)    -0.64107
      69    204.41    -0.62404 ( 99.64%)    -0.63941 (  0.36%)    -0.62409
      70    206.16    -0.61939 ( 99.66%)    -0.63689 (  0.34%)    -0.61945
      71    212.16    -0.60377 ( 99.69%)    -0.62839 (  0.31%)    -0.60384
      72    213.63    -0.59999 ( 99.70%)    -0.62633 (  0.30%)    -0.60007
      73    222.81    -0.57725 ( 99.75%)    -0.61387 (  0.25%)    -0.57734
      74    223.31    -0.57606 ( 99.75%)    -0.61322 (  0.25%)    -0.57615
      75    229.59    -0.56116 ( 99.78%)    -0.60500 (  0.22%)    -0.56126
      76    234.97    -0.54878 ( 99.80%)    -0.59813 (  0.20%)    -0.54888
      77    247.46    -0.52135 ( 99.83%)    -0.58280 (  0.17%)    -0.52146
      78    249.82    -0.51636 ( 99.84%)    -0.57998 (  0.16%)    -0.51646
      79    251.62    -0.51258 ( 99.84%)    -0.57785 (  0.16%)    -0.51268
      80    254.20    -0.50724 ( 99.85%)    -0.57484 (  0.15%)    -0.50734
      81    255.25    -0.50507 ( 99.85%)    -0.57361 (  0.15%)    -0.50517
      82    257.43    -0.50064 ( 99.86%)    -0.57109 (  0.14%)    -0.50074
      83    260.58    -0.49429 ( 99.86%)    -0.56748 (  0.14%)    -0.49439
      84    262.08    -0.49132 ( 99.87%)    -0.56579 (  0.13%)    -0.49142
      85    266.14    -0.48335 ( 99.88%)    -0.56124 (  0.12%)    -0.48345
      86    269.43    -0.47700 ( 99.88%)    -0.55759 (  0.12%)    -0.47709
      87    269.64    -0.47659 ( 99.88%)    -0.55736 (  0.12%)    -0.47669
      88    271.30    -0.47344 ( 99.88%)    -0.55555 (  0.12%)    -0.47353
      89    275.33    -0.46587 ( 99.89%)    -0.55118 (  0.11%)    -0.46596
      90    277.37    -0.46209 ( 99.89%)    -0.54899 (  0.11%)    -0.46218
      91    283.73    -0.45054 ( 99.90%)    -0.54228 (  0.10%)    -0.45062
      92    285.57    -0.44725 ( 99.91%)    -0.54036 (  0.09%)    -0.44734
   ------------------------------------------------------------------------

   temp. (K)  partition function   enthalpy   heat capacity  entropy
                                   cal/mol     cal/K/mol   cal/K/mol   J/K/mol
 298.15  VIB  0.288E+49            62325.130    409.195    388.892
         ROT  0.456E+09              888.752      2.981     42.601
         INT  0.131E+58            63213.882    412.176    431.493
         TR   0.736E+29             1481.254      4.968     48.303
         TOT                       64695.1359   417.1441   479.7954  2007.4638

       T/K    H(0)-H(T)+PV         H(T)/Eh          T*S/Eh         G(T)/Eh
   ------------------------------------------------------------------------
    298.15    0.103098E+00    0.154407E+01    0.227966E+00    0.131610E+01
   ------------------------------------------------------------------------

         :::::::::::::::::::::::::::::::::::::::::::::::::::::
         ::                  THERMODYNAMIC                  ::
         :::::::::::::::::::::::::::::::::::::::::::::::::::::
         :: total free energy        -316.362537429677 Eh   ::
         ::.................................................::
         :: total energy             -317.678639210380 Eh   ::
         :: zero point energy           1.440969783665 Eh   ::
         :: G(RRHO) w/o ZPVE           -0.124868002962 Eh   ::
         :: G(RRHO) contrib.            1.316101780702 Eh   ::
         :::::::::::::::::::::::::::::::::::::::::::::::::::::

           -------------------------------------------------
          | TOTAL ENERGY             -317.678639210380 Eh   |
          | TOTAL ENTHALPY           -316.134571165150 Eh   |
          | TOTAL FREE ENERGY        -316.362537429677 Eh   |
          | GRADIENT NORM               0.000787737417 Eh/α |
          | HOMO-LUMO GAP               1.587971807383 eV   |
           -------------------------------------------------

------------------------------------------------------------------------
 * finished run on 2021/06/22 at 02:33:01.803     
------------------------------------------------------------------------
 total:
 * wall-time:     0 d,  0 h, 21 min, 20.445 sec
 *  cpu-time:     0 d,  1 h, 24 min, 31.765 sec
 * ratio c/w:     3.961 speedup
 SCF:
 * wall-time:     0 d,  0 h,  0 min,  3.301 sec
 *  cpu-time:     0 d,  0 h,  0 min, 10.851 sec
 * ratio c/w:     3.287 speedup
 numerical hessian:
 * wall-time:     0 d,  0 h, 21 min, 12.415 sec
 *  cpu-time:     0 d,  1 h, 24 min, 16.126 sec
 * ratio c/w:     3.974 speedup

