      -----------------------------------------------------------      
     |                   =====================                   |     
     |                           x T B                           |     
     |                   =====================                   |     
     |                         S. Grimme                         |     
     |          Mulliken Center for Theoretical Chemistry        |     
     |                    University of Bonn                     |     
     |                Version 6.2 RC2 (SAW190805)                |     
      -----------------------------------------------------------      

   This program is distributed in the hope that it will be useful,
   but WITHOUT ANY WARRANTY; without even the implied warranty of
   MERCHANTABILITY or FITNESS FOR A PARTICULAR PURPOSE.
   
   FOR NON-COMMERCIAL, ACADEMIA USE ONLY.
   
   Cite this work as:
   * S. Grimme, C. Bannwarth, P. Shushkov, J. Chem. Theory Comput., 2017,
     13, 1989-2009. DOI: 10.1021/acs.jctc.7b00118
   * C. Bannwarth, S. Ehlert and S. Grimme., J. Chem. Theory Comput., 2019,
     15, 1652-1671. DOI: 10.1021/acs.jctc.8b01176
   * P. Pracht, E. Caldeweyher, S. Ehlert, S. Grimme, ChemRxiv, 2019, preprint.
     DOI: 10.26434/chemrxiv.8326202.v1
   
   for DFT-D4:
   * E. Caldeweyher, C. Bannwarth and S. Grimme, J. Chem. Phys., 2017,
     147, 034112. DOI: 10.1063/1.4993215
   * E. Caldeweyher, S. Ehlert, A. Hansen, H. Neugebauer, S. Spicher,
     C. Bannwarth and S. Grimme, J. Chem. Phys., 2019, 150, 154122.
     DOI: 10.1063/1.5090222
   
   for sTDA-xTB:
   * S. Grimme and C. Bannwarth, J. Chem. Phys., 2016, 145, 054103.
     DOI: 10.1063/1.4959605
   
   in the mass-spec context:
   * V. Asgeirsson, C. Bauer and S. Grimme, Chem. Sci., 2017, 8, 4879.
     DOI: 10.1039/c7sc00601b
   
   for metadynamics refer to:
   * S. Grimme, J. Chem. Theory Comput., 2019, 155, 2847-2862
     DOI: 10.1021/acs.jctc.9b00143
   
   with help from (in alphabetical order)
   C. Bannwarth, F. Bohle, G. Brandenburg, E. Caldeweyher, M. Checinski,
   S. Dohm, S. Ehlert, S. Ehrlich, F. März, H. Neugebauer, J. Pisarek,
   P. Pracht, P. Shushkov, and S. Spicher.
   
 * started run on 2021/06/21 at 22:16:53.924     

           -------------------------------------------------
          |                Calculation Setup                |
           -------------------------------------------------

          program call               : /home/atarzia/software/xtb-190806/bin/xtb /data/atarzia/projects/unsymm/screening/production/free_energy_calculations/fe_5b4_b/input_structure.xyz --gfn 2 --hess --parallel 6 --etemp 300 --gbsa dmso --chrg 4 --uhf 0 -I det_control.in
          coordinate file            : /data/atarzia/projects/unsymm/screening/production/free_energy_calculations/fe_5b4_b/input_structure.xyz
          omp threads                :                     6
          number of atoms            :                   186
          number of electrons        :                   568
          charge                     :                     4
          spin                       :                   0.0
          first test random number   :      0.66058793670962


molecular fragmentation (1/2 indicates fragments):
111111111111111111111111111111111111111111111111111111111111111121111111
111111111111111111111111111111111111111111111111111111111111111111111111
111111111111211111111111111111111111111111
# atoms in fragment 1/2:   184     2
 fragment masses (1/2) :     1732.58        2.02
CMA distance (Bohr)    :  10.493
constraining FC (au)   :  0.0500

########################################################################
# WARNING! Please study the warnings concerning your input carefully
#  - XTBHOME is not set, using HOME instead
#  - XTBPATH is not set, using XTBHOME instead
#  - Process number higher than OMP_NUM_THREADS, I hope you know what you are doing.
########################################################################

           ------------------------------------------------- 
          |                 G F N 2 - x T B                 |
          | Geometry, Frequencies, Noncovalent interactions |
          |            JCTC 2019 parametrisation            |
           ------------------------------------------------- 
             k(s)              :                1.8500
             k(p)              :                2.2300
             k(d)              :                2.2300
             k(f)              :                2.0000
             kEN (H0ij)        :               -2.0000
             D4 a1             :                0.5200
             D4 a2             :                5.0000
             D4 s6             :                1.0000
             D4 s8             :                2.7000
             D4 s9             :                5.0000
             alphaj            :                2.0000

  Z AO/shell   Hii/eV     exponent
  1     Wed Apr 25 08:07:45 CEST 2018   EN: 2.200 GM2: 0.406  GM3: 0.0800  RAES: 1.40
     1s    -10.707211    1.230000
  6     Wed Apr 25 08:07:45 CEST 2018   EN: 2.550 GM2: 0.538  GM3: 0.1500  RAES: 3.00
     2s    -13.970922    2.096432
     2p    -10.063292    1.800000
  7     Wed Apr 25 08:07:45 CEST 2018   EN: 3.040 GM2: 0.461  GM3:-0.0640  RAES: 1.90
     2s    -16.686243    2.339881
     2p    -12.523956    2.014332
 46     Wed Apr 25 16:26:58 CEST 2018   EN: 2.200 GM2: 0.273  GM3: 0.0800  RAES: 5.00
     4d    -11.963518    2.353691
     5s     -9.714059    1.828354
     5p     -2.035281    1.333352

 Solvent             : dmso
 Using internal parameter file: .param_gbsa2_dmso
 Gsolv ref. state (COSMO-RS): gsolv [1 M gas/solution]
 temperature (mdtemp)       :    298.150000000000     
 dielectric constant        :    46.6800000000000     
 rho                        :    1.10000000000000     
 mass                       :    78.1300000000000     
 surface tension            :    15.5689454083859     
 probe radius               :   0.949087640000000     
 vdW radii scaling          :    1.00000000000000     
 Gshift (Eh)                :   5.161738145414381E-003
 c1                         :    1.63948621000000     
 soset                      :   1.179665000000000E-002
 HB correction              :  T
           ------------------------------------------------- 
          |        Self-Consistent Charge Iterations        |
           ------------------------------------------------- 

          ...................................................
          :                      SETUP                      :
          :.................................................:
          :  # basis functions                 564          :
          :  # atomic orbitals                 562          :
          :  # shells                          310          :
          :  # electrons                       568          :
          :  max. iterations                   250          :
          :  Hamiltonian                  GFN2-xTB          :
          :  restarted?                      false          :
          :  GBSA solvation                   true          :
          :  PC potential                    false          :
          :  electronic temp.          300.0000000     K    :
          :  accuracy                    1.0000000          :
          :  -> integral cutoff          0.2500000E+02      :
          :  -> integral neglect         0.1000000E-07      :
          :  -> SCF convergence          0.1000000E-05 Eh   :
          :  -> wf. convergence          0.1000000E-03 e    :
          :  Broyden damping             0.4000000          :
          ...................................................

 iter      E             dE          RMSdq      gap      omega  full diag
   1   -308.7256518 -0.308726E+03  0.621E+00    1.90       0.0  T
   2   -309.1406863 -0.415035E+00  0.407E+00    1.10       1.0  T
   3   -308.6764198  0.464267E+00  0.218E+00    1.38       1.0  T
   4   -309.3588893 -0.682470E+00  0.858E-01    1.66       1.0  T
   5   -309.4355176 -0.766283E-01  0.372E-01    1.64       1.0  T
   6   -309.4481584 -0.126408E-01  0.190E-01    1.70       1.0  T
   7   -309.4503082 -0.214984E-02  0.102E-01    1.71       1.0  T
   8   -309.4507276 -0.419353E-03  0.402E-02    1.71       1.0  T
   9   -309.4509097 -0.182153E-03  0.164E-02    1.70       1.0  T
  10   -309.4509226 -0.129095E-04  0.814E-03    1.70       1.0  T
  11   -309.4509233 -0.681640E-06  0.531E-03    1.70       1.4  T
  12   -309.4509244 -0.113460E-05  0.311E-03    1.70       2.4  T
  13   -309.4509254 -0.903904E-06  0.158E-03    1.70       4.6  T
  14   -309.4509255 -0.110094E-06  0.833E-04    1.70       8.8  T
  15   -309.4509255 -0.333160E-07  0.416E-04    1.70      17.6  T

   *** convergence criteria satisfied after 15 iterations ***

         #    Occupation            Energy/Eh            Energy/eV
      -------------------------------------------------------------
         1        2.0000           -0.7313729             -19.9017
       ...           ...                  ...                  ...
       278        2.0000           -0.4097585             -11.1501
       279        2.0000           -0.4095450             -11.1443
       280        2.0000           -0.4076387             -11.0924
       281        2.0000           -0.3876822             -10.5494
       282        2.0000           -0.3870494             -10.5322
       283        2.0000           -0.3867219             -10.5232
       284        2.0000           -0.3862810             -10.5112 (HOMO)
       285                         -0.3237180              -8.8088 (LUMO)
       286                         -0.3234406              -8.8013
       287                         -0.3195691              -8.6959
       288                         -0.3191146              -8.6836
       289                         -0.3182468              -8.6599
       ...                                ...                  ...
       562                          1.5079763              41.0341
      -------------------------------------------------------------
                  HL-Gap            0.0625630 Eh            1.7024 eV
             Fermi-level           -0.3549995 Eh           -9.6600 eV

 SCC (total)                   0 d,  0 h,  0 min,  2.407 sec
 SCC setup                      ...        0 min,  0.080 sec (  3.334%)
 Dispersion                     ...        0 min,  0.021 sec (  0.877%)
 integral evaluation            ...        0 min,  0.269 sec ( 11.166%)
 zeroth order Hamiltonian       ...        0 min,  0.004 sec (  0.160%)
 iterations                     ...        0 min,  1.765 sec ( 73.320%)
 molecular gradient             ...        0 min,  0.254 sec ( 10.550%)
 printout                       ...        0 min,  0.014 sec (  0.589%)

         :::::::::::::::::::::::::::::::::::::::::::::::::::::
         ::                     SUMMARY                     ::
         :::::::::::::::::::::::::::::::::::::::::::::::::::::
         :: total energy            -303.571606966304 Eh    ::
         :: total w/o Gsasa/hb      -303.432394777807 Eh    ::
         :: gradient norm              0.000701623351 Eh/a0 ::
         :: HOMO-LUMO gap              1.702425901325 eV    ::
         ::.................................................::
         :: SCC energy              -309.576672741886 Eh    ::
         :: -> isotropic ES            0.587112028486 Eh    ::
         :: -> anisotropic ES         -0.084910837513 Eh    ::
         :: -> anisotropic XC          0.212485676185 Eh    ::
         :: -> dispersion             -0.280556096116 Eh    ::
         :: -> Gsolv                  -0.641697170926 Eh    ::
         ::    -> Gborn               -0.502484982429 Eh    ::
         ::    -> Gsasa               -0.130908984269 Eh    ::
         ::    -> Ghb                 -0.013464942374 Eh    ::
         ::    -> Gshift               0.005161738145 Eh    ::
         :: repulsion energy           5.998307005073 Eh    ::
         :: add. restraining           0.000000000000 Eh    ::
         :::::::::::::::::::::::::::::::::::::::::::::::::::::

           ------------------------------------------------- 
          |                Numerical Hessian                |
           ------------------------------------------------- 
step length          :   0.00500
SCC accuracy         :   0.30000
Hessian scale factor :   1.00000
frozen atoms in %    :   0.00000    0
RMS gradient         :   0.00070
estimated CPU  time    189.27 min
estimated wall time     32.78 min

writing file <hessian>.

 projected vibrational frequencies (cm-1)
eigval :       -0.00    -0.00    -0.00     0.00     0.00     0.00
eigval :        2.05     4.24     7.75     8.70    10.82    11.54
eigval :       12.61    14.41    15.52    15.89    16.76    17.75
eigval :       18.97    20.53    22.79    25.82    27.03    30.86
eigval :       37.30    37.96    42.84    44.90    47.08    47.71
eigval :       50.52    53.19    57.06    59.90    65.76    66.88
eigval :       67.98    72.21    74.14    78.07    78.59    82.12
eigval :       84.84    93.21    94.68    95.42   101.92   103.43
eigval :      106.52   108.81   111.53   117.43   118.47   120.04
eigval :      124.95   125.78   126.67   134.29   134.72   139.88
eigval :      142.03   144.70   151.36   154.02   155.46   157.61
eigval :      159.30   161.62   163.41   165.35   166.53   174.52
eigval :      175.02   175.83   180.38   189.85   193.37   195.55
eigval :      198.71   200.20   206.36   212.41   222.76   225.67
eigval :      246.55   248.38   253.88   256.05   259.90   268.73
eigval :      276.24   282.22   289.81   291.36   296.17   298.89
eigval :      300.85   305.36   308.34   308.94   309.83   317.83
eigval :      321.98   327.11   330.20   331.48   335.23   337.90
eigval :      344.12   345.88   349.62   354.04   356.77   361.94
eigval :      362.88   364.33   368.03   379.90   391.06   392.16
eigval :      393.63   394.51   395.29   396.40   400.08   414.96
eigval :      430.87   431.02   431.16   431.29   435.71   436.44
eigval :      436.51   436.71   437.52   437.81   448.02   450.74
eigval :      451.62   452.96   454.92   457.44   468.23   469.52
eigval :      469.72   471.16   471.49   472.13   473.47   473.57
eigval :      475.70   475.84   475.93   477.64   482.23   483.81
eigval :      484.85   497.31   507.66   508.50   509.25   511.28
eigval :      511.59   513.80   515.25   517.16   517.50   518.14
eigval :      522.16   525.42   531.82   534.68   536.23   537.05
eigval :      540.01   541.96   542.86   543.21   550.49   556.00
eigval :      556.86   565.05   570.65   574.83   576.89   611.13
eigval :      611.57   611.87   611.90   612.05   612.22   612.59
eigval :      620.08   621.34   622.97   624.51   624.91   625.17
eigval :      625.75   626.47   629.16   665.60   675.23   675.28
eigval :      675.42   676.35   688.79   689.29   689.74   691.60
eigval :      724.11   724.31   725.09   725.11   725.40   725.78
eigval :      726.19   728.87   764.37   764.60   765.19   767.44
eigval :      772.00   774.99   777.10   777.45   778.24   779.17
eigval :      779.63   781.76   793.90   795.41   797.68   800.22
eigval :      800.94   802.36   804.44   805.24   808.93   810.20
eigval :      811.53   812.23   814.05   818.41   821.25   824.06
eigval :      827.38   828.78   828.91   831.98   832.23   832.30
eigval :      834.33   838.10   851.15   854.52   854.66   857.12
eigval :      857.43   858.84   858.89   859.20   861.50   864.25
eigval :      866.82   867.24   876.10   880.53   881.71   884.60
eigval :      886.61   887.48   890.61   891.64   892.10   892.29
eigval :      892.96   892.98   893.94   894.31   894.34   895.44
eigval :      895.63   896.87   897.06   899.52   899.82   901.39
eigval :      901.80   903.74   904.17   906.66   909.86   912.54
eigval :      923.93   924.21   924.44   924.79   932.74   933.01
eigval :      933.48   933.54   934.19   934.64   934.70   935.36
eigval :      995.61   996.39   996.48   997.06  1038.64  1039.66
eigval :     1040.27  1041.18  1048.36  1049.11  1049.91  1050.05
eigval :     1066.84  1067.23  1072.72  1072.97  1074.39  1080.28
eigval :     1082.69  1088.76  1107.35  1107.41  1107.65  1108.97
eigval :     1109.83  1111.14  1111.21  1111.30  1125.76  1126.44
eigval :     1127.00  1127.88  1149.57  1152.64  1153.25  1156.82
eigval :     1157.60  1158.82  1166.19  1168.74  1170.41  1170.48
eigval :     1171.02  1172.84  1173.67  1173.81  1174.47  1174.59
eigval :     1183.62  1184.39  1185.09  1187.83  1189.67  1190.80
eigval :     1191.86  1195.24  1200.46  1200.98  1201.68  1203.62
eigval :     1212.28  1212.53  1215.00  1215.93  1216.23  1216.70
eigval :     1217.80  1219.23  1220.68  1220.93  1221.48  1222.01
eigval :     1222.24  1223.94  1225.90  1232.23  1253.34  1253.62
eigval :     1253.82  1254.06  1285.45  1286.45  1287.10  1289.97
eigval :     1295.21  1296.67  1297.63  1300.67  1306.35  1306.80
eigval :     1307.21  1307.64  1312.96  1313.43  1314.72  1316.63
eigval :     1320.92  1322.46  1322.99  1327.59  1348.92  1350.16
eigval :     1351.16  1353.23  1361.48  1363.00  1364.94  1366.56
eigval :     1370.20  1370.70  1372.65  1372.92  1375.52  1376.30
eigval :     1378.13  1378.56  1395.35  1395.40  1395.54  1396.21
eigval :     1396.89  1397.86  1398.17  1398.99  1400.12  1400.66
eigval :     1401.73  1403.43  1421.92  1423.91  1424.79  1426.66
eigval :     1439.13  1440.89  1441.48  1442.56  1462.63  1463.17
eigval :     1466.09  1467.35  1468.34  1468.82  1471.36  1477.85
eigval :     1489.10  1489.17  1489.42  1492.27  1525.94  1527.34
eigval :     1528.24  1528.30  1528.48  1528.67  1528.74  1530.13
eigval :     1536.39  1536.47  1537.01  1539.25  1552.13  1555.48
eigval :     1556.14  1558.28  1558.40  1558.75  1560.19  1563.08
eigval :     1565.05  1565.36  1566.37  1567.74  1570.01  1570.16
eigval :     1571.21  1577.49  1578.08  1578.24  1578.55  1601.99
eigval :     2290.32  2290.41  2291.09  2291.55  2299.85  2299.95
eigval :     2300.10  2300.36  2923.47  2930.41  2947.61  2949.78
eigval :     2950.55  2961.95  2973.32  2974.50  2992.25  3003.74
eigval :     3011.76  3012.79  3018.47  3022.77  3028.92  3029.01
eigval :     3083.51  3083.90  3083.91  3084.01  3091.86  3092.64
eigval :     3093.53  3093.70  3094.05  3094.36  3094.88  3094.97
eigval :     3095.43  3095.67  3095.71  3095.91  3098.36  3100.33
eigval :     3101.09  3101.96  3102.11  3102.29  3103.04  3103.26
eigval :     3103.42  3103.45  3103.58  3106.73  3107.72  3108.19
eigval :     3108.83  3109.13  3110.68  3110.70  3110.80  3110.87
eigval :     3110.96  3111.19  3111.68  3111.76  3112.26  3112.32
eigval :     3112.62  3113.49  3113.58  3113.79  3117.88  3119.60
           -------------------------------------------------
          |                Property Printout                |
           -------------------------------------------------

    * Orbital Energies and Occupations

         #    Occupation            Energy/Eh            Energy/eV
      -------------------------------------------------------------
         1        2.0000           -0.7313729             -19.9017
       ...           ...                  ...                  ...
       272        2.0000           -0.4187268             -11.3941
       273        2.0000           -0.4182204             -11.3804
       274        2.0000           -0.4179858             -11.3740
       275        2.0000           -0.4169499             -11.3458
       276        2.0000           -0.4167835             -11.3413
       277        2.0000           -0.4112665             -11.1911
       278        2.0000           -0.4097607             -11.1502
       279        2.0000           -0.4095473             -11.1443
       280        2.0000           -0.4076408             -11.0925
       281        2.0000           -0.3876854             -10.5495
       282        2.0000           -0.3870514             -10.5322
       283        2.0000           -0.3867238             -10.5233
       284        2.0000           -0.3862826             -10.5113 (HOMO)
       285                         -0.3237200              -8.8089 (LUMO)
       286                         -0.3234430              -8.8013
       287                         -0.3195714              -8.6960
       288                         -0.3191168              -8.6836
       289                         -0.3182494              -8.6600
       290                         -0.3173985              -8.6369
       291                         -0.3139380              -8.5427
       292                         -0.3112987              -8.4709
       293                         -0.2977218              -8.1014
       294                         -0.2938764              -7.9968
       295                         -0.2887797              -7.8581
       ...                                ...                  ...
       562                          1.5079751              41.0341
      -------------------------------------------------------------
                  HL-Gap            0.0625626 Eh            1.7024 eV
             Fermi-level           -0.3550013 Eh           -9.6601 eV

     #   Z        covCN         q      C6AA      α(0)
     1  46 Pd     3.769    -0.080   356.664    34.957
     2  46 Pd     3.555    -0.106   275.371    34.221
     3   6 C      1.982    -0.022    31.651     9.085
     4   6 C      1.981    -0.034    31.969     9.131
     5   6 C      2.965     0.043    27.024     8.527
     6   6 C      2.926    -0.019    28.487     8.753
     7   6 C      2.914    -0.019    28.491     8.753
     8   6 C      2.915    -0.032    28.787     8.798
     9   6 C      2.982     0.004    27.930     8.669
    10   6 C      2.895     0.058    26.701     8.472
    11   7 N      2.667    -0.083    22.855     7.100
    12   6 C      2.914     0.040    27.099     8.536
    13   6 C      2.910    -0.029    28.726     8.789
    14   6 C      2.994     0.017    27.612     8.620
    15   1 H      0.926     0.060     2.203     2.321
    16   1 H      0.926     0.057     2.229     2.335
    17   1 H      0.926     0.069     2.099     2.265
    18   1 H      0.925     0.111     1.685     2.030
    19   1 H      0.924     0.144     1.431     1.870
    20   1 H      0.926     0.106     1.732     2.058
    21   6 C      2.971     0.039    27.115     8.541
    22   6 C      2.923    -0.035    28.867     8.811
    23   6 C      2.925    -0.033    28.827     8.805
    24   6 C      2.971     0.037    27.166     8.549
    25   6 C      2.924    -0.025    28.626     8.774
    26   6 C      2.925    -0.025    28.639     8.776
    27   1 H      0.926     0.076     2.019     2.222
    28   1 H      0.926     0.065     2.138     2.287
    29   1 H      0.926     0.037     2.491     2.468
    30   1 H      0.926     0.037     2.487     2.466
    31   6 C      1.982    -0.021    31.626     9.082
    32   6 C      1.980    -0.038    32.061     9.144
    33   6 C      2.965     0.043    27.022     8.527
    34   6 C      2.924    -0.022    28.559     8.764
    35   6 C      2.914    -0.017    28.425     8.743
    36   6 C      2.914    -0.032    28.787     8.798
    37   6 C      2.989     0.028    27.360     8.580
    38   6 C      2.912    -0.032    28.791     8.799
    39   6 C      2.911     0.045    26.995     8.520
    40   7 N      2.680    -0.066    22.533     7.050
    41   6 C      2.916     0.059    26.686     8.471
    42   6 C      2.988    -0.003    28.083     8.693
    43   1 H      0.926     0.062     2.174     2.305
    44   1 H      0.926     0.055     2.254     2.348
    45   1 H      0.926     0.061     2.181     2.310
    46   1 H      0.926     0.089     1.890     2.150
    47   1 H      0.925     0.132     1.517     1.926
    48   1 H      0.924     0.118     1.632     1.998
    49   6 C      1.982    -0.022    31.652     9.086
    50   6 C      1.981    -0.035    31.979     9.132
    51   6 C      2.966     0.043    27.024     8.527
    52   6 C      2.922    -0.018    28.469     8.750
    53   6 C      2.914    -0.019    28.484     8.752
    54   6 C      2.914    -0.030    28.758     8.794
    55   6 C      2.981     0.000    28.015     8.682
    56   6 C      2.907     0.060    26.651     8.465
    57   7 N      2.674    -0.111    23.426     7.188
    58   6 C      3.001     0.042    27.050     8.532
    59   6 C      2.911    -0.030    28.756     8.793
    60   6 C      3.000     0.009    27.796     8.648
    61   1 H      0.926     0.062     2.172     2.305
    62   1 H      0.926     0.059     2.208     2.323
    63   1 H      0.926     0.071     2.075     2.253
    64   1 H      0.925     0.121     1.607     1.982
    65   1 H      0.924     0.133     1.515     1.925
    66   1 H      0.926     0.103     1.762     2.076
    67   6 C      2.971     0.038    27.146     8.546
    68   6 C      2.923    -0.025    28.636     8.776
    69   6 C      2.927    -0.025    28.640     8.776
    70   6 C      2.971     0.038    27.148     8.547
    71   6 C      2.923    -0.035    28.876     8.812
    72   6 C      2.926    -0.035    28.865     8.811
    73   1 H      0.926     0.038     2.478     2.462
    74   1 H      0.926     0.037     2.483     2.464
    75   1 H      0.926     0.076     2.018     2.222
    76   1 H      0.926     0.072     2.067     2.248
    77   6 C      1.983    -0.019    31.555     9.072
    78   6 C      1.983    -0.038    32.067     9.145
    79   6 C      2.965     0.044    27.000     8.523
    80   6 C      2.930    -0.023    28.581     8.768
    81   6 C      2.914    -0.016    28.420     8.742
    82   6 C      2.915    -0.032    28.804     8.801
    83   6 C      2.991     0.026    27.413     8.589
    84   6 C      2.912    -0.034    28.847     8.807
    85   6 C      2.948     0.046    26.969     8.518
    86   7 N      2.661    -0.097    23.153     7.146
    87   6 C      2.883     0.061    26.638     8.461
    88   6 C      2.984    -0.004    28.120     8.699
    89   1 H      0.926     0.063     2.170     2.303
    90   1 H      0.926     0.057     2.234     2.337
    91   1 H      0.926     0.063     2.165     2.301
    92   1 H      0.926     0.090     1.878     2.143
    93   1 H      0.924     0.122     1.596     1.975
    94   1 H      0.925     0.122     1.597     1.976
    95   6 C      1.982    -0.021    31.605     9.079
    96   6 C      1.981    -0.033    31.946     9.128
    97   6 C      2.965     0.045    26.984     8.521
    98   6 C      2.923    -0.017    28.433     8.744
    99   6 C      2.914    -0.018    28.457     8.748
   100   6 C      2.914    -0.030    28.745     8.792
   101   6 C      2.981    -0.001    28.049     8.687
   102   6 C      2.904     0.072    26.389     8.423
   103   7 N      2.667    -0.187    25.063     7.435
   104   6 C      2.898     0.043    27.029     8.524
   105   6 C      2.912    -0.028    28.689     8.783
   106   6 C      2.999     0.012    27.745     8.640
   107   1 H      0.926     0.064     2.151     2.293
   108   1 H      0.926     0.062     2.171     2.304
   109   1 H      0.926     0.074     2.037     2.232
   110   1 H      0.925     0.122     1.595     1.975
   111   1 H      0.925     0.128     1.551     1.947
   112   1 H      0.926     0.106     1.729     2.056
   113   6 C      2.971     0.038    27.137     8.545
   114   6 C      2.924    -0.025    28.632     8.775
   115   6 C      2.926    -0.025    28.630     8.775
   116   6 C      2.971     0.038    27.150     8.547
   117   6 C      2.923    -0.035    28.872     8.812
   118   6 C      2.926    -0.034    28.845     8.808
   119   1 H      0.926     0.039     2.463     2.454
   120   1 H      0.926     0.038     2.481     2.463
   121   1 H      0.926     0.075     2.035     2.231
   122   1 H      0.926     0.072     2.065     2.247
   123   6 C      1.983    -0.019    31.571     9.074
   124   6 C      1.982    -0.038    32.069     9.145
   125   6 C      2.965     0.044    27.021     8.526
   126   6 C      2.927    -0.023    28.577     8.767
   127   6 C      2.914    -0.017    28.423     8.742
   128   6 C      2.915    -0.032    28.803     8.801
   129   6 C      2.990     0.027    27.397     8.586
   130   6 C      2.912    -0.034    28.846     8.807
   131   6 C      2.894     0.043    27.037     8.525
   132   7 N      2.662    -0.105    23.310     7.171
   133   6 C      2.903     0.063    26.594     8.456
   134   6 C      2.985    -0.005    28.137     8.701
   135   1 H      0.926     0.063     2.167     2.302
   136   1 H      0.926     0.056     2.240     2.341
   137   1 H      0.926     0.062     2.180     2.309
   138   1 H      0.926     0.087     1.906     2.159
   139   1 H      0.925     0.112     1.678     2.026
   140   1 H      0.925     0.125     1.571     1.960
   141   6 C      1.983    -0.023    31.653     9.086
   142   6 C      1.981    -0.035    31.979     9.132
   143   6 C      2.966     0.044    27.020     8.526
   144   6 C      2.922    -0.018    28.468     8.750
   145   6 C      2.914    -0.019    28.482     8.751
   146   6 C      2.914    -0.030    28.759     8.794
   147   6 C      2.981     0.001    27.999     8.680
   148   6 C      2.906     0.060    26.648     8.465
   149   7 N      2.675    -0.109    23.390     7.183
   150   6 C      2.996     0.042    27.051     8.532
   151   6 C      2.911    -0.030    28.752     8.793
   152   6 C      3.000     0.010    27.779     8.646
   153   1 H      0.926     0.062     2.173     2.305
   154   1 H      0.926     0.059     2.209     2.324
   155   1 H      0.926     0.071     2.075     2.253
   156   1 H      0.925     0.121     1.607     1.982
   157   1 H      0.924     0.132     1.517     1.926
   158   1 H      0.926     0.102     1.763     2.076
   159   6 C      2.971     0.038    27.146     8.546
   160   6 C      2.923    -0.025    28.636     8.775
   161   6 C      2.927    -0.025    28.639     8.776
   162   6 C      2.971     0.038    27.148     8.547
   163   6 C      2.923    -0.035    28.876     8.812
   164   6 C      2.927    -0.035    28.867     8.811
   165   1 H      0.926     0.037     2.483     2.464
   166   1 H      0.926     0.037     2.485     2.465
   167   1 H      0.926     0.076     2.017     2.221
   168   1 H      0.926     0.072     2.067     2.248
   169   6 C      1.983    -0.019    31.555     9.072
   170   6 C      1.983    -0.038    32.068     9.145
   171   6 C      2.965     0.045    26.999     8.523
   172   6 C      2.930    -0.023    28.581     8.767
   173   6 C      2.914    -0.016    28.419     8.742
   174   6 C      2.915    -0.032    28.803     8.801
   175   6 C      2.991     0.026    27.412     8.588
   176   6 C      2.912    -0.034    28.846     8.807
   177   6 C      2.949     0.046    26.969     8.518
   178   7 N      2.661    -0.097    23.147     7.145
   179   6 C      2.883     0.061    26.635     8.461
   180   6 C      2.984    -0.004    28.117     8.698
   181   1 H      0.926     0.062     2.170     2.304
   182   1 H      0.926     0.057     2.234     2.337
   183   1 H      0.926     0.063     2.164     2.300
   184   1 H      0.926     0.090     1.876     2.142
   185   1 H      0.924     0.122     1.596     1.975
   186   1 H      0.925     0.122     1.598     1.977

 Mol. C6AA /au·bohr⁶  :     580066.021125
 Mol. C8AA /au·bohr⁸  :   16368035.018185
 Mol. α(0) /au        :       1245.917022


Wiberg/Mayer (AO) data.
largest (>0.10) Wiberg bond orders for each atom
          total WBO             WBO to atom ...
     1  Pd  3.598        N   40 0.636    N  149 0.588    N   57 0.583    N  103 0.549    C   58 0.115    C  150 0.114
     2  Pd  3.520        N   11 0.620    N   86 0.593    N  178 0.593    N  132 0.579    C  177 0.103    C   85 0.102    C   12 0.101
     3  C   3.945        C    4 2.633    C   21 1.140
     4  C   3.942        C    3 2.633    C    5 1.144
     5  C   3.987        C    6 1.433    C   14 1.218    C    4 1.144
     6  C   3.961        C    5 1.433    C    7 1.351    H   15 0.968
     7  C   3.987        C    8 1.530    C    6 1.351    H   16 0.968
     8  C   3.940        C    7 1.530    C    9 1.274    H   17 0.965
     9  C   3.987        C   10 1.288    C    8 1.274    C   14 1.235
    10  C   3.964        N   11 1.451    C    9 1.288    H   18 0.918    C   13 0.103
    11  N   3.554        C   10 1.451    C   12 1.234    Pd   2 0.620
    12  C   3.960        C   13 1.546    N   11 1.234    H   19 0.891    Pd   2 0.101
    13  C   3.980        C   12 1.546    C   14 1.292    H   20 0.955    C   10 0.103
    14  C   3.979        C   13 1.292    C    9 1.235    C    5 1.218
    15  H   0.996        C    6 0.968
    16  H   0.995        C    7 0.968
    17  H   0.994        C    8 0.965
    18  H   0.986        C   10 0.918
    19  H   0.978        C   12 0.891
    20  H   0.988        C   13 0.955
    21  C   3.952        C   22 1.338    C   26 1.337    C    3 1.140
    22  C   3.970        C   23 1.486    C   21 1.338    H   27 0.965
    23  C   3.970        C   22 1.486    C   24 1.336    H   28 0.966
    24  C   3.953        C   25 1.336    C   23 1.336    C   31 1.142
    25  C   3.973        C   26 1.485    C   24 1.336    H   29 0.970
    26  C   3.974        C   25 1.485    C   21 1.337    H   30 0.970
    27  H   0.993        C   22 0.965
    28  H   0.995        C   23 0.966
    29  H   0.997        C   25 0.970
    30  H   0.997        C   26 0.970
    31  C   3.941        C   32 2.627    C   24 1.142
    32  C   3.943        C   31 2.627    C   33 1.149
    33  C   3.982        C   34 1.443    C   42 1.196    C   32 1.149
    34  C   3.964        C   33 1.443    C   35 1.351    H   43 0.968
    35  C   3.981        C   36 1.519    C   34 1.351    H   44 0.968
    36  C   3.944        C   35 1.519    C   37 1.292    H   45 0.966
    37  C   3.987        C   36 1.292    C   38 1.274    C   42 1.231
    38  C   3.977        C   39 1.550    C   37 1.274    H   46 0.960    C   41 0.105
    39  C   3.967        C   38 1.550    N   40 1.246    H   47 0.903
    40  N   3.561        C   41 1.424    C   39 1.246    Pd   1 0.636
    41  C   3.969        N   40 1.424    C   42 1.320    H   48 0.902    C   38 0.105
    42  C   3.978        C   41 1.320    C   37 1.231    C   33 1.196
    43  H   0.995        C   34 0.968
    44  H   0.995        C   35 0.968
    45  H   0.995        C   36 0.966
    46  H   0.991        C   38 0.960
    47  H   0.981        C   39 0.903
    48  H   0.985        C   41 0.902
    49  C   3.945        C   50 2.632    C   67 1.140
    50  C   3.943        C   49 2.632    C   51 1.144
    51  C   3.986        C   52 1.435    C   60 1.216    C   50 1.144
    52  C   3.960        C   51 1.435    C   53 1.350    H   61 0.968
    53  C   3.986        C   54 1.530    C   52 1.350    H   62 0.968
    54  C   3.943        C   53 1.530    C   55 1.274    H   63 0.965
    55  C   3.987        C   56 1.285    C   54 1.274    C   60 1.236
    56  C   3.960        N   57 1.443    C   55 1.285    H   64 0.919    C   59 0.100
    57  N   3.499        C   56 1.443    C   58 1.222    Pd   1 0.583
    58  C   3.964        C   59 1.545    N   57 1.222    H   65 0.892    Pd   1 0.115
    59  C   3.980        C   58 1.545    C   60 1.287    H   66 0.954    C   56 0.100
    60  C   3.978        C   59 1.287    C   55 1.236    C   51 1.216
    61  H   0.996        C   52 0.968
    62  H   0.995        C   53 0.968
    63  H   0.994        C   54 0.965
    64  H   0.984        C   56 0.919
    65  H   0.981        C   58 0.892
    66  H   0.988        C   59 0.954
    67  C   3.953        C   68 1.339    C   72 1.336    C   49 1.140
    68  C   3.974        C   69 1.484    C   67 1.339    H   73 0.969
    69  C   3.981        C   68 1.484    C   70 1.335    H   74 0.970
    70  C   3.953        C   71 1.338    C   69 1.335    C   77 1.141
    71  C   3.970        C   72 1.485    C   70 1.338    H   75 0.965
    72  C   3.971        C   71 1.485    C   67 1.336    H   76 0.966
    73  H   0.997        C   68 0.969
    74  H   0.997        C   69 0.970
    75  H   0.993        C   71 0.965
    76  H   0.994        C   72 0.966
    77  C   3.941        C   78 2.623    C   70 1.141
    78  C   3.941        C   77 2.623    C   79 1.149
    79  C   3.982        C   80 1.433    C   88 1.205    C   78 1.149
    80  C   3.973        C   79 1.433    C   81 1.359    H   89 0.967
    81  C   3.982        C   82 1.511    C   80 1.359    H   90 0.968
    82  C   3.945        C   81 1.511    C   83 1.299    H   91 0.966
    83  C   3.987        C   82 1.299    C   84 1.266    C   88 1.232
    84  C   3.978        C   85 1.565    C   83 1.266    H   92 0.960    C   87 0.101
    85  C   3.972        C   84 1.565    N   86 1.234    H   93 0.889    Pd   2 0.102
    86  N   3.527        C   87 1.442    C   85 1.234    Pd   2 0.593
    87  C   3.962        N   86 1.442    C   88 1.312    H   94 0.924    C   84 0.101
    88  C   3.978        C   87 1.312    C   83 1.232    C   79 1.205
    89  H   0.995        C   80 0.967
    90  H   0.995        C   81 0.968
    91  H   0.995        C   82 0.966
    92  H   0.991        C   84 0.960
    93  H   0.984        C   85 0.889
    94  H   0.984        C   87 0.924
    95  C   3.945        C   96 2.631    C  113 1.141
    96  C   3.943        C   95 2.631    C   97 1.145
    97  C   3.987        C   98 1.435    C  106 1.214    C   96 1.145
    98  C   3.960        C   97 1.435    C   99 1.348    H  107 0.968
    99  C   3.986        C  100 1.532    C   98 1.348    H  108 0.967
   100  C   3.939        C   99 1.532    C  101 1.270    H  109 0.964
   101  C   3.987        C  102 1.298    C  100 1.270    C  106 1.230
   102  C   3.960        N  103 1.432    C  101 1.298    H  110 0.908    C  105 0.102
   103  N   3.474        C  102 1.432    C  104 1.234    Pd   1 0.549
   104  C   3.957        C  105 1.542    N  103 1.234    H  111 0.908
   105  C   3.980        C  104 1.542    C  106 1.296    H  112 0.954    C  102 0.102
   106  C   3.980        C  105 1.296    C  101 1.230    C   97 1.214
   107  H   0.995        C   98 0.968
   108  H   0.994        C   99 0.967
   109  H   0.993        C  100 0.964
   110  H   0.984        C  102 0.908
   111  H   0.982        C  104 0.908
   112  H   0.988        C  105 0.954
   113  C   3.952        C  114 1.338    C  118 1.335    C   95 1.141
   114  C   3.974        C  115 1.485    C  113 1.338    H  119 0.969
   115  C   3.973        C  114 1.485    C  116 1.335    H  120 0.970
   116  C   3.953        C  117 1.336    C  115 1.335    C  123 1.143
   117  C   3.969        C  118 1.487    C  116 1.336    H  121 0.965
   118  C   3.970        C  117 1.487    C  113 1.335    H  122 0.966
   119  H   0.997        C  114 0.969
   120  H   0.997        C  115 0.970
   121  H   0.993        C  117 0.965
   122  H   0.994        C  118 0.966
   123  C   3.941        C  124 2.624    C  116 1.143
   124  C   3.943        C  123 2.624    C  125 1.150
   125  C   3.983        C  126 1.438    C  134 1.198    C  124 1.150
   126  C   3.964        C  125 1.438    C  127 1.354    H  135 0.968
   127  C   3.982        C  128 1.517    C  126 1.354    H  136 0.968
   128  C   3.944        C  127 1.517    C  129 1.294    H  137 0.966
   129  C   3.988        C  128 1.294    C  130 1.274    C  134 1.229
   130  C   3.978        C  131 1.552    C  129 1.274    H  138 0.960    C  133 0.105
   131  C   3.969        C  130 1.552    N  132 1.252    H  139 0.915
   132  N   3.518        C  133 1.428    C  131 1.252    Pd   2 0.579
   133  C   3.967        N  132 1.428    C  134 1.322    H  140 0.906    C  130 0.105
   134  C   3.979        C  133 1.322    C  129 1.229    C  125 1.198
   135  H   0.995        C  126 0.968
   136  H   0.995        C  127 0.968
   137  H   0.995        C  128 0.966
   138  H   0.991        C  130 0.960
   139  H   0.986        C  131 0.915
   140  H   0.983        C  133 0.906
   141  C   3.944        C  142 2.632    C  159 1.140
   142  C   3.943        C  141 2.632    C  143 1.144
   143  C   3.986        C  144 1.436    C  152 1.215    C  142 1.144
   144  C   3.960        C  143 1.436    C  145 1.350    H  153 0.968
   145  C   3.986        C  146 1.530    C  144 1.350    H  154 0.968
   146  C   3.944        C  145 1.530    C  147 1.274    H  155 0.965
   147  C   3.987        C  148 1.285    C  146 1.274    C  152 1.236
   148  C   3.960        N  149 1.443    C  147 1.285    H  156 0.919    C  151 0.100
   149  N   3.505        C  148 1.443    C  150 1.223    Pd   1 0.588
   150  C   3.964        C  151 1.545    N  149 1.223    H  157 0.891    Pd   1 0.114
   151  C   3.980        C  150 1.545    C  152 1.288    H  158 0.954    C  148 0.100
   152  C   3.981        C  151 1.288    C  147 1.236    C  143 1.215
   153  H   0.996        C  144 0.968
   154  H   0.995        C  145 0.968
   155  H   0.994        C  146 0.965
   156  H   0.984        C  148 0.919
   157  H   0.981        C  150 0.891
   158  H   0.988        C  151 0.954
   159  C   3.953        C  160 1.340    C  164 1.335    C  141 1.140
   160  C   3.974        C  161 1.483    C  159 1.340    H  165 0.970
   161  C   3.981        C  160 1.483    C  162 1.336    H  166 0.970
   162  C   3.953        C  163 1.337    C  161 1.336    C  169 1.141
   163  C   3.970        C  164 1.486    C  162 1.337    H  167 0.965
   164  C   3.974        C  163 1.486    C  159 1.335    H  168 0.966
   165  H   0.997        C  160 0.970
   166  H   0.997        C  161 0.970
   167  H   0.993        C  163 0.965
   168  H   0.994        C  164 0.966
   169  C   3.941        C  170 2.623    C  162 1.141
   170  C   3.941        C  169 2.623    C  171 1.148
   171  C   3.982        C  172 1.433    C  180 1.205    C  170 1.148
   172  C   3.973        C  171 1.433    C  173 1.359    H  181 0.967
   173  C   3.982        C  174 1.512    C  172 1.359    H  182 0.968
   174  C   3.945        C  173 1.512    C  175 1.299    H  183 0.966
   175  C   3.987        C  174 1.299    C  176 1.266    C  180 1.232
   176  C   3.978        C  177 1.565    C  175 1.266    H  184 0.960    C  179 0.101
   177  C   3.972        C  176 1.565    N  178 1.234    H  185 0.888    Pd   2 0.103
   178  N   3.527        C  179 1.443    C  177 1.234    Pd   2 0.593
   179  C   3.962        N  178 1.443    C  180 1.312    H  186 0.924    C  176 0.101
   180  C   3.979        C  179 1.312    C  175 1.232    C  171 1.205
   181  H   0.995        C  172 0.967
   182  H   0.995        C  173 0.968
   183  H   0.995        C  174 0.966
   184  H   0.991        C  176 0.960
   185  H   0.984        C  177 0.888
   186  H   0.984        C  179 0.924

molecular dipole:
                 x           y           z       tot (Debye)
 q only:        2.598      -4.285      -1.094
   full:        2.102      -4.332      -1.029      12.515
molecular quadrupole (traceless):
                xx          xy          yy          xz          yz          zz
 q only:     -246.363      85.997     543.675     -13.946     -48.631    -297.312
  q+dip:     -258.719      87.078     593.922     -17.418     -52.725    -335.203
   full:     -249.058      90.891     555.496     -15.003     -49.885    -306.438

           -------------------------------------------------
          |               Frequency Printout                |
           -------------------------------------------------
 projected vibrational frequencies (cm-1)
eigval :       -0.00    -0.00    -0.00     0.00     0.00     0.00
eigval :        2.05     4.24     7.75     8.70    10.82    11.54
eigval :       12.61    14.41    15.52    15.89    16.76    17.75
eigval :       18.97    20.53    22.79    25.82    27.03    30.86
eigval :       37.30    37.96    42.84    44.90    47.08    47.71
eigval :       50.52    53.19    57.06    59.90    65.76    66.88
eigval :       67.98    72.21    74.14    78.07    78.59    82.12
eigval :       84.84    93.21    94.68    95.42   101.92   103.43
eigval :      106.52   108.81   111.53   117.43   118.47   120.04
eigval :      124.95   125.78   126.67   134.29   134.72   139.88
eigval :      142.03   144.70   151.36   154.02   155.46   157.61
eigval :      159.30   161.62   163.41   165.35   166.53   174.52
eigval :      175.02   175.83   180.38   189.85   193.37   195.55
eigval :      198.71   200.20   206.36   212.41   222.76   225.67
eigval :      246.55   248.38   253.88   256.05   259.90   268.73
eigval :      276.24   282.22   289.81   291.36   296.17   298.89
eigval :      300.85   305.36   308.34   308.94   309.83   317.83
eigval :      321.98   327.11   330.20   331.48   335.23   337.90
eigval :      344.12   345.88   349.62   354.04   356.77   361.94
eigval :      362.88   364.33   368.03   379.90   391.06   392.16
eigval :      393.63   394.51   395.29   396.40   400.08   414.96
eigval :      430.87   431.02   431.16   431.29   435.71   436.44
eigval :      436.51   436.71   437.52   437.81   448.02   450.74
eigval :      451.62   452.96   454.92   457.44   468.23   469.52
eigval :      469.72   471.16   471.49   472.13   473.47   473.57
eigval :      475.70   475.84   475.93   477.64   482.23   483.81
eigval :      484.85   497.31   507.66   508.50   509.25   511.28
eigval :      511.59   513.80   515.25   517.16   517.50   518.14
eigval :      522.16   525.42   531.82   534.68   536.23   537.05
eigval :      540.01   541.96   542.86   543.21   550.49   556.00
eigval :      556.86   565.05   570.65   574.83   576.89   611.13
eigval :      611.57   611.87   611.90   612.05   612.22   612.59
eigval :      620.08   621.34   622.97   624.51   624.91   625.17
eigval :      625.75   626.47   629.16   665.60   675.23   675.28
eigval :      675.42   676.35   688.79   689.29   689.74   691.60
eigval :      724.11   724.31   725.09   725.11   725.40   725.78
eigval :      726.19   728.87   764.37   764.60   765.19   767.44
eigval :      772.00   774.99   777.10   777.45   778.24   779.17
eigval :      779.63   781.76   793.90   795.41   797.68   800.22
eigval :      800.94   802.36   804.44   805.24   808.93   810.20
eigval :      811.53   812.23   814.05   818.41   821.25   824.06
eigval :      827.38   828.78   828.91   831.98   832.23   832.30
eigval :      834.33   838.10   851.15   854.52   854.66   857.12
eigval :      857.43   858.84   858.89   859.20   861.50   864.25
eigval :      866.82   867.24   876.10   880.53   881.71   884.60
eigval :      886.61   887.48   890.61   891.64   892.10   892.29
eigval :      892.96   892.98   893.94   894.31   894.34   895.44
eigval :      895.63   896.87   897.06   899.52   899.82   901.39
eigval :      901.80   903.74   904.17   906.66   909.86   912.54
eigval :      923.93   924.21   924.44   924.79   932.74   933.01
eigval :      933.48   933.54   934.19   934.64   934.70   935.36
eigval :      995.61   996.39   996.48   997.06  1038.64  1039.66
eigval :     1040.27  1041.18  1048.36  1049.11  1049.91  1050.05
eigval :     1066.84  1067.23  1072.72  1072.97  1074.39  1080.28
eigval :     1082.69  1088.76  1107.35  1107.41  1107.65  1108.97
eigval :     1109.83  1111.14  1111.21  1111.30  1125.76  1126.44
eigval :     1127.00  1127.88  1149.57  1152.64  1153.25  1156.82
eigval :     1157.60  1158.82  1166.19  1168.74  1170.41  1170.48
eigval :     1171.02  1172.84  1173.67  1173.81  1174.47  1174.59
eigval :     1183.62  1184.39  1185.09  1187.83  1189.67  1190.80
eigval :     1191.86  1195.24  1200.46  1200.98  1201.68  1203.62
eigval :     1212.28  1212.53  1215.00  1215.93  1216.23  1216.70
eigval :     1217.80  1219.23  1220.68  1220.93  1221.48  1222.01
eigval :     1222.24  1223.94  1225.90  1232.23  1253.34  1253.62
eigval :     1253.82  1254.06  1285.45  1286.45  1287.10  1289.97
eigval :     1295.21  1296.67  1297.63  1300.67  1306.35  1306.80
eigval :     1307.21  1307.64  1312.96  1313.43  1314.72  1316.63
eigval :     1320.92  1322.46  1322.99  1327.59  1348.92  1350.16
eigval :     1351.16  1353.23  1361.48  1363.00  1364.94  1366.56
eigval :     1370.20  1370.70  1372.65  1372.92  1375.52  1376.30
eigval :     1378.13  1378.56  1395.35  1395.40  1395.54  1396.21
eigval :     1396.89  1397.86  1398.17  1398.99  1400.12  1400.66
eigval :     1401.73  1403.43  1421.92  1423.91  1424.79  1426.66
eigval :     1439.13  1440.89  1441.48  1442.56  1462.63  1463.17
eigval :     1466.09  1467.35  1468.34  1468.82  1471.36  1477.85
eigval :     1489.10  1489.17  1489.42  1492.27  1525.94  1527.34
eigval :     1528.24  1528.30  1528.48  1528.67  1528.74  1530.13
eigval :     1536.39  1536.47  1537.01  1539.25  1552.13  1555.48
eigval :     1556.14  1558.28  1558.40  1558.75  1560.19  1563.08
eigval :     1565.05  1565.36  1566.37  1567.74  1570.01  1570.16
eigval :     1571.21  1577.49  1578.08  1578.24  1578.55  1601.99
eigval :     2290.32  2290.41  2291.09  2291.55  2299.85  2299.95
eigval :     2300.10  2300.36  2923.47  2930.41  2947.61  2949.78
eigval :     2950.55  2961.95  2973.32  2974.50  2992.25  3003.74
eigval :     3011.76  3012.79  3018.47  3022.77  3028.92  3029.01
eigval :     3083.51  3083.90  3083.91  3084.01  3091.86  3092.64
eigval :     3093.53  3093.70  3094.05  3094.36  3094.88  3094.97
eigval :     3095.43  3095.67  3095.71  3095.91  3098.36  3100.33
eigval :     3101.09  3101.96  3102.11  3102.29  3103.04  3103.26
eigval :     3103.42  3103.45  3103.58  3106.73  3107.72  3108.19
eigval :     3108.83  3109.13  3110.68  3110.70  3110.80  3110.87
eigval :     3110.96  3111.19  3111.68  3111.76  3112.26  3112.32
eigval :     3112.62  3113.49  3113.58  3113.79  3117.88  3119.60
 reduced masses (amu)
   1: 23.22   2: 22.08   3: 18.69   4: 21.34   5: 22.66   6: 20.94   7: 11.92   8: 11.70
   9: 14.76  10: 17.97  11: 13.08  12: 13.49  13: 16.83  14: 15.25  15: 11.26  16: 15.94
  17: 10.67  18: 18.38  19: 11.21  20: 20.76  21: 11.03  22: 13.19  23: 11.07  24: 14.75
  25: 17.92  26: 23.02  27: 14.44  28: 12.96  29: 12.64  30: 12.28  31: 17.68  32: 11.97
  33: 13.17  34: 11.24  35: 21.17  36: 13.17  37: 11.12  38: 11.83  39: 10.55  40: 12.62
  41: 12.52  42: 13.10  43: 10.91  44: 13.12  45: 12.38  46: 11.96  47: 12.52  48: 11.77
  49: 11.07  50: 12.08  51: 12.81  52: 13.69  53: 12.18  54: 11.88  55: 11.91  56: 11.09
  57: 12.62  58: 11.49  59: 12.09  60: 11.47  61: 11.22  62: 15.07  63: 13.41  64: 19.19
  65: 11.69  66: 16.47  67: 11.94  68: 10.50  69: 12.64  70: 10.88  71: 10.72  72: 11.49
  73: 11.06  74: 11.87  75: 10.83  76: 11.26  77: 12.60  78: 26.84  79: 29.40  80: 33.04
  81: 15.73  82: 59.28  83: 51.10  84: 11.45  85: 25.29  86: 16.90  87: 11.25  88: 14.28
  89: 53.02  90: 17.00  91: 31.00  92: 31.06  93: 17.69  94: 13.79  95: 11.53  96: 25.75
  97: 11.90  98: 16.29  99: 17.19 100: 13.17 101: 15.48 102: 18.47 103: 12.68 104: 11.74
 105: 13.26 106: 11.23 107: 11.40 108: 17.81 109: 11.90 110: 13.83 111: 11.77 112: 12.85
 113: 13.41 114:  8.91 115:  8.94 116:  8.97 117:  9.01 118: 12.70 119:  9.58 120:  9.36
 121:  9.66 122:  9.58 123:  9.46 124:  9.57 125:  9.59 126: 13.98 127: 11.88 128: 11.87
 129: 11.89 130: 11.89 131: 10.75 132: 11.31 133: 11.45 134: 11.03 135: 10.89 136: 11.32
 137: 10.37 138: 11.02 139: 11.38 140: 10.86 141: 11.34 142: 11.23 143: 11.54 144: 11.83
 145: 11.73 146: 11.24 147: 11.14 148: 11.56 149: 11.34 150: 11.72 151: 11.22 152: 11.26
 153: 11.15 154: 11.22 155: 11.46 156: 12.73 157: 12.12 158: 11.55 159:  9.27 160:  9.42
 161: 10.00 162: 10.21 163: 10.32 164: 11.84 165: 11.53 166: 11.69 167: 11.45 168: 12.38
 169: 12.06 170: 11.55 171: 10.05 172: 10.17 173: 10.37 174: 10.31 175: 11.02 176: 10.90
 177: 10.87 178: 10.95 179: 11.57 180: 12.72 181: 12.62 182: 11.77 183: 11.77 184: 12.52
 185: 12.68 186: 11.50 187: 11.05 188: 11.32 189: 11.07 190: 11.03 191: 11.41 192: 11.41
 193: 11.21 194: 11.41 195: 11.15 196: 11.26 197: 11.68 198: 11.44 199: 11.66 200: 11.65
 201: 11.49 202: 12.05 203: 11.22 204: 11.22 205: 11.23 206: 11.25 207: 11.24 208: 11.24
 209: 11.24 210: 11.34 211: 10.60 212: 10.56 213: 10.65 214: 10.57 215: 10.67 216: 10.71
 217: 10.72 218: 10.97 219: 10.74 220: 10.99 221: 11.12 222: 11.07 223:  3.94 224:  4.59
 225:  4.08 226:  3.86 227:  4.14 228:  4.64 229:  3.84 230:  4.31 231: 11.06 232: 11.22
 233: 11.19 234: 10.19 235: 11.41 236: 11.52 237: 11.36 238:  4.98 239:  4.56 240:  4.36
 241:  6.20 242:  9.10 243:  4.81 244:  3.89 245:  4.04 246:  6.85 247:  4.06 248:  4.83
 249:  3.64 250: 10.64 251: 10.51 252: 10.68 253:  4.49 254: 10.33 255:  4.56 256:  3.49
 257:  4.43 258:  3.57 259:  3.97 260:  4.44 261:  4.30 262:  3.32 263:  3.36 264:  4.41
 265:  4.15 266:  4.16 267: 10.37 268:  9.62 269:  9.56 270: 10.68 271:  9.19 272:  6.43
 273:  3.85 274:  3.67 275:  9.09 276:  5.07 277:  4.28 278:  3.86 279:  4.07 280:  4.07
 281:  4.00 282:  4.07 283:  4.11 284:  4.61 285:  9.36 286:  4.47 287:  6.91 288:  3.93
 289:  3.98 290:  3.31 291:  3.70 292:  3.22 293:  8.79 294:  2.99 295:  3.73 296:  3.75
 297:  3.77 298:  3.65 299:  3.68 300:  3.68 301:  3.71 302:  3.68 303:  3.69 304:  3.69
 305:  3.69 306:  3.68 307:  9.98 308:  9.95 309:  9.92 310:  9.96 311: 10.13 312: 10.06
 313: 10.24 314: 10.12 315:  9.04 316:  8.91 317:  8.85 318:  9.05 319:  7.57 320:  7.26
 321:  7.28 322:  7.29 323:  7.11 324:  7.00 325:  7.06 326:  6.96 327:  6.21 328:  5.99
 329:  5.98 330:  6.00 331:  6.17 332:  6.07 333:  6.11 334:  6.10 335:  3.14 336:  3.14
 337:  3.15 338:  3.17 339:  3.13 340:  3.13 341:  3.18 342:  3.19 343:  3.31 344:  3.46
 345:  4.34 346:  4.28 347:  3.28 348:  3.36 349:  3.64 350:  2.62 351:  3.96 352:  3.92
 353:  4.12 354:  3.31 355:  2.49 356:  2.39 357:  2.45 358:  2.66 359:  4.34 360:  4.42
 361:  4.20 362:  4.04 363:  4.76 364:  4.81 365:  5.00 366:  5.10 367:  4.58 368:  4.38
 369:  5.65 370:  5.28 371:  5.52 372:  6.86 373:  5.64 374:  7.65 375:  4.93 376:  6.07
 377:  6.34 378:  6.97 379:  6.10 380:  7.29 381:  6.06 382:  5.40 383:  3.24 384:  3.22
 385:  3.22 386:  3.22 387:  6.95 388:  6.85 389:  6.81 390:  6.68 391:  8.27 392:  8.49
 393:  8.33 394:  8.40 395: 11.19 396: 11.14 397: 11.11 398: 11.00 399:  9.97 400:  9.77
 401:  9.59 402:  9.82 403: 10.20 404: 10.10 405: 10.32 406: 10.58 407:  9.94 408: 10.07
 409:  9.98 410:  9.90 411: 10.34 412: 10.16 413: 10.23 414: 10.03 415:  9.84 416:  9.63
 417:  9.84 418: 10.02 419: 10.41 420: 10.45 421: 10.45 422: 10.36 423: 10.37 424: 10.41
 425: 10.36 426: 10.35 427: 11.28 428: 11.43 429: 11.19 430: 10.81 431: 10.81 432: 10.90
 433: 10.87 434: 11.33 435: 10.36 436: 10.43 437: 10.28 438: 10.25 439: 10.94 440: 11.00
 441: 11.07 442: 11.00 443: 11.37 444: 11.35 445: 11.27 446: 11.02 447: 11.08 448: 11.14
 449: 11.02 450: 11.17 451: 10.70 452: 10.69 453: 10.74 454: 11.02 455: 11.76 456: 11.75
 457: 11.62 458: 11.61 459: 11.78 460: 11.62 461: 11.62 462: 11.77 463: 11.63 464: 11.66
 465: 11.70 466: 11.82 467: 11.74 468: 11.68 469: 11.64 470: 11.46 471: 11.47 472: 11.57
 473: 11.51 474: 11.41 475: 11.49 476: 11.45 477: 11.49 478: 11.52 479: 11.52 480: 11.55
 481: 11.56 482: 11.49 483: 11.48 484: 11.49 485: 11.49 486: 11.71 487: 12.01 488: 12.01
 489: 12.01 490: 12.01 491: 12.01 492: 12.01 493: 12.01 494: 12.01 495:  1.85 496:  1.85
 497:  1.85 498:  1.86 499:  1.86 500:  1.83 501:  1.84 502:  1.86 503:  1.85 504:  1.84
 505:  1.84 506:  1.84 507:  1.84 508:  1.85 509:  1.84 510:  1.84 511:  1.78 512:  1.78
 513:  1.78 514:  1.78 515:  1.78 516:  1.78 517:  1.78 518:  1.78 519:  1.78 520:  1.78
 521:  1.78 522:  1.78 523:  1.88 524:  1.88 525:  1.88 526:  1.88 527:  1.79 528:  1.79
 529:  1.79 530:  1.84 531:  1.83 532:  1.84 533:  1.83 534:  1.84 535:  1.84 536:  1.83
 537:  1.84 538:  1.78 539:  1.90 540:  1.90 541:  1.90 542:  1.90 543:  1.90 544:  1.89
 545:  1.87 546:  1.89 547:  1.90 548:  1.86 549:  1.88 550:  1.86 551:  1.88 552:  1.87
 553:  1.88 554:  1.85 555:  1.86 556:  1.85 557:  1.88 558:  1.86
 IR intensities (amu)
   1:  0.51   2:  0.34   3:  0.28   4:  0.63   5:  0.53   6:  0.40   7:  0.16   8:  0.02
   9:  0.46  10:  0.45  11:  0.11  12:  0.12  13:  0.02  14:  0.23  15:  0.01  16:  0.05
  17:  0.11  18:  0.08  19:  0.03  20:  0.03  21:  0.04  22:  0.16  23:  0.04  24:  0.16
  25:  0.14  26:  0.12  27:  0.28  28:  0.05  29:  0.13  30:  0.10  31:  0.07  32:  0.05
  33:  0.14  34:  0.02  35:  0.10  36:  0.16  37:  0.07  38:  0.04  39:  0.03  40:  0.02
  41:  0.02  42:  0.10  43:  0.03  44:  0.13  45:  0.10  46:  0.01  47:  0.09  48:  0.09
  49:  0.04  50:  0.14  51:  0.20  52:  0.07  53:  0.15  54:  0.10  55:  0.10  56:  0.10
  57:  0.20  58:  0.12  59:  0.18  60:  0.06  61:  0.06  62:  0.16  63:  0.06  64:  0.15
  65:  0.07  66:  0.24  67:  0.08  68:  0.11  69:  0.21  70:  0.03  71:  0.05  72:  0.14
  73:  0.22  74:  0.23  75:  0.12  76:  0.05  77:  0.28  78:  0.55  79:  0.84  80:  0.91
  81:  0.38  82:  0.57  83:  0.37  84:  0.09  85:  0.36  86:  0.41  87:  0.12  88:  0.32
  89:  1.09  90:  0.47  91:  0.38  92:  0.15  93:  0.34  94:  0.32  95:  0.02  96:  0.72
  97:  0.06  98:  0.37  99:  0.51 100:  0.27 101:  0.18 102:  0.06 103:  0.12 104:  0.20
 105:  0.30 106:  0.06 107:  0.04 108:  0.47 109:  0.04 110:  0.14 111:  0.03 112:  0.06
 113:  0.10 114:  0.01 115:  0.02 116:  0.03 117:  0.02 118:  0.13 119:  0.04 120:  0.05
 121:  0.12 122:  0.10 123:  0.02 124:  0.05 125:  0.03 126:  0.22 127:  0.12 128:  0.11
 129:  0.11 130:  0.17 131:  0.08 132:  0.04 133:  0.11 134:  0.02 135:  0.11 136:  0.06
 137:  0.01 138:  0.13 139:  0.16 140:  0.23 141:  0.10 142:  0.09 143:  0.15 144:  0.08
 145:  0.14 146:  0.04 147:  0.08 148:  0.21 149:  0.09 150:  0.15 151:  0.07 152:  0.08
 153:  0.08 154:  0.10 155:  0.25 156:  0.26 157:  0.10 158:  0.07 159:  0.06 160:  0.02
 161:  0.22 162:  0.13 163:  0.16 164:  0.26 165:  0.27 166:  0.03 167:  0.07 168:  0.49
 169:  0.22 170:  0.13 171:  0.04 172:  0.02 173:  0.20 174:  0.08 175:  0.12 176:  0.03
 177:  0.05 178:  0.03 179:  0.17 180:  0.07 181:  0.09 182:  0.26 183:  0.32 184:  0.78
 185:  0.86 186:  0.90 187:  0.24 188:  0.26 189:  0.09 190:  0.13 191:  0.07 192:  0.11
 193:  0.16 194:  0.08 195:  0.45 196:  0.31 197:  0.15 198:  0.30 199:  0.07 200:  0.21
 201:  0.11 202:  0.37 203:  0.01 204:  0.01 205:  0.10 206:  0.03 207:  0.23 208:  0.20
 209:  0.07 210:  0.14 211:  0.01 212:  0.03 213:  0.13 214:  0.10 215:  0.06 216:  0.09
 217:  0.11 218:  0.31 219:  0.01 220:  0.06 221:  0.06 222:  0.33 223:  0.03 224:  0.01
 225:  0.04 226:  0.10 227:  0.03 228:  0.08 229:  0.03 230:  0.01 231:  0.10 232:  0.14
 233:  0.04 234:  0.21 235:  0.17 236:  0.50 237:  0.39 238:  0.16 239:  0.02 240:  0.47
 241:  0.29 242:  0.10 243:  0.04 244:  0.16 245:  0.41 246:  0.31 247:  0.33 248:  0.25
 249:  0.11 250:  0.30 251:  0.32 252:  0.50 253:  0.25 254:  0.05 255:  0.16 256:  0.00
 257:  0.09 258:  0.03 259:  0.05 260:  0.07 261:  0.05 262:  0.11 263:  0.02 264:  0.08
 265:  0.04 266:  0.03 267:  0.27 268:  0.26 269:  0.21 270:  0.32 271:  0.30 272:  0.06
 273:  0.06 274:  0.07 275:  0.33 276:  0.12 277:  0.13 278:  0.05 279:  0.03 280:  0.04
 281:  0.02 282:  0.01 283:  0.02 284:  0.02 285:  0.05 286:  0.05 287:  0.19 288:  0.08
 289:  0.09 290:  0.03 291:  0.01 292:  0.01 293:  0.39 294:  0.02 295:  0.01 296:  0.02
 297:  0.02 298:  0.01 299:  0.02 300:  0.03 301:  0.02 302:  0.02 303:  0.02 304:  0.02
 305:  0.02 306:  0.02 307:  0.17 308:  0.11 309:  0.10 310:  0.26 311:  0.19 312:  0.17
 313:  0.19 314:  0.10 315:  0.41 316:  0.13 317:  0.68 318:  0.22 319:  0.71 320:  0.22
 321:  0.26 322:  0.50 323:  0.13 324:  0.58 325:  0.39 326:  0.41 327:  0.35 328:  0.25
 329:  0.31 330:  0.51 331:  0.38 332:  0.22 333:  0.40 334:  0.44 335:  0.07 336:  0.03
 337:  0.08 338:  0.09 339:  0.38 340:  0.53 341:  0.24 342:  0.44 343:  0.20 344:  0.20
 345:  0.43 346:  0.92 347:  0.17 348:  0.23 349:  0.44 350:  0.06 351:  0.14 352:  0.11
 353:  0.44 354:  0.30 355:  0.15 356:  0.22 357:  0.24 358:  0.17 359:  0.07 360:  0.14
 361:  0.65 362:  0.73 363:  0.23 364:  0.26 365:  0.21 366:  0.16 367:  0.06 368:  0.09
 369:  0.19 370:  0.10 371:  0.03 372:  0.18 373:  0.19 374:  0.08 375:  0.10 376:  0.04
 377:  0.14 378:  0.13 379:  0.26 380:  0.20 381:  0.29 382:  0.26 383:  0.07 384:  0.01
 385:  0.00 386:  0.13 387:  0.12 388:  0.04 389:  0.20 390:  0.34 391:  0.10 392:  0.18
 393:  0.09 394:  0.23 395:  0.08 396:  0.06 397:  0.14 398:  0.06 399:  0.10 400:  0.04
 401:  0.05 402:  0.11 403:  0.55 404:  0.28 405:  0.62 406:  0.79 407:  0.22 408:  0.10
 409:  0.97 410:  1.78 411:  0.35 412:  1.26 413:  2.00 414:  0.29 415:  0.81 416:  0.68
 417:  0.75 418:  0.84 419:  0.53 420:  0.17 421:  0.78 422:  1.48 423:  0.13 424:  0.23
 425:  0.11 426:  0.09 427:  1.33 428:  0.90 429:  0.68 430:  1.29 431:  1.10 432:  1.62
 433:  0.97 434:  1.24 435:  0.08 436:  1.44 437:  0.29 438:  1.67 439:  0.48 440:  0.05
 441:  0.33 442:  0.35 443:  0.49 444:  0.68 445:  0.50 446:  0.43 447:  0.25 448:  0.72
 449:  0.37 450:  0.79 451:  0.24 452:  0.12 453:  0.14 454:  0.55 455:  1.30 456:  0.41
 457:  0.13 458:  0.04 459:  1.74 460:  0.23 461:  0.33 462:  1.34 463:  1.51 464:  0.27
 465:  0.63 466:  1.04 467:  0.68 468:  0.32 469:  0.28 470:  1.12 471:  0.65 472:  1.06
 473:  1.39 474:  0.40 475:  0.13 476:  0.04 477:  0.09 478:  0.84 479:  1.01 480:  0.34
 481:  0.88 482:  0.26 483:  0.05 484:  0.20 485:  0.19 486:  0.58 487:  0.74 488:  1.57
 489:  1.04 490:  1.14 491:  0.66 492:  0.86 493:  2.84 494:  3.67 495:  0.12 496:  0.05
 497:  0.06 498:  0.05 499:  0.06 500:  0.18 501:  0.14 502:  0.04 503:  0.08 504:  0.07
 505:  0.06 506:  0.06 507:  0.07 508:  0.20 509:  0.17 510:  0.15 511:  0.16 512:  0.04
 513:  0.21 514:  0.16 515:  0.16 516:  0.15 517:  0.14 518:  0.15 519:  0.16 520:  0.16
 521:  0.13 522:  0.19 523:  0.25 524:  0.34 525:  0.34 526:  0.54 527:  0.12 528:  0.09
 529:  0.09 530:  0.18 531:  0.18 532:  0.20 533:  0.17 534:  0.10 535:  0.23 536:  0.17
 537:  0.24 538:  0.09 539:  0.37 540:  0.36 541:  0.32 542:  0.34 543:  0.17 544:  0.32
 545:  0.21 546:  0.11 547:  0.29 548:  0.16 549:  0.10 550:  0.11 551:  0.23 552:  0.24
 553:  0.14 554:  0.07 555:  0.03 556:  0.05 557:  0.15 558:  0.06
 Raman intensities (amu)
   1:  0.00   2:  0.00   3:  0.00   4:  0.00   5:  0.00   6:  0.00   7:  0.00   8:  0.00
   9:  0.00  10:  0.00  11:  0.00  12:  0.00  13:  0.00  14:  0.00  15:  0.00  16:  0.00
  17:  0.00  18:  0.00  19:  0.00  20:  0.00  21:  0.00  22:  0.00  23:  0.00  24:  0.00
  25:  0.00  26:  0.00  27:  0.00  28:  0.00  29:  0.00  30:  0.00  31:  0.00  32:  0.00
  33:  0.00  34:  0.00  35:  0.00  36:  0.00  37:  0.00  38:  0.00  39:  0.00  40:  0.00
  41:  0.00  42:  0.00  43:  0.00  44:  0.00  45:  0.00  46:  0.00  47:  0.00  48:  0.00
  49:  0.00  50:  0.00  51:  0.00  52:  0.00  53:  0.00  54:  0.00  55:  0.00  56:  0.00
  57:  0.00  58:  0.00  59:  0.00  60:  0.00  61:  0.00  62:  0.00  63:  0.00  64:  0.00
  65:  0.00  66:  0.00  67:  0.00  68:  0.00  69:  0.00  70:  0.00  71:  0.00  72:  0.00
  73:  0.00  74:  0.00  75:  0.00  76:  0.00  77:  0.00  78:  0.00  79:  0.00  80:  0.00
  81:  0.00  82:  0.00  83:  0.00  84:  0.00  85:  0.00  86:  0.00  87:  0.00  88:  0.00
  89:  0.00  90:  0.00  91:  0.00  92:  0.00  93:  0.00  94:  0.00  95:  0.00  96:  0.00
  97:  0.00  98:  0.00  99:  0.00 100:  0.00 101:  0.00 102:  0.00 103:  0.00 104:  0.00
 105:  0.00 106:  0.00 107:  0.00 108:  0.00 109:  0.00 110:  0.00 111:  0.00 112:  0.00
 113:  0.00 114:  0.00 115:  0.00 116:  0.00 117:  0.00 118:  0.00 119:  0.00 120:  0.00
 121:  0.00 122:  0.00 123:  0.00 124:  0.00 125:  0.00 126:  0.00 127:  0.00 128:  0.00
 129:  0.00 130:  0.00 131:  0.00 132:  0.00 133:  0.00 134:  0.00 135:  0.00 136:  0.00
 137:  0.00 138:  0.00 139:  0.00 140:  0.00 141:  0.00 142:  0.00 143:  0.00 144:  0.00
 145:  0.00 146:  0.00 147:  0.00 148:  0.00 149:  0.00 150:  0.00 151:  0.00 152:  0.00
 153:  0.00 154:  0.00 155:  0.00 156:  0.00 157:  0.00 158:  0.00 159:  0.00 160:  0.00
 161:  0.00 162:  0.00 163:  0.00 164:  0.00 165:  0.00 166:  0.00 167:  0.00 168:  0.00
 169:  0.00 170:  0.00 171:  0.00 172:  0.00 173:  0.00 174:  0.00 175:  0.00 176:  0.00
 177:  0.00 178:  0.00 179:  0.00 180:  0.00 181:  0.00 182:  0.00 183:  0.00 184:  0.00
 185:  0.00 186:  0.00 187:  0.00 188:  0.00 189:  0.00 190:  0.00 191:  0.00 192:  0.00
 193:  0.00 194:  0.00 195:  0.00 196:  0.00 197:  0.00 198:  0.00 199:  0.00 200:  0.00
 201:  0.00 202:  0.00 203:  0.00 204:  0.00 205:  0.00 206:  0.00 207:  0.00 208:  0.00
 209:  0.00 210:  0.00 211:  0.00 212:  0.00 213:  0.00 214:  0.00 215:  0.00 216:  0.00
 217:  0.00 218:  0.00 219:  0.00 220:  0.00 221:  0.00 222:  0.00 223:  0.00 224:  0.00
 225:  0.00 226:  0.00 227:  0.00 228:  0.00 229:  0.00 230:  0.00 231:  0.00 232:  0.00
 233:  0.00 234:  0.00 235:  0.00 236:  0.00 237:  0.00 238:  0.00 239:  0.00 240:  0.00
 241:  0.00 242:  0.00 243:  0.00 244:  0.00 245:  0.00 246:  0.00 247:  0.00 248:  0.00
 249:  0.00 250:  0.00 251:  0.00 252:  0.00 253:  0.00 254:  0.00 255:  0.00 256:  0.00
 257:  0.00 258:  0.00 259:  0.00 260:  0.00 261:  0.00 262:  0.00 263:  0.00 264:  0.00
 265:  0.00 266:  0.00 267:  0.00 268:  0.00 269:  0.00 270:  0.00 271:  0.00 272:  0.00
 273:  0.00 274:  0.00 275:  0.00 276:  0.00 277:  0.00 278:  0.00 279:  0.00 280:  0.00
 281:  0.00 282:  0.00 283:  0.00 284:  0.00 285:  0.00 286:  0.00 287:  0.00 288:  0.00
 289:  0.00 290:  0.00 291:  0.00 292:  0.00 293:  0.00 294:  0.00 295:  0.00 296:  0.00
 297:  0.00 298:  0.00 299:  0.00 300:  0.00 301:  0.00 302:  0.00 303:  0.00 304:  0.00
 305:  0.00 306:  0.00 307:  0.00 308:  0.00 309:  0.00 310:  0.00 311:  0.00 312:  0.00
 313:  0.00 314:  0.00 315:  0.00 316:  0.00 317:  0.00 318:  0.00 319:  0.00 320:  0.00
 321:  0.00 322:  0.00 323:  0.00 324:  0.00 325:  0.00 326:  0.00 327:  0.00 328:  0.00
 329:  0.00 330:  0.00 331:  0.00 332:  0.00 333:  0.00 334:  0.00 335:  0.00 336:  0.00
 337:  0.00 338:  0.00 339:  0.00 340:  0.00 341:  0.00 342:  0.00 343:  0.00 344:  0.00
 345:  0.00 346:  0.00 347:  0.00 348:  0.00 349:  0.00 350:  0.00 351:  0.00 352:  0.00
 353:  0.00 354:  0.00 355:  0.00 356:  0.00 357:  0.00 358:  0.00 359:  0.00 360:  0.00
 361:  0.00 362:  0.00 363:  0.00 364:  0.00 365:  0.00 366:  0.00 367:  0.00 368:  0.00
 369:  0.00 370:  0.00 371:  0.00 372:  0.00 373:  0.00 374:  0.00 375:  0.00 376:  0.00
 377:  0.00 378:  0.00 379:  0.00 380:  0.00 381:  0.00 382:  0.00 383:  0.00 384:  0.00
 385:  0.00 386:  0.00 387:  0.00 388:  0.00 389:  0.00 390:  0.00 391:  0.00 392:  0.00
 393:  0.00 394:  0.00 395:  0.00 396:  0.00 397:  0.00 398:  0.00 399:  0.00 400:  0.00
 401:  0.00 402:  0.00 403:  0.00 404:  0.00 405:  0.00 406:  0.00 407:  0.00 408:  0.00
 409:  0.00 410:  0.00 411:  0.00 412:  0.00 413:  0.00 414:  0.00 415:  0.00 416:  0.00
 417:  0.00 418:  0.00 419:  0.00 420:  0.00 421:  0.00 422:  0.00 423:  0.00 424:  0.00
 425:  0.00 426:  0.00 427:  0.00 428:  0.00 429:  0.00 430:  0.00 431:  0.00 432:  0.00
 433:  0.00 434:  0.00 435:  0.00 436:  0.00 437:  0.00 438:  0.00 439:  0.00 440:  0.00
 441:  0.00 442:  0.00 443:  0.00 444:  0.00 445:  0.00 446:  0.00 447:  0.00 448:  0.00
 449:  0.00 450:  0.00 451:  0.00 452:  0.00 453:  0.00 454:  0.00 455:  0.00 456:  0.00
 457:  0.00 458:  0.00 459:  0.00 460:  0.00 461:  0.00 462:  0.00 463:  0.00 464:  0.00
 465:  0.00 466:  0.00 467:  0.00 468:  0.00 469:  0.00 470:  0.00 471:  0.00 472:  0.00
 473:  0.00 474:  0.00 475:  0.00 476:  0.00 477:  0.00 478:  0.00 479:  0.00 480:  0.00
 481:  0.00 482:  0.00 483:  0.00 484:  0.00 485:  0.00 486:  0.00 487:  0.00 488:  0.00
 489:  0.00 490:  0.00 491:  0.00 492:  0.00 493:  0.00 494:  0.00 495:  0.00 496:  0.00
 497:  0.00 498:  0.00 499:  0.00 500:  0.00 501:  0.00 502:  0.00 503:  0.00 504:  0.00
 505:  0.00 506:  0.00 507:  0.00 508:  0.00 509:  0.00 510:  0.00 511:  0.00 512:  0.00
 513:  0.00 514:  0.00 515:  0.00 516:  0.00 517:  0.00 518:  0.00 519:  0.00 520:  0.00
 521:  0.00 522:  0.00 523:  0.00 524:  0.00 525:  0.00 526:  0.00 527:  0.00 528:  0.00
 529:  0.00 530:  0.00 531:  0.00 532:  0.00 533:  0.00 534:  0.00 535:  0.00 536:  0.00
 537:  0.00 538:  0.00 539:  0.00 540:  0.00 541:  0.00 542:  0.00 543:  0.00 544:  0.00
 545:  0.00 546:  0.00 547:  0.00 548:  0.00 549:  0.00 550:  0.00 551:  0.00 552:  0.00
 553:  0.00 554:  0.00 555:  0.00 556:  0.00 557:  0.00 558:  0.00
 output can be read by thermo (or use thermo option).
 writing <g98.out> molden fake output.
 recommended (thermochemical) frequency scaling factor: 1.0
           -------------------------------------------------
          |             Thermodynamic Functions             |
           -------------------------------------------------

Molecule has no symmetry elements
It seems to be the C1 point group
c1  symmetry found (for desy threshold:  0.10E+00) used in thermo

          ...................................................
          :                      SETUP                      :
          :.................................................:
          :  # frequencies                         552      :
          :  # imaginary freq.                       0      :
          :  linear?                             false      :
          :  only rotor calc.                    false      :
          :  symmetry                               c1      :
          :  rotational number                       1      :
          :  scaling factor                  1.0000000      :
          :  rotor cutoff                   50.0000000 cm⁻¹ :
          :  imag. cutoff                  -20.0000000 cm⁻¹ :
          :.................................................:

    mode    ω/cm⁻¹     T·S(HO)/kcal·mol⁻¹    T·S(FR)/kcal·mol⁻¹   T·S(vib)
   ------------------------------------------------------------------------
       1      2.05    -3.32716 (  0.00%)    -2.00266 (100.00%)    -2.00266
       2      4.24    -2.89694 (  0.01%)    -1.78757 ( 99.99%)    -1.78762
       3      7.75    -2.53925 (  0.06%)    -1.60872 ( 99.94%)    -1.60925
       4      8.70    -2.47111 (  0.09%)    -1.57464 ( 99.91%)    -1.57546
       5     10.82    -2.34186 (  0.22%)    -1.51001 ( 99.78%)    -1.51183
       6     11.54    -2.30341 (  0.28%)    -1.49078 ( 99.72%)    -1.49308
       7     12.61    -2.25111 (  0.40%)    -1.46462 ( 99.60%)    -1.46779
       8     14.41    -2.17222 (  0.68%)    -1.42516 ( 99.32%)    -1.43028
       9     15.52    -2.12817 (  0.92%)    -1.40313 ( 99.08%)    -1.40980
      10     15.89    -2.11402 (  1.01%)    -1.39605 ( 98.99%)    -1.40331
      11     16.76    -2.08260 (  1.25%)    -1.38033 ( 98.75%)    -1.38909
      12     17.75    -2.04867 (  1.56%)    -1.36336 ( 98.44%)    -1.37407
      13     18.97    -2.00924 (  2.03%)    -1.34363 ( 97.97%)    -1.35714
      14     20.53    -1.96238 (  2.77%)    -1.32018 ( 97.23%)    -1.33795
      15     22.79    -1.90061 (  4.14%)    -1.28927 ( 95.86%)    -1.31458
      16     25.82    -1.82673 (  6.64%)    -1.25229 ( 93.36%)    -1.29044
      17     27.03    -1.79963 (  7.87%)    -1.23872 ( 92.13%)    -1.28288
      18     30.86    -1.72133 ( 12.67%)    -1.19950 ( 87.33%)    -1.26563
      19     37.30    -1.60928 ( 23.65%)    -1.14336 ( 76.35%)    -1.25353
      20     37.96    -1.59899 ( 24.93%)    -1.13820 ( 75.07%)    -1.25306
      21     42.84    -1.52746 ( 35.02%)    -1.10232 ( 64.98%)    -1.25122
      22     44.90    -1.49975 ( 39.41%)    -1.08841 ( 60.59%)    -1.25051
      23     47.08    -1.47184 ( 44.00%)    -1.07440 ( 56.00%)    -1.24929
      24     47.71    -1.46399 ( 45.32%)    -1.07046 ( 54.68%)    -1.24880
      25     50.52    -1.43021 ( 51.03%)    -1.05349 ( 48.97%)    -1.24574
      26     53.19    -1.39983 ( 56.16%)    -1.03822 ( 43.84%)    -1.24129
      27     57.06    -1.35845 ( 62.91%)    -1.01741 ( 37.09%)    -1.23197
      28     59.90    -1.32989 ( 67.32%)    -1.00303 ( 32.68%)    -1.22307
      29     65.76    -1.27500 ( 74.95%)    -0.97537 ( 25.05%)    -1.19995
      30     66.88    -1.26505 ( 76.20%)    -0.97036 ( 23.80%)    -1.19492
      31     67.98    -1.25553 ( 77.36%)    -0.96556 ( 22.64%)    -1.18987
      32     72.21    -1.22009 ( 81.31%)    -0.94767 ( 18.69%)    -1.16917
      33     74.14    -1.20458 ( 82.86%)    -0.93983 ( 17.14%)    -1.15921
      34     78.07    -1.17432 ( 85.60%)    -0.92453 ( 14.40%)    -1.13836
      35     78.59    -1.17043 ( 85.93%)    -0.92256 ( 14.07%)    -1.13555
      36     82.12    -1.14476 ( 87.92%)    -0.90957 ( 12.08%)    -1.11635
      37     84.84    -1.12569 ( 89.24%)    -0.89990 ( 10.76%)    -1.10138
      38     93.21    -1.07079 ( 92.35%)    -0.87203 (  7.65%)    -1.05560
      39     94.68    -1.06169 ( 92.78%)    -0.86740 (  7.22%)    -1.04767
      40     95.42    -1.05715 ( 92.99%)    -0.86509 (  7.01%)    -1.04369
      41    101.92    -1.01884 ( 94.53%)    -0.84557 (  5.47%)    -1.00935
      42    103.43    -1.01030 ( 94.82%)    -0.84121 (  5.18%)    -1.00154
      43    106.52    -0.99324 ( 95.37%)    -0.83250 (  4.63%)    -0.98580
      44    108.81    -0.98090 ( 95.73%)    -0.82619 (  4.27%)    -0.97430
      45    111.53    -0.96662 ( 96.12%)    -0.81888 (  3.88%)    -0.96089
      46    117.43    -0.93687 ( 96.82%)    -0.80362 (  3.18%)    -0.93263
      47    118.47    -0.93178 ( 96.92%)    -0.80101 (  3.08%)    -0.92776
      48    120.04    -0.92418 ( 97.08%)    -0.79710 (  2.92%)    -0.92046
      49    124.95    -0.90112 ( 97.50%)    -0.78523 (  2.50%)    -0.89822
      50    125.78    -0.89731 ( 97.56%)    -0.78327 (  2.44%)    -0.89453
      51    126.67    -0.89326 ( 97.63%)    -0.78118 (  2.37%)    -0.89060
      52    134.29    -0.85977 ( 98.11%)    -0.76387 (  1.89%)    -0.85797
      53    134.72    -0.85794 ( 98.14%)    -0.76293 (  1.86%)    -0.85617
      54    139.88    -0.83645 ( 98.39%)    -0.75178 (  1.61%)    -0.83509
      55    142.03    -0.82775 ( 98.49%)    -0.74726 (  1.51%)    -0.82653
      56    144.70    -0.81716 ( 98.59%)    -0.74175 (  1.41%)    -0.81610
      57    151.36    -0.79162 ( 98.82%)    -0.72843 (  1.18%)    -0.79087
      58    154.02    -0.78173 ( 98.90%)    -0.72325 (  1.10%)    -0.78108
      59    155.46    -0.77648 ( 98.94%)    -0.72051 (  1.06%)    -0.77589
      60    157.61    -0.76870 ( 99.00%)    -0.71643 (  1.00%)    -0.76818
      61    159.30    -0.76269 ( 99.04%)    -0.71327 (  0.96%)    -0.76222
      62    161.62    -0.75454 ( 99.09%)    -0.70899 (  0.91%)    -0.75413
      63    163.41    -0.74835 ( 99.13%)    -0.70573 (  0.87%)    -0.74798
      64    165.35    -0.74169 ( 99.17%)    -0.70222 (  0.83%)    -0.74136
      65    166.53    -0.73771 ( 99.19%)    -0.70013 (  0.81%)    -0.73741
      66    174.52    -0.71144 ( 99.33%)    -0.68624 (  0.67%)    -0.71127
      67    175.02    -0.70984 ( 99.34%)    -0.68539 (  0.66%)    -0.70968
      68    175.83    -0.70728 ( 99.35%)    -0.68403 (  0.65%)    -0.70713
      69    180.38    -0.69305 ( 99.41%)    -0.67646 (  0.59%)    -0.69295
      70    189.85    -0.66466 ( 99.52%)    -0.66130 (  0.48%)    -0.66464
      71    193.37    -0.65452 ( 99.55%)    -0.65586 (  0.45%)    -0.65453
      72    195.55    -0.64833 ( 99.57%)    -0.65253 (  0.43%)    -0.64835
      73    198.71    -0.63953 ( 99.60%)    -0.64778 (  0.40%)    -0.63956
      74    200.20    -0.63544 ( 99.61%)    -0.64558 (  0.39%)    -0.63548
      75    206.36    -0.61885 ( 99.66%)    -0.63659 (  0.34%)    -0.61891
      76    212.41    -0.60312 ( 99.69%)    -0.62804 (  0.31%)    -0.60320
      77    222.76    -0.57737 ( 99.75%)    -0.61394 (  0.25%)    -0.57747
      78    225.67    -0.57041 ( 99.76%)    -0.61010 (  0.24%)    -0.57050
      79    246.55    -0.52329 ( 99.83%)    -0.58388 (  0.17%)    -0.52339
      80    248.38    -0.51939 ( 99.84%)    -0.58169 (  0.16%)    -0.51949
      81    253.88    -0.50790 ( 99.85%)    -0.57521 (  0.15%)    -0.50800
      82    256.05    -0.50344 ( 99.85%)    -0.57268 (  0.15%)    -0.50354
      83    259.90    -0.49565 ( 99.86%)    -0.56826 (  0.14%)    -0.49575
      84    268.73    -0.47833 ( 99.88%)    -0.55836 (  0.12%)    -0.47843
      85    276.24    -0.46417 ( 99.89%)    -0.55020 (  0.11%)    -0.46426
      86    282.22    -0.45324 ( 99.90%)    -0.54386 (  0.10%)    -0.45333
      87    289.81    -0.43979 ( 99.91%)    -0.53599 (  0.09%)    -0.43988
      88    291.36    -0.43711 ( 99.91%)    -0.53442 (  0.09%)    -0.43719
      89    296.17    -0.42888 ( 99.92%)    -0.52957 (  0.08%)    -0.42896
      90    298.89    -0.42431 ( 99.92%)    -0.52686 (  0.08%)    -0.42439
   ------------------------------------------------------------------------

   temp. (K)  partition function   enthalpy   heat capacity  entropy
                                   cal/mol     cal/K/mol   cal/K/mol   J/K/mol
 298.15  VIB  0.615E+54            63018.038    402.534    402.572
         ROT  0.117E+10              888.752      2.981     44.481
         INT  0.721E+63            63906.790    405.515    447.052
         TR   0.699E+29             1481.254      4.968     48.201
         TOT                       65388.0444   410.4827   495.2537  2072.1416

       T/K    H(0)-H(T)+PV         H(T)/Eh          T*S/Eh         G(T)/Eh
   ------------------------------------------------------------------------
    298.15    0.104202E+00    0.146741E+01    0.235311E+00    0.123210E+01
   ------------------------------------------------------------------------

         :::::::::::::::::::::::::::::::::::::::::::::::::::::
         ::                  THERMODYNAMIC                  ::
         :::::::::::::::::::::::::::::::::::::::::::::::::::::
         :: total free energy        -302.339504331428 Eh   ::
         ::.................................................::
         :: total energy             -303.571607503235 Eh   ::
         :: zero point energy           1.363211712341 Eh   ::
         :: G(RRHO) w/o ZPVE           -0.131108540534 Eh   ::
         :: G(RRHO) contrib.            1.232103171807 Eh   ::
         :::::::::::::::::::::::::::::::::::::::::::::::::::::

           -------------------------------------------------
          | TOTAL ENERGY             -303.571607503235 Eh   |
          | TOTAL ENTHALPY           -302.104193309367 Eh   |
          | TOTAL FREE ENERGY        -302.339504331428 Eh   |
          | GRADIENT NORM               0.000702372257 Eh/α |
          | HOMO-LUMO GAP               1.702415267329 eV   |
           -------------------------------------------------

------------------------------------------------------------------------
 * finished run on 2021/06/21 at 22:31:42.151     
------------------------------------------------------------------------
 total:
 * wall-time:     0 d,  0 h, 14 min, 48.227 sec
 *  cpu-time:     0 d,  1 h, 17 min, 59.477 sec
 * ratio c/w:     5.268 speedup
 SCF:
 * wall-time:     0 d,  0 h,  0 min,  2.411 sec
 *  cpu-time:     0 d,  0 h,  0 min,  9.967 sec
 * ratio c/w:     4.134 speedup
 numerical hessian:
 * wall-time:     0 d,  0 h, 14 min, 43.485 sec
 *  cpu-time:     0 d,  1 h, 17 min, 47.053 sec
 * ratio c/w:     5.283 speedup

