      -----------------------------------------------------------      
     |                   =====================                   |     
     |                           x T B                           |     
     |                   =====================                   |     
     |                         S. Grimme                         |     
     |          Mulliken Center for Theoretical Chemistry        |     
     |                    University of Bonn                     |     
     |                Version 6.2 RC2 (SAW190805)                |     
      -----------------------------------------------------------      

   This program is distributed in the hope that it will be useful,
   but WITHOUT ANY WARRANTY; without even the implied warranty of
   MERCHANTABILITY or FITNESS FOR A PARTICULAR PURPOSE.
   
   FOR NON-COMMERCIAL, ACADEMIA USE ONLY.
   
   Cite this work as:
   * S. Grimme, C. Bannwarth, P. Shushkov, J. Chem. Theory Comput., 2017,
     13, 1989-2009. DOI: 10.1021/acs.jctc.7b00118
   * C. Bannwarth, S. Ehlert and S. Grimme., J. Chem. Theory Comput., 2019,
     15, 1652-1671. DOI: 10.1021/acs.jctc.8b01176
   * P. Pracht, E. Caldeweyher, S. Ehlert, S. Grimme, ChemRxiv, 2019, preprint.
     DOI: 10.26434/chemrxiv.8326202.v1
   
   for DFT-D4:
   * E. Caldeweyher, C. Bannwarth and S. Grimme, J. Chem. Phys., 2017,
     147, 034112. DOI: 10.1063/1.4993215
   * E. Caldeweyher, S. Ehlert, A. Hansen, H. Neugebauer, S. Spicher,
     C. Bannwarth and S. Grimme, J. Chem. Phys., 2019, 150, 154122.
     DOI: 10.1063/1.5090222
   
   for sTDA-xTB:
   * S. Grimme and C. Bannwarth, J. Chem. Phys., 2016, 145, 054103.
     DOI: 10.1063/1.4959605
   
   in the mass-spec context:
   * V. Asgeirsson, C. Bauer and S. Grimme, Chem. Sci., 2017, 8, 4879.
     DOI: 10.1039/c7sc00601b
   
   for metadynamics refer to:
   * S. Grimme, J. Chem. Theory Comput., 2019, 155, 2847-2862
     DOI: 10.1021/acs.jctc.9b00143
   
   with help from (in alphabetical order)
   C. Bannwarth, F. Bohle, G. Brandenburg, E. Caldeweyher, M. Checinski,
   S. Dohm, S. Ehlert, S. Ehrlich, F. März, H. Neugebauer, J. Pisarek,
   P. Pracht, P. Shushkov, and S. Spicher.
   
 * started run on 2021/06/22 at 04:05:37.047     

           -------------------------------------------------
          |                Calculation Setup                |
           -------------------------------------------------

          program call               : /home/atarzia/software/xtb-190806/bin/xtb /data/atarzia/projects/unsymm/screening/production/free_energy_calculations/fe_4c3_d/input_structure.xyz --gfn 2 --hess --parallel 6 --etemp 300 --gbsa dmso --chrg 4 --uhf 0 -I det_control.in
          coordinate file            : /data/atarzia/projects/unsymm/screening/production/free_energy_calculations/fe_4c3_d/input_structure.xyz
          omp threads                :                     6
          number of atoms            :                   202
          number of electrons        :                   624
          charge                     :                     4
          spin                       :                   0.0
          first test random number   :      0.84604309122714


########################################################################
# WARNING! Please study the warnings concerning your input carefully
#  - XTBHOME is not set, using HOME instead
#  - XTBPATH is not set, using XTBHOME instead
#  - Process number higher than OMP_NUM_THREADS, I hope you know what you are doing.
########################################################################

           ------------------------------------------------- 
          |                 G F N 2 - x T B                 |
          | Geometry, Frequencies, Noncovalent interactions |
          |            JCTC 2019 parametrisation            |
           ------------------------------------------------- 
             k(s)              :                1.8500
             k(p)              :                2.2300
             k(d)              :                2.2300
             k(f)              :                2.0000
             kEN (H0ij)        :               -2.0000
             D4 a1             :                0.5200
             D4 a2             :                5.0000
             D4 s6             :                1.0000
             D4 s8             :                2.7000
             D4 s9             :                5.0000
             alphaj            :                2.0000

  Z AO/shell   Hii/eV     exponent
  1     Wed Apr 25 08:07:45 CEST 2018   EN: 2.200 GM2: 0.406  GM3: 0.0800  RAES: 1.40
     1s    -10.707211    1.230000
  6     Wed Apr 25 08:07:45 CEST 2018   EN: 2.550 GM2: 0.538  GM3: 0.1500  RAES: 3.00
     2s    -13.970922    2.096432
     2p    -10.063292    1.800000
  7     Wed Apr 25 08:07:45 CEST 2018   EN: 3.040 GM2: 0.461  GM3:-0.0640  RAES: 1.90
     2s    -16.686243    2.339881
     2p    -12.523956    2.014332
 46     Wed Apr 25 16:26:58 CEST 2018   EN: 2.200 GM2: 0.273  GM3: 0.0800  RAES: 5.00
     4d    -11.963518    2.353691
     5s     -9.714059    1.828354
     5p     -2.035281    1.333352

 Solvent             : dmso
 Using internal parameter file: .param_gbsa2_dmso
 Gsolv ref. state (COSMO-RS): gsolv [1 M gas/solution]
 temperature (mdtemp)       :    298.150000000000     
 dielectric constant        :    46.6800000000000     
 rho                        :    1.10000000000000     
 mass                       :    78.1300000000000     
 surface tension            :    15.5689454083859     
 probe radius               :   0.949087640000000     
 vdW radii scaling          :    1.00000000000000     
 Gshift (Eh)                :   5.161738145414381E-003
 c1                         :    1.63948621000000     
 soset                      :   1.179665000000000E-002
 HB correction              :  T
           ------------------------------------------------- 
          |        Self-Consistent Charge Iterations        |
           ------------------------------------------------- 

          ...................................................
          :                      SETUP                      :
          :.................................................:
          :  # basis functions                 616          :
          :  # atomic orbitals                 614          :
          :  # shells                          338          :
          :  # electrons                       624          :
          :  max. iterations                   250          :
          :  Hamiltonian                  GFN2-xTB          :
          :  restarted?                      false          :
          :  GBSA solvation                   true          :
          :  PC potential                    false          :
          :  electronic temp.          300.0000000     K    :
          :  accuracy                    1.0000000          :
          :  -> integral cutoff          0.2500000E+02      :
          :  -> integral neglect         0.1000000E-07      :
          :  -> SCF convergence          0.1000000E-05 Eh   :
          :  -> wf. convergence          0.1000000E-03 e    :
          :  Broyden damping             0.4000000          :
          ...................................................

 iter      E             dE          RMSdq      gap      omega  full diag
   1   -340.2007738 -0.340201E+03  0.517E+00    2.11       0.0  T
   2   -340.7299587 -0.529185E+00  0.322E+00    1.16       1.0  T
   3   -340.5334039  0.196555E+00  0.179E+00    1.80       1.0  T
   4   -340.8336275 -0.300224E+00  0.937E-01    1.40       1.0  T
   5   -340.9596693 -0.126042E+00  0.378E-01    1.51       1.0  T
   6   -340.9853407 -0.256714E-01  0.142E-01    1.52       1.0  T
   7   -340.9874968 -0.215614E-02  0.680E-02    1.53       1.0  T
   8   -340.9876392 -0.142410E-03  0.395E-02    1.53       1.0  T
   9   -340.9877049 -0.656557E-04  0.188E-02    1.53       1.0  T
  10   -340.9877289 -0.240114E-04  0.964E-03    1.53       1.0  T
  11   -340.9877293 -0.440510E-06  0.693E-03    1.53       1.0  T
  12   -340.9877352 -0.589830E-05  0.267E-03    1.53       2.6  T
  13   -340.9877355 -0.284849E-06  0.125E-03    1.53       5.6  T
  14   -340.9877356 -0.765700E-07  0.662E-04    1.53      10.6  T
  15   -340.9877356 -0.114907E-07  0.327E-04    1.53      21.5  T

   *** convergence criteria satisfied after 15 iterations ***

         #    Occupation            Energy/Eh            Energy/eV
      -------------------------------------------------------------
         1        2.0000           -0.7269874             -19.7823
       ...           ...                  ...                  ...
       306        2.0000           -0.3888539             -10.5813
       307        2.0000           -0.3874466             -10.5430
       308        2.0000           -0.3874310             -10.5425
       309        2.0000           -0.3744506             -10.1893
       310        2.0000           -0.3744151             -10.1884
       311        2.0000           -0.3720308             -10.1235
       312        2.0000           -0.3720020             -10.1227 (HOMO)
       313                         -0.3156526              -8.5893 (LUMO)
       314                         -0.3156296              -8.5887
       315                         -0.3154376              -8.5835
       316                         -0.3154130              -8.5828
       317                         -0.3035730              -8.2606
       ...                                ...                  ...
       614                          1.5915232              43.3076
      -------------------------------------------------------------
                  HL-Gap            0.0563495 Eh            1.5333 eV
             Fermi-level           -0.3440436 Eh           -9.3619 eV

 SCC (total)                   0 d,  0 h,  0 min,  4.083 sec
 SCC setup                      ...        0 min,  0.209 sec (  5.122%)
 Dispersion                     ...        0 min,  0.041 sec (  1.003%)
 integral evaluation            ...        0 min,  0.509 sec ( 12.472%)
 zeroth order Hamiltonian       ...        0 min,  0.009 sec (  0.208%)
 iterations                     ...        0 min,  2.865 sec ( 70.184%)
 molecular gradient             ...        0 min,  0.437 sec ( 10.705%)
 printout                       ...        0 min,  0.012 sec (  0.304%)

         :::::::::::::::::::::::::::::::::::::::::::::::::::::
         ::                     SUMMARY                     ::
         :::::::::::::::::::::::::::::::::::::::::::::::::::::
         :: total energy            -334.592943759041 Eh    ::
         :: total w/o Gsasa/hb      -334.459400061622 Eh    ::
         :: gradient norm              0.000757960418 Eh/a0 ::
         :: HOMO-LUMO gap              1.533346742828 eV    ::
         ::.................................................::
         :: SCC energy              -341.100926399293 Eh    ::
         :: -> isotropic ES            0.563049211580 Eh    ::
         :: -> anisotropic ES         -0.062324871237 Eh    ::
         :: -> anisotropic XC          0.221358887311 Eh    ::
         :: -> dispersion             -0.345324944141 Eh    ::
         :: -> Gsolv                  -0.607604032103 Eh    ::
         ::    -> Gborn               -0.474060334684 Eh    ::
         ::    -> Gsasa               -0.118352555985 Eh    ::
         ::    -> Ghb                 -0.020352879580 Eh    ::
         ::    -> Gshift               0.005161738145 Eh    ::
         :: repulsion energy           6.497019296026 Eh    ::
         :: add. restraining           0.000000000000 Eh    ::
         :::::::::::::::::::::::::::::::::::::::::::::::::::::

           ------------------------------------------------- 
          |                Numerical Hessian                |
           ------------------------------------------------- 
step length          :   0.00500
SCC accuracy         :   0.30000
Hessian scale factor :   1.00000
frozen atoms in %    :   0.00000    0
RMS gradient         :   0.00076
estimated CPU  time    198.33 min
estimated wall time     49.28 min

writing file <hessian>.

 projected vibrational frequencies (cm-1)
eigval :       -0.00    -0.00    -0.00     0.00     0.00     0.00
eigval :        4.90     6.51     7.88     9.17    10.55    11.83
eigval :       15.39    16.67    17.26    20.97    24.40    25.53
eigval :       25.79    26.89    33.21    34.90    36.01    36.33
eigval :       38.29    40.52    45.18    46.24    51.83    53.59
eigval :       54.22    56.50    57.15    60.20    62.07    66.02
eigval :       70.05    73.02    73.30    78.28    78.87    87.35
eigval :       89.40    90.12    91.88    92.18    93.62    96.40
eigval :       98.74    99.08   105.36   113.28   114.61   118.05
eigval :      125.27   127.75   128.77   131.07   132.83   134.45
eigval :      136.32   142.16   142.58   142.96   152.90   153.79
eigval :      154.42   157.53   162.62   164.46   165.91   166.58
eigval :      170.72   171.82   174.31   178.37   186.32   189.15
eigval :      191.67   193.95   198.51   208.37   211.97   212.50
eigval :      215.57   216.42   218.27   218.40   229.82   231.95
eigval :      232.73   239.44   246.70   250.57   251.59   251.71
eigval :      255.76   259.39   260.32   262.84   264.37   264.65
eigval :      266.37   267.17   278.83   279.76   303.53   304.90
eigval :      306.39   307.33   307.75   307.81   310.44   310.71
eigval :      340.20   340.64   342.45   342.53   384.30   384.70
eigval :      386.26   386.31   388.19   388.42   392.06   392.32
eigval :      392.71   392.99   394.41   394.45   395.49   396.19
eigval :      401.85   402.07   418.94   419.13   420.88   420.92
eigval :      424.84   424.86   426.13   426.18   433.38   433.49
eigval :      433.67   433.77   433.86   433.89   435.11   435.15
eigval :      441.76   441.80   444.08   444.27   450.97   451.26
eigval :      454.30   454.42   465.55   465.74   467.44   467.68
eigval :      472.91   473.31   474.10   474.35   486.01   487.10
eigval :      487.32   487.82   505.07   505.53   510.11   510.51
eigval :      511.03   511.34   513.36   515.22   517.61   517.68
eigval :      520.41   521.49   523.94   524.07   524.11   524.23
eigval :      537.38   537.67   538.20   538.52   552.68   553.34
eigval :      556.89   557.04   565.79   566.05   568.27   568.35
eigval :      582.35   582.44   583.53   584.05   603.40   603.41
eigval :      604.18   604.27   615.74   615.91   616.15   616.20
eigval :      620.08   620.14   623.53   623.66   623.68   623.96
eigval :      627.03   627.04   666.54   666.67   669.65   669.71
eigval :      670.82   670.83   671.22   671.34   682.54   682.63
eigval :      683.20   683.32   692.12   692.44   693.73   693.85
eigval :      710.50   710.61   711.24   711.38   724.93   724.94
eigval :      725.04   725.22   755.34   755.44   756.61   756.79
eigval :      776.46   777.05   777.88   778.10   778.39   778.67
eigval :      778.78   778.87   800.62   801.44   805.39   805.66
eigval :      817.10   817.32   818.10   818.46   820.05   820.11
eigval :      820.74   820.96   821.37   821.63   823.14   823.31
eigval :      829.91   830.54   830.67   830.70   849.06   849.52
eigval :      850.20   850.71   852.67   853.04   853.72   854.01
eigval :      858.24   858.51   859.22   859.29   861.12   861.61
eigval :      861.75   862.42   862.73   863.07   863.74   863.99
eigval :      873.41   873.78   875.18   875.45   890.86   891.42
eigval :      892.47   892.80   894.12   894.35   894.36   894.54
eigval :      899.75   900.22   901.38   901.50   902.52   902.61
eigval :      903.34   903.67   907.42   907.83   908.12   908.28
eigval :      909.59   909.66   910.46   910.55   928.26   929.26
eigval :      930.20   930.77   933.96   934.36   934.55   934.74
eigval :      950.63   951.80   953.42   953.70   997.78   997.96
eigval :      998.72   998.83  1016.22  1016.34  1016.96  1017.03
eigval :     1045.05  1045.09  1046.62  1046.69  1080.24  1080.27
eigval :     1081.46  1081.60  1085.63  1085.75  1086.79  1086.84
eigval :     1104.26  1104.33  1105.92  1105.94  1119.18  1119.29
eigval :     1119.93  1120.11  1126.20  1126.31  1127.10  1127.15
eigval :     1143.79  1143.92  1144.18  1144.29  1149.59  1149.83
eigval :     1150.43  1150.52  1156.73  1156.92  1157.24  1157.40
eigval :     1161.45  1161.92  1162.42  1163.44  1167.10  1167.63
eigval :     1168.87  1169.56  1170.24  1170.64  1171.47  1172.61
eigval :     1187.89  1188.07  1188.21  1188.35  1200.63  1200.81
eigval :     1202.39  1202.57  1213.83  1214.06  1214.53  1214.90
eigval :     1220.31  1220.37  1220.75  1221.30  1230.96  1231.33
eigval :     1231.47  1232.41  1237.45  1237.81  1238.47  1238.54
eigval :     1240.22  1240.58  1243.50  1243.68  1279.99  1280.08
eigval :     1280.84  1280.93  1293.90  1293.95  1295.47  1295.58
eigval :     1296.65  1297.21  1298.83  1299.40  1299.60  1300.14
eigval :     1301.07  1301.59  1320.14  1320.36  1321.53  1321.73
eigval :     1337.47  1337.90  1338.91  1338.96  1339.64  1339.69
eigval :     1342.12  1342.19  1359.62  1359.72  1361.02  1361.64
eigval :     1368.58  1369.48  1370.46  1371.71  1374.09  1374.47
eigval :     1374.99  1375.58  1380.71  1380.97  1382.45  1382.62
eigval :     1402.14  1402.22  1402.25  1402.32  1416.50  1416.54
eigval :     1416.80  1416.93  1419.24  1419.35  1419.54  1419.75
eigval :     1431.58  1431.94  1433.10  1433.36  1447.02  1447.40
eigval :     1447.71  1448.09  1468.28  1468.39  1468.65  1468.69
eigval :     1482.11  1482.18  1483.28  1483.37  1487.13  1487.26
eigval :     1488.72  1488.82  1520.21  1520.32  1523.27  1523.29
eigval :     1529.49  1529.65  1530.58  1530.74  1542.08  1542.60
eigval :     1542.99  1543.72  1560.21  1560.38  1561.40  1561.46
eigval :     1561.67  1561.73  1563.06  1563.21  1567.62  1567.65
eigval :     1568.80  1568.89  1569.24  1569.33  1570.31  1570.33
eigval :     1589.12  1589.19  1590.12  1590.21  1606.82  1606.92
eigval :     1608.54  1608.60  2294.81  2295.24  2298.36  2298.57
eigval :     2300.15  2300.60  2302.06  2302.53  2970.20  2970.49
eigval :     2977.47  2978.06  2999.84  3000.11  3001.91  3002.94
eigval :     3004.18  3004.77  3005.81  3005.99  3021.64  3021.92
eigval :     3032.97  3033.73  3083.89  3084.14  3084.25  3084.44
eigval :     3084.85  3085.03  3085.53  3086.49  3092.39  3092.55
eigval :     3092.56  3092.86  3097.30  3097.36  3097.86  3097.91
eigval :     3099.52  3099.78  3099.86  3100.23  3102.97  3103.29
eigval :     3103.61  3104.07  3107.59  3108.08  3108.43  3108.53
eigval :     3108.89  3108.96  3109.85  3110.05  3111.13  3111.49
eigval :     3111.80  3111.99  3112.68  3112.76  3112.94  3113.12
eigval :     3114.92  3115.29  3116.87  3117.24  3118.53  3119.00
eigval :     3119.64  3119.67  3474.90  3475.98  3476.88  3476.96
           -------------------------------------------------
          |                Property Printout                |
           -------------------------------------------------

    * Orbital Energies and Occupations

         #    Occupation            Energy/Eh            Energy/eV
      -------------------------------------------------------------
         1        2.0000           -0.7269905             -19.7824
       ...           ...                  ...                  ...
       300        2.0000           -0.4034515             -10.9785
       301        2.0000           -0.4025377             -10.9536
       302        2.0000           -0.4024993             -10.9526
       303        2.0000           -0.4013993             -10.9226
       304        2.0000           -0.4012692             -10.9191
       305        2.0000           -0.3888684             -10.5816
       306        2.0000           -0.3888556             -10.5813
       307        2.0000           -0.3874481             -10.5430
       308        2.0000           -0.3874325             -10.5426
       309        2.0000           -0.3744523             -10.1894
       310        2.0000           -0.3744168             -10.1884
       311        2.0000           -0.3720325             -10.1235
       312        2.0000           -0.3720037             -10.1227 (HOMO)
       313                         -0.3156546              -8.5894 (LUMO)
       314                         -0.3156316              -8.5888
       315                         -0.3154396              -8.5835
       316                         -0.3154151              -8.5829
       317                         -0.3035753              -8.2607
       318                         -0.3033254              -8.2539
       319                         -0.2999792              -8.1628
       320                         -0.2995442              -8.1510
       321                         -0.2908634              -7.9148
       322                         -0.2902951              -7.8993
       323                         -0.2898341              -7.8868
       ...                                ...                  ...
       614                          1.5915180              43.3074
      -------------------------------------------------------------
                  HL-Gap            0.0563491 Eh            1.5333 eV
             Fermi-level           -0.3440454 Eh           -9.3620 eV

     #   Z        covCN         q      C6AA      α(0)
     1  46 Pd     3.463    -0.078   274.096    34.144
     2  46 Pd     3.463    -0.078   274.093    34.144
     3   6 C      1.984    -0.018    31.538     9.069
     4   6 C      1.980    -0.044    32.249     9.171
     5   6 C      2.966     0.045    26.983     8.520
     6   6 C      2.923    -0.023    28.590     8.769
     7   6 C      2.915    -0.016    28.418     8.742
     8   6 C      2.914    -0.033    28.815     8.802
     9   6 C      2.989     0.029    27.354     8.579
    10   6 C      2.912    -0.034    28.839     8.806
    11   6 C      2.894     0.042    27.048     8.527
    12   7 N      2.656    -0.089    22.984     7.120
    13   6 C      2.902     0.057    26.712     8.474
    14   6 C      2.990    -0.005    28.147     8.703
    15   1 H      0.926     0.068     2.112     2.273
    16   1 H      0.926     0.060     2.200     2.319
    17   1 H      0.926     0.063     2.164     2.301
    18   1 H      0.926     0.088     1.902     2.157
    19   1 H      0.925     0.111     1.692     2.034
    20   1 H      0.925     0.109     1.707     2.043
    21   6 C      2.973     0.020    27.548     8.609
    22   6 C      2.936    -0.035    28.869     8.812
    23   6 C      2.908    -0.050    29.252     8.868
    24   6 C      3.078     0.053    26.733     8.477
    25   7 N      2.755    -0.125    23.721     7.234
    26   6 C      3.075     0.053    26.725     8.476
    27   6 C      2.908    -0.050    29.230     8.865
    28   6 C      2.931    -0.030    28.739     8.792
    29   6 C      2.973     0.021    27.535     8.607
    30   6 C      2.921    -0.029    28.722     8.789
    31   6 C      3.071    -0.024    28.526     8.757
    32   6 C      3.069    -0.023    28.509     8.755
    33   6 C      2.917    -0.032    28.797     8.800
    34   1 H      0.926     0.045     2.389     2.417
    35   1 H      0.926     0.039     2.460     2.453
    36   1 H      0.860     0.197     1.121     1.659
    37   1 H      0.926     0.035     2.519     2.482
    38   1 H      0.926     0.044     2.402     2.424
    39   1 H      0.926     0.071     2.078     2.254
    40   1 H      0.926     0.069     2.101     2.267
    41   6 C      1.986    -0.007    31.248     9.027
    42   6 C      1.980    -0.045    32.257     9.172
    43   6 C      2.964     0.047    26.940     8.514
    44   6 C      2.929    -0.008    28.231     8.714
    45   6 C      2.912    -0.029    28.730     8.789
    46   6 C      2.899     0.047    26.952     8.512
    47   7 N      2.666    -0.087    22.935     7.113
    48   6 C      2.919     0.042    27.063     8.531
    49   1 H      0.926     0.085     1.930     2.173
    50   1 H      0.926     0.090     1.882     2.146
    51   1 H      0.925     0.120     1.613     1.986
    52   1 H      0.925     0.132     1.518     1.927
    53   6 C      1.985    -0.018    31.527     9.068
    54   6 C      1.980    -0.045    32.270     9.174
    55   6 C      2.966     0.045    26.981     8.520
    56   6 C      2.926    -0.024    28.597     8.770
    57   6 C      2.914    -0.016    28.417     8.741
    58   6 C      2.914    -0.033    28.820     8.803
    59   6 C      2.989     0.028    27.367     8.581
    60   6 C      2.912    -0.034    28.839     8.806
    61   6 C      2.896     0.043    27.042     8.526
    62   7 N      2.658    -0.093    23.065     7.133
    63   6 C      2.898     0.058    26.694     8.471
    64   6 C      2.988    -0.005    28.128     8.700
    65   1 H      0.926     0.066     2.135     2.285
    66   1 H      0.926     0.059     2.210     2.325
    67   1 H      0.926     0.063     2.165     2.301
    68   1 H      0.926     0.088     1.899     2.155
    69   1 H      0.925     0.113     1.671     2.021
    70   1 H      0.925     0.111     1.690     2.033
    71   6 C      2.973     0.022    27.507     8.603
    72   6 C      2.938    -0.034    28.839     8.807
    73   6 C      2.908    -0.051    29.255     8.869
    74   6 C      3.081     0.055    26.681     8.468
    75   7 N      2.754    -0.127    23.763     7.240
    76   6 C      3.078     0.055    26.696     8.471
    77   6 C      2.908    -0.051    29.265     8.871
    78   6 C      2.935    -0.031    28.776     8.798
    79   6 C      2.972     0.019    27.575     8.614
    80   6 C      2.919    -0.028    28.707     8.786
    81   6 C      3.069    -0.025    28.544     8.760
    82   6 C      3.067    -0.022    28.484     8.751
    83   6 C      2.916    -0.033    28.821     8.803
    84   1 H      0.926     0.044     2.396     2.421
    85   1 H      0.926     0.037     2.494     2.470
    86   1 H      0.860     0.198     1.114     1.653
    87   1 H      0.926     0.035     2.511     2.478
    88   1 H      0.926     0.044     2.392     2.419
    89   1 H      0.926     0.071     2.080     2.255
    90   1 H      0.926     0.069     2.099     2.266
    91   6 C      1.986    -0.007    31.231     9.025
    92   6 C      1.980    -0.044    32.249     9.171
    93   6 C      2.964     0.046    26.974     8.519
    94   6 C      2.931    -0.007    28.201     8.709
    95   6 C      2.911    -0.029    28.733     8.790
    96   6 C      2.900     0.047    26.936     8.510
    97   7 N      2.665    -0.090    23.013     7.125
    98   6 C      2.914     0.042    27.049     8.528
    99   1 H      0.926     0.082     1.953     2.186
   100   1 H      0.926     0.091     1.870     2.138
   101   1 H      0.925     0.121     1.606     1.982
   102   1 H      0.925     0.131     1.524     1.931
   103   6 C      1.985    -0.018    31.527     9.068
   104   6 C      1.981    -0.045    32.271     9.174
   105   6 C      2.966     0.045    26.981     8.520
   106   6 C      2.926    -0.024    28.597     8.770
   107   6 C      2.914    -0.016    28.417     8.741
   108   6 C      2.914    -0.033    28.821     8.803
   109   6 C      2.989     0.028    27.367     8.581
   110   6 C      2.912    -0.034    28.839     8.806
   111   6 C      2.896     0.043    27.042     8.526
   112   7 N      2.658    -0.093    23.065     7.133
   113   6 C      2.898     0.058    26.694     8.471
   114   6 C      2.988    -0.005    28.128     8.700
   115   1 H      0.926     0.066     2.135     2.285
   116   1 H      0.926     0.059     2.210     2.325
   117   1 H      0.926     0.063     2.165     2.301
   118   1 H      0.926     0.088     1.899     2.155
   119   1 H      0.925     0.113     1.671     2.022
   120   1 H      0.925     0.111     1.690     2.033
   121   6 C      2.973     0.022    27.507     8.603
   122   6 C      2.938    -0.034    28.839     8.807
   123   6 C      2.908    -0.051    29.254     8.869
   124   6 C      3.081     0.055    26.681     8.468
   125   7 N      2.754    -0.127    23.763     7.240
   126   6 C      3.078     0.055    26.695     8.471
   127   6 C      2.908    -0.051    29.265     8.871
   128   6 C      2.935    -0.031    28.776     8.798
   129   6 C      2.972     0.019    27.575     8.614
   130   6 C      2.919    -0.028    28.707     8.786
   131   6 C      3.069    -0.025    28.544     8.760
   132   6 C      3.067    -0.022    28.484     8.751
   133   6 C      2.916    -0.033    28.821     8.803
   134   1 H      0.926     0.044     2.396     2.421
   135   1 H      0.926     0.037     2.494     2.470
   136   1 H      0.860     0.198     1.114     1.653
   137   1 H      0.926     0.035     2.511     2.478
   138   1 H      0.926     0.044     2.392     2.419
   139   1 H      0.926     0.071     2.080     2.255
   140   1 H      0.926     0.069     2.099     2.266
   141   6 C      1.986    -0.007    31.231     9.025
   142   6 C      1.980    -0.044    32.249     9.171
   143   6 C      2.964     0.046    26.974     8.519
   144   6 C      2.931    -0.007    28.201     8.709
   145   6 C      2.911    -0.029    28.733     8.790
   146   6 C      2.900     0.047    26.936     8.510
   147   7 N      2.665    -0.090    23.012     7.125
   148   6 C      2.914     0.042    27.049     8.528
   149   1 H      0.926     0.082     1.954     2.186
   150   1 H      0.926     0.091     1.870     2.138
   151   1 H      0.925     0.121     1.606     1.981
   152   1 H      0.925     0.131     1.524     1.931
   153   6 C      1.984    -0.018    31.538     9.069
   154   6 C      1.980    -0.044    32.249     9.171
   155   6 C      2.966     0.045    26.983     8.520
   156   6 C      2.923    -0.023    28.590     8.768
   157   6 C      2.915    -0.016    28.418     8.742
   158   6 C      2.914    -0.033    28.815     8.802
   159   6 C      2.989     0.029    27.353     8.579
   160   6 C      2.912    -0.034    28.839     8.806
   161   6 C      2.894     0.042    27.048     8.527
   162   7 N      2.656    -0.089    22.983     7.120
   163   6 C      2.902     0.057    26.712     8.474
   164   6 C      2.990    -0.005    28.148     8.703
   165   1 H      0.926     0.068     2.112     2.273
   166   1 H      0.926     0.060     2.200     2.319
   167   1 H      0.926     0.063     2.164     2.301
   168   1 H      0.926     0.088     1.902     2.157
   169   1 H      0.925     0.111     1.692     2.034
   170   1 H      0.925     0.109     1.707     2.043
   171   6 C      2.973     0.020    27.548     8.609
   172   6 C      2.936    -0.035    28.869     8.812
   173   6 C      2.908    -0.050    29.252     8.868
   174   6 C      3.078     0.053    26.733     8.477
   175   7 N      2.755    -0.125    23.721     7.234
   176   6 C      3.076     0.053    26.726     8.476
   177   6 C      2.908    -0.050    29.231     8.865
   178   6 C      2.931    -0.030    28.740     8.792
   179   6 C      2.973     0.021    27.535     8.607
   180   6 C      2.921    -0.029    28.722     8.789
   181   6 C      3.071    -0.024    28.526     8.757
   182   6 C      3.069    -0.023    28.509     8.755
   183   6 C      2.917    -0.032    28.797     8.800
   184   1 H      0.926     0.045     2.389     2.417
   185   1 H      0.926     0.039     2.460     2.453
   186   1 H      0.860     0.197     1.121     1.659
   187   1 H      0.926     0.035     2.518     2.482
   188   1 H      0.926     0.044     2.402     2.424
   189   1 H      0.926     0.071     2.078     2.254
   190   1 H      0.926     0.069     2.101     2.267
   191   6 C      1.986    -0.007    31.248     9.027
   192   6 C      1.981    -0.045    32.257     9.172
   193   6 C      2.964     0.047    26.940     8.514
   194   6 C      2.929    -0.008    28.231     8.714
   195   6 C      2.912    -0.029    28.730     8.789
   196   6 C      2.899     0.047    26.952     8.512
   197   7 N      2.666    -0.087    22.935     7.113
   198   6 C      2.919     0.042    27.063     8.531
   199   1 H      0.926     0.085     1.930     2.173
   200   1 H      0.926     0.090     1.882     2.145
   201   1 H      0.925     0.120     1.613     1.986
   202   1 H      0.925     0.132     1.518     1.926

 Mol. C6AA /au·bohr⁶  :     682351.262425
 Mol. C8AA /au·bohr⁸  :   19000461.558660
 Mol. α(0) /au        :       1351.559102


Wiberg/Mayer (AO) data.
largest (>0.10) Wiberg bond orders for each atom
          total WBO             WBO to atom ...
     1  Pd  3.472        N   47 0.604    N  147 0.601    N  162 0.599    N   62 0.598
     2  Pd  3.472        N  197 0.604    N   97 0.601    N   12 0.600    N  112 0.598
     3  C   3.936        C    4 2.632    C   21 1.121
     4  C   3.944        C    3 2.632    C    5 1.133
     5  C   3.984        C    6 1.456    C   14 1.199    C    4 1.133    C    8 0.100
     6  C   3.979        C    5 1.456    C    7 1.345    H   15 0.967
     7  C   3.983        C    8 1.524    C    6 1.345    H   16 0.968
     8  C   3.954        C    7 1.524    C    9 1.292    H   17 0.966    C    5 0.100
     9  C   3.989        C    8 1.292    C   10 1.274    C   14 1.230
    10  C   3.980        C   11 1.554    C    9 1.274    H   18 0.960    C   13 0.105
    11  C   3.970        C   10 1.554    N   12 1.247    H   19 0.922
    12  N   3.538        C   13 1.431    C   11 1.247    Pd   2 0.600
    13  C   3.970        N   12 1.431    C   14 1.321    H   20 0.916    C   10 0.105
    14  C   3.982        C   13 1.321    C    9 1.230    C    5 1.199
    15  H   0.995        C    6 0.967
    16  H   0.995        C    7 0.968
    17  H   0.995        C    8 0.966
    18  H   0.991        C   10 0.960
    19  H   0.986        C   11 0.922
    20  H   0.987        C   13 0.916
    21  C   3.977        C   33 1.391    C   22 1.310    C    3 1.121
    22  C   3.961        C   23 1.492    C   21 1.310    H   34 0.970
    23  C   3.982        C   22 1.492    C   24 1.343    H   35 0.966
    24  C   3.940        C   23 1.343    C   32 1.252    N   25 1.163
    25  N   3.514        C   26 1.181    C   24 1.163    H   36 0.932
    26  C   3.935        C   27 1.334    C   31 1.241    N   25 1.181
    27  C   3.982        C   28 1.502    C   26 1.334    H   37 0.967
    28  C   3.957        C   27 1.502    C   29 1.302    H   38 0.970
    29  C   3.977        C   30 1.368    C   28 1.302    C   41 1.148
    30  C   3.959        C   31 1.395    C   29 1.368    H   39 0.965
    31  C   3.977        C   30 1.395    C   26 1.241    C   32 1.139
    32  C   3.977        C   33 1.382    C   24 1.252    C   31 1.139
    33  C   3.970        C   21 1.391    C   32 1.382    H   40 0.965
    34  H   0.998        C   22 0.970
    35  H   0.996        C   23 0.966
    36  H   0.960        N   25 0.932
    37  H   0.997        C   27 0.967
    38  H   0.998        C   28 0.970
    39  H   0.994        C   30 0.965
    40  H   0.995        C   33 0.965
    41  C   3.944        C   42 2.623    C   29 1.148
    42  C   3.949        C   41 2.623    C   43 1.152
    43  C   3.982        C   48 1.342    C   44 1.327    C   42 1.152
    44  C   3.963        C   45 1.464    C   43 1.327    H   49 0.964
    45  C   3.980        C   44 1.464    C   46 1.414    H   50 0.962
    46  C   3.924        C   45 1.414    N   47 1.343    H   51 0.916
    47  N   3.546        C   48 1.363    C   46 1.343    Pd   1 0.604
    48  C   3.950        N   47 1.363    C   43 1.342    H   52 0.905
    49  H   0.991        C   44 0.964
    50  H   0.990        C   45 0.962
    51  H   0.985        C   46 0.916
    52  H   0.982        C   48 0.905
    53  C   3.935        C   54 2.630    C   71 1.122
    54  C   3.945        C   53 2.630    C   55 1.135
    55  C   3.984        C   56 1.450    C   64 1.201    C   54 1.135
    56  C   3.978        C   55 1.450    C   57 1.348    H   65 0.967
    57  C   3.983        C   58 1.521    C   56 1.348    H   66 0.968
    58  C   3.953        C   57 1.521    C   59 1.294    H   67 0.966
    59  C   3.989        C   58 1.294    C   60 1.273    C   64 1.229
    60  C   3.980        C   61 1.555    C   59 1.273    H   68 0.960    C   63 0.104
    61  C   3.970        C   60 1.555    N   62 1.246    H   69 0.918
    62  N   3.535        C   63 1.431    C   61 1.246    Pd   1 0.598
    63  C   3.969        N   62 1.431    C   64 1.320    H   70 0.916    C   60 0.104
    64  C   3.982        C   63 1.320    C   59 1.229    C   55 1.201
    65  H   0.995        C   56 0.967
    66  H   0.995        C   57 0.968
    67  H   0.995        C   58 0.966
    68  H   0.991        C   60 0.960
    69  H   0.986        C   61 0.918
    70  H   0.986        C   63 0.916
    71  C   3.976        C   83 1.392    C   72 1.307    C   53 1.122
    72  C   3.960        C   73 1.494    C   71 1.307    H   84 0.970
    73  C   3.982        C   72 1.494    C   74 1.342    H   85 0.967
    74  C   3.940        C   73 1.342    C   82 1.252    N   75 1.164
    75  N   3.513        C   76 1.181    C   74 1.164    H   86 0.931
    76  C   3.935        C   77 1.333    C   81 1.240    N   75 1.181
    77  C   3.982        C   78 1.503    C   76 1.333    H   87 0.967
    78  C   3.957        C   77 1.503    C   79 1.298    H   88 0.970
    79  C   3.976        C   80 1.371    C   78 1.298    C   91 1.148
    80  C   3.959        C   81 1.395    C   79 1.371    H   89 0.965
    81  C   3.976        C   80 1.395    C   76 1.240    C   82 1.140
    82  C   3.977        C   83 1.381    C   74 1.252    C   81 1.140
    83  C   3.969        C   71 1.392    C   82 1.381    H   90 0.965
    84  H   0.998        C   72 0.970
    85  H   0.997        C   73 0.967
    86  H   0.960        N   75 0.931
    87  H   0.997        C   77 0.967
    88  H   0.998        C   78 0.970
    89  H   0.994        C   80 0.965
    90  H   0.995        C   83 0.965
    91  C   3.944        C   92 2.622    C   79 1.148
    92  C   3.947        C   91 2.622    C   93 1.152
    93  C   3.982        C   98 1.344    C   94 1.325    C   92 1.152
    94  C   3.964        C   95 1.465    C   93 1.325    H   99 0.964
    95  C   3.980        C   94 1.465    C   96 1.413    H  100 0.961
    96  C   3.924        C   95 1.413    N   97 1.343    H  101 0.914
    97  N   3.543        C   98 1.362    C   96 1.343    Pd   2 0.601
    98  C   3.949        N   97 1.362    C   93 1.344    H  102 0.907
    99  H   0.991        C   94 0.964
   100  H   0.990        C   95 0.961
   101  H   0.985        C   96 0.914
   102  H   0.982        C   98 0.907
   103  C   3.935        C  104 2.630    C  121 1.122
   104  C   3.945        C  103 2.630    C  105 1.135
   105  C   3.984        C  106 1.450    C  114 1.201    C  104 1.135
   106  C   3.978        C  105 1.450    C  107 1.348    H  115 0.967
   107  C   3.983        C  108 1.521    C  106 1.348    H  116 0.968
   108  C   3.953        C  107 1.521    C  109 1.294    H  117 0.966
   109  C   3.989        C  108 1.294    C  110 1.273    C  114 1.229
   110  C   3.980        C  111 1.554    C  109 1.273    H  118 0.960    C  113 0.104
   111  C   3.970        C  110 1.554    N  112 1.246    H  119 0.918
   112  N   3.535        C  113 1.431    C  111 1.246    Pd   2 0.598
   113  C   3.969        N  112 1.431    C  114 1.320    H  120 0.916    C  110 0.104
   114  C   3.982        C  113 1.320    C  109 1.229    C  105 1.201
   115  H   0.995        C  106 0.967
   116  H   0.995        C  107 0.968
   117  H   0.995        C  108 0.966
   118  H   0.991        C  110 0.960
   119  H   0.986        C  111 0.918
   120  H   0.986        C  113 0.916
   121  C   3.976        C  133 1.392    C  122 1.307    C  103 1.122
   122  C   3.960        C  123 1.494    C  121 1.307    H  134 0.970
   123  C   3.982        C  122 1.494    C  124 1.342    H  135 0.967
   124  C   3.939        C  123 1.342    C  132 1.252    N  125 1.164
   125  N   3.513        C  126 1.181    C  124 1.164    H  136 0.931
   126  C   3.935        C  127 1.333    C  131 1.240    N  125 1.181
   127  C   3.982        C  128 1.503    C  126 1.333    H  137 0.967
   128  C   3.957        C  127 1.503    C  129 1.298    H  138 0.970
   129  C   3.976        C  130 1.371    C  128 1.298    C  141 1.148
   130  C   3.959        C  131 1.395    C  129 1.371    H  139 0.965
   131  C   3.976        C  130 1.395    C  126 1.240    C  132 1.139
   132  C   3.977        C  133 1.381    C  124 1.252    C  131 1.139
   133  C   3.969        C  121 1.392    C  132 1.381    H  140 0.965
   134  H   0.998        C  122 0.970
   135  H   0.997        C  123 0.967
   136  H   0.960        N  125 0.931
   137  H   0.997        C  127 0.967
   138  H   0.998        C  128 0.970
   139  H   0.994        C  130 0.965
   140  H   0.995        C  133 0.965
   141  C   3.944        C  142 2.622    C  129 1.148
   142  C   3.947        C  141 2.622    C  143 1.152
   143  C   3.982        C  148 1.344    C  144 1.325    C  142 1.152
   144  C   3.964        C  145 1.465    C  143 1.325    H  149 0.964
   145  C   3.980        C  144 1.465    C  146 1.413    H  150 0.961
   146  C   3.924        C  145 1.413    N  147 1.343    H  151 0.914
   147  N   3.543        C  148 1.362    C  146 1.343    Pd   1 0.601
   148  C   3.949        N  147 1.362    C  143 1.344    H  152 0.907
   149  H   0.991        C  144 0.964
   150  H   0.990        C  145 0.961
   151  H   0.985        C  146 0.914
   152  H   0.982        C  148 0.907
   153  C   3.936        C  154 2.632    C  171 1.121
   154  C   3.944        C  153 2.632    C  155 1.133
   155  C   3.984        C  156 1.456    C  164 1.199    C  154 1.133    C  158 0.100
   156  C   3.979        C  155 1.456    C  157 1.345    H  165 0.967
   157  C   3.983        C  158 1.524    C  156 1.345    H  166 0.968
   158  C   3.954        C  157 1.524    C  159 1.292    H  167 0.966    C  155 0.100
   159  C   3.989        C  158 1.292    C  160 1.274    C  164 1.230
   160  C   3.980        C  161 1.554    C  159 1.274    H  168 0.960    C  163 0.105
   161  C   3.970        C  160 1.554    N  162 1.248    H  169 0.922
   162  N   3.538        C  163 1.431    C  161 1.248    Pd   1 0.599
   163  C   3.970        N  162 1.431    C  164 1.320    H  170 0.916    C  160 0.105
   164  C   3.982        C  163 1.320    C  159 1.230    C  155 1.199
   165  H   0.995        C  156 0.967
   166  H   0.995        C  157 0.968
   167  H   0.995        C  158 0.966
   168  H   0.991        C  160 0.960
   169  H   0.986        C  161 0.922
   170  H   0.987        C  163 0.916
   171  C   3.977        C  183 1.391    C  172 1.310    C  153 1.121
   172  C   3.961        C  173 1.492    C  171 1.310    H  184 0.970
   173  C   3.982        C  172 1.492    C  174 1.343    H  185 0.966
   174  C   3.940        C  173 1.343    C  182 1.252    N  175 1.163
   175  N   3.514        C  176 1.181    C  174 1.163    H  186 0.932
   176  C   3.935        C  177 1.334    C  181 1.241    N  175 1.181
   177  C   3.982        C  178 1.502    C  176 1.334    H  187 0.967
   178  C   3.957        C  177 1.502    C  179 1.302    H  188 0.970
   179  C   3.977        C  180 1.368    C  178 1.302    C  191 1.148
   180  C   3.959        C  181 1.395    C  179 1.368    H  189 0.965
   181  C   3.977        C  180 1.395    C  176 1.241    C  182 1.139
   182  C   3.977        C  183 1.382    C  174 1.252    C  181 1.139
   183  C   3.970        C  171 1.391    C  182 1.382    H  190 0.965
   184  H   0.998        C  172 0.970
   185  H   0.996        C  173 0.966
   186  H   0.960        N  175 0.932
   187  H   0.997        C  177 0.967
   188  H   0.998        C  178 0.970
   189  H   0.994        C  180 0.965
   190  H   0.995        C  183 0.965
   191  C   3.944        C  192 2.623    C  179 1.148
   192  C   3.949        C  191 2.623    C  193 1.152
   193  C   3.982        C  198 1.342    C  194 1.327    C  192 1.152
   194  C   3.963        C  195 1.464    C  193 1.327    H  199 0.964
   195  C   3.980        C  194 1.464    C  196 1.414    H  200 0.962
   196  C   3.924        C  195 1.414    N  197 1.343    H  201 0.915
   197  N   3.546        C  198 1.363    C  196 1.343    Pd   2 0.604
   198  C   3.950        N  197 1.363    C  193 1.342    H  202 0.905
   199  H   0.991        C  194 0.964
   200  H   0.990        C  195 0.962
   201  H   0.985        C  196 0.915
   202  H   0.982        C  198 0.905

molecular dipole:
                 x           y           z       tot (Debye)
 q only:       -1.393       6.929       0.416
   full:       -1.551       6.933       0.565      18.114
molecular quadrupole (traceless):
                xx          xy          yy          xz          yz          zz
 q only:     -203.446     -11.809     397.484      82.525     -24.500    -194.038
  q+dip:     -200.499     -12.490     386.849     125.559     -25.097    -186.350
   full:     -195.259     -11.420     378.132     110.386     -23.242    -182.873

           -------------------------------------------------
          |               Frequency Printout                |
           -------------------------------------------------
 projected vibrational frequencies (cm-1)
eigval :       -0.00    -0.00    -0.00     0.00     0.00     0.00
eigval :        4.90     6.51     7.88     9.17    10.55    11.83
eigval :       15.39    16.67    17.26    20.97    24.40    25.53
eigval :       25.79    26.89    33.21    34.90    36.01    36.33
eigval :       38.29    40.52    45.18    46.24    51.83    53.59
eigval :       54.22    56.50    57.15    60.20    62.07    66.02
eigval :       70.05    73.02    73.30    78.28    78.87    87.35
eigval :       89.40    90.12    91.88    92.18    93.62    96.40
eigval :       98.74    99.08   105.36   113.28   114.61   118.05
eigval :      125.27   127.75   128.77   131.07   132.83   134.45
eigval :      136.32   142.16   142.58   142.96   152.90   153.79
eigval :      154.42   157.53   162.62   164.46   165.91   166.58
eigval :      170.72   171.82   174.31   178.37   186.32   189.15
eigval :      191.67   193.95   198.51   208.37   211.97   212.50
eigval :      215.57   216.42   218.27   218.40   229.82   231.95
eigval :      232.73   239.44   246.70   250.57   251.59   251.71
eigval :      255.76   259.39   260.32   262.84   264.37   264.65
eigval :      266.37   267.17   278.83   279.76   303.53   304.90
eigval :      306.39   307.33   307.75   307.81   310.44   310.71
eigval :      340.20   340.64   342.45   342.53   384.30   384.70
eigval :      386.26   386.31   388.19   388.42   392.06   392.32
eigval :      392.71   392.99   394.41   394.45   395.49   396.19
eigval :      401.85   402.07   418.94   419.13   420.88   420.92
eigval :      424.84   424.86   426.13   426.18   433.38   433.49
eigval :      433.67   433.77   433.86   433.89   435.11   435.15
eigval :      441.76   441.80   444.08   444.27   450.97   451.26
eigval :      454.30   454.42   465.55   465.74   467.44   467.68
eigval :      472.91   473.31   474.10   474.35   486.01   487.10
eigval :      487.32   487.82   505.07   505.53   510.11   510.51
eigval :      511.03   511.34   513.36   515.22   517.61   517.68
eigval :      520.41   521.49   523.94   524.07   524.11   524.23
eigval :      537.38   537.67   538.20   538.52   552.68   553.34
eigval :      556.89   557.04   565.79   566.05   568.27   568.35
eigval :      582.35   582.44   583.53   584.05   603.40   603.41
eigval :      604.18   604.27   615.74   615.91   616.15   616.20
eigval :      620.08   620.14   623.53   623.66   623.68   623.96
eigval :      627.03   627.04   666.54   666.67   669.65   669.71
eigval :      670.82   670.83   671.22   671.34   682.54   682.63
eigval :      683.20   683.32   692.12   692.44   693.73   693.85
eigval :      710.50   710.61   711.24   711.38   724.93   724.94
eigval :      725.04   725.22   755.34   755.44   756.61   756.79
eigval :      776.46   777.05   777.88   778.10   778.39   778.67
eigval :      778.78   778.87   800.62   801.44   805.39   805.66
eigval :      817.10   817.32   818.10   818.46   820.05   820.11
eigval :      820.74   820.96   821.37   821.63   823.14   823.31
eigval :      829.91   830.54   830.67   830.70   849.06   849.52
eigval :      850.20   850.71   852.67   853.04   853.72   854.01
eigval :      858.24   858.51   859.22   859.29   861.12   861.61
eigval :      861.75   862.42   862.73   863.07   863.74   863.99
eigval :      873.41   873.78   875.18   875.45   890.86   891.42
eigval :      892.47   892.80   894.12   894.35   894.36   894.54
eigval :      899.75   900.22   901.38   901.50   902.52   902.61
eigval :      903.34   903.67   907.42   907.83   908.12   908.28
eigval :      909.59   909.66   910.46   910.55   928.26   929.26
eigval :      930.20   930.77   933.96   934.36   934.55   934.74
eigval :      950.63   951.80   953.42   953.70   997.78   997.96
eigval :      998.72   998.83  1016.22  1016.34  1016.96  1017.03
eigval :     1045.05  1045.09  1046.62  1046.69  1080.24  1080.27
eigval :     1081.46  1081.60  1085.63  1085.75  1086.79  1086.84
eigval :     1104.26  1104.33  1105.92  1105.94  1119.18  1119.29
eigval :     1119.93  1120.11  1126.20  1126.31  1127.10  1127.15
eigval :     1143.79  1143.92  1144.18  1144.29  1149.59  1149.83
eigval :     1150.43  1150.52  1156.73  1156.92  1157.24  1157.40
eigval :     1161.45  1161.92  1162.42  1163.44  1167.10  1167.63
eigval :     1168.87  1169.56  1170.24  1170.64  1171.47  1172.61
eigval :     1187.89  1188.07  1188.21  1188.35  1200.63  1200.81
eigval :     1202.39  1202.57  1213.83  1214.06  1214.53  1214.90
eigval :     1220.31  1220.37  1220.75  1221.30  1230.96  1231.33
eigval :     1231.47  1232.41  1237.45  1237.81  1238.47  1238.54
eigval :     1240.22  1240.58  1243.50  1243.68  1279.99  1280.08
eigval :     1280.84  1280.93  1293.90  1293.95  1295.47  1295.58
eigval :     1296.65  1297.21  1298.83  1299.40  1299.60  1300.14
eigval :     1301.07  1301.59  1320.14  1320.36  1321.53  1321.73
eigval :     1337.47  1337.90  1338.91  1338.96  1339.64  1339.69
eigval :     1342.12  1342.19  1359.62  1359.72  1361.02  1361.64
eigval :     1368.58  1369.48  1370.46  1371.71  1374.09  1374.47
eigval :     1374.99  1375.58  1380.71  1380.97  1382.45  1382.62
eigval :     1402.14  1402.22  1402.25  1402.32  1416.50  1416.54
eigval :     1416.80  1416.93  1419.24  1419.35  1419.54  1419.75
eigval :     1431.58  1431.94  1433.10  1433.36  1447.02  1447.40
eigval :     1447.71  1448.09  1468.28  1468.39  1468.65  1468.69
eigval :     1482.11  1482.18  1483.28  1483.37  1487.13  1487.26
eigval :     1488.72  1488.82  1520.21  1520.32  1523.27  1523.29
eigval :     1529.49  1529.65  1530.58  1530.74  1542.08  1542.60
eigval :     1542.99  1543.72  1560.21  1560.38  1561.40  1561.46
eigval :     1561.67  1561.73  1563.06  1563.21  1567.62  1567.65
eigval :     1568.80  1568.89  1569.24  1569.33  1570.31  1570.33
eigval :     1589.12  1589.19  1590.12  1590.21  1606.82  1606.92
eigval :     1608.54  1608.60  2294.81  2295.24  2298.36  2298.57
eigval :     2300.15  2300.60  2302.06  2302.53  2970.20  2970.49
eigval :     2977.47  2978.06  2999.84  3000.11  3001.91  3002.94
eigval :     3004.18  3004.77  3005.81  3005.99  3021.64  3021.92
eigval :     3032.97  3033.73  3083.89  3084.14  3084.25  3084.44
eigval :     3084.85  3085.03  3085.53  3086.49  3092.39  3092.55
eigval :     3092.56  3092.86  3097.30  3097.36  3097.86  3097.91
eigval :     3099.52  3099.78  3099.86  3100.23  3102.97  3103.29
eigval :     3103.61  3104.07  3107.59  3108.08  3108.43  3108.53
eigval :     3108.89  3108.96  3109.85  3110.05  3111.13  3111.49
eigval :     3111.80  3111.99  3112.68  3112.76  3112.94  3113.12
eigval :     3114.92  3115.29  3116.87  3117.24  3118.53  3119.00
eigval :     3119.64  3119.67  3474.90  3475.98  3476.88  3476.96
 reduced masses (amu)
   1: 17.67   2: 19.58   3: 23.40   4: 21.28   5: 22.30   6: 22.61   7: 17.09   8: 11.85
   9: 13.22  10: 12.11  11: 14.45  12: 27.16  13: 12.85  14: 18.28  15: 18.32  16: 20.55
  17: 13.84  18: 14.34  19: 12.97  20: 11.95  21: 16.13  22: 12.40  23: 16.06  24: 16.13
  25: 11.43  26: 19.55  27: 10.94  28: 11.55  29: 12.22  30: 12.32  31: 12.86  32: 12.20
  33: 15.92  34: 12.02  35: 11.52  36: 12.50  37: 19.55  38: 13.39  39: 11.63  40: 15.63
  41: 12.40  42: 15.43  43: 11.92  44: 12.81  45: 13.95  46: 11.58  47: 11.37  48: 11.93
  49: 11.96  50: 11.46  51: 13.80  52: 11.55  53: 17.28  54: 12.36  55: 12.20  56: 13.75
  57: 12.15  58: 11.93  59: 11.58  60: 11.98  61: 13.42  62: 11.63  63: 11.27  64: 14.77
  65: 15.22  66: 16.21  67: 14.72  68: 12.21  69: 10.82  70: 11.52  71: 10.98  72: 10.62
  73: 11.24  74: 11.42  75: 14.36  76: 13.74  77: 15.91  78: 16.61  79: 12.69  80: 19.61
  81: 18.65  82: 18.52  83: 16.39  84: 20.74  85: 21.82  86: 12.37  87: 12.36  88: 12.84
  89: 12.20  90: 13.84  91: 17.31  92: 18.34  93: 21.32  94: 12.04  95: 19.79  96: 13.19
  97: 44.84  98: 30.07  99: 35.79 100: 28.96 101: 28.24 102: 26.59 103: 12.73 104: 14.88
 105: 40.07 106: 38.29 107: 11.09 108: 11.04 109: 11.39 110: 11.73 111: 11.73 112: 12.61
 113: 15.04 114: 15.87 115: 16.08 116: 15.96 117: 13.75 118: 13.87 119: 10.16 120: 10.19
 121:  9.30 122:  9.31 123:  9.43 124:  9.38 125: 10.33 126:  9.79 127:  9.77 128:  9.94
 129: 10.65 130: 10.61 131: 10.83 132: 10.84 133: 12.53 134: 12.48 135: 11.69 136: 11.68
 137: 11.67 138: 11.69 139:  9.66 140:  9.66 141:  9.73 142:  9.74 143: 11.61 144: 11.64
 145: 11.72 146: 11.65 147: 11.53 148: 11.56 149: 11.63 150: 11.64 151: 10.68 152: 10.65
 153: 11.43 154: 11.48 155: 11.53 156: 11.59 157: 11.69 158: 11.71 159: 11.58 160: 11.57
 161: 11.72 162: 11.75 163: 11.11 164: 11.13 165: 11.17 166: 11.29 167: 11.67 168: 11.70
 169: 11.75 170: 12.03 171: 10.54 172: 10.79 173:  8.92 174:  9.82 175: 11.00 176:  9.36
 177: 10.65 178:  7.87 179:  6.99 180:  9.68 181:  8.60 182:  9.52 183: 10.51 184: 10.64
 185: 10.55 186: 10.64 187: 10.36 188: 10.34 189: 10.37 190: 10.45 191: 11.55 192: 11.58
 193: 11.91 194: 12.16 195:  8.15 196:  8.14 197:  7.90 198:  7.85 199: 11.49 200: 11.48
 201: 11.84 202: 11.82 203: 11.06 204: 11.06 205: 11.07 206: 11.07 207: 11.39 208: 11.40
 209: 11.40 210: 11.39 211: 11.85 212: 11.85 213: 11.47 214: 11.55 215: 11.47 216: 11.53
 217: 12.74 218: 12.80 219:  9.66 220:  9.66 221:  9.90 222:  9.89 223: 11.40 224: 11.38
 225: 11.38 226: 11.44 227: 11.38 228: 11.38 229: 11.38 230: 11.38 231: 11.61 232: 11.62
 233: 11.80 234: 11.77 235: 11.79 236: 11.79 237: 11.79 238: 11.79 239: 10.70 240: 10.66
 241: 10.70 242: 10.68 243: 11.34 244: 11.33 245: 11.37 246: 11.38 247:  4.62 248:  4.58
 249:  3.96 250:  4.57 251:  4.42 252:  3.85 253:  3.81 254:  3.77 255: 11.44 256: 11.43
 257: 11.58 258: 11.59 259:  4.56 260:  4.54 261:  4.68 262:  4.69 263:  4.57 264:  4.50
 265:  5.32 266:  6.11 267: 10.01 268:  9.49 269: 11.31 270: 11.14 271:  4.14 272:  4.11
 273:  4.11 274:  4.13 275: 11.23 276: 11.20 277: 11.21 278: 11.36 279:  4.62 280:  4.60
 281:  4.00 282:  3.99 283:  3.48 284:  3.47 285:  3.45 286:  3.46 287:  3.38 288:  3.51
 289:  6.08 290:  6.40 291:  6.50 292:  6.65 293:  3.43 294:  3.55 295:  8.12 296:  7.98
 297:  8.76 298:  8.57 299:  3.75 300:  3.74 301:  3.73 302:  3.73 303:  3.82 304:  3.81
 305:  3.82 306:  3.79 307: 10.09 308:  9.89 309:  6.69 310:  6.05 311:  4.78 312:  4.83
 313:  7.70 314:  8.49 315:  3.39 316:  3.35 317:  3.37 318:  3.36 319:  3.33 320:  3.32
 321:  3.41 322:  3.41 323:  3.78 324:  3.77 325:  3.77 326:  3.77 327:  3.69 328:  3.69
 329:  3.70 330:  3.69 331: 10.54 332: 10.55 333: 10.51 334: 10.53 335: 10.58 336: 10.57
 337: 10.73 338: 10.73 339:  7.58 340:  7.58 341:  7.62 342:  7.63 343:  9.14 344:  9.11
 345:  9.09 346:  9.10 347:  7.29 348:  7.29 349:  7.38 350:  7.39 351:  6.60 352:  6.61
 353:  6.63 354:  6.62 355:  6.17 356:  6.16 357:  6.16 358:  6.16 359:  3.82 360:  3.81
 361:  3.79 362:  3.77 363:  7.52 364:  7.51 365:  7.36 366:  7.33 367:  3.46 368:  3.47
 369:  3.41 370:  3.38 371:  4.90 372:  4.99 373:  5.19 374:  5.19 375:  3.72 376:  3.73
 377:  3.71 378:  3.71 379:  4.94 380:  5.47 381:  4.79 382:  5.81 383:  2.47 384:  2.30
 385:  2.32 386:  3.58 387:  3.71 388:  3.11 389:  2.48 390:  2.70 391:  3.68 392:  3.75
 393:  3.71 394:  3.75 395:  6.19 396:  6.19 397:  6.18 398:  6.18 399:  5.21 400:  5.29
 401:  5.25 402:  5.36 403:  5.20 404:  5.16 405:  5.38 406:  5.52 407:  4.01 408:  3.96
 409:  3.96 410:  4.48 411:  5.15 412:  5.13 413:  6.06 414:  6.03 415:  4.75 416:  5.17
 417:  4.31 418:  4.44 419:  7.15 420:  7.15 421:  7.17 422:  7.19 423:  8.98 424:  8.79
 425:  8.41 426:  8.70 427: 11.80 428: 11.63 429: 11.47 430: 11.61 431:  9.44 432:  9.67
 433:  9.51 434:  9.83 435: 10.45 436: 10.46 437: 10.41 438: 10.42 439: 10.55 440: 10.75
 441: 10.54 442: 10.38 443: 11.17 444: 11.14 445: 10.77 446: 10.77 447: 10.29 448: 10.27
 449: 10.25 450: 10.34 451: 10.24 452: 10.25 453: 10.25 454: 10.27 455:  9.31 456:  9.44
 457:  9.37 458:  9.49 459: 10.53 460: 10.56 461: 10.66 462: 10.68 463: 11.02 464: 11.03
 465: 10.90 466: 10.90 467: 10.75 468: 10.74 469: 10.71 470: 10.70 471: 10.49 472: 10.50
 473: 10.48 474: 10.46 475: 11.15 476: 11.15 477: 11.17 478: 11.17 479: 10.98 480: 10.99
 481: 10.99 482: 11.00 483: 10.98 484: 10.97 485: 10.97 486: 10.97 487: 11.33 488: 11.33
 489: 11.35 490: 11.36 491: 11.44 492: 11.43 493: 11.46 494: 11.46 495: 11.51 496: 11.51
 497: 11.53 498: 11.53 499: 11.75 500: 11.75 501: 11.74 502: 11.75 503: 11.71 504: 11.73
 505: 11.71 506: 11.74 507: 11.57 508: 11.57 509: 11.57 510: 11.56 511: 11.58 512: 11.55
 513: 11.59 514: 11.59 515: 11.63 516: 11.64 517: 11.54 518: 11.51 519: 11.56 520: 11.55
 521: 11.47 522: 11.47 523: 11.73 524: 11.73 525: 11.73 526: 11.74 527: 11.75 528: 11.75
 529: 11.76 530: 11.76 531: 12.01 532: 12.01 533: 12.01 534: 12.01 535: 12.01 536: 12.01
 537: 12.01 538: 12.01 539:  1.85 540:  1.85 541:  1.85 542:  1.85 543:  1.85 544:  1.85
 545:  1.84 546:  1.84 547:  1.84 548:  1.84 549:  1.83 550:  1.83 551:  1.84 552:  1.84
 553:  1.84 554:  1.84 555:  1.79 556:  1.79 557:  1.79 558:  1.79 559:  1.79 560:  1.79
 561:  1.79 562:  1.79 563:  1.78 564:  1.78 565:  1.78 566:  1.78 567:  1.88 568:  1.88
 569:  1.88 570:  1.88 571:  1.87 572:  1.87 573:  1.88 574:  1.88 575:  1.84 576:  1.84
 577:  1.84 578:  1.84 579:  1.81 580:  1.81 581:  1.90 582:  1.90 583:  1.90 584:  1.90
 585:  1.81 586:  1.81 587:  1.86 588:  1.86 589:  1.86 590:  1.86 591:  1.84 592:  1.84
 593:  1.84 594:  1.84 595:  1.84 596:  1.84 597:  1.84 598:  1.84 599:  1.90 600:  1.90
 601:  1.90 602:  1.90 603:  1.87 604:  1.87 605:  1.87 606:  1.87
 IR intensities (amu)
   1:  0.57   2:  0.38   3:  0.19   4:  0.53   5:  0.34   6:  0.57   7:  0.59   8:  0.04
   9:  0.39  10:  0.11  11:  0.24  12:  0.02  13:  0.07  14:  0.52  15:  0.24  16:  0.08
  17:  0.05  18:  0.11  19:  0.04  20:  0.08  21:  0.17  22:  0.12  23:  0.12  24:  0.16
  25:  0.05  26:  0.09  27:  0.09  28:  0.04  29:  0.20  30:  0.06  31:  0.21  32:  0.23
  33:  0.39  34:  0.17  35:  0.01  36:  0.09  37:  0.07  38:  0.03  39:  0.11  40:  0.02
  41:  0.05  42:  0.01  43:  0.14  44:  0.16  45:  0.04  46:  0.14  47:  0.07  48:  0.09
  49:  0.11  50:  0.03  51:  0.03  52:  0.05  53:  0.05  54:  0.15  55:  0.16  56:  0.04
  57:  0.11  58:  0.28  59:  0.10  60:  0.09  61:  0.09  62:  0.03  63:  0.03  64:  0.02
  65:  0.60  66:  0.13  67:  0.11  68:  0.02  69:  0.01  70:  0.32  71:  0.04  72:  0.08
  73:  0.09  74:  0.23  75:  0.44  76:  0.53  77:  0.46  78:  0.26  79:  0.16  80:  0.08
  81:  0.41  82:  0.00  83:  0.49  84:  0.85  85:  0.40  86:  0.04  87:  0.18  88:  0.43
  89:  0.13  90:  0.10  91:  0.66  92:  0.13  93:  0.70  94:  0.07  95:  0.06  96:  0.13
  97:  0.53  98:  0.36  99:  1.02 100:  0.41 101:  0.39 102:  0.62 103:  0.10 104:  0.19
 105:  0.04 106:  1.38 107:  0.10 108:  0.03 109:  0.05 110:  0.10 111:  0.18 112:  0.35
 113:  0.52 114:  0.29 115:  0.07 116:  0.42 117:  0.12 118:  0.23 119:  0.03 120:  0.06
 121:  0.05 122:  0.07 123:  0.11 124:  0.04 125:  0.14 126:  0.09 127:  0.12 128:  0.08
 129:  0.05 130:  0.05 131:  0.10 132:  0.01 133:  0.21 134:  0.16 135:  0.07 136:  0.08
 137:  0.07 138:  0.09 139:  0.08 140:  0.06 141:  0.09 142:  0.08 143:  0.19 144:  0.16
 145:  0.23 146:  0.29 147:  0.05 148:  0.20 149:  0.25 150:  0.19 151:  0.11 152:  0.11
 153:  0.11 154:  0.25 155:  0.02 156:  0.08 157:  0.01 158:  0.11 159:  0.22 160:  0.18
 161:  0.35 162:  0.22 163:  0.15 164:  0.11 165:  0.15 166:  0.14 167:  0.01 168:  0.54
 169:  0.42 170:  0.42 171:  0.09 172:  0.07 173:  0.42 174:  0.41 175:  0.22 176:  0.07
 177:  0.02 178:  0.16 179:  0.25 180:  0.04 181:  0.72 182:  0.13 183:  0.10 184:  0.25
 185:  0.29 186:  0.29 187:  0.21 188:  0.15 189:  0.28 190:  0.08 191:  0.38 192:  0.23
 193:  0.54 194:  0.08 195:  0.06 196:  0.04 197:  0.06 198:  0.07 199:  0.06 200:  0.07
 201:  0.64 202:  0.35 203:  0.09 204:  0.09 205:  0.07 206:  0.06 207:  0.54 208:  0.20
 209:  0.11 210:  0.25 211:  0.29 212:  0.16 213:  0.03 214:  0.05 215:  0.04 216:  0.25
 217:  0.20 218:  0.49 219:  0.11 220:  0.16 221:  0.17 222:  0.24 223:  0.18 224:  0.09
 225:  0.20 226:  0.10 227:  0.25 228:  0.24 229:  0.12 230:  0.12 231:  0.19 232:  0.03
 233:  0.14 234:  0.66 235:  0.03 236:  0.03 237:  0.02 238:  0.02 239:  0.03 240:  0.08
 241:  0.20 242:  0.19 243:  0.09 244:  0.08 245:  0.24 246:  0.07 247:  0.20 248:  0.16
 249:  0.09 250:  0.26 251:  0.24 252:  0.13 253:  0.10 254:  0.07 255:  0.38 256:  0.04
 257:  0.64 258:  0.25 259:  0.37 260:  0.63 261:  0.15 262:  0.08 263:  0.04 264:  0.08
 265:  0.16 266:  0.26 267:  0.58 268:  0.16 269:  0.60 270:  0.31 271:  0.30 272:  0.32
 273:  0.32 274:  0.17 275:  0.39 276:  0.10 277:  0.09 278:  0.29 279:  0.06 280:  0.06
 281:  0.07 282:  0.07 283:  0.07 284:  0.07 285:  0.07 286:  0.06 287:  0.07 288:  0.06
 289:  0.09 290:  0.08 291:  0.07 292:  0.06 293:  0.08 294:  0.04 295:  0.09 296:  0.06
 297:  0.04 298:  0.04 299:  0.07 300:  0.06 301:  0.04 302:  0.04 303:  0.02 304:  0.02
 305:  0.03 306:  0.02 307:  0.03 308:  0.80 309:  0.08 310:  0.20 311:  0.16 312:  0.24
 313:  0.13 314:  0.11 315:  0.02 316:  0.01 317:  0.06 318:  0.06 319:  0.04 320:  0.04
 321:  0.03 322:  0.04 323:  0.02 324:  0.02 325:  0.02 326:  0.02 327:  0.02 328:  0.01
 329:  0.02 330:  0.01 331:  0.10 332:  0.03 333:  0.19 334:  0.31 335:  0.01 336:  0.03
 337:  0.36 338:  0.25 339:  0.09 340:  0.12 341:  0.13 342:  0.14 343:  0.07 344:  0.23
 345:  0.18 346:  0.40 347:  0.46 348:  0.30 349:  0.61 350:  0.51 351:  0.57 352:  0.65
 353:  0.58 354:  0.07 355:  0.47 356:  0.46 357:  0.48 358:  0.48 359:  0.81 360:  0.37
 361:  0.31 362:  0.24 363:  1.02 364:  1.12 365:  0.37 366:  1.43 367:  0.86 368:  0.38
 369:  0.69 370:  0.46 371:  0.27 372:  0.73 373:  1.19 374:  0.90 375:  0.51 376:  0.83
 377:  0.41 378:  0.54 379:  0.76 380:  0.18 381:  1.11 382:  0.13 383:  0.30 384:  0.30
 385:  0.35 386:  0.45 387:  0.53 388:  0.25 389:  0.12 390:  0.04 391:  0.45 392:  0.17
 393:  0.18 394:  0.52 395:  0.50 396:  0.59 397:  0.49 398:  0.59 399:  0.80 400:  0.12
 401:  0.88 402:  0.13 403:  0.08 404:  0.77 405:  0.59 406:  1.76 407:  0.29 408:  0.17
 409:  0.47 410:  0.04 411:  0.10 412:  0.70 413:  0.63 414:  0.50 415:  0.04 416:  0.48
 417:  0.15 418:  0.08 419:  0.92 420:  0.15 421:  0.41 422:  0.19 423:  1.65 424:  0.84
 425:  0.92 426:  2.04 427:  0.01 428:  0.11 429:  0.19 430:  1.08 431:  0.27 432:  0.70
 433:  1.20 434:  0.31 435:  1.02 436:  2.61 437:  0.70 438:  2.76 439:  1.23 440:  0.28
 441:  1.50 442:  0.75 443:  0.26 444:  0.41 445:  0.82 446:  0.09 447:  0.06 448:  0.78
 449:  0.11 450:  1.72 451:  0.91 452:  1.06 453:  1.15 454:  0.01 455:  0.11 456:  1.57
 457:  1.58 458:  0.06 459:  1.72 460:  0.94 461:  1.45 462:  0.85 463:  0.36 464:  0.60
 465:  1.81 466:  0.54 467:  0.29 468:  0.29 469:  0.16 470:  0.17 471:  0.23 472:  0.21
 473:  0.09 474:  0.29 475:  0.79 476:  0.37 477:  0.45 478:  0.48 479:  0.05 480:  0.41
 481:  1.31 482:  0.22 483:  0.04 484:  0.55 485:  0.53 486:  0.28 487:  1.18 488:  1.47
 489:  0.85 490:  2.24 491:  0.04 492:  0.43 493:  0.24 494:  0.17 495:  0.34 496:  0.02
 497:  0.59 498:  0.70 499:  0.40 500:  1.47 501:  0.49 502:  1.25 503:  1.58 504:  4.68
 505:  1.64 506:  0.35 507:  0.35 508:  0.71 509:  0.30 510:  0.24 511:  0.89 512:  1.29
 513:  0.49 514:  1.31 515:  0.29 516:  0.44 517:  0.28 518:  0.78 519:  0.15 520:  0.29
 521:  0.55 522:  0.55 523:  1.47 524:  1.69 525:  1.42 526:  3.24 527:  1.67 528:  0.82
 529:  1.55 530:  0.60 531:  1.84 532:  2.65 533:  1.41 534:  2.43 535:  2.01 536:  6.14
 537:  5.23 538:  0.80 539:  0.02 540:  0.02 541:  0.03 542:  0.02 543:  0.10 544:  0.11
 545:  0.16 546:  0.16 547:  0.11 548:  0.08 549:  0.10 550:  0.10 551:  0.06 552:  0.06
 553:  0.08 554:  0.08 555:  0.02 556:  0.34 557:  0.17 558:  0.19 559:  0.21 560:  0.16
 561:  0.44 562:  0.34 563:  0.15 564:  0.14 565:  0.15 566:  0.14 567:  0.28 568:  0.50
 569:  0.15 570:  0.44 571:  0.14 572:  0.07 573:  0.45 574:  0.79 575:  0.18 576:  0.17
 577:  0.17 578:  0.17 579:  0.08 580:  0.09 581:  0.27 582:  0.26 583:  0.24 584:  0.39
 585:  0.09 586:  0.09 587:  0.16 588:  0.14 589:  0.13 590:  0.13 591:  0.05 592:  0.03
 593:  0.03 594:  0.03 595:  0.03 596:  0.03 597:  0.09 598:  0.04 599:  0.07 600:  0.07
 601:  0.02 602:  0.10 603:  0.59 604:  0.58 605:  0.58 606:  0.68
 Raman intensities (amu)
   1:  0.00   2:  0.00   3:  0.00   4:  0.00   5:  0.00   6:  0.00   7:  0.00   8:  0.00
   9:  0.00  10:  0.00  11:  0.00  12:  0.00  13:  0.00  14:  0.00  15:  0.00  16:  0.00
  17:  0.00  18:  0.00  19:  0.00  20:  0.00  21:  0.00  22:  0.00  23:  0.00  24:  0.00
  25:  0.00  26:  0.00  27:  0.00  28:  0.00  29:  0.00  30:  0.00  31:  0.00  32:  0.00
  33:  0.00  34:  0.00  35:  0.00  36:  0.00  37:  0.00  38:  0.00  39:  0.00  40:  0.00
  41:  0.00  42:  0.00  43:  0.00  44:  0.00  45:  0.00  46:  0.00  47:  0.00  48:  0.00
  49:  0.00  50:  0.00  51:  0.00  52:  0.00  53:  0.00  54:  0.00  55:  0.00  56:  0.00
  57:  0.00  58:  0.00  59:  0.00  60:  0.00  61:  0.00  62:  0.00  63:  0.00  64:  0.00
  65:  0.00  66:  0.00  67:  0.00  68:  0.00  69:  0.00  70:  0.00  71:  0.00  72:  0.00
  73:  0.00  74:  0.00  75:  0.00  76:  0.00  77:  0.00  78:  0.00  79:  0.00  80:  0.00
  81:  0.00  82:  0.00  83:  0.00  84:  0.00  85:  0.00  86:  0.00  87:  0.00  88:  0.00
  89:  0.00  90:  0.00  91:  0.00  92:  0.00  93:  0.00  94:  0.00  95:  0.00  96:  0.00
  97:  0.00  98:  0.00  99:  0.00 100:  0.00 101:  0.00 102:  0.00 103:  0.00 104:  0.00
 105:  0.00 106:  0.00 107:  0.00 108:  0.00 109:  0.00 110:  0.00 111:  0.00 112:  0.00
 113:  0.00 114:  0.00 115:  0.00 116:  0.00 117:  0.00 118:  0.00 119:  0.00 120:  0.00
 121:  0.00 122:  0.00 123:  0.00 124:  0.00 125:  0.00 126:  0.00 127:  0.00 128:  0.00
 129:  0.00 130:  0.00 131:  0.00 132:  0.00 133:  0.00 134:  0.00 135:  0.00 136:  0.00
 137:  0.00 138:  0.00 139:  0.00 140:  0.00 141:  0.00 142:  0.00 143:  0.00 144:  0.00
 145:  0.00 146:  0.00 147:  0.00 148:  0.00 149:  0.00 150:  0.00 151:  0.00 152:  0.00
 153:  0.00 154:  0.00 155:  0.00 156:  0.00 157:  0.00 158:  0.00 159:  0.00 160:  0.00
 161:  0.00 162:  0.00 163:  0.00 164:  0.00 165:  0.00 166:  0.00 167:  0.00 168:  0.00
 169:  0.00 170:  0.00 171:  0.00 172:  0.00 173:  0.00 174:  0.00 175:  0.00 176:  0.00
 177:  0.00 178:  0.00 179:  0.00 180:  0.00 181:  0.00 182:  0.00 183:  0.00 184:  0.00
 185:  0.00 186:  0.00 187:  0.00 188:  0.00 189:  0.00 190:  0.00 191:  0.00 192:  0.00
 193:  0.00 194:  0.00 195:  0.00 196:  0.00 197:  0.00 198:  0.00 199:  0.00 200:  0.00
 201:  0.00 202:  0.00 203:  0.00 204:  0.00 205:  0.00 206:  0.00 207:  0.00 208:  0.00
 209:  0.00 210:  0.00 211:  0.00 212:  0.00 213:  0.00 214:  0.00 215:  0.00 216:  0.00
 217:  0.00 218:  0.00 219:  0.00 220:  0.00 221:  0.00 222:  0.00 223:  0.00 224:  0.00
 225:  0.00 226:  0.00 227:  0.00 228:  0.00 229:  0.00 230:  0.00 231:  0.00 232:  0.00
 233:  0.00 234:  0.00 235:  0.00 236:  0.00 237:  0.00 238:  0.00 239:  0.00 240:  0.00
 241:  0.00 242:  0.00 243:  0.00 244:  0.00 245:  0.00 246:  0.00 247:  0.00 248:  0.00
 249:  0.00 250:  0.00 251:  0.00 252:  0.00 253:  0.00 254:  0.00 255:  0.00 256:  0.00
 257:  0.00 258:  0.00 259:  0.00 260:  0.00 261:  0.00 262:  0.00 263:  0.00 264:  0.00
 265:  0.00 266:  0.00 267:  0.00 268:  0.00 269:  0.00 270:  0.00 271:  0.00 272:  0.00
 273:  0.00 274:  0.00 275:  0.00 276:  0.00 277:  0.00 278:  0.00 279:  0.00 280:  0.00
 281:  0.00 282:  0.00 283:  0.00 284:  0.00 285:  0.00 286:  0.00 287:  0.00 288:  0.00
 289:  0.00 290:  0.00 291:  0.00 292:  0.00 293:  0.00 294:  0.00 295:  0.00 296:  0.00
 297:  0.00 298:  0.00 299:  0.00 300:  0.00 301:  0.00 302:  0.00 303:  0.00 304:  0.00
 305:  0.00 306:  0.00 307:  0.00 308:  0.00 309:  0.00 310:  0.00 311:  0.00 312:  0.00
 313:  0.00 314:  0.00 315:  0.00 316:  0.00 317:  0.00 318:  0.00 319:  0.00 320:  0.00
 321:  0.00 322:  0.00 323:  0.00 324:  0.00 325:  0.00 326:  0.00 327:  0.00 328:  0.00
 329:  0.00 330:  0.00 331:  0.00 332:  0.00 333:  0.00 334:  0.00 335:  0.00 336:  0.00
 337:  0.00 338:  0.00 339:  0.00 340:  0.00 341:  0.00 342:  0.00 343:  0.00 344:  0.00
 345:  0.00 346:  0.00 347:  0.00 348:  0.00 349:  0.00 350:  0.00 351:  0.00 352:  0.00
 353:  0.00 354:  0.00 355:  0.00 356:  0.00 357:  0.00 358:  0.00 359:  0.00 360:  0.00
 361:  0.00 362:  0.00 363:  0.00 364:  0.00 365:  0.00 366:  0.00 367:  0.00 368:  0.00
 369:  0.00 370:  0.00 371:  0.00 372:  0.00 373:  0.00 374:  0.00 375:  0.00 376:  0.00
 377:  0.00 378:  0.00 379:  0.00 380:  0.00 381:  0.00 382:  0.00 383:  0.00 384:  0.00
 385:  0.00 386:  0.00 387:  0.00 388:  0.00 389:  0.00 390:  0.00 391:  0.00 392:  0.00
 393:  0.00 394:  0.00 395:  0.00 396:  0.00 397:  0.00 398:  0.00 399:  0.00 400:  0.00
 401:  0.00 402:  0.00 403:  0.00 404:  0.00 405:  0.00 406:  0.00 407:  0.00 408:  0.00
 409:  0.00 410:  0.00 411:  0.00 412:  0.00 413:  0.00 414:  0.00 415:  0.00 416:  0.00
 417:  0.00 418:  0.00 419:  0.00 420:  0.00 421:  0.00 422:  0.00 423:  0.00 424:  0.00
 425:  0.00 426:  0.00 427:  0.00 428:  0.00 429:  0.00 430:  0.00 431:  0.00 432:  0.00
 433:  0.00 434:  0.00 435:  0.00 436:  0.00 437:  0.00 438:  0.00 439:  0.00 440:  0.00
 441:  0.00 442:  0.00 443:  0.00 444:  0.00 445:  0.00 446:  0.00 447:  0.00 448:  0.00
 449:  0.00 450:  0.00 451:  0.00 452:  0.00 453:  0.00 454:  0.00 455:  0.00 456:  0.00
 457:  0.00 458:  0.00 459:  0.00 460:  0.00 461:  0.00 462:  0.00 463:  0.00 464:  0.00
 465:  0.00 466:  0.00 467:  0.00 468:  0.00 469:  0.00 470:  0.00 471:  0.00 472:  0.00
 473:  0.00 474:  0.00 475:  0.00 476:  0.00 477:  0.00 478:  0.00 479:  0.00 480:  0.00
 481:  0.00 482:  0.00 483:  0.00 484:  0.00 485:  0.00 486:  0.00 487:  0.00 488:  0.00
 489:  0.00 490:  0.00 491:  0.00 492:  0.00 493:  0.00 494:  0.00 495:  0.00 496:  0.00
 497:  0.00 498:  0.00 499:  0.00 500:  0.00 501:  0.00 502:  0.00 503:  0.00 504:  0.00
 505:  0.00 506:  0.00 507:  0.00 508:  0.00 509:  0.00 510:  0.00 511:  0.00 512:  0.00
 513:  0.00 514:  0.00 515:  0.00 516:  0.00 517:  0.00 518:  0.00 519:  0.00 520:  0.00
 521:  0.00 522:  0.00 523:  0.00 524:  0.00 525:  0.00 526:  0.00 527:  0.00 528:  0.00
 529:  0.00 530:  0.00 531:  0.00 532:  0.00 533:  0.00 534:  0.00 535:  0.00 536:  0.00
 537:  0.00 538:  0.00 539:  0.00 540:  0.00 541:  0.00 542:  0.00 543:  0.00 544:  0.00
 545:  0.00 546:  0.00 547:  0.00 548:  0.00 549:  0.00 550:  0.00 551:  0.00 552:  0.00
 553:  0.00 554:  0.00 555:  0.00 556:  0.00 557:  0.00 558:  0.00 559:  0.00 560:  0.00
 561:  0.00 562:  0.00 563:  0.00 564:  0.00 565:  0.00 566:  0.00 567:  0.00 568:  0.00
 569:  0.00 570:  0.00 571:  0.00 572:  0.00 573:  0.00 574:  0.00 575:  0.00 576:  0.00
 577:  0.00 578:  0.00 579:  0.00 580:  0.00 581:  0.00 582:  0.00 583:  0.00 584:  0.00
 585:  0.00 586:  0.00 587:  0.00 588:  0.00 589:  0.00 590:  0.00 591:  0.00 592:  0.00
 593:  0.00 594:  0.00 595:  0.00 596:  0.00 597:  0.00 598:  0.00 599:  0.00 600:  0.00
 601:  0.00 602:  0.00 603:  0.00 604:  0.00 605:  0.00 606:  0.00
 output can be read by thermo (or use thermo option).
 writing <g98.out> molden fake output.
 recommended (thermochemical) frequency scaling factor: 1.0
           -------------------------------------------------
          |             Thermodynamic Functions             |
           -------------------------------------------------
 symmetry recognition skipped because # atoms >         200

          ...................................................
          :                      SETUP                      :
          :.................................................:
          :  # frequencies                         600      :
          :  # imaginary freq.                       0      :
          :  linear?                             false      :
          :  only rotor calc.                    false      :
          :  symmetry                               C1      :
          :  rotational number                       1      :
          :  scaling factor                  1.0000000      :
          :  rotor cutoff                   50.0000000 cm⁻¹ :
          :  imag. cutoff                  -20.0000000 cm⁻¹ :
          :.................................................:

    mode    ω/cm⁻¹     T·S(HO)/kcal·mol⁻¹    T·S(FR)/kcal·mol⁻¹   T·S(vib)
   ------------------------------------------------------------------------
       1      4.90    -2.81118 (  0.01%)    -1.74468 ( 99.99%)    -1.74478
       2      6.51    -2.64310 (  0.03%)    -1.66065 ( 99.97%)    -1.66093
       3      7.88    -2.52971 (  0.06%)    -1.60395 ( 99.94%)    -1.60452
       4      9.17    -2.44004 (  0.11%)    -1.55911 ( 99.89%)    -1.56010
       5     10.55    -2.35655 (  0.20%)    -1.51736 ( 99.80%)    -1.51902
       6     11.83    -2.28918 (  0.31%)    -1.48366 ( 99.69%)    -1.48617
       7     15.39    -2.13324 (  0.89%)    -1.40566 ( 99.11%)    -1.41213
       8     16.67    -2.08569 (  1.22%)    -1.38188 ( 98.78%)    -1.39047
       9     17.26    -2.06508 (  1.40%)    -1.37157 ( 98.60%)    -1.38128
      10     20.97    -1.94994 (  3.00%)    -1.31396 ( 97.00%)    -1.33305
      11     24.40    -1.86036 (  5.36%)    -1.26912 ( 94.64%)    -1.30084
      12     25.53    -1.83355 (  6.36%)    -1.25570 ( 93.64%)    -1.29247
      13     25.79    -1.82742 (  6.61%)    -1.25263 ( 93.39%)    -1.29065
      14     26.89    -1.80285 (  7.72%)    -1.24033 ( 92.28%)    -1.28374
      15     33.21    -1.67794 ( 16.29%)    -1.17777 ( 83.71%)    -1.25925
      16     34.90    -1.64853 ( 19.19%)    -1.16303 ( 80.81%)    -1.25619
      17     36.01    -1.63014 ( 21.19%)    -1.15381 ( 78.81%)    -1.25476
      18     36.33    -1.62490 ( 21.79%)    -1.15119 ( 78.21%)    -1.25442
      19     38.29    -1.59383 ( 25.59%)    -1.13561 ( 74.41%)    -1.25286
      20     40.52    -1.56031 ( 30.14%)    -1.11880 ( 69.86%)    -1.25188
      21     45.18    -1.49604 ( 40.01%)    -1.08655 ( 59.99%)    -1.25038
      22     46.24    -1.48237 ( 42.25%)    -1.07969 ( 57.75%)    -1.24983
      23     51.83    -1.41508 ( 53.59%)    -1.04589 ( 46.41%)    -1.24375
      24     53.59    -1.39540 ( 56.90%)    -1.03599 ( 43.10%)    -1.24048
      25     54.22    -1.38854 ( 58.03%)    -1.03254 ( 41.97%)    -1.23914
      26     56.50    -1.36431 ( 61.98%)    -1.02036 ( 38.02%)    -1.23354
      27     57.15    -1.35757 ( 63.05%)    -1.01696 ( 36.95%)    -1.23173
      28     60.20    -1.32697 ( 67.75%)    -1.00156 ( 32.25%)    -1.22204
      29     62.07    -1.30897 ( 70.37%)    -0.99250 ( 29.63%)    -1.21519
      30     66.02    -1.27269 ( 75.25%)    -0.97421 ( 24.75%)    -1.19880
      31     70.05    -1.23788 ( 79.40%)    -0.95665 ( 20.60%)    -1.17993
      32     73.02    -1.21357 ( 81.98%)    -0.94437 ( 18.02%)    -1.16505
      33     73.30    -1.21132 ( 82.20%)    -0.94324 ( 17.80%)    -1.16360
      34     78.28    -1.17278 ( 85.73%)    -0.92375 ( 14.27%)    -1.13725
      35     78.87    -1.16842 ( 86.09%)    -0.92155 ( 13.91%)    -1.13408
      36     87.35    -1.10868 ( 90.31%)    -0.89127 (  9.69%)    -1.08760
      37     89.40    -1.09517 ( 91.09%)    -0.88442 (  8.91%)    -1.07639
      38     90.12    -1.09048 ( 91.34%)    -0.88203 (  8.66%)    -1.07244
      39     91.88    -1.07917 ( 91.94%)    -0.87629 (  8.06%)    -1.06282
      40     92.18    -1.07728 ( 92.03%)    -0.87532 (  7.97%)    -1.06119
      41     93.62    -1.06829 ( 92.47%)    -0.87076 (  7.53%)    -1.05343
      42     96.40    -1.05125 ( 93.25%)    -0.86208 (  6.75%)    -1.03848
      43     98.74    -1.03729 ( 93.83%)    -0.85497 (  6.17%)    -1.02604
      44     99.08    -1.03527 ( 93.91%)    -0.85394 (  6.09%)    -1.02422
      45    105.36    -0.99959 ( 95.17%)    -0.83574 (  4.83%)    -0.99168
      46    113.28    -0.95765 ( 96.34%)    -0.81428 (  3.66%)    -0.95241
      47    114.61    -0.95091 ( 96.50%)    -0.81082 (  3.50%)    -0.94601
      48    118.05    -0.93381 ( 96.88%)    -0.80205 (  3.12%)    -0.92970
      49    125.27    -0.89963 ( 97.53%)    -0.78446 (  2.47%)    -0.89678
      50    127.75    -0.88838 ( 97.71%)    -0.77866 (  2.29%)    -0.88586
      51    128.77    -0.88380 ( 97.78%)    -0.77630 (  2.22%)    -0.88141
      52    131.07    -0.87367 ( 97.93%)    -0.77106 (  2.07%)    -0.87154
      53    132.83    -0.86603 ( 98.03%)    -0.76711 (  1.97%)    -0.86408
      54    134.45    -0.85910 ( 98.12%)    -0.76353 (  1.88%)    -0.85731
      55    136.32    -0.85120 ( 98.22%)    -0.75943 (  1.78%)    -0.84957
      56    142.16    -0.82725 ( 98.49%)    -0.74700 (  1.51%)    -0.82604
      57    142.58    -0.82558 ( 98.51%)    -0.74613 (  1.49%)    -0.82440
      58    142.96    -0.82404 ( 98.53%)    -0.74533 (  1.47%)    -0.82288
      59    152.90    -0.78587 ( 98.87%)    -0.72542 (  1.13%)    -0.78519
      60    153.79    -0.78260 ( 98.89%)    -0.72371 (  1.11%)    -0.78194
      61    154.42    -0.78026 ( 98.91%)    -0.72249 (  1.09%)    -0.77963
      62    157.53    -0.76901 ( 99.00%)    -0.71659 (  1.00%)    -0.76849
      63    162.62    -0.75106 ( 99.11%)    -0.70716 (  0.89%)    -0.75067
      64    164.46    -0.74473 ( 99.15%)    -0.70383 (  0.85%)    -0.74439
      65    165.91    -0.73982 ( 99.18%)    -0.70124 (  0.82%)    -0.73950
      66    166.58    -0.73753 ( 99.19%)    -0.70003 (  0.81%)    -0.73723
      67    170.72    -0.72379 ( 99.27%)    -0.69277 (  0.73%)    -0.72356
      68    171.82    -0.72016 ( 99.29%)    -0.69085 (  0.71%)    -0.71995
      69    174.31    -0.71212 ( 99.33%)    -0.68659 (  0.67%)    -0.71195
      70    178.37    -0.69927 ( 99.39%)    -0.67977 (  0.61%)    -0.69915
      71    186.32    -0.67506 ( 99.48%)    -0.66686 (  0.52%)    -0.67501
      72    189.15    -0.66672 ( 99.51%)    -0.66240 (  0.49%)    -0.66670
      73    191.67    -0.65938 ( 99.54%)    -0.65847 (  0.46%)    -0.65938
      74    193.95    -0.65286 ( 99.56%)    -0.65497 (  0.44%)    -0.65287
      75    198.51    -0.64008 ( 99.60%)    -0.64808 (  0.40%)    -0.64011
      76    208.37    -0.61355 ( 99.67%)    -0.63372 (  0.33%)    -0.61362
      77    211.97    -0.60424 ( 99.69%)    -0.62865 (  0.31%)    -0.60432
      78    212.50    -0.60288 ( 99.69%)    -0.62791 (  0.31%)    -0.60296
      79    215.57    -0.59509 ( 99.71%)    -0.62366 (  0.29%)    -0.59518
      80    216.42    -0.59298 ( 99.72%)    -0.62250 (  0.28%)    -0.59307
      81    218.27    -0.58836 ( 99.73%)    -0.61997 (  0.27%)    -0.58845
      82    218.40    -0.58806 ( 99.73%)    -0.61981 (  0.27%)    -0.58814
      83    229.82    -0.56063 ( 99.78%)    -0.60470 (  0.22%)    -0.56073
      84    231.95    -0.55568 ( 99.78%)    -0.60196 (  0.22%)    -0.55578
      85    232.73    -0.55389 ( 99.79%)    -0.60097 (  0.21%)    -0.55399
      86    239.44    -0.53876 ( 99.81%)    -0.59255 (  0.19%)    -0.53886
      87    246.70    -0.52296 ( 99.83%)    -0.58370 (  0.17%)    -0.52306
      88    250.57    -0.51478 ( 99.84%)    -0.57910 (  0.16%)    -0.51488
      89    251.59    -0.51264 ( 99.84%)    -0.57789 (  0.16%)    -0.51274
      90    251.71    -0.51239 ( 99.84%)    -0.57775 (  0.16%)    -0.51249
      91    255.76    -0.50404 ( 99.85%)    -0.57302 (  0.15%)    -0.50414
      92    259.39    -0.49668 ( 99.86%)    -0.56884 (  0.14%)    -0.49678
      93    260.32    -0.49482 ( 99.86%)    -0.56778 (  0.14%)    -0.49492
      94    262.84    -0.48981 ( 99.87%)    -0.56493 (  0.13%)    -0.48991
      95    264.37    -0.48679 ( 99.87%)    -0.56321 (  0.13%)    -0.48689
      96    264.65    -0.48625 ( 99.87%)    -0.56290 (  0.13%)    -0.48635
      97    266.37    -0.48290 ( 99.88%)    -0.56098 (  0.12%)    -0.48299
      98    267.17    -0.48135 ( 99.88%)    -0.56009 (  0.12%)    -0.48145
      99    278.83    -0.45940 ( 99.90%)    -0.54744 (  0.10%)    -0.45949
     100    279.76    -0.45769 ( 99.90%)    -0.54644 (  0.10%)    -0.45779
   ------------------------------------------------------------------------

   temp. (K)  partition function   enthalpy   heat capacity  entropy
                                   cal/mol     cal/K/mol   cal/K/mol   J/K/mol
 298.15  VIB  0.187E+55            68041.815    439.426    428.049
         ROT  0.133E+10              888.752      2.981     44.733
         INT  0.249E+64            68930.568    442.407    472.782
         TR   0.795E+29             1481.254      4.968     48.458
         TOT                       70411.8215   447.3750   521.2405  2180.8701

       T/K    H(0)-H(T)+PV         H(T)/Eh          T*S/Eh         G(T)/Eh
   ------------------------------------------------------------------------
    298.15    0.112208E+00    0.159029E+01    0.247658E+00    0.134263E+01
   ------------------------------------------------------------------------

         :::::::::::::::::::::::::::::::::::::::::::::::::::::
         ::                  THERMODYNAMIC                  ::
         :::::::::::::::::::::::::::::::::::::::::::::::::::::
         :: total free energy        -333.250315166097 Eh   ::
         ::.................................................::
         :: total energy             -334.592943952117 Eh   ::
         :: zero point energy           1.478078566506 Eh   ::
         :: G(RRHO) w/o ZPVE           -0.135449780486 Eh   ::
         :: G(RRHO) contrib.            1.342628786020 Eh   ::
         :::::::::::::::::::::::::::::::::::::::::::::::::::::

           -------------------------------------------------
          | TOTAL ENERGY             -334.592943952117 Eh   |
          | TOTAL ENTHALPY           -333.002657005673 Eh   |
          | TOTAL FREE ENERGY        -333.250315166097 Eh   |
          | GRADIENT NORM               0.000759674151 Eh/α |
          | HOMO-LUMO GAP               1.533336887234 eV   |
           -------------------------------------------------

------------------------------------------------------------------------
 * finished run on 2021/06/22 at 04:29:11.937     
------------------------------------------------------------------------
 total:
 * wall-time:     0 d,  0 h, 23 min, 34.890 sec
 *  cpu-time:     0 d,  1 h, 36 min, 35.852 sec
 * ratio c/w:     4.096 speedup
 SCF:
 * wall-time:     0 d,  0 h,  0 min,  4.087 sec
 *  cpu-time:     0 d,  0 h,  0 min, 12.648 sec
 * ratio c/w:     3.095 speedup
 numerical hessian:
 * wall-time:     0 d,  0 h, 23 min, 28.533 sec
 *  cpu-time:     0 d,  1 h, 36 min, 20.837 sec
 * ratio c/w:     4.104 speedup

