      -----------------------------------------------------------      
     |                   =====================                   |     
     |                           x T B                           |     
     |                   =====================                   |     
     |                         S. Grimme                         |     
     |          Mulliken Center for Theoretical Chemistry        |     
     |                    University of Bonn                     |     
     |                Version 6.2 RC2 (SAW190805)                |     
      -----------------------------------------------------------      

   This program is distributed in the hope that it will be useful,
   but WITHOUT ANY WARRANTY; without even the implied warranty of
   MERCHANTABILITY or FITNESS FOR A PARTICULAR PURPOSE.
   
   FOR NON-COMMERCIAL, ACADEMIA USE ONLY.
   
   Cite this work as:
   * S. Grimme, C. Bannwarth, P. Shushkov, J. Chem. Theory Comput., 2017,
     13, 1989-2009. DOI: 10.1021/acs.jctc.7b00118
   * C. Bannwarth, S. Ehlert and S. Grimme., J. Chem. Theory Comput., 2019,
     15, 1652-1671. DOI: 10.1021/acs.jctc.8b01176
   * P. Pracht, E. Caldeweyher, S. Ehlert, S. Grimme, ChemRxiv, 2019, preprint.
     DOI: 10.26434/chemrxiv.8326202.v1
   
   for DFT-D4:
   * E. Caldeweyher, C. Bannwarth and S. Grimme, J. Chem. Phys., 2017,
     147, 034112. DOI: 10.1063/1.4993215
   * E. Caldeweyher, S. Ehlert, A. Hansen, H. Neugebauer, S. Spicher,
     C. Bannwarth and S. Grimme, J. Chem. Phys., 2019, 150, 154122.
     DOI: 10.1063/1.5090222
   
   for sTDA-xTB:
   * S. Grimme and C. Bannwarth, J. Chem. Phys., 2016, 145, 054103.
     DOI: 10.1063/1.4959605
   
   in the mass-spec context:
   * V. Asgeirsson, C. Bauer and S. Grimme, Chem. Sci., 2017, 8, 4879.
     DOI: 10.1039/c7sc00601b
   
   for metadynamics refer to:
   * S. Grimme, J. Chem. Theory Comput., 2019, 155, 2847-2862
     DOI: 10.1021/acs.jctc.9b00143
   
   with help from (in alphabetical order)
   C. Bannwarth, F. Bohle, G. Brandenburg, E. Caldeweyher, M. Checinski,
   S. Dohm, S. Ehlert, S. Ehrlich, F. März, H. Neugebauer, J. Pisarek,
   P. Pracht, P. Shushkov, and S. Spicher.
   
 * started run on 2021/06/22 at 00:28:45.875     

           -------------------------------------------------
          |                Calculation Setup                |
           -------------------------------------------------

          program call               : /home/atarzia/software/xtb-190806/bin/xtb /data/atarzia/projects/unsymm/screening/production/free_energy_calculations/fe_5a1_a/input_structure.xyz --gfn 2 --hess --parallel 6 --etemp 300 --gbsa dmso --chrg 4 --uhf 0 -I det_control.in
          coordinate file            : /data/atarzia/projects/unsymm/screening/production/free_energy_calculations/fe_5a1_a/input_structure.xyz
          omp threads                :                     6
          number of atoms            :                   178
          number of electrons        :                   536
          charge                     :                     4
          spin                       :                   0.0
          first test random number   :      0.29734137946461


########################################################################
# WARNING! Please study the warnings concerning your input carefully
#  - XTBHOME is not set, using HOME instead
#  - XTBPATH is not set, using XTBHOME instead
#  - Process number higher than OMP_NUM_THREADS, I hope you know what you are doing.
########################################################################

           ------------------------------------------------- 
          |                 G F N 2 - x T B                 |
          | Geometry, Frequencies, Noncovalent interactions |
          |            JCTC 2019 parametrisation            |
           ------------------------------------------------- 
             k(s)              :                1.8500
             k(p)              :                2.2300
             k(d)              :                2.2300
             k(f)              :                2.0000
             kEN (H0ij)        :               -2.0000
             D4 a1             :                0.5200
             D4 a2             :                5.0000
             D4 s6             :                1.0000
             D4 s8             :                2.7000
             D4 s9             :                5.0000
             alphaj            :                2.0000

  Z AO/shell   Hii/eV     exponent
  1     Wed Apr 25 08:07:45 CEST 2018   EN: 2.200 GM2: 0.406  GM3: 0.0800  RAES: 1.40
     1s    -10.707211    1.230000
  6     Wed Apr 25 08:07:45 CEST 2018   EN: 2.550 GM2: 0.538  GM3: 0.1500  RAES: 3.00
     2s    -13.970922    2.096432
     2p    -10.063292    1.800000
  7     Wed Apr 25 08:07:45 CEST 2018   EN: 3.040 GM2: 0.461  GM3:-0.0640  RAES: 1.90
     2s    -16.686243    2.339881
     2p    -12.523956    2.014332
 46     Wed Apr 25 16:26:58 CEST 2018   EN: 2.200 GM2: 0.273  GM3: 0.0800  RAES: 5.00
     4d    -11.963518    2.353691
     5s     -9.714059    1.828354
     5p     -2.035281    1.333352

 Solvent             : dmso
 Using internal parameter file: .param_gbsa2_dmso
 Gsolv ref. state (COSMO-RS): gsolv [1 M gas/solution]
 temperature (mdtemp)       :    298.150000000000     
 dielectric constant        :    46.6800000000000     
 rho                        :    1.10000000000000     
 mass                       :    78.1300000000000     
 surface tension            :    15.5689454083859     
 probe radius               :   0.949087640000000     
 vdW radii scaling          :    1.00000000000000     
 Gshift (Eh)                :   5.161738145414381E-003
 c1                         :    1.63948621000000     
 soset                      :   1.179665000000000E-002
 HB correction              :  T
           ------------------------------------------------- 
          |        Self-Consistent Charge Iterations        |
           ------------------------------------------------- 

          ...................................................
          :                      SETUP                      :
          :.................................................:
          :  # basis functions                 532          :
          :  # atomic orbitals                 530          :
          :  # shells                          294          :
          :  # electrons                       536          :
          :  max. iterations                   250          :
          :  Hamiltonian                  GFN2-xTB          :
          :  restarted?                      false          :
          :  GBSA solvation                   true          :
          :  PC potential                    false          :
          :  electronic temp.          300.0000000     K    :
          :  accuracy                    1.0000000          :
          :  -> integral cutoff          0.2500000E+02      :
          :  -> integral neglect         0.1000000E-07      :
          :  -> SCF convergence          0.1000000E-05 Eh   :
          :  -> wf. convergence          0.1000000E-03 e    :
          :  Broyden damping             0.4000000          :
          ...................................................

 iter      E             dE          RMSdq      gap      omega  full diag
   1   -291.1626449 -0.291163E+03  0.568E+00    2.08       0.0  T
   2   -291.6534109 -0.490766E+00  0.373E+00    1.64       1.0  T
   3   -291.4633871  0.190024E+00  0.203E+00    1.80       1.0  T
   4   -291.8603647 -0.396978E+00  0.910E-01    1.97       1.0  T
   5   -291.9394944 -0.791297E-01  0.404E-01    1.87       1.0  T
   6   -291.9595496 -0.200553E-01  0.166E-01    1.93       1.0  T
   7   -291.9614076 -0.185793E-02  0.837E-02    1.94       1.0  T
   8   -291.9616141 -0.206503E-03  0.349E-02    1.94       1.0  T
   9   -291.9617129 -0.988047E-04  0.141E-02    1.94       1.0  T
  10   -291.9617226 -0.977882E-05  0.586E-03    1.94       1.3  T
  11   -291.9617242 -0.156054E-05  0.342E-03    1.94       2.2  T
  12   -291.9617248 -0.554207E-06  0.127E-03    1.94       5.9  T
  13   -291.9617249 -0.102726E-06  0.617E-04    1.94      12.1  T
  14   -291.9617249 -0.248717E-07  0.328E-04    1.94      22.8  T

   *** convergence criteria satisfied after 14 iterations ***

         #    Occupation            Energy/Eh            Energy/eV
      -------------------------------------------------------------
         1        2.0000           -0.7313229             -19.9003
       ...           ...                  ...                  ...
       262        2.0000           -0.4031545             -10.9704
       263        2.0000           -0.4030989             -10.9689
       264        2.0000           -0.4030241             -10.9668
       265        2.0000           -0.3892262             -10.5914
       266        2.0000           -0.3892133             -10.5910
       267        2.0000           -0.3891957             -10.5906
       268        2.0000           -0.3891488             -10.5893 (HOMO)
       269                         -0.3179561              -8.6520 (LUMO)
       270                         -0.3178565              -8.6493
       271                         -0.3159155              -8.5965
       272                         -0.3148118              -8.5665
       273                         -0.3087272              -8.4009
       ...                                ...                  ...
       530                          1.4564596              39.6323
      -------------------------------------------------------------
                  HL-Gap            0.0711927 Eh            1.9373 eV
             Fermi-level           -0.3535525 Eh           -9.6207 eV

 SCC (total)                   0 d,  0 h,  0 min,  2.362 sec
 SCC setup                      ...        0 min,  0.132 sec (  5.589%)
 Dispersion                     ...        0 min,  0.046 sec (  1.956%)
 integral evaluation            ...        0 min,  0.392 sec ( 16.609%)
 zeroth order Hamiltonian       ...        0 min,  0.008 sec (  0.320%)
 iterations                     ...        0 min,  1.457 sec ( 61.689%)
 molecular gradient             ...        0 min,  0.314 sec ( 13.280%)
 printout                       ...        0 min,  0.013 sec (  0.554%)

         :::::::::::::::::::::::::::::::::::::::::::::::::::::
         ::                     SUMMARY                     ::
         :::::::::::::::::::::::::::::::::::::::::::::::::::::
         :: total energy            -286.647629430875 Eh    ::
         :: total w/o Gsasa/hb      -286.520830727688 Eh    ::
         :: gradient norm              0.000769175116 Eh/a0 ::
         :: HOMO-LUMO gap              1.937252622078 eV    ::
         ::.................................................::
         :: SCC energy              -292.074449307768 Eh    ::
         :: -> isotropic ES            0.622796921273 Eh    ::
         :: -> anisotropic ES         -0.085559077740 Eh    ::
         :: -> anisotropic XC          0.194129042898 Eh    ::
         :: -> dispersion             -0.263746728847 Eh    ::
         :: -> Gsolv                  -0.663254876491 Eh    ::
         ::    -> Gborn               -0.536456173305 Eh    ::
         ::    -> Gsasa               -0.117886165838 Eh    ::
         ::    -> Ghb                 -0.014074275494 Eh    ::
         ::    -> Gshift               0.005161738145 Eh    ::
         :: repulsion energy           5.423605355796 Eh    ::
         :: add. restraining           0.000000000000 Eh    ::
         :::::::::::::::::::::::::::::::::::::::::::::::::::::

           ------------------------------------------------- 
          |                Numerical Hessian                |
           ------------------------------------------------- 
step length          :   0.00500
SCC accuracy         :   0.30000
Hessian scale factor :   1.00000
frozen atoms in %    :   0.00000    0
RMS gradient         :   0.00066
estimated CPU  time    129.99 min
estimated wall time     32.62 min

writing file <hessian>.

 projected vibrational frequencies (cm-1)
eigval :       -0.00    -0.00     0.00     0.00     0.00     0.00
eigval :        5.96     6.57     6.80     8.04    15.31    15.41
eigval :       15.96    18.66    21.95    22.12    23.94    25.23
eigval :       31.17    37.45    37.64    40.05    43.00    48.68
eigval :       50.42    50.69    53.83    60.18    60.38    62.73
eigval :       63.92    69.77    69.81    73.14    80.05    84.69
eigval :       86.22    86.42    91.07    93.71    93.95    99.43
eigval :      100.78   108.93   110.55   110.75   112.50   118.83
eigval :      118.97   129.68   133.46   148.90   153.42   153.60
eigval :      153.70   155.96   162.48   163.21   164.31   166.18
eigval :      178.32   178.70   178.79   189.60   194.02   194.46
eigval :      195.00   199.00   199.15   199.21   204.63   207.01
eigval :      208.23   208.59   210.24   225.89   235.85   240.99
eigval :      243.36   243.48   248.12   249.68   260.73   260.92
eigval :      276.73   277.03   286.92   287.89   292.17   292.21
eigval :      292.32   298.19   300.90   301.04   317.16   317.31
eigval :      319.46   320.39   335.23   335.45   339.11   339.44
eigval :      347.32   347.38   351.44   356.94   369.07   369.33
eigval :      369.37   370.32   382.16   392.37   392.45   392.83
eigval :      392.95   396.17   402.88   402.99   426.87   426.93
eigval :      427.62   427.64   438.29   443.49   443.55   443.69
eigval :      443.78   450.30   452.23   452.26   452.87   453.97
eigval :      456.65   456.72   474.69   474.96   475.19   475.26
eigval :      485.20   486.57   486.62   487.04   514.41   517.13
eigval :      517.30   517.37   520.20   521.93   522.52   522.58
eigval :      538.09   541.06   542.62   542.72   550.13   551.10
eigval :      551.15   551.17   560.18   564.79   565.17   565.26
eigval :      579.69   581.07   582.10   582.14   598.44   598.53
eigval :      598.75   598.78   607.37   612.43   615.45   617.00
eigval :      617.03   620.07   620.20   620.23   628.30   628.35
eigval :      632.14   632.22   641.64   642.75   642.91   642.92
eigval :      678.16   679.37   679.81   679.84   708.91   710.96
eigval :      711.69   711.75   721.43   721.47   721.49   721.56
eigval :      723.80   725.43   725.74   725.77   767.69   768.99
eigval :      769.02   769.19   774.59   777.49   777.66   777.75
eigval :      778.09   779.75   779.88   782.02   793.96   799.07
eigval :      799.71   799.78   800.16   800.29   800.41   800.54
eigval :      802.44   802.53   802.55   802.63   807.63   819.93
eigval :      820.59   831.68   849.34   849.46   849.57   849.71
eigval :      855.44   855.48   855.61   855.74   857.17   862.39
eigval :      862.66   864.72   864.86   865.21   865.54   867.57
eigval :      870.51   871.16   871.34   871.79   874.91   878.25
eigval :      881.15   881.18   891.98   894.93   895.03   895.81
eigval :      896.27   896.42   896.48   898.49   898.83   899.15
eigval :      899.72   900.85   913.99   915.11   916.58   916.61
eigval :      922.92   923.09   923.15   923.20   928.46   928.54
eigval :      928.63   928.74   934.13   934.44   934.97   935.03
eigval :      940.14   940.22   940.30   940.32   951.17   952.53
eigval :      953.08   953.10   994.50   997.64   998.68   998.71
eigval :     1043.15  1044.11  1044.16  1044.95  1072.50  1072.52
eigval :     1072.67  1072.92  1074.60  1075.22  1075.25  1075.86
eigval :     1085.80  1085.87  1086.09  1086.37  1105.75  1106.03
eigval :     1106.13  1106.96  1133.28  1133.88  1134.17  1135.49
eigval :     1143.53  1145.52  1145.58  1146.71  1151.70  1156.11
eigval :     1156.23  1159.23  1163.34  1166.60  1166.80  1174.59
eigval :     1175.20  1175.90  1176.06  1177.17  1179.58  1180.45
eigval :     1180.80  1183.69  1184.44  1186.95  1187.16  1193.17
eigval :     1201.72  1203.25  1203.33  1206.86  1211.50  1212.95
eigval :     1213.11  1216.47  1220.51  1221.01  1221.06  1223.61
eigval :     1224.87  1225.34  1225.42  1225.94  1235.54  1237.53
eigval :     1237.89  1242.49  1254.06  1254.13  1254.21  1254.32
eigval :     1261.84  1262.03  1262.29  1262.33  1286.75  1286.79
eigval :     1287.03  1288.84  1291.31  1291.42  1292.63  1294.31
eigval :     1301.02  1301.07  1301.49  1302.73  1315.02  1315.49
eigval :     1315.50  1316.42  1341.78  1341.84  1344.07  1346.12
eigval :     1367.14  1367.63  1367.75  1368.04  1373.95  1374.05
eigval :     1374.16  1375.21  1385.40  1385.65  1386.10  1386.24
eigval :     1394.75  1394.83  1394.92  1394.97  1400.07  1401.26
eigval :     1401.30  1402.65  1412.79  1412.83  1412.86  1412.99
eigval :     1421.89  1422.20  1422.27  1422.30  1445.33  1445.38
eigval :     1445.41  1445.60  1450.36  1450.42  1450.83  1451.03
eigval :     1465.17  1465.20  1466.16  1466.44  1494.23  1494.29
eigval :     1494.31  1494.35  1534.25  1535.56  1535.80  1535.80
eigval :     1538.45  1538.47  1538.65  1538.89  1545.14  1545.40
eigval :     1545.41  1545.46  1546.66  1547.94  1548.03  1548.05
eigval :     1558.13  1559.61  1560.21  1560.24  1570.65  1571.03
eigval :     1571.39  1571.41  1588.47  1588.49  1588.54  1588.59
eigval :     1596.85  1596.93  1597.07  1597.10  2298.65  2298.99
eigval :     2299.08  2299.34  2961.99  2963.52  2964.75  2972.05
eigval :     2983.58  2985.06  2986.87  2988.22  3014.03  3015.09
eigval :     3015.79  3017.62  3020.30  3020.66  3020.92  3021.77
eigval :     3074.71  3074.74  3074.99  3075.02  3080.86  3080.94
eigval :     3081.06  3081.98  3091.99  3092.05  3092.16  3092.36
eigval :     3092.74  3092.84  3092.89  3092.96  3093.92  3094.02
eigval :     3094.03  3094.15  3097.30  3097.56  3097.71  3097.85
eigval :     3098.44  3098.56  3098.77  3098.87  3101.32  3101.62
eigval :     3101.69  3102.18  3107.28  3107.34  3107.72  3108.04
eigval :     3109.23  3109.40  3109.51  3109.80  3118.26  3118.39
eigval :     3118.50  3118.68  3118.73  3118.88  3118.98  3119.20
           -------------------------------------------------
          |                Property Printout                |
           -------------------------------------------------

    * Orbital Energies and Occupations

         #    Occupation            Energy/Eh            Energy/eV
      -------------------------------------------------------------
         1        2.0000           -0.7313193             -19.9002
       ...           ...                  ...                  ...
       256        2.0000           -0.4193180             -11.4102
       257        2.0000           -0.4164924             -11.3333
       258        2.0000           -0.4164172             -11.3313
       259        2.0000           -0.4159918             -11.3197
       260        2.0000           -0.4152267             -11.2989
       261        2.0000           -0.4031599             -10.9705
       262        2.0000           -0.4031518             -10.9703
       263        2.0000           -0.4030961             -10.9688
       264        2.0000           -0.4030211             -10.9668
       265        2.0000           -0.3892234             -10.5913
       266        2.0000           -0.3892103             -10.5910
       267        2.0000           -0.3891926             -10.5905
       268        2.0000           -0.3891458             -10.5892 (HOMO)
       269                         -0.3179527              -8.6519 (LUMO)
       270                         -0.3178531              -8.6492
       271                         -0.3159121              -8.5964
       272                         -0.3148086              -8.5664
       273                         -0.3087230              -8.4008
       274                         -0.3086260              -8.3981
       275                         -0.3085377              -8.3957
       276                         -0.3060817              -8.3289
       277                         -0.2935882              -7.9889
       278                         -0.2934662              -7.9856
       279                         -0.2934409              -7.9849
       ...                                ...                  ...
       530                          1.4564632              39.6324
      -------------------------------------------------------------
                  HL-Gap            0.0711931 Eh            1.9373 eV
             Fermi-level           -0.3535493 Eh           -9.6206 eV

     #   Z        covCN         q      C6AA      α(0)
     1  46 Pd     3.544    -0.088   274.544    34.170
     2  46 Pd     3.475    -0.057   273.131    34.084
     3   6 C      1.984    -0.024    31.686     9.090
     4   6 C      1.981    -0.035    31.995     9.135
     5   6 C      2.966     0.044    27.019     8.526
     6   6 C      2.920    -0.018    28.466     8.749
     7   6 C      2.914    -0.019    28.488     8.752
     8   6 C      2.914    -0.032    28.786     8.798
     9   6 C      2.981     0.005    27.914     8.667
    10   6 C      2.890     0.061    26.628     8.460
    11   7 N      2.665    -0.097    23.154     7.147
    12   6 C      2.925     0.037    27.170     8.548
    13   6 C      2.911    -0.029    28.728     8.789
    14   6 C      3.002     0.014    27.677     8.630
    15   1 H      0.926     0.058     2.220     2.330
    16   1 H      0.926     0.056     2.242     2.341
    17   1 H      0.926     0.070     2.086     2.259
    18   1 H      0.925     0.121     1.608     1.983
    19   1 H      0.925     0.134     1.507     1.920
    20   1 H      0.926     0.099     1.796     2.096
    21   6 C      2.968     0.038    27.145     8.546
    22   6 C      2.919    -0.027    28.667     8.780
    23   6 C      2.916    -0.031    28.765     8.795
    24   6 C      2.986     0.014    27.692     8.632
    25   6 C      2.916    -0.030    28.750     8.793
    26   6 C      2.920    -0.033    28.828     8.805
    27   6 C      2.972    -0.003    28.085     8.693
    28   6 C      2.921    -0.043    29.059     8.840
    29   6 C      2.983     0.008    27.835     8.654
    30   6 C      2.930    -0.040    28.985     8.829
    31   1 H      0.926     0.037     2.484     2.465
    32   1 H      0.926     0.033     2.538     2.491
    33   1 H      0.926     0.039     2.458     2.452
    34   1 H      0.926     0.051     2.313     2.378
    35   1 H      0.926     0.082     1.963     2.191
    36   1 H      0.926     0.072     2.060     2.244
    37   6 C      2.971     0.011    27.769     8.644
    38   6 C      2.931    -0.003    28.110     8.695
    39   6 C      2.910    -0.028    28.708     8.786
    40   6 C      2.921     0.052    26.837     8.495
    41   7 N      2.658    -0.098    23.174     7.150
    42   6 C      2.893     0.047    26.935     8.509
    43   1 H      0.926     0.085     1.923     2.169
    44   1 H      0.926     0.097     1.810     2.104
    45   1 H      0.925     0.120     1.612     1.985
    46   1 H      0.925     0.140     1.459     1.889
    47   6 C      1.984    -0.024    31.685     9.090
    48   6 C      1.981    -0.035    31.995     9.135
    49   6 C      2.966     0.044    27.019     8.526
    50   6 C      2.920    -0.018    28.466     8.749
    51   6 C      2.914    -0.019    28.488     8.752
    52   6 C      2.914    -0.031    28.785     8.798
    53   6 C      2.981     0.005    27.914     8.667
    54   6 C      2.890     0.061    26.625     8.460
    55   7 N      2.665    -0.098    23.172     7.149
    56   6 C      2.925     0.037    27.169     8.548
    57   6 C      2.911    -0.029    28.726     8.789
    58   6 C      3.002     0.014    27.677     8.630
    59   1 H      0.926     0.058     2.219     2.329
    60   1 H      0.926     0.056     2.241     2.341
    61   1 H      0.926     0.070     2.086     2.258
    62   1 H      0.925     0.121     1.608     1.983
    63   1 H      0.925     0.134     1.507     1.920
    64   1 H      0.926     0.099     1.796     2.096
    65   6 C      2.968     0.038    27.145     8.546
    66   6 C      2.919    -0.027    28.667     8.780
    67   6 C      2.916    -0.031    28.765     8.795
    68   6 C      2.986     0.014    27.692     8.632
    69   6 C      2.916    -0.030    28.750     8.793
    70   6 C      2.920    -0.033    28.827     8.805
    71   6 C      2.972    -0.003    28.087     8.693
    72   6 C      2.921    -0.043    29.059     8.840
    73   6 C      2.983     0.008    27.836     8.654
    74   6 C      2.930    -0.040    28.984     8.829
    75   1 H      0.926     0.037     2.483     2.464
    76   1 H      0.926     0.033     2.537     2.491
    77   1 H      0.926     0.039     2.457     2.451
    78   1 H      0.926     0.051     2.312     2.378
    79   1 H      0.926     0.082     1.962     2.191
    80   1 H      0.926     0.072     2.061     2.245
    81   6 C      2.971     0.011    27.770     8.644
    82   6 C      2.931    -0.003    28.109     8.695
    83   6 C      2.910    -0.028    28.707     8.786
    84   6 C      2.920     0.052    26.833     8.495
    85   7 N      2.658    -0.099    23.179     7.150
    86   6 C      2.893     0.047    26.936     8.509
    87   1 H      0.926     0.086     1.923     2.169
    88   1 H      0.926     0.097     1.810     2.104
    89   1 H      0.925     0.120     1.614     1.987
    90   1 H      0.925     0.140     1.460     1.890
    91   6 C      1.984    -0.024    31.685     9.090
    92   6 C      1.981    -0.035    31.995     9.135
    93   6 C      2.966     0.044    27.019     8.526
    94   6 C      2.920    -0.018    28.466     8.749
    95   6 C      2.914    -0.019    28.488     8.752
    96   6 C      2.914    -0.031    28.785     8.798
    97   6 C      2.981     0.005    27.915     8.667
    98   6 C      2.890     0.061    26.625     8.460
    99   7 N      2.665    -0.098    23.171     7.149
   100   6 C      2.925     0.037    27.170     8.548
   101   6 C      2.911    -0.029    28.727     8.789
   102   6 C      3.002     0.014    27.677     8.630
   103   1 H      0.926     0.058     2.219     2.330
   104   1 H      0.926     0.056     2.241     2.341
   105   1 H      0.926     0.070     2.086     2.258
   106   1 H      0.925     0.121     1.608     1.983
   107   1 H      0.925     0.134     1.507     1.920
   108   1 H      0.926     0.099     1.796     2.096
   109   6 C      2.968     0.038    27.145     8.546
   110   6 C      2.919    -0.027    28.667     8.780
   111   6 C      2.916    -0.031    28.765     8.795
   112   6 C      2.986     0.014    27.692     8.632
   113   6 C      2.916    -0.030    28.750     8.793
   114   6 C      2.920    -0.033    28.827     8.805
   115   6 C      2.972    -0.003    28.087     8.693
   116   6 C      2.921    -0.043    29.059     8.840
   117   6 C      2.983     0.008    27.836     8.654
   118   6 C      2.930    -0.040    28.984     8.829
   119   1 H      0.926     0.037     2.483     2.464
   120   1 H      0.926     0.033     2.537     2.491
   121   1 H      0.926     0.039     2.458     2.452
   122   1 H      0.926     0.051     2.312     2.378
   123   1 H      0.926     0.082     1.962     2.191
   124   1 H      0.926     0.072     2.060     2.244
   125   6 C      2.971     0.011    27.770     8.644
   126   6 C      2.931    -0.003    28.109     8.695
   127   6 C      2.910    -0.028    28.708     8.786
   128   6 C      2.921     0.052    26.834     8.495
   129   7 N      2.658    -0.099    23.188     7.152
   130   6 C      2.893     0.047    26.934     8.509
   131   1 H      0.926     0.086     1.922     2.168
   132   1 H      0.926     0.097     1.809     2.103
   133   1 H      0.925     0.120     1.612     1.986
   134   1 H      0.925     0.140     1.459     1.889
   135   6 C      1.984    -0.024    31.686     9.090
   136   6 C      1.981    -0.035    31.996     9.135
   137   6 C      2.966     0.044    27.019     8.526
   138   6 C      2.920    -0.018    28.467     8.749
   139   6 C      2.914    -0.019    28.488     8.752
   140   6 C      2.914    -0.031    28.785     8.798
   141   6 C      2.981     0.005    27.913     8.666
   142   6 C      2.890     0.061    26.626     8.460
   143   7 N      2.665    -0.098    23.158     7.147
   144   6 C      2.926     0.037    27.170     8.548
   145   6 C      2.911    -0.029    28.726     8.789
   146   6 C      3.002     0.014    27.677     8.630
   147   1 H      0.926     0.058     2.219     2.330
   148   1 H      0.926     0.056     2.241     2.341
   149   1 H      0.926     0.070     2.086     2.259
   150   1 H      0.925     0.121     1.607     1.983
   151   1 H      0.925     0.134     1.507     1.920
   152   1 H      0.926     0.099     1.797     2.096
   153   6 C      2.968     0.038    27.145     8.546
   154   6 C      2.919    -0.027    28.667     8.780
   155   6 C      2.916    -0.031    28.765     8.795
   156   6 C      2.986     0.014    27.693     8.632
   157   6 C      2.916    -0.030    28.750     8.793
   158   6 C      2.920    -0.033    28.828     8.805
   159   6 C      2.972    -0.003    28.088     8.693
   160   6 C      2.921    -0.043    29.059     8.840
   161   6 C      2.983     0.008    27.836     8.654
   162   6 C      2.930    -0.040    28.983     8.829
   163   1 H      0.926     0.037     2.483     2.464
   164   1 H      0.926     0.034     2.537     2.491
   165   1 H      0.926     0.039     2.456     2.451
   166   1 H      0.926     0.051     2.312     2.378
   167   1 H      0.926     0.082     1.963     2.191
   168   1 H      0.926     0.072     2.062     2.246
   169   6 C      2.971     0.011    27.770     8.644
   170   6 C      2.931    -0.003    28.109     8.695
   171   6 C      2.911    -0.028    28.707     8.786
   172   6 C      2.920     0.052    26.834     8.495
   173   7 N      2.658    -0.098    23.171     7.149
   174   6 C      2.893     0.047    26.938     8.510
   175   1 H      0.926     0.085     1.923     2.169
   176   1 H      0.926     0.097     1.810     2.104
   177   1 H      0.925     0.120     1.614     1.987
   178   1 H      0.925     0.140     1.460     1.890

 Mol. C6AA /au·bohr⁶  :     510661.792247
 Mol. C8AA /au·bohr⁸  :   14307743.764801
 Mol. α(0) /au        :       1173.185132


Wiberg/Mayer (AO) data.
largest (>0.10) Wiberg bond orders for each atom
          total WBO             WBO to atom ...
     1  Pd  3.513        N  143 0.597    N   11 0.597    N   99 0.596    N   55 0.596
     2  Pd  3.446        N   41 0.593    N  173 0.593    N   85 0.593    N  129 0.593
     3  C   3.944        C    4 2.638    C   21 1.132
     4  C   3.949        C    3 2.638    C    5 1.140
     5  C   3.988        C    6 1.444    C   14 1.212    C    4 1.140
     6  C   3.965        C    5 1.444    C    7 1.346    H   15 0.968
     7  C   3.987        C    8 1.534    C    6 1.346    H   16 0.968
     8  C   3.942        C    7 1.534    C    9 1.273    H   17 0.965
     9  C   3.987        C   10 1.286    C    8 1.273    C   14 1.239
    10  C   3.962        N   11 1.455    C    9 1.286    H   18 0.921    C   13 0.102
    11  N   3.535        C   10 1.455    C   12 1.234    Pd   1 0.597
    12  C   3.964        C   13 1.550    N   11 1.234    H   19 0.894
    13  C   3.981        C   12 1.550    C   14 1.290    H   20 0.954    C   10 0.102
    14  C   3.984        C   13 1.290    C    9 1.239    C    5 1.212
    15  H   0.996        C    6 0.968
    16  H   0.995        C    7 0.968
    17  H   0.994        C    8 0.965
    18  H   0.984        C   10 0.921
    19  H   0.981        C   12 0.894
    20  H   0.989        C   13 0.954
    21  C   3.988        C   30 1.452    C   22 1.250    C    3 1.132
    22  C   3.975        C   23 1.574    C   21 1.250    H   31 0.970
    23  C   3.990        C   22 1.574    C   24 1.274    H   32 0.967    C   30 0.106
    24  C   3.967        C   25 1.279    C   23 1.274    C   29 1.241
    25  C   3.989        C   26 1.567    C   24 1.279    H   33 0.967    C   28 0.109
    26  C   3.977        C   25 1.567    C   27 1.269    H   34 0.966
    27  C   3.984        C   28 1.494    C   26 1.269    C   37 1.052
    28  C   3.973        C   27 1.494    C   29 1.281    H   35 0.961    C   25 0.109
    29  C   3.989        C   30 1.294    C   28 1.281    C   24 1.241
    30  C   3.963        C   21 1.452    C   29 1.294    H   36 0.963    C   23 0.106
    31  H   0.998        C   22 0.970
    32  H   0.997        C   23 0.967
    33  H   0.997        C   25 0.967
    34  H   0.997        C   26 0.966
    35  H   0.993        C   28 0.961
    36  H   0.994        C   30 0.963
    37  C   3.982        C   42 1.382    C   38 1.372    C   27 1.052
    38  C   3.975        C   39 1.443    C   37 1.372    H   43 0.961
    39  C   3.980        C   38 1.443    C   40 1.434    H   44 0.960
    40  C   3.965        C   39 1.434    N   41 1.341    H   45 0.908
    41  N   3.533        C   42 1.362    C   40 1.341    Pd   2 0.593
    42  C   3.958        C   37 1.382    N   41 1.362    H   46 0.916
    43  H   0.991        C   38 0.961
    44  H   0.989        C   39 0.960
    45  H   0.984        C   40 0.908
    46  H   0.979        C   42 0.916
    47  C   3.944        C   48 2.638    C   65 1.132
    48  C   3.949        C   47 2.638    C   49 1.140
    49  C   3.988        C   50 1.444    C   58 1.212    C   48 1.140
    50  C   3.965        C   49 1.444    C   51 1.346    H   59 0.968
    51  C   3.987        C   52 1.533    C   50 1.346    H   60 0.968
    52  C   3.942        C   51 1.533    C   53 1.273    H   61 0.965
    53  C   3.987        C   54 1.286    C   52 1.273    C   58 1.239
    54  C   3.962        N   55 1.455    C   53 1.286    H   62 0.921    C   57 0.102
    55  N   3.535        C   54 1.455    C   56 1.233    Pd   1 0.596
    56  C   3.964        C   57 1.550    N   55 1.233    H   63 0.893
    57  C   3.981        C   56 1.550    C   58 1.290    H   64 0.954    C   54 0.102
    58  C   3.984        C   57 1.290    C   53 1.239    C   49 1.212
    59  H   0.996        C   50 0.968
    60  H   0.995        C   51 0.968
    61  H   0.994        C   52 0.965
    62  H   0.984        C   54 0.921
    63  H   0.981        C   56 0.893
    64  H   0.989        C   57 0.954
    65  C   3.988        C   74 1.451    C   66 1.250    C   47 1.132
    66  C   3.975        C   67 1.574    C   65 1.250    H   75 0.970
    67  C   3.990        C   66 1.574    C   68 1.274    H   76 0.967    C   74 0.106
    68  C   3.967        C   69 1.279    C   67 1.274    C   73 1.241
    69  C   3.989        C   70 1.567    C   68 1.279    H   77 0.967    C   72 0.109
    70  C   3.977        C   69 1.567    C   71 1.269    H   78 0.966
    71  C   3.984        C   72 1.494    C   70 1.269    C   81 1.052
    72  C   3.973        C   71 1.494    C   73 1.281    H   79 0.961    C   69 0.109
    73  C   3.989        C   74 1.295    C   72 1.281    C   68 1.241
    74  C   3.963        C   65 1.451    C   73 1.295    H   80 0.963    C   67 0.106
    75  H   0.998        C   66 0.970
    76  H   0.997        C   67 0.967
    77  H   0.997        C   69 0.967
    78  H   0.997        C   70 0.966
    79  H   0.993        C   72 0.961
    80  H   0.994        C   74 0.963
    81  C   3.982        C   86 1.382    C   82 1.371    C   71 1.052
    82  C   3.975        C   83 1.443    C   81 1.371    H   87 0.961
    83  C   3.980        C   82 1.443    C   84 1.433    H   88 0.960
    84  C   3.965        C   83 1.433    N   85 1.341    H   89 0.908
    85  N   3.533        C   86 1.362    C   84 1.341    Pd   2 0.593
    86  C   3.958        C   81 1.382    N   85 1.362    H   90 0.916
    87  H   0.991        C   82 0.961
    88  H   0.989        C   83 0.960
    89  H   0.984        C   84 0.908
    90  H   0.979        C   86 0.916
    91  C   3.944        C   92 2.638    C  109 1.132
    92  C   3.949        C   91 2.638    C   93 1.140
    93  C   3.988        C   94 1.444    C  102 1.212    C   92 1.140
    94  C   3.965        C   93 1.444    C   95 1.346    H  103 0.968
    95  C   3.987        C   96 1.533    C   94 1.346    H  104 0.968
    96  C   3.942        C   95 1.533    C   97 1.273    H  105 0.965
    97  C   3.987        C   98 1.286    C   96 1.273    C  102 1.239
    98  C   3.962        N   99 1.455    C   97 1.286    H  106 0.921    C  101 0.102
    99  N   3.535        C   98 1.455    C  100 1.233    Pd   1 0.596
   100  C   3.964        C  101 1.550    N   99 1.233    H  107 0.894
   101  C   3.981        C  100 1.550    C  102 1.290    H  108 0.954    C   98 0.102
   102  C   3.984        C  101 1.290    C   97 1.239    C   93 1.212
   103  H   0.996        C   94 0.968
   104  H   0.995        C   95 0.968
   105  H   0.994        C   96 0.965
   106  H   0.984        C   98 0.921
   107  H   0.981        C  100 0.894
   108  H   0.989        C  101 0.954
   109  C   3.988        C  118 1.451    C  110 1.250    C   91 1.132
   110  C   3.975        C  111 1.574    C  109 1.250    H  119 0.970
   111  C   3.990        C  110 1.574    C  112 1.274    H  120 0.967    C  118 0.106
   112  C   3.967        C  113 1.279    C  111 1.274    C  117 1.241
   113  C   3.989        C  114 1.567    C  112 1.279    H  121 0.967    C  116 0.109
   114  C   3.977        C  113 1.567    C  115 1.269    H  122 0.966
   115  C   3.984        C  116 1.494    C  114 1.269    C  125 1.052
   116  C   3.973        C  115 1.494    C  117 1.282    H  123 0.961    C  113 0.109
   117  C   3.989        C  118 1.295    C  116 1.282    C  112 1.241
   118  C   3.963        C  109 1.451    C  117 1.295    H  124 0.963    C  111 0.106
   119  H   0.998        C  110 0.970
   120  H   0.997        C  111 0.967
   121  H   0.997        C  113 0.967
   122  H   0.997        C  114 0.966
   123  H   0.993        C  116 0.961
   124  H   0.994        C  118 0.963
   125  C   3.982        C  130 1.382    C  126 1.372    C  115 1.052
   126  C   3.975        C  127 1.443    C  125 1.372    H  131 0.961
   127  C   3.980        C  126 1.443    C  128 1.434    H  132 0.960
   128  C   3.965        C  127 1.434    N  129 1.341    H  133 0.908
   129  N   3.532        C  130 1.362    C  128 1.341    Pd   2 0.593
   130  C   3.958        C  125 1.382    N  129 1.362    H  134 0.916
   131  H   0.991        C  126 0.961
   132  H   0.989        C  127 0.960
   133  H   0.984        C  128 0.908
   134  H   0.979        C  130 0.916
   135  C   3.944        C  136 2.638    C  153 1.132
   136  C   3.949        C  135 2.638    C  137 1.140
   137  C   3.988        C  138 1.444    C  146 1.212    C  136 1.140
   138  C   3.965        C  137 1.444    C  139 1.346    H  147 0.968
   139  C   3.987        C  140 1.533    C  138 1.346    H  148 0.968
   140  C   3.942        C  139 1.533    C  141 1.273    H  149 0.965
   141  C   3.987        C  142 1.285    C  140 1.273    C  146 1.239
   142  C   3.962        N  143 1.455    C  141 1.285    H  150 0.921    C  145 0.102
   143  N   3.536        C  142 1.455    C  144 1.233    Pd   1 0.597
   144  C   3.964        C  145 1.550    N  143 1.233    H  151 0.893
   145  C   3.981        C  144 1.550    C  146 1.290    H  152 0.954    C  142 0.102
   146  C   3.984        C  145 1.290    C  141 1.239    C  137 1.212
   147  H   0.996        C  138 0.968
   148  H   0.995        C  139 0.968
   149  H   0.994        C  140 0.965
   150  H   0.984        C  142 0.921
   151  H   0.981        C  144 0.893
   152  H   0.989        C  145 0.954
   153  C   3.988        C  162 1.451    C  154 1.250    C  135 1.132
   154  C   3.975        C  155 1.574    C  153 1.250    H  163 0.970
   155  C   3.990        C  154 1.574    C  156 1.274    H  164 0.967    C  162 0.106
   156  C   3.967        C  157 1.279    C  155 1.274    C  161 1.241
   157  C   3.989        C  158 1.567    C  156 1.279    H  165 0.967    C  160 0.109
   158  C   3.977        C  157 1.567    C  159 1.269    H  166 0.966
   159  C   3.984        C  160 1.494    C  158 1.269    C  169 1.052
   160  C   3.973        C  159 1.494    C  161 1.281    H  167 0.961    C  157 0.109
   161  C   3.989        C  162 1.295    C  160 1.281    C  156 1.241
   162  C   3.963        C  153 1.451    C  161 1.295    H  168 0.963    C  155 0.106
   163  H   0.998        C  154 0.970
   164  H   0.997        C  155 0.967
   165  H   0.997        C  157 0.967
   166  H   0.997        C  158 0.966
   167  H   0.993        C  160 0.961
   168  H   0.994        C  162 0.963
   169  C   3.982        C  174 1.382    C  170 1.371    C  159 1.052
   170  C   3.975        C  171 1.444    C  169 1.371    H  175 0.961
   171  C   3.980        C  170 1.444    C  172 1.433    H  176 0.960
   172  C   3.965        C  171 1.433    N  173 1.341    H  177 0.908
   173  N   3.533        C  174 1.362    C  172 1.341    Pd   2 0.593
   174  C   3.958        C  169 1.382    N  173 1.362    H  178 0.916
   175  H   0.991        C  170 0.961
   176  H   0.989        C  171 0.960
   177  H   0.984        C  172 0.908
   178  H   0.979        C  174 0.916

molecular dipole:
                 x           y           z       tot (Debye)
 q only:       -0.073       8.977      -0.022
   full:       -0.071       9.205      -0.010      23.398
molecular quadrupole (traceless):
                xx          xy          yy          xz          yz          zz
 q only:     -168.306      15.901     337.049       2.850      14.751    -168.744
  q+dip:     -183.327      17.362     367.722       3.795      16.181    -184.395
   full:     -169.963      16.009     340.681       3.268      14.902    -170.718

           -------------------------------------------------
          |               Frequency Printout                |
           -------------------------------------------------
 projected vibrational frequencies (cm-1)
eigval :       -0.00    -0.00     0.00     0.00     0.00     0.00
eigval :        5.96     6.57     6.80     8.04    15.31    15.41
eigval :       15.96    18.66    21.95    22.12    23.94    25.23
eigval :       31.17    37.45    37.64    40.05    43.00    48.68
eigval :       50.42    50.69    53.83    60.18    60.38    62.73
eigval :       63.92    69.77    69.81    73.14    80.05    84.69
eigval :       86.22    86.42    91.07    93.71    93.95    99.43
eigval :      100.78   108.93   110.55   110.75   112.50   118.83
eigval :      118.97   129.68   133.46   148.90   153.42   153.60
eigval :      153.70   155.96   162.48   163.21   164.31   166.18
eigval :      178.32   178.70   178.79   189.60   194.02   194.46
eigval :      195.00   199.00   199.15   199.21   204.63   207.01
eigval :      208.23   208.59   210.24   225.89   235.85   240.99
eigval :      243.36   243.48   248.12   249.68   260.73   260.92
eigval :      276.73   277.03   286.92   287.89   292.17   292.21
eigval :      292.32   298.19   300.90   301.04   317.16   317.31
eigval :      319.46   320.39   335.23   335.45   339.11   339.44
eigval :      347.32   347.38   351.44   356.94   369.07   369.33
eigval :      369.37   370.32   382.16   392.37   392.45   392.83
eigval :      392.95   396.17   402.88   402.99   426.87   426.93
eigval :      427.62   427.64   438.29   443.49   443.55   443.69
eigval :      443.78   450.30   452.23   452.26   452.87   453.97
eigval :      456.65   456.72   474.69   474.96   475.19   475.26
eigval :      485.20   486.57   486.62   487.04   514.41   517.13
eigval :      517.30   517.37   520.20   521.93   522.52   522.58
eigval :      538.09   541.06   542.62   542.72   550.13   551.10
eigval :      551.15   551.17   560.18   564.79   565.17   565.26
eigval :      579.69   581.07   582.10   582.14   598.44   598.53
eigval :      598.75   598.78   607.37   612.43   615.45   617.00
eigval :      617.03   620.07   620.20   620.23   628.30   628.35
eigval :      632.14   632.22   641.64   642.75   642.91   642.92
eigval :      678.16   679.37   679.81   679.84   708.91   710.96
eigval :      711.69   711.75   721.43   721.47   721.49   721.56
eigval :      723.80   725.43   725.74   725.77   767.69   768.99
eigval :      769.02   769.19   774.59   777.49   777.66   777.75
eigval :      778.09   779.75   779.88   782.02   793.96   799.07
eigval :      799.71   799.78   800.16   800.29   800.41   800.54
eigval :      802.44   802.53   802.55   802.63   807.63   819.93
eigval :      820.59   831.68   849.34   849.46   849.57   849.71
eigval :      855.44   855.48   855.61   855.74   857.17   862.39
eigval :      862.66   864.72   864.86   865.21   865.54   867.57
eigval :      870.51   871.16   871.34   871.79   874.91   878.25
eigval :      881.15   881.18   891.98   894.93   895.03   895.81
eigval :      896.27   896.42   896.48   898.49   898.83   899.15
eigval :      899.72   900.85   913.99   915.11   916.58   916.61
eigval :      922.92   923.09   923.15   923.20   928.46   928.54
eigval :      928.63   928.74   934.13   934.44   934.97   935.03
eigval :      940.14   940.22   940.30   940.32   951.17   952.53
eigval :      953.08   953.10   994.50   997.64   998.68   998.71
eigval :     1043.15  1044.11  1044.16  1044.95  1072.50  1072.52
eigval :     1072.67  1072.92  1074.60  1075.22  1075.25  1075.86
eigval :     1085.80  1085.87  1086.09  1086.37  1105.75  1106.03
eigval :     1106.13  1106.96  1133.28  1133.88  1134.17  1135.49
eigval :     1143.53  1145.52  1145.58  1146.71  1151.70  1156.11
eigval :     1156.23  1159.23  1163.34  1166.60  1166.80  1174.59
eigval :     1175.20  1175.90  1176.06  1177.17  1179.58  1180.45
eigval :     1180.80  1183.69  1184.44  1186.95  1187.16  1193.17
eigval :     1201.72  1203.25  1203.33  1206.86  1211.50  1212.95
eigval :     1213.11  1216.47  1220.51  1221.01  1221.06  1223.61
eigval :     1224.87  1225.34  1225.42  1225.94  1235.54  1237.53
eigval :     1237.89  1242.49  1254.06  1254.13  1254.21  1254.32
eigval :     1261.84  1262.03  1262.29  1262.33  1286.75  1286.79
eigval :     1287.03  1288.84  1291.31  1291.42  1292.63  1294.31
eigval :     1301.02  1301.07  1301.49  1302.73  1315.02  1315.49
eigval :     1315.50  1316.42  1341.78  1341.84  1344.07  1346.12
eigval :     1367.14  1367.63  1367.75  1368.04  1373.95  1374.05
eigval :     1374.16  1375.21  1385.40  1385.65  1386.10  1386.24
eigval :     1394.75  1394.83  1394.92  1394.97  1400.07  1401.26
eigval :     1401.30  1402.65  1412.79  1412.83  1412.86  1412.99
eigval :     1421.89  1422.20  1422.27  1422.30  1445.33  1445.38
eigval :     1445.41  1445.60  1450.36  1450.42  1450.83  1451.03
eigval :     1465.17  1465.20  1466.16  1466.44  1494.23  1494.29
eigval :     1494.31  1494.35  1534.25  1535.56  1535.80  1535.80
eigval :     1538.45  1538.47  1538.65  1538.89  1545.14  1545.40
eigval :     1545.41  1545.46  1546.66  1547.94  1548.03  1548.05
eigval :     1558.13  1559.61  1560.21  1560.24  1570.65  1571.03
eigval :     1571.39  1571.41  1588.47  1588.49  1588.54  1588.59
eigval :     1596.85  1596.93  1597.07  1597.10  2298.65  2298.99
eigval :     2299.08  2299.34  2961.99  2963.52  2964.75  2972.05
eigval :     2983.58  2985.06  2986.87  2988.22  3014.03  3015.09
eigval :     3015.79  3017.62  3020.30  3020.66  3020.92  3021.77
eigval :     3074.71  3074.74  3074.99  3075.02  3080.86  3080.94
eigval :     3081.06  3081.98  3091.99  3092.05  3092.16  3092.36
eigval :     3092.74  3092.84  3092.89  3092.96  3093.92  3094.02
eigval :     3094.03  3094.15  3097.30  3097.56  3097.71  3097.85
eigval :     3098.44  3098.56  3098.77  3098.87  3101.32  3101.62
eigval :     3101.69  3102.18  3107.28  3107.34  3107.72  3108.04
eigval :     3109.23  3109.40  3109.51  3109.80  3118.26  3118.39
eigval :     3118.50  3118.68  3118.73  3118.88  3118.98  3119.20
 reduced masses (amu)
   1: 21.84   2: 23.16   3: 21.69   4: 16.31   5: 20.18   6: 23.50   7: 11.78   8: 17.05
   9: 17.00  10: 12.03  11: 13.13  12: 13.67  13: 11.75  14: 27.33  15: 18.61  16: 18.70
  17: 11.38  18: 18.76  19: 14.88  20: 11.55  21: 11.59  22: 10.86  23: 14.68  24: 10.67
  25: 13.33  26: 13.40  27: 34.28  28: 12.67  29: 12.74  30: 11.79  31: 11.09  32: 12.51
  33: 12.53  34: 10.89  35: 23.69  36: 10.82  37: 11.63  38: 11.62  39: 10.92  40: 15.33
  41: 15.33  42: 11.00  43: 11.45  44: 10.81  45: 13.40  46: 13.39  47: 11.51  48: 14.36
  49: 14.32  50: 14.84  51: 16.63  52: 10.85  53: 11.39  54: 11.40  55: 11.09  56: 11.03
  57: 13.13  58: 12.86  59: 11.06  60: 13.82  61: 17.28  62: 12.47  63: 16.60  64: 10.80
  65: 31.25  66: 13.52  67: 28.47  68: 10.97  69: 14.33  70: 16.94  71: 10.68  72: 11.71
  73: 14.46  74: 15.39  75: 11.32  76: 55.87  77: 11.34  78: 45.92  79: 24.55  80: 24.84
  81: 12.42  82: 10.49  83: 34.08  84: 33.88  85: 35.04  86: 34.61  87: 11.21  88: 11.44
  89: 20.72  90: 14.96  91: 22.54  92: 10.65  93: 20.05  94: 20.22  95: 13.16  96: 13.21
  97: 10.59  98: 13.04  99: 12.36 100: 12.35 101: 10.49 102: 10.95 103: 11.69 104: 11.69
 105: 11.00 106: 15.55 107: 10.12 108: 10.07 109: 10.07 110: 10.01 111: 10.62 112:  9.78
 113:  9.85 114:  9.65 115:  9.66 116: 10.00 117: 13.27 118: 13.29 119: 10.83 120: 10.84
 121: 10.77 122: 10.62 123: 10.26 124:  8.70 125:  8.72 126:  8.71 127:  8.72 128: 10.75
 129: 11.33 130: 11.35 131: 11.32 132: 10.82 133: 11.39 134: 11.42 135: 11.27 136: 11.21
 137: 11.46 138: 11.46 139: 11.49 140: 12.46 141: 12.49 142: 11.65 143: 11.10 144: 11.18
 145: 11.47 146: 11.45 147: 11.27 148: 11.43 149: 11.83 150: 11.83 151: 10.76 152: 10.88
 153: 11.16 154: 11.16 155: 11.45 156: 11.45 157: 11.52 158: 11.52 159: 11.61 160: 11.62
 161: 12.44 162: 12.45 163: 11.07 164: 11.09 165: 11.19 166: 11.19 167: 11.42 168: 11.42
 169: 11.45 170: 11.45 171: 10.37 172: 11.29 173: 11.08 174: 11.12 175: 11.14 176: 11.01
 177: 11.05 178: 10.96 179: 10.47 180: 10.59 181: 11.38 182: 11.39 183: 11.33 184: 11.36
 185: 11.48 186: 11.48 187:  8.86 188:  8.86 189:  8.89 190:  8.91 191: 11.40 192: 11.43
 193: 11.58 194: 11.58 195: 11.27 196: 11.27 197: 11.28 198: 11.28 199: 10.52 200: 10.74
 201: 10.78 202: 10.77 203: 10.94 204: 11.03 205: 11.04 206: 10.77 207:  4.99 208:  4.87
 209:  4.82 210:  4.84 211:  4.78 212:  4.50 213:  4.48 214:  4.23 215: 11.06 216:  9.89
 217: 10.13 218: 10.44 219:  6.33 220:  6.38 221:  6.59 222:  6.53 223:  9.60 224:  9.51
 225:  9.37 226:  9.08 227:  4.87 228:  4.03 229:  4.02 230:  3.69 231:  4.68 232:  4.68
 233:  4.69 234:  4.70 235:  3.44 236:  3.44 237:  3.43 238:  3.43 239:  4.59 240:  4.41
 241:  4.41 242:  4.12 243:  4.14 244:  4.14 245:  4.15 246:  4.16 247:  5.42 248:  4.18
 249:  4.21 250:  4.49 251:  9.48 252: 10.27 253: 10.73 254: 10.75 255:  3.68 256:  3.60
 257:  3.62 258:  4.05 259:  4.01 260:  4.06 261:  4.02 262:  3.62 263:  3.64 264:  3.64
 265:  3.42 266:  3.66 267: 11.02 268: 11.02 269: 11.01 270: 11.01 271:  3.39 272:  3.38
 273:  3.38 274:  3.39 275:  3.56 276:  3.56 277:  3.56 278:  3.55 279:  3.69 280:  3.69
 281:  3.69 282:  3.68 283:  3.77 284:  3.77 285:  3.78 286:  3.77 287: 10.51 288: 10.50
 289: 10.53 290: 10.53 291: 10.63 292: 10.62 293: 10.81 294: 10.81 295:  9.23 296:  9.36
 297:  9.36 298:  9.22 299:  7.34 300:  7.34 301:  7.35 302:  7.40 303:  7.15 304:  6.90
 305:  6.88 306:  7.34 307:  7.68 308:  7.67 309:  7.38 310:  7.31 311:  6.00 312:  6.00
 313:  6.00 314:  6.02 315:  3.64 316:  3.66 317:  3.66 318:  3.68 319:  4.43 320:  4.81
 321:  4.81 322:  4.80 323:  3.68 324:  4.27 325:  4.30 326:  4.79 327:  3.53 328:  2.59
 329:  2.55 330:  2.04 331:  1.95 332:  1.99 333:  2.00 334:  2.04 335:  1.96 336:  2.00
 337:  2.00 338:  2.08 339:  2.71 340:  2.86 341:  2.87 342:  3.51 343:  5.25 344:  5.38
 345:  5.39 346:  5.00 347:  5.31 348:  5.28 349:  5.28 350:  5.85 351:  6.67 352:  6.73
 353:  6.71 354:  6.25 355:  5.45 356:  5.72 357:  5.75 358:  6.00 359:  4.01 360:  3.70
 361:  3.67 362:  3.42 363:  4.13 364:  4.10 365:  4.11 366:  4.11 367:  8.78 368:  8.86
 369:  8.83 370:  8.82 371:  8.41 372:  8.44 373:  8.25 374:  9.07 375: 10.88 376: 10.88
 377: 10.83 378:  9.94 379:  8.54 380:  8.52 381:  8.93 382:  8.65 383: 10.10 384: 10.04
 385: 10.03 386:  9.96 387:  9.92 388:  9.92 389:  9.99 390:  9.77 391: 10.05 392: 10.19
 393: 10.19 394: 10.03 395:  9.83 396:  9.82 397:  9.88 398:  9.78 399: 10.29 400: 10.40
 401: 10.48 402: 10.48 403: 10.12 404: 10.13 405: 10.15 406: 10.15 407: 11.44 408: 11.34
 409: 11.34 410: 11.35 411: 10.38 412: 10.38 413: 10.38 414: 10.39 415: 10.13 416: 10.12
 417: 10.09 418: 10.10 419: 11.04 420: 11.01 421: 11.01 422: 11.03 423: 10.60 424: 10.60
 425: 10.61 426: 10.62 427: 11.39 428: 11.39 429: 11.42 430: 11.39 431: 10.68 432: 10.68
 433: 10.68 434: 10.68 435: 11.55 436: 11.57 437: 11.61 438: 11.61 439: 11.67 440: 11.67
 441: 11.72 442: 11.71 443: 11.66 444: 11.67 445: 11.67 446: 11.68 447: 11.74 448: 11.71
 449: 11.73 450: 11.72 451: 11.68 452: 11.69 453: 11.65 454: 11.65 455: 11.49 456: 11.52
 457: 11.53 458: 11.53 459: 11.53 460: 11.53 461: 11.53 462: 11.53 463: 11.55 464: 11.55
 465: 11.55 466: 11.55 467: 12.01 468: 12.01 469: 12.01 470: 12.01 471:  1.86 472:  1.85
 473:  1.85 474:  1.83 475:  1.85 476:  1.85 477:  1.85 478:  1.85 479:  1.85 480:  1.84
 481:  1.84 482:  1.84 483:  1.85 484:  1.85 485:  1.85 486:  1.85 487:  1.79 488:  1.79
 489:  1.79 490:  1.79 491:  1.79 492:  1.79 493:  1.79 494:  1.79 495:  1.87 496:  1.87
 497:  1.87 498:  1.87 499:  1.78 500:  1.78 501:  1.78 502:  1.78 503:  1.84 504:  1.83
 505:  1.83 506:  1.83 507:  1.84 508:  1.84 509:  1.84 510:  1.84 511:  1.86 512:  1.85
 513:  1.86 514:  1.86 515:  1.84 516:  1.84 517:  1.84 518:  1.84 519:  1.82 520:  1.82
 521:  1.82 522:  1.81 523:  1.90 524:  1.90 525:  1.90 526:  1.89 527:  1.85 528:  1.85
 529:  1.90 530:  1.89 531:  1.86 532:  1.90 533:  1.90 534:  1.85
 IR intensities (amu)
   1:  0.44   2:  0.69   3:  0.37   4:  0.21   5:  0.33   6:  0.71   7:  0.14   8:  0.57
   9:  0.57  10:  0.05  11:  0.07  12:  0.08  13:  0.04  14:  0.06  15:  0.12  16:  0.12
  17:  0.00  18:  0.08  19:  0.04  20:  0.12  21:  0.12  22:  0.01  23:  0.01  24:  0.01
  25:  0.09  26:  0.09  27:  0.09  28:  0.23  29:  0.23  30:  0.12  31:  0.01  32:  0.22
  33:  0.22  34:  0.01  35:  0.13  36:  0.04  37:  0.05  38:  0.05  39:  0.01  40:  0.43
  41:  0.43  42:  0.01  43:  0.01  44:  0.02  45:  0.18  46:  0.18  47:  0.00  48:  0.14
  49:  0.15  50:  0.03  51:  0.04  52:  0.06  53:  0.09  54:  0.10  55:  0.03  56:  0.00
  57:  0.32  58:  0.29  59:  0.01  60:  0.09  61:  0.64  62:  0.27  63:  0.61  64:  0.02
  65:  0.74  66:  0.21  67:  0.68  68:  0.06  69:  0.38  70:  0.48  71:  0.01  72:  0.08
  73:  0.48  74:  0.53  75:  0.02  76:  0.09  77:  0.01  78:  0.12  79:  0.69  80:  0.70
  81:  0.20  82:  0.03  83:  0.76  84:  0.75  85:  0.84  86:  0.83  87:  0.00  88:  0.06
  89:  0.70  90:  0.41  91:  0.77  92:  0.01  93:  0.35  94:  0.35  95:  0.16  96:  0.17
  97:  0.00  98:  0.08  99:  0.14 100:  0.15 101:  0.06 102:  0.19 103:  0.22 104:  0.23
 105:  0.00 106:  0.05 107:  0.06 108:  0.11 109:  0.11 110:  0.01 111:  0.06 112:  0.04
 113:  0.03 114:  0.13 115:  0.13 116:  0.01 117:  0.30 118:  0.30 119:  0.11 120:  0.12
 121:  0.21 122:  0.03 123:  0.02 124:  0.07 125:  0.06 126:  0.07 127:  0.08 128:  0.01
 129:  0.20 130:  0.20 131:  0.40 132:  0.03 133:  0.04 134:  0.03 135:  0.03 136:  0.02
 137:  0.24 138:  0.24 139:  0.01 140:  0.36 141:  0.37 142:  0.29 143:  0.01 144:  0.01
 145:  0.07 146:  0.08 147:  0.00 148:  0.02 149:  0.22 150:  0.22 151:  0.01 152:  0.00
 153:  0.05 154:  0.05 155:  0.00 156:  0.17 157:  0.08 158:  0.08 159:  0.00 160:  0.08
 161:  0.58 162:  0.59 163:  0.11 164:  0.01 165:  0.16 166:  0.15 167:  0.03 168:  0.16
 169:  0.12 170:  0.13 171:  0.15 172:  0.01 173:  0.18 174:  0.33 175:  0.33 176:  0.31
 177:  0.36 178:  0.19 179:  0.01 180:  0.01 181:  0.34 182:  0.34 183:  0.00 184:  0.44
 185:  0.13 186:  0.13 187:  0.15 188:  0.01 189:  0.28 190:  0.28 191:  0.00 192:  0.59
 193:  0.10 194:  0.10 195:  0.03 196:  0.04 197:  0.05 198:  0.05 199:  0.01 200:  0.01
 201:  0.07 202:  0.08 203:  0.00 204:  0.50 205:  0.50 206:  0.10 207:  0.03 208:  0.19
 209:  0.18 210:  0.09 211:  0.20 212:  0.05 213:  0.05 214:  0.00 215:  0.00 216:  0.06
 217:  0.04 218:  0.01 219:  0.21 220:  0.25 221:  0.33 222:  0.25 223:  0.24 224:  0.33
 225:  0.38 226:  0.28 227:  0.10 228:  0.44 229:  0.44 230:  0.01 231:  0.19 232:  0.33
 233:  0.31 234:  0.19 235:  0.15 236:  0.17 237:  0.10 238:  0.11 239:  0.08 240:  0.06
 241:  0.07 242:  0.05 243:  0.05 244:  0.04 245:  0.04 246:  0.01 247:  0.02 248:  0.22
 249:  0.22 250:  0.21 251:  0.01 252:  0.23 253:  0.37 254:  0.37 255:  0.03 256:  0.10
 257:  0.10 258:  0.02 259:  0.03 260:  0.04 261:  0.03 262:  0.01 263:  0.02 264:  0.02
 265:  0.00 266:  0.03 267:  0.00 268:  0.13 269:  0.38 270:  0.38 271:  0.07 272:  0.07
 273:  0.07 274:  0.09 275:  0.07 276:  0.07 277:  0.07 278:  0.07 279:  0.03 280:  0.03
 281:  0.03 282:  0.02 283:  0.05 284:  0.05 285:  0.05 286:  0.03 287:  0.00 288:  0.04
 289:  0.23 290:  0.23 291:  0.01 292:  0.24 293:  0.12 294:  0.11 295:  0.01 296:  0.21
 297:  0.21 298:  0.14 299:  0.53 300:  0.46 301:  0.57 302:  0.13 303:  0.01 304:  0.27
 305:  0.26 306:  0.24 307:  0.77 308:  0.76 309:  0.06 310:  0.36 311:  0.02 312:  0.30
 313:  0.30 314:  0.46 315:  0.03 316:  0.27 317:  0.26 318:  0.16 319:  0.01 320:  0.08
 321:  0.08 322:  0.35 323:  0.01 324:  0.17 325:  0.16 326:  0.82 327:  0.01 328:  0.23
 329:  0.22 330:  0.37 331:  0.00 332:  0.12 333:  0.11 334:  0.21 335:  0.01 336:  0.08
 337:  0.08 338:  0.34 339:  0.01 340:  0.23 341:  0.23 342:  0.11 343:  0.01 344:  0.53
 345:  0.53 346:  0.20 347:  0.01 348:  0.16 349:  0.15 350:  0.01 351:  0.01 352:  0.15
 353:  0.15 354:  0.14 355:  0.01 356:  0.16 357:  0.16 358:  0.12 359:  0.00 360:  0.03
 361:  0.02 362:  0.05 363:  0.08 364:  0.31 365:  0.31 366:  0.15 367:  0.09 368:  0.60
 369:  0.66 370:  0.66 371:  0.25 372:  0.26 373:  0.06 374:  0.24 375:  0.27 376:  0.29
 377:  0.01 378:  0.40 379:  0.30 380:  0.30 381:  0.00 382:  0.14 383:  0.02 384:  0.19
 385:  0.19 386:  0.77 387:  0.12 388:  0.12 389:  0.01 390:  0.45 391:  0.04 392:  0.58
 393:  0.58 394:  0.68 395:  0.24 396:  0.23 397:  0.07 398:  0.88 399:  0.08 400:  0.04
 401:  0.90 402:  0.90 403:  0.11 404:  0.09 405:  0.23 406:  0.24 407:  0.09 408:  1.52
 409:  1.50 410:  0.25 411:  0.31 412:  0.30 413:  0.25 414:  0.06 415:  0.06 416:  0.72
 417:  0.70 418:  0.69 419:  0.98 420:  0.63 421:  0.62 422:  0.05 423:  0.39 424:  0.39
 425:  0.15 426:  1.13 427:  0.48 428:  0.49 429:  0.03 430:  1.28 431:  0.46 432:  0.38
 433:  0.43 434:  0.20 435:  0.01 436:  0.05 437:  0.47 438:  0.48 439:  0.40 440:  0.40
 441:  1.51 442:  0.04 443:  0.27 444:  0.18 445:  0.50 446:  0.54 447:  1.77 448:  0.43
 449:  0.34 450:  0.40 451:  0.72 452:  0.02 453:  0.80 454:  0.79 455:  1.07 456:  0.08
 457:  0.47 458:  0.47 459:  0.14 460:  0.26 461:  0.18 462:  0.24 463:  0.47 464:  0.39
 465:  0.58 466:  0.27 467:  1.36 468:  0.92 469:  1.90 470:  1.87 471:  0.01 472:  0.05
 473:  0.05 474:  0.11 475:  0.07 476:  0.06 477:  0.07 478:  0.05 479:  0.01 480:  0.03
 481:  0.03 482:  0.05 483:  0.04 484:  0.09 485:  0.08 486:  0.17 487:  0.19 488:  0.20
 489:  0.17 490:  0.19 491:  0.28 492:  0.30 493:  0.29 494:  0.27 495:  0.14 496:  0.58
 497:  0.37 498:  0.45 499:  0.15 500:  0.16 501:  0.16 502:  0.18 503:  0.11 504:  0.09
 505:  0.09 506:  0.10 507:  0.23 508:  0.27 509:  0.28 510:  0.30 511:  0.26 512:  0.24
 513:  0.30 514:  0.27 515:  0.23 516:  0.23 517:  0.23 518:  0.22 519:  0.08 520:  0.08
 521:  0.08 522:  0.08 523:  0.22 524:  0.29 525:  0.37 526:  0.36 527:  0.06 528:  0.08
 529:  0.04 530:  0.02 531:  0.07 532:  0.02 533:  0.03 534:  0.07
 Raman intensities (amu)
   1:  0.00   2:  0.00   3:  0.00   4:  0.00   5:  0.00   6:  0.00   7:  0.00   8:  0.00
   9:  0.00  10:  0.00  11:  0.00  12:  0.00  13:  0.00  14:  0.00  15:  0.00  16:  0.00
  17:  0.00  18:  0.00  19:  0.00  20:  0.00  21:  0.00  22:  0.00  23:  0.00  24:  0.00
  25:  0.00  26:  0.00  27:  0.00  28:  0.00  29:  0.00  30:  0.00  31:  0.00  32:  0.00
  33:  0.00  34:  0.00  35:  0.00  36:  0.00  37:  0.00  38:  0.00  39:  0.00  40:  0.00
  41:  0.00  42:  0.00  43:  0.00  44:  0.00  45:  0.00  46:  0.00  47:  0.00  48:  0.00
  49:  0.00  50:  0.00  51:  0.00  52:  0.00  53:  0.00  54:  0.00  55:  0.00  56:  0.00
  57:  0.00  58:  0.00  59:  0.00  60:  0.00  61:  0.00  62:  0.00  63:  0.00  64:  0.00
  65:  0.00  66:  0.00  67:  0.00  68:  0.00  69:  0.00  70:  0.00  71:  0.00  72:  0.00
  73:  0.00  74:  0.00  75:  0.00  76:  0.00  77:  0.00  78:  0.00  79:  0.00  80:  0.00
  81:  0.00  82:  0.00  83:  0.00  84:  0.00  85:  0.00  86:  0.00  87:  0.00  88:  0.00
  89:  0.00  90:  0.00  91:  0.00  92:  0.00  93:  0.00  94:  0.00  95:  0.00  96:  0.00
  97:  0.00  98:  0.00  99:  0.00 100:  0.00 101:  0.00 102:  0.00 103:  0.00 104:  0.00
 105:  0.00 106:  0.00 107:  0.00 108:  0.00 109:  0.00 110:  0.00 111:  0.00 112:  0.00
 113:  0.00 114:  0.00 115:  0.00 116:  0.00 117:  0.00 118:  0.00 119:  0.00 120:  0.00
 121:  0.00 122:  0.00 123:  0.00 124:  0.00 125:  0.00 126:  0.00 127:  0.00 128:  0.00
 129:  0.00 130:  0.00 131:  0.00 132:  0.00 133:  0.00 134:  0.00 135:  0.00 136:  0.00
 137:  0.00 138:  0.00 139:  0.00 140:  0.00 141:  0.00 142:  0.00 143:  0.00 144:  0.00
 145:  0.00 146:  0.00 147:  0.00 148:  0.00 149:  0.00 150:  0.00 151:  0.00 152:  0.00
 153:  0.00 154:  0.00 155:  0.00 156:  0.00 157:  0.00 158:  0.00 159:  0.00 160:  0.00
 161:  0.00 162:  0.00 163:  0.00 164:  0.00 165:  0.00 166:  0.00 167:  0.00 168:  0.00
 169:  0.00 170:  0.00 171:  0.00 172:  0.00 173:  0.00 174:  0.00 175:  0.00 176:  0.00
 177:  0.00 178:  0.00 179:  0.00 180:  0.00 181:  0.00 182:  0.00 183:  0.00 184:  0.00
 185:  0.00 186:  0.00 187:  0.00 188:  0.00 189:  0.00 190:  0.00 191:  0.00 192:  0.00
 193:  0.00 194:  0.00 195:  0.00 196:  0.00 197:  0.00 198:  0.00 199:  0.00 200:  0.00
 201:  0.00 202:  0.00 203:  0.00 204:  0.00 205:  0.00 206:  0.00 207:  0.00 208:  0.00
 209:  0.00 210:  0.00 211:  0.00 212:  0.00 213:  0.00 214:  0.00 215:  0.00 216:  0.00
 217:  0.00 218:  0.00 219:  0.00 220:  0.00 221:  0.00 222:  0.00 223:  0.00 224:  0.00
 225:  0.00 226:  0.00 227:  0.00 228:  0.00 229:  0.00 230:  0.00 231:  0.00 232:  0.00
 233:  0.00 234:  0.00 235:  0.00 236:  0.00 237:  0.00 238:  0.00 239:  0.00 240:  0.00
 241:  0.00 242:  0.00 243:  0.00 244:  0.00 245:  0.00 246:  0.00 247:  0.00 248:  0.00
 249:  0.00 250:  0.00 251:  0.00 252:  0.00 253:  0.00 254:  0.00 255:  0.00 256:  0.00
 257:  0.00 258:  0.00 259:  0.00 260:  0.00 261:  0.00 262:  0.00 263:  0.00 264:  0.00
 265:  0.00 266:  0.00 267:  0.00 268:  0.00 269:  0.00 270:  0.00 271:  0.00 272:  0.00
 273:  0.00 274:  0.00 275:  0.00 276:  0.00 277:  0.00 278:  0.00 279:  0.00 280:  0.00
 281:  0.00 282:  0.00 283:  0.00 284:  0.00 285:  0.00 286:  0.00 287:  0.00 288:  0.00
 289:  0.00 290:  0.00 291:  0.00 292:  0.00 293:  0.00 294:  0.00 295:  0.00 296:  0.00
 297:  0.00 298:  0.00 299:  0.00 300:  0.00 301:  0.00 302:  0.00 303:  0.00 304:  0.00
 305:  0.00 306:  0.00 307:  0.00 308:  0.00 309:  0.00 310:  0.00 311:  0.00 312:  0.00
 313:  0.00 314:  0.00 315:  0.00 316:  0.00 317:  0.00 318:  0.00 319:  0.00 320:  0.00
 321:  0.00 322:  0.00 323:  0.00 324:  0.00 325:  0.00 326:  0.00 327:  0.00 328:  0.00
 329:  0.00 330:  0.00 331:  0.00 332:  0.00 333:  0.00 334:  0.00 335:  0.00 336:  0.00
 337:  0.00 338:  0.00 339:  0.00 340:  0.00 341:  0.00 342:  0.00 343:  0.00 344:  0.00
 345:  0.00 346:  0.00 347:  0.00 348:  0.00 349:  0.00 350:  0.00 351:  0.00 352:  0.00
 353:  0.00 354:  0.00 355:  0.00 356:  0.00 357:  0.00 358:  0.00 359:  0.00 360:  0.00
 361:  0.00 362:  0.00 363:  0.00 364:  0.00 365:  0.00 366:  0.00 367:  0.00 368:  0.00
 369:  0.00 370:  0.00 371:  0.00 372:  0.00 373:  0.00 374:  0.00 375:  0.00 376:  0.00
 377:  0.00 378:  0.00 379:  0.00 380:  0.00 381:  0.00 382:  0.00 383:  0.00 384:  0.00
 385:  0.00 386:  0.00 387:  0.00 388:  0.00 389:  0.00 390:  0.00 391:  0.00 392:  0.00
 393:  0.00 394:  0.00 395:  0.00 396:  0.00 397:  0.00 398:  0.00 399:  0.00 400:  0.00
 401:  0.00 402:  0.00 403:  0.00 404:  0.00 405:  0.00 406:  0.00 407:  0.00 408:  0.00
 409:  0.00 410:  0.00 411:  0.00 412:  0.00 413:  0.00 414:  0.00 415:  0.00 416:  0.00
 417:  0.00 418:  0.00 419:  0.00 420:  0.00 421:  0.00 422:  0.00 423:  0.00 424:  0.00
 425:  0.00 426:  0.00 427:  0.00 428:  0.00 429:  0.00 430:  0.00 431:  0.00 432:  0.00
 433:  0.00 434:  0.00 435:  0.00 436:  0.00 437:  0.00 438:  0.00 439:  0.00 440:  0.00
 441:  0.00 442:  0.00 443:  0.00 444:  0.00 445:  0.00 446:  0.00 447:  0.00 448:  0.00
 449:  0.00 450:  0.00 451:  0.00 452:  0.00 453:  0.00 454:  0.00 455:  0.00 456:  0.00
 457:  0.00 458:  0.00 459:  0.00 460:  0.00 461:  0.00 462:  0.00 463:  0.00 464:  0.00
 465:  0.00 466:  0.00 467:  0.00 468:  0.00 469:  0.00 470:  0.00 471:  0.00 472:  0.00
 473:  0.00 474:  0.00 475:  0.00 476:  0.00 477:  0.00 478:  0.00 479:  0.00 480:  0.00
 481:  0.00 482:  0.00 483:  0.00 484:  0.00 485:  0.00 486:  0.00 487:  0.00 488:  0.00
 489:  0.00 490:  0.00 491:  0.00 492:  0.00 493:  0.00 494:  0.00 495:  0.00 496:  0.00
 497:  0.00 498:  0.00 499:  0.00 500:  0.00 501:  0.00 502:  0.00 503:  0.00 504:  0.00
 505:  0.00 506:  0.00 507:  0.00 508:  0.00 509:  0.00 510:  0.00 511:  0.00 512:  0.00
 513:  0.00 514:  0.00 515:  0.00 516:  0.00 517:  0.00 518:  0.00 519:  0.00 520:  0.00
 521:  0.00 522:  0.00 523:  0.00 524:  0.00 525:  0.00 526:  0.00 527:  0.00 528:  0.00
 529:  0.00 530:  0.00 531:  0.00 532:  0.00 533:  0.00 534:  0.00
 output can be read by thermo (or use thermo option).
 writing <g98.out> molden fake output.
 recommended (thermochemical) frequency scaling factor: 1.0
           -------------------------------------------------
          |             Thermodynamic Functions             |
           -------------------------------------------------

Molecule has no symmetry elements
It seems to be the C1 point group
c1  symmetry found (for desy threshold:  0.10E+00) used in thermo

          ...................................................
          :                      SETUP                      :
          :.................................................:
          :  # frequencies                         528      :
          :  # imaginary freq.                       0      :
          :  linear?                             false      :
          :  only rotor calc.                    false      :
          :  symmetry                               c1      :
          :  rotational number                       1      :
          :  scaling factor                  1.0000000      :
          :  rotor cutoff                   50.0000000 cm⁻¹ :
          :  imag. cutoff                  -20.0000000 cm⁻¹ :
          :.................................................:

    mode    ω/cm⁻¹     T·S(HO)/kcal·mol⁻¹    T·S(FR)/kcal·mol⁻¹   T·S(vib)
   ------------------------------------------------------------------------
       1      5.96    -2.69553 (  0.02%)    -1.68686 ( 99.98%)    -1.68706
       2      6.57    -2.63763 (  0.03%)    -1.65790 ( 99.97%)    -1.65820
       3      6.80    -2.61704 (  0.03%)    -1.64761 ( 99.97%)    -1.64794
       4      8.04    -2.51767 (  0.07%)    -1.59792 ( 99.93%)    -1.59854
       5     15.31    -2.13639 (  0.87%)    -1.40724 ( 99.13%)    -1.41358
       6     15.41    -2.13217 (  0.90%)    -1.40513 ( 99.10%)    -1.41164
       7     15.96    -2.11174 (  1.03%)    -1.39491 ( 98.97%)    -1.40227
       8     18.66    -2.01916 (  1.90%)    -1.34859 ( 98.10%)    -1.36134
       9     21.95    -1.92280 (  3.58%)    -1.30037 ( 96.42%)    -1.32268
      10     22.12    -1.91827 (  3.69%)    -1.29811 ( 96.31%)    -1.32100
      11     23.94    -1.87153 (  4.99%)    -1.27472 ( 95.01%)    -1.30452
      12     25.23    -1.84045 (  6.09%)    -1.25915 ( 93.91%)    -1.29455
      13     31.17    -1.71548 ( 13.12%)    -1.19658 ( 86.88%)    -1.26464
      14     37.45    -1.60696 ( 23.93%)    -1.14219 ( 76.07%)    -1.25342
      15     37.64    -1.60390 ( 24.31%)    -1.14066 ( 75.69%)    -1.25328
      16     40.05    -1.56723 ( 29.16%)    -1.12227 ( 70.84%)    -1.25204
      17     43.00    -1.52524 ( 35.37%)    -1.10121 ( 64.63%)    -1.25117
      18     48.68    -1.45207 ( 47.33%)    -1.06447 ( 52.67%)    -1.24792
      19     50.42    -1.43138 ( 50.83%)    -1.05408 ( 49.17%)    -1.24588
      20     50.69    -1.42825 ( 51.37%)    -1.05250 ( 48.63%)    -1.24551
      21     53.83    -1.39279 ( 57.33%)    -1.03468 ( 42.67%)    -1.23998
      22     60.18    -1.32719 ( 67.72%)    -1.00167 ( 32.28%)    -1.22211
      23     60.38    -1.32522 ( 68.01%)    -1.00068 ( 31.99%)    -1.22141
      24     62.73    -1.30271 ( 71.25%)    -0.98934 ( 28.75%)    -1.21261
      25     63.92    -1.29172 ( 72.75%)    -0.98381 ( 27.25%)    -1.20783
      26     69.77    -1.24024 ( 79.13%)    -0.95784 ( 20.87%)    -1.18130
      27     69.81    -1.23994 ( 79.16%)    -0.95769 ( 20.84%)    -1.18113
      28     73.14    -1.21259 ( 82.07%)    -0.94388 ( 17.93%)    -1.16442
      29     80.05    -1.15969 ( 86.79%)    -0.91713 ( 13.21%)    -1.12765
      30     84.69    -1.12673 ( 89.17%)    -0.90043 ( 10.83%)    -1.10222
      31     86.22    -1.11626 ( 89.84%)    -0.89512 ( 10.16%)    -1.09379
      32     86.42    -1.11496 ( 89.92%)    -0.89446 ( 10.08%)    -1.09274
      33     91.07    -1.08436 ( 91.67%)    -0.87892 (  8.33%)    -1.06725
      34     93.71    -1.06773 ( 92.50%)    -0.87047 (  7.50%)    -1.05294
      35     93.95    -1.06619 ( 92.57%)    -0.86969 (  7.43%)    -1.05160
      36     99.43    -1.03324 ( 93.99%)    -0.85291 (  6.01%)    -1.02240
      37    100.78    -1.02539 ( 94.29%)    -0.84891 (  5.71%)    -1.01531
      38    108.93    -0.98029 ( 95.75%)    -0.82588 (  4.25%)    -0.97373
      39    110.55    -0.97172 ( 95.98%)    -0.82149 (  4.02%)    -0.96568
      40    110.75    -0.97071 ( 96.01%)    -0.82097 (  3.99%)    -0.96473
      41    112.50    -0.96162 ( 96.24%)    -0.81631 (  3.76%)    -0.95616
      42    118.83    -0.93003 ( 96.96%)    -0.80011 (  3.04%)    -0.92608
      43    118.97    -0.92934 ( 96.97%)    -0.79975 (  3.03%)    -0.92542
      44    129.68    -0.87975 ( 97.84%)    -0.77421 (  2.16%)    -0.87747
      45    133.46    -0.86332 ( 98.07%)    -0.76571 (  1.93%)    -0.86143
      46    148.90    -0.80088 ( 98.74%)    -0.73327 (  1.26%)    -0.80003
      47    153.42    -0.78395 ( 98.88%)    -0.72442 (  1.12%)    -0.78329
      48    153.60    -0.78329 ( 98.89%)    -0.72407 (  1.11%)    -0.78263
      49    153.70    -0.78291 ( 98.89%)    -0.72387 (  1.11%)    -0.78225
      50    155.96    -0.77468 ( 98.95%)    -0.71956 (  1.05%)    -0.77410
      51    162.48    -0.75154 ( 99.11%)    -0.70741 (  0.89%)    -0.75115
      52    163.21    -0.74902 ( 99.13%)    -0.70609 (  0.87%)    -0.74865
      53    164.31    -0.74527 ( 99.15%)    -0.70411 (  0.85%)    -0.74492
      54    166.18    -0.73888 ( 99.19%)    -0.70074 (  0.81%)    -0.73857
      55    178.32    -0.69944 ( 99.39%)    -0.67986 (  0.61%)    -0.69932
      56    178.70    -0.69825 ( 99.39%)    -0.67923 (  0.61%)    -0.69814
      57    178.79    -0.69797 ( 99.39%)    -0.67908 (  0.61%)    -0.69786
      58    189.60    -0.66538 ( 99.52%)    -0.66169 (  0.48%)    -0.66536
      59    194.02    -0.65267 ( 99.56%)    -0.65486 (  0.44%)    -0.65268
      60    194.46    -0.65142 ( 99.56%)    -0.65419 (  0.44%)    -0.65144
      61    195.00    -0.64991 ( 99.57%)    -0.65338 (  0.43%)    -0.64992
      62    199.00    -0.63873 ( 99.60%)    -0.64736 (  0.40%)    -0.63877
      63    199.15    -0.63831 ( 99.60%)    -0.64713 (  0.40%)    -0.63834
      64    199.21    -0.63814 ( 99.60%)    -0.64704 (  0.40%)    -0.63818
      65    204.63    -0.62346 ( 99.64%)    -0.63910 (  0.36%)    -0.62351
      66    207.01    -0.61713 ( 99.66%)    -0.63567 (  0.34%)    -0.61720
      67    208.23    -0.61393 ( 99.67%)    -0.63392 (  0.33%)    -0.61400
      68    208.59    -0.61300 ( 99.67%)    -0.63342 (  0.33%)    -0.61306
      69    210.24    -0.60869 ( 99.68%)    -0.63108 (  0.32%)    -0.60877
      70    225.89    -0.56988 ( 99.76%)    -0.60981 (  0.24%)    -0.56998
      71    235.85    -0.54679 ( 99.80%)    -0.59702 (  0.20%)    -0.54689
      72    240.99    -0.53535 ( 99.82%)    -0.59064 (  0.18%)    -0.53545
      73    243.36    -0.53017 ( 99.82%)    -0.58774 (  0.18%)    -0.53027
      74    243.48    -0.52991 ( 99.82%)    -0.58760 (  0.18%)    -0.53001
      75    248.12    -0.51994 ( 99.84%)    -0.58200 (  0.16%)    -0.52004
      76    249.68    -0.51664 ( 99.84%)    -0.58015 (  0.16%)    -0.51675
      77    260.73    -0.49399 ( 99.86%)    -0.56732 (  0.14%)    -0.49409
      78    260.92    -0.49361 ( 99.87%)    -0.56710 (  0.13%)    -0.49371
      79    276.73    -0.46326 ( 99.89%)    -0.54967 (  0.11%)    -0.46335
      80    277.03    -0.46271 ( 99.89%)    -0.54935 (  0.11%)    -0.46280
      81    286.92    -0.44485 ( 99.91%)    -0.53896 (  0.09%)    -0.44494
      82    287.89    -0.44316 ( 99.91%)    -0.53797 (  0.09%)    -0.44324
      83    292.17    -0.43571 ( 99.91%)    -0.53359 (  0.09%)    -0.43580
      84    292.21    -0.43564 ( 99.91%)    -0.53355 (  0.09%)    -0.43572
      85    292.32    -0.43545 ( 99.91%)    -0.53344 (  0.09%)    -0.43553
      86    298.19    -0.42547 ( 99.92%)    -0.52755 (  0.08%)    -0.42555
   ------------------------------------------------------------------------

   temp. (K)  partition function   enthalpy   heat capacity  entropy
                                   cal/mol     cal/K/mol   cal/K/mol   J/K/mol
 298.15  VIB  0.483E+46            57303.576    373.276    360.253
         ROT  0.933E+09              888.752      2.981     44.025
         INT  0.451E+55            58192.329    376.257    404.277
         TR   0.642E+29             1481.254      4.968     48.032
         TOT                       59673.5828   381.2249   452.3089  1892.4605

       T/K    H(0)-H(T)+PV         H(T)/Eh          T*S/Eh         G(T)/Eh
   ------------------------------------------------------------------------
    298.15    0.950959E-01    0.142066E+01    0.214907E+00    0.120575E+01
   ------------------------------------------------------------------------

         :::::::::::::::::::::::::::::::::::::::::::::::::::::
         ::                  THERMODYNAMIC                  ::
         :::::::::::::::::::::::::::::::::::::::::::::::::::::
         :: total free energy        -285.441878016785 Eh   ::
         ::.................................................::
         :: total energy             -286.647629332849 Eh   ::
         :: zero point energy           1.325561974365 Eh   ::
         :: G(RRHO) w/o ZPVE           -0.119810658301 Eh   ::
         :: G(RRHO) contrib.            1.205751316064 Eh   ::
         :::::::::::::::::::::::::::::::::::::::::::::::::::::

           -------------------------------------------------
          | TOTAL ENERGY             -286.647629332849 Eh   |
          | TOTAL ENTHALPY           -285.226971451232 Eh   |
          | TOTAL FREE ENERGY        -285.441878016785 Eh   |
          | GRADIENT NORM               0.000658636092 Eh/α |
          | HOMO-LUMO GAP               1.937262215227 eV   |
           -------------------------------------------------

------------------------------------------------------------------------
 * finished run on 2021/06/22 at 00:43:09.068     
------------------------------------------------------------------------
 total:
 * wall-time:     0 d,  0 h, 14 min, 23.193 sec
 *  cpu-time:     0 d,  1 h,  2 min, 25.177 sec
 * ratio c/w:     4.339 speedup
 SCF:
 * wall-time:     0 d,  0 h,  0 min,  2.364 sec
 *  cpu-time:     0 d,  0 h,  0 min,  8.745 sec
 * ratio c/w:     3.699 speedup
 numerical hessian:
 * wall-time:     0 d,  0 h, 14 min, 17.806 sec
 *  cpu-time:     0 d,  1 h,  2 min, 13.352 sec
 * ratio c/w:     4.352 speedup

