      -----------------------------------------------------------      
     |                   =====================                   |     
     |                           x T B                           |     
     |                   =====================                   |     
     |                         S. Grimme                         |     
     |          Mulliken Center for Theoretical Chemistry        |     
     |                    University of Bonn                     |     
     |                Version 6.2 RC2 (SAW190805)                |     
      -----------------------------------------------------------      

   This program is distributed in the hope that it will be useful,
   but WITHOUT ANY WARRANTY; without even the implied warranty of
   MERCHANTABILITY or FITNESS FOR A PARTICULAR PURPOSE.
   
   FOR NON-COMMERCIAL, ACADEMIA USE ONLY.
   
   Cite this work as:
   * S. Grimme, C. Bannwarth, P. Shushkov, J. Chem. Theory Comput., 2017,
     13, 1989-2009. DOI: 10.1021/acs.jctc.7b00118
   * C. Bannwarth, S. Ehlert and S. Grimme., J. Chem. Theory Comput., 2019,
     15, 1652-1671. DOI: 10.1021/acs.jctc.8b01176
   * P. Pracht, E. Caldeweyher, S. Ehlert, S. Grimme, ChemRxiv, 2019, preprint.
     DOI: 10.26434/chemrxiv.8326202.v1
   
   for DFT-D4:
   * E. Caldeweyher, C. Bannwarth and S. Grimme, J. Chem. Phys., 2017,
     147, 034112. DOI: 10.1063/1.4993215
   * E. Caldeweyher, S. Ehlert, A. Hansen, H. Neugebauer, S. Spicher,
     C. Bannwarth and S. Grimme, J. Chem. Phys., 2019, 150, 154122.
     DOI: 10.1063/1.5090222
   
   for sTDA-xTB:
   * S. Grimme and C. Bannwarth, J. Chem. Phys., 2016, 145, 054103.
     DOI: 10.1063/1.4959605
   
   in the mass-spec context:
   * V. Asgeirsson, C. Bauer and S. Grimme, Chem. Sci., 2017, 8, 4879.
     DOI: 10.1039/c7sc00601b
   
   for metadynamics refer to:
   * S. Grimme, J. Chem. Theory Comput., 2019, 155, 2847-2862
     DOI: 10.1021/acs.jctc.9b00143
   
   with help from (in alphabetical order)
   C. Bannwarth, F. Bohle, G. Brandenburg, E. Caldeweyher, M. Checinski,
   S. Dohm, S. Ehlert, S. Ehrlich, F. März, H. Neugebauer, J. Pisarek,
   P. Pracht, P. Shushkov, and S. Spicher.
   
 * started run on 2021/06/22 at 01:50:26.801     

           -------------------------------------------------
          |                Calculation Setup                |
           -------------------------------------------------

          program call               : /home/atarzia/software/xtb-190806/bin/xtb /data/atarzia/projects/unsymm/screening/production/free_energy_calculations/fe_4c1_b/input_structure.xyz --gfn 2 --hess --parallel 6 --etemp 300 --gbsa dmso --chrg 4 --uhf 0 -I det_control.in
          coordinate file            : /data/atarzia/projects/unsymm/screening/production/free_energy_calculations/fe_4c1_b/input_structure.xyz
          omp threads                :                     6
          number of atoms            :                   194
          number of electrons        :                   592
          charge                     :                     4
          spin                       :                   0.0
          first test random number   :      0.80227299090158


########################################################################
# WARNING! Please study the warnings concerning your input carefully
#  - XTBHOME is not set, using HOME instead
#  - XTBPATH is not set, using XTBHOME instead
#  - Process number higher than OMP_NUM_THREADS, I hope you know what you are doing.
########################################################################

           ------------------------------------------------- 
          |                 G F N 2 - x T B                 |
          | Geometry, Frequencies, Noncovalent interactions |
          |            JCTC 2019 parametrisation            |
           ------------------------------------------------- 
             k(s)              :                1.8500
             k(p)              :                2.2300
             k(d)              :                2.2300
             k(f)              :                2.0000
             kEN (H0ij)        :               -2.0000
             D4 a1             :                0.5200
             D4 a2             :                5.0000
             D4 s6             :                1.0000
             D4 s8             :                2.7000
             D4 s9             :                5.0000
             alphaj            :                2.0000

  Z AO/shell   Hii/eV     exponent
  1     Wed Apr 25 08:07:45 CEST 2018   EN: 2.200 GM2: 0.406  GM3: 0.0800  RAES: 1.40
     1s    -10.707211    1.230000
  6     Wed Apr 25 08:07:45 CEST 2018   EN: 2.550 GM2: 0.538  GM3: 0.1500  RAES: 3.00
     2s    -13.970922    2.096432
     2p    -10.063292    1.800000
  7     Wed Apr 25 08:07:45 CEST 2018   EN: 3.040 GM2: 0.461  GM3:-0.0640  RAES: 1.90
     2s    -16.686243    2.339881
     2p    -12.523956    2.014332
 46     Wed Apr 25 16:26:58 CEST 2018   EN: 2.200 GM2: 0.273  GM3: 0.0800  RAES: 5.00
     4d    -11.963518    2.353691
     5s     -9.714059    1.828354
     5p     -2.035281    1.333352

 Solvent             : dmso
 Using internal parameter file: .param_gbsa2_dmso
 Gsolv ref. state (COSMO-RS): gsolv [1 M gas/solution]
 temperature (mdtemp)       :    298.150000000000     
 dielectric constant        :    46.6800000000000     
 rho                        :    1.10000000000000     
 mass                       :    78.1300000000000     
 surface tension            :    15.5689454083859     
 probe radius               :   0.949087640000000     
 vdW radii scaling          :    1.00000000000000     
 Gshift (Eh)                :   5.161738145414381E-003
 c1                         :    1.63948621000000     
 soset                      :   1.179665000000000E-002
 HB correction              :  T
           ------------------------------------------------- 
          |        Self-Consistent Charge Iterations        |
           ------------------------------------------------- 

          ...................................................
          :                      SETUP                      :
          :.................................................:
          :  # basis functions                 584          :
          :  # atomic orbitals                 582          :
          :  # shells                          322          :
          :  # electrons                       592          :
          :  max. iterations                   250          :
          :  Hamiltonian                  GFN2-xTB          :
          :  restarted?                      false          :
          :  GBSA solvation                   true          :
          :  PC potential                    false          :
          :  electronic temp.          300.0000000     K    :
          :  accuracy                    1.0000000          :
          :  -> integral cutoff          0.2500000E+02      :
          :  -> integral neglect         0.1000000E-07      :
          :  -> SCF convergence          0.1000000E-05 Eh   :
          :  -> wf. convergence          0.1000000E-03 e    :
          :  Broyden damping             0.4000000          :
          ...................................................

 iter      E             dE          RMSdq      gap      omega  full diag
   1   -322.7516677 -0.322752E+03  0.489E+00    2.02       0.0  T
   2   -323.2803307 -0.528663E+00  0.314E+00    1.26       1.0  T
   3   -323.2088146  0.715161E-01  0.171E+00    1.77       1.0  T
   4   -323.3866399 -0.177825E+00  0.881E-01    1.42       1.0  T
   5   -323.5040781 -0.117438E+00  0.264E-01    1.54       1.0  T
   6   -323.5108768 -0.679865E-02  0.122E-01    1.54       1.0  T
   7   -323.5120786 -0.120180E-02  0.595E-02    1.56       1.0  T
   8   -323.5120840 -0.541267E-05  0.367E-02    1.55       1.0  T
   9   -323.5122389 -0.154963E-03  0.148E-02    1.55       1.0  T
  10   -323.5122663 -0.273815E-04  0.586E-03    1.55       1.2  T
  11   -323.5122673 -0.101664E-05  0.325E-03    1.55       2.2  T
  12   -323.5122676 -0.301021E-06  0.167E-03    1.55       4.3  T
  13   -323.5122678 -0.180355E-06  0.821E-04    1.55       8.7  T
  14   -323.5122679 -0.426508E-07  0.519E-04    1.55      13.8  T

   *** convergence criteria satisfied after 14 iterations ***

         #    Occupation            Energy/Eh            Energy/eV
      -------------------------------------------------------------
         1        2.0000           -0.7258171             -19.7505
       ...           ...                  ...                  ...
       290        2.0000           -0.3923426             -10.6762
       291        2.0000           -0.3918056             -10.6616
       292        2.0000           -0.3911014             -10.6424
       293        2.0000           -0.3796641             -10.3312
       294        2.0000           -0.3771452             -10.2626
       295        2.0000           -0.3766457             -10.2491
       296        2.0000           -0.3751057             -10.2071 (HOMO)
       297                         -0.3180386              -8.6543 (LUMO)
       298                         -0.3171544              -8.6302
       299                         -0.3146144              -8.5611
       300                         -0.3145122              -8.5583
       301                         -0.3017932              -8.2122
       ...                                ...                  ...
       582                          1.5129402              41.1692
      -------------------------------------------------------------
                  HL-Gap            0.0570671 Eh            1.5529 eV
             Fermi-level           -0.3465722 Eh           -9.4307 eV

 SCC (total)                   0 d,  0 h,  0 min,  2.975 sec
 SCC setup                      ...        0 min,  0.204 sec (  6.850%)
 Dispersion                     ...        0 min,  0.047 sec (  1.580%)
 integral evaluation            ...        0 min,  0.463 sec ( 15.556%)
 zeroth order Hamiltonian       ...        0 min,  0.006 sec (  0.195%)
 iterations                     ...        0 min,  1.862 sec ( 62.575%)
 molecular gradient             ...        0 min,  0.385 sec ( 12.948%)
 printout                       ...        0 min,  0.009 sec (  0.293%)

         :::::::::::::::::::::::::::::::::::::::::::::::::::::
         ::                     SUMMARY                     ::
         :::::::::::::::::::::::::::::::::::::::::::::::::::::
         :: total energy            -317.678337517087 Eh    ::
         :: total w/o Gsasa/hb      -317.552485781110 Eh    ::
         :: gradient norm              0.000774407518 Eh/a0 ::
         :: HOMO-LUMO gap              1.552874252516 eV    ::
         ::.................................................::
         :: SCC energy              -323.619486464908 Eh    ::
         :: -> isotropic ES            0.587460572178 Eh    ::
         :: -> anisotropic ES         -0.064105410914 Eh    ::
         :: -> anisotropic XC          0.198296853343 Eh    ::
         :: -> dispersion             -0.317797638481 Eh    ::
         :: -> Gsolv                  -0.624151010616 Eh    ::
         ::    -> Gborn               -0.498299274639 Eh    ::
         ::    -> Gsasa               -0.112380338256 Eh    ::
         ::    -> Ghb                 -0.018633135867 Eh    ::
         ::    -> Gshift               0.005161738145 Eh    ::
         :: repulsion energy           5.925985506440 Eh    ::
         :: add. restraining           0.000000000000 Eh    ::
         :::::::::::::::::::::::::::::::::::::::::::::::::::::

           ------------------------------------------------- 
          |                Numerical Hessian                |
           ------------------------------------------------- 
step length          :   0.00500
SCC accuracy         :   0.30000
Hessian scale factor :   1.00000
frozen atoms in %    :   0.00000    0
RMS gradient         :   0.00078
estimated CPU  time    178.39 min
estimated wall time     44.24 min

writing file <hessian>.

 projected vibrational frequencies (cm-1)
eigval :       -0.00    -0.00    -0.00     0.00     0.00     0.00
eigval :        5.72     8.32     9.47    11.76    11.93    13.03
eigval :       13.88    15.56    21.59    23.72    24.81    27.61
eigval :       30.68    33.29    35.46    38.62    41.18    42.69
eigval :       44.49    48.46    53.61    57.85    58.31    60.35
eigval :       62.29    66.20    67.67    71.35    72.41    73.59
eigval :       79.48    81.98    84.78    85.46    94.13    98.94
eigval :      101.34   103.72   106.08   107.85   114.10   115.40
eigval :      117.67   120.70   122.19   125.89   126.72   128.85
eigval :      129.73   143.04   150.43   151.27   156.41   158.86
eigval :      161.11   163.35   165.33   167.03   169.49   175.54
eigval :      178.86   181.75   182.73   184.92   189.26   193.41
eigval :      196.99   199.20   202.71   208.41   210.91   215.53
eigval :      218.11   227.97   231.87   236.31   243.86   249.77
eigval :      250.93   253.82   255.50   256.49   259.04   265.24
eigval :      266.58   268.98   269.74   271.74   275.63   279.96
eigval :      282.84   286.85   304.29   308.21   310.28   313.22
eigval :      315.69   319.11   321.44   322.66   338.10   339.08
eigval :      342.06   344.65   380.23   387.62   388.40   389.00
eigval :      389.43   390.07   390.94   391.72   392.08   393.34
eigval :      394.26   394.93   395.17   397.57   398.26   401.49
eigval :      416.75   419.10   420.25   420.68   427.61   428.87
eigval :      429.24   429.38   440.08   441.42   442.12   442.59
eigval :      443.91   445.15   446.39   447.93   452.56   453.93
eigval :      455.82   456.75   471.67   472.26   474.24   474.72
eigval :      484.17   492.88   496.85   499.42   501.39   510.59
eigval :      512.22   512.70   514.40   517.60   517.84   520.00
eigval :      521.28   526.12   527.44   528.37   529.34   530.75
eigval :      531.35   538.82   539.58   539.98   540.26   545.80
eigval :      564.36   567.28   567.81   568.48   573.14   575.29
eigval :      576.29   582.13   608.33   608.59   609.50   609.61
eigval :      611.08   611.52   612.30   613.86   615.87   616.65
eigval :      616.83   617.75   623.32   623.95   624.97   625.07
eigval :      625.34   627.08   628.36   630.82   671.18   671.47
eigval :      672.17   672.72   673.78   676.89   679.39   681.07
eigval :      686.45   687.37   687.75   688.20   712.00   712.78
eigval :      712.80   713.67   720.96   721.38   722.25   722.37
eigval :      725.41   725.70   725.92   726.01   768.19   768.82
eigval :      769.64   769.83   774.54   778.23   778.37   780.31
eigval :      780.59   781.83   782.68   785.99   801.15   803.95
eigval :      804.22   805.42   816.76   817.17   817.43   818.02
eigval :      824.27   825.13   825.41   825.92   829.77   831.06
eigval :      832.55   832.69   837.87   838.11   839.66   840.69
eigval :      850.12   855.95   856.61   857.58   858.87   859.48
eigval :      860.44   861.08   861.22   861.94   862.24   863.55
eigval :      864.51   865.32   868.84   869.76   870.12   871.41
eigval :      872.16   873.84   880.03   880.27   881.28   882.39
eigval :      890.88   893.22   893.53   893.80   895.65   895.74
eigval :      896.34   899.37   902.35   903.27   903.54   903.63
eigval :      906.69   907.14   907.88   907.90   911.55   911.91
eigval :      912.57   913.37   920.01   921.02   922.80   923.11
eigval :      932.43   933.81   934.25   935.01   936.19   936.38
eigval :      936.72   936.83   988.98   991.30   994.25   994.54
eigval :     1012.97  1013.63  1014.21  1014.30  1045.02  1046.20
eigval :     1046.40  1046.68  1064.31  1065.08  1066.17  1067.48
eigval :     1079.72  1079.74  1081.26  1081.83  1093.57  1094.98
eigval :     1096.33  1097.32  1104.30  1105.32  1105.51  1105.99
eigval :     1124.71  1125.71  1126.87  1129.91  1140.46  1140.76
eigval :     1140.88  1142.42  1145.00  1146.13  1146.36  1146.99
eigval :     1156.81  1157.87  1158.63  1158.87  1159.48  1160.88
eigval :     1161.66  1164.99  1166.70  1167.34  1167.86  1169.91
eigval :     1174.58  1177.95  1180.67  1180.97  1186.50  1187.10
eigval :     1187.43  1187.60  1199.55  1200.86  1202.84  1203.23
eigval :     1212.64  1213.00  1213.42  1214.47  1220.51  1221.45
eigval :     1222.56  1224.19  1228.50  1230.71  1231.31  1232.42
eigval :     1232.83  1233.38  1234.03  1235.74  1237.74  1242.30
eigval :     1248.15  1254.01  1275.49  1276.01  1276.56  1277.76
eigval :     1282.93  1285.03  1285.12  1286.74  1298.71  1298.92
eigval :     1300.04  1300.56  1301.44  1303.58  1304.16  1305.57
eigval :     1315.42  1317.00  1317.11  1320.05  1325.25  1326.87
eigval :     1327.52  1329.25  1338.95  1339.58  1340.46  1341.31
eigval :     1357.96  1358.55  1359.40  1360.15  1367.90  1368.53
eigval :     1370.52  1371.19  1373.19  1373.71  1373.78  1374.57
eigval :     1387.30  1387.99  1389.50  1390.20  1399.98  1400.28
eigval :     1400.40  1400.51  1415.15  1415.34  1415.71  1416.29
eigval :     1416.68  1416.86  1417.33  1417.72  1429.08  1429.48
eigval :     1430.36  1430.78  1442.24  1442.37  1442.82  1444.16
eigval :     1468.09  1468.77  1468.81  1469.05  1480.67  1481.04
eigval :     1481.75  1482.35  1483.37  1484.14  1484.45  1485.29
eigval :     1528.72  1529.57  1530.27  1530.76  1534.09  1534.89
eigval :     1537.07  1537.66  1545.45  1546.67  1547.91  1548.22
eigval :     1560.30  1560.79  1561.01  1561.45  1562.27  1562.94
eigval :     1563.16  1563.23  1569.55  1569.84  1570.45  1570.78
eigval :     1571.48  1572.29  1572.70  1573.82  1590.92  1591.90
eigval :     1592.38  1593.55  1608.23  1609.14  1611.06  1611.69
eigval :     2294.00  2298.18  2299.54  2301.76  2977.89  2983.26
eigval :     2985.49  2985.78  2986.81  2988.16  2989.03  2990.66
eigval :     2991.09  2991.81  2995.10  2999.79  3006.16  3013.72
eigval :     3021.62  3035.06  3089.81  3090.00  3090.40  3090.41
eigval :     3091.06  3091.81  3091.91  3092.18  3092.29  3093.73
eigval :     3093.96  3094.52  3102.75  3102.86  3103.16  3104.17
eigval :     3104.68  3104.81  3105.21  3105.29  3105.38  3105.70
eigval :     3106.95  3108.00  3108.28  3108.32  3108.71  3108.85
eigval :     3109.32  3109.59  3109.78  3110.28  3110.44  3111.44
eigval :     3111.54  3111.58  3111.96  3112.01  3112.34  3112.48
eigval :     3112.57  3114.05  3116.41  3117.02  3118.46  3119.05
eigval :     3119.43  3119.49  3473.17  3474.91  3475.19  3477.66
           -------------------------------------------------
          |                Property Printout                |
           -------------------------------------------------

    * Orbital Energies and Occupations

         #    Occupation            Energy/Eh            Energy/eV
      -------------------------------------------------------------
         1        2.0000           -0.7258206             -19.7506
       ...           ...                  ...                  ...
       284        2.0000           -0.4099031             -11.1540
       285        2.0000           -0.4042809             -11.0010
       286        2.0000           -0.4036682             -10.9844
       287        2.0000           -0.4028712             -10.9627
       288        2.0000           -0.4020302             -10.9398
       289        2.0000           -0.3934574             -10.7065
       290        2.0000           -0.3923404             -10.6761
       291        2.0000           -0.3918047             -10.6615
       292        2.0000           -0.3911016             -10.6424
       293        2.0000           -0.3796645             -10.3312
       294        2.0000           -0.3771439             -10.2626
       295        2.0000           -0.3766455             -10.2490
       296        2.0000           -0.3751061             -10.2072 (HOMO)
       297                         -0.3180401              -8.6543 (LUMO)
       298                         -0.3171555              -8.6302
       299                         -0.3146130              -8.5611
       300                         -0.3145129              -8.5583
       301                         -0.3017925              -8.2122
       302                         -0.2996623              -8.1542
       303                         -0.2991632              -8.1406
       304                         -0.2960434              -8.0558
       305                         -0.2863069              -7.7908
       306                         -0.2856133              -7.7719
       307                         -0.2848409              -7.7509
       ...                                ...                  ...
       582                          1.5129357              41.1691
      -------------------------------------------------------------
                  HL-Gap            0.0570660 Eh            1.5528 eV
             Fermi-level           -0.3465731 Eh           -9.4307 eV

     #   Z        covCN         q      C6AA      α(0)
     1  46 Pd     3.471    -0.077   274.027    34.139
     2  46 Pd     3.503    -0.087   274.516    34.170
     3   6 C      1.985    -0.016    31.469     9.059
     4   6 C      1.980    -0.042    32.192     9.163
     5   6 C      2.966     0.045    26.985     8.521
     6   6 C      2.924    -0.024    28.607     8.771
     7   6 C      2.914    -0.017    28.423     8.742
     8   6 C      2.914    -0.032    28.809     8.801
     9   6 C      2.989     0.028    27.379     8.583
    10   6 C      2.912    -0.034    28.842     8.806
    11   6 C      2.898     0.042    27.068     8.530
    12   7 N      2.662    -0.088    22.957     7.116
    13   6 C      2.901     0.058    26.688     8.470
    14   6 C      2.988    -0.006    28.161     8.705
    15   1 H      0.926     0.069     2.098     2.265
    16   1 H      0.926     0.058     2.218     2.329
    17   1 H      0.926     0.060     2.196     2.317
    18   1 H      0.926     0.086     1.921     2.167
    19   1 H      0.925     0.112     1.677     2.025
    20   1 H      0.925     0.121     1.607     1.982
    21   6 C      2.973     0.024    27.471     8.597
    22   6 C      2.937    -0.033    28.823     8.805
    23   6 C      2.908    -0.047    29.175     8.857
    24   6 C      3.080     0.049    26.818     8.490
    25   7 N      2.754    -0.124    23.702     7.231
    26   6 C      3.076     0.053    26.728     8.476
    27   6 C      2.908    -0.049    29.205     8.861
    28   6 C      2.928    -0.033    28.813     8.803
    29   6 C      2.974    -0.018    28.449     8.749
    30   6 C      2.916    -0.035    28.861     8.810
    31   6 C      3.070    -0.023    28.511     8.755
    32   6 C      3.069    -0.022    28.492     8.752
    33   6 C      2.917    -0.031    28.769     8.796
    34   1 H      0.926     0.049     2.337     2.391
    35   1 H      0.926     0.039     2.457     2.451
    36   1 H      0.860     0.197     1.124     1.661
    37   1 H      0.926     0.043     2.406     2.426
    38   1 H      0.926     0.051     2.305     2.374
    39   1 H      0.926     0.068     2.105     2.269
    40   1 H      0.926     0.072     2.069     2.249
    41   6 C      2.969     0.013    27.718     8.636
    42   6 C      2.931    -0.008    28.219     8.712
    43   6 C      2.910    -0.030    28.756     8.793
    44   6 C      2.907     0.049    26.905     8.505
    45   7 N      2.667    -0.087    22.945     7.114
    46   6 C      2.911     0.042    27.060     8.530
    47   1 H      0.926     0.083     1.951     2.184
    48   1 H      0.926     0.093     1.853     2.129
    49   1 H      0.925     0.124     1.581     1.966
    50   1 H      0.925     0.121     1.606     1.982
    51   6 C      1.984    -0.018    31.518     9.066
    52   6 C      1.980    -0.043    32.205     9.165
    53   6 C      2.966     0.045    26.985     8.521
    54   6 C      2.922    -0.024    28.593     8.769
    55   6 C      2.915    -0.016    28.416     8.741
    56   6 C      2.914    -0.032    28.806     8.801
    57   6 C      2.989     0.028    27.363     8.581
    58   6 C      2.912    -0.033    28.832     8.805
    59   6 C      2.891     0.042    27.051     8.527
    60   7 N      2.657    -0.097    23.142     7.145
    61   6 C      2.904     0.059    26.686     8.470
    62   6 C      2.990    -0.007    28.183     8.708
    63   1 H      0.926     0.070     2.088     2.260
    64   1 H      0.926     0.060     2.200     2.319
    65   1 H      0.926     0.062     2.172     2.305
    66   1 H      0.926     0.088     1.899     2.155
    67   1 H      0.925     0.109     1.706     2.042
    68   1 H      0.925     0.116     1.646     2.006
    69   6 C      2.973     0.022    27.506     8.603
    70   6 C      2.934    -0.034    28.851     8.809
    71   6 C      2.908    -0.051    29.266     8.871
    72   6 C      3.078     0.053    26.728     8.476
    73   7 N      2.754    -0.126    23.724     7.234
    74   6 C      3.077     0.059    26.608     8.457
    75   6 C      2.907    -0.050    29.239     8.867
    76   6 C      2.928    -0.033    28.820     8.804
    77   6 C      2.976    -0.015    28.390     8.740
    78   6 C      2.916    -0.037    28.929     8.820
    79   6 C      3.070    -0.020    28.429     8.743
    80   6 C      3.069    -0.020    28.438     8.744
    81   6 C      2.918    -0.033    28.811     8.802
    82   1 H      0.926     0.042     2.427     2.436
    83   1 H      0.926     0.036     2.504     2.474
    84   1 H      0.860     0.203     1.092     1.637
    85   1 H      0.926     0.043     2.405     2.425
    86   1 H      0.926     0.050     2.323     2.384
    87   1 H      0.926     0.068     2.105     2.269
    88   1 H      0.926     0.070     2.088     2.260
    89   6 C      2.971     0.013    27.725     8.637
    90   6 C      2.931    -0.008    28.209     8.710
    91   6 C      2.911    -0.030    28.750     8.792
    92   6 C      2.909     0.050    26.873     8.500
    93   7 N      2.666    -0.094    23.092     7.137
    94   6 C      2.908     0.045    26.987     8.518
    95   1 H      0.926     0.081     1.964     2.191
    96   1 H      0.926     0.093     1.852     2.128
    97   1 H      0.925     0.120     1.611     1.985
    98   1 H      0.925     0.125     1.574     1.962
    99   6 C      1.985    -0.016    31.466     9.059
   100   6 C      1.980    -0.043    32.210     9.165
   101   6 C      2.966     0.043    27.029     8.528
   102   6 C      2.924    -0.023    28.589     8.768
   103   6 C      2.915    -0.016    28.416     8.741
   104   6 C      2.914    -0.032    28.795     8.799
   105   6 C      2.989     0.026    27.412     8.588
   106   6 C      2.912    -0.032    28.807     8.801
   107   6 C      2.896     0.044    27.020     8.523
   108   7 N      2.663    -0.099    23.190     7.152
   109   6 C      2.899     0.058    26.707     8.473
   110   6 C      2.988    -0.011    28.281     8.724
   111   1 H      0.926     0.068     2.106     2.270
   112   1 H      0.926     0.059     2.206     2.323
   113   1 H      0.926     0.063     2.159     2.298
   114   1 H      0.926     0.089     1.891     2.151
   115   1 H      0.925     0.119     1.618     1.989
   116   1 H      0.925     0.118     1.632     1.998
   117   6 C      2.973     0.022    27.515     8.604
   118   6 C      2.936    -0.034    28.839     8.807
   119   6 C      2.908    -0.051    29.264     8.870
   120   6 C      3.080     0.054    26.711     8.473
   121   7 N      2.753    -0.126    23.727     7.235
   122   6 C      3.078     0.059    26.605     8.456
   123   6 C      2.907    -0.050    29.236     8.866
   124   6 C      2.928    -0.033    28.816     8.803
   125   6 C      2.976    -0.016    28.404     8.742
   126   6 C      2.915    -0.037    28.924     8.819
   127   6 C      3.069    -0.020    28.433     8.743
   128   6 C      3.067    -0.020    28.446     8.746
   129   6 C      2.917    -0.032    28.809     8.802
   130   1 H      0.926     0.040     2.442     2.444
   131   1 H      0.926     0.037     2.494     2.470
   132   1 H      0.860     0.203     1.090     1.636
   133   1 H      0.926     0.043     2.414     2.430
   134   1 H      0.926     0.049     2.332     2.388
   135   1 H      0.926     0.069     2.094     2.263
   136   1 H      0.926     0.071     2.072     2.251
   137   6 C      2.971     0.013    27.721     8.636
   138   6 C      2.931    -0.007    28.199     8.709
   139   6 C      2.911    -0.030    28.747     8.792
   140   6 C      2.907     0.052    26.831     8.494
   141   7 N      2.667    -0.098    23.165     7.148
   142   6 C      2.910     0.045    26.981     8.517
   143   1 H      0.926     0.082     1.957     2.188
   144   1 H      0.926     0.092     1.858     2.131
   145   1 H      0.925     0.119     1.624     1.993
   146   1 H      0.925     0.125     1.575     1.963
   147   6 C      1.986    -0.014    31.427     9.053
   148   6 C      1.980    -0.043    32.203     9.164
   149   6 C      2.965     0.043    27.030     8.528
   150   6 C      2.925    -0.023    28.579     8.767
   151   6 C      2.914    -0.016    28.412     8.741
   152   6 C      2.914    -0.032    28.800     8.800
   153   6 C      2.989     0.026    27.404     8.587
   154   6 C      2.912    -0.033    28.817     8.803
   155   6 C      2.895     0.043    27.033     8.525
   156   7 N      2.663    -0.094    23.079     7.135
   157   6 C      2.903     0.058    26.696     8.472
   158   6 C      2.987    -0.009    28.242     8.717
   159   1 H      0.926     0.068     2.112     2.273
   160   1 H      0.926     0.059     2.206     2.323
   161   1 H      0.926     0.063     2.169     2.303
   162   1 H      0.926     0.088     1.902     2.157
   163   1 H      0.925     0.116     1.646     2.006
   164   1 H      0.925     0.120     1.614     1.986
   165   6 C      2.972     0.023    27.497     8.601
   166   6 C      2.940    -0.033    28.823     8.805
   167   6 C      2.908    -0.048    29.182     8.858
   168   6 C      3.082     0.049    26.822     8.490
   169   7 N      2.753    -0.125    23.706     7.231
   170   6 C      3.080     0.053    26.736     8.477
   171   6 C      2.907    -0.049    29.205     8.861
   172   6 C      2.930    -0.033    28.821     8.804
   173   6 C      2.974    -0.018    28.453     8.750
   174   6 C      2.915    -0.034    28.847     8.807
   175   6 C      3.067    -0.023    28.520     8.757
   176   6 C      3.066    -0.023    28.503     8.754
   177   6 C      2.915    -0.031    28.771     8.796
   178   1 H      0.926     0.047     2.353     2.399
   179   1 H      0.926     0.039     2.461     2.453
   180   1 H      0.860     0.196     1.126     1.663
   181   1 H      0.926     0.042     2.422     2.434
   182   1 H      0.926     0.050     2.319     2.381
   183   1 H      0.926     0.071     2.076     2.253
   184   1 H      0.926     0.074     2.040     2.233
   185   6 C      2.969     0.013    27.723     8.637
   186   6 C      2.932    -0.008    28.219     8.712
   187   6 C      2.910    -0.030    28.755     8.793
   188   6 C      2.919     0.051    26.850     8.497
   189   7 N      2.668    -0.085    22.895     7.106
   190   6 C      2.904     0.042    27.055     8.529
   191   1 H      0.926     0.081     1.965     2.192
   192   1 H      0.926     0.091     1.873     2.140
   193   1 H      0.925     0.124     1.580     1.966
   194   1 H      0.925     0.122     1.599     1.977

 Mol. C6AA /au·bohr⁶  :     610392.091281
 Mol. C8AA /au·bohr⁸  :   16965067.986616
 Mol. α(0) /au        :       1279.283214


Wiberg/Mayer (AO) data.
largest (>0.10) Wiberg bond orders for each atom
          total WBO             WBO to atom ...
     1  Pd  3.472        N  156 0.604    N   45 0.603    N  108 0.598    N   60 0.595
     2  Pd  3.507        N   12 0.601    N  189 0.600    N   93 0.592    N  141 0.590
     3  C   3.936        C    4 2.632    C   21 1.122
     4  C   3.945        C    3 2.632    C    5 1.135
     5  C   3.984        C    6 1.452    C   14 1.200    C    4 1.135
     6  C   3.978        C    5 1.452    C    7 1.347    H   15 0.967
     7  C   3.982        C    8 1.522    C    6 1.347    H   16 0.968
     8  C   3.953        C    7 1.522    C    9 1.294    H   17 0.966
     9  C   3.988        C    8 1.294    C   10 1.272    C   14 1.230
    10  C   3.980        C   11 1.555    C    9 1.272    H   18 0.960    C   13 0.104
    11  C   3.970        C   10 1.555    N   12 1.246    H   19 0.916
    12  N   3.539        C   13 1.431    C   11 1.246    Pd   2 0.601
    13  C   3.967        N   12 1.431    C   14 1.319    H   20 0.909    C   10 0.104
    14  C   3.981        C   13 1.319    C    9 1.230    C    5 1.200
    15  H   0.995        C    6 0.967
    16  H   0.995        C    7 0.968
    17  H   0.995        C    8 0.966
    18  H   0.991        C   10 0.960
    19  H   0.986        C   11 0.916
    20  H   0.984        C   13 0.909
    21  C   3.977        C   33 1.393    C   22 1.309    C    3 1.122
    22  C   3.960        C   23 1.492    C   21 1.309    H   34 0.970
    23  C   3.983        C   22 1.492    C   24 1.344    H   35 0.966
    24  C   3.940        C   23 1.344    C   32 1.256    N   25 1.158
    25  N   3.512        C   26 1.183    C   24 1.158    H   36 0.931
    26  C   3.957        C   27 1.338    C   31 1.240    N   25 1.183
    27  C   3.983        C   28 1.497    C   26 1.338    H   37 0.967
    28  C   3.969        C   27 1.497    C   29 1.327    H   38 0.965
    29  C   3.974        C   30 1.395    C   28 1.327    C   41 1.078
    30  C   3.977        C   29 1.395    C   31 1.394    H   39 0.960
    31  C   3.978        C   30 1.394    C   26 1.240    C   32 1.140
    32  C   3.979        C   33 1.379    C   24 1.256    C   31 1.140
    33  C   3.969        C   21 1.393    C   32 1.379    H   40 0.965
    34  H   0.997        C   22 0.970
    35  H   0.996        C   23 0.966
    36  H   0.960        N   25 0.931
    37  H   0.997        C   27 0.967
    38  H   0.997        C   28 0.965
    39  H   0.995        C   30 0.960
    40  H   0.994        C   33 0.965
    41  C   3.979        C   46 1.370    C   42 1.355    C   29 1.078
    42  C   3.975        C   43 1.456    C   41 1.355    H   47 0.960
    43  C   3.980        C   42 1.456    C   44 1.421    H   48 0.961
    44  C   3.956        C   43 1.421    N   45 1.343    H   49 0.910
    45  N   3.545        C   46 1.361    C   44 1.343    Pd   1 0.603
    46  C   3.963        C   41 1.370    N   45 1.361    H   50 0.906
    47  H   0.991        C   42 0.960
    48  H   0.990        C   43 0.961
    49  H   0.983        C   44 0.910
    50  H   0.985        C   46 0.906
    51  C   3.937        C   52 2.632    C   69 1.124
    52  C   3.945        C   51 2.632    C   53 1.136
    53  C   3.984        C   54 1.455    C   62 1.196    C   52 1.136
    54  C   3.977        C   53 1.455    C   55 1.346    H   63 0.966
    55  C   3.982        C   56 1.522    C   54 1.346    H   64 0.968
    56  C   3.953        C   55 1.522    C   57 1.293    H   65 0.966
    57  C   3.988        C   56 1.293    C   58 1.273    C   62 1.229
    58  C   3.979        C   59 1.554    C   57 1.273    H   66 0.960    C   61 0.104
    59  C   3.969        C   58 1.554    N   60 1.247    H   67 0.921
    60  N   3.532        C   61 1.428    C   59 1.247    Pd   1 0.595
    61  C   3.969        N   60 1.428    C   62 1.322    H   68 0.911    C   58 0.104
    62  C   3.981        C   61 1.322    C   57 1.229    C   53 1.196
    63  H   0.994        C   54 0.966
    64  H   0.995        C   55 0.968
    65  H   0.995        C   56 0.966
    66  H   0.991        C   58 0.960
    67  H   0.987        C   59 0.921
    68  H   0.985        C   61 0.911
    69  C   3.977        C   81 1.388    C   70 1.311    C   51 1.124
    70  C   3.960        C   71 1.492    C   69 1.311    H   82 0.970
    71  C   3.983        C   70 1.492    C   72 1.343    H   83 0.965
    72  C   3.940        C   71 1.343    C   80 1.250    N   73 1.165
    73  N   3.518        C   74 1.183    C   72 1.165    H   84 0.930
    74  C   3.958        C   75 1.339    C   79 1.242    N   73 1.183
    75  C   3.983        C   76 1.496    C   74 1.339    H   85 0.967
    76  C   3.969        C   75 1.496    C   77 1.329    H   86 0.966
    77  C   3.974        C   78 1.400    C   76 1.329    C   89 1.071
    78  C   3.977        C   77 1.400    C   79 1.390    H   87 0.962
    79  C   3.978        C   78 1.390    C   74 1.242    C   80 1.142
    80  C   3.979        C   81 1.383    C   72 1.250    C   79 1.142
    81  C   3.968        C   69 1.388    C   80 1.383    H   88 0.965
    82  H   0.998        C   70 0.970
    83  H   0.997        C   71 0.965
    84  H   0.958        N   73 0.930
    85  H   0.997        C   75 0.967
    86  H   0.997        C   76 0.966
    87  H   0.995        C   78 0.962
    88  H   0.995        C   81 0.965
    89  C   3.980        C   94 1.373    C   90 1.360    C   77 1.071
    90  C   3.976        C   91 1.452    C   89 1.360    H   95 0.961
    91  C   3.980        C   90 1.452    C   92 1.425    H   96 0.961
    92  C   3.958        C   91 1.425    N   93 1.342    H   97 0.908
    93  N   3.538        C   94 1.363    C   92 1.342    Pd   2 0.592
    94  C   3.962        C   89 1.373    N   93 1.363    H   98 0.909
    95  H   0.992        C   90 0.961
    96  H   0.990        C   91 0.961
    97  H   0.984        C   92 0.908
    98  H   0.984        C   94 0.909
    99  C   3.936        C  100 2.632    C  117 1.122
   100  C   3.945        C   99 2.632    C  101 1.135
   101  C   3.984        C  102 1.453    C  110 1.199    C  100 1.135
   102  C   3.978        C  101 1.453    C  103 1.346    H  111 0.967
   103  C   3.983        C  104 1.522    C  102 1.346    H  112 0.967
   104  C   3.953        C  103 1.522    C  105 1.293    H  113 0.966
   105  C   3.988        C  104 1.293    C  106 1.273    C  110 1.230
   106  C   3.979        C  107 1.554    C  105 1.273    H  114 0.960    C  109 0.105
   107  C   3.968        C  106 1.554    N  108 1.245    H  115 0.914
   108  N   3.532        C  109 1.428    C  107 1.245    Pd   1 0.598
   109  C   3.967        N  108 1.428    C  110 1.320    H  116 0.912    C  106 0.105
   110  C   3.981        C  109 1.320    C  105 1.230    C  101 1.199
   111  H   0.995        C  102 0.967
   112  H   0.995        C  103 0.967
   113  H   0.995        C  104 0.966
   114  H   0.991        C  106 0.960
   115  H   0.984        C  107 0.914
   116  H   0.985        C  109 0.912
   117  C   3.977        C  129 1.391    C  118 1.310    C   99 1.122
   118  C   3.961        C  119 1.492    C  117 1.310    H  130 0.970
   119  C   3.983        C  118 1.492    C  120 1.343    H  131 0.966
   120  C   3.941        C  119 1.343    C  128 1.251    N  121 1.166
   121  N   3.519        C  122 1.183    C  120 1.166    H  132 0.929
   122  C   3.958        C  123 1.339    C  127 1.242    N  121 1.183
   123  C   3.983        C  124 1.496    C  122 1.339    H  133 0.967
   124  C   3.969        C  123 1.496    C  125 1.330    H  134 0.967
   125  C   3.973        C  126 1.402    C  124 1.330    C  137 1.067
   126  C   3.977        C  125 1.402    C  127 1.388    H  135 0.962
   127  C   3.978        C  126 1.388    C  122 1.242    C  128 1.142
   128  C   3.979        C  129 1.381    C  120 1.251    C  127 1.142
   129  C   3.969        C  117 1.391    C  128 1.381    H  136 0.965
   130  H   0.998        C  118 0.970
   131  H   0.997        C  119 0.966
   132  H   0.958        N  121 0.929
   133  H   0.997        C  123 0.967
   134  H   0.997        C  124 0.967
   135  H   0.995        C  126 0.962
   136  H   0.994        C  129 0.965
   137  C   3.980        C  142 1.377    C  138 1.359    C  125 1.067
   138  C   3.976        C  139 1.455    C  137 1.359    H  143 0.962
   139  C   3.980        C  138 1.455    C  140 1.422    H  144 0.962
   140  C   3.958        C  139 1.422    N  141 1.347    H  145 0.912
   141  N   3.537        C  142 1.357    C  140 1.347    Pd   2 0.590
   142  C   3.963        C  137 1.377    N  141 1.357    H  146 0.907
   143  H   0.991        C  138 0.962
   144  H   0.990        C  139 0.962
   145  H   0.985        C  140 0.912
   146  H   0.984        C  142 0.907
   147  C   3.934        C  148 2.631    C  165 1.120
   148  C   3.945        C  147 2.631    C  149 1.134
   149  C   3.984        C  150 1.451    C  158 1.201    C  148 1.134
   150  C   3.979        C  149 1.451    C  151 1.347    H  159 0.967
   151  C   3.983        C  152 1.522    C  150 1.347    H  160 0.967
   152  C   3.953        C  151 1.522    C  153 1.293    H  161 0.966
   153  C   3.988        C  152 1.293    C  154 1.274    C  158 1.229
   154  C   3.980        C  155 1.553    C  153 1.274    H  162 0.960    C  157 0.105
   155  C   3.968        C  154 1.553    N  156 1.248    H  163 0.918
   156  N   3.539        C  157 1.427    C  155 1.248    Pd   1 0.604
   157  C   3.968        N  156 1.427    C  158 1.320    H  164 0.908    C  154 0.105
   158  C   3.981        C  157 1.320    C  153 1.229    C  149 1.201
   159  H   0.995        C  150 0.967
   160  H   0.995        C  151 0.967
   161  H   0.995        C  152 0.966
   162  H   0.991        C  154 0.960
   163  H   0.985        C  155 0.918
   164  H   0.984        C  157 0.908
   165  C   3.977        C  177 1.397    C  166 1.306    C  147 1.120
   166  C   3.960        C  167 1.494    C  165 1.306    H  178 0.970
   167  C   3.983        C  166 1.494    C  168 1.343    H  179 0.966
   168  C   3.940        C  167 1.343    C  176 1.256    N  169 1.160
   169  N   3.514        C  170 1.182    C  168 1.160    H  180 0.931
   170  C   3.957        C  171 1.338    C  175 1.242    N  169 1.182
   171  C   3.983        C  172 1.497    C  170 1.338    H  181 0.967
   172  C   3.969        C  171 1.497    C  173 1.327    H  182 0.965
   173  C   3.974        C  174 1.400    C  172 1.327    C  185 1.073
   174  C   3.977        C  173 1.400    C  175 1.390    H  183 0.962
   175  C   3.978        C  174 1.390    C  170 1.242    C  176 1.140
   176  C   3.979        C  177 1.377    C  168 1.256    C  175 1.140
   177  C   3.970        C  165 1.397    C  176 1.377    H  184 0.965
   178  H   0.997        C  166 0.970
   179  H   0.996        C  167 0.966
   180  H   0.961        N  169 0.931
   181  H   0.997        C  171 0.967
   182  H   0.997        C  172 0.965
   183  H   0.994        C  174 0.962
   184  H   0.994        C  177 0.965
   185  C   3.979        C  190 1.373    C  186 1.357    C  173 1.073
   186  C   3.975        C  187 1.455    C  185 1.357    H  191 0.961
   187  C   3.981        C  186 1.455    C  188 1.422    H  192 0.962
   188  C   3.958        C  187 1.422    N  189 1.345    H  193 0.906
   189  N   3.544        C  190 1.360    C  188 1.345    Pd   2 0.600
   190  C   3.962        C  185 1.373    N  189 1.360    H  194 0.909
   191  H   0.992        C  186 0.961
   192  H   0.991        C  187 0.962
   193  H   0.983        C  188 0.906
   194  H   0.984        C  190 0.909

molecular dipole:
                 x           y           z       tot (Debye)
 q only:        3.174       2.146       1.517
   full:        3.104       2.259       1.043      10.112
molecular quadrupole (traceless):
                xx          xy          yy          xz          yz          zz
 q only:     -159.647     -17.669     312.530     -30.161      -0.709    -152.882
  q+dip:     -160.774     -20.941     309.386     -47.608      -1.732    -148.612
   full:     -153.396     -20.365     296.874     -42.423      -1.217    -143.478

           -------------------------------------------------
          |               Frequency Printout                |
           -------------------------------------------------
 projected vibrational frequencies (cm-1)
eigval :       -0.00    -0.00    -0.00     0.00     0.00     0.00
eigval :        5.72     8.32     9.47    11.76    11.93    13.03
eigval :       13.88    15.56    21.59    23.72    24.81    27.61
eigval :       30.68    33.29    35.46    38.62    41.18    42.69
eigval :       44.49    48.46    53.61    57.85    58.31    60.35
eigval :       62.29    66.20    67.67    71.35    72.41    73.59
eigval :       79.48    81.98    84.78    85.46    94.13    98.94
eigval :      101.34   103.72   106.08   107.85   114.10   115.40
eigval :      117.67   120.70   122.19   125.89   126.72   128.85
eigval :      129.73   143.04   150.43   151.27   156.41   158.86
eigval :      161.11   163.35   165.33   167.03   169.49   175.54
eigval :      178.86   181.75   182.73   184.92   189.26   193.41
eigval :      196.99   199.20   202.71   208.41   210.91   215.53
eigval :      218.11   227.97   231.87   236.31   243.86   249.77
eigval :      250.93   253.82   255.50   256.49   259.04   265.24
eigval :      266.58   268.98   269.74   271.74   275.63   279.96
eigval :      282.84   286.85   304.29   308.21   310.28   313.22
eigval :      315.69   319.11   321.44   322.66   338.10   339.08
eigval :      342.06   344.65   380.23   387.62   388.40   389.00
eigval :      389.43   390.07   390.94   391.72   392.08   393.34
eigval :      394.26   394.93   395.17   397.57   398.26   401.49
eigval :      416.75   419.10   420.25   420.68   427.61   428.87
eigval :      429.24   429.38   440.08   441.42   442.12   442.59
eigval :      443.91   445.15   446.39   447.93   452.56   453.93
eigval :      455.82   456.75   471.67   472.26   474.24   474.72
eigval :      484.17   492.88   496.85   499.42   501.39   510.59
eigval :      512.22   512.70   514.40   517.60   517.84   520.00
eigval :      521.28   526.12   527.44   528.37   529.34   530.75
eigval :      531.35   538.82   539.58   539.98   540.26   545.80
eigval :      564.36   567.28   567.81   568.48   573.14   575.29
eigval :      576.29   582.13   608.33   608.59   609.50   609.61
eigval :      611.08   611.52   612.30   613.86   615.87   616.65
eigval :      616.83   617.75   623.32   623.95   624.97   625.07
eigval :      625.34   627.08   628.36   630.82   671.18   671.47
eigval :      672.17   672.72   673.78   676.89   679.39   681.07
eigval :      686.45   687.37   687.75   688.20   712.00   712.78
eigval :      712.80   713.67   720.96   721.38   722.25   722.37
eigval :      725.41   725.70   725.92   726.01   768.19   768.82
eigval :      769.64   769.83   774.54   778.23   778.37   780.31
eigval :      780.59   781.83   782.68   785.99   801.15   803.95
eigval :      804.22   805.42   816.76   817.17   817.43   818.02
eigval :      824.27   825.13   825.41   825.92   829.77   831.06
eigval :      832.55   832.69   837.87   838.11   839.66   840.69
eigval :      850.12   855.95   856.61   857.58   858.87   859.48
eigval :      860.44   861.08   861.22   861.94   862.24   863.55
eigval :      864.51   865.32   868.84   869.76   870.12   871.41
eigval :      872.16   873.84   880.03   880.27   881.28   882.39
eigval :      890.88   893.22   893.53   893.80   895.65   895.74
eigval :      896.34   899.37   902.35   903.27   903.54   903.63
eigval :      906.69   907.14   907.88   907.90   911.55   911.91
eigval :      912.57   913.37   920.01   921.02   922.80   923.11
eigval :      932.43   933.81   934.25   935.01   936.19   936.38
eigval :      936.72   936.83   988.98   991.30   994.25   994.54
eigval :     1012.97  1013.63  1014.21  1014.30  1045.02  1046.20
eigval :     1046.40  1046.68  1064.31  1065.08  1066.17  1067.48
eigval :     1079.72  1079.74  1081.26  1081.83  1093.57  1094.98
eigval :     1096.33  1097.32  1104.30  1105.32  1105.51  1105.99
eigval :     1124.71  1125.71  1126.87  1129.91  1140.46  1140.76
eigval :     1140.88  1142.42  1145.00  1146.13  1146.36  1146.99
eigval :     1156.81  1157.87  1158.63  1158.87  1159.48  1160.88
eigval :     1161.66  1164.99  1166.70  1167.34  1167.86  1169.91
eigval :     1174.58  1177.95  1180.67  1180.97  1186.50  1187.10
eigval :     1187.43  1187.60  1199.55  1200.86  1202.84  1203.23
eigval :     1212.64  1213.00  1213.42  1214.47  1220.51  1221.45
eigval :     1222.56  1224.19  1228.50  1230.71  1231.31  1232.42
eigval :     1232.83  1233.38  1234.03  1235.74  1237.74  1242.30
eigval :     1248.15  1254.01  1275.49  1276.01  1276.56  1277.76
eigval :     1282.93  1285.03  1285.12  1286.74  1298.71  1298.92
eigval :     1300.04  1300.56  1301.44  1303.58  1304.16  1305.57
eigval :     1315.42  1317.00  1317.11  1320.05  1325.25  1326.87
eigval :     1327.52  1329.25  1338.95  1339.58  1340.46  1341.31
eigval :     1357.96  1358.55  1359.40  1360.15  1367.90  1368.53
eigval :     1370.52  1371.19  1373.19  1373.71  1373.78  1374.57
eigval :     1387.30  1387.99  1389.50  1390.20  1399.98  1400.28
eigval :     1400.40  1400.51  1415.15  1415.34  1415.71  1416.29
eigval :     1416.68  1416.86  1417.33  1417.72  1429.08  1429.48
eigval :     1430.36  1430.78  1442.24  1442.37  1442.82  1444.16
eigval :     1468.09  1468.77  1468.81  1469.05  1480.67  1481.04
eigval :     1481.75  1482.35  1483.37  1484.14  1484.45  1485.29
eigval :     1528.72  1529.57  1530.27  1530.76  1534.09  1534.89
eigval :     1537.07  1537.66  1545.45  1546.67  1547.91  1548.22
eigval :     1560.30  1560.79  1561.01  1561.45  1562.27  1562.94
eigval :     1563.16  1563.23  1569.55  1569.84  1570.45  1570.78
eigval :     1571.48  1572.29  1572.70  1573.82  1590.92  1591.90
eigval :     1592.38  1593.55  1608.23  1609.14  1611.06  1611.69
eigval :     2294.00  2298.18  2299.54  2301.76  2977.89  2983.26
eigval :     2985.49  2985.78  2986.81  2988.16  2989.03  2990.66
eigval :     2991.09  2991.81  2995.10  2999.79  3006.16  3013.72
eigval :     3021.62  3035.06  3089.81  3090.00  3090.40  3090.41
eigval :     3091.06  3091.81  3091.91  3092.18  3092.29  3093.73
eigval :     3093.96  3094.52  3102.75  3102.86  3103.16  3104.17
eigval :     3104.68  3104.81  3105.21  3105.29  3105.38  3105.70
eigval :     3106.95  3108.00  3108.28  3108.32  3108.71  3108.85
eigval :     3109.32  3109.59  3109.78  3110.28  3110.44  3111.44
eigval :     3111.54  3111.58  3111.96  3112.01  3112.34  3112.48
eigval :     3112.57  3114.05  3116.41  3117.02  3118.46  3119.05
eigval :     3119.43  3119.49  3473.17  3474.91  3475.19  3477.66
 reduced masses (amu)
   1: 22.27   2: 22.74   3: 16.49   4: 23.25   5: 21.28   6: 23.47   7: 14.07   8: 17.63
   9: 13.89  10: 16.87  11: 17.49  12: 15.75  13: 15.35  14: 12.85  15: 14.68  16: 19.05
  17: 12.90  18: 12.90  19: 15.10  20: 15.18  21: 13.01  22: 16.54  23: 12.74  24: 11.87
  25: 14.47  26: 13.13  27: 22.25  28: 13.64  29: 13.22  30: 12.83  31: 13.16  32: 11.26
  33: 11.96  34: 12.22  35: 12.42  36: 13.34  37: 13.16  38: 18.23  39: 12.22  40: 14.48
  41: 13.78  42: 11.97  43: 12.27  44: 12.02  45: 11.51  46: 12.46  47: 12.67  48: 17.89
  49: 11.63  50: 17.64  51: 12.50  52: 12.89  53: 12.23  54: 11.53  55: 14.29  56: 12.21
  57: 12.43  58: 17.63  59: 13.02  60: 12.97  61: 13.15  62: 13.42  63: 12.87  64: 11.60
  65: 11.28  66: 11.72  67: 13.29  68: 14.88  69: 13.99  70: 14.53  71: 14.24  72: 17.21
  73: 14.59  74: 20.25  75: 13.77  76: 14.15  77: 15.35  78: 18.71  79: 21.27  80: 26.47
  81: 22.50  82: 23.72  83: 19.01  84: 15.46  85: 18.00  86: 27.49  87: 29.19  88: 23.53
  89: 22.31  90: 21.23  91: 26.47  92: 22.65  93: 27.76  94: 23.25  95: 18.66  96: 18.88
  97: 26.63  98: 28.57  99: 11.98 100: 14.42 101: 14.35 102: 16.14 103: 11.93 104: 13.37
 105: 11.16 106: 12.36 107: 13.99 108: 14.56 109: 13.45 110: 13.49 111: 10.69 112: 10.13
 113: 10.45 114: 10.29 115:  9.71 116:  9.93 117:  9.99 118:  9.60 119:  9.77 120:  9.83
 121: 10.19 122:  9.74 123: 10.84 124: 11.41 125: 11.24 126: 12.38 127: 11.19 128: 11.22
 129: 11.40 130: 11.21 131: 10.42 132: 10.00 133: 10.14 134: 10.09 135: 10.92 136: 11.28
 137: 11.37 138: 11.35 139: 11.31 140: 11.30 141: 11.17 142: 11.20 143: 11.57 144: 11.98
 145: 11.66 146: 12.12 147: 11.09 148: 11.17 149: 11.11 150: 11.16 151:  6.44 152: 10.81
 153: 11.18 154: 11.44 155:  9.68 156: 11.07 157: 11.39 158: 11.47 159: 11.54 160: 10.52
 161: 10.86 162: 10.42 163: 10.24 164:  7.85 165:  8.05 166: 10.38 167: 10.50 168: 10.41
 169:  9.20 170: 10.37 171: 10.46 172: 10.55 173: 10.50 174:  7.04 175: 11.47 176: 11.75
 177: 11.60 178: 12.09 179: 10.10 180:  8.99 181:  8.82 182:  7.15 183: 11.41 184: 11.39
 185: 11.45 186: 11.38 187: 11.37 188: 11.34 189: 11.38 190: 11.43 191: 11.39 192: 11.35
 193: 11.39 194: 11.28 195: 11.50 196: 11.56 197: 11.58 198: 11.54 199: 11.58 200: 12.19
 201: 12.07 202: 12.61 203: 11.43 204: 11.13 205: 11.05 206: 10.89 207:  9.93 208:  9.57
 209:  9.62 210: 10.06 211: 11.05 212: 11.06 213: 10.99 214: 10.82 215: 11.75 216: 11.77
 217: 11.75 218: 11.78 219: 11.44 220: 11.41 221: 11.44 222: 11.44 223: 10.76 224: 10.77
 225: 10.75 226: 10.79 227: 11.21 228: 10.67 229: 11.11 230: 11.14 231:  5.42 232:  3.94
 233:  4.52 234:  3.92 235:  3.88 236:  4.91 237:  4.79 238:  4.61 239: 11.40 240: 11.45
 241: 11.49 242: 11.55 243:  4.57 244:  4.50 245:  4.50 246:  4.49 247:  4.62 248:  4.79
 249:  4.75 250:  4.77 251:  4.28 252:  4.11 253:  4.07 254:  4.07 255: 10.50 256: 10.66
 257: 10.63 258: 10.44 259:  4.43 260:  4.70 261:  3.86 262:  3.83 263:  5.08 264:  3.77
 265:  3.97 266:  5.32 267:  3.88 268:  3.75 269:  3.69 270:  5.98 271:  6.13 272:  5.88
 273:  4.87 274:  8.73 275:  7.15 276:  7.21 277:  8.29 278:  6.45 279: 10.40 280: 10.48
 281: 10.44 282: 10.39 283:  3.83 284:  3.84 285:  3.84 286:  3.86 287:  3.77 288:  3.85
 289:  3.80 290:  3.76 291:  3.74 292:  3.78 293:  3.71 294:  3.69 295:  3.35 296:  3.40
 297:  3.35 298:  3.39 299:  3.42 300:  3.38 301:  3.41 302:  3.43 303: 10.96 304: 10.96
 305: 10.98 306: 10.97 307:  3.87 308:  3.69 309:  3.68 310:  3.82 311:  3.81 312:  3.82
 313:  3.65 314:  3.64 315: 10.91 316: 10.94 317: 11.00 318: 10.95 319:  8.59 320:  8.62
 321:  8.62 322:  8.64 323:  9.06 324:  9.08 325:  9.05 326:  9.06 327:  7.02 328:  7.02
 329:  7.03 330:  7.27 331:  7.24 332:  7.24 333:  7.29 334:  7.16 335:  7.25 336:  7.40
 337:  7.22 338:  7.38 339:  6.16 340:  6.17 341:  6.16 342:  6.18 343:  3.66 344:  3.74
 345:  3.69 346:  3.69 347:  5.97 348:  5.78 349:  6.12 350:  6.06 351:  3.03 352:  3.41
 353:  3.50 354:  3.50 355:  4.72 356:  4.14 357:  4.49 358:  4.26 359:  4.42 360:  3.53
 361:  3.71 362:  3.95 363:  3.36 364:  3.30 365:  3.25 366:  2.87 367:  2.49 368:  2.57
 369:  2.98 370:  2.59 371:  3.51 372:  3.53 373:  3.45 374:  3.49 375:  6.29 376:  6.45
 377:  6.43 378:  6.31 379:  5.12 380:  5.30 381:  5.06 382:  5.36 383:  4.46 384:  4.32
 385:  4.49 386:  4.36 387:  4.81 388:  4.81 389:  6.13 390:  6.07 391:  6.19 392:  5.82
 393:  5.89 394:  4.91 395:  3.44 396:  3.38 397:  3.40 398:  3.75 399:  6.84 400:  6.76
 401:  6.82 402:  6.77 403:  7.50 404:  7.33 405:  7.43 406:  7.43 407:  9.59 408:  9.80
 409:  9.65 410: 10.32 411: 11.28 412: 11.83 413: 11.84 414: 11.69 415: 10.60 416: 10.54
 417: 10.50 418: 10.50 419: 10.65 420: 10.80 421: 10.75 422: 10.54 423: 11.27 424: 11.17
 425: 11.23 426: 11.16 427:  9.98 428:  9.92 429:  9.91 430:  9.86 431: 10.41 432: 10.30
 433: 10.33 434: 10.01 435:  9.55 436:  9.49 437:  9.59 438:  9.86 439: 10.69 440: 10.71
 441: 10.66 442: 10.65 443: 10.98 444: 10.89 445: 10.93 446: 11.10 447: 10.35 448: 10.27
 449: 10.14 450: 10.24 451: 10.68 452: 10.43 453: 10.52 454: 10.57 455: 10.96 456: 10.96
 457: 10.96 458: 10.98 459: 10.77 460: 10.76 461: 10.74 462: 10.74 463: 10.98 464: 10.96
 465: 10.99 466: 10.97 467: 11.20 468: 11.12 469: 11.27 470: 11.24 471: 11.30 472: 11.28
 473: 11.36 474: 11.33 475: 11.78 476: 11.78 477: 11.78 478: 11.78 479: 11.58 480: 11.57
 481: 11.58 482: 11.61 483: 11.73 484: 11.72 485: 11.72 486: 11.73 487: 11.59 488: 11.60
 489: 11.59 490: 11.58 491: 11.59 492: 11.60 493: 11.60 494: 11.59 495: 11.42 496: 11.46
 497: 11.45 498: 11.45 499: 11.63 500: 11.65 501: 11.63 502: 11.65 503: 11.75 504: 11.75
 505: 11.75 506: 11.75 507: 11.77 508: 11.76 509: 11.77 510: 11.77 511: 12.01 512: 12.01
 513: 12.01 514: 12.01 515:  1.86 516:  1.85 517:  1.85 518:  1.85 519:  1.84 520:  1.84
 521:  1.83 522:  1.84 523:  1.84 524:  1.84 525:  1.83 526:  1.85 527:  1.85 528:  1.85
 529:  1.84 530:  1.84 531:  1.81 532:  1.79 533:  1.79 534:  1.81 535:  1.79 536:  1.78
 537:  1.78 538:  1.79 539:  1.78 540:  1.78 541:  1.78 542:  1.78 543:  1.88 544:  1.88
 545:  1.84 546:  1.87 547:  1.85 548:  1.84 549:  1.87 550:  1.85 551:  1.88 552:  1.88
 553:  1.85 554:  1.82 555:  1.84 556:  1.90 557:  1.82 558:  1.84 559:  1.88 560:  1.84
 561:  1.90 562:  1.87 563:  1.82 564:  1.86 565:  1.84 566:  1.84 567:  1.85 568:  1.84
 569:  1.86 570:  1.84 571:  1.84 572:  1.84 573:  1.83 574:  1.83 575:  1.90 576:  1.90
 577:  1.90 578:  1.89 579:  1.87 580:  1.87 581:  1.87 582:  1.87
 IR intensities (amu)
   1:  0.40   2:  0.21   3:  0.36   4:  0.33   5:  0.52   6:  0.55   7:  0.36   8:  0.29
   9:  0.23  10:  0.18  11:  0.48  12:  0.32  13:  0.38  14:  0.10  15:  0.17  16:  0.14
  17:  0.05  18:  0.11  19:  0.03  20:  0.16  21:  0.13  22:  0.05  23:  0.15  24:  0.05
  25:  0.18  26:  0.06  27:  0.07  28:  0.20  29:  0.24  30:  0.15  31:  0.14  32:  0.08
  33:  0.14  34:  0.12  35:  0.21  36:  0.26  37:  0.08  38:  0.13  39:  0.05  40:  0.16
  41:  0.18  42:  0.06  43:  0.10  44:  0.19  45:  0.06  46:  0.08  47:  0.05  48:  0.13
  49:  0.04  50:  0.12  51:  0.19  52:  0.16  53:  0.16  54:  0.15  55:  0.10  56:  0.12
  57:  0.17  58:  0.32  59:  0.23  60:  0.27  61:  0.25  62:  0.35  63:  0.07  64:  0.08
  65:  0.10  66:  0.21  67:  0.39  68:  0.36  69:  0.34  70:  0.39  71:  0.48  72:  0.14
  73:  0.43  74:  0.65  75:  0.28  76:  0.19  77:  0.34  78:  0.21  79:  0.44  80:  0.36
  81:  0.49  82:  0.18  83:  0.37  84:  0.38  85:  0.11  86:  0.77  87:  0.74  88:  0.38
  89:  0.48  90:  0.72  91:  0.40  92:  0.22  93:  0.26  94:  0.22  95:  0.34  96:  0.16
  97:  0.73  98:  0.70  99:  0.19 100:  0.33 101:  0.23 102:  0.29 103:  0.22 104:  0.24
 105:  0.11 106:  0.14 107:  0.19 108:  0.25 109:  0.09 110:  0.04 111:  0.13 112:  0.14
 113:  0.19 114:  0.09 115:  0.09 116:  0.15 117:  0.14 118:  0.28 119:  0.25 120:  0.09
 121:  0.12 122:  0.07 123:  0.20 124:  0.19 125:  0.18 126:  0.27 127:  0.19 128:  0.14
 129:  0.14 130:  0.12 131:  0.14 132:  0.16 133:  0.11 134:  0.09 135:  0.14 136:  0.16
 137:  0.13 138:  0.14 139:  0.32 140:  0.18 141:  0.21 142:  0.17 143:  0.18 144:  0.37
 145:  0.25 146:  0.45 147:  0.03 148:  0.05 149:  0.04 150:  0.04 151:  0.62 152:  0.18
 153:  0.10 154:  0.21 155:  0.27 156:  0.24 157:  0.14 158:  0.32 159:  0.34 160:  0.22
 161:  0.16 162:  0.29 163:  0.32 164:  0.24 165:  0.24 166:  0.29 167:  0.27 168:  0.19
 169:  0.26 170:  0.19 171:  0.25 172:  0.17 173:  0.12 174:  0.12 175:  0.26 176:  0.34
 177:  0.46 178:  0.45 179:  0.28 180:  0.10 181:  0.09 182:  0.09 183:  0.08 184:  0.25
 185:  0.19 186:  0.27 187:  0.21 188:  0.18 189:  0.17 190:  0.23 191:  0.26 192:  0.28
 193:  0.58 194:  0.18 195:  0.06 196:  0.09 197:  0.14 198:  0.12 199:  0.08 200:  0.19
 201:  0.27 202:  0.33 203:  0.08 204:  0.12 205:  0.14 206:  0.13 207:  0.20 208:  0.22
 209:  0.29 210:  0.15 211:  0.21 212:  0.13 213:  0.11 214:  0.07 215:  0.05 216:  0.04
 217:  0.06 218:  0.05 219:  0.12 220:  0.26 221:  0.26 222:  0.31 223:  0.24 224:  0.19
 225:  0.34 226:  0.16 227:  0.26 228:  0.35 229:  0.19 230:  0.35 231:  0.18 232:  0.12
 233:  0.22 234:  0.13 235:  0.08 236:  0.31 237:  0.20 238:  0.21 239:  0.18 240:  0.21
 241:  0.46 242:  0.48 243:  0.44 244:  0.34 245:  0.16 246:  0.31 247:  0.20 248:  0.12
 249:  0.19 250:  0.12 251:  0.31 252:  0.29 253:  0.29 254:  0.25 255:  0.27 256:  0.22
 257:  0.18 258:  0.16 259:  0.18 260:  0.04 261:  0.14 262:  0.15 263:  0.07 264:  0.06
 265:  0.08 266:  0.07 267:  0.13 268:  0.08 269:  0.07 270:  0.08 271:  0.08 272:  0.15
 273:  0.19 274:  0.11 275:  0.07 276:  0.18 277:  0.06 278:  0.13 279:  0.49 280:  0.69
 281:  0.40 282:  0.36 283:  0.13 284:  0.02 285:  0.03 286:  0.03 287:  0.04 288:  0.06
 289:  0.08 290:  0.06 291:  0.05 292:  0.04 293:  0.03 294:  0.03 295:  0.02 296:  0.05
 297:  0.02 298:  0.04 299:  0.12 300:  0.08 301:  0.11 302:  0.07 303:  0.03 304:  0.50
 305:  0.03 306:  0.09 307:  0.05 308:  0.02 309:  0.02 310:  0.04 311:  0.04 312:  0.04
 313:  0.01 314:  0.01 315:  0.11 316:  0.15 317:  0.13 318:  0.18 319:  0.22 320:  0.21
 321:  0.14 322:  0.19 323:  0.18 324:  0.25 325:  0.28 326:  0.28 327:  0.17 328:  0.17
 329:  0.18 330:  0.23 331:  0.47 332:  0.43 333:  0.57 334:  0.39 335:  0.38 336:  0.64
 337:  0.48 338:  0.48 339:  0.42 340:  0.44 341:  0.34 342:  0.48 343:  0.14 344:  0.23
 345:  0.23 346:  0.19 347:  0.34 348:  0.58 349:  0.25 350:  0.52 351:  0.10 352:  0.38
 353:  0.86 354:  0.52 355:  0.27 356:  0.16 357:  0.33 358:  0.28 359:  0.33 360:  0.24
 361:  0.29 362:  1.12 363:  0.29 364:  0.23 365:  0.24 366:  0.14 367:  0.06 368:  0.17
 369:  0.79 370:  0.51 371:  0.18 372:  0.45 373:  0.18 374:  0.34 375:  0.36 376:  0.25
 377:  0.33 378:  0.18 379:  0.15 380:  0.50 381:  0.51 382:  0.37 383:  0.27 384:  0.44
 385:  0.35 386:  0.27 387:  0.22 388:  0.36 389:  0.33 390:  0.49 391:  0.18 392:  0.58
 393:  0.18 394:  0.20 395:  0.08 396:  0.22 397:  0.15 398:  0.31 399:  0.47 400:  1.15
 401:  0.76 402:  0.68 403:  0.51 404:  0.67 405:  0.44 406:  0.42 407:  0.57 408:  0.60
 409:  0.34 410:  0.63 411:  0.18 412:  0.34 413:  0.24 414:  0.40 415:  1.81 416:  1.01
 417:  2.84 418:  3.08 419:  0.17 420:  1.31 421:  1.30 422:  1.61 423:  0.36 424:  0.48
 425:  0.28 426:  0.50 427:  1.21 428:  0.39 429:  0.21 430:  1.06 431:  0.23 432:  0.76
 433:  0.62 434:  0.24 435:  1.53 436:  0.58 437:  0.57 438:  1.09 439:  0.56 440:  0.83
 441:  0.96 442:  1.02 443:  0.76 444:  1.32 445:  1.03 446:  0.76 447:  0.19 448:  2.05
 449:  0.26 450:  0.16 451:  0.21 452:  0.38 453:  0.54 454:  0.41 455:  0.92 456:  0.26
 457:  1.13 458:  1.76 459:  0.95 460:  0.59 461:  1.43 462:  0.60 463:  0.47 464:  0.45
 465:  0.28 466:  0.41 467:  0.37 468:  0.49 469:  0.61 470:  0.77 471:  0.89 472:  1.01
 473:  0.98 474:  1.45 475:  1.14 476:  1.17 477:  1.48 478:  0.56 479:  0.54 480:  0.42
 481:  0.79 482:  0.53 483:  2.61 484:  1.22 485:  2.04 486:  1.00 487:  0.40 488:  0.59
 489:  0.53 490:  0.94 491:  0.60 492:  0.94 493:  0.96 494:  0.66 495:  0.42 496:  0.47
 497:  0.35 498:  0.27 499:  0.10 500:  0.11 501:  0.07 502:  0.02 503:  1.57 504:  1.83
 505:  1.11 506:  2.34 507:  0.71 508:  1.07 509:  1.19 510:  1.16 511:  1.99 512:  1.98
 513:  2.04 514:  2.09 515:  0.09 516:  0.05 517:  0.10 518:  0.08 519:  0.08 520:  0.12
 521:  0.10 522:  0.16 523:  0.07 524:  0.07 525:  0.09 526:  0.11 527:  0.04 528:  0.07
 529:  0.04 530:  0.09 531:  0.26 532:  0.20 533:  0.19 534:  0.27 535:  0.23 536:  0.11
 537:  0.12 538:  0.24 539:  0.14 540:  0.14 541:  0.20 542:  0.19 543:  0.33 544:  0.42
 545:  0.19 546:  0.37 547:  0.13 548:  0.18 549:  0.30 550:  0.14 551:  0.35 552:  0.30
 553:  0.33 554:  0.14 555:  0.28 556:  0.29 557:  0.19 558:  0.04 559:  0.26 560:  0.09
 561:  0.28 562:  0.26 563:  0.25 564:  0.15 565:  0.15 566:  0.26 567:  0.15 568:  0.05
 569:  0.12 570:  0.07 571:  0.10 572:  0.03 573:  0.08 574:  0.06 575:  0.07 576:  0.06
 577:  0.10 578:  0.10 579:  0.59 580:  0.59 581:  0.26 582:  0.74
 Raman intensities (amu)
   1:  0.00   2:  0.00   3:  0.00   4:  0.00   5:  0.00   6:  0.00   7:  0.00   8:  0.00
   9:  0.00  10:  0.00  11:  0.00  12:  0.00  13:  0.00  14:  0.00  15:  0.00  16:  0.00
  17:  0.00  18:  0.00  19:  0.00  20:  0.00  21:  0.00  22:  0.00  23:  0.00  24:  0.00
  25:  0.00  26:  0.00  27:  0.00  28:  0.00  29:  0.00  30:  0.00  31:  0.00  32:  0.00
  33:  0.00  34:  0.00  35:  0.00  36:  0.00  37:  0.00  38:  0.00  39:  0.00  40:  0.00
  41:  0.00  42:  0.00  43:  0.00  44:  0.00  45:  0.00  46:  0.00  47:  0.00  48:  0.00
  49:  0.00  50:  0.00  51:  0.00  52:  0.00  53:  0.00  54:  0.00  55:  0.00  56:  0.00
  57:  0.00  58:  0.00  59:  0.00  60:  0.00  61:  0.00  62:  0.00  63:  0.00  64:  0.00
  65:  0.00  66:  0.00  67:  0.00  68:  0.00  69:  0.00  70:  0.00  71:  0.00  72:  0.00
  73:  0.00  74:  0.00  75:  0.00  76:  0.00  77:  0.00  78:  0.00  79:  0.00  80:  0.00
  81:  0.00  82:  0.00  83:  0.00  84:  0.00  85:  0.00  86:  0.00  87:  0.00  88:  0.00
  89:  0.00  90:  0.00  91:  0.00  92:  0.00  93:  0.00  94:  0.00  95:  0.00  96:  0.00
  97:  0.00  98:  0.00  99:  0.00 100:  0.00 101:  0.00 102:  0.00 103:  0.00 104:  0.00
 105:  0.00 106:  0.00 107:  0.00 108:  0.00 109:  0.00 110:  0.00 111:  0.00 112:  0.00
 113:  0.00 114:  0.00 115:  0.00 116:  0.00 117:  0.00 118:  0.00 119:  0.00 120:  0.00
 121:  0.00 122:  0.00 123:  0.00 124:  0.00 125:  0.00 126:  0.00 127:  0.00 128:  0.00
 129:  0.00 130:  0.00 131:  0.00 132:  0.00 133:  0.00 134:  0.00 135:  0.00 136:  0.00
 137:  0.00 138:  0.00 139:  0.00 140:  0.00 141:  0.00 142:  0.00 143:  0.00 144:  0.00
 145:  0.00 146:  0.00 147:  0.00 148:  0.00 149:  0.00 150:  0.00 151:  0.00 152:  0.00
 153:  0.00 154:  0.00 155:  0.00 156:  0.00 157:  0.00 158:  0.00 159:  0.00 160:  0.00
 161:  0.00 162:  0.00 163:  0.00 164:  0.00 165:  0.00 166:  0.00 167:  0.00 168:  0.00
 169:  0.00 170:  0.00 171:  0.00 172:  0.00 173:  0.00 174:  0.00 175:  0.00 176:  0.00
 177:  0.00 178:  0.00 179:  0.00 180:  0.00 181:  0.00 182:  0.00 183:  0.00 184:  0.00
 185:  0.00 186:  0.00 187:  0.00 188:  0.00 189:  0.00 190:  0.00 191:  0.00 192:  0.00
 193:  0.00 194:  0.00 195:  0.00 196:  0.00 197:  0.00 198:  0.00 199:  0.00 200:  0.00
 201:  0.00 202:  0.00 203:  0.00 204:  0.00 205:  0.00 206:  0.00 207:  0.00 208:  0.00
 209:  0.00 210:  0.00 211:  0.00 212:  0.00 213:  0.00 214:  0.00 215:  0.00 216:  0.00
 217:  0.00 218:  0.00 219:  0.00 220:  0.00 221:  0.00 222:  0.00 223:  0.00 224:  0.00
 225:  0.00 226:  0.00 227:  0.00 228:  0.00 229:  0.00 230:  0.00 231:  0.00 232:  0.00
 233:  0.00 234:  0.00 235:  0.00 236:  0.00 237:  0.00 238:  0.00 239:  0.00 240:  0.00
 241:  0.00 242:  0.00 243:  0.00 244:  0.00 245:  0.00 246:  0.00 247:  0.00 248:  0.00
 249:  0.00 250:  0.00 251:  0.00 252:  0.00 253:  0.00 254:  0.00 255:  0.00 256:  0.00
 257:  0.00 258:  0.00 259:  0.00 260:  0.00 261:  0.00 262:  0.00 263:  0.00 264:  0.00
 265:  0.00 266:  0.00 267:  0.00 268:  0.00 269:  0.00 270:  0.00 271:  0.00 272:  0.00
 273:  0.00 274:  0.00 275:  0.00 276:  0.00 277:  0.00 278:  0.00 279:  0.00 280:  0.00
 281:  0.00 282:  0.00 283:  0.00 284:  0.00 285:  0.00 286:  0.00 287:  0.00 288:  0.00
 289:  0.00 290:  0.00 291:  0.00 292:  0.00 293:  0.00 294:  0.00 295:  0.00 296:  0.00
 297:  0.00 298:  0.00 299:  0.00 300:  0.00 301:  0.00 302:  0.00 303:  0.00 304:  0.00
 305:  0.00 306:  0.00 307:  0.00 308:  0.00 309:  0.00 310:  0.00 311:  0.00 312:  0.00
 313:  0.00 314:  0.00 315:  0.00 316:  0.00 317:  0.00 318:  0.00 319:  0.00 320:  0.00
 321:  0.00 322:  0.00 323:  0.00 324:  0.00 325:  0.00 326:  0.00 327:  0.00 328:  0.00
 329:  0.00 330:  0.00 331:  0.00 332:  0.00 333:  0.00 334:  0.00 335:  0.00 336:  0.00
 337:  0.00 338:  0.00 339:  0.00 340:  0.00 341:  0.00 342:  0.00 343:  0.00 344:  0.00
 345:  0.00 346:  0.00 347:  0.00 348:  0.00 349:  0.00 350:  0.00 351:  0.00 352:  0.00
 353:  0.00 354:  0.00 355:  0.00 356:  0.00 357:  0.00 358:  0.00 359:  0.00 360:  0.00
 361:  0.00 362:  0.00 363:  0.00 364:  0.00 365:  0.00 366:  0.00 367:  0.00 368:  0.00
 369:  0.00 370:  0.00 371:  0.00 372:  0.00 373:  0.00 374:  0.00 375:  0.00 376:  0.00
 377:  0.00 378:  0.00 379:  0.00 380:  0.00 381:  0.00 382:  0.00 383:  0.00 384:  0.00
 385:  0.00 386:  0.00 387:  0.00 388:  0.00 389:  0.00 390:  0.00 391:  0.00 392:  0.00
 393:  0.00 394:  0.00 395:  0.00 396:  0.00 397:  0.00 398:  0.00 399:  0.00 400:  0.00
 401:  0.00 402:  0.00 403:  0.00 404:  0.00 405:  0.00 406:  0.00 407:  0.00 408:  0.00
 409:  0.00 410:  0.00 411:  0.00 412:  0.00 413:  0.00 414:  0.00 415:  0.00 416:  0.00
 417:  0.00 418:  0.00 419:  0.00 420:  0.00 421:  0.00 422:  0.00 423:  0.00 424:  0.00
 425:  0.00 426:  0.00 427:  0.00 428:  0.00 429:  0.00 430:  0.00 431:  0.00 432:  0.00
 433:  0.00 434:  0.00 435:  0.00 436:  0.00 437:  0.00 438:  0.00 439:  0.00 440:  0.00
 441:  0.00 442:  0.00 443:  0.00 444:  0.00 445:  0.00 446:  0.00 447:  0.00 448:  0.00
 449:  0.00 450:  0.00 451:  0.00 452:  0.00 453:  0.00 454:  0.00 455:  0.00 456:  0.00
 457:  0.00 458:  0.00 459:  0.00 460:  0.00 461:  0.00 462:  0.00 463:  0.00 464:  0.00
 465:  0.00 466:  0.00 467:  0.00 468:  0.00 469:  0.00 470:  0.00 471:  0.00 472:  0.00
 473:  0.00 474:  0.00 475:  0.00 476:  0.00 477:  0.00 478:  0.00 479:  0.00 480:  0.00
 481:  0.00 482:  0.00 483:  0.00 484:  0.00 485:  0.00 486:  0.00 487:  0.00 488:  0.00
 489:  0.00 490:  0.00 491:  0.00 492:  0.00 493:  0.00 494:  0.00 495:  0.00 496:  0.00
 497:  0.00 498:  0.00 499:  0.00 500:  0.00 501:  0.00 502:  0.00 503:  0.00 504:  0.00
 505:  0.00 506:  0.00 507:  0.00 508:  0.00 509:  0.00 510:  0.00 511:  0.00 512:  0.00
 513:  0.00 514:  0.00 515:  0.00 516:  0.00 517:  0.00 518:  0.00 519:  0.00 520:  0.00
 521:  0.00 522:  0.00 523:  0.00 524:  0.00 525:  0.00 526:  0.00 527:  0.00 528:  0.00
 529:  0.00 530:  0.00 531:  0.00 532:  0.00 533:  0.00 534:  0.00 535:  0.00 536:  0.00
 537:  0.00 538:  0.00 539:  0.00 540:  0.00 541:  0.00 542:  0.00 543:  0.00 544:  0.00
 545:  0.00 546:  0.00 547:  0.00 548:  0.00 549:  0.00 550:  0.00 551:  0.00 552:  0.00
 553:  0.00 554:  0.00 555:  0.00 556:  0.00 557:  0.00 558:  0.00 559:  0.00 560:  0.00
 561:  0.00 562:  0.00 563:  0.00 564:  0.00 565:  0.00 566:  0.00 567:  0.00 568:  0.00
 569:  0.00 570:  0.00 571:  0.00 572:  0.00 573:  0.00 574:  0.00 575:  0.00 576:  0.00
 577:  0.00 578:  0.00 579:  0.00 580:  0.00 581:  0.00 582:  0.00
 output can be read by thermo (or use thermo option).
 writing <g98.out> molden fake output.
 recommended (thermochemical) frequency scaling factor: 1.0
           -------------------------------------------------
          |             Thermodynamic Functions             |
           -------------------------------------------------

Molecule has no symmetry elements
It seems to be the C1 point group
c1  symmetry found (for desy threshold:  0.10E+00) used in thermo

          ...................................................
          :                      SETUP                      :
          :.................................................:
          :  # frequencies                         576      :
          :  # imaginary freq.                       0      :
          :  linear?                             false      :
          :  only rotor calc.                    false      :
          :  symmetry                               c1      :
          :  rotational number                       1      :
          :  scaling factor                  1.0000000      :
          :  rotor cutoff                   50.0000000 cm⁻¹ :
          :  imag. cutoff                  -20.0000000 cm⁻¹ :
          :.................................................:

    mode    ω/cm⁻¹     T·S(HO)/kcal·mol⁻¹    T·S(FR)/kcal·mol⁻¹   T·S(vib)
   ------------------------------------------------------------------------
       1      5.72    -2.71960 (  0.02%)    -1.69889 ( 99.98%)    -1.69907
       2      8.32    -2.49774 (  0.08%)    -1.58796 ( 99.92%)    -1.58865
       3      9.47    -2.42087 (  0.13%)    -1.54952 ( 99.87%)    -1.55063
       4     11.76    -2.29240 (  0.31%)    -1.48527 ( 99.69%)    -1.48773
       5     11.93    -2.28394 (  0.32%)    -1.48104 ( 99.68%)    -1.48363
       6     13.03    -2.23154 (  0.46%)    -1.45483 ( 99.54%)    -1.45840
       7     13.88    -2.19441 (  0.59%)    -1.43626 ( 99.41%)    -1.44073
       8     15.56    -2.12653 (  0.93%)    -1.40231 ( 99.07%)    -1.40904
       9     21.59    -1.93266 (  3.36%)    -1.30531 ( 96.64%)    -1.32639
      10     23.72    -1.87705 (  4.82%)    -1.27748 ( 95.18%)    -1.30637
      11     24.81    -1.85032 (  5.72%)    -1.26410 ( 94.28%)    -1.29762
      12     27.61    -1.78723 (  8.50%)    -1.23251 ( 91.50%)    -1.27967
      13     30.68    -1.72479 ( 12.42%)    -1.20124 ( 87.58%)    -1.26624
      14     33.29    -1.67646 ( 16.43%)    -1.17703 ( 83.57%)    -1.25907
      15     35.46    -1.63917 ( 20.19%)    -1.15834 ( 79.81%)    -1.25542
      16     38.62    -1.58877 ( 26.24%)    -1.13307 ( 73.76%)    -1.25267
      17     41.18    -1.55077 ( 31.52%)    -1.11401 ( 68.48%)    -1.25168
      18     42.69    -1.52950 ( 34.71%)    -1.10334 ( 65.29%)    -1.25126
      19     44.49    -1.50517 ( 38.53%)    -1.09113 ( 61.47%)    -1.25068
      20     48.46    -1.45472 ( 46.88%)    -1.06580 ( 53.12%)    -1.24813
      21     53.61    -1.39523 ( 56.92%)    -1.03591 ( 43.08%)    -1.24045
      22     57.85    -1.35035 ( 64.19%)    -1.01333 ( 35.81%)    -1.22966
      23     58.31    -1.34575 ( 64.90%)    -1.01102 ( 35.10%)    -1.22827
      24     60.35    -1.32551 ( 67.97%)    -1.00083 ( 32.03%)    -1.22151
      25     62.29    -1.30691 ( 70.66%)    -0.99146 ( 29.34%)    -1.21435
      26     66.20    -1.27106 ( 75.45%)    -0.97339 ( 24.55%)    -1.19799
      27     67.67    -1.25819 ( 77.04%)    -0.96690 ( 22.96%)    -1.19131
      28     71.35    -1.22714 ( 80.57%)    -0.95123 ( 19.43%)    -1.17352
      29     72.41    -1.21843 ( 81.48%)    -0.94683 ( 18.52%)    -1.16813
      30     73.59    -1.20901 ( 82.43%)    -0.94207 ( 17.57%)    -1.16211
      31     79.48    -1.16388 ( 86.46%)    -0.91924 ( 13.54%)    -1.13075
      32     81.98    -1.14574 ( 87.85%)    -0.91006 ( 12.15%)    -1.11710
      33     84.78    -1.12612 ( 89.21%)    -0.90012 ( 10.79%)    -1.10173
      34     85.46    -1.12148 ( 89.51%)    -0.89777 ( 10.49%)    -1.09801
      35     94.13    -1.06512 ( 92.62%)    -0.86914 (  7.38%)    -1.05067
      36     98.94    -1.03609 ( 93.88%)    -0.85436 (  6.12%)    -1.02497
      37    101.34    -1.02216 ( 94.41%)    -0.84726 (  5.59%)    -1.01237
      38    103.72    -1.00870 ( 94.88%)    -0.84039 (  5.12%)    -1.00008
      39    106.08    -0.99563 ( 95.30%)    -0.83372 (  4.70%)    -0.98802
      40    107.85    -0.98608 ( 95.58%)    -0.82884 (  4.42%)    -0.97914
      41    114.10    -0.95347 ( 96.44%)    -0.81214 (  3.56%)    -0.94844
      42    115.40    -0.94690 ( 96.60%)    -0.80877 (  3.40%)    -0.94220
      43    117.67    -0.93567 ( 96.84%)    -0.80300 (  3.16%)    -0.93148
      44    120.70    -0.92105 ( 97.14%)    -0.79549 (  2.86%)    -0.91746
      45    122.19    -0.91396 ( 97.27%)    -0.79184 (  2.73%)    -0.91063
      46    125.89    -0.89678 ( 97.57%)    -0.78299 (  2.43%)    -0.89402
      47    126.72    -0.89302 ( 97.63%)    -0.78105 (  2.37%)    -0.89037
      48    128.85    -0.88345 ( 97.78%)    -0.77612 (  2.22%)    -0.88107
      49    129.73    -0.87957 ( 97.84%)    -0.77411 (  2.16%)    -0.87729
      50    143.04    -0.82374 ( 98.53%)    -0.74517 (  1.47%)    -0.82258
      51    150.43    -0.79510 ( 98.79%)    -0.73025 (  1.21%)    -0.79432
      52    151.27    -0.79194 ( 98.82%)    -0.72860 (  1.18%)    -0.79119
      53    156.41    -0.77302 ( 98.97%)    -0.71869 (  1.03%)    -0.77246
      54    158.86    -0.76425 ( 99.03%)    -0.71409 (  0.97%)    -0.76376
      55    161.11    -0.75633 ( 99.08%)    -0.70993 (  0.92%)    -0.75591
      56    163.35    -0.74854 ( 99.13%)    -0.70583 (  0.87%)    -0.74817
      57    165.33    -0.74176 ( 99.17%)    -0.70226 (  0.83%)    -0.74144
      58    167.03    -0.73603 ( 99.20%)    -0.69924 (  0.80%)    -0.73573
      59    169.49    -0.72784 ( 99.25%)    -0.69491 (  0.75%)    -0.72759
      60    175.54    -0.70819 ( 99.35%)    -0.68451 (  0.65%)    -0.70803
      61    178.86    -0.69775 ( 99.39%)    -0.67896 (  0.61%)    -0.69764
      62    181.75    -0.68884 ( 99.43%)    -0.67422 (  0.57%)    -0.68876
      63    182.73    -0.68584 ( 99.44%)    -0.67262 (  0.56%)    -0.68577
      64    184.92    -0.67922 ( 99.47%)    -0.66909 (  0.53%)    -0.67917
      65    189.26    -0.66639 ( 99.52%)    -0.66223 (  0.48%)    -0.66637
      66    193.41    -0.65442 ( 99.56%)    -0.65580 (  0.44%)    -0.65442
      67    196.99    -0.64431 ( 99.59%)    -0.65036 (  0.41%)    -0.64434
      68    199.20    -0.63819 ( 99.60%)    -0.64707 (  0.40%)    -0.63823
      69    202.71    -0.62861 ( 99.63%)    -0.64189 (  0.37%)    -0.62866
      70    208.41    -0.61345 ( 99.67%)    -0.63366 (  0.33%)    -0.61351
      71    210.91    -0.60698 ( 99.69%)    -0.63014 (  0.31%)    -0.60705
      72    215.53    -0.59521 ( 99.71%)    -0.62372 (  0.29%)    -0.59529
      73    218.11    -0.58876 ( 99.72%)    -0.62019 (  0.28%)    -0.58885
      74    227.97    -0.56496 ( 99.77%)    -0.60710 (  0.23%)    -0.56506
      75    231.87    -0.55587 ( 99.78%)    -0.60207 (  0.22%)    -0.55597
      76    236.31    -0.54576 ( 99.80%)    -0.59645 (  0.20%)    -0.54586
      77    243.86    -0.52908 ( 99.82%)    -0.58714 (  0.18%)    -0.52919
      78    249.77    -0.51646 ( 99.84%)    -0.58004 (  0.16%)    -0.51657
      79    250.93    -0.51402 ( 99.84%)    -0.57867 (  0.16%)    -0.51413
      80    253.82    -0.50801 ( 99.85%)    -0.57527 (  0.15%)    -0.50811
      81    255.50    -0.50457 ( 99.85%)    -0.57332 (  0.15%)    -0.50467
      82    256.49    -0.50255 ( 99.86%)    -0.57218 (  0.14%)    -0.50265
      83    259.04    -0.49739 ( 99.86%)    -0.56925 (  0.14%)    -0.49749
      84    265.24    -0.48509 ( 99.87%)    -0.56223 (  0.13%)    -0.48519
      85    266.58    -0.48249 ( 99.88%)    -0.56075 (  0.12%)    -0.48259
      86    268.98    -0.47786 ( 99.88%)    -0.55809 (  0.12%)    -0.47795
      87    269.74    -0.47641 ( 99.88%)    -0.55726 (  0.12%)    -0.47651
      88    271.74    -0.47261 ( 99.89%)    -0.55507 (  0.11%)    -0.47270
      89    275.63    -0.46531 ( 99.89%)    -0.55086 (  0.11%)    -0.46541
      90    279.96    -0.45734 ( 99.90%)    -0.54624 (  0.10%)    -0.45743
      91    282.84    -0.45212 ( 99.90%)    -0.54320 (  0.10%)    -0.45221
      92    286.85    -0.44498 ( 99.91%)    -0.53904 (  0.09%)    -0.44507
   ------------------------------------------------------------------------

   temp. (K)  partition function   enthalpy   heat capacity  entropy
                                   cal/mol     cal/K/mol   cal/K/mol   J/K/mol
 298.15  VIB  0.399E+49            62350.828    409.241    389.251
         ROT  0.909E+09              888.752      2.981     43.973
         INT  0.362E+58            63239.581    412.222    433.224
         TR   0.736E+29             1481.254      4.968     48.303
         TOT                       64720.8344   417.1901   481.5269  2014.7085

       T/K    H(0)-H(T)+PV         H(T)/Eh          T*S/Eh         G(T)/Eh
   ------------------------------------------------------------------------
    298.15    0.103139E+00    0.154399E+01    0.228789E+00    0.131520E+01
   ------------------------------------------------------------------------

         :::::::::::::::::::::::::::::::::::::::::::::::::::::
         ::                  THERMODYNAMIC                  ::
         :::::::::::::::::::::::::::::::::::::::::::::::::::::
         :: total free energy        -316.363135790245 Eh   ::
         ::.................................................::
         :: total energy             -317.678337543780 Eh   ::
         :: zero point energy           1.440851505369 Eh   ::
         :: G(RRHO) w/o ZPVE           -0.125649751834 Eh   ::
         :: G(RRHO) contrib.            1.315201753535 Eh   ::
         :::::::::::::::::::::::::::::::::::::::::::::::::::::

           -------------------------------------------------
          | TOTAL ENERGY             -317.678337543780 Eh   |
          | TOTAL ENTHALPY           -316.134346823630 Eh   |
          | TOTAL FREE ENERGY        -316.363135790245 Eh   |
          | GRADIENT NORM               0.000775712810 Eh/α |
          | HOMO-LUMO GAP               1.552844964909 eV   |
           -------------------------------------------------

------------------------------------------------------------------------
 * finished run on 2021/06/22 at 02:11:41.280     
------------------------------------------------------------------------
 total:
 * wall-time:     0 d,  0 h, 21 min, 14.479 sec
 *  cpu-time:     0 d,  1 h, 24 min, 27.358 sec
 * ratio c/w:     3.976 speedup
 SCF:
 * wall-time:     0 d,  0 h,  0 min,  2.978 sec
 *  cpu-time:     0 d,  0 h,  0 min, 10.675 sec
 * ratio c/w:     3.585 speedup
 numerical hessian:
 * wall-time:     0 d,  0 h, 21 min,  8.862 sec
 *  cpu-time:     0 d,  1 h, 24 min, 14.009 sec
 * ratio c/w:     3.983 speedup

