      -----------------------------------------------------------      
     |                   =====================                   |     
     |                           x T B                           |     
     |                   =====================                   |     
     |                         S. Grimme                         |     
     |          Mulliken Center for Theoretical Chemistry        |     
     |                    University of Bonn                     |     
     |                Version 6.2 RC2 (SAW190805)                |     
      -----------------------------------------------------------      

   This program is distributed in the hope that it will be useful,
   but WITHOUT ANY WARRANTY; without even the implied warranty of
   MERCHANTABILITY or FITNESS FOR A PARTICULAR PURPOSE.
   
   FOR NON-COMMERCIAL, ACADEMIA USE ONLY.
   
   Cite this work as:
   * S. Grimme, C. Bannwarth, P. Shushkov, J. Chem. Theory Comput., 2017,
     13, 1989-2009. DOI: 10.1021/acs.jctc.7b00118
   * C. Bannwarth, S. Ehlert and S. Grimme., J. Chem. Theory Comput., 2019,
     15, 1652-1671. DOI: 10.1021/acs.jctc.8b01176
   * P. Pracht, E. Caldeweyher, S. Ehlert, S. Grimme, ChemRxiv, 2019, preprint.
     DOI: 10.26434/chemrxiv.8326202.v1
   
   for DFT-D4:
   * E. Caldeweyher, C. Bannwarth and S. Grimme, J. Chem. Phys., 2017,
     147, 034112. DOI: 10.1063/1.4993215
   * E. Caldeweyher, S. Ehlert, A. Hansen, H. Neugebauer, S. Spicher,
     C. Bannwarth and S. Grimme, J. Chem. Phys., 2019, 150, 154122.
     DOI: 10.1063/1.5090222
   
   for sTDA-xTB:
   * S. Grimme and C. Bannwarth, J. Chem. Phys., 2016, 145, 054103.
     DOI: 10.1063/1.4959605
   
   in the mass-spec context:
   * V. Asgeirsson, C. Bauer and S. Grimme, Chem. Sci., 2017, 8, 4879.
     DOI: 10.1039/c7sc00601b
   
   for metadynamics refer to:
   * S. Grimme, J. Chem. Theory Comput., 2019, 155, 2847-2862
     DOI: 10.1021/acs.jctc.9b00143
   
   with help from (in alphabetical order)
   C. Bannwarth, F. Bohle, G. Brandenburg, E. Caldeweyher, M. Checinski,
   S. Dohm, S. Ehlert, S. Ehrlich, F. März, H. Neugebauer, J. Pisarek,
   P. Pracht, P. Shushkov, and S. Spicher.
   
 * started run on 2021/06/22 at 02:54:25.537     

           -------------------------------------------------
          |                Calculation Setup                |
           -------------------------------------------------

          program call               : /home/atarzia/software/xtb-190806/bin/xtb /data/atarzia/projects/unsymm/screening/production/free_energy_calculations/fe_4c3_a/input_structure.xyz --gfn 2 --hess --parallel 6 --etemp 300 --gbsa dmso --chrg 4 --uhf 0 -I det_control.in
          coordinate file            : /data/atarzia/projects/unsymm/screening/production/free_energy_calculations/fe_4c3_a/input_structure.xyz
          omp threads                :                     6
          number of atoms            :                   202
          number of electrons        :                   624
          charge                     :                     4
          spin                       :                   0.0
          first test random number   :      0.66706482959004


########################################################################
# WARNING! Please study the warnings concerning your input carefully
#  - XTBHOME is not set, using HOME instead
#  - XTBPATH is not set, using XTBHOME instead
#  - Process number higher than OMP_NUM_THREADS, I hope you know what you are doing.
########################################################################

           ------------------------------------------------- 
          |                 G F N 2 - x T B                 |
          | Geometry, Frequencies, Noncovalent interactions |
          |            JCTC 2019 parametrisation            |
           ------------------------------------------------- 
             k(s)              :                1.8500
             k(p)              :                2.2300
             k(d)              :                2.2300
             k(f)              :                2.0000
             kEN (H0ij)        :               -2.0000
             D4 a1             :                0.5200
             D4 a2             :                5.0000
             D4 s6             :                1.0000
             D4 s8             :                2.7000
             D4 s9             :                5.0000
             alphaj            :                2.0000

  Z AO/shell   Hii/eV     exponent
  1     Wed Apr 25 08:07:45 CEST 2018   EN: 2.200 GM2: 0.406  GM3: 0.0800  RAES: 1.40
     1s    -10.707211    1.230000
  6     Wed Apr 25 08:07:45 CEST 2018   EN: 2.550 GM2: 0.538  GM3: 0.1500  RAES: 3.00
     2s    -13.970922    2.096432
     2p    -10.063292    1.800000
  7     Wed Apr 25 08:07:45 CEST 2018   EN: 3.040 GM2: 0.461  GM3:-0.0640  RAES: 1.90
     2s    -16.686243    2.339881
     2p    -12.523956    2.014332
 46     Wed Apr 25 16:26:58 CEST 2018   EN: 2.200 GM2: 0.273  GM3: 0.0800  RAES: 5.00
     4d    -11.963518    2.353691
     5s     -9.714059    1.828354
     5p     -2.035281    1.333352

 Solvent             : dmso
 Using internal parameter file: .param_gbsa2_dmso
 Gsolv ref. state (COSMO-RS): gsolv [1 M gas/solution]
 temperature (mdtemp)       :    298.150000000000     
 dielectric constant        :    46.6800000000000     
 rho                        :    1.10000000000000     
 mass                       :    78.1300000000000     
 surface tension            :    15.5689454083859     
 probe radius               :   0.949087640000000     
 vdW radii scaling          :    1.00000000000000     
 Gshift (Eh)                :   5.161738145414381E-003
 c1                         :    1.63948621000000     
 soset                      :   1.179665000000000E-002
 HB correction              :  T
           ------------------------------------------------- 
          |        Self-Consistent Charge Iterations        |
           ------------------------------------------------- 

          ...................................................
          :                      SETUP                      :
          :.................................................:
          :  # basis functions                 616          :
          :  # atomic orbitals                 614          :
          :  # shells                          338          :
          :  # electrons                       624          :
          :  max. iterations                   250          :
          :  Hamiltonian                  GFN2-xTB          :
          :  restarted?                      false          :
          :  GBSA solvation                   true          :
          :  PC potential                    false          :
          :  electronic temp.          300.0000000     K    :
          :  accuracy                    1.0000000          :
          :  -> integral cutoff          0.2500000E+02      :
          :  -> integral neglect         0.1000000E-07      :
          :  -> SCF convergence          0.1000000E-05 Eh   :
          :  -> wf. convergence          0.1000000E-03 e    :
          :  Broyden damping             0.4000000          :
          ...................................................

 iter      E             dE          RMSdq      gap      omega  full diag
   1   -340.1788222 -0.340179E+03  0.526E+00    2.37       0.0  T
   2   -340.7094482 -0.530626E+00  0.333E+00    1.22       1.0  T
   3   -340.5167841  0.192664E+00  0.181E+00    1.74       1.0  T
   4   -340.8174395 -0.300655E+00  0.916E-01    1.32       1.0  T
   5   -340.9371125 -0.119673E+00  0.347E-01    1.44       1.0  T
   6   -340.9562503 -0.191379E-01  0.150E-01    1.47       1.0  T
   7   -340.9588108 -0.256050E-02  0.661E-02    1.47       1.0  T
   8   -340.9590022 -0.191351E-03  0.339E-02    1.48       1.0  T
   9   -340.9590710 -0.688502E-04  0.123E-02    1.47       1.0  T
  10   -340.9590861 -0.150938E-04  0.517E-03    1.47       1.4  T
  11   -340.9590867 -0.516681E-06  0.299E-03    1.47       2.4  T
  12   -340.9590874 -0.722631E-06  0.159E-03    1.47       4.4  T
  13   -340.9590876 -0.222215E-06  0.809E-04    1.47       8.7  T
  14   -340.9590877 -0.839235E-07  0.324E-04    1.47      21.7  T

   *** convergence criteria satisfied after 14 iterations ***

         #    Occupation            Energy/Eh            Energy/eV
      -------------------------------------------------------------
         1        2.0000           -0.7257255             -19.7480
       ...           ...                  ...                  ...
       306        2.0000           -0.3880175             -10.5585
       307        2.0000           -0.3879413             -10.5564
       308        2.0000           -0.3872395             -10.5373
       309        2.0000           -0.3733000             -10.1580
       310        2.0000           -0.3731524             -10.1540
       311        2.0000           -0.3731230             -10.1532
       312        2.0000           -0.3725501             -10.1376 (HOMO)
       313                         -0.3184988              -8.6668 (LUMO)
       314                         -0.3171879              -8.6311
       315                         -0.3169381              -8.6243
       316                         -0.3137882              -8.5386
       317                         -0.3028500              -8.2410
       ...                                ...                  ...
       614                          1.5682558              42.6744
      -------------------------------------------------------------
                  HL-Gap            0.0540513 Eh            1.4708 eV
             Fermi-level           -0.3452793 Eh           -9.3955 eV

 SCC (total)                   0 d,  0 h,  0 min,  3.407 sec
 SCC setup                      ...        0 min,  0.195 sec (  5.736%)
 Dispersion                     ...        0 min,  0.056 sec (  1.645%)
 integral evaluation            ...        0 min,  0.536 sec ( 15.722%)
 zeroth order Hamiltonian       ...        0 min,  0.015 sec (  0.433%)
 iterations                     ...        0 min,  2.170 sec ( 63.678%)
 molecular gradient             ...        0 min,  0.425 sec ( 12.465%)
 printout                       ...        0 min,  0.011 sec (  0.319%)

         :::::::::::::::::::::::::::::::::::::::::::::::::::::
         ::                     SUMMARY                     ::
         :::::::::::::::::::::::::::::::::::::::::::::::::::::
         :: total energy            -334.584476437150 Eh    ::
         :: total w/o Gsasa/hb      -334.435279990715 Eh    ::
         :: gradient norm              0.000761905778 Eh/a0 ::
         :: HOMO-LUMO gap              1.470811719523 eV    ::
         ::.................................................::
         :: SCC energy              -341.087387602467 Eh    ::
         :: -> isotropic ES            0.563608532407 Eh    ::
         :: -> anisotropic ES         -0.062105305531 Eh    ::
         :: -> anisotropic XC          0.220454811780 Eh    ::
         :: -> dispersion             -0.311776457007 Eh    ::
         :: -> Gsolv                  -0.622481117710 Eh    ::
         ::    -> Gborn               -0.473284671275 Eh    ::
         ::    -> Gsasa               -0.133461656777 Eh    ::
         ::    -> Ghb                 -0.020896527803 Eh    ::
         ::    -> Gshift               0.005161738145 Eh    ::
         :: repulsion energy           6.491807134736 Eh    ::
         :: add. restraining           0.000000000000 Eh    ::
         :::::::::::::::::::::::::::::::::::::::::::::::::::::

           ------------------------------------------------- 
          |                Numerical Hessian                |
           ------------------------------------------------- 
step length          :   0.00500
SCC accuracy         :   0.30000
Hessian scale factor :   1.00000
frozen atoms in %    :   0.00000    0
RMS gradient         :   0.00076
estimated CPU  time    191.45 min
estimated wall time     47.32 min

writing file <hessian>.

 projected vibrational frequencies (cm-1)
eigval :       -0.00    -0.00    -0.00    -0.00     0.00     0.00
eigval :        5.48     6.01     6.36     7.30    12.13    13.23
eigval :       13.66    15.38    16.98    18.53    19.09    20.00
eigval :       26.43    26.91    27.52    28.87    34.30    34.43
eigval :       35.85    37.13    42.22    44.64    46.30    49.73
eigval :       50.87    51.73    53.67    54.71    58.96    60.26
eigval :       62.44    66.48    75.51    77.02    78.63    80.41
eigval :       85.43    86.85    87.25    92.78    93.64    94.46
eigval :       95.14    99.87   103.05   111.16   112.21   112.76
eigval :      117.35   127.16   128.79   129.24   129.35   131.33
eigval :      134.91   135.15   137.72   148.63   157.49   159.90
eigval :      160.43   161.43   164.70   165.38   166.48   169.41
eigval :      170.08   171.29   172.21   176.37   181.46   184.95
eigval :      186.09   195.45   198.94   206.26   207.72   214.88
eigval :      216.03   216.67   217.68   217.98   229.21   229.52
eigval :      240.96   242.32   248.56   249.17   249.35   250.68
eigval :      252.54   259.38   259.90   264.84   265.36   270.04
eigval :      270.76   272.40   273.89   274.65   301.31   303.13
eigval :      305.46   305.89   306.36   308.35   311.72   311.84
eigval :      338.89   339.77   342.39   342.80   371.18   388.09
eigval :      388.14   388.41   388.68   389.97   392.31   392.54
eigval :      392.76   393.14   393.55   393.77   394.10   395.24
eigval :      401.25   401.41   419.45   419.71   420.51   420.68
eigval :      426.31   426.62   426.75   426.80   432.75   432.79
eigval :      432.94   432.97   433.63   434.19   434.31   434.47
eigval :      442.34   446.21   447.33   447.92   450.77   450.91
eigval :      453.89   455.07   465.14   465.98   466.58   467.23
eigval :      471.99   472.77   473.41   473.64   485.93   487.24
eigval :      487.52   487.67   498.90   508.72   511.06   511.32
eigval :      512.13   512.92   514.61   516.37   517.36   520.66
eigval :      521.95   522.61   524.12   524.50   524.71   524.76
eigval :      537.96   538.39   538.77   539.12   551.31   554.15
eigval :      555.65   556.46   566.42   568.09   568.47   568.75
eigval :      581.57   582.79   583.38   583.47   603.87   603.95
eigval :      604.15   604.32   615.91   616.02   616.17   616.22
eigval :      619.09   623.73   624.67   625.00   625.91   626.39
eigval :      628.07   628.24   661.06   669.41   669.79   669.99
eigval :      670.46   670.65   670.79   670.96   683.63   683.75
eigval :      683.89   684.14   691.35   692.75   693.44   693.55
eigval :      711.80   711.81   712.06   712.28   725.25   725.41
eigval :      725.46   725.69   755.31   755.78   756.48   756.51
eigval :      768.53   775.07   775.25   779.37   779.94   781.11
eigval :      781.60   782.10   799.11   801.64   804.51   804.86
eigval :      815.37   815.62   815.63   818.00   818.09   818.38
eigval :      818.40   819.93   821.38   821.90   822.60   822.65
eigval :      832.22   833.62   833.69   834.56   839.73   848.61
eigval :      849.40   849.45   849.69   850.55   851.13   857.96
eigval :      858.50   858.72   859.06   859.33   860.10   862.05
eigval :      862.39   862.64   863.11   863.40   863.56   865.01
eigval :      871.20   872.45   873.28   873.78   885.33   888.86
eigval :      889.10   892.85   894.47   894.73   894.91   895.82
eigval :      898.72   899.53   900.89   901.23   903.00   903.60
eigval :      903.66   903.85   904.12   904.30   904.31   907.94
eigval :      908.11   908.17   908.30   912.78   929.65   929.76
eigval :      930.02   930.42   934.30   936.65   936.98   937.73
eigval :      950.24   951.58   953.16   953.23   995.64  1000.38
eigval :     1000.52  1002.78  1016.10  1016.53  1016.61  1016.81
eigval :     1044.66  1045.68  1046.71  1046.86  1076.89  1078.88
eigval :     1080.14  1080.56  1086.24  1087.40  1087.49  1090.36
eigval :     1104.83  1105.17  1105.30  1106.28  1118.28  1119.82
eigval :     1120.07  1122.94  1125.96  1126.63  1126.84  1127.33
eigval :     1143.58  1143.82  1144.14  1144.27  1149.14  1149.72
eigval :     1149.87  1150.13  1156.23  1156.42  1156.68  1157.17
eigval :     1159.84  1160.38  1160.55  1163.47  1165.85  1167.60
eigval :     1167.83  1169.17  1169.48  1170.21  1170.29  1174.82
eigval :     1187.01  1187.62  1187.83  1188.12  1200.49  1201.24
eigval :     1201.52  1201.61  1212.24  1212.76  1213.20  1213.27
eigval :     1219.58  1220.78  1220.94  1221.92  1228.85  1230.49
eigval :     1232.04  1232.16  1234.80  1235.17  1236.39  1237.03
eigval :     1238.91  1239.41  1239.55  1244.06  1279.40  1279.72
eigval :     1280.25  1280.50  1293.59  1293.77  1294.31  1294.47
eigval :     1297.73  1297.98  1299.16  1299.29  1299.52  1300.50
eigval :     1300.83  1301.65  1319.68  1319.86  1320.13  1320.65
eigval :     1336.24  1336.41  1336.74  1336.97  1337.86  1338.52
eigval :     1339.54  1340.00  1359.19  1359.86  1360.63  1361.01
eigval :     1369.02  1369.75  1370.63  1371.15  1372.83  1373.14
eigval :     1373.68  1374.00  1381.42  1381.93  1381.96  1383.26
eigval :     1399.74  1399.94  1400.46  1400.63  1415.87  1415.91
eigval :     1416.14  1416.46  1418.34  1418.57  1418.66  1418.87
eigval :     1430.92  1431.21  1431.50  1432.15  1446.56  1446.58
eigval :     1446.89  1447.41  1467.23  1467.70  1468.06  1468.37
eigval :     1480.96  1481.13  1481.42  1481.73  1486.07  1486.07
eigval :     1486.73  1486.84  1521.91  1523.72  1525.64  1525.65
eigval :     1529.01  1529.66  1529.91  1530.47  1543.84  1544.13
eigval :     1544.62  1544.83  1559.13  1559.45  1559.73  1559.83
eigval :     1561.27  1561.72  1562.64  1562.75  1565.69  1566.46
eigval :     1566.69  1566.76  1569.29  1569.91  1570.65  1570.87
eigval :     1587.37  1588.05  1588.16  1588.30  1605.13  1606.18
eigval :     1606.37  1606.44  2295.78  2297.23  2298.03  2298.30
eigval :     2299.15  2300.07  2300.71  2301.81  2972.85  2974.86
eigval :     2976.59  2980.90  2992.49  2993.20  2996.87  2997.23
eigval :     2998.11  2999.10  3001.17  3004.57  3011.86  3020.14
eigval :     3021.30  3021.56  3083.26  3083.67  3083.77  3083.93
eigval :     3085.64  3090.67  3091.44  3091.46  3092.07  3092.60
eigval :     3093.21  3093.44  3096.90  3097.02  3097.45  3097.72
eigval :     3098.78  3102.20  3102.78  3103.06  3103.81  3105.10
eigval :     3105.12  3105.27  3106.49  3106.87  3107.10  3107.25
eigval :     3107.29  3107.37  3107.45  3107.83  3108.75  3109.68
eigval :     3109.84  3109.92  3109.96  3110.26  3110.33  3110.61
eigval :     3111.25  3111.45  3111.80  3111.87  3118.14  3118.46
eigval :     3118.57  3118.98  3474.36  3474.88  3475.28  3475.39
           -------------------------------------------------
          |                Property Printout                |
           -------------------------------------------------

    * Orbital Energies and Occupations

         #    Occupation            Energy/Eh            Energy/eV
      -------------------------------------------------------------
         1        2.0000           -0.7257242             -19.7480
       ...           ...                  ...                  ...
       300        2.0000           -0.4042268             -10.9996
       301        2.0000           -0.4036120             -10.9828
       302        2.0000           -0.4032272             -10.9724
       303        2.0000           -0.4031288             -10.9697
       304        2.0000           -0.4019747             -10.9383
       305        2.0000           -0.3881243             -10.5614
       306        2.0000           -0.3880148             -10.5584
       307        2.0000           -0.3879387             -10.5563
       308        2.0000           -0.3872375             -10.5373
       309        2.0000           -0.3732981             -10.1580
       310        2.0000           -0.3731503             -10.1539
       311        2.0000           -0.3731210             -10.1531
       312        2.0000           -0.3725486             -10.1376 (HOMO)
       313                         -0.3184980              -8.6668 (LUMO)
       314                         -0.3171869              -8.6311
       315                         -0.3169375              -8.6243
       316                         -0.3137873              -8.5386
       317                         -0.3028459              -8.2409
       318                         -0.3026146              -8.2346
       319                         -0.2995836              -8.1521
       320                         -0.2974442              -8.0939
       321                         -0.2897433              -7.8843
       322                         -0.2894874              -7.8774
       323                         -0.2886292              -7.8540
       ...                                ...                  ...
       614                          1.5682579              42.6745
      -------------------------------------------------------------
                  HL-Gap            0.0540506 Eh            1.4708 eV
             Fermi-level           -0.3452782 Eh           -9.3955 eV

     #   Z        covCN         q      C6AA      α(0)
     1  46 Pd     3.441    -0.066   273.566    34.111
     2  46 Pd     3.520    -0.100   275.106    34.206
     3   6 C      1.985    -0.018    31.525     9.067
     4   6 C      1.980    -0.044    32.241     9.170
     5   6 C      2.966     0.045    26.981     8.520
     6   6 C      2.924    -0.024    28.596     8.769
     7   6 C      2.915    -0.017    28.428     8.743
     8   6 C      2.914    -0.033    28.813     8.802
     9   6 C      2.989     0.027    27.396     8.586
    10   6 C      2.912    -0.033    28.823     8.803
    11   6 C      2.892     0.041    27.079     8.532
    12   7 N      2.660    -0.093    23.054     7.131
    13   6 C      2.901     0.057    26.720     8.476
    14   6 C      2.989    -0.007    28.194     8.710
    15   1 H      0.926     0.068     2.102     2.267
    16   1 H      0.926     0.062     2.176     2.307
    17   1 H      0.926     0.065     2.137     2.286
    18   1 H      0.926     0.090     1.876     2.142
    19   1 H      0.925     0.117     1.641     2.003
    20   1 H      0.925     0.115     1.653     2.011
    21   6 C      2.973     0.021    27.529     8.606
    22   6 C      2.937    -0.036    28.896     8.816
    23   6 C      2.908    -0.053    29.324     8.879
    24   6 C      3.078     0.053    26.731     8.477
    25   7 N      2.753    -0.131    23.848     7.253
    26   6 C      3.075     0.059    26.603     8.456
    27   6 C      2.907    -0.052    29.291     8.874
    28   6 C      2.933    -0.031    28.772     8.797
    29   6 C      2.972     0.024    27.462     8.596
    30   6 C      2.919    -0.032    28.803     8.801
    31   6 C      3.068    -0.017    28.357     8.732
    32   6 C      3.066    -0.019    28.410     8.740
    33   6 C      2.916    -0.033    28.827     8.804
    34   1 H      0.926     0.043     2.412     2.429
    35   1 H      0.926     0.037     2.487     2.466
    36   1 H      0.860     0.202     1.098     1.642
    37   1 H      0.926     0.035     2.513     2.479
    38   1 H      0.926     0.043     2.410     2.428
    39   1 H      0.926     0.068     2.113     2.273
    40   1 H      0.926     0.065     2.137     2.286
    41   6 C      1.985    -0.010    31.307     9.036
    42   6 C      1.980    -0.046    32.279     9.175
    43   6 C      2.964     0.049    26.908     8.508
    44   6 C      2.930    -0.009    28.235     8.714
    45   6 C      2.912    -0.030    28.740     8.791
    46   6 C      2.903     0.049    26.895     8.503
    47   7 N      2.668    -0.083    22.870     7.103
    48   6 C      2.917     0.046    26.976     8.517
    49   1 H      0.926     0.081     1.969     2.195
    50   1 H      0.926     0.088     1.900     2.155
    51   1 H      0.925     0.119     1.624     1.993
    52   1 H      0.925     0.127     1.562     1.954
    53   6 C      1.985    -0.017    31.492     9.063
    54   6 C      1.981    -0.044    32.239     9.169
    55   6 C      2.965     0.045    26.997     8.523
    56   6 C      2.926    -0.024    28.604     8.771
    57   6 C      2.915    -0.016    28.401     8.739
    58   6 C      2.914    -0.033    28.811     8.802
    59   6 C      2.989     0.025    27.437     8.592
    60   6 C      2.912    -0.033    28.817     8.803
    61   6 C      2.896     0.041    27.079     8.532
    62   7 N      2.660    -0.095    23.108     7.139
    63   6 C      2.896     0.058    26.691     8.471
    64   6 C      2.987    -0.009    28.226     8.715
    65   1 H      0.926     0.067     2.115     2.274
    66   1 H      0.926     0.060     2.197     2.318
    67   1 H      0.926     0.066     2.133     2.284
    68   1 H      0.926     0.090     1.874     2.141
    69   1 H      0.925     0.118     1.628     1.995
    70   1 H      0.925     0.118     1.632     1.998
    71   6 C      2.972     0.022    27.504     8.602
    72   6 C      2.938    -0.035    28.883     8.814
    73   6 C      2.908    -0.053    29.316     8.878
    74   6 C      3.078     0.055    26.684     8.469
    75   7 N      2.753    -0.131    23.848     7.253
    76   6 C      3.076     0.059    26.591     8.454
    77   6 C      2.907    -0.052    29.298     8.875
    78   6 C      2.933    -0.031    28.776     8.797
    79   6 C      2.972     0.024    27.467     8.597
    80   6 C      2.919    -0.033    28.811     8.802
    81   6 C      3.068    -0.017    28.353     8.731
    82   6 C      3.066    -0.018    28.397     8.738
    83   6 C      2.916    -0.034    28.849     8.808
    84   1 H      0.926     0.045     2.380     2.413
    85   1 H      0.926     0.038     2.481     2.463
    86   1 H      0.860     0.200     1.106     1.648
    87   1 H      0.926     0.034     2.528     2.486
    88   1 H      0.926     0.043     2.415     2.430
    89   1 H      0.926     0.068     2.105     2.269
    90   1 H      0.926     0.066     2.133     2.284
    91   6 C      1.985    -0.010    31.309     9.036
    92   6 C      1.980    -0.046    32.287     9.176
    93   6 C      2.964     0.048    26.911     8.509
    94   6 C      2.930    -0.009    28.236     8.714
    95   6 C      2.912    -0.030    28.742     8.791
    96   6 C      2.903     0.049    26.893     8.503
    97   7 N      2.668    -0.086    22.917     7.110
    98   6 C      2.917     0.045    26.980     8.518
    99   1 H      0.926     0.081     1.972     2.196
   100   1 H      0.926     0.088     1.902     2.157
   101   1 H      0.925     0.118     1.626     1.994
   102   1 H      0.925     0.126     1.568     1.958
   103   6 C      1.984    -0.017    31.504     9.064
   104   6 C      1.980    -0.043    32.221     9.167
   105   6 C      2.966     0.045    26.990     8.522
   106   6 C      2.924    -0.024    28.603     8.771
   107   6 C      2.915    -0.016    28.408     8.740
   108   6 C      2.914    -0.032    28.805     8.801
   109   6 C      2.989     0.025    27.435     8.592
   110   6 C      2.912    -0.033    28.815     8.802
   111   6 C      2.892     0.042    27.068     8.530
   112   7 N      2.659    -0.099    23.180     7.151
   113   6 C      2.901     0.058    26.691     8.471
   114   6 C      2.989    -0.010    28.252     8.719
   115   1 H      0.926     0.069     2.092     2.262
   116   1 H      0.926     0.061     2.189     2.314
   117   1 H      0.926     0.066     2.130     2.282
   118   1 H      0.926     0.091     1.871     2.139
   119   1 H      0.925     0.117     1.641     2.003
   120   1 H      0.925     0.115     1.656     2.012
   121   6 C      2.973     0.022    27.522     8.605
   122   6 C      2.936    -0.036    28.884     8.814
   123   6 C      2.908    -0.053    29.315     8.878
   124   6 C      3.077     0.054    26.717     8.474
   125   7 N      2.753    -0.131    23.836     7.251
   126   6 C      3.075     0.059    26.599     8.456
   127   6 C      2.908    -0.052    29.289     8.874
   128   6 C      2.932    -0.031    28.766     8.796
   129   6 C      2.972     0.024    27.463     8.596
   130   6 C      2.920    -0.032    28.808     8.802
   131   6 C      3.069    -0.017    28.355     8.731
   132   6 C      3.067    -0.018    28.400     8.739
   133   6 C      2.917    -0.033    28.819     8.803
   134   1 H      0.926     0.042     2.421     2.433
   135   1 H      0.926     0.036     2.496     2.471
   136   1 H      0.860     0.201     1.099     1.642
   137   1 H      0.926     0.035     2.514     2.480
   138   1 H      0.926     0.043     2.412     2.429
   139   1 H      0.926     0.068     2.111     2.272
   140   1 H      0.926     0.066     2.134     2.284
   141   6 C      1.985    -0.010    31.307     9.036
   142   6 C      1.980    -0.046    32.284     9.176
   143   6 C      2.965     0.048    26.911     8.509
   144   6 C      2.929    -0.009    28.232     8.714
   145   6 C      2.912    -0.030    28.741     8.791
   146   6 C      2.902     0.049    26.892     8.503
   147   7 N      2.668    -0.086    22.931     7.112
   148   6 C      2.920     0.046    26.977     8.517
   149   1 H      0.926     0.081     1.969     2.194
   150   1 H      0.926     0.088     1.902     2.157
   151   1 H      0.925     0.118     1.628     1.996
   152   1 H      0.925     0.126     1.565     1.956
   153   6 C      1.985    -0.017    31.505     9.065
   154   6 C      1.980    -0.043    32.218     9.166
   155   6 C      2.966     0.045    26.990     8.522
   156   6 C      2.924    -0.024    28.603     8.771
   157   6 C      2.915    -0.016    28.406     8.740
   158   6 C      2.914    -0.032    28.805     8.801
   159   6 C      2.989     0.025    27.435     8.592
   160   6 C      2.912    -0.033    28.817     8.803
   161   6 C      2.892     0.041    27.076     8.531
   162   7 N      2.659    -0.098    23.157     7.147
   163   6 C      2.900     0.058    26.692     8.471
   164   6 C      2.989    -0.010    28.250     8.719
   165   1 H      0.926     0.069     2.094     2.263
   166   1 H      0.926     0.061     2.190     2.314
   167   1 H      0.926     0.066     2.132     2.283
   168   1 H      0.926     0.091     1.873     2.140
   169   1 H      0.925     0.116     1.646     2.006
   170   1 H      0.925     0.115     1.656     2.012
   171   6 C      2.973     0.021    27.526     8.606
   172   6 C      2.936    -0.036    28.893     8.816
   173   6 C      2.908    -0.053    29.322     8.879
   174   6 C      3.077     0.053    26.727     8.476
   175   7 N      2.753    -0.131    23.845     7.253
   176   6 C      3.075     0.059    26.603     8.457
   177   6 C      2.908    -0.052    29.291     8.874
   178   6 C      2.932    -0.031    28.768     8.796
   179   6 C      2.972     0.024    27.463     8.596
   180   6 C      2.920    -0.032    28.808     8.802
   181   6 C      3.069    -0.017    28.356     8.732
   182   6 C      3.067    -0.019    28.406     8.739
   183   6 C      2.917    -0.033    28.821     8.803
   184   1 H      0.926     0.043     2.407     2.426
   185   1 H      0.926     0.037     2.485     2.465
   186   1 H      0.860     0.202     1.097     1.641
   187   1 H      0.926     0.035     2.515     2.480
   188   1 H      0.926     0.043     2.413     2.429
   189   1 H      0.926     0.067     2.113     2.273
   190   1 H      0.926     0.066     2.135     2.285
   191   6 C      1.985    -0.010    31.311     9.036
   192   6 C      1.980    -0.046    32.284     9.176
   193   6 C      2.965     0.048    26.909     8.509
   194   6 C      2.929    -0.009    28.233     8.714
   195   6 C      2.912    -0.030    28.740     8.791
   196   6 C      2.902     0.049    26.896     8.503
   197   7 N      2.668    -0.084    22.882     7.104
   198   6 C      2.920     0.046    26.976     8.517
   199   1 H      0.926     0.081     1.970     2.195
   200   1 H      0.926     0.088     1.901     2.156
   201   1 H      0.925     0.118     1.627     1.995
   202   1 H      0.925     0.126     1.563     1.955

 Mol. C6AA /au·bohr⁶  :     682373.035822
 Mol. C8AA /au·bohr⁸  :   19001214.250693
 Mol. α(0) /au        :       1351.581794


Wiberg/Mayer (AO) data.
largest (>0.10) Wiberg bond orders for each atom
          total WBO             WBO to atom ...
     1  Pd  3.448        N   12 0.608    N   62 0.606    N  162 0.602    N  112 0.601
     2  Pd  3.532        N   47 0.598    N  197 0.596    N   97 0.596    N  147 0.594
     3  C   3.936        C    4 2.632    C   21 1.121
     4  C   3.944        C    3 2.632    C    5 1.134
     5  C   3.984        C    6 1.454    C   14 1.199    C    4 1.134
     6  C   3.979        C    5 1.454    C    7 1.346    H   15 0.967
     7  C   3.982        C    8 1.523    C    6 1.346    H   16 0.967
     8  C   3.953        C    7 1.523    C    9 1.293    H   17 0.965
     9  C   3.989        C    8 1.293    C   10 1.273    C   14 1.229
    10  C   3.979        C   11 1.554    C    9 1.273    H   18 0.960    C   13 0.105
    11  C   3.968        C   10 1.554    N   12 1.244    H   19 0.919
    12  N   3.539        C   13 1.427    C   11 1.244    Pd   1 0.608
    13  C   3.969        N   12 1.427    C   14 1.321    H   20 0.913    C   10 0.105
    14  C   3.982        C   13 1.321    C    9 1.229    C    5 1.199
    15  H   0.995        C    6 0.967
    16  H   0.994        C    7 0.967
    17  H   0.995        C    8 0.965
    18  H   0.991        C   10 0.960
    19  H   0.985        C   11 0.919
    20  H   0.985        C   13 0.913
    21  C   3.977        C   33 1.391    C   22 1.310    C    3 1.121
    22  C   3.961        C   23 1.491    C   21 1.310    H   34 0.970
    23  C   3.982        C   22 1.491    C   24 1.343    H   35 0.966
    24  C   3.940        C   23 1.343    C   32 1.251    N   25 1.164
    25  N   3.511        C   26 1.179    C   24 1.164    H   36 0.930
    26  C   3.936        C   27 1.336    C   31 1.242    N   25 1.179
    27  C   3.983        C   28 1.502    C   26 1.336    H   37 0.967
    28  C   3.957        C   27 1.502    C   29 1.301    H   38 0.970
    29  C   3.976        C   30 1.372    C   28 1.301    C   41 1.146
    30  C   3.960        C   31 1.394    C   29 1.372    H   39 0.965
    31  C   3.977        C   30 1.394    C   26 1.242    C   32 1.140
    32  C   3.978        C   33 1.382    C   24 1.251    C   31 1.140
    33  C   3.971        C   21 1.391    C   32 1.382    H   40 0.966
    34  H   0.998        C   22 0.970
    35  H   0.997        C   23 0.966
    36  H   0.958        N   25 0.930
    37  H   0.997        C   27 0.967
    38  H   0.998        C   28 0.970
    39  H   0.995        C   30 0.965
    40  H   0.995        C   33 0.966
    41  C   3.944        C   42 2.625    C   29 1.146
    42  C   3.947        C   41 2.625    C   43 1.149
    43  C   3.982        C   48 1.344    C   44 1.328    C   42 1.149
    44  C   3.964        C   45 1.464    C   43 1.328    H   49 0.965
    45  C   3.981        C   44 1.464    C   46 1.415    H   50 0.962
    46  C   3.926        C   45 1.415    N   47 1.345    H   51 0.913
    47  N   3.547        C   48 1.366    C   46 1.345    Pd   2 0.598
    48  C   3.951        N   47 1.366    C   43 1.344    H   52 0.907
    49  H   0.992        C   44 0.965
    50  H   0.991        C   45 0.962
    51  H   0.985        C   46 0.913
    52  H   0.983        C   48 0.907
    53  C   3.935        C   54 2.630    C   71 1.121
    54  C   3.944        C   53 2.630    C   55 1.134
    55  C   3.984        C   56 1.450    C   64 1.202    C   54 1.134
    56  C   3.979        C   55 1.450    C   57 1.348    H   65 0.967
    57  C   3.983        C   58 1.520    C   56 1.348    H   66 0.967
    58  C   3.953        C   57 1.520    C   59 1.294    H   67 0.965
    59  C   3.988        C   58 1.294    C   60 1.272    C   64 1.229
    60  C   3.979        C   61 1.556    C   59 1.272    H   68 0.960    C   63 0.104
    61  C   3.968        C   60 1.556    N   62 1.242    H   69 0.915
    62  N   3.537        C   63 1.430    C   61 1.242    Pd   1 0.606
    63  C   3.967        N   62 1.430    C   64 1.318    H   70 0.914    C   60 0.104
    64  C   3.982        C   63 1.318    C   59 1.229    C   55 1.202
    65  H   0.995        C   56 0.967
    66  H   0.995        C   57 0.967
    67  H   0.995        C   58 0.965
    68  H   0.991        C   60 0.960
    69  H   0.985        C   61 0.915
    70  H   0.985        C   63 0.914
    71  C   3.977        C   83 1.393    C   72 1.309    C   53 1.121
    72  C   3.961        C   73 1.492    C   71 1.309    H   84 0.970
    73  C   3.982        C   72 1.492    C   74 1.343    H   85 0.966
    74  C   3.940        C   73 1.343    C   82 1.252    N   75 1.163
    75  N   3.512        C   76 1.180    C   74 1.163    H   86 0.930
    76  C   3.935        C   77 1.335    C   81 1.241    N   75 1.180
    77  C   3.983        C   78 1.503    C   76 1.335    H   87 0.967
    78  C   3.957        C   77 1.503    C   79 1.299    H   88 0.970
    79  C   3.976        C   80 1.371    C   78 1.299    C   91 1.147
    80  C   3.960        C   81 1.395    C   79 1.371    H   89 0.965
    81  C   3.977        C   80 1.395    C   76 1.241    C   82 1.140
    82  C   3.978        C   83 1.381    C   74 1.252    C   81 1.140
    83  C   3.971        C   71 1.393    C   82 1.381    H   90 0.966
    84  H   0.998        C   72 0.970
    85  H   0.996        C   73 0.966
    86  H   0.959        N   75 0.930
    87  H   0.997        C   77 0.967
    88  H   0.998        C   78 0.970
    89  H   0.995        C   80 0.965
    90  H   0.995        C   83 0.966
    91  C   3.944        C   92 2.623    C   79 1.147
    92  C   3.947        C   91 2.623    C   93 1.151
    93  C   3.982        C   98 1.343    C   94 1.327    C   92 1.151
    94  C   3.964        C   95 1.464    C   93 1.327    H   99 0.965
    95  C   3.981        C   94 1.464    C   96 1.414    H  100 0.962
    96  C   3.925        C   95 1.414    N   97 1.345    H  101 0.914
    97  N   3.545        C   98 1.366    C   96 1.345    Pd   2 0.596
    98  C   3.951        N   97 1.366    C   93 1.343    H  102 0.907
    99  H   0.992        C   94 0.965
   100  H   0.991        C   95 0.962
   101  H   0.985        C   96 0.914
   102  H   0.983        C   98 0.907
   103  C   3.936        C  104 2.631    C  121 1.122
   104  C   3.945        C  103 2.631    C  105 1.135
   105  C   3.984        C  106 1.453    C  114 1.199    C  104 1.135
   106  C   3.978        C  105 1.453    C  107 1.347    H  115 0.967
   107  C   3.983        C  108 1.521    C  106 1.347    H  116 0.967
   108  C   3.953        C  107 1.521    C  109 1.294    H  117 0.965
   109  C   3.989        C  108 1.294    C  110 1.273    C  114 1.229
   110  C   3.979        C  111 1.554    C  109 1.273    H  118 0.960    C  113 0.105
   111  C   3.967        C  110 1.554    N  112 1.244    H  119 0.919
   112  N   3.533        C  113 1.428    C  111 1.244    Pd   1 0.601
   113  C   3.968        N  112 1.428    C  114 1.320    H  120 0.912    C  110 0.105
   114  C   3.981        C  113 1.320    C  109 1.229    C  105 1.199
   115  H   0.994        C  106 0.967
   116  H   0.995        C  107 0.967
   117  H   0.995        C  108 0.965
   118  H   0.991        C  110 0.960
   119  H   0.985        C  111 0.919
   120  H   0.985        C  113 0.912
   121  C   3.977        C  133 1.389    C  122 1.311    C  103 1.122
   122  C   3.961        C  123 1.491    C  121 1.311    H  134 0.970
   123  C   3.982        C  122 1.491    C  124 1.343    H  135 0.966
   124  C   3.940        C  123 1.343    C  132 1.251    N  125 1.165
   125  N   3.511        C  126 1.179    C  124 1.165    H  136 0.930
   126  C   3.936        C  127 1.336    C  131 1.242    N  125 1.179
   127  C   3.983        C  128 1.502    C  126 1.336    H  137 0.967
   128  C   3.957        C  127 1.502    C  129 1.302    H  138 0.970
   129  C   3.976        C  130 1.370    C  128 1.302    C  141 1.146
   130  C   3.960        C  131 1.395    C  129 1.370    H  139 0.965
   131  C   3.977        C  130 1.395    C  126 1.242    C  132 1.140
   132  C   3.978        C  133 1.383    C  124 1.251    C  131 1.140
   133  C   3.970        C  121 1.389    C  132 1.383    H  140 0.966
   134  H   0.998        C  122 0.970
   135  H   0.997        C  123 0.966
   136  H   0.958        N  125 0.930
   137  H   0.997        C  127 0.967
   138  H   0.998        C  128 0.970
   139  H   0.995        C  130 0.965
   140  H   0.995        C  133 0.966
   141  C   3.944        C  142 2.625    C  129 1.146
   142  C   3.948        C  141 2.625    C  143 1.150
   143  C   3.982        C  148 1.343    C  144 1.329    C  142 1.150
   144  C   3.964        C  145 1.464    C  143 1.329    H  149 0.965
   145  C   3.981        C  144 1.464    C  146 1.415    H  150 0.962
   146  C   3.926        C  145 1.415    N  147 1.345    H  151 0.915
   147  N   3.544        C  148 1.366    C  146 1.345    Pd   2 0.594
   148  C   3.952        N  147 1.366    C  143 1.343    H  152 0.907
   149  H   0.992        C  144 0.965
   150  H   0.991        C  145 0.962
   151  H   0.985        C  146 0.915
   152  H   0.983        C  148 0.907
   153  C   3.936        C  154 2.631    C  171 1.122
   154  C   3.945        C  153 2.631    C  155 1.135
   155  C   3.984        C  156 1.453    C  164 1.199    C  154 1.135
   156  C   3.978        C  155 1.453    C  157 1.347    H  165 0.967
   157  C   3.983        C  158 1.521    C  156 1.347    H  166 0.967
   158  C   3.953        C  157 1.521    C  159 1.294    H  167 0.965
   159  C   3.989        C  158 1.294    C  160 1.273    C  164 1.229
   160  C   3.979        C  161 1.555    C  159 1.273    H  168 0.960    C  163 0.104
   161  C   3.968        C  160 1.555    N  162 1.243    H  169 0.919
   162  N   3.534        C  163 1.428    C  161 1.243    Pd   1 0.602
   163  C   3.968        N  162 1.428    C  164 1.320    H  170 0.913    C  160 0.104
   164  C   3.981        C  163 1.320    C  159 1.229    C  155 1.199
   165  H   0.994        C  156 0.967
   166  H   0.995        C  157 0.967
   167  H   0.995        C  158 0.965
   168  H   0.991        C  160 0.960
   169  H   0.985        C  161 0.919
   170  H   0.985        C  163 0.913
   171  C   3.977        C  183 1.390    C  172 1.311    C  153 1.122
   172  C   3.961        C  173 1.491    C  171 1.311    H  184 0.970
   173  C   3.982        C  172 1.491    C  174 1.343    H  185 0.966
   174  C   3.940        C  173 1.343    C  182 1.251    N  175 1.164
   175  N   3.511        C  176 1.179    C  174 1.164    H  186 0.930
   176  C   3.936        C  177 1.336    C  181 1.242    N  175 1.179
   177  C   3.983        C  178 1.502    C  176 1.336    H  187 0.967
   178  C   3.957        C  177 1.502    C  179 1.302    H  188 0.970
   179  C   3.976        C  180 1.371    C  178 1.302    C  191 1.146
   180  C   3.961        C  181 1.394    C  179 1.371    H  189 0.965
   181  C   3.977        C  180 1.394    C  176 1.242    C  182 1.140
   182  C   3.978        C  183 1.383    C  174 1.251    C  181 1.140
   183  C   3.970        C  171 1.390    C  182 1.383    H  190 0.966
   184  H   0.998        C  172 0.970
   185  H   0.997        C  173 0.966
   186  H   0.958        N  175 0.930
   187  H   0.997        C  177 0.967
   188  H   0.998        C  178 0.970
   189  H   0.995        C  180 0.965
   190  H   0.995        C  183 0.966
   191  C   3.944        C  192 2.625    C  179 1.146
   192  C   3.948        C  191 2.625    C  193 1.149
   193  C   3.982        C  198 1.343    C  194 1.329    C  192 1.149
   194  C   3.964        C  195 1.463    C  193 1.329    H  199 0.965
   195  C   3.981        C  194 1.463    C  196 1.415    H  200 0.962
   196  C   3.926        C  195 1.415    N  197 1.345    H  201 0.914
   197  N   3.546        C  198 1.366    C  196 1.345    Pd   2 0.596
   198  C   3.952        N  197 1.366    C  193 1.343    H  202 0.907
   199  H   0.992        C  194 0.965
   200  H   0.991        C  195 0.962
   201  H   0.985        C  196 0.914
   202  H   0.983        C  198 0.907

molecular dipole:
                 x           y           z       tot (Debye)
 q only:       -1.511       2.010      -3.001
   full:       -1.541       2.145      -2.948      10.061
molecular quadrupole (traceless):
                xx          xy          yy          xz          yz          zz
 q only:     -219.719     -36.194     407.433       2.497    -110.173    -187.714
  q+dip:     -222.622     -37.710     405.818       1.260    -108.582    -183.196
   full:     -214.319     -35.530     392.356       1.097    -105.746    -178.037

           -------------------------------------------------
          |               Frequency Printout                |
           -------------------------------------------------
 projected vibrational frequencies (cm-1)
eigval :       -0.00    -0.00    -0.00    -0.00     0.00     0.00
eigval :        5.48     6.01     6.36     7.30    12.13    13.23
eigval :       13.66    15.38    16.98    18.53    19.09    20.00
eigval :       26.43    26.91    27.52    28.87    34.30    34.43
eigval :       35.85    37.13    42.22    44.64    46.30    49.73
eigval :       50.87    51.73    53.67    54.71    58.96    60.26
eigval :       62.44    66.48    75.51    77.02    78.63    80.41
eigval :       85.43    86.85    87.25    92.78    93.64    94.46
eigval :       95.14    99.87   103.05   111.16   112.21   112.76
eigval :      117.35   127.16   128.79   129.24   129.35   131.33
eigval :      134.91   135.15   137.72   148.63   157.49   159.90
eigval :      160.43   161.43   164.70   165.38   166.48   169.41
eigval :      170.08   171.29   172.21   176.37   181.46   184.95
eigval :      186.09   195.45   198.94   206.26   207.72   214.88
eigval :      216.03   216.67   217.68   217.98   229.21   229.52
eigval :      240.96   242.32   248.56   249.17   249.35   250.68
eigval :      252.54   259.38   259.90   264.84   265.36   270.04
eigval :      270.76   272.40   273.89   274.65   301.31   303.13
eigval :      305.46   305.89   306.36   308.35   311.72   311.84
eigval :      338.89   339.77   342.39   342.80   371.18   388.09
eigval :      388.14   388.41   388.68   389.97   392.31   392.54
eigval :      392.76   393.14   393.55   393.77   394.10   395.24
eigval :      401.25   401.41   419.45   419.71   420.51   420.68
eigval :      426.31   426.62   426.75   426.80   432.75   432.79
eigval :      432.94   432.97   433.63   434.19   434.31   434.47
eigval :      442.34   446.21   447.33   447.92   450.77   450.91
eigval :      453.89   455.07   465.14   465.98   466.58   467.23
eigval :      471.99   472.77   473.41   473.64   485.93   487.24
eigval :      487.52   487.67   498.90   508.72   511.06   511.32
eigval :      512.13   512.92   514.61   516.37   517.36   520.66
eigval :      521.95   522.61   524.12   524.50   524.71   524.76
eigval :      537.96   538.39   538.77   539.12   551.31   554.15
eigval :      555.65   556.46   566.42   568.09   568.47   568.75
eigval :      581.57   582.79   583.38   583.47   603.87   603.95
eigval :      604.15   604.32   615.91   616.02   616.17   616.22
eigval :      619.09   623.73   624.67   625.00   625.91   626.39
eigval :      628.07   628.24   661.06   669.41   669.79   669.99
eigval :      670.46   670.65   670.79   670.96   683.63   683.75
eigval :      683.89   684.14   691.35   692.75   693.44   693.55
eigval :      711.80   711.81   712.06   712.28   725.25   725.41
eigval :      725.46   725.69   755.31   755.78   756.48   756.51
eigval :      768.53   775.07   775.25   779.37   779.94   781.11
eigval :      781.60   782.10   799.11   801.64   804.51   804.86
eigval :      815.37   815.62   815.63   818.00   818.09   818.38
eigval :      818.40   819.93   821.38   821.90   822.60   822.65
eigval :      832.22   833.62   833.69   834.56   839.73   848.61
eigval :      849.40   849.45   849.69   850.55   851.13   857.96
eigval :      858.50   858.72   859.06   859.33   860.10   862.05
eigval :      862.39   862.64   863.11   863.40   863.56   865.01
eigval :      871.20   872.45   873.28   873.78   885.33   888.86
eigval :      889.10   892.85   894.47   894.73   894.91   895.82
eigval :      898.72   899.53   900.89   901.23   903.00   903.60
eigval :      903.66   903.85   904.12   904.30   904.31   907.94
eigval :      908.11   908.17   908.30   912.78   929.65   929.76
eigval :      930.02   930.42   934.30   936.65   936.98   937.73
eigval :      950.24   951.58   953.16   953.23   995.64  1000.38
eigval :     1000.52  1002.78  1016.10  1016.53  1016.61  1016.81
eigval :     1044.66  1045.68  1046.71  1046.86  1076.89  1078.88
eigval :     1080.14  1080.56  1086.24  1087.40  1087.49  1090.36
eigval :     1104.83  1105.17  1105.30  1106.28  1118.28  1119.82
eigval :     1120.07  1122.94  1125.96  1126.63  1126.84  1127.33
eigval :     1143.58  1143.82  1144.14  1144.27  1149.14  1149.72
eigval :     1149.87  1150.13  1156.23  1156.42  1156.68  1157.17
eigval :     1159.84  1160.38  1160.55  1163.47  1165.85  1167.60
eigval :     1167.83  1169.17  1169.48  1170.21  1170.29  1174.82
eigval :     1187.01  1187.62  1187.83  1188.12  1200.49  1201.24
eigval :     1201.52  1201.61  1212.24  1212.76  1213.20  1213.27
eigval :     1219.58  1220.78  1220.94  1221.92  1228.85  1230.49
eigval :     1232.04  1232.16  1234.80  1235.17  1236.39  1237.03
eigval :     1238.91  1239.41  1239.55  1244.06  1279.40  1279.72
eigval :     1280.25  1280.50  1293.59  1293.77  1294.31  1294.47
eigval :     1297.73  1297.98  1299.16  1299.29  1299.52  1300.50
eigval :     1300.83  1301.65  1319.68  1319.86  1320.13  1320.65
eigval :     1336.24  1336.41  1336.74  1336.97  1337.86  1338.52
eigval :     1339.54  1340.00  1359.19  1359.86  1360.63  1361.01
eigval :     1369.02  1369.75  1370.63  1371.15  1372.83  1373.14
eigval :     1373.68  1374.00  1381.42  1381.93  1381.96  1383.26
eigval :     1399.74  1399.94  1400.46  1400.63  1415.87  1415.91
eigval :     1416.14  1416.46  1418.34  1418.57  1418.66  1418.87
eigval :     1430.92  1431.21  1431.50  1432.15  1446.56  1446.58
eigval :     1446.89  1447.41  1467.23  1467.70  1468.06  1468.37
eigval :     1480.96  1481.13  1481.42  1481.73  1486.07  1486.07
eigval :     1486.73  1486.84  1521.91  1523.72  1525.64  1525.65
eigval :     1529.01  1529.66  1529.91  1530.47  1543.84  1544.13
eigval :     1544.62  1544.83  1559.13  1559.45  1559.73  1559.83
eigval :     1561.27  1561.72  1562.64  1562.75  1565.69  1566.46
eigval :     1566.69  1566.76  1569.29  1569.91  1570.65  1570.87
eigval :     1587.37  1588.05  1588.16  1588.30  1605.13  1606.18
eigval :     1606.37  1606.44  2295.78  2297.23  2298.03  2298.30
eigval :     2299.15  2300.07  2300.71  2301.81  2972.85  2974.86
eigval :     2976.59  2980.90  2992.49  2993.20  2996.87  2997.23
eigval :     2998.11  2999.10  3001.17  3004.57  3011.86  3020.14
eigval :     3021.30  3021.56  3083.26  3083.67  3083.77  3083.93
eigval :     3085.64  3090.67  3091.44  3091.46  3092.07  3092.60
eigval :     3093.21  3093.44  3096.90  3097.02  3097.45  3097.72
eigval :     3098.78  3102.20  3102.78  3103.06  3103.81  3105.10
eigval :     3105.12  3105.27  3106.49  3106.87  3107.10  3107.25
eigval :     3107.29  3107.37  3107.45  3107.83  3108.75  3109.68
eigval :     3109.84  3109.92  3109.96  3110.26  3110.33  3110.61
eigval :     3111.25  3111.45  3111.80  3111.87  3118.14  3118.46
eigval :     3118.57  3118.98  3474.36  3474.88  3475.28  3475.39
 reduced masses (amu)
   1: 24.79   2: 20.38   3: 22.12   4: 16.89   5: 21.97   6: 22.37   7: 15.49   8: 12.87
   9: 14.62  10: 15.83  11: 15.50  12: 15.08  13: 19.00  14: 11.77  15: 11.84  16: 15.61
  17: 18.27  18: 19.54  19: 17.19  20: 16.34  21: 14.25  22: 17.87  23: 11.62  24: 11.46
  25: 11.68  26: 18.59  27: 13.56  28: 12.34  29: 11.85  30: 12.47  31: 12.88  32: 11.16
  33: 11.70  34: 13.23  35: 14.76  36: 14.44  37: 11.33  38: 19.17  39: 12.02  40: 12.53
  41: 12.40  42: 10.91  43: 18.72  44: 11.88  45: 13.03  46: 11.53  47: 11.54  48: 12.19
  49: 11.22  50: 11.78  51: 22.23  52: 11.24  53: 11.38  54: 11.45  55: 17.53  56: 11.45
  57: 11.37  58: 11.70  59: 11.98  60: 11.31  61: 11.77  62: 11.94  63: 14.10  64: 11.17
  65: 19.36  66: 11.73  67: 14.10  68: 14.21  69: 11.53  70: 12.56  71: 10.81  72: 13.49
  73: 11.43  74: 13.45  75: 11.15  76: 11.06  77: 11.25  78: 15.10  79: 15.33  80: 22.15
  81: 11.89  82: 22.49  83: 22.76  84: 12.36  85: 13.33  86: 18.68  87: 15.17  88: 23.37
  89: 18.64  90: 18.34  91: 27.23  92: 14.33  93: 13.34  94: 13.25  95: 13.07  96: 11.83
  97: 11.42  98: 25.05  99: 24.43 100: 11.11 101: 12.93 102: 30.57 103: 32.44 104: 41.07
 105: 52.41 106: 54.81 107: 11.01 108: 11.35 109: 12.48 110: 12.67 111: 11.61 112: 10.94
 113: 15.19 114: 14.82 115: 15.64 116: 15.77 117: 14.66 118: 11.79 119:  9.92 120:  9.27
 121:  9.27 122:  9.24 123:  9.28 124: 10.10 125: 10.15 126: 10.82 127: 10.33 128:  9.64
 129: 10.18 130:  9.73 131: 10.64 132: 10.90 133: 13.58 134: 13.56 135: 11.69 136: 11.68
 137: 11.67 138: 11.65 139:  9.63 140:  9.56 141:  9.56 142:  9.59 143: 11.80 144: 11.75
 145: 11.76 146: 11.78 147: 11.57 148: 11.57 149: 11.62 150: 11.54 151: 10.84 152: 10.71
 153: 11.21 154: 11.35 155: 11.54 156: 11.54 157: 11.47 158: 11.98 159: 11.52 160: 11.64
 161: 11.75 162: 11.72 163: 11.10 164: 11.15 165: 11.26 166: 11.26 167: 11.66 168: 11.69
 169: 11.96 170: 11.97 171: 10.94 172:  9.51 173:  9.98 174: 11.03 175: 10.70 176: 10.76
 177: 10.10 178: 11.02 179:  9.65 180:  6.40 181:  7.42 182:  7.94 183: 10.49 184: 10.45
 185: 10.46 186: 10.49 187: 10.30 188: 10.32 189: 10.41 190: 10.38 191: 11.49 192: 11.58
 193: 12.17 194: 12.05 195:  8.27 196:  7.52 197:  7.45 198:  7.47 199: 11.48 200: 11.52
 201: 11.79 202: 11.83 203: 11.04 204: 11.05 205: 11.04 206: 11.07 207: 11.40 208: 11.40
 209: 11.40 210: 11.40 211: 11.84 212: 11.50 213: 11.82 214: 11.50 215: 11.66 216: 11.68
 217: 12.73 218: 12.77 219:  9.13 220:  9.68 221:  9.72 222: 11.42 223: 11.45 224: 11.43
 225: 11.41 226:  9.94 227: 11.40 228: 11.37 229: 11.36 230: 11.36 231: 11.61 232: 11.62
 233: 11.80 234: 11.80 235: 11.78 236: 11.78 237: 11.78 238: 11.78 239: 10.69 240: 10.71
 241: 10.72 242: 10.67 243: 11.33 244: 11.33 245: 11.39 246: 11.38 247:  4.90 248:  4.72
 249:  4.70 250:  4.37 251:  3.80 252:  3.77 253:  3.76 254:  3.72 255: 11.44 256: 11.46
 257: 11.61 258: 11.60 259:  4.50 260:  4.50 261:  4.50 262:  4.56 263:  4.50 264:  4.51
 265:  4.51 266: 10.93 267:  7.12 268:  9.10 269: 11.06 270: 11.30 271:  4.09 272:  4.07
 273:  4.07 274:  4.10 275:  4.14 276: 11.35 277:  7.10 278: 10.67 279: 10.27 280:  8.33
 281:  6.01 282:  3.52 283:  3.60 284:  3.50 285:  3.60 286:  3.68 287:  7.25 288:  3.39
 289:  3.38 290:  3.37 291:  3.43 292:  6.76 293:  6.72 294:  8.57 295:  6.83 296:  7.59
 297:  8.10 298:  7.93 299:  3.79 300:  3.73 301:  3.72 302:  3.64 303:  3.90 304:  3.89
 305:  3.86 306:  3.89 307: 10.19 308: 10.81 309:  9.09 310:  9.07 311:  4.47 312:  4.87
 313:  5.04 314:  4.78 315:  3.61 316:  3.39 317:  3.39 318:  3.38 319:  3.35 320:  3.38
 321:  3.37 322:  3.33 323:  3.77 324:  3.77 325:  3.77 326:  3.77 327:  3.70 328:  3.63
 329:  3.61 330:  3.61 331: 10.56 332: 10.53 333: 10.52 334: 10.52 335: 10.58 336: 10.77
 337: 10.77 338: 10.67 339:  7.67 340:  7.67 341:  7.66 342:  7.74 343:  9.09 344:  9.14
 345:  9.08 346:  9.08 347:  7.25 348:  7.34 349:  7.37 350:  7.20 351:  6.44 352:  6.53
 353:  6.53 354:  6.72 355:  6.15 356:  6.16 357:  6.15 358:  6.15 359:  3.75 360:  3.76
 361:  3.76 362:  3.72 363:  7.57 364:  7.53 365:  7.52 366:  7.44 367:  3.26 368:  3.29
 369:  3.35 370:  3.35 371:  5.13 372:  5.24 373:  5.25 374:  5.21 375:  3.73 376:  3.75
 377:  3.73 378:  3.74 379:  4.62 380:  4.76 381:  4.73 382:  5.39 383:  2.18 384:  2.79
 385:  2.72 386:  3.44 387:  3.54 388:  3.46 389:  3.44 390:  2.28 391:  3.81 392:  3.82
 393:  3.81 394:  3.69 395:  6.23 396:  6.24 397:  6.23 398:  6.21 399:  5.19 400:  5.36
 401:  5.33 402:  5.26 403:  4.87 404:  5.20 405:  5.21 406:  5.48 407:  3.95 408:  4.75
 409:  3.94 410:  4.06 411:  4.64 412:  4.67 413:  4.76 414:  5.74 415:  6.00 416:  5.73
 417:  5.77 418:  3.44 419:  7.16 420:  7.19 421:  7.22 422:  7.20 423:  8.62 424:  8.63
 425:  8.52 426:  8.52 427: 11.76 428: 11.84 429:  9.68 430: 11.42 431:  9.63 432:  9.89
 433: 10.46 434: 10.86 435: 10.43 436: 10.42 437: 10.44 438: 10.45 439: 10.87 440: 10.86
 441: 10.94 442: 11.16 443: 10.46 444: 10.66 445: 10.67 446: 10.54 447: 10.30 448: 10.21
 449: 10.23 450: 10.24 451: 10.23 452: 10.29 453: 10.31 454:  9.62 455:  9.96 456:  9.53
 457:  9.51 458:  9.47 459: 10.69 460: 10.78 461: 10.78 462: 10.53 463: 10.97 464: 11.01
 465: 10.99 466: 11.15 467: 10.68 468: 10.74 469: 10.72 470: 10.71 471: 10.41 472: 10.41
 473: 10.40 474: 10.41 475: 11.12 476: 11.14 477: 11.13 478: 11.15 479: 10.95 480: 10.95
 481: 10.97 482: 10.94 483: 10.99 484: 11.00 485: 10.98 486: 10.98 487: 11.32 488: 11.32
 489: 11.33 490: 11.35 491: 11.42 492: 11.42 493: 11.44 494: 11.44 495: 11.50 496: 11.55
 497: 11.55 498: 11.55 499: 11.77 500: 11.77 501: 11.77 502: 11.77 503: 11.71 504: 11.71
 505: 11.75 506: 11.73 507: 11.57 508: 11.57 509: 11.57 510: 11.57 511: 11.60 512: 11.58
 513: 11.60 514: 11.60 515: 11.62 516: 11.63 517: 11.63 518: 11.62 519: 11.42 520: 11.43
 521: 11.44 522: 11.44 523: 11.73 524: 11.73 525: 11.73 526: 11.73 527: 11.75 528: 11.75
 529: 11.75 530: 11.75 531: 12.01 532: 12.01 533: 12.01 534: 12.01 535: 12.01 536: 12.01
 537: 12.01 538: 12.01 539:  1.85 540:  1.85 541:  1.85 542:  1.84 543:  1.84 544:  1.84
 545:  1.84 546:  1.85 547:  1.84 548:  1.85 549:  1.85 550:  1.84 551:  1.85 552:  1.85
 553:  1.85 554:  1.84 555:  1.79 556:  1.79 557:  1.79 558:  1.79 559:  1.79 560:  1.78
 561:  1.78 562:  1.78 563:  1.78 564:  1.78 565:  1.78 566:  1.78 567:  1.88 568:  1.88
 569:  1.88 570:  1.88 571:  1.88 572:  1.88 573:  1.88 574:  1.88 575:  1.84 576:  1.84
 577:  1.84 578:  1.84 579:  1.81 580:  1.81 581:  1.82 582:  1.82 583:  1.84 584:  1.84
 585:  1.84 586:  1.84 587:  1.90 588:  1.85 589:  1.87 590:  1.88 591:  1.84 592:  1.88
 593:  1.84 594:  1.84 595:  1.86 596:  1.86 597:  1.86 598:  1.86 599:  1.89 600:  1.90
 601:  1.89 602:  1.89 603:  1.87 604:  1.87 605:  1.87 606:  1.87
 IR intensities (amu)
   1:  0.57   2:  0.44   3:  0.48   4:  0.23   5:  0.44   6:  0.28   7:  0.48   8:  0.28
   9:  0.39  10:  0.22  11:  0.27  12:  0.35  13:  0.19  14:  0.05  15:  0.03  16:  0.23
  17:  0.18  18:  0.16  19:  0.27  20:  0.21  21:  0.17  22:  0.08  23:  0.13  24:  0.11
  25:  0.04  26:  0.06  27:  0.05  28:  0.18  29:  0.14  30:  0.08  31:  0.18  32:  0.08
  33:  0.09  34:  0.10  35:  0.31  36:  0.29  37:  0.07  38:  0.03  39:  0.11  40:  0.03
  41:  0.05  42:  0.02  43:  0.10  44:  0.13  45:  0.15  46:  0.15  47:  0.13  48:  0.22
  49:  0.09  50:  0.04  51:  0.06  52:  0.02  53:  0.04  54:  0.05  55:  0.06  56:  0.04
  57:  0.17  58:  0.15  59:  0.10  60:  0.03  61:  0.15  62:  0.13  63:  0.18  64:  0.02
  65:  0.12  66:  0.20  67:  0.33  68:  0.41  69:  0.26  70:  0.33  71:  0.16  72:  0.39
  73:  0.15  74:  0.45  75:  0.16  76:  0.12  77:  0.07  78:  0.26  79:  0.29  80:  0.15
  81:  0.04  82:  0.59  83:  0.59  84:  0.26  85:  0.26  86:  0.55  87:  0.55  88:  0.55
  89:  0.44  90:  0.42  91:  0.03  92:  0.08  93:  0.19  94:  0.24  95:  0.33  96:  0.06
  97:  0.05  98:  0.55  99:  0.55 100:  0.03 101:  0.08 102:  0.38 103:  0.33 104:  0.22
 105:  1.21 106:  1.24 107:  0.13 108:  0.20 109:  0.19 110:  0.21 111:  0.12 112:  0.03
 113:  0.40 114:  0.38 115:  0.24 116:  0.25 117:  0.08 118:  0.05 119:  0.02 120:  0.10
 121:  0.15 122:  0.06 123:  0.11 124:  0.03 125:  0.06 126:  0.10 127:  0.08 128:  0.07
 129:  0.08 130:  0.09 131:  0.09 132:  0.01 133:  0.23 134:  0.22 135:  0.04 136:  0.04
 137:  0.03 138:  0.02 139:  0.05 140:  0.06 141:  0.08 142:  0.05 143:  0.23 144:  0.22
 145:  0.26 146:  0.17 147:  0.14 148:  0.13 149:  0.23 150:  0.13 151:  0.09 152:  0.12
 153:  0.21 154:  0.20 155:  0.09 156:  0.09 157:  0.01 158:  0.08 159:  0.11 160:  0.24
 161:  0.32 162:  0.27 163:  0.03 164:  0.11 165:  0.08 166:  0.09 167:  0.04 168:  0.71
 169:  0.28 170:  0.32 171:  0.02 172:  0.20 173:  0.30 174:  0.15 175:  0.26 176:  0.39
 177:  0.15 178:  0.09 179:  0.16 180:  0.18 181:  0.41 182:  0.50 183:  0.18 184:  0.24
 185:  0.31 186:  0.21 187:  0.11 188:  0.20 189:  0.23 190:  0.20 191:  0.08 192:  0.38
 193:  0.44 194:  0.40 195:  0.05 196:  0.10 197:  0.11 198:  0.11 199:  0.01 200:  0.11
 201:  0.44 202:  0.45 203:  0.09 204:  0.07 205:  0.09 206:  0.08 207:  0.27 208:  0.49
 209:  0.25 210:  0.21 211:  0.01 212:  0.10 213:  0.23 214:  0.02 215:  0.08 216:  0.08
 217:  0.44 218:  0.46 219:  0.11 220:  0.19 221:  0.18 222:  0.04 223:  0.10 224:  0.12
 225:  0.19 226:  0.05 227:  0.17 228:  0.16 229:  0.17 230:  0.17 231:  0.02 232:  0.23
 233:  0.43 234:  0.43 235:  0.03 236:  0.04 237:  0.03 238:  0.03 239:  0.04 240:  0.15
 241:  0.16 242:  0.14 243:  0.09 244:  0.12 245:  0.26 246:  0.24 247:  0.02 248:  0.32
 249:  0.32 250:  0.02 251:  0.09 252:  0.10 253:  0.11 254:  0.11 255:  0.02 256:  0.36
 257:  0.49 258:  0.50 259:  0.38 260:  0.38 261:  0.39 262:  0.32 263:  0.15 264:  0.16
 265:  0.13 266:  0.10 267:  0.41 268:  0.59 269:  0.47 270:  0.47 271:  0.20 272:  0.29
 273:  0.26 274:  0.33 275:  0.02 276:  0.08 277:  0.08 278:  0.39 279:  0.37 280:  0.18
 281:  0.15 282:  0.09 283:  0.05 284:  0.10 285:  0.08 286:  0.06 287:  0.02 288:  0.06
 289:  0.10 290:  0.08 291:  0.04 292:  0.05 293:  0.06 294:  0.12 295:  0.03 296:  0.03
 297:  0.04 298:  0.03 299:  0.05 300:  0.06 301:  0.06 302:  0.01 303:  0.02 304:  0.01
 305:  0.03 306:  0.05 307:  0.15 308:  0.81 309:  0.17 310:  0.15 311:  0.02 312:  0.08
 313:  0.10 314:  0.11 315:  0.05 316:  0.04 317:  0.03 318:  0.05 319:  0.03 320:  0.04
 321:  0.04 322:  0.02 323:  0.01 324:  0.03 325:  0.02 326:  0.02 327:  0.02 328:  0.03
 329:  0.03 330:  0.03 331:  0.03 332:  0.03 333:  0.29 334:  0.30 335:  0.02 336:  0.24
 337:  0.25 338:  0.10 339:  0.06 340:  0.09 341:  0.09 342:  0.14 343:  0.02 344:  0.29
 345:  0.29 346:  0.30 347:  0.33 348:  0.61 349:  0.71 350:  0.21 351:  0.06 352:  0.52
 353:  0.52 354:  0.69 355:  0.36 356:  0.51 357:  0.49 358:  0.49 359:  0.08 360:  0.49
 361:  0.47 362:  0.33 363:  0.46 364:  0.98 365:  1.04 366:  1.31 367:  1.06 368:  0.39
 369:  0.71 370:  0.68 371:  0.10 372:  0.63 373:  0.59 374:  1.27 375:  0.20 376:  0.59
 377:  0.50 378:  0.70 379:  0.04 380:  0.26 381:  0.23 382:  1.41 383:  0.05 384:  0.38
 385:  0.35 386:  0.39 387:  0.54 388:  0.34 389:  0.37 390:  0.33 391:  0.18 392:  0.34
 393:  0.35 394:  0.29 395:  0.59 396:  0.59 397:  0.58 398:  0.51 399:  0.33 400:  0.47
 401:  0.72 402:  0.54 403:  0.07 404:  0.58 405:  0.56 406:  2.03 407:  0.02 408:  0.24
 409:  0.31 410:  0.30 411:  0.17 412:  0.25 413:  0.19 414:  0.43 415:  0.19 416:  0.44
 417:  0.43 418:  0.56 419:  0.54 420:  0.55 421:  0.59 422:  0.59 423:  0.99 424:  1.81
 425:  1.29 426:  2.00 427:  0.19 428:  0.16 429:  0.51 430:  0.09 431:  0.54 432:  0.43
 433:  0.25 434:  1.27 435:  0.89 436:  1.70 437:  2.15 438:  2.67 439:  0.55 440:  0.67
 441:  0.53 442:  0.99 443:  1.03 444:  0.92 445:  0.67 446:  0.98 447:  0.56 448:  0.73
 449:  0.11 450:  2.00 451:  0.84 452:  0.74 453:  0.32 454:  0.25 455:  2.55 456:  0.59
 457:  1.10 458:  0.53 459:  0.23 460:  0.62 461:  0.59 462:  1.74 463:  0.99 464:  1.11
 465:  1.12 466:  0.99 467:  0.21 468:  0.34 469:  0.26 470:  0.32 471:  0.07 472:  0.28
 473:  0.27 474:  0.24 475:  0.62 476:  0.57 477:  0.36 478:  0.39 479:  0.97 480:  0.93
 481:  0.30 482:  0.26 483:  0.62 484:  0.36 485:  0.48 486:  0.26 487:  0.75 488:  1.28
 489:  1.42 490:  2.39 491:  0.30 492:  0.27 493:  0.13 494:  0.07 495:  0.40 496:  0.11
 497:  0.61 498:  0.59 499:  1.36 500:  1.34 501:  1.30 502:  0.42 503:  1.68 504:  1.25
 505:  1.00 506:  4.34 507:  0.64 508:  0.70 509:  0.75 510:  0.66 511:  0.61 512:  0.73
 513:  1.24 514:  1.21 515:  0.43 516:  0.44 517:  0.47 518:  0.35 519:  0.31 520:  0.28
 521:  0.32 522:  0.36 523:  1.79 524:  1.28 525:  0.90 526:  3.48 527:  1.23 528:  1.25
 529:  1.12 530:  1.28 531:  2.19 532:  2.06 533:  1.54 534:  2.98 535:  2.95 536:  3.40
 537:  2.42 538:  6.20 539:  0.02 540:  0.02 541:  0.01 542:  0.01 543:  0.12 544:  0.13
 545:  0.13 546:  0.04 547:  0.15 548:  0.08 549:  0.05 550:  0.17 551:  0.07 552:  0.06
 553:  0.06 554:  0.09 555:  0.25 556:  0.26 557:  0.24 558:  0.25 559:  0.24 560:  0.15
 561:  0.16 562:  0.15 563:  0.15 564:  0.14 565:  0.16 566:  0.15 567:  0.39 568:  0.36
 569:  0.41 570:  0.40 571:  0.44 572:  0.39 573:  0.42 574:  0.40 575:  0.18 576:  0.17
 577:  0.22 578:  0.22 579:  0.09 580:  0.10 581:  0.09 582:  0.09 583:  0.02 584:  0.01
 585:  0.02 586:  0.01 587:  0.29 588:  0.17 589:  0.17 590:  0.28 591:  0.13 592:  0.28
 593:  0.11 594:  0.14 595:  0.16 596:  0.14 597:  0.11 598:  0.15 599:  0.08 600:  0.08
 601:  0.09 602:  0.09 603:  0.62 604:  0.62 605:  0.62 606:  0.61
 Raman intensities (amu)
   1:  0.00   2:  0.00   3:  0.00   4:  0.00   5:  0.00   6:  0.00   7:  0.00   8:  0.00
   9:  0.00  10:  0.00  11:  0.00  12:  0.00  13:  0.00  14:  0.00  15:  0.00  16:  0.00
  17:  0.00  18:  0.00  19:  0.00  20:  0.00  21:  0.00  22:  0.00  23:  0.00  24:  0.00
  25:  0.00  26:  0.00  27:  0.00  28:  0.00  29:  0.00  30:  0.00  31:  0.00  32:  0.00
  33:  0.00  34:  0.00  35:  0.00  36:  0.00  37:  0.00  38:  0.00  39:  0.00  40:  0.00
  41:  0.00  42:  0.00  43:  0.00  44:  0.00  45:  0.00  46:  0.00  47:  0.00  48:  0.00
  49:  0.00  50:  0.00  51:  0.00  52:  0.00  53:  0.00  54:  0.00  55:  0.00  56:  0.00
  57:  0.00  58:  0.00  59:  0.00  60:  0.00  61:  0.00  62:  0.00  63:  0.00  64:  0.00
  65:  0.00  66:  0.00  67:  0.00  68:  0.00  69:  0.00  70:  0.00  71:  0.00  72:  0.00
  73:  0.00  74:  0.00  75:  0.00  76:  0.00  77:  0.00  78:  0.00  79:  0.00  80:  0.00
  81:  0.00  82:  0.00  83:  0.00  84:  0.00  85:  0.00  86:  0.00  87:  0.00  88:  0.00
  89:  0.00  90:  0.00  91:  0.00  92:  0.00  93:  0.00  94:  0.00  95:  0.00  96:  0.00
  97:  0.00  98:  0.00  99:  0.00 100:  0.00 101:  0.00 102:  0.00 103:  0.00 104:  0.00
 105:  0.00 106:  0.00 107:  0.00 108:  0.00 109:  0.00 110:  0.00 111:  0.00 112:  0.00
 113:  0.00 114:  0.00 115:  0.00 116:  0.00 117:  0.00 118:  0.00 119:  0.00 120:  0.00
 121:  0.00 122:  0.00 123:  0.00 124:  0.00 125:  0.00 126:  0.00 127:  0.00 128:  0.00
 129:  0.00 130:  0.00 131:  0.00 132:  0.00 133:  0.00 134:  0.00 135:  0.00 136:  0.00
 137:  0.00 138:  0.00 139:  0.00 140:  0.00 141:  0.00 142:  0.00 143:  0.00 144:  0.00
 145:  0.00 146:  0.00 147:  0.00 148:  0.00 149:  0.00 150:  0.00 151:  0.00 152:  0.00
 153:  0.00 154:  0.00 155:  0.00 156:  0.00 157:  0.00 158:  0.00 159:  0.00 160:  0.00
 161:  0.00 162:  0.00 163:  0.00 164:  0.00 165:  0.00 166:  0.00 167:  0.00 168:  0.00
 169:  0.00 170:  0.00 171:  0.00 172:  0.00 173:  0.00 174:  0.00 175:  0.00 176:  0.00
 177:  0.00 178:  0.00 179:  0.00 180:  0.00 181:  0.00 182:  0.00 183:  0.00 184:  0.00
 185:  0.00 186:  0.00 187:  0.00 188:  0.00 189:  0.00 190:  0.00 191:  0.00 192:  0.00
 193:  0.00 194:  0.00 195:  0.00 196:  0.00 197:  0.00 198:  0.00 199:  0.00 200:  0.00
 201:  0.00 202:  0.00 203:  0.00 204:  0.00 205:  0.00 206:  0.00 207:  0.00 208:  0.00
 209:  0.00 210:  0.00 211:  0.00 212:  0.00 213:  0.00 214:  0.00 215:  0.00 216:  0.00
 217:  0.00 218:  0.00 219:  0.00 220:  0.00 221:  0.00 222:  0.00 223:  0.00 224:  0.00
 225:  0.00 226:  0.00 227:  0.00 228:  0.00 229:  0.00 230:  0.00 231:  0.00 232:  0.00
 233:  0.00 234:  0.00 235:  0.00 236:  0.00 237:  0.00 238:  0.00 239:  0.00 240:  0.00
 241:  0.00 242:  0.00 243:  0.00 244:  0.00 245:  0.00 246:  0.00 247:  0.00 248:  0.00
 249:  0.00 250:  0.00 251:  0.00 252:  0.00 253:  0.00 254:  0.00 255:  0.00 256:  0.00
 257:  0.00 258:  0.00 259:  0.00 260:  0.00 261:  0.00 262:  0.00 263:  0.00 264:  0.00
 265:  0.00 266:  0.00 267:  0.00 268:  0.00 269:  0.00 270:  0.00 271:  0.00 272:  0.00
 273:  0.00 274:  0.00 275:  0.00 276:  0.00 277:  0.00 278:  0.00 279:  0.00 280:  0.00
 281:  0.00 282:  0.00 283:  0.00 284:  0.00 285:  0.00 286:  0.00 287:  0.00 288:  0.00
 289:  0.00 290:  0.00 291:  0.00 292:  0.00 293:  0.00 294:  0.00 295:  0.00 296:  0.00
 297:  0.00 298:  0.00 299:  0.00 300:  0.00 301:  0.00 302:  0.00 303:  0.00 304:  0.00
 305:  0.00 306:  0.00 307:  0.00 308:  0.00 309:  0.00 310:  0.00 311:  0.00 312:  0.00
 313:  0.00 314:  0.00 315:  0.00 316:  0.00 317:  0.00 318:  0.00 319:  0.00 320:  0.00
 321:  0.00 322:  0.00 323:  0.00 324:  0.00 325:  0.00 326:  0.00 327:  0.00 328:  0.00
 329:  0.00 330:  0.00 331:  0.00 332:  0.00 333:  0.00 334:  0.00 335:  0.00 336:  0.00
 337:  0.00 338:  0.00 339:  0.00 340:  0.00 341:  0.00 342:  0.00 343:  0.00 344:  0.00
 345:  0.00 346:  0.00 347:  0.00 348:  0.00 349:  0.00 350:  0.00 351:  0.00 352:  0.00
 353:  0.00 354:  0.00 355:  0.00 356:  0.00 357:  0.00 358:  0.00 359:  0.00 360:  0.00
 361:  0.00 362:  0.00 363:  0.00 364:  0.00 365:  0.00 366:  0.00 367:  0.00 368:  0.00
 369:  0.00 370:  0.00 371:  0.00 372:  0.00 373:  0.00 374:  0.00 375:  0.00 376:  0.00
 377:  0.00 378:  0.00 379:  0.00 380:  0.00 381:  0.00 382:  0.00 383:  0.00 384:  0.00
 385:  0.00 386:  0.00 387:  0.00 388:  0.00 389:  0.00 390:  0.00 391:  0.00 392:  0.00
 393:  0.00 394:  0.00 395:  0.00 396:  0.00 397:  0.00 398:  0.00 399:  0.00 400:  0.00
 401:  0.00 402:  0.00 403:  0.00 404:  0.00 405:  0.00 406:  0.00 407:  0.00 408:  0.00
 409:  0.00 410:  0.00 411:  0.00 412:  0.00 413:  0.00 414:  0.00 415:  0.00 416:  0.00
 417:  0.00 418:  0.00 419:  0.00 420:  0.00 421:  0.00 422:  0.00 423:  0.00 424:  0.00
 425:  0.00 426:  0.00 427:  0.00 428:  0.00 429:  0.00 430:  0.00 431:  0.00 432:  0.00
 433:  0.00 434:  0.00 435:  0.00 436:  0.00 437:  0.00 438:  0.00 439:  0.00 440:  0.00
 441:  0.00 442:  0.00 443:  0.00 444:  0.00 445:  0.00 446:  0.00 447:  0.00 448:  0.00
 449:  0.00 450:  0.00 451:  0.00 452:  0.00 453:  0.00 454:  0.00 455:  0.00 456:  0.00
 457:  0.00 458:  0.00 459:  0.00 460:  0.00 461:  0.00 462:  0.00 463:  0.00 464:  0.00
 465:  0.00 466:  0.00 467:  0.00 468:  0.00 469:  0.00 470:  0.00 471:  0.00 472:  0.00
 473:  0.00 474:  0.00 475:  0.00 476:  0.00 477:  0.00 478:  0.00 479:  0.00 480:  0.00
 481:  0.00 482:  0.00 483:  0.00 484:  0.00 485:  0.00 486:  0.00 487:  0.00 488:  0.00
 489:  0.00 490:  0.00 491:  0.00 492:  0.00 493:  0.00 494:  0.00 495:  0.00 496:  0.00
 497:  0.00 498:  0.00 499:  0.00 500:  0.00 501:  0.00 502:  0.00 503:  0.00 504:  0.00
 505:  0.00 506:  0.00 507:  0.00 508:  0.00 509:  0.00 510:  0.00 511:  0.00 512:  0.00
 513:  0.00 514:  0.00 515:  0.00 516:  0.00 517:  0.00 518:  0.00 519:  0.00 520:  0.00
 521:  0.00 522:  0.00 523:  0.00 524:  0.00 525:  0.00 526:  0.00 527:  0.00 528:  0.00
 529:  0.00 530:  0.00 531:  0.00 532:  0.00 533:  0.00 534:  0.00 535:  0.00 536:  0.00
 537:  0.00 538:  0.00 539:  0.00 540:  0.00 541:  0.00 542:  0.00 543:  0.00 544:  0.00
 545:  0.00 546:  0.00 547:  0.00 548:  0.00 549:  0.00 550:  0.00 551:  0.00 552:  0.00
 553:  0.00 554:  0.00 555:  0.00 556:  0.00 557:  0.00 558:  0.00 559:  0.00 560:  0.00
 561:  0.00 562:  0.00 563:  0.00 564:  0.00 565:  0.00 566:  0.00 567:  0.00 568:  0.00
 569:  0.00 570:  0.00 571:  0.00 572:  0.00 573:  0.00 574:  0.00 575:  0.00 576:  0.00
 577:  0.00 578:  0.00 579:  0.00 580:  0.00 581:  0.00 582:  0.00 583:  0.00 584:  0.00
 585:  0.00 586:  0.00 587:  0.00 588:  0.00 589:  0.00 590:  0.00 591:  0.00 592:  0.00
 593:  0.00 594:  0.00 595:  0.00 596:  0.00 597:  0.00 598:  0.00 599:  0.00 600:  0.00
 601:  0.00 602:  0.00 603:  0.00 604:  0.00 605:  0.00 606:  0.00
 output can be read by thermo (or use thermo option).
 writing <g98.out> molden fake output.
 recommended (thermochemical) frequency scaling factor: 1.0
           -------------------------------------------------
          |             Thermodynamic Functions             |
           -------------------------------------------------
 symmetry recognition skipped because # atoms >         200

          ...................................................
          :                      SETUP                      :
          :.................................................:
          :  # frequencies                         600      :
          :  # imaginary freq.                       0      :
          :  linear?                             false      :
          :  only rotor calc.                    false      :
          :  symmetry                               C1      :
          :  rotational number                       1      :
          :  scaling factor                  1.0000000      :
          :  rotor cutoff                   50.0000000 cm⁻¹ :
          :  imag. cutoff                  -20.0000000 cm⁻¹ :
          :.................................................:

    mode    ω/cm⁻¹     T·S(HO)/kcal·mol⁻¹    T·S(FR)/kcal·mol⁻¹   T·S(vib)
   ------------------------------------------------------------------------
       1      5.48    -2.74459 (  0.01%)    -1.71139 ( 99.99%)    -1.71154
       2      6.01    -2.68987 (  0.02%)    -1.68403 ( 99.98%)    -1.68424
       3      6.36    -2.65613 (  0.03%)    -1.66716 ( 99.97%)    -1.66742
       4      7.30    -2.57503 (  0.05%)    -1.62661 ( 99.95%)    -1.62704
       5     12.13    -2.27390 (  0.35%)    -1.47602 ( 99.65%)    -1.47878
       6     13.23    -2.22274 (  0.49%)    -1.45043 ( 99.51%)    -1.45420
       7     13.66    -2.20362 (  0.55%)    -1.44087 ( 99.45%)    -1.44510
       8     15.38    -2.13343 (  0.89%)    -1.40576 ( 99.11%)    -1.41222
       9     16.98    -2.07477 (  1.31%)    -1.37641 ( 98.69%)    -1.38559
      10     18.53    -2.02313 (  1.85%)    -1.35058 ( 98.15%)    -1.36304
      11     19.09    -2.00559 (  2.08%)    -1.34180 ( 97.92%)    -1.35561
      12     20.00    -1.97788 (  2.50%)    -1.32794 ( 97.50%)    -1.34417
      13     26.43    -1.81296 (  7.24%)    -1.24540 ( 92.76%)    -1.28651
      14     26.91    -1.80230 (  7.74%)    -1.24006 ( 92.26%)    -1.28359
      15     27.52    -1.78905 (  8.41%)    -1.23342 ( 91.59%)    -1.28013
      16     28.87    -1.76077 ( 10.00%)    -1.21926 ( 90.00%)    -1.27342
      17     34.30    -1.65881 ( 18.13%)    -1.16818 ( 81.87%)    -1.25715
      18     34.43    -1.65657 ( 18.36%)    -1.16706 ( 81.64%)    -1.25693
      19     35.85    -1.63275 ( 20.90%)    -1.15512 ( 79.10%)    -1.25494
      20     37.13    -1.61194 ( 23.32%)    -1.14469 ( 76.68%)    -1.25367
      21     42.22    -1.53605 ( 33.71%)    -1.10663 ( 66.29%)    -1.25139
      22     44.64    -1.50323 ( 38.85%)    -1.09016 ( 61.15%)    -1.25062
      23     46.30    -1.48162 ( 42.38%)    -1.07931 ( 57.62%)    -1.24980
      24     49.73    -1.43946 ( 49.46%)    -1.05814 ( 50.54%)    -1.24676
      25     50.87    -1.42618 ( 51.72%)    -1.05146 ( 48.28%)    -1.24525
      26     51.73    -1.41630 ( 53.39%)    -1.04650 ( 46.61%)    -1.24393
      27     53.67    -1.39459 ( 57.03%)    -1.03558 ( 42.97%)    -1.24033
      28     54.71    -1.38326 ( 58.90%)    -1.02989 ( 41.10%)    -1.23804
      29     58.96    -1.33921 ( 65.91%)    -1.00772 ( 34.09%)    -1.22621
      30     60.26    -1.32633 ( 67.85%)    -1.00124 ( 32.15%)    -1.22181
      31     62.44    -1.30549 ( 70.86%)    -0.99074 ( 29.14%)    -1.21377
      32     66.48    -1.26866 ( 75.75%)    -0.97218 ( 24.25%)    -1.19677
      33     75.51    -1.19387 ( 83.88%)    -0.93442 ( 16.12%)    -1.15204
      34     77.02    -1.18232 ( 84.92%)    -0.92858 ( 15.08%)    -1.14404
      35     78.63    -1.17018 ( 85.95%)    -0.92244 ( 14.05%)    -1.13536
      36     80.41    -1.15705 ( 87.00%)    -0.91579 ( 13.00%)    -1.12568
      37     85.43    -1.12167 ( 89.50%)    -0.89786 ( 10.50%)    -1.09817
      38     86.85    -1.11204 ( 90.10%)    -0.89298 (  9.90%)    -1.09036
      39     87.25    -1.10937 ( 90.26%)    -0.89162 (  9.74%)    -1.08817
      40     92.78    -1.07351 ( 92.22%)    -0.87341 (  7.78%)    -1.05794
      41     93.64    -1.06812 ( 92.48%)    -0.87067 (  7.52%)    -1.05328
      42     94.46    -1.06303 ( 92.72%)    -0.86808 (  7.28%)    -1.04885
      43     95.14    -1.05891 ( 92.91%)    -0.86598 (  7.09%)    -1.04523
      44     99.87    -1.03066 ( 94.09%)    -0.85160 (  5.91%)    -1.02008
      45    103.05    -1.01243 ( 94.75%)    -0.84230 (  5.25%)    -1.00350
      46    111.16    -0.96856 ( 96.07%)    -0.81987 (  3.93%)    -0.96271
      47    112.21    -0.96310 ( 96.21%)    -0.81708 (  3.79%)    -0.95757
      48    112.76    -0.96032 ( 96.28%)    -0.81565 (  3.72%)    -0.95493
      49    117.35    -0.93723 ( 96.81%)    -0.80380 (  3.19%)    -0.93297
      50    127.16    -0.89103 ( 97.67%)    -0.78003 (  2.33%)    -0.88844
      51    128.79    -0.88374 ( 97.78%)    -0.77626 (  2.22%)    -0.88135
      52    129.24    -0.88174 ( 97.81%)    -0.77523 (  2.19%)    -0.87941
      53    129.35    -0.88122 ( 97.82%)    -0.77497 (  2.18%)    -0.87890
      54    131.33    -0.87251 ( 97.94%)    -0.77046 (  2.06%)    -0.87041
      55    134.91    -0.85711 ( 98.15%)    -0.76249 (  1.85%)    -0.85536
      56    135.15    -0.85611 ( 98.16%)    -0.76198 (  1.84%)    -0.85438
      57    137.72    -0.84533 ( 98.29%)    -0.75639 (  1.71%)    -0.84381
      58    148.63    -0.80193 ( 98.74%)    -0.73381 (  1.26%)    -0.80106
      59    157.49    -0.76916 ( 98.99%)    -0.71667 (  1.01%)    -0.76863
      60    159.90    -0.76058 ( 99.05%)    -0.71216 (  0.95%)    -0.76012
      61    160.43    -0.75869 ( 99.07%)    -0.71117 (  0.93%)    -0.75825
      62    161.43    -0.75522 ( 99.09%)    -0.70935 (  0.91%)    -0.75480
      63    164.70    -0.74391 ( 99.16%)    -0.70339 (  0.84%)    -0.74357
      64    165.38    -0.74161 ( 99.17%)    -0.70218 (  0.83%)    -0.74128
      65    166.48    -0.73786 ( 99.19%)    -0.70021 (  0.81%)    -0.73756
      66    169.41    -0.72808 ( 99.25%)    -0.69504 (  0.75%)    -0.72783
      67    170.08    -0.72588 ( 99.26%)    -0.69388 (  0.74%)    -0.72565
      68    171.29    -0.72190 ( 99.28%)    -0.69178 (  0.72%)    -0.72169
      69    172.21    -0.71891 ( 99.29%)    -0.69019 (  0.71%)    -0.71871
      70    176.37    -0.70557 ( 99.36%)    -0.68312 (  0.64%)    -0.70543
      71    181.46    -0.68974 ( 99.43%)    -0.67470 (  0.57%)    -0.68965
      72    184.95    -0.67913 ( 99.47%)    -0.66904 (  0.53%)    -0.67908
      73    186.09    -0.67573 ( 99.48%)    -0.66722 (  0.52%)    -0.67569
      74    195.45    -0.64863 ( 99.57%)    -0.65269 (  0.43%)    -0.64865
      75    198.94    -0.63889 ( 99.60%)    -0.64744 (  0.40%)    -0.63892
      76    206.26    -0.61912 ( 99.66%)    -0.63674 (  0.34%)    -0.61918
      77    207.72    -0.61527 ( 99.67%)    -0.63465 (  0.33%)    -0.61533
      78    214.88    -0.59685 ( 99.71%)    -0.62462 (  0.29%)    -0.59693
      79    216.03    -0.59396 ( 99.71%)    -0.62304 (  0.29%)    -0.59404
      80    216.67    -0.59234 ( 99.72%)    -0.62215 (  0.28%)    -0.59242
      81    217.68    -0.58984 ( 99.72%)    -0.62078 (  0.28%)    -0.58993
      82    217.98    -0.58908 ( 99.72%)    -0.62036 (  0.28%)    -0.58916
      83    229.21    -0.56204 ( 99.77%)    -0.60548 (  0.23%)    -0.56214
      84    229.52    -0.56132 ( 99.78%)    -0.60508 (  0.22%)    -0.56141
      85    240.96    -0.53542 ( 99.81%)    -0.59068 (  0.19%)    -0.53552
      86    242.32    -0.53243 ( 99.82%)    -0.58901 (  0.18%)    -0.53253
      87    248.56    -0.51902 ( 99.84%)    -0.58148 (  0.16%)    -0.51912
      88    249.17    -0.51772 ( 99.84%)    -0.58075 (  0.16%)    -0.51782
      89    249.35    -0.51734 ( 99.84%)    -0.58054 (  0.16%)    -0.51744
      90    250.68    -0.51454 ( 99.84%)    -0.57896 (  0.16%)    -0.51464
      91    252.54    -0.51068 ( 99.85%)    -0.57678 (  0.15%)    -0.51078
      92    259.38    -0.49671 ( 99.86%)    -0.56886 (  0.14%)    -0.49681
      93    259.90    -0.49566 ( 99.86%)    -0.56826 (  0.14%)    -0.49576
      94    264.84    -0.48587 ( 99.87%)    -0.56268 (  0.13%)    -0.48597
      95    265.36    -0.48485 ( 99.87%)    -0.56210 (  0.13%)    -0.48495
      96    270.04    -0.47582 ( 99.88%)    -0.55692 (  0.12%)    -0.47592
      97    270.76    -0.47447 ( 99.88%)    -0.55614 (  0.12%)    -0.47456
      98    272.40    -0.47136 ( 99.89%)    -0.55435 (  0.11%)    -0.47145
      99    273.89    -0.46855 ( 99.89%)    -0.55273 (  0.11%)    -0.46864
     100    274.65    -0.46714 ( 99.89%)    -0.55191 (  0.11%)    -0.46723
   ------------------------------------------------------------------------

   temp. (K)  partition function   enthalpy   heat capacity  entropy
                                   cal/mol     cal/K/mol   cal/K/mol   J/K/mol
 298.15  VIB  0.278E+56            68220.974    439.540    430.347
         ROT  0.131E+10              888.752      2.981     44.699
         INT  0.364E+65            69109.727    442.521    475.046
         TR   0.795E+29             1481.254      4.968     48.458
         TOT                       70590.9806   447.4892   523.5039  2190.3403

       T/K    H(0)-H(T)+PV         H(T)/Eh          T*S/Eh         G(T)/Eh
   ------------------------------------------------------------------------
    298.15    0.112494E+00    0.158976E+01    0.248734E+00    0.134103E+01
   ------------------------------------------------------------------------

         :::::::::::::::::::::::::::::::::::::::::::::::::::::
         ::                  THERMODYNAMIC                  ::
         :::::::::::::::::::::::::::::::::::::::::::::::::::::
         :: total free energy        -333.243446313373 Eh   ::
         ::.................................................::
         :: total energy             -334.584476049471 Eh   ::
         :: zero point energy           1.477269443586 Eh   ::
         :: G(RRHO) w/o ZPVE           -0.136239707489 Eh   ::
         :: G(RRHO) contrib.            1.341029736097 Eh   ::
         :::::::::::::::::::::::::::::::::::::::::::::::::::::

           -------------------------------------------------
          | TOTAL ENERGY             -334.584476049471 Eh   |
          | TOTAL ENTHALPY           -332.994712717781 Eh   |
          | TOTAL FREE ENERGY        -333.243446313373 Eh   |
          | GRADIENT NORM               0.000760428663 Eh/α |
          | HOMO-LUMO GAP               1.470791106945 eV   |
           -------------------------------------------------

------------------------------------------------------------------------
 * finished run on 2021/06/22 at 03:18:44.165     
------------------------------------------------------------------------
 total:
 * wall-time:     0 d,  0 h, 24 min, 18.628 sec
 *  cpu-time:     0 d,  1 h, 37 min,  0.692 sec
 * ratio c/w:     3.991 speedup
 SCF:
 * wall-time:     0 d,  0 h,  0 min,  3.430 sec
 *  cpu-time:     0 d,  0 h,  0 min, 11.415 sec
 * ratio c/w:     3.328 speedup
 numerical hessian:
 * wall-time:     0 d,  0 h, 24 min, 12.598 sec
 *  cpu-time:     0 d,  1 h, 36 min, 46.601 sec
 * ratio c/w:     3.997 speedup

