      -----------------------------------------------------------      
     |                   =====================                   |     
     |                           x T B                           |     
     |                   =====================                   |     
     |                         S. Grimme                         |     
     |          Mulliken Center for Theoretical Chemistry        |     
     |                    University of Bonn                     |     
     |                Version 6.2 RC2 (SAW190805)                |     
      -----------------------------------------------------------      

   This program is distributed in the hope that it will be useful,
   but WITHOUT ANY WARRANTY; without even the implied warranty of
   MERCHANTABILITY or FITNESS FOR A PARTICULAR PURPOSE.
   
   FOR NON-COMMERCIAL, ACADEMIA USE ONLY.
   
   Cite this work as:
   * S. Grimme, C. Bannwarth, P. Shushkov, J. Chem. Theory Comput., 2017,
     13, 1989-2009. DOI: 10.1021/acs.jctc.7b00118
   * C. Bannwarth, S. Ehlert and S. Grimme., J. Chem. Theory Comput., 2019,
     15, 1652-1671. DOI: 10.1021/acs.jctc.8b01176
   * P. Pracht, E. Caldeweyher, S. Ehlert, S. Grimme, ChemRxiv, 2019, preprint.
     DOI: 10.26434/chemrxiv.8326202.v1
   
   for DFT-D4:
   * E. Caldeweyher, C. Bannwarth and S. Grimme, J. Chem. Phys., 2017,
     147, 034112. DOI: 10.1063/1.4993215
   * E. Caldeweyher, S. Ehlert, A. Hansen, H. Neugebauer, S. Spicher,
     C. Bannwarth and S. Grimme, J. Chem. Phys., 2019, 150, 154122.
     DOI: 10.1063/1.5090222
   
   for sTDA-xTB:
   * S. Grimme and C. Bannwarth, J. Chem. Phys., 2016, 145, 054103.
     DOI: 10.1063/1.4959605
   
   in the mass-spec context:
   * V. Asgeirsson, C. Bauer and S. Grimme, Chem. Sci., 2017, 8, 4879.
     DOI: 10.1039/c7sc00601b
   
   for metadynamics refer to:
   * S. Grimme, J. Chem. Theory Comput., 2019, 155, 2847-2862
     DOI: 10.1021/acs.jctc.9b00143
   
   with help from (in alphabetical order)
   C. Bannwarth, F. Bohle, G. Brandenburg, E. Caldeweyher, M. Checinski,
   S. Dohm, S. Ehlert, S. Ehrlich, F. März, H. Neugebauer, J. Pisarek,
   P. Pracht, P. Shushkov, and S. Spicher.
   
 * started run on 2021/06/21 at 20:53:04.954     

           -------------------------------------------------
          |                Calculation Setup                |
           -------------------------------------------------

          program call               : /home/atarzia/software/xtb-190806/bin/xtb /data/atarzia/projects/unsymm/screening/production/free_energy_calculations/fe_4b3_a/input_structure.xyz --gfn 2 --hess --parallel 6 --etemp 300 --gbsa dmso --chrg 4 --uhf 0 -I det_control.in
          coordinate file            : /data/atarzia/projects/unsymm/screening/production/free_energy_calculations/fe_4b3_a/input_structure.xyz
          omp threads                :                     6
          number of atoms            :                   162
          number of electrons        :                   496
          charge                     :                     4
          spin                       :                   0.0
          first test random number   :      0.90973102270026


########################################################################
# WARNING! Please study the warnings concerning your input carefully
#  - XTBHOME is not set, using HOME instead
#  - XTBPATH is not set, using XTBHOME instead
#  - Process number higher than OMP_NUM_THREADS, I hope you know what you are doing.
########################################################################

           ------------------------------------------------- 
          |                 G F N 2 - x T B                 |
          | Geometry, Frequencies, Noncovalent interactions |
          |            JCTC 2019 parametrisation            |
           ------------------------------------------------- 
             k(s)              :                1.8500
             k(p)              :                2.2300
             k(d)              :                2.2300
             k(f)              :                2.0000
             kEN (H0ij)        :               -2.0000
             D4 a1             :                0.5200
             D4 a2             :                5.0000
             D4 s6             :                1.0000
             D4 s8             :                2.7000
             D4 s9             :                5.0000
             alphaj            :                2.0000

  Z AO/shell   Hii/eV     exponent
  1     Wed Apr 25 08:07:45 CEST 2018   EN: 2.200 GM2: 0.406  GM3: 0.0800  RAES: 1.40
     1s    -10.707211    1.230000
  6     Wed Apr 25 08:07:45 CEST 2018   EN: 2.550 GM2: 0.538  GM3: 0.1500  RAES: 3.00
     2s    -13.970922    2.096432
     2p    -10.063292    1.800000
  7     Wed Apr 25 08:07:45 CEST 2018   EN: 3.040 GM2: 0.461  GM3:-0.0640  RAES: 1.90
     2s    -16.686243    2.339881
     2p    -12.523956    2.014332
 46     Wed Apr 25 16:26:58 CEST 2018   EN: 2.200 GM2: 0.273  GM3: 0.0800  RAES: 5.00
     4d    -11.963518    2.353691
     5s     -9.714059    1.828354
     5p     -2.035281    1.333352

 Solvent             : dmso
 Using internal parameter file: .param_gbsa2_dmso
 Gsolv ref. state (COSMO-RS): gsolv [1 M gas/solution]
 temperature (mdtemp)       :    298.150000000000     
 dielectric constant        :    46.6800000000000     
 rho                        :    1.10000000000000     
 mass                       :    78.1300000000000     
 surface tension            :    15.5689454083859     
 probe radius               :   0.949087640000000     
 vdW radii scaling          :    1.00000000000000     
 Gshift (Eh)                :   5.161738145414381E-003
 c1                         :    1.63948621000000     
 soset                      :   1.179665000000000E-002
 HB correction              :  T
           ------------------------------------------------- 
          |        Self-Consistent Charge Iterations        |
           ------------------------------------------------- 

          ...................................................
          :                      SETUP                      :
          :.................................................:
          :  # basis functions                 492          :
          :  # atomic orbitals                 490          :
          :  # shells                          270          :
          :  # electrons                       496          :
          :  max. iterations                   250          :
          :  Hamiltonian                  GFN2-xTB          :
          :  restarted?                      false          :
          :  GBSA solvation                   true          :
          :  PC potential                    false          :
          :  electronic temp.          300.0000000     K    :
          :  accuracy                    1.0000000          :
          :  -> integral cutoff          0.2500000E+02      :
          :  -> integral neglect         0.1000000E-07      :
          :  -> SCF convergence          0.1000000E-05 Eh   :
          :  -> wf. convergence          0.1000000E-03 e    :
          :  Broyden damping             0.4000000          :
          ...................................................

 iter      E             dE          RMSdq      gap      omega  full diag
   1   -269.6309770 -0.269631E+03  0.633E+00    2.30       0.0  T
   2   -270.0133618 -0.382385E+00  0.413E+00    1.59       1.0  T
   3   -269.6820211  0.331341E+00  0.221E+00    1.57       1.0  T
   4   -270.1797454 -0.497724E+00  0.941E-01    1.93       1.0  T
   5   -270.2591757 -0.794303E-01  0.405E-01    1.92       1.0  T
   6   -270.2780097 -0.188340E-01  0.181E-01    1.94       1.0  T
   7   -270.2805191 -0.250938E-02  0.800E-02    1.95       1.0  T
   8   -270.2805891 -0.700631E-04  0.338E-02    1.95       1.0  T
   9   -270.2806729 -0.838091E-04  0.114E-02    1.95       1.0  T
  10   -270.2806795 -0.658646E-05  0.492E-03    1.95       1.6  T
  11   -270.2806808 -0.125027E-05  0.268E-03    1.95       2.9  T
  12   -270.2806811 -0.299030E-06  0.108E-03    1.95       7.2  T
  13   -270.2806811 -0.670841E-07  0.535E-04    1.95      14.7  T
  14   -270.2806811 -0.827691E-08  0.358E-04    1.95      22.0  T

   *** convergence criteria satisfied after 14 iterations ***

         #    Occupation            Energy/Eh            Energy/eV
      -------------------------------------------------------------
         1        2.0000           -0.7336571             -19.9638
       ...           ...                  ...                  ...
       242        2.0000           -0.4189583             -11.4004
       243        2.0000           -0.4178677             -11.3708
       244        2.0000           -0.4163336             -11.3290
       245        2.0000           -0.3946857             -10.7399
       246        2.0000           -0.3946794             -10.7398
       247        2.0000           -0.3945063             -10.7351
       248        2.0000           -0.3941046             -10.7241 (HOMO)
       249                         -0.3223838              -8.7725 (LUMO)
       250                         -0.3223547              -8.7717
       251                         -0.3209871              -8.7345
       252                         -0.3194256              -8.6920
       253                         -0.3112514              -8.4696
       ...                                ...                  ...
       490                          1.3947605              37.9534
      -------------------------------------------------------------
                  HL-Gap            0.0717208 Eh            1.9516 eV
             Fermi-level           -0.3582442 Eh           -9.7483 eV

 SCC (total)                   0 d,  0 h,  0 min,  2.122 sec
 SCC setup                      ...        0 min,  0.127 sec (  6.004%)
 Dispersion                     ...        0 min,  0.032 sec (  1.506%)
 integral evaluation            ...        0 min,  0.316 sec ( 14.878%)
 zeroth order Hamiltonian       ...        0 min,  0.004 sec (  0.211%)
 iterations                     ...        0 min,  1.331 sec ( 62.712%)
 molecular gradient             ...        0 min,  0.297 sec ( 14.006%)
 printout                       ...        0 min,  0.014 sec (  0.679%)

         :::::::::::::::::::::::::::::::::::::::::::::::::::::
         ::                     SUMMARY                     ::
         :::::::::::::::::::::::::::::::::::::::::::::::::::::
         :: total energy            -265.157930665050 Eh    ::
         :: total w/o Gsasa/hb      -265.030228740861 Eh    ::
         :: gradient norm              0.000684902723 Eh/a0 ::
         :: HOMO-LUMO gap              1.951622473462 eV    ::
         ::.................................................::
         :: SCC energy              -270.393939533718 Eh    ::
         :: -> isotropic ES            0.587963447726 Eh    ::
         :: -> anisotropic ES         -0.078919832736 Eh    ::
         :: -> anisotropic XC          0.195142452989 Eh    ::
         :: -> dispersion             -0.232486015574 Eh    ::
         :: -> Gsolv                  -0.628271808057 Eh    ::
         ::    -> Gborn               -0.500569883868 Eh    ::
         ::    -> Gsasa               -0.118420126616 Eh    ::
         ::    -> Ghb                 -0.014443535718 Eh    ::
         ::    -> Gshift               0.005161738145 Eh    ::
         :: repulsion energy           5.230552185945 Eh    ::
         :: add. restraining           0.000000000000 Eh    ::
         :::::::::::::::::::::::::::::::::::::::::::::::::::::

           ------------------------------------------------- 
          |                Numerical Hessian                |
           ------------------------------------------------- 
step length          :   0.00500
SCC accuracy         :   0.30000
Hessian scale factor :   1.00000
frozen atoms in %    :   0.00000    0
RMS gradient         :   0.00068
estimated CPU  time     97.50 min
estimated wall time     27.19 min

writing file <hessian>.

 projected vibrational frequencies (cm-1)
eigval :       -0.00    -0.00    -0.00    -0.00     0.00     0.00
eigval :        4.46     6.33     8.49     9.38    13.95    15.72
eigval :       16.26    18.85    18.98    19.74    23.82    24.61
eigval :       27.13    27.65    28.60    30.41    33.03    33.49
eigval :       39.08    40.00    46.10    46.87    48.53    48.82
eigval :       57.00    59.28    59.29    64.39    68.23    78.21
eigval :       78.26    80.55    87.59    91.52    91.55    93.07
eigval :       95.85   112.27   112.39   115.18   117.37   118.26
eigval :      118.39   118.50   131.36   138.60   139.07   142.21
eigval :      142.30   150.41   150.45   152.95   153.01   158.31
eigval :      158.36   159.85   162.46   168.53   170.46   174.22
eigval :      174.28   181.85   181.97   182.37   183.53   186.49
eigval :      196.88   197.12   202.09   222.79   224.45   245.32
eigval :      245.35   246.64   257.63   262.61   263.56   263.59
eigval :      275.91   275.98   294.68   297.43   297.46   303.48
eigval :      304.78   306.88   306.97   307.00   326.54   329.45
eigval :      329.78   330.32   351.76   351.78   358.43   360.31
eigval :      361.93   362.18   362.34   362.59   370.45   393.87
eigval :      395.38   395.41   395.55   396.63   402.89   402.93
eigval :      433.37   433.42   433.51   433.63   437.92   438.42
eigval :      438.48   438.54   438.65   448.35   452.44   452.45
eigval :      456.43   456.44   458.68   461.47   472.96   474.66
eigval :      474.66   475.99   477.87   478.22   478.22   479.38
eigval :      486.72   488.47   489.25   489.27   500.46   506.71
eigval :      508.65   508.67   512.72   514.13   516.99   517.02
eigval :      517.34   519.10   523.25   523.28   532.54   536.18
eigval :      536.29   537.07   564.14   567.96   569.69   569.72
eigval :      611.13   611.45   611.47   611.84   615.78   618.09
eigval :      621.02   621.47   621.47   625.16   626.61   626.66
eigval :      629.45   631.64   633.90   633.93   660.42   671.19
eigval :      671.23   673.64   676.39   676.48   676.51   676.83
eigval :      712.57   714.61   715.00   715.01   724.80   725.61
eigval :      725.64   725.86   769.83   775.12   777.81   777.95
eigval :      778.28   778.39   780.06   783.05   794.95   798.63
eigval :      799.89   799.93   801.74   803.91   803.94   804.26
eigval :      810.33   810.71   811.13   811.81   825.06   830.26
eigval :      830.39   834.71   835.71   853.17   853.43   856.49
eigval :      857.02   857.31   858.35   861.73   865.63   865.72
eigval :      867.38   870.10   870.24   872.90   874.80   874.81
eigval :      890.83   892.78   892.95   893.96   894.12   894.24
eigval :      894.25   895.46   896.27   898.30   898.40   898.43
eigval :      901.72   903.25   903.34   905.36   905.76   906.40
eigval :      906.59   907.73   922.00   922.40   922.71   922.78
eigval :      930.62   930.78   930.85   930.98   934.31   934.55
eigval :      934.85   934.88   993.54   998.69   998.70   999.48
eigval :     1007.26  1008.97  1008.99  1011.52  1047.44  1048.57
eigval :     1049.67  1049.72  1067.90  1067.96  1068.69  1068.77
eigval :     1085.51  1087.59  1087.69  1092.08  1112.07  1112.29
eigval :     1112.37  1112.54  1113.89  1115.60  1115.65  1117.88
eigval :     1127.39  1127.69  1127.72  1128.23  1156.68  1157.87
eigval :     1160.39  1160.40  1162.63  1164.01  1164.06  1167.95
eigval :     1168.83  1168.90  1170.85  1171.54  1171.82  1171.96
eigval :     1173.21  1175.09  1185.75  1187.45  1187.48  1190.67
eigval :     1197.70  1199.52  1199.54  1202.37  1214.08  1215.72
eigval :     1215.74  1218.62  1219.48  1219.50  1220.09  1222.69
eigval :     1226.61  1233.37  1233.40  1248.31  1253.68  1253.77
eigval :     1253.83  1254.19  1287.19  1287.89  1287.91  1291.65
eigval :     1293.83  1293.92  1295.32  1297.84  1305.08  1305.18
eigval :     1305.40  1305.59  1309.50  1309.55  1310.64  1312.06
eigval :     1330.57  1330.87  1330.88  1331.92  1358.04  1358.08
eigval :     1358.70  1360.68  1368.45  1368.47  1369.44  1371.51
eigval :     1374.59  1375.40  1375.41  1376.35  1393.45  1393.63
eigval :     1393.71  1393.88  1397.36  1398.91  1398.92  1400.34
eigval :     1422.95  1423.19  1423.20  1424.23  1444.14  1444.20
eigval :     1444.40  1445.76  1468.22  1468.23  1468.77  1469.19
eigval :     1486.84  1486.87  1487.26  1487.33  1524.19  1525.58
eigval :     1525.62  1525.72  1526.28  1526.68  1527.00  1527.02
eigval :     1528.23  1528.54  1529.47  1529.52  1546.05  1546.06
eigval :     1546.83  1547.42  1557.72  1557.86  1557.95  1558.07
eigval :     1570.08  1570.57  1571.61  1571.73  1576.47  1576.52
eigval :     1576.61  1576.69  2290.73  2291.05  2291.14  2291.32
eigval :     2299.65  2299.76  2299.95  2300.67  2950.53  2952.84
eigval :     2953.34  2962.22  2967.82  2968.71  2969.05  2974.51
eigval :     3017.66  3018.72  3018.79  3020.38  3024.29  3025.60
eigval :     3025.82  3028.33  3090.16  3090.22  3090.23  3090.36
eigval :     3094.73  3094.77  3094.78  3095.36  3101.46  3101.54
eigval :     3101.57  3101.73  3103.82  3104.05  3104.13  3104.50
eigval :     3104.59  3104.77  3104.83  3105.18  3106.72  3106.81
eigval :     3107.29  3107.45  3109.77  3109.83  3109.95  3110.34
eigval :     3111.51  3111.65  3111.97  3112.54  3115.04  3115.42
eigval :     3115.68  3115.82  3118.08  3118.58  3119.04  3119.34
           -------------------------------------------------
          |                Property Printout                |
           -------------------------------------------------

    * Orbital Energies and Occupations

         #    Occupation            Energy/Eh            Energy/eV
      -------------------------------------------------------------
         1        2.0000           -0.7336552             -19.9638
       ...           ...                  ...                  ...
       236        2.0000           -0.4245386             -11.5523
       237        2.0000           -0.4243390             -11.5469
       238        2.0000           -0.4243232             -11.5464
       239        2.0000           -0.4220643             -11.4850
       240        2.0000           -0.4209681             -11.4551
       241        2.0000           -0.4190214             -11.4022
       242        2.0000           -0.4189557             -11.4004
       243        2.0000           -0.4178654             -11.3707
       244        2.0000           -0.4163312             -11.3289
       245        2.0000           -0.3946828             -10.7399
       246        2.0000           -0.3946764             -10.7397
       247        2.0000           -0.3945033             -10.7350
       248        2.0000           -0.3941016             -10.7241 (HOMO)
       249                         -0.3223811              -8.7724 (LUMO)
       250                         -0.3223520              -8.7716
       251                         -0.3209844              -8.7344
       252                         -0.3194230              -8.6919
       253                         -0.3112494              -8.4695
       254                         -0.3112415              -8.4693
       255                         -0.3079007              -8.3784
       256                         -0.3061575              -8.3310
       257                         -0.3000535              -8.1649
       258                         -0.3000020              -8.1635
       259                         -0.2999133              -8.1611
       ...                                ...                  ...
       490                          1.3947631              37.9534
      -------------------------------------------------------------
                  HL-Gap            0.0717205 Eh            1.9516 eV
             Fermi-level           -0.3582414 Eh           -9.7482 eV

     #   Z        covCN         q      C6AA      α(0)
     1  46 Pd     3.506    -0.086   274.444    34.165
     2  46 Pd     3.535    -0.092   274.719    34.182
     3   6 C      1.983    -0.018    31.544     9.070
     4   6 C      1.984    -0.035    31.992     9.134
     5   6 C      2.964     0.044    27.006     8.524
     6   6 C      2.932    -0.022    28.565     8.765
     7   6 C      2.913    -0.016    28.412     8.741
     8   6 C      2.916    -0.031    28.778     8.797
     9   6 C      2.991     0.026    27.413     8.589
    10   6 C      2.912    -0.033    28.829     8.804
    11   6 C      2.924     0.042    27.051     8.529
    12   7 N      2.658    -0.097    23.146     7.145
    13   6 C      2.884     0.061    26.626     8.460
    14   6 C      2.982    -0.004    28.111     8.697
    15   1 H      0.926     0.065     2.138     2.286
    16   1 H      0.926     0.060     2.202     2.321
    17   1 H      0.926     0.065     2.145     2.290
    18   1 H      0.926     0.091     1.874     2.141
    19   1 H      0.925     0.113     1.671     2.022
    20   1 H      0.925     0.129     1.546     1.944
    21   6 C      2.971     0.040    27.105     8.540
    22   6 C      2.922    -0.034    28.846     8.808
    23   6 C      2.927    -0.033    28.832     8.806
    24   6 C      2.971     0.036    27.184     8.552
    25   6 C      2.922    -0.025    28.631     8.775
    26   6 C      2.928    -0.026    28.647     8.778
    27   1 H      0.926     0.075     2.031     2.229
    28   1 H      0.926     0.071     2.078     2.254
    29   1 H      0.926     0.047     2.358     2.401
    30   1 H      0.926     0.045     2.389     2.417
    31   6 C      1.983    -0.008    31.274     9.031
    32   6 C      1.983    -0.037    32.050     9.142
    33   6 C      2.965     0.049    26.909     8.509
    34   6 C      2.925    -0.005    28.156     8.702
    35   6 C      2.913    -0.028    28.703     8.785
    36   6 C      2.893     0.053    26.799     8.488
    37   7 N      2.664    -0.088    22.970     7.118
    38   6 C      2.946     0.044    27.006     8.523
    39   1 H      0.926     0.090     1.880     2.144
    40   1 H      0.926     0.094     1.841     2.122
    41   1 H      0.925     0.126     1.567     1.957
    42   1 H      0.924     0.122     1.598     1.977
    43   6 C      1.983    -0.018    31.545     9.070
    44   6 C      1.984    -0.035    31.992     9.134
    45   6 C      2.964     0.044    27.007     8.524
    46   6 C      2.932    -0.022    28.565     8.765
    47   6 C      2.913    -0.016    28.413     8.741
    48   6 C      2.916    -0.031    28.778     8.797
    49   6 C      2.991     0.026    27.413     8.589
    50   6 C      2.912    -0.033    28.829     8.804
    51   6 C      2.924     0.042    27.053     8.530
    52   7 N      2.658    -0.096    23.122     7.142
    53   6 C      2.884     0.061    26.628     8.460
    54   6 C      2.982    -0.004    28.109     8.697
    55   1 H      0.926     0.065     2.139     2.287
    56   1 H      0.926     0.060     2.203     2.321
    57   1 H      0.926     0.065     2.146     2.291
    58   1 H      0.926     0.090     1.875     2.141
    59   1 H      0.925     0.113     1.670     2.021
    60   1 H      0.925     0.129     1.545     1.943
    61   6 C      2.971     0.040    27.106     8.540
    62   6 C      2.928    -0.026    28.647     8.778
    63   6 C      2.922    -0.025    28.632     8.775
    64   6 C      2.971     0.036    27.185     8.552
    65   6 C      2.927    -0.033    28.832     8.806
    66   6 C      2.922    -0.034    28.846     8.808
    67   1 H      0.926     0.045     2.390     2.417
    68   1 H      0.926     0.047     2.359     2.402
    69   1 H      0.926     0.071     2.078     2.254
    70   1 H      0.926     0.075     2.030     2.228
    71   6 C      1.983    -0.008    31.276     9.031
    72   6 C      1.983    -0.037    32.051     9.143
    73   6 C      2.965     0.049    26.908     8.509
    74   6 C      2.925    -0.005    28.156     8.702
    75   6 C      2.913    -0.028    28.704     8.785
    76   6 C      2.893     0.053    26.802     8.488
    77   7 N      2.664    -0.087    22.952     7.115
    78   6 C      2.946     0.044    27.006     8.523
    79   1 H      0.926     0.090     1.880     2.144
    80   1 H      0.926     0.094     1.842     2.122
    81   1 H      0.925     0.126     1.567     1.957
    82   1 H      0.924     0.122     1.598     1.977
    83   6 C      1.983    -0.018    31.544     9.070
    84   6 C      1.984    -0.035    31.993     9.134
    85   6 C      2.964     0.044    27.006     8.524
    86   6 C      2.932    -0.022    28.565     8.765
    87   6 C      2.913    -0.016    28.413     8.741
    88   6 C      2.916    -0.031    28.778     8.797
    89   6 C      2.991     0.026    27.413     8.589
    90   6 C      2.912    -0.033    28.828     8.804
    91   6 C      2.924     0.042    27.052     8.529
    92   7 N      2.658    -0.096    23.127     7.142
    93   6 C      2.884     0.061    26.628     8.460
    94   6 C      2.982    -0.004    28.109     8.697
    95   1 H      0.926     0.065     2.138     2.286
    96   1 H      0.926     0.060     2.202     2.321
    97   1 H      0.926     0.065     2.146     2.291
    98   1 H      0.926     0.090     1.875     2.141
    99   1 H      0.925     0.113     1.671     2.022
   100   1 H      0.925     0.129     1.544     1.943
   101   6 C      2.971     0.040    27.108     8.540
   102   6 C      2.922    -0.034    28.844     8.807
   103   6 C      2.927    -0.033    28.831     8.806
   104   6 C      2.971     0.036    27.186     8.553
   105   6 C      2.922    -0.025    28.635     8.775
   106   6 C      2.928    -0.026    28.650     8.778
   107   1 H      0.926     0.075     2.033     2.229
   108   1 H      0.926     0.070     2.080     2.256
   109   1 H      0.926     0.047     2.357     2.401
   110   1 H      0.926     0.045     2.387     2.416
   111   6 C      1.983    -0.008    31.275     9.031
   112   6 C      1.983    -0.037    32.050     9.143
   113   6 C      2.965     0.049    26.907     8.508
   114   6 C      2.925    -0.005    28.156     8.702
   115   6 C      2.913    -0.028    28.703     8.785
   116   6 C      2.893     0.053    26.801     8.488
   117   7 N      2.664    -0.087    22.952     7.115
   118   6 C      2.946     0.044    27.007     8.523
   119   1 H      0.926     0.090     1.880     2.144
   120   1 H      0.926     0.094     1.842     2.122
   121   1 H      0.925     0.126     1.566     1.957
   122   1 H      0.924     0.122     1.597     1.976
   123   6 C      1.983    -0.018    31.543     9.070
   124   6 C      1.984    -0.035    31.993     9.134
   125   6 C      2.964     0.044    27.006     8.524
   126   6 C      2.932    -0.022    28.565     8.765
   127   6 C      2.913    -0.016    28.412     8.741
   128   6 C      2.916    -0.031    28.778     8.797
   129   6 C      2.991     0.026    27.413     8.589
   130   6 C      2.912    -0.033    28.828     8.804
   131   6 C      2.924     0.042    27.051     8.529
   132   7 N      2.658    -0.097    23.151     7.146
   133   6 C      2.884     0.061    26.625     8.459
   134   6 C      2.982    -0.004    28.111     8.697
   135   1 H      0.926     0.065     2.137     2.286
   136   1 H      0.926     0.060     2.202     2.320
   137   1 H      0.926     0.065     2.145     2.290
   138   1 H      0.926     0.091     1.874     2.141
   139   1 H      0.925     0.113     1.672     2.022
   140   1 H      0.925     0.129     1.544     1.943
   141   6 C      2.971     0.040    27.108     8.540
   142   6 C      2.922    -0.034    28.843     8.807
   143   6 C      2.927    -0.033    28.830     8.805
   144   6 C      2.971     0.036    27.186     8.553
   145   6 C      2.922    -0.025    28.636     8.775
   146   6 C      2.928    -0.026    28.650     8.778
   147   1 H      0.926     0.075     2.035     2.231
   148   1 H      0.926     0.070     2.083     2.257
   149   1 H      0.926     0.047     2.355     2.400
   150   1 H      0.926     0.045     2.385     2.415
   151   6 C      1.983    -0.008    31.272     9.031
   152   6 C      1.983    -0.037    32.049     9.142
   153   6 C      2.965     0.049    26.908     8.508
   154   6 C      2.925    -0.005    28.155     8.702
   155   6 C      2.913    -0.028    28.703     8.785
   156   6 C      2.893     0.053    26.799     8.488
   157   7 N      2.664    -0.088    22.969     7.118
   158   6 C      2.946     0.044    27.007     8.523
   159   1 H      0.926     0.090     1.879     2.144
   160   1 H      0.926     0.094     1.841     2.122
   161   1 H      0.925     0.126     1.566     1.957
   162   1 H      0.924     0.122     1.597     1.976

 Mol. C6AA /au·bohr⁶  :     437329.935193
 Mol. C8AA /au·bohr⁸  :   12386617.127266
 Mol. α(0) /au        :       1085.602924


Wiberg/Mayer (AO) data.
largest (>0.10) Wiberg bond orders for each atom
          total WBO             WBO to atom ...
     1  Pd  3.475        N   92 0.599    N   52 0.599    N  132 0.598    N   12 0.598
     2  Pd  3.516        N   77 0.595    N  117 0.595    N   37 0.594    N  157 0.594
     3  C   3.941        C    4 2.626    C   21 1.140
     4  C   3.942        C    3 2.626    C    5 1.147
     5  C   3.983        C    6 1.434    C   14 1.205    C    4 1.147
     6  C   3.972        C    5 1.434    C    7 1.357    H   15 0.967
     7  C   3.982        C    8 1.514    C    6 1.357    H   16 0.967
     8  C   3.945        C    7 1.514    C    9 1.297    H   17 0.965
     9  C   3.988        C    8 1.297    C   10 1.269    C   14 1.231
    10  C   3.978        C   11 1.560    C    9 1.269    H   18 0.960    C   13 0.102
    11  C   3.972        C   10 1.560    N   12 1.239    H   19 0.901
    12  N   3.531        C   13 1.438    C   11 1.239    Pd   1 0.598
    13  C   3.962        N   12 1.438    C   14 1.314    H   20 0.919    C   10 0.102
    14  C   3.979        C   13 1.314    C    9 1.231    C    5 1.205
    15  H   0.995        C    6 0.967
    16  H   0.994        C    7 0.967
    17  H   0.995        C    8 0.965
    18  H   0.991        C   10 0.960
    19  H   0.986        C   11 0.901
    20  H   0.982        C   13 0.919
    21  C   3.956        C   22 1.340    C   26 1.336    C    3 1.140
    22  C   3.970        C   23 1.484    C   21 1.340    H   27 0.965
    23  C   3.979        C   22 1.484    C   24 1.336    H   28 0.966
    24  C   3.952        C   25 1.341    C   23 1.336    C   31 1.138
    25  C   3.977        C   26 1.482    C   24 1.341    H   29 0.969
    26  C   3.980        C   25 1.482    C   21 1.336    H   30 0.969
    27  H   0.993        C   22 0.965
    28  H   0.994        C   23 0.966
    29  H   0.996        C   25 0.969
    30  H   0.997        C   26 0.969
    31  C   3.945        C   32 2.635    C   24 1.138
    32  C   3.942        C   31 2.635    C   33 1.137
    33  C   3.985        C   38 1.351    C   34 1.337    C   32 1.137
    34  C   3.965        C   35 1.460    C   33 1.337    H   39 0.963
    35  C   3.980        C   34 1.460    C   36 1.416    H   40 0.961
    36  C   3.927        C   35 1.416    N   37 1.350    H   41 0.921
    37  N   3.543        C   38 1.360    C   36 1.350    Pd   2 0.594
    38  C   3.961        N   37 1.360    C   33 1.351    H   42 0.899
    39  H   0.990        C   34 0.963
    40  H   0.989        C   35 0.961
    41  H   0.983        C   36 0.921
    42  H   0.984        C   38 0.899
    43  C   3.942        C   44 2.626    C   61 1.140
    44  C   3.942        C   43 2.626    C   45 1.147
    45  C   3.983        C   46 1.434    C   54 1.205    C   44 1.147
    46  C   3.972        C   45 1.434    C   47 1.357    H   55 0.967
    47  C   3.982        C   48 1.514    C   46 1.357    H   56 0.967
    48  C   3.945        C   47 1.514    C   49 1.297    H   57 0.965
    49  C   3.988        C   48 1.297    C   50 1.269    C   54 1.231
    50  C   3.978        C   51 1.560    C   49 1.269    H   58 0.960    C   53 0.102
    51  C   3.972        C   50 1.560    N   52 1.239    H   59 0.900
    52  N   3.532        C   53 1.438    C   51 1.239    Pd   1 0.599
    53  C   3.962        N   52 1.438    C   54 1.314    H   60 0.919    C   50 0.102
    54  C   3.979        C   53 1.314    C   49 1.231    C   45 1.205
    55  H   0.995        C   46 0.967
    56  H   0.994        C   47 0.967
    57  H   0.995        C   48 0.965
    58  H   0.991        C   50 0.960
    59  H   0.986        C   51 0.900
    60  H   0.982        C   53 0.919
    61  C   3.956        C   66 1.340    C   62 1.336    C   43 1.140
    62  C   3.980        C   63 1.482    C   61 1.336    H   67 0.969
    63  C   3.977        C   62 1.482    C   64 1.341    H   68 0.969
    64  C   3.952        C   63 1.341    C   65 1.335    C   71 1.138
    65  C   3.979        C   66 1.484    C   64 1.335    H   69 0.966
    66  C   3.970        C   65 1.484    C   61 1.340    H   70 0.965
    67  H   0.997        C   62 0.969
    68  H   0.996        C   63 0.969
    69  H   0.994        C   65 0.966
    70  H   0.993        C   66 0.965
    71  C   3.945        C   72 2.635    C   64 1.138
    72  C   3.942        C   71 2.635    C   73 1.137
    73  C   3.985        C   78 1.351    C   74 1.337    C   72 1.137
    74  C   3.965        C   75 1.460    C   73 1.337    H   79 0.963
    75  C   3.980        C   74 1.460    C   76 1.416    H   80 0.961
    76  C   3.927        C   75 1.416    N   77 1.351    H   81 0.921
    77  N   3.543        C   78 1.360    C   76 1.351    Pd   2 0.595
    78  C   3.961        N   77 1.360    C   73 1.351    H   82 0.899
    79  H   0.990        C   74 0.963
    80  H   0.990        C   75 0.961
    81  H   0.983        C   76 0.921
    82  H   0.984        C   78 0.899
    83  C   3.941        C   84 2.626    C  101 1.140
    84  C   3.942        C   83 2.626    C   85 1.147
    85  C   3.983        C   86 1.434    C   94 1.205    C   84 1.147
    86  C   3.972        C   85 1.434    C   87 1.357    H   95 0.967
    87  C   3.982        C   88 1.514    C   86 1.357    H   96 0.967
    88  C   3.945        C   87 1.514    C   89 1.297    H   97 0.965
    89  C   3.988        C   88 1.297    C   90 1.269    C   94 1.231
    90  C   3.978        C   91 1.561    C   89 1.269    H   98 0.960    C   93 0.102
    91  C   3.972        C   90 1.561    N   92 1.239    H   99 0.900
    92  N   3.532        C   93 1.438    C   91 1.239    Pd   1 0.599
    93  C   3.962        N   92 1.438    C   94 1.314    H  100 0.919    C   90 0.102
    94  C   3.979        C   93 1.314    C   89 1.231    C   85 1.205
    95  H   0.995        C   86 0.967
    96  H   0.994        C   87 0.967
    97  H   0.995        C   88 0.965
    98  H   0.991        C   90 0.960
    99  H   0.986        C   91 0.900
   100  H   0.982        C   93 0.919
   101  C   3.956        C  102 1.341    C  106 1.336    C   83 1.140
   102  C   3.970        C  103 1.483    C  101 1.341    H  107 0.965
   103  C   3.979        C  102 1.483    C  104 1.336    H  108 0.966
   104  C   3.953        C  105 1.341    C  103 1.336    C  111 1.138
   105  C   3.977        C  106 1.482    C  104 1.341    H  109 0.969
   106  C   3.980        C  105 1.482    C  101 1.336    H  110 0.969
   107  H   0.993        C  102 0.965
   108  H   0.994        C  103 0.966
   109  H   0.996        C  105 0.969
   110  H   0.997        C  106 0.969
   111  C   3.945        C  112 2.636    C  104 1.138
   112  C   3.942        C  111 2.636    C  113 1.136
   113  C   3.985        C  118 1.351    C  114 1.338    C  112 1.136
   114  C   3.965        C  115 1.460    C  113 1.338    H  119 0.963
   115  C   3.980        C  114 1.460    C  116 1.416    H  120 0.961
   116  C   3.928        C  115 1.416    N  117 1.351    H  121 0.921
   117  N   3.543        C  118 1.360    C  116 1.351    Pd   2 0.595
   118  C   3.961        N  117 1.360    C  113 1.351    H  122 0.899
   119  H   0.990        C  114 0.963
   120  H   0.990        C  115 0.961
   121  H   0.983        C  116 0.921
   122  H   0.984        C  118 0.899
   123  C   3.941        C  124 2.627    C  141 1.140
   124  C   3.942        C  123 2.627    C  125 1.146
   125  C   3.983        C  126 1.434    C  134 1.206    C  124 1.146
   126  C   3.973        C  125 1.434    C  127 1.357    H  135 0.967
   127  C   3.982        C  128 1.514    C  126 1.357    H  136 0.967
   128  C   3.946        C  127 1.514    C  129 1.297    H  137 0.965
   129  C   3.988        C  128 1.297    C  130 1.269    C  134 1.231
   130  C   3.978        C  131 1.560    C  129 1.269    H  138 0.960    C  133 0.102
   131  C   3.972        C  130 1.560    N  132 1.239    H  139 0.900
   132  N   3.531        C  133 1.438    C  131 1.239    Pd   1 0.598
   133  C   3.962        N  132 1.438    C  134 1.314    H  140 0.919    C  130 0.102
   134  C   3.979        C  133 1.314    C  129 1.231    C  125 1.206
   135  H   0.995        C  126 0.967
   136  H   0.994        C  127 0.967
   137  H   0.995        C  128 0.965
   138  H   0.991        C  130 0.960
   139  H   0.986        C  131 0.900
   140  H   0.982        C  133 0.919
   141  C   3.956        C  142 1.341    C  146 1.336    C  123 1.140
   142  C   3.970        C  143 1.483    C  141 1.341    H  147 0.965
   143  C   3.979        C  142 1.483    C  144 1.336    H  148 0.966
   144  C   3.953        C  145 1.341    C  143 1.336    C  151 1.138
   145  C   3.977        C  146 1.482    C  144 1.341    H  149 0.969
   146  C   3.980        C  145 1.482    C  141 1.336    H  150 0.969
   147  H   0.993        C  142 0.965
   148  H   0.994        C  143 0.966
   149  H   0.996        C  145 0.969
   150  H   0.997        C  146 0.969
   151  C   3.945        C  152 2.636    C  144 1.138
   152  C   3.942        C  151 2.636    C  153 1.136
   153  C   3.985        C  158 1.351    C  154 1.338    C  152 1.136
   154  C   3.965        C  155 1.460    C  153 1.338    H  159 0.963
   155  C   3.980        C  154 1.460    C  156 1.417    H  160 0.961
   156  C   3.928        C  155 1.417    N  157 1.351    H  161 0.921
   157  N   3.543        C  158 1.360    C  156 1.351    Pd   2 0.594
   158  C   3.961        N  157 1.360    C  153 1.351    H  162 0.899
   159  H   0.990        C  154 0.963
   160  H   0.989        C  155 0.961
   161  H   0.983        C  156 0.921
   162  H   0.984        C  158 0.899

molecular dipole:
                 x           y           z       tot (Debye)
 q only:       -0.320       4.085      -0.352
   full:       -0.309       4.138      -0.354      10.585
molecular quadrupole (traceless):
                xx          xy          yy          xz          yz          zz
 q only:     -266.784      -8.340     533.872      -0.291      -4.633    -267.088
  q+dip:     -286.701      -8.835     573.990      -0.461      -4.941    -287.289
   full:     -270.196      -8.315     540.800      -0.358      -4.744    -270.604

           -------------------------------------------------
          |               Frequency Printout                |
           -------------------------------------------------
 projected vibrational frequencies (cm-1)
eigval :       -0.00    -0.00    -0.00    -0.00     0.00     0.00
eigval :        4.46     6.33     8.49     9.38    13.95    15.72
eigval :       16.26    18.85    18.98    19.74    23.82    24.61
eigval :       27.13    27.65    28.60    30.41    33.03    33.49
eigval :       39.08    40.00    46.10    46.87    48.53    48.82
eigval :       57.00    59.28    59.29    64.39    68.23    78.21
eigval :       78.26    80.55    87.59    91.52    91.55    93.07
eigval :       95.85   112.27   112.39   115.18   117.37   118.26
eigval :      118.39   118.50   131.36   138.60   139.07   142.21
eigval :      142.30   150.41   150.45   152.95   153.01   158.31
eigval :      158.36   159.85   162.46   168.53   170.46   174.22
eigval :      174.28   181.85   181.97   182.37   183.53   186.49
eigval :      196.88   197.12   202.09   222.79   224.45   245.32
eigval :      245.35   246.64   257.63   262.61   263.56   263.59
eigval :      275.91   275.98   294.68   297.43   297.46   303.48
eigval :      304.78   306.88   306.97   307.00   326.54   329.45
eigval :      329.78   330.32   351.76   351.78   358.43   360.31
eigval :      361.93   362.18   362.34   362.59   370.45   393.87
eigval :      395.38   395.41   395.55   396.63   402.89   402.93
eigval :      433.37   433.42   433.51   433.63   437.92   438.42
eigval :      438.48   438.54   438.65   448.35   452.44   452.45
eigval :      456.43   456.44   458.68   461.47   472.96   474.66
eigval :      474.66   475.99   477.87   478.22   478.22   479.38
eigval :      486.72   488.47   489.25   489.27   500.46   506.71
eigval :      508.65   508.67   512.72   514.13   516.99   517.02
eigval :      517.34   519.10   523.25   523.28   532.54   536.18
eigval :      536.29   537.07   564.14   567.96   569.69   569.72
eigval :      611.13   611.45   611.47   611.84   615.78   618.09
eigval :      621.02   621.47   621.47   625.16   626.61   626.66
eigval :      629.45   631.64   633.90   633.93   660.42   671.19
eigval :      671.23   673.64   676.39   676.48   676.51   676.83
eigval :      712.57   714.61   715.00   715.01   724.80   725.61
eigval :      725.64   725.86   769.83   775.12   777.81   777.95
eigval :      778.28   778.39   780.06   783.05   794.95   798.63
eigval :      799.89   799.93   801.74   803.91   803.94   804.26
eigval :      810.33   810.71   811.13   811.81   825.06   830.26
eigval :      830.39   834.71   835.71   853.17   853.43   856.49
eigval :      857.02   857.31   858.35   861.73   865.63   865.72
eigval :      867.38   870.10   870.24   872.90   874.80   874.81
eigval :      890.83   892.78   892.95   893.96   894.12   894.24
eigval :      894.25   895.46   896.27   898.30   898.40   898.43
eigval :      901.72   903.25   903.34   905.36   905.76   906.40
eigval :      906.59   907.73   922.00   922.40   922.71   922.78
eigval :      930.62   930.78   930.85   930.98   934.31   934.55
eigval :      934.85   934.88   993.54   998.69   998.70   999.48
eigval :     1007.26  1008.97  1008.99  1011.52  1047.44  1048.57
eigval :     1049.67  1049.72  1067.90  1067.96  1068.69  1068.77
eigval :     1085.51  1087.59  1087.69  1092.08  1112.07  1112.29
eigval :     1112.37  1112.54  1113.89  1115.60  1115.65  1117.88
eigval :     1127.39  1127.69  1127.72  1128.23  1156.68  1157.87
eigval :     1160.39  1160.40  1162.63  1164.01  1164.06  1167.95
eigval :     1168.83  1168.90  1170.85  1171.54  1171.82  1171.96
eigval :     1173.21  1175.09  1185.75  1187.45  1187.48  1190.67
eigval :     1197.70  1199.52  1199.54  1202.37  1214.08  1215.72
eigval :     1215.74  1218.62  1219.48  1219.50  1220.09  1222.69
eigval :     1226.61  1233.37  1233.40  1248.31  1253.68  1253.77
eigval :     1253.83  1254.19  1287.19  1287.89  1287.91  1291.65
eigval :     1293.83  1293.92  1295.32  1297.84  1305.08  1305.18
eigval :     1305.40  1305.59  1309.50  1309.55  1310.64  1312.06
eigval :     1330.57  1330.87  1330.88  1331.92  1358.04  1358.08
eigval :     1358.70  1360.68  1368.45  1368.47  1369.44  1371.51
eigval :     1374.59  1375.40  1375.41  1376.35  1393.45  1393.63
eigval :     1393.71  1393.88  1397.36  1398.91  1398.92  1400.34
eigval :     1422.95  1423.19  1423.20  1424.23  1444.14  1444.20
eigval :     1444.40  1445.76  1468.22  1468.23  1468.77  1469.19
eigval :     1486.84  1486.87  1487.26  1487.33  1524.19  1525.58
eigval :     1525.62  1525.72  1526.28  1526.68  1527.00  1527.02
eigval :     1528.23  1528.54  1529.47  1529.52  1546.05  1546.06
eigval :     1546.83  1547.42  1557.72  1557.86  1557.95  1558.07
eigval :     1570.08  1570.57  1571.61  1571.73  1576.47  1576.52
eigval :     1576.61  1576.69  2290.73  2291.05  2291.14  2291.32
eigval :     2299.65  2299.76  2299.95  2300.67  2950.53  2952.84
eigval :     2953.34  2962.22  2967.82  2968.71  2969.05  2974.51
eigval :     3017.66  3018.72  3018.79  3020.38  3024.29  3025.60
eigval :     3025.82  3028.33  3090.16  3090.22  3090.23  3090.36
eigval :     3094.73  3094.77  3094.78  3095.36  3101.46  3101.54
eigval :     3101.57  3101.73  3103.82  3104.05  3104.13  3104.50
eigval :     3104.59  3104.77  3104.83  3105.18  3106.72  3106.81
eigval :     3107.29  3107.45  3109.77  3109.83  3109.95  3110.34
eigval :     3111.51  3111.65  3111.97  3112.54  3115.04  3115.42
eigval :     3115.68  3115.82  3118.08  3118.58  3119.04  3119.34
 reduced masses (amu)
   1: 27.03   2: 23.82   3: 13.05   4: 24.74   5: 24.29   6: 26.78   7: 10.81   8: 11.97
   9: 14.83  10: 15.03  11: 11.04  12: 13.92  13: 14.37  14: 17.84  15: 17.94  16: 13.90
  17: 11.40  18: 12.46  19: 13.38  20: 14.05  21: 12.59  22: 19.16  23: 12.54  24: 12.71
  25: 16.94  26: 11.29  27: 11.31  28: 17.23  29: 14.91  30: 14.58  31: 22.48  32: 12.13
  33: 12.14  34: 10.97  35: 14.12  36: 12.45  37: 12.49  38: 36.05  39: 10.99  40: 13.15
  41: 13.14  42: 13.49  43: 11.29  44: 11.60  45: 11.59  46: 11.21  47: 11.35  48: 14.08
  49: 13.12  50: 15.68  51: 14.57  52: 11.40  53: 11.34  54: 11.16  55: 11.16  56: 12.42
  57: 12.43  58: 11.49  59: 11.84  60: 14.10  61: 14.08  62: 11.18  63:  9.92  64: 11.56
  65: 12.38  66:  9.98  67:  9.99  68: 12.13  69: 12.63  70: 11.27  71: 10.25  72: 13.65
  73: 34.34  74: 34.40  75: 11.54  76: 50.60  77: 11.51  78: 23.90  79: 23.92  80: 33.98
  81: 33.12  82: 11.40  83: 61.61  84: 61.41  85: 32.82  86: 32.79  87: 10.72  88: 12.43
  89: 12.44  90: 11.39  91: 10.90  92: 17.24  93: 17.41  94: 16.97  95: 11.41  96: 12.02
  97: 12.04  98: 11.13  99: 11.86 100: 11.85 101: 11.22 102: 13.80 103:  8.95 104:  8.95
 105:  8.94 106:  9.00 107:  9.89 108:  9.53 109:  9.58 110:  9.58 111:  9.83 112:  9.62
 113: 13.59 114: 13.59 115: 11.87 116: 11.87 117: 11.87 118: 11.87 119: 10.51 120: 11.49
 121: 11.51 122: 11.46 123: 11.48 124: 10.31 125: 11.39 126: 11.40 127: 11.58 128: 11.58
 129: 11.49 130: 11.97 131: 11.11 132: 11.33 133: 11.33 134: 11.24 135: 11.10 136: 11.11
 137: 11.11 138: 11.16 139: 11.71 140: 11.71 141: 12.38 142: 12.38 143: 10.80 144: 10.07
 145: 10.04 146: 10.05 147: 10.21 148: 11.39 149: 11.81 150: 11.84 151: 10.74 152: 10.45
 153: 11.56 154: 11.57 155: 10.03 156: 10.30 157: 10.30 158: 10.26 159: 11.76 160: 11.77
 161: 12.67 162: 12.67 163: 11.42 164: 11.42 165: 11.42 166: 11.41 167: 11.77 168: 11.35
 169: 11.67 170: 11.94 171: 11.94 172: 11.54 173: 11.82 174: 11.82 175: 11.47 176: 11.55
 177: 12.16 178: 12.16 179:  8.96 180:  9.80 181:  9.80 182: 10.41 183: 11.11 184: 11.06
 185: 11.12 186: 10.79 187: 11.36 188: 11.38 189: 11.52 190: 11.52 191: 10.56 192: 10.61
 193: 10.60 194: 10.67 195:  5.22 196:  3.82 197:  4.05 198:  4.10 199:  4.48 200:  4.44
 201:  3.74 202:  4.25 203: 11.37 204: 11.41 205: 11.47 206: 11.47 207: 11.19 208: 11.28
 209: 11.28 210: 11.21 211:  4.96 212:  4.95 213:  4.94 214:  4.92 215:  4.13 216:  4.08
 217:  4.07 218:  3.99 219:  3.98 220:  3.85 221:  3.85 222:  3.34 223:  3.33 224:  3.33
 225:  3.33 226:  4.46 227:  4.26 228:  4.26 229:  8.78 230:  6.07 231:  3.93 232: 10.92
 233: 11.13 234: 11.13 235:  3.94 236:  4.07 237: 11.31 238:  4.00 239:  3.99 240:  3.82
 241:  3.84 242:  3.90 243: 10.81 244:  4.00 245: 10.98 246: 10.76 247:  3.95 248:  3.91
 249:  3.91 250:  3.26 251:  3.53 252:  3.20 253:  3.21 254:  3.17 255:  3.79 256:  3.77
 257:  3.78 258:  3.79 259:  3.81 260:  3.81 261:  3.81 262:  3.82 263:  3.70 264:  3.70
 265:  3.69 266:  3.69 267: 10.73 268: 10.60 269: 10.60 270: 10.34 271:  9.50 272:  9.75
 273:  9.75 274: 10.10 275:  9.61 276:  9.66 277:  9.55 278:  9.55 279:  7.44 280:  7.44
 281:  7.19 282:  7.19 283:  6.25 284:  6.35 285:  6.35 286:  6.56 287:  6.10 288:  6.12
 289:  6.12 290:  6.10 291:  3.90 292:  3.95 293:  3.95 294:  3.98 295:  3.19 296:  3.19
 297:  3.19 298:  3.19 299:  5.95 300:  3.25 301:  6.64 302:  6.62 303:  7.03 304:  3.79
 305:  3.79 306:  3.34 307:  2.73 308:  2.69 309:  4.84 310:  3.89 311:  3.47 312:  3.49
 313:  2.49 314:  2.52 315:  3.22 316:  3.31 317:  3.29 318:  3.38 319:  4.87 320:  5.05
 321:  5.04 322:  5.16 323:  4.26 324:  4.26 325:  4.24 326:  7.31 327:  7.40 328:  7.44
 329:  4.39 330:  7.33 331:  3.32 332:  2.99 333:  2.99 334:  2.82 335:  3.18 336:  3.18
 337:  3.18 338:  3.16 339:  7.92 340:  8.06 341:  8.05 342:  7.93 343: 11.63 344: 11.64
 345: 11.85 346: 11.50 347: 11.24 348: 11.24 349: 11.25 350: 11.11 351:  9.49 352:  9.49
 353:  9.61 354:  9.59 355:  9.61 356:  9.52 357:  9.52 358:  9.52 359: 10.53 360: 10.53
 361: 10.59 362: 10.45 363: 10.20 364: 10.20 365: 10.07 366:  9.88 367:  9.97 368: 10.05
 369: 10.05 370: 10.08 371: 10.27 372: 10.28 373: 10.28 374: 10.28 375: 10.79 376: 10.65
 377: 10.65 378: 10.67 379: 10.11 380: 10.14 381: 10.14 382: 10.05 383: 10.99 384: 10.99
 385: 11.04 386: 10.91 387: 11.02 388: 11.02 389: 11.07 390: 11.05 391: 10.69 392: 10.69
 393: 10.72 394: 10.72 395: 11.57 396: 11.73 397: 11.73 398: 11.64 399: 11.73 400: 11.73
 401: 11.60 402: 11.60 403: 11.63 404: 11.63 405: 11.61 406: 11.61 407: 11.68 408: 11.68
 409: 11.74 410: 11.69 411: 11.48 412: 11.47 413: 11.47 414: 11.48 415: 11.51 416: 11.53
 417: 11.54 418: 11.54 419: 11.49 420: 11.49 421: 11.50 422: 11.49 423: 12.01 424: 12.01
 425: 12.01 426: 12.01 427: 12.01 428: 12.01 429: 12.01 430: 12.01 431:  1.85 432:  1.84
 433:  1.84 434:  1.82 435:  1.85 436:  1.84 437:  1.84 438:  1.83 439:  1.84 440:  1.84
 441:  1.84 442:  1.84 443:  1.86 444:  1.85 445:  1.85 446:  1.85 447:  1.79 448:  1.79
 449:  1.79 450:  1.79 451:  1.78 452:  1.78 453:  1.78 454:  1.78 455:  1.88 456:  1.88
 457:  1.88 458:  1.88 459:  1.83 460:  1.83 461:  1.79 462:  1.83 463:  1.79 464:  1.82
 465:  1.80 466:  1.79 467:  1.82 468:  1.82 469:  1.82 470:  1.82 471:  1.90 472:  1.90
 473:  1.89 474:  1.90 475:  1.87 476:  1.86 477:  1.86 478:  1.86 479:  1.89 480:  1.89
 481:  1.89 482:  1.89 483:  1.90 484:  1.89 485:  1.89 486:  1.89
 IR intensities (amu)
   1:  0.69   2:  0.52   3:  0.08   4:  0.50   5:  0.49   6:  0.45   7:  0.02   8:  0.04
   9:  0.42  10:  0.43  11:  0.03  12:  0.09  13:  0.13  14:  0.10  15:  0.09  16:  0.11
  17:  0.03  18:  0.07  19:  0.25  20:  0.28  21:  0.19  22:  0.03  23:  0.24  24:  0.26
  25:  0.02  26:  0.06  27:  0.06  28:  0.13  29:  0.27  30:  0.25  31:  0.03  32:  0.23
  33:  0.23  34:  0.01  35:  0.02  36:  0.11  37:  0.11  38:  0.09  39:  0.01  40:  0.09
  41:  0.09  42:  0.01  43:  0.01  44:  0.09  45:  0.09  46:  0.01  47:  0.02  48:  0.13
  49:  0.15  50:  0.11  51:  0.03  52:  0.00  53:  0.07  54:  0.11  55:  0.11  56:  0.23
  57:  0.23  58:  0.02  59:  0.03  60:  0.26  61:  0.26  62:  0.02  63:  0.01  64:  0.00
  65:  0.06  66:  0.08  67:  0.08  68:  0.40  69:  0.49  70:  0.27  71:  0.07  72:  0.10
  73:  0.93  74:  0.94  75:  0.02  76:  0.18  77:  0.02  78:  0.34  79:  0.34  80:  0.26
  81:  0.27  82:  0.09  83:  1.34  84:  1.34  85:  0.36  86:  0.36  87:  0.02  88:  0.14
  89:  0.14  90:  0.01  91:  0.02  92:  0.36  93:  0.39  94:  0.30  95:  0.07  96:  0.21
  97:  0.21  98:  0.06  99:  0.12 100:  0.12 101:  0.00 102:  0.09 103:  0.04 104:  0.13
 105:  0.09 106:  0.32 107:  0.01 108:  0.06 109:  0.08 110:  0.08 111:  0.01 112:  0.00
 113:  0.21 114:  0.21 115:  0.13 116:  0.12 117:  0.13 118:  0.12 119:  0.01 120:  0.02
 121:  0.02 122:  0.02 123:  0.02 124:  0.01 125:  0.15 126:  0.15 127:  0.06 128:  0.06
 129:  0.00 130:  0.34 131:  0.00 132:  0.12 133:  0.12 134:  0.20 135:  0.01 136:  0.05
 137:  0.05 138:  0.15 139:  0.01 140:  0.10 141:  0.22 142:  0.22 143:  0.11 144:  0.00
 145:  0.20 146:  0.20 147:  0.19 148:  0.01 149:  0.21 150:  0.21 151:  0.22 152:  0.00
 153:  0.12 154:  0.12 155:  0.05 156:  0.13 157:  0.13 158:  0.01 159:  0.00 160:  0.13
 161:  0.64 162:  0.64 163:  0.00 164:  0.03 165:  0.03 166:  0.01 167:  0.00 168:  0.13
 169:  0.61 170:  0.29 171:  0.28 172:  0.01 173:  0.18 174:  0.18 175:  0.01 176:  0.68
 177:  0.34 178:  0.34 179:  0.01 180:  0.20 181:  0.20 182:  0.01 183:  0.05 184:  0.05
 185:  0.04 186:  0.01 187:  0.00 188:  0.15 189:  0.42 190:  0.43 191:  0.01 192:  0.14
 193:  0.15 194:  0.04 195:  0.03 196:  0.01 197:  0.18 198:  0.20 199:  0.25 200:  0.24
 201:  0.00 202:  0.01 203:  0.00 204:  0.33 205:  0.34 206:  0.34 207:  0.01 208:  0.43
 209:  0.43 210:  0.11 211:  0.26 212:  0.32 213:  0.21 214:  0.19 215:  0.13 216:  0.36
 217:  0.36 218:  0.03 219:  0.02 220:  0.06 221:  0.06 222:  0.03 223:  0.06 224:  0.05
 225:  0.06 226:  0.11 227:  0.04 228:  0.04 229:  0.00 230:  0.00 231:  0.00 232:  0.52
 233:  0.22 234:  0.22 235:  0.04 236:  0.02 237:  0.00 238:  0.05 239:  0.04 240:  0.06
 241:  0.03 242:  0.03 243:  0.11 244:  0.06 245:  0.28 246:  0.28 247:  0.02 248:  0.09
 249:  0.09 250:  0.03 251:  0.02 252:  0.03 253:  0.05 254:  0.09 255:  0.08 256:  0.08
 257:  0.05 258:  0.12 259:  0.02 260:  0.03 261:  0.03 262:  0.01 263:  0.02 264:  0.02
 265:  0.03 266:  0.01 267:  0.00 268:  0.17 269:  0.17 270:  0.45 271:  0.00 272:  0.08
 273:  0.08 274:  0.13 275:  0.02 276:  0.62 277:  0.26 278:  0.26 279:  0.75 280:  0.75
 281:  0.18 282:  0.17 283:  0.02 284:  0.48 285:  0.48 286:  0.60 287:  0.14 288:  0.41
 289:  0.40 290:  0.43 291:  0.01 292:  0.43 293:  0.43 294:  0.05 295:  0.01 296:  0.04
 297:  0.04 298:  0.12 299:  0.02 300:  0.01 301:  0.57 302:  0.57 303:  1.66 304:  0.44
 305:  0.44 306:  0.01 307:  0.28 308:  0.28 309:  0.80 310:  0.08 311:  0.02 312:  0.02
 313:  0.04 314:  0.70 315:  0.01 316:  0.47 317:  0.47 318:  0.36 319:  0.01 320:  0.29
 321:  0.29 322:  0.08 323:  0.00 324:  0.07 325:  0.07 326:  0.00 327:  0.09 328:  0.09
 329:  0.01 330:  0.59 331:  0.00 332:  0.02 333:  0.02 334:  0.15 335:  0.02 336:  0.03
 337:  0.03 338:  0.10 339:  0.01 340:  0.15 341:  0.15 342:  0.20 343:  0.15 344:  0.15
 345:  0.01 346:  0.38 347:  0.06 348:  0.06 349:  0.03 350:  0.04 351:  0.33 352:  0.33
 353:  0.02 354:  0.20 355:  0.03 356:  0.20 357:  0.20 358:  1.03 359:  0.44 360:  0.44
 361:  0.04 362:  2.60 363:  0.63 364:  0.64 365:  0.05 366:  0.54 367:  0.02 368:  0.20
 369:  0.20 370:  0.96 371:  0.26 372:  0.16 373:  0.20 374:  0.07 375:  0.03 376:  1.62
 377:  1.62 378:  1.04 379:  0.03 380:  0.23 381:  0.21 382:  2.45 383:  0.11 384:  0.11
 385:  0.02 386:  0.49 387:  0.52 388:  0.52 389:  0.04 390:  0.41 391:  0.14 392:  0.14
 393:  0.07 394:  0.05 395:  0.79 396:  0.56 397:  0.55 398:  0.20 399:  1.89 400:  0.10
 401:  0.27 402:  0.26 403:  0.50 404:  0.02 405:  0.40 406:  0.40 407:  0.19 408:  0.16
 409:  0.01 410:  3.44 411:  0.57 412:  1.08 413:  1.19 414:  0.70 415:  0.55 416:  0.09
 417:  0.77 418:  0.78 419:  0.09 420:  0.11 421:  0.10 422:  0.24 423:  0.59 424:  0.35
 425:  0.66 426:  1.16 427:  0.68 428:  0.75 429:  0.96 430:  5.89 431:  0.02 432:  0.08
 433:  0.09 434:  0.06 435:  0.01 436:  0.06 437:  0.06 438:  0.01 439:  0.02 440:  0.06
 441:  0.06 442:  0.25 443:  0.01 444:  0.04 445:  0.04 446:  0.15 447:  0.10 448:  0.04
 449:  0.15 450:  0.12 451:  0.13 452:  0.12 453:  0.13 454:  0.13 455:  0.12 456:  0.23
 457:  0.42 458:  0.39 459:  0.18 460:  0.18 461:  0.10 462:  0.16 463:  0.08 464:  0.12
 465:  0.10 466:  0.02 467:  0.06 468:  0.06 469:  0.06 470:  0.06 471:  0.18 472:  0.39
 473:  0.28 474:  0.29 475:  0.15 476:  0.19 477:  0.16 478:  0.11 479:  0.17 480:  0.17
 481:  0.12 482:  0.10 483:  0.02 484:  0.02 485:  0.02 486:  0.02
 Raman intensities (amu)
   1:  0.00   2:  0.00   3:  0.00   4:  0.00   5:  0.00   6:  0.00   7:  0.00   8:  0.00
   9:  0.00  10:  0.00  11:  0.00  12:  0.00  13:  0.00  14:  0.00  15:  0.00  16:  0.00
  17:  0.00  18:  0.00  19:  0.00  20:  0.00  21:  0.00  22:  0.00  23:  0.00  24:  0.00
  25:  0.00  26:  0.00  27:  0.00  28:  0.00  29:  0.00  30:  0.00  31:  0.00  32:  0.00
  33:  0.00  34:  0.00  35:  0.00  36:  0.00  37:  0.00  38:  0.00  39:  0.00  40:  0.00
  41:  0.00  42:  0.00  43:  0.00  44:  0.00  45:  0.00  46:  0.00  47:  0.00  48:  0.00
  49:  0.00  50:  0.00  51:  0.00  52:  0.00  53:  0.00  54:  0.00  55:  0.00  56:  0.00
  57:  0.00  58:  0.00  59:  0.00  60:  0.00  61:  0.00  62:  0.00  63:  0.00  64:  0.00
  65:  0.00  66:  0.00  67:  0.00  68:  0.00  69:  0.00  70:  0.00  71:  0.00  72:  0.00
  73:  0.00  74:  0.00  75:  0.00  76:  0.00  77:  0.00  78:  0.00  79:  0.00  80:  0.00
  81:  0.00  82:  0.00  83:  0.00  84:  0.00  85:  0.00  86:  0.00  87:  0.00  88:  0.00
  89:  0.00  90:  0.00  91:  0.00  92:  0.00  93:  0.00  94:  0.00  95:  0.00  96:  0.00
  97:  0.00  98:  0.00  99:  0.00 100:  0.00 101:  0.00 102:  0.00 103:  0.00 104:  0.00
 105:  0.00 106:  0.00 107:  0.00 108:  0.00 109:  0.00 110:  0.00 111:  0.00 112:  0.00
 113:  0.00 114:  0.00 115:  0.00 116:  0.00 117:  0.00 118:  0.00 119:  0.00 120:  0.00
 121:  0.00 122:  0.00 123:  0.00 124:  0.00 125:  0.00 126:  0.00 127:  0.00 128:  0.00
 129:  0.00 130:  0.00 131:  0.00 132:  0.00 133:  0.00 134:  0.00 135:  0.00 136:  0.00
 137:  0.00 138:  0.00 139:  0.00 140:  0.00 141:  0.00 142:  0.00 143:  0.00 144:  0.00
 145:  0.00 146:  0.00 147:  0.00 148:  0.00 149:  0.00 150:  0.00 151:  0.00 152:  0.00
 153:  0.00 154:  0.00 155:  0.00 156:  0.00 157:  0.00 158:  0.00 159:  0.00 160:  0.00
 161:  0.00 162:  0.00 163:  0.00 164:  0.00 165:  0.00 166:  0.00 167:  0.00 168:  0.00
 169:  0.00 170:  0.00 171:  0.00 172:  0.00 173:  0.00 174:  0.00 175:  0.00 176:  0.00
 177:  0.00 178:  0.00 179:  0.00 180:  0.00 181:  0.00 182:  0.00 183:  0.00 184:  0.00
 185:  0.00 186:  0.00 187:  0.00 188:  0.00 189:  0.00 190:  0.00 191:  0.00 192:  0.00
 193:  0.00 194:  0.00 195:  0.00 196:  0.00 197:  0.00 198:  0.00 199:  0.00 200:  0.00
 201:  0.00 202:  0.00 203:  0.00 204:  0.00 205:  0.00 206:  0.00 207:  0.00 208:  0.00
 209:  0.00 210:  0.00 211:  0.00 212:  0.00 213:  0.00 214:  0.00 215:  0.00 216:  0.00
 217:  0.00 218:  0.00 219:  0.00 220:  0.00 221:  0.00 222:  0.00 223:  0.00 224:  0.00
 225:  0.00 226:  0.00 227:  0.00 228:  0.00 229:  0.00 230:  0.00 231:  0.00 232:  0.00
 233:  0.00 234:  0.00 235:  0.00 236:  0.00 237:  0.00 238:  0.00 239:  0.00 240:  0.00
 241:  0.00 242:  0.00 243:  0.00 244:  0.00 245:  0.00 246:  0.00 247:  0.00 248:  0.00
 249:  0.00 250:  0.00 251:  0.00 252:  0.00 253:  0.00 254:  0.00 255:  0.00 256:  0.00
 257:  0.00 258:  0.00 259:  0.00 260:  0.00 261:  0.00 262:  0.00 263:  0.00 264:  0.00
 265:  0.00 266:  0.00 267:  0.00 268:  0.00 269:  0.00 270:  0.00 271:  0.00 272:  0.00
 273:  0.00 274:  0.00 275:  0.00 276:  0.00 277:  0.00 278:  0.00 279:  0.00 280:  0.00
 281:  0.00 282:  0.00 283:  0.00 284:  0.00 285:  0.00 286:  0.00 287:  0.00 288:  0.00
 289:  0.00 290:  0.00 291:  0.00 292:  0.00 293:  0.00 294:  0.00 295:  0.00 296:  0.00
 297:  0.00 298:  0.00 299:  0.00 300:  0.00 301:  0.00 302:  0.00 303:  0.00 304:  0.00
 305:  0.00 306:  0.00 307:  0.00 308:  0.00 309:  0.00 310:  0.00 311:  0.00 312:  0.00
 313:  0.00 314:  0.00 315:  0.00 316:  0.00 317:  0.00 318:  0.00 319:  0.00 320:  0.00
 321:  0.00 322:  0.00 323:  0.00 324:  0.00 325:  0.00 326:  0.00 327:  0.00 328:  0.00
 329:  0.00 330:  0.00 331:  0.00 332:  0.00 333:  0.00 334:  0.00 335:  0.00 336:  0.00
 337:  0.00 338:  0.00 339:  0.00 340:  0.00 341:  0.00 342:  0.00 343:  0.00 344:  0.00
 345:  0.00 346:  0.00 347:  0.00 348:  0.00 349:  0.00 350:  0.00 351:  0.00 352:  0.00
 353:  0.00 354:  0.00 355:  0.00 356:  0.00 357:  0.00 358:  0.00 359:  0.00 360:  0.00
 361:  0.00 362:  0.00 363:  0.00 364:  0.00 365:  0.00 366:  0.00 367:  0.00 368:  0.00
 369:  0.00 370:  0.00 371:  0.00 372:  0.00 373:  0.00 374:  0.00 375:  0.00 376:  0.00
 377:  0.00 378:  0.00 379:  0.00 380:  0.00 381:  0.00 382:  0.00 383:  0.00 384:  0.00
 385:  0.00 386:  0.00 387:  0.00 388:  0.00 389:  0.00 390:  0.00 391:  0.00 392:  0.00
 393:  0.00 394:  0.00 395:  0.00 396:  0.00 397:  0.00 398:  0.00 399:  0.00 400:  0.00
 401:  0.00 402:  0.00 403:  0.00 404:  0.00 405:  0.00 406:  0.00 407:  0.00 408:  0.00
 409:  0.00 410:  0.00 411:  0.00 412:  0.00 413:  0.00 414:  0.00 415:  0.00 416:  0.00
 417:  0.00 418:  0.00 419:  0.00 420:  0.00 421:  0.00 422:  0.00 423:  0.00 424:  0.00
 425:  0.00 426:  0.00 427:  0.00 428:  0.00 429:  0.00 430:  0.00 431:  0.00 432:  0.00
 433:  0.00 434:  0.00 435:  0.00 436:  0.00 437:  0.00 438:  0.00 439:  0.00 440:  0.00
 441:  0.00 442:  0.00 443:  0.00 444:  0.00 445:  0.00 446:  0.00 447:  0.00 448:  0.00
 449:  0.00 450:  0.00 451:  0.00 452:  0.00 453:  0.00 454:  0.00 455:  0.00 456:  0.00
 457:  0.00 458:  0.00 459:  0.00 460:  0.00 461:  0.00 462:  0.00 463:  0.00 464:  0.00
 465:  0.00 466:  0.00 467:  0.00 468:  0.00 469:  0.00 470:  0.00 471:  0.00 472:  0.00
 473:  0.00 474:  0.00 475:  0.00 476:  0.00 477:  0.00 478:  0.00 479:  0.00 480:  0.00
 481:  0.00 482:  0.00 483:  0.00 484:  0.00 485:  0.00 486:  0.00
 output can be read by thermo (or use thermo option).
 writing <g98.out> molden fake output.
 recommended (thermochemical) frequency scaling factor: 1.0
           -------------------------------------------------
          |             Thermodynamic Functions             |
           -------------------------------------------------

Refinement of some symmetry elements was terminated before convergence was reached.
Some symmetry elements may remain unidentified.
Molecule has no symmetry elements
It seems to be the C1 point group
c1  symmetry found (for desy threshold:  0.10E+00) used in thermo

          ...................................................
          :                      SETUP                      :
          :.................................................:
          :  # frequencies                         480      :
          :  # imaginary freq.                       0      :
          :  linear?                             false      :
          :  only rotor calc.                    false      :
          :  symmetry                               c1      :
          :  rotational number                       1      :
          :  scaling factor                  1.0000000      :
          :  rotor cutoff                   50.0000000 cm⁻¹ :
          :  imag. cutoff                  -20.0000000 cm⁻¹ :
          :.................................................:

    mode    ω/cm⁻¹     T·S(HO)/kcal·mol⁻¹    T·S(FR)/kcal·mol⁻¹   T·S(vib)
   ------------------------------------------------------------------------
       1      4.46    -2.86710 (  0.01%)    -1.77264 ( 99.99%)    -1.77271
       2      6.33    -2.65900 (  0.03%)    -1.66859 ( 99.97%)    -1.66884
       3      8.49    -2.48556 (  0.08%)    -1.58186 ( 99.92%)    -1.58261
       4      9.38    -2.42662 (  0.12%)    -1.55239 ( 99.88%)    -1.55347
       5     13.95    -2.19137 (  0.60%)    -1.43474 ( 99.40%)    -1.43929
       6     15.72    -2.12054 (  0.97%)    -1.39931 ( 99.03%)    -1.40629
       7     16.26    -2.10040 (  1.11%)    -1.38923 ( 98.89%)    -1.39711
       8     18.85    -2.01291 (  1.98%)    -1.34547 ( 98.02%)    -1.35869
       9     18.98    -2.00904 (  2.03%)    -1.34353 ( 97.97%)    -1.35706
      10     19.74    -1.98559 (  2.37%)    -1.33179 ( 97.63%)    -1.34732
      11     23.82    -1.87443 (  4.90%)    -1.27616 ( 95.10%)    -1.30549
      12     24.61    -1.85522 (  5.54%)    -1.26655 ( 94.46%)    -1.29918
      13     27.13    -1.79749 (  7.98%)    -1.23765 ( 92.02%)    -1.28231
      14     27.65    -1.78624 (  8.56%)    -1.23201 ( 91.44%)    -1.27943
      15     28.60    -1.76640 (  9.66%)    -1.22208 ( 90.34%)    -1.27468
      16     30.41    -1.73010 ( 12.03%)    -1.20390 ( 87.97%)    -1.26720
      17     33.03    -1.68106 ( 16.00%)    -1.17933 ( 84.00%)    -1.25963
      18     33.49    -1.67297 ( 16.75%)    -1.17528 ( 83.25%)    -1.25866
      19     39.08    -1.58174 ( 27.18%)    -1.12955 ( 72.82%)    -1.25244
      20     40.00    -1.56794 ( 29.07%)    -1.12262 ( 70.93%)    -1.25206
      21     46.10    -1.48419 ( 41.95%)    -1.08060 ( 58.05%)    -1.24991
      22     46.87    -1.47446 ( 43.57%)    -1.07571 ( 56.43%)    -1.24943
      23     48.53    -1.45387 ( 47.03%)    -1.06537 ( 52.97%)    -1.24806
      24     48.82    -1.45037 ( 47.62%)    -1.06362 ( 52.38%)    -1.24777
      25     57.00    -1.35907 ( 62.82%)    -1.01772 ( 37.18%)    -1.23214
      26     59.28    -1.33604 ( 66.39%)    -1.00613 ( 33.61%)    -1.22516
      27     59.29    -1.33587 ( 66.42%)    -1.00604 ( 33.58%)    -1.22510
      28     64.39    -1.28734 ( 73.34%)    -0.98160 ( 26.66%)    -1.20583
      29     68.23    -1.25338 ( 77.61%)    -0.96447 ( 22.39%)    -1.18870
      30     78.21    -1.17329 ( 85.69%)    -0.92401 ( 14.31%)    -1.13761
      31     78.26    -1.17292 ( 85.72%)    -0.92382 ( 14.28%)    -1.13735
      32     80.55    -1.15605 ( 87.07%)    -0.91528 ( 12.93%)    -1.12493
      33     87.59    -1.10707 ( 90.40%)    -0.89045 (  9.60%)    -1.08627
      34     91.52    -1.08149 ( 91.82%)    -0.87747 (  8.18%)    -1.06480
      35     91.55    -1.08131 ( 91.83%)    -0.87737 (  8.17%)    -1.06465
      36     93.07    -1.07172 ( 92.31%)    -0.87250 (  7.69%)    -1.05640
      37     95.85    -1.05454 ( 93.11%)    -0.86376 (  6.89%)    -1.04139
      38    112.27    -0.96279 ( 96.22%)    -0.81691 (  3.78%)    -0.95727
      39    112.39    -0.96222 ( 96.23%)    -0.81662 (  3.77%)    -0.95673
      40    115.18    -0.94801 ( 96.57%)    -0.80934 (  3.43%)    -0.94325
      41    117.37    -0.93716 ( 96.81%)    -0.80377 (  3.19%)    -0.93290
      42    118.26    -0.93277 ( 96.90%)    -0.80151 (  3.10%)    -0.92871
      43    118.39    -0.93214 ( 96.92%)    -0.80119 (  3.08%)    -0.92810
      44    118.50    -0.93164 ( 96.93%)    -0.80093 (  3.07%)    -0.92762
      45    131.36    -0.87238 ( 97.94%)    -0.77040 (  2.06%)    -0.87028
      46    138.60    -0.84170 ( 98.33%)    -0.75451 (  1.67%)    -0.84025
      47    139.07    -0.83977 ( 98.36%)    -0.75350 (  1.64%)    -0.83835
      48    142.21    -0.82705 ( 98.49%)    -0.74690 (  1.51%)    -0.82585
      49    142.30    -0.82669 ( 98.50%)    -0.74671 (  1.50%)    -0.82549
      50    150.41    -0.79516 ( 98.79%)    -0.73028 (  1.21%)    -0.79438
      51    150.45    -0.79503 ( 98.79%)    -0.73021 (  1.21%)    -0.79425
      52    152.95    -0.78567 ( 98.87%)    -0.72532 (  1.13%)    -0.78499
      53    153.01    -0.78545 ( 98.87%)    -0.72520 (  1.13%)    -0.78477
      54    158.31    -0.76620 ( 99.01%)    -0.71511 (  0.99%)    -0.76569
      55    158.36    -0.76605 ( 99.02%)    -0.71504 (  0.98%)    -0.76555
      56    159.85    -0.76073 ( 99.05%)    -0.71225 (  0.95%)    -0.76028
      57    162.46    -0.75162 ( 99.11%)    -0.70745 (  0.89%)    -0.75123
      58    168.53    -0.73102 ( 99.23%)    -0.69660 (  0.77%)    -0.73075
      59    170.46    -0.72462 ( 99.27%)    -0.69321 (  0.73%)    -0.72439
      60    174.22    -0.71243 ( 99.33%)    -0.68676 (  0.67%)    -0.71226
      61    174.28    -0.71224 ( 99.33%)    -0.68666 (  0.67%)    -0.71206
      62    181.85    -0.68853 ( 99.43%)    -0.67406 (  0.57%)    -0.68845
      63    181.97    -0.68817 ( 99.43%)    -0.67386 (  0.57%)    -0.68809
      64    182.37    -0.68693 ( 99.44%)    -0.67320 (  0.56%)    -0.68685
      65    183.53    -0.68341 ( 99.45%)    -0.67133 (  0.55%)    -0.68335
      66    186.49    -0.67455 ( 99.49%)    -0.66659 (  0.51%)    -0.67451
      67    196.88    -0.64462 ( 99.59%)    -0.65053 (  0.41%)    -0.64464
      68    197.12    -0.64395 ( 99.59%)    -0.65017 (  0.41%)    -0.64398
      69    202.09    -0.63028 ( 99.63%)    -0.64279 (  0.37%)    -0.63032
      70    222.79    -0.57730 ( 99.75%)    -0.61390 (  0.25%)    -0.57740
      71    224.45    -0.57330 ( 99.75%)    -0.61170 (  0.25%)    -0.57340
      72    245.32    -0.52593 ( 99.83%)    -0.58537 (  0.17%)    -0.52603
      73    245.35    -0.52587 ( 99.83%)    -0.58533 (  0.17%)    -0.52597
      74    246.64    -0.52309 ( 99.83%)    -0.58377 (  0.17%)    -0.52319
      75    257.63    -0.50023 ( 99.86%)    -0.57086 (  0.14%)    -0.50033
      76    262.61    -0.49026 ( 99.87%)    -0.56519 (  0.13%)    -0.49036
      77    263.56    -0.48840 ( 99.87%)    -0.56412 (  0.13%)    -0.48849
      78    263.59    -0.48832 ( 99.87%)    -0.56408 (  0.13%)    -0.48842
      79    275.91    -0.46478 ( 99.89%)    -0.55055 (  0.11%)    -0.46488
      80    275.98    -0.46465 ( 99.89%)    -0.55048 (  0.11%)    -0.46475
      81    294.68    -0.43141 ( 99.92%)    -0.53106 (  0.08%)    -0.43149
      82    297.43    -0.42674 ( 99.92%)    -0.52830 (  0.08%)    -0.42682
      83    297.46    -0.42670 ( 99.92%)    -0.52827 (  0.08%)    -0.42678
   ------------------------------------------------------------------------

   temp. (K)  partition function   enthalpy   heat capacity  entropy
                                   cal/mol     cal/K/mol   cal/K/mol   J/K/mol
 298.15  VIB  0.258E+48            56137.897    354.232    357.785
         ROT  0.802E+09              888.752      2.981     43.725
         INT  0.207E+57            57026.650    357.213    401.510
         TR   0.581E+29             1481.254      4.968     47.836
         TOT                       58507.9036   362.1811   449.3459  1880.0631

       T/K    H(0)-H(T)+PV         H(T)/Eh          T*S/Eh         G(T)/Eh
   ------------------------------------------------------------------------
    298.15    0.932383E-01    0.127517E+01    0.213499E+00    0.106167E+01
   ------------------------------------------------------------------------

         :::::::::::::::::::::::::::::::::::::::::::::::::::::
         ::                  THERMODYNAMIC                  ::
         :::::::::::::::::::::::::::::::::::::::::::::::::::::
         :: total free energy        -264.096263151352 Eh   ::
         ::.................................................::
         :: total energy             -265.157930627330 Eh   ::
         :: zero point energy           1.181927914313 Eh   ::
         :: G(RRHO) w/o ZPVE           -0.120260438334 Eh   ::
         :: G(RRHO) contrib.            1.061667475978 Eh   ::
         :::::::::::::::::::::::::::::::::::::::::::::::::::::

           -------------------------------------------------
          | TOTAL ENERGY             -265.157930627330 Eh   |
          | TOTAL ENTHALPY           -263.882764433717 Eh   |
          | TOTAL FREE ENERGY        -264.096263151352 Eh   |
          | GRADIENT NORM               0.000684749477 Eh/α |
          | HOMO-LUMO GAP               1.951613967272 eV   |
           -------------------------------------------------

------------------------------------------------------------------------
 * finished run on 2021/06/21 at 21:05:53.278     
------------------------------------------------------------------------
 total:
 * wall-time:     0 d,  0 h, 12 min, 48.324 sec
 *  cpu-time:     0 d,  0 h, 48 min,  0.966 sec
 * ratio c/w:     3.750 speedup
 SCF:
 * wall-time:     0 d,  0 h,  0 min,  2.132 sec
 *  cpu-time:     0 d,  0 h,  0 min,  7.549 sec
 * ratio c/w:     3.542 speedup
 numerical hessian:
 * wall-time:     0 d,  0 h, 12 min, 44.596 sec
 *  cpu-time:     0 d,  0 h, 47 min, 51.674 sec
 * ratio c/w:     3.756 speedup

