      -----------------------------------------------------------      
     |                   =====================                   |     
     |                           x T B                           |     
     |                   =====================                   |     
     |                         S. Grimme                         |     
     |          Mulliken Center for Theoretical Chemistry        |     
     |                    University of Bonn                     |     
     |                Version 6.2 RC2 (SAW190805)                |     
      -----------------------------------------------------------      

   This program is distributed in the hope that it will be useful,
   but WITHOUT ANY WARRANTY; without even the implied warranty of
   MERCHANTABILITY or FITNESS FOR A PARTICULAR PURPOSE.
   
   FOR NON-COMMERCIAL, ACADEMIA USE ONLY.
   
   Cite this work as:
   * S. Grimme, C. Bannwarth, P. Shushkov, J. Chem. Theory Comput., 2017,
     13, 1989-2009. DOI: 10.1021/acs.jctc.7b00118
   * C. Bannwarth, S. Ehlert and S. Grimme., J. Chem. Theory Comput., 2019,
     15, 1652-1671. DOI: 10.1021/acs.jctc.8b01176
   * P. Pracht, E. Caldeweyher, S. Ehlert, S. Grimme, ChemRxiv, 2019, preprint.
     DOI: 10.26434/chemrxiv.8326202.v1
   
   for DFT-D4:
   * E. Caldeweyher, C. Bannwarth and S. Grimme, J. Chem. Phys., 2017,
     147, 034112. DOI: 10.1063/1.4993215
   * E. Caldeweyher, S. Ehlert, A. Hansen, H. Neugebauer, S. Spicher,
     C. Bannwarth and S. Grimme, J. Chem. Phys., 2019, 150, 154122.
     DOI: 10.1063/1.5090222
   
   for sTDA-xTB:
   * S. Grimme and C. Bannwarth, J. Chem. Phys., 2016, 145, 054103.
     DOI: 10.1063/1.4959605
   
   in the mass-spec context:
   * V. Asgeirsson, C. Bauer and S. Grimme, Chem. Sci., 2017, 8, 4879.
     DOI: 10.1039/c7sc00601b
   
   for metadynamics refer to:
   * S. Grimme, J. Chem. Theory Comput., 2019, 155, 2847-2862
     DOI: 10.1021/acs.jctc.9b00143
   
   with help from (in alphabetical order)
   C. Bannwarth, F. Bohle, G. Brandenburg, E. Caldeweyher, M. Checinski,
   S. Dohm, S. Ehlert, S. Ehrlich, F. März, H. Neugebauer, J. Pisarek,
   P. Pracht, P. Shushkov, and S. Spicher.
   
 * started run on 2021/06/22 at 03:41:16.138     

           -------------------------------------------------
          |                Calculation Setup                |
           -------------------------------------------------

          program call               : /home/atarzia/software/xtb-190806/bin/xtb /data/atarzia/projects/unsymm/screening/production/free_energy_calculations/fe_4c3_c/input_structure.xyz --gfn 2 --hess --parallel 6 --etemp 300 --gbsa dmso --chrg 4 --uhf 0 -I det_control.in
          coordinate file            : /data/atarzia/projects/unsymm/screening/production/free_energy_calculations/fe_4c3_c/input_structure.xyz
          omp threads                :                     6
          number of atoms            :                   202
          number of electrons        :                   624
          charge                     :                     4
          spin                       :                   0.0
          first test random number   :      0.88941412540162


########################################################################
# WARNING! Please study the warnings concerning your input carefully
#  - XTBHOME is not set, using HOME instead
#  - XTBPATH is not set, using XTBHOME instead
#  - Process number higher than OMP_NUM_THREADS, I hope you know what you are doing.
########################################################################

           ------------------------------------------------- 
          |                 G F N 2 - x T B                 |
          | Geometry, Frequencies, Noncovalent interactions |
          |            JCTC 2019 parametrisation            |
           ------------------------------------------------- 
             k(s)              :                1.8500
             k(p)              :                2.2300
             k(d)              :                2.2300
             k(f)              :                2.0000
             kEN (H0ij)        :               -2.0000
             D4 a1             :                0.5200
             D4 a2             :                5.0000
             D4 s6             :                1.0000
             D4 s8             :                2.7000
             D4 s9             :                5.0000
             alphaj            :                2.0000

  Z AO/shell   Hii/eV     exponent
  1     Wed Apr 25 08:07:45 CEST 2018   EN: 2.200 GM2: 0.406  GM3: 0.0800  RAES: 1.40
     1s    -10.707211    1.230000
  6     Wed Apr 25 08:07:45 CEST 2018   EN: 2.550 GM2: 0.538  GM3: 0.1500  RAES: 3.00
     2s    -13.970922    2.096432
     2p    -10.063292    1.800000
  7     Wed Apr 25 08:07:45 CEST 2018   EN: 3.040 GM2: 0.461  GM3:-0.0640  RAES: 1.90
     2s    -16.686243    2.339881
     2p    -12.523956    2.014332
 46     Wed Apr 25 16:26:58 CEST 2018   EN: 2.200 GM2: 0.273  GM3: 0.0800  RAES: 5.00
     4d    -11.963518    2.353691
     5s     -9.714059    1.828354
     5p     -2.035281    1.333352

 Solvent             : dmso
 Using internal parameter file: .param_gbsa2_dmso
 Gsolv ref. state (COSMO-RS): gsolv [1 M gas/solution]
 temperature (mdtemp)       :    298.150000000000     
 dielectric constant        :    46.6800000000000     
 rho                        :    1.10000000000000     
 mass                       :    78.1300000000000     
 surface tension            :    15.5689454083859     
 probe radius               :   0.949087640000000     
 vdW radii scaling          :    1.00000000000000     
 Gshift (Eh)                :   5.161738145414381E-003
 c1                         :    1.63948621000000     
 soset                      :   1.179665000000000E-002
 HB correction              :  T
           ------------------------------------------------- 
          |        Self-Consistent Charge Iterations        |
           ------------------------------------------------- 

          ...................................................
          :                      SETUP                      :
          :.................................................:
          :  # basis functions                 616          :
          :  # atomic orbitals                 614          :
          :  # shells                          338          :
          :  # electrons                       624          :
          :  max. iterations                   250          :
          :  Hamiltonian                  GFN2-xTB          :
          :  restarted?                      false          :
          :  GBSA solvation                   true          :
          :  PC potential                    false          :
          :  electronic temp.          300.0000000     K    :
          :  accuracy                    1.0000000          :
          :  -> integral cutoff          0.2500000E+02      :
          :  -> integral neglect         0.1000000E-07      :
          :  -> SCF convergence          0.1000000E-05 Eh   :
          :  -> wf. convergence          0.1000000E-03 e    :
          :  Broyden damping             0.4000000          :
          ...................................................

 iter      E             dE          RMSdq      gap      omega  full diag
   1   -340.1729625 -0.340173E+03  0.519E+00    2.09       0.0  T
   2   -340.7077326 -0.534770E+00  0.325E+00    1.14       1.0  T
   3   -340.5201658  0.187567E+00  0.179E+00    1.76       1.0  T
   4   -340.8175611 -0.297395E+00  0.928E-01    1.36       1.0  T
   5   -340.9389048 -0.121344E+00  0.363E-01    1.49       1.0  T
   6   -340.9624604 -0.235555E-01  0.139E-01    1.49       1.0  T
   7   -340.9647517 -0.229135E-02  0.601E-02    1.51       1.0  T
   8   -340.9649277 -0.175990E-03  0.322E-02    1.50       1.0  T
   9   -340.9649677 -0.399578E-04  0.153E-02    1.50       1.0  T
  10   -340.9649881 -0.204217E-04  0.777E-03    1.50       1.0  T
  11   -340.9649922 -0.415601E-05  0.483E-03    1.51       1.5  T
  12   -340.9649947 -0.245753E-05  0.184E-03    1.51       3.8  T
  13   -340.9649948 -0.137526E-06  0.797E-04    1.51       8.8  T
  14   -340.9649949 -0.423931E-07  0.417E-04    1.51      16.9  T

   *** convergence criteria satisfied after 14 iterations ***

         #    Occupation            Energy/Eh            Energy/eV
      -------------------------------------------------------------
         1        2.0000           -0.7248444             -19.7240
       ...           ...                  ...                  ...
       306        2.0000           -0.3871765             -10.5356
       307        2.0000           -0.3871434             -10.5347
       308        2.0000           -0.3871127             -10.5339
       309        2.0000           -0.3740072             -10.1773
       310        2.0000           -0.3724700             -10.1354
       311        2.0000           -0.3724282             -10.1343
       312        2.0000           -0.3717150             -10.1149 (HOMO)
       313                         -0.3163824              -8.6092 (LUMO)
       314                         -0.3163571              -8.6085
       315                         -0.3141786              -8.5492
       316                         -0.3141394              -8.5482
       317                         -0.3017570              -8.2112
       ...                                ...                  ...
       614                          1.4906844              40.5636
      -------------------------------------------------------------
                  HL-Gap            0.0553326 Eh            1.5057 eV
             Fermi-level           -0.3440487 Eh           -9.3620 eV

 SCC (total)                   0 d,  0 h,  0 min,  3.982 sec
 SCC setup                      ...        0 min,  0.158 sec (  3.957%)
 Dispersion                     ...        0 min,  0.051 sec (  1.276%)
 integral evaluation            ...        0 min,  0.525 sec ( 13.181%)
 zeroth order Hamiltonian       ...        0 min,  0.006 sec (  0.160%)
 iterations                     ...        0 min,  2.913 sec ( 73.145%)
 molecular gradient             ...        0 min,  0.315 sec (  7.900%)
 printout                       ...        0 min,  0.015 sec (  0.379%)

         :::::::::::::::::::::::::::::::::::::::::::::::::::::
         ::                     SUMMARY                     ::
         :::::::::::::::::::::::::::::::::::::::::::::::::::::
         :: total energy            -334.588687564708 Eh    ::
         :: total w/o Gsasa/hb      -334.440694539549 Eh    ::
         :: gradient norm              0.000781155562 Eh/a0 ::
         :: HOMO-LUMO gap              1.505677431448 eV    ::
         ::.................................................::
         :: SCC energy              -341.092262803600 Eh    ::
         :: -> isotropic ES            0.562239864447 Eh    ::
         :: -> anisotropic ES         -0.063589699768 Eh    ::
         :: -> anisotropic XC          0.221284666405 Eh    ::
         :: -> dispersion             -0.320277008363 Eh    ::
         :: -> Gsolv                  -0.620733780708 Eh    ::
         ::    -> Gborn               -0.472740755549 Eh    ::
         ::    -> Gsasa               -0.132429668970 Eh    ::
         ::    -> Ghb                 -0.020725094335 Eh    ::
         ::    -> Gshift               0.005161738145 Eh    ::
         :: repulsion energy           6.492739567371 Eh    ::
         :: add. restraining           0.000000000000 Eh    ::
         :::::::::::::::::::::::::::::::::::::::::::::::::::::

           ------------------------------------------------- 
          |                Numerical Hessian                |
           ------------------------------------------------- 
step length          :   0.00500
SCC accuracy         :   0.30000
Hessian scale factor :   1.00000
frozen atoms in %    :   0.00000    0
RMS gradient         :   0.00078
estimated CPU  time    195.23 min
estimated wall time     48.84 min

writing file <hessian>.

 projected vibrational frequencies (cm-1)
eigval :       -0.00    -0.00    -0.00     0.00     0.00     0.00
eigval :        3.33     4.98     7.46     9.14     9.70    11.60
eigval :       11.93    16.45    17.30    17.59    19.04    24.37
eigval :       26.41    28.12    28.36    30.63    31.53    36.21
eigval :       37.06    40.30    41.96    49.80    51.71    52.63
eigval :       54.06    54.81    55.46    57.76    59.08    59.37
eigval :       62.15    68.45    75.77    76.73    78.22    84.66
eigval :       87.06    90.43    90.98    94.35    95.37    96.21
eigval :       98.92    99.82   107.84   110.82   112.20   115.33
eigval :      121.64   122.59   125.94   126.39   132.69   134.61
eigval :      134.96   136.79   140.32   145.90   154.87   155.52
eigval :      158.46   160.22   162.80   163.23   165.42   165.76
eigval :      171.30   173.08   177.36   179.24   182.85   185.17
eigval :      190.86   194.20   195.48   205.59   210.71   212.48
eigval :      213.44   217.47   219.21   220.55   229.71   230.46
eigval :      236.03   240.53   245.50   246.83   249.45   250.59
eigval :      253.15   255.39   262.26   262.82   263.88   264.31
eigval :      272.88   273.71   275.55   275.93   302.85   305.91
eigval :      305.96   307.90   308.49   309.28   312.06   312.21
eigval :      338.05   338.20   339.81   340.13   386.12   386.79
eigval :      387.73   387.78   388.09   388.75   391.33   392.18
eigval :      392.36   393.03   393.49   393.66   395.73   396.02
eigval :      398.22   398.58   418.77   419.05   421.40   421.74
eigval :      424.76   425.90   426.03   426.05   433.10   433.14
eigval :      433.28   433.42   433.95   434.03   434.41   434.54
eigval :      442.65   443.15   444.68   445.20   452.60   452.90
eigval :      453.97   454.13   466.16   466.46   467.29   467.62
eigval :      472.74   472.92   473.17   473.74   486.08   486.92
eigval :      487.52   487.90   506.85   507.31   509.53   509.67
eigval :      511.37   511.82   513.56   513.66   515.43   516.51
eigval :      517.50   518.27   523.82   524.01   524.06   524.13
eigval :      537.70   537.91   538.69   538.99   553.55   554.79
eigval :      556.17   556.75   566.28   566.33   566.39   567.95
eigval :      581.79   582.51   583.47   584.16   603.83   604.09
eigval :      604.20   604.31   615.90   615.95   616.03   616.15
eigval :      622.26   622.43   624.21   624.37   624.88   624.97
eigval :      625.88   626.09   665.78   665.86   669.84   670.08
eigval :      670.21   670.36   671.32   671.65   682.77   683.31
eigval :      683.34   683.46   692.09   692.22   693.20   693.38
eigval :      710.93   711.38   711.51   711.75   724.86   725.13
eigval :      725.60   725.71   754.95   755.40   755.78   756.18
eigval :      774.12   774.71   778.05   778.53   778.65   778.83
eigval :      779.10   779.40   801.81   802.94   803.65   804.07
eigval :      817.08   817.41   817.61   818.69   819.95   820.24
eigval :      820.68   821.18   821.28   821.78   822.10   822.37
eigval :      830.29   830.48   831.72   832.00   848.85   849.06
eigval :      849.34   849.73   850.09   850.32   856.04   856.73
eigval :      858.36   858.46   858.81   859.19   860.54   860.71
eigval :      861.49   862.12   862.79   863.70   863.85   864.38
eigval :      872.18   872.34   873.10   873.51   889.33   889.88
eigval :      892.37   892.83   893.94   894.20   894.27   894.53
eigval :      899.08   899.68   901.08   901.52   902.55   903.05
eigval :      903.43   903.62   906.77   907.68   907.91   909.50
eigval :      910.25   910.94   911.33   912.45   929.36   929.66
eigval :      929.88   930.68   932.96   933.24   934.12   934.61
eigval :      950.47   951.67   953.05   953.19   996.46   997.12
eigval :      999.95  1000.43  1016.13  1016.18  1016.35  1016.65
eigval :     1045.46  1045.60  1046.46  1046.57  1077.92  1078.01
eigval :     1081.68  1082.28  1084.56  1084.67  1087.55  1087.68
eigval :     1104.79  1105.17  1106.03  1106.07  1119.57  1119.60
eigval :     1122.05  1122.31  1125.74  1126.28  1126.78  1127.03
eigval :     1143.87  1144.00  1144.01  1144.15  1149.30  1149.58
eigval :     1150.05  1150.53  1156.22  1156.38  1157.02  1157.46
eigval :     1160.25  1161.20  1162.56  1162.88  1166.82  1167.86
eigval :     1168.24  1169.48  1169.57  1170.15  1173.20  1173.57
eigval :     1187.20  1187.29  1188.09  1188.44  1200.02  1200.57
eigval :     1201.68  1201.82  1213.42  1213.59  1213.76  1214.07
eigval :     1219.87  1220.40  1220.86  1221.51  1229.46  1230.19
eigval :     1230.88  1230.98  1233.37  1234.08  1236.97  1237.80
eigval :     1239.25  1239.42  1241.70  1242.17  1279.38  1279.95
eigval :     1280.17  1280.34  1293.70  1293.78  1294.19  1294.68
eigval :     1297.55  1297.83  1299.26  1299.42  1300.20  1300.70
eigval :     1301.29  1301.94  1319.45  1319.77  1321.73  1321.91
eigval :     1336.37  1336.63  1338.62  1339.02  1339.30  1339.32
eigval :     1339.56  1339.69  1359.07  1359.23  1359.86  1360.77
eigval :     1368.75  1369.06  1370.06  1370.90  1373.30  1373.42
eigval :     1374.31  1374.54  1381.08  1381.36  1383.06  1383.20
eigval :     1400.76  1400.86  1401.32  1401.33  1416.18  1416.21
eigval :     1416.55  1416.61  1418.33  1418.46  1419.69  1419.87
eigval :     1431.61  1431.74  1432.66  1432.87  1446.48  1446.58
eigval :     1447.61  1448.22  1468.25  1468.32  1468.72  1468.76
eigval :     1481.00  1481.15  1483.35  1483.56  1487.08  1487.16
eigval :     1488.04  1488.37  1521.50  1521.64  1522.53  1522.70
eigval :     1529.43  1529.64  1529.86  1530.13  1542.44  1542.65
eigval :     1542.88  1543.88  1559.42  1559.54  1560.40  1560.69
eigval :     1561.94  1562.03  1562.13  1562.45  1566.36  1566.43
eigval :     1567.45  1567.81  1569.24  1569.37  1570.23  1570.27
eigval :     1587.87  1587.92  1589.15  1589.56  1606.38  1606.47
eigval :     1606.54  1606.82  2293.06  2293.34  2298.26  2298.38
eigval :     2299.49  2300.23  2300.73  2301.26  2977.52  2979.28
eigval :     2989.85  2990.57  2991.03  2991.76  2995.58  2996.27
eigval :     2997.52  2997.95  3006.33  3007.46  3018.40  3019.80
eigval :     3020.31  3020.79  3083.00  3083.06  3083.82  3084.04
eigval :     3084.35  3084.40  3084.44  3085.41  3091.31  3092.05
eigval :     3092.16  3092.83  3096.87  3097.00  3097.07  3097.75
eigval :     3097.84  3098.01  3099.52  3100.19  3102.59  3102.93
eigval :     3103.35  3103.49  3107.65  3107.91  3108.02  3108.25
eigval :     3108.30  3108.40  3108.42  3108.44  3108.49  3108.89
eigval :     3110.22  3110.45  3111.53  3111.57  3111.65  3111.73
eigval :     3111.87  3112.46  3114.70  3116.40  3118.83  3119.06
eigval :     3119.12  3119.56  3474.83  3476.08  3476.43  3477.63
           -------------------------------------------------
          |                Property Printout                |
           -------------------------------------------------

    * Orbital Energies and Occupations

         #    Occupation            Energy/Eh            Energy/eV
      -------------------------------------------------------------
         1        2.0000           -0.7248437             -19.7240
       ...           ...                  ...                  ...
       300        2.0000           -0.4031309             -10.9697
       301        2.0000           -0.4024388             -10.9509
       302        2.0000           -0.4018661             -10.9353
       303        2.0000           -0.4015423             -10.9265
       304        2.0000           -0.4009018             -10.9091
       305        2.0000           -0.3880634             -10.5597
       306        2.0000           -0.3871751             -10.5356
       307        2.0000           -0.3871416             -10.5347
       308        2.0000           -0.3871105             -10.5338
       309        2.0000           -0.3740073             -10.1773
       310        2.0000           -0.3724680             -10.1354
       311        2.0000           -0.3724262             -10.1342
       312        2.0000           -0.3717153             -10.1149 (HOMO)
       313                         -0.3163820              -8.6092 (LUMO)
       314                         -0.3163567              -8.6085
       315                         -0.3141775              -8.5492
       316                         -0.3141383              -8.5481
       317                         -0.3017544              -8.2112
       318                         -0.3016350              -8.2079
       319                         -0.3003187              -8.1721
       320                         -0.3000093              -8.1637
       321                         -0.2901183              -7.8945
       322                         -0.2897637              -7.8849
       323                         -0.2887912              -7.8584
       ...                                ...                  ...
       614                          1.4906845              40.5636
      -------------------------------------------------------------
                  HL-Gap            0.0553333 Eh            1.5057 eV
             Fermi-level           -0.3440486 Eh           -9.3620 eV

     #   Z        covCN         q      C6AA      α(0)
     1  46 Pd     3.471    -0.082   274.269    34.154
     2  46 Pd     3.469    -0.081   274.248    34.153
     3   6 C      1.984    -0.019    31.547     9.070
     4   6 C      1.981    -0.045    32.267     9.173
     5   6 C      2.966     0.045    26.977     8.520
     6   6 C      2.925    -0.024    28.598     8.770
     7   6 C      2.914    -0.016    28.421     8.742
     8   6 C      2.914    -0.033    28.821     8.803
     9   6 C      2.989     0.028    27.375     8.583
    10   6 C      2.912    -0.034    28.841     8.806
    11   6 C      2.896     0.041    27.079     8.532
    12   7 N      2.659    -0.087    22.951     7.115
    13   6 C      2.897     0.058    26.700     8.472
    14   6 C      2.987    -0.004    28.117     8.698
    15   1 H      0.926     0.065     2.141     2.288
    16   1 H      0.926     0.059     2.212     2.326
    17   1 H      0.926     0.063     2.164     2.300
    18   1 H      0.926     0.088     1.901     2.156
    19   1 H      0.925     0.113     1.670     2.021
    20   1 H      0.925     0.116     1.646     2.006
    21   6 C      2.973     0.023    27.499     8.602
    22   6 C      2.935    -0.035    28.871     8.812
    23   6 C      2.908    -0.053    29.312     8.878
    24   6 C      3.077     0.055    26.683     8.469
    25   7 N      2.753    -0.132    23.851     7.253
    26   6 C      3.075     0.060    26.589     8.454
    27   6 C      2.907    -0.052    29.294     8.875
    28   6 C      2.933    -0.031    28.774     8.797
    29   6 C      2.972     0.024    27.459     8.595
    30   6 C      2.919    -0.032    28.807     8.801
    31   6 C      3.069    -0.017    28.352     8.731
    32   6 C      3.067    -0.018    28.391     8.737
    33   6 C      2.917    -0.035    28.866     8.810
    34   1 H      0.926     0.043     2.406     2.426
    35   1 H      0.926     0.036     2.502     2.474
    36   1 H      0.860     0.200     1.108     1.649
    37   1 H      0.926     0.034     2.526     2.485
    38   1 H      0.926     0.044     2.395     2.420
    39   1 H      0.926     0.068     2.108     2.271
    40   1 H      0.926     0.065     2.139     2.287
    41   6 C      1.985    -0.009    31.301     9.035
    42   6 C      1.980    -0.045    32.258     9.172
    43   6 C      2.965     0.049    26.896     8.507
    44   6 C      2.931    -0.009    28.235     8.714
    45   6 C      2.911    -0.029    28.733     8.790
    46   6 C      2.906     0.047    26.940     8.511
    47   7 N      2.665    -0.086    22.920     7.110
    48   6 C      2.908     0.046    26.978     8.517
    49   1 H      0.926     0.083     1.947     2.182
    50   1 H      0.926     0.090     1.877     2.142
    51   1 H      0.925     0.118     1.628     1.995
    52   1 H      0.925     0.128     1.548     1.946
    53   6 C      1.986    -0.017    31.511     9.065
    54   6 C      1.980    -0.044    32.250     9.171
    55   6 C      2.966     0.045    26.991     8.522
    56   6 C      2.924    -0.024    28.607     8.771
    57   6 C      2.915    -0.017    28.433     8.744
    58   6 C      2.914    -0.033    28.820     8.803
    59   6 C      2.989     0.027    27.392     8.585
    60   6 C      2.912    -0.033    28.833     8.805
    61   6 C      2.893     0.041    27.069     8.530
    62   7 N      2.660    -0.092    23.047     7.130
    63   6 C      2.903     0.057    26.712     8.474
    64   6 C      2.989    -0.007    28.191     8.710
    65   1 H      0.926     0.067     2.115     2.274
    66   1 H      0.926     0.060     2.198     2.318
    67   1 H      0.926     0.063     2.166     2.301
    68   1 H      0.926     0.087     1.910     2.161
    69   1 H      0.925     0.114     1.661     2.015
    70   1 H      0.925     0.114     1.659     2.014
    71   6 C      2.973     0.021    27.526     8.606
    72   6 C      2.939    -0.034    28.855     8.810
    73   6 C      2.908    -0.050    29.251     8.868
    74   6 C      3.081     0.054    26.705     8.472
    75   7 N      2.754    -0.126    23.732     7.235
    76   6 C      3.078     0.054    26.717     8.474
    77   6 C      2.908    -0.050    29.243     8.867
    78   6 C      2.934    -0.030    28.756     8.794
    79   6 C      2.973     0.020    27.550     8.610
    80   6 C      2.919    -0.029    28.714     8.787
    81   6 C      3.070    -0.024    28.534     8.759
    82   6 C      3.067    -0.023    28.501     8.754
    83   6 C      2.916    -0.032    28.810     8.802
    84   1 H      0.926     0.044     2.391     2.418
    85   1 H      0.926     0.038     2.477     2.461
    86   1 H      0.860     0.197     1.120     1.658
    87   1 H      0.926     0.035     2.517     2.481
    88   1 H      0.926     0.044     2.400     2.423
    89   1 H      0.926     0.072     2.062     2.245
    90   1 H      0.926     0.070     2.083     2.257
    91   6 C      1.986    -0.006    31.225     9.024
    92   6 C      1.980    -0.045    32.252     9.171
    93   6 C      2.964     0.047    26.945     8.514
    94   6 C      2.930    -0.008    28.229     8.713
    95   6 C      2.912    -0.029    28.732     8.790
    96   6 C      2.900     0.049    26.894     8.503
    97   7 N      2.666    -0.092    23.039     7.129
    98   6 C      2.916     0.043    27.043     8.528
    99   1 H      0.926     0.085     1.928     2.171
   100   1 H      0.926     0.090     1.881     2.145
   101   1 H      0.925     0.118     1.629     1.996
   102   1 H      0.925     0.128     1.548     1.946
   103   6 C      1.986    -0.017    31.510     9.065
   104   6 C      1.980    -0.045    32.254     9.172
   105   6 C      2.966     0.045    26.992     8.522
   106   6 C      2.925    -0.024    28.610     8.772
   107   6 C      2.914    -0.017    28.432     8.744
   108   6 C      2.914    -0.033    28.820     8.803
   109   6 C      2.989     0.027    27.393     8.585
   110   6 C      2.912    -0.033    28.833     8.805
   111   6 C      2.894     0.042    27.064     8.529
   112   7 N      2.661    -0.093    23.066     7.133
   113   6 C      2.902     0.057    26.711     8.474
   114   6 C      2.988    -0.007    28.188     8.709
   115   1 H      0.926     0.067     2.119     2.276
   116   1 H      0.926     0.060     2.200     2.320
   117   1 H      0.926     0.063     2.167     2.302
   118   1 H      0.926     0.087     1.910     2.161
   119   1 H      0.925     0.115     1.658     2.013
   120   1 H      0.925     0.114     1.659     2.014
   121   6 C      2.973     0.022    27.519     8.605
   122   6 C      2.940    -0.034    28.849     8.809
   123   6 C      2.908    -0.050    29.251     8.868
   124   6 C      3.081     0.054    26.696     8.470
   125   7 N      2.754    -0.126    23.739     7.236
   126   6 C      3.078     0.054    26.710     8.473
   127   6 C      2.908    -0.050    29.250     8.868
   128   6 C      2.935    -0.031    28.763     8.796
   129   6 C      2.972     0.020    27.558     8.611
   130   6 C      2.919    -0.028    28.710     8.787
   131   6 C      3.069    -0.024    28.540     8.760
   132   6 C      3.066    -0.023    28.498     8.754
   133   6 C      2.915    -0.033    28.812     8.802
   134   1 H      0.926     0.044     2.393     2.419
   135   1 H      0.926     0.037     2.483     2.464
   136   1 H      0.860     0.198     1.118     1.656
   137   1 H      0.926     0.035     2.514     2.480
   138   1 H      0.926     0.044     2.398     2.421
   139   1 H      0.926     0.072     2.062     2.246
   140   1 H      0.926     0.070     2.082     2.257
   141   6 C      1.986    -0.006    31.223     9.024
   142   6 C      1.980    -0.045    32.252     9.171
   143   6 C      2.964     0.047    26.950     8.515
   144   6 C      2.930    -0.008    28.227     8.713
   145   6 C      2.912    -0.029    28.732     8.790
   146   6 C      2.901     0.049    26.890     8.502
   147   7 N      2.666    -0.093    23.055     7.131
   148   6 C      2.915     0.043    27.045     8.528
   149   1 H      0.926     0.085     1.929     2.172
   150   1 H      0.926     0.090     1.879     2.144
   151   1 H      0.925     0.118     1.626     1.994
   152   1 H      0.925     0.128     1.553     1.949
   153   6 C      1.984    -0.019    31.545     9.070
   154   6 C      1.980    -0.045    32.266     9.173
   155   6 C      2.966     0.045    26.977     8.519
   156   6 C      2.925    -0.024    28.598     8.770
   157   6 C      2.914    -0.016    28.421     8.742
   158   6 C      2.914    -0.033    28.820     8.803
   159   6 C      2.989     0.028    27.375     8.583
   160   6 C      2.912    -0.034    28.840     8.806
   161   6 C      2.896     0.041    27.078     8.532
   162   7 N      2.659    -0.088    22.963     7.117
   163   6 C      2.897     0.058    26.697     8.472
   164   6 C      2.987    -0.004    28.118     8.698
   165   1 H      0.926     0.065     2.140     2.287
   166   1 H      0.926     0.059     2.211     2.325
   167   1 H      0.926     0.063     2.164     2.300
   168   1 H      0.926     0.088     1.901     2.156
   169   1 H      0.925     0.113     1.671     2.021
   170   1 H      0.925     0.116     1.644     2.005
   171   6 C      2.973     0.023    27.498     8.602
   172   6 C      2.935    -0.035    28.871     8.812
   173   6 C      2.908    -0.053    29.312     8.878
   174   6 C      3.077     0.055    26.683     8.469
   175   7 N      2.753    -0.132    23.850     7.253
   176   6 C      3.075     0.060    26.588     8.454
   177   6 C      2.907    -0.052    29.293     8.875
   178   6 C      2.932    -0.031    28.773     8.797
   179   6 C      2.972     0.024    27.460     8.596
   180   6 C      2.919    -0.032    28.808     8.802
   181   6 C      3.069    -0.017    28.351     8.731
   182   6 C      3.067    -0.018    28.389     8.737
   183   6 C      2.917    -0.035    28.865     8.810
   184   1 H      0.926     0.043     2.406     2.426
   185   1 H      0.926     0.036     2.502     2.474
   186   1 H      0.860     0.199     1.109     1.649
   187   1 H      0.926     0.034     2.526     2.485
   188   1 H      0.926     0.044     2.395     2.420
   189   1 H      0.926     0.068     2.109     2.271
   190   1 H      0.926     0.065     2.140     2.288
   191   6 C      1.985    -0.009    31.299     9.035
   192   6 C      1.980    -0.045    32.260     9.172
   193   6 C      2.965     0.049    26.896     8.507
   194   6 C      2.931    -0.009    28.235     8.714
   195   6 C      2.911    -0.029    28.733     8.790
   196   6 C      2.905     0.047    26.941     8.511
   197   7 N      2.665    -0.087    22.937     7.113
   198   6 C      2.909     0.046    26.977     8.517
   199   1 H      0.926     0.083     1.946     2.181
   200   1 H      0.926     0.090     1.876     2.142
   201   1 H      0.925     0.118     1.629     1.996
   202   1 H      0.925     0.128     1.548     1.946

 Mol. C6AA /au·bohr⁶  :     682380.085565
 Mol. C8AA /au·bohr⁸  :   19000907.322543
 Mol. α(0) /au        :       1351.587659


Wiberg/Mayer (AO) data.
largest (>0.10) Wiberg bond orders for each atom
          total WBO             WBO to atom ...
     1  Pd  3.479        N   47 0.604    N   97 0.600    N  162 0.600    N  112 0.597
     2  Pd  3.478        N  197 0.604    N   12 0.600    N  147 0.600    N   62 0.597
     3  C   3.936        C    4 2.632    C   21 1.121
     4  C   3.944        C    3 2.632    C    5 1.134
     5  C   3.984        C    6 1.452    C   14 1.202    C    4 1.134
     6  C   3.979        C    5 1.452    C    7 1.347    H   15 0.967
     7  C   3.983        C    8 1.522    C    6 1.347    H   16 0.968
     8  C   3.953        C    7 1.522    C    9 1.294    H   17 0.966
     9  C   3.988        C    8 1.294    C   10 1.273    C   14 1.230
    10  C   3.980        C   11 1.556    C    9 1.273    H   18 0.960    C   13 0.104
    11  C   3.969        C   10 1.556    N   12 1.245    H   19 0.917
    12  N   3.538        C   13 1.433    C   11 1.245    Pd   2 0.600
    13  C   3.968        N   12 1.433    C   14 1.318    H   20 0.915    C   10 0.104
    14  C   3.982        C   13 1.318    C    9 1.230    C    5 1.202
    15  H   0.995        C    6 0.967
    16  H   0.995        C    7 0.968
    17  H   0.995        C    8 0.966
    18  H   0.991        C   10 0.960
    19  H   0.986        C   11 0.917
    20  H   0.985        C   13 0.915
    21  C   3.977        C   33 1.390    C   22 1.311    C    3 1.121
    22  C   3.961        C   23 1.491    C   21 1.311    H   34 0.970
    23  C   3.982        C   22 1.491    C   24 1.344    H   35 0.967
    24  C   3.940        C   23 1.344    C   32 1.252    N   25 1.163
    25  N   3.511        C   26 1.180    C   24 1.163    H   36 0.931
    26  C   3.935        C   27 1.335    C   31 1.240    N   25 1.180
    27  C   3.983        C   28 1.503    C   26 1.335    H   37 0.967
    28  C   3.956        C   27 1.503    C   29 1.300    H   38 0.970
    29  C   3.976        C   30 1.370    C   28 1.300    C   41 1.148
    30  C   3.959        C   31 1.396    C   29 1.370    H   39 0.965
    31  C   3.977        C   30 1.396    C   26 1.240    C   32 1.140
    32  C   3.978        C   33 1.382    C   24 1.252    C   31 1.140
    33  C   3.970        C   21 1.390    C   32 1.382    H   40 0.966
    34  H   0.998        C   22 0.970
    35  H   0.997        C   23 0.967
    36  H   0.959        N   25 0.931
    37  H   0.997        C   27 0.967
    38  H   0.998        C   28 0.970
    39  H   0.995        C   30 0.965
    40  H   0.995        C   33 0.966
    41  C   3.944        C   42 2.622    C   29 1.148
    42  C   3.947        C   41 2.622    C   43 1.152
    43  C   3.982        C   48 1.340    C   44 1.328    C   42 1.152
    44  C   3.963        C   45 1.462    C   43 1.328    H   49 0.964
    45  C   3.980        C   44 1.462    C   46 1.417    H   50 0.961
    46  C   3.925        C   45 1.417    N   47 1.339    H   51 0.911
    47  N   3.549        C   48 1.368    C   46 1.339    Pd   1 0.604
    48  C   3.949        N   47 1.368    C   43 1.340    H   52 0.912
    49  H   0.991        C   44 0.964
    50  H   0.990        C   45 0.961
    51  H   0.985        C   46 0.911
    52  H   0.983        C   48 0.912
    53  C   3.935        C   54 2.630    C   71 1.121
    54  C   3.944        C   53 2.630    C   55 1.134
    55  C   3.984        C   56 1.453    C   64 1.199    C   54 1.134
    56  C   3.979        C   55 1.453    C   57 1.347    H   65 0.967
    57  C   3.983        C   58 1.523    C   56 1.347    H   66 0.967
    58  C   3.953        C   57 1.523    C   59 1.293    H   67 0.966
    59  C   3.989        C   58 1.293    C   60 1.274    C   64 1.229
    60  C   3.980        C   61 1.553    C   59 1.274    H   68 0.960    C   63 0.105
    61  C   3.969        C   60 1.553    N   62 1.248    H   69 0.920
    62  N   3.534        C   63 1.429    C   61 1.248    Pd   2 0.597
    63  C   3.969        N   62 1.429    C   64 1.321    H   70 0.912    C   60 0.105
    64  C   3.982        C   63 1.321    C   59 1.229    C   55 1.199
    65  H   0.995        C   56 0.967
    66  H   0.995        C   57 0.967
    67  H   0.995        C   58 0.966
    68  H   0.991        C   60 0.960
    69  H   0.985        C   61 0.920
    70  H   0.985        C   63 0.912
    71  C   3.976        C   83 1.394    C   72 1.307    C   53 1.121
    72  C   3.960        C   73 1.494    C   71 1.307    H   84 0.970
    73  C   3.982        C   72 1.494    C   74 1.342    H   85 0.966
    74  C   3.940        C   73 1.342    C   82 1.253    N   75 1.163
    75  N   3.514        C   76 1.181    C   74 1.163    H   86 0.931
    76  C   3.935        C   77 1.333    C   81 1.241    N   75 1.181
    77  C   3.982        C   78 1.503    C   76 1.333    H   87 0.967
    78  C   3.957        C   77 1.503    C   79 1.298    H   88 0.970
    79  C   3.976        C   80 1.370    C   78 1.298    C   91 1.148
    80  C   3.959        C   81 1.394    C   79 1.370    H   89 0.965
    81  C   3.976        C   80 1.394    C   76 1.241    C   82 1.139
    82  C   3.977        C   83 1.380    C   74 1.253    C   81 1.139
    83  C   3.970        C   71 1.394    C   82 1.380    H   90 0.965
    84  H   0.998        C   72 0.970
    85  H   0.996        C   73 0.966
    86  H   0.960        N   75 0.931
    87  H   0.997        C   77 0.967
    88  H   0.998        C   78 0.970
    89  H   0.994        C   80 0.965
    90  H   0.994        C   83 0.965
    91  C   3.944        C   92 2.622    C   79 1.148
    92  C   3.947        C   91 2.622    C   93 1.152
    93  C   3.982        C   98 1.344    C   94 1.325    C   92 1.152
    94  C   3.963        C   95 1.466    C   93 1.325    H   99 0.964
    95  C   3.980        C   94 1.466    C   96 1.412    H  100 0.962
    96  C   3.924        C   95 1.412    N   97 1.345    H  101 0.916
    97  N   3.545        C   98 1.362    C   96 1.345    Pd   1 0.600
    98  C   3.949        N   97 1.362    C   93 1.344    H  102 0.907
    99  H   0.991        C   94 0.964
   100  H   0.990        C   95 0.962
   101  H   0.985        C   96 0.916
   102  H   0.983        C   98 0.907
   103  C   3.935        C  104 2.630    C  121 1.121
   104  C   3.944        C  103 2.630    C  105 1.135
   105  C   3.984        C  106 1.451    C  114 1.200    C  104 1.135
   106  C   3.978        C  105 1.451    C  107 1.348    H  115 0.967
   107  C   3.983        C  108 1.522    C  106 1.348    H  116 0.967
   108  C   3.953        C  107 1.522    C  109 1.293    H  117 0.966
   109  C   3.989        C  108 1.293    C  110 1.274    C  114 1.229
   110  C   3.980        C  111 1.553    C  109 1.274    H  118 0.960    C  113 0.105
   111  C   3.969        C  110 1.553    N  112 1.247    H  119 0.919
   112  N   3.534        C  113 1.429    C  111 1.247    Pd   1 0.597
   113  C   3.968        N  112 1.429    C  114 1.321    H  120 0.913    C  110 0.105
   114  C   3.981        C  113 1.321    C  109 1.229    C  105 1.200
   115  H   0.995        C  106 0.967
   116  H   0.995        C  107 0.967
   117  H   0.995        C  108 0.966
   118  H   0.991        C  110 0.960
   119  H   0.985        C  111 0.919
   120  H   0.985        C  113 0.913
   121  C   3.976        C  133 1.394    C  122 1.306    C  103 1.121
   122  C   3.960        C  123 1.494    C  121 1.306    H  134 0.970
   123  C   3.982        C  122 1.494    C  124 1.342    H  135 0.966
   124  C   3.940        C  123 1.342    C  132 1.253    N  125 1.164
   125  N   3.514        C  126 1.182    C  124 1.164    H  136 0.931
   126  C   3.935        C  127 1.332    C  131 1.240    N  125 1.182
   127  C   3.982        C  128 1.504    C  126 1.332    H  137 0.967
   128  C   3.957        C  127 1.504    C  129 1.298    H  138 0.970
   129  C   3.976        C  130 1.370    C  128 1.298    C  141 1.149
   130  C   3.959        C  131 1.395    C  129 1.370    H  139 0.965
   131  C   3.976        C  130 1.395    C  126 1.240    C  132 1.139
   132  C   3.977        C  133 1.380    C  124 1.253    C  131 1.139
   133  C   3.970        C  121 1.394    C  132 1.380    H  140 0.965
   134  H   0.998        C  122 0.970
   135  H   0.996        C  123 0.966
   136  H   0.960        N  125 0.931
   137  H   0.997        C  127 0.967
   138  H   0.998        C  128 0.970
   139  H   0.994        C  130 0.965
   140  H   0.994        C  133 0.965
   141  C   3.944        C  142 2.621    C  129 1.149
   142  C   3.947        C  141 2.621    C  143 1.152
   143  C   3.982        C  148 1.344    C  144 1.325    C  142 1.152
   144  C   3.963        C  145 1.466    C  143 1.325    H  149 0.964
   145  C   3.980        C  144 1.466    C  146 1.412    H  150 0.962
   146  C   3.924        C  145 1.412    N  147 1.345    H  151 0.916
   147  N   3.544        C  148 1.361    C  146 1.345    Pd   2 0.600
   148  C   3.949        N  147 1.361    C  143 1.344    H  152 0.908
   149  H   0.991        C  144 0.964
   150  H   0.990        C  145 0.962
   151  H   0.985        C  146 0.916
   152  H   0.983        C  148 0.908
   153  C   3.936        C  154 2.633    C  171 1.121
   154  C   3.944        C  153 2.633    C  155 1.133
   155  C   3.984        C  156 1.452    C  164 1.202    C  154 1.133
   156  C   3.979        C  155 1.452    C  157 1.347    H  165 0.967
   157  C   3.983        C  158 1.522    C  156 1.347    H  166 0.968
   158  C   3.954        C  157 1.522    C  159 1.294    H  167 0.966
   159  C   3.989        C  158 1.294    C  160 1.273    C  164 1.230
   160  C   3.980        C  161 1.556    C  159 1.273    H  168 0.960    C  163 0.104
   161  C   3.969        C  160 1.556    N  162 1.245    H  169 0.917
   162  N   3.537        C  163 1.432    C  161 1.245    Pd   1 0.600
   163  C   3.968        N  162 1.432    C  164 1.318    H  170 0.915    C  160 0.104
   164  C   3.982        C  163 1.318    C  159 1.230    C  155 1.202
   165  H   0.995        C  156 0.967
   166  H   0.995        C  157 0.968
   167  H   0.995        C  158 0.966
   168  H   0.991        C  160 0.960
   169  H   0.986        C  161 0.917
   170  H   0.985        C  163 0.915
   171  C   3.977        C  183 1.390    C  172 1.312    C  153 1.121
   172  C   3.961        C  173 1.491    C  171 1.312    H  184 0.970
   173  C   3.982        C  172 1.491    C  174 1.344    H  185 0.967
   174  C   3.940        C  173 1.344    C  182 1.251    N  175 1.163
   175  N   3.511        C  176 1.180    C  174 1.163    H  186 0.931
   176  C   3.935        C  177 1.335    C  181 1.240    N  175 1.180
   177  C   3.983        C  178 1.503    C  176 1.335    H  187 0.967
   178  C   3.956        C  177 1.503    C  179 1.300    H  188 0.970
   179  C   3.976        C  180 1.369    C  178 1.300    C  191 1.149
   180  C   3.959        C  181 1.396    C  179 1.369    H  189 0.965
   181  C   3.977        C  180 1.396    C  176 1.240    C  182 1.140
   182  C   3.978        C  183 1.382    C  174 1.251    C  181 1.140
   183  C   3.970        C  171 1.390    C  182 1.382    H  190 0.966
   184  H   0.998        C  172 0.970
   185  H   0.997        C  173 0.967
   186  H   0.959        N  175 0.931
   187  H   0.997        C  177 0.967
   188  H   0.998        C  178 0.970
   189  H   0.995        C  180 0.965
   190  H   0.995        C  183 0.966
   191  C   3.944        C  192 2.622    C  179 1.149
   192  C   3.947        C  191 2.622    C  193 1.152
   193  C   3.982        C  198 1.340    C  194 1.328    C  192 1.152
   194  C   3.963        C  195 1.462    C  193 1.328    H  199 0.964
   195  C   3.980        C  194 1.462    C  196 1.417    H  200 0.961
   196  C   3.925        C  195 1.417    N  197 1.339    H  201 0.912
   197  N   3.548        C  198 1.368    C  196 1.339    Pd   2 0.604
   198  C   3.949        N  197 1.368    C  193 1.340    H  202 0.911
   199  H   0.991        C  194 0.964
   200  H   0.990        C  195 0.961
   201  H   0.985        C  196 0.912
   202  H   0.983        C  198 0.911

molecular dipole:
                 x           y           z       tot (Debye)
 q only:        0.942      -0.878      -1.460
   full:        0.605      -0.895      -1.109       3.934
molecular quadrupole (traceless):
                xx          xy          yy          xz          yz          zz
 q only:     -200.230     -23.910     408.920      -0.213      10.740    -208.691
  q+dip:     -195.141     -38.131     404.339       0.406      -2.350    -209.197
   full:     -190.632     -35.904     393.421       0.162      -1.127    -202.789

           -------------------------------------------------
          |               Frequency Printout                |
           -------------------------------------------------
 projected vibrational frequencies (cm-1)
eigval :       -0.00    -0.00    -0.00     0.00     0.00     0.00
eigval :        3.33     4.98     7.46     9.14     9.70    11.60
eigval :       11.93    16.45    17.30    17.59    19.04    24.37
eigval :       26.41    28.12    28.36    30.63    31.53    36.21
eigval :       37.06    40.30    41.96    49.80    51.71    52.63
eigval :       54.06    54.81    55.46    57.76    59.08    59.37
eigval :       62.15    68.45    75.77    76.73    78.22    84.66
eigval :       87.06    90.43    90.98    94.35    95.37    96.21
eigval :       98.92    99.82   107.84   110.82   112.20   115.33
eigval :      121.64   122.59   125.94   126.39   132.69   134.61
eigval :      134.96   136.79   140.32   145.90   154.87   155.52
eigval :      158.46   160.22   162.80   163.23   165.42   165.76
eigval :      171.30   173.08   177.36   179.24   182.85   185.17
eigval :      190.86   194.20   195.48   205.59   210.71   212.48
eigval :      213.44   217.47   219.21   220.55   229.71   230.46
eigval :      236.03   240.53   245.50   246.83   249.45   250.59
eigval :      253.15   255.39   262.26   262.82   263.88   264.31
eigval :      272.88   273.71   275.55   275.93   302.85   305.91
eigval :      305.96   307.90   308.49   309.28   312.06   312.21
eigval :      338.05   338.20   339.81   340.13   386.12   386.79
eigval :      387.73   387.78   388.09   388.75   391.33   392.18
eigval :      392.36   393.03   393.49   393.66   395.73   396.02
eigval :      398.22   398.58   418.77   419.05   421.40   421.74
eigval :      424.76   425.90   426.03   426.05   433.10   433.14
eigval :      433.28   433.42   433.95   434.03   434.41   434.54
eigval :      442.65   443.15   444.68   445.20   452.60   452.90
eigval :      453.97   454.13   466.16   466.46   467.29   467.62
eigval :      472.74   472.92   473.17   473.74   486.08   486.92
eigval :      487.52   487.90   506.85   507.31   509.53   509.67
eigval :      511.37   511.82   513.56   513.66   515.43   516.51
eigval :      517.50   518.27   523.82   524.01   524.06   524.13
eigval :      537.70   537.91   538.69   538.99   553.55   554.79
eigval :      556.17   556.75   566.28   566.33   566.39   567.95
eigval :      581.79   582.51   583.47   584.16   603.83   604.09
eigval :      604.20   604.31   615.90   615.95   616.03   616.15
eigval :      622.26   622.43   624.21   624.37   624.88   624.97
eigval :      625.88   626.09   665.78   665.86   669.84   670.08
eigval :      670.21   670.36   671.32   671.65   682.77   683.31
eigval :      683.34   683.46   692.09   692.22   693.20   693.38
eigval :      710.93   711.38   711.51   711.75   724.86   725.13
eigval :      725.60   725.71   754.95   755.40   755.78   756.18
eigval :      774.12   774.71   778.05   778.53   778.65   778.83
eigval :      779.10   779.40   801.81   802.94   803.65   804.07
eigval :      817.08   817.41   817.61   818.69   819.95   820.24
eigval :      820.68   821.18   821.28   821.78   822.10   822.37
eigval :      830.29   830.48   831.72   832.00   848.85   849.06
eigval :      849.34   849.73   850.09   850.32   856.04   856.73
eigval :      858.36   858.46   858.81   859.19   860.54   860.71
eigval :      861.49   862.12   862.79   863.70   863.85   864.38
eigval :      872.18   872.34   873.10   873.51   889.33   889.88
eigval :      892.37   892.83   893.94   894.20   894.27   894.53
eigval :      899.08   899.68   901.08   901.52   902.55   903.05
eigval :      903.43   903.62   906.77   907.68   907.91   909.50
eigval :      910.25   910.94   911.33   912.45   929.36   929.66
eigval :      929.88   930.68   932.96   933.24   934.12   934.61
eigval :      950.47   951.67   953.05   953.19   996.46   997.12
eigval :      999.95  1000.43  1016.13  1016.18  1016.35  1016.65
eigval :     1045.46  1045.60  1046.46  1046.57  1077.92  1078.01
eigval :     1081.68  1082.28  1084.56  1084.67  1087.55  1087.68
eigval :     1104.79  1105.17  1106.03  1106.07  1119.57  1119.60
eigval :     1122.05  1122.31  1125.74  1126.28  1126.78  1127.03
eigval :     1143.87  1144.00  1144.01  1144.15  1149.30  1149.58
eigval :     1150.05  1150.53  1156.22  1156.38  1157.02  1157.46
eigval :     1160.25  1161.20  1162.56  1162.88  1166.82  1167.86
eigval :     1168.24  1169.48  1169.57  1170.15  1173.20  1173.57
eigval :     1187.20  1187.29  1188.09  1188.44  1200.02  1200.57
eigval :     1201.68  1201.82  1213.42  1213.59  1213.76  1214.07
eigval :     1219.87  1220.40  1220.86  1221.51  1229.46  1230.19
eigval :     1230.88  1230.98  1233.37  1234.08  1236.97  1237.80
eigval :     1239.25  1239.42  1241.70  1242.17  1279.38  1279.95
eigval :     1280.17  1280.34  1293.70  1293.78  1294.19  1294.68
eigval :     1297.55  1297.83  1299.26  1299.42  1300.20  1300.70
eigval :     1301.29  1301.94  1319.45  1319.77  1321.73  1321.91
eigval :     1336.37  1336.63  1338.62  1339.02  1339.30  1339.32
eigval :     1339.56  1339.69  1359.07  1359.23  1359.86  1360.77
eigval :     1368.75  1369.06  1370.06  1370.90  1373.30  1373.42
eigval :     1374.31  1374.54  1381.08  1381.36  1383.06  1383.20
eigval :     1400.76  1400.86  1401.32  1401.33  1416.18  1416.21
eigval :     1416.55  1416.61  1418.33  1418.46  1419.69  1419.87
eigval :     1431.61  1431.74  1432.66  1432.87  1446.48  1446.58
eigval :     1447.61  1448.22  1468.25  1468.32  1468.72  1468.76
eigval :     1481.00  1481.15  1483.35  1483.56  1487.08  1487.16
eigval :     1488.04  1488.37  1521.50  1521.64  1522.53  1522.70
eigval :     1529.43  1529.64  1529.86  1530.13  1542.44  1542.65
eigval :     1542.88  1543.88  1559.42  1559.54  1560.40  1560.69
eigval :     1561.94  1562.03  1562.13  1562.45  1566.36  1566.43
eigval :     1567.45  1567.81  1569.24  1569.37  1570.23  1570.27
eigval :     1587.87  1587.92  1589.15  1589.56  1606.38  1606.47
eigval :     1606.54  1606.82  2293.06  2293.34  2298.26  2298.38
eigval :     2299.49  2300.23  2300.73  2301.26  2977.52  2979.28
eigval :     2989.85  2990.57  2991.03  2991.76  2995.58  2996.27
eigval :     2997.52  2997.95  3006.33  3007.46  3018.40  3019.80
eigval :     3020.31  3020.79  3083.00  3083.06  3083.82  3084.04
eigval :     3084.35  3084.40  3084.44  3085.41  3091.31  3092.05
eigval :     3092.16  3092.83  3096.87  3097.00  3097.07  3097.75
eigval :     3097.84  3098.01  3099.52  3100.19  3102.59  3102.93
eigval :     3103.35  3103.49  3107.65  3107.91  3108.02  3108.25
eigval :     3108.30  3108.40  3108.42  3108.44  3108.49  3108.89
eigval :     3110.22  3110.45  3111.53  3111.57  3111.65  3111.73
eigval :     3111.87  3112.46  3114.70  3116.40  3118.83  3119.06
eigval :     3119.12  3119.56  3474.83  3476.08  3476.43  3477.63
 reduced masses (amu)
   1: 20.99   2: 22.29   3: 16.03   4: 22.73   5: 22.45   6: 22.37   7: 14.16   8: 14.48
   9: 13.11  10: 15.24  11: 23.10  12: 14.52  13: 16.80  14: 15.84  15: 14.65  16: 14.75
  17: 19.23  18: 14.07  19: 13.00  20: 14.72  21: 14.71  22: 12.96  23: 13.76  24: 16.14
  25: 15.47  26: 18.43  27: 10.98  28: 12.09  29: 12.77  30: 13.60  31: 12.28  32: 13.27
  33: 13.03  34: 12.09  35: 12.07  36: 13.72  37: 12.81  38: 19.96  39: 11.70  40: 14.33
  41: 12.00  42: 14.84  43: 10.97  44: 10.99  45: 11.48  46: 11.57  47: 11.64  48: 11.87
  49: 14.63  50: 12.42  51: 16.52  52: 11.58  53: 12.35  54: 22.55  55: 11.26  56: 11.79
  57: 11.56  58: 13.04  59: 12.11  60: 11.70  61: 11.50  62: 11.91  63: 11.76  64: 11.64
  65: 14.92  66: 14.17  67: 14.82  68: 12.52  69: 10.91  70: 11.23  71: 11.73  72: 11.89
  73: 11.13  74: 10.76  75: 13.60  76: 15.97  77: 15.87  78: 17.50  79: 12.19  80: 13.47
  81: 19.46  82: 17.87  83: 22.88  84: 12.67  85: 15.30  86: 13.02  87: 18.95  88: 12.48
  89: 21.76  90: 20.97  91: 15.48  92: 20.02  93: 23.40  94: 29.87  95: 18.56  96: 12.28
  97: 14.03  98: 27.85  99: 17.56 100: 21.12 101: 18.42 102: 19.39 103: 42.28 104: 35.52
 105: 39.65 106: 36.06 107: 11.35 108: 11.57 109: 11.18 110: 11.68 111: 15.90 112: 15.12
 113: 14.74 114: 14.31 115: 13.88 116: 13.84 117: 12.90 118: 12.91 119:  9.35 120: 11.64
 121:  9.28 122:  9.31 123: 12.18 124:  9.64 125: 10.21 126:  9.74 127:  9.79 128: 10.96
 129: 10.25 130: 10.05 131: 11.06 132: 11.46 133: 11.51 134: 11.73 135: 11.68 136: 11.68
 137: 11.64 138: 11.62 139:  9.72 140:  9.60 141:  9.72 142:  9.63 143: 11.73 144: 11.78
 145: 11.51 146: 11.56 147: 11.66 148: 11.64 149: 11.62 150: 11.64 151: 11.06 152: 11.10
 153: 10.99 154: 11.02 155: 11.55 156: 11.64 157: 11.64 158: 11.73 159: 11.63 160: 11.70
 161: 11.67 162: 11.72 163: 11.12 164: 11.11 165: 11.16 166: 11.21 167: 11.72 168: 11.72
 169: 11.88 170: 11.86 171: 10.37 172: 10.71 173:  9.04 174:  9.14 175: 10.72 176: 10.67
 177: 11.38 178: 11.00 179:  6.91 180:  7.96 181:  8.41 182:  7.31 183: 10.50 184: 10.52
 185: 10.54 186: 10.55 187: 10.37 188: 10.41 189: 10.37 190: 10.40 191: 11.68 192: 11.73
 193: 11.84 194: 11.81 195:  8.21 196:  8.24 197:  8.16 198:  8.03 199: 11.58 200: 11.64
 201: 11.63 202: 11.70 203: 11.07 204: 11.07 205: 11.06 206: 11.06 207: 11.40 208: 11.39
 209: 11.40 210: 11.39 211: 12.08 212: 12.07 213: 11.76 214: 11.71 215: 11.68 216: 11.77
 217: 12.26 218: 12.26 219:  9.60 220:  9.62 221: 10.44 222: 10.14 223: 11.37 224: 10.71
 225: 11.42 226: 11.44 227: 11.38 228: 11.40 229: 11.39 230: 11.39 231: 11.69 232: 11.70
 233: 11.70 234: 11.69 235: 11.79 236: 11.79 237: 11.79 238: 11.79 239: 10.64 240: 10.67
 241: 10.63 242: 10.61 243: 11.34 244: 11.33 245: 11.35 246: 11.35 247:  4.66 248:  4.63
 249:  3.90 250:  4.43 251:  3.94 252:  3.87 253:  4.31 254:  3.87 255: 11.49 256: 11.48
 257: 11.53 258: 11.54 259:  4.52 260:  4.60 261:  4.60 262:  4.83 263:  5.05 264:  4.63
 265:  6.53 266:  6.09 267:  8.51 268: 10.08 269: 10.37 270: 11.13 271:  4.11 272:  4.10
 273:  4.13 274:  4.14 275: 10.85 276:  9.91 277: 11.10 278:  5.82 279:  7.09 280:  8.89
 281:  4.18 282:  4.26 283:  3.51 284:  3.54 285:  3.50 286:  3.47 287:  6.06 288:  5.91
 289:  3.36 290:  3.39 291:  3.45 292:  6.75 293:  6.88 294:  3.63 295:  7.93 296:  7.88
 297:  8.83 298:  8.75 299:  3.73 300:  3.72 301:  3.68 302:  3.67 303:  3.90 304:  3.90
 305:  3.85 306:  3.83 307: 10.17 308: 10.25 309:  7.74 310:  8.48 311:  4.65 312:  4.63
 313:  6.45 314:  6.23 315:  3.35 316:  3.35 317:  3.35 318:  3.30 319:  3.39 320:  3.40
 321:  3.36 322:  3.35 323:  3.77 324:  3.77 325:  3.77 326:  3.77 327:  3.71 328:  3.71
 329:  3.70 330:  3.68 331: 10.55 332: 10.55 333: 10.52 334: 10.52 335: 10.65 336: 10.61
 337: 10.68 338: 10.66 339:  7.65 340:  7.63 341:  7.60 342:  7.62 343:  9.11 344:  9.11
 345:  9.13 346:  9.12 347:  7.30 348:  7.30 349:  7.27 350:  7.28 351:  6.62 352:  6.62
 353:  6.63 354:  6.62 355:  6.17 356:  6.17 357:  6.16 358:  6.16 359:  3.79 360:  3.78
 361:  3.77 362:  3.71 363:  7.53 364:  7.55 365:  7.44 366:  7.54 367:  3.39 368:  3.38
 369:  3.34 370:  3.40 371:  5.06 372:  5.21 373:  5.07 374:  5.18 375:  3.77 376:  3.77
 377:  3.73 378:  3.72 379:  4.88 380:  5.17 381:  4.89 382:  5.56 383:  2.39 384:  2.39
 385:  3.00 386:  3.55 387:  3.48 388:  3.30 389:  2.47 390:  2.38 391:  3.71 392:  3.73
 393:  3.77 394:  3.78 395:  6.20 396:  6.22 397:  6.22 398:  6.20 399:  5.23 400:  5.29
 401:  5.19 402:  5.22 403:  4.97 404:  5.20 405:  5.27 406:  5.52 407:  3.80 408:  4.19
 409:  4.75 410:  4.70 411:  4.35 412:  4.58 413:  5.22 414:  6.11 415:  5.95 416:  5.80
 417:  4.13 418:  4.28 419:  7.17 420:  7.18 421:  7.15 422:  7.17 423:  8.64 424:  8.77
 425:  8.60 426:  8.62 427: 11.44 428: 11.40 429: 11.03 430: 11.29 431:  9.56 432:  9.76
 433: 10.46 434: 10.38 435: 10.39 436: 10.40 437: 10.48 438: 10.47 439: 10.78 440: 10.83
 441: 10.25 442: 10.71 443: 10.99 444: 10.74 445: 11.24 446: 10.52 447: 10.31 448: 10.32
 449: 10.29 450: 10.34 451: 10.12 452: 10.14 453: 10.22 454: 10.20 455:  9.47 456:  9.60
 457:  9.51 458:  9.46 459: 10.62 460: 10.63 461: 10.65 462: 10.65 463: 10.89 464: 10.88
 465: 11.00 466: 11.00 467: 10.67 468: 10.65 469: 10.73 470: 10.72 471: 10.40 472: 10.40
 473: 10.49 474: 10.47 475: 11.17 476: 11.18 477: 11.15 478: 11.15 479: 10.98 480: 10.98
 481: 10.98 482: 10.99 483: 10.99 484: 10.99 485: 11.00 486: 10.99 487: 11.32 488: 11.32
 489: 11.36 490: 11.37 491: 11.45 492: 11.45 493: 11.45 494: 11.46 495: 11.50 496: 11.50
 497: 11.53 498: 11.53 499: 11.77 500: 11.77 501: 11.76 502: 11.76 503: 11.72 504: 11.73
 505: 11.72 506: 11.72 507: 11.57 508: 11.57 509: 11.57 510: 11.57 511: 11.57 512: 11.56
 513: 11.57 514: 11.57 515: 11.63 516: 11.63 517: 11.63 518: 11.63 519: 11.46 520: 11.45
 521: 11.46 522: 11.46 523: 11.73 524: 11.73 525: 11.73 526: 11.73 527: 11.75 528: 11.75
 529: 11.75 530: 11.75 531: 12.01 532: 12.01 533: 12.01 534: 12.01 535: 12.01 536: 12.01
 537: 12.01 538: 12.01 539:  1.85 540:  1.85 541:  1.85 542:  1.85 543:  1.84 544:  1.84
 545:  1.83 546:  1.84 547:  1.84 548:  1.84 549:  1.85 550:  1.85 551:  1.84 552:  1.84
 553:  1.84 554:  1.84 555:  1.79 556:  1.79 557:  1.79 558:  1.79 559:  1.79 560:  1.79
 561:  1.79 562:  1.79 563:  1.78 564:  1.78 565:  1.78 566:  1.78 567:  1.88 568:  1.88
 569:  1.88 570:  1.88 571:  1.88 572:  1.88 573:  1.87 574:  1.87 575:  1.84 576:  1.84
 577:  1.84 578:  1.84 579:  1.84 580:  1.84 581:  1.81 582:  1.89 583:  1.89 584:  1.88
 585:  1.82 586:  1.83 587:  1.89 588:  1.81 589:  1.84 590:  1.84 591:  1.86 592:  1.84
 593:  1.86 594:  1.86 595:  1.84 596:  1.86 597:  1.84 598:  1.84 599:  1.90 600:  1.90
 601:  1.90 602:  1.90 603:  1.87 604:  1.87 605:  1.87 606:  1.87
 IR intensities (amu)
   1:  0.55   2:  0.55   3:  0.46   4:  0.51   5:  0.33   6:  0.19   7:  0.41   8:  0.44
   9:  0.27  10:  0.34  11:  0.26  12:  0.30  13:  0.15  14:  0.24  15:  0.17  16:  0.10
  17:  0.06  18:  0.03  19:  0.16  20:  0.14  21:  0.12  22:  0.09  23:  0.13  24:  0.06
  25:  0.19  26:  0.01  27:  0.06  28:  0.13  29:  0.11  30:  0.03  31:  0.21  32:  0.28
  33:  0.28  34:  0.17  35:  0.11  36:  0.26  37:  0.06  38:  0.08  39:  0.07  40:  0.05
  41:  0.06  42:  0.13  43:  0.03  44:  0.05  45:  0.11  46:  0.02  47:  0.02  48:  0.05
  49:  0.07  50:  0.24  51:  0.19  52:  0.07  53:  0.12  54:  0.05  55:  0.07  56:  0.10
  57:  0.09  58:  0.07  59:  0.13  60:  0.07  61:  0.14  62:  0.12  63:  0.11  64:  0.28
  65:  0.44  66:  0.35  67:  0.22  68:  0.20  69:  0.13  70:  0.06  71:  0.33  72:  0.22
  73:  0.01  74:  0.03  75:  0.48  76:  0.63  77:  0.33  78:  0.29  79:  0.18  80:  0.25
  81:  0.33  82:  0.30  83:  0.42  84:  0.30  85:  0.63  86:  0.49  87:  0.28  88:  0.13
  89:  0.63  90:  0.49  91:  0.15  92:  0.76  93:  0.56  94:  0.24  95:  0.26  96:  0.20
  97:  0.15  98:  0.66  99:  0.47 100:  0.11 101:  0.08 102:  0.32 103:  0.03 104:  0.53
 105:  1.11 106:  1.16 107:  0.19 108:  0.09 109:  0.02 110:  0.11 111:  0.30 112:  0.52
 113:  0.26 114:  0.34 115:  0.07 116:  0.03 117:  0.14 118:  0.15 119:  0.07 120:  0.22
 121:  0.04 122:  0.03 123:  0.16 124:  0.12 125:  0.11 126:  0.10 127:  0.10 128:  0.02
 129:  0.08 130:  0.10 131:  0.12 132:  0.08 133:  0.12 134:  0.14 135:  0.05 136:  0.06
 137:  0.07 138:  0.07 139:  0.05 140:  0.05 141:  0.06 142:  0.04 143:  0.18 144:  0.28
 145:  0.20 146:  0.16 147:  0.22 148:  0.31 149:  0.06 150:  0.09 151:  0.16 152:  0.07
 153:  0.14 154:  0.10 155:  0.05 156:  0.11 157:  0.11 158:  0.07 159:  0.37 160:  0.18
 161:  0.29 162:  0.20 163:  0.12 164:  0.13 165:  0.17 166:  0.06 167:  0.25 168:  0.61
 169:  0.21 170:  0.58 171:  0.18 172:  0.17 173:  0.30 174:  0.33 175:  0.30 176:  0.17
 177:  0.18 178:  0.28 179:  0.33 180:  0.42 181:  0.32 182:  0.37 183:  0.02 184:  0.27
 185:  0.31 186:  0.26 187:  0.28 188:  0.04 189:  0.21 190:  0.17 191:  0.25 192:  0.41
 193:  0.19 194:  0.39 195:  0.06 196:  0.04 197:  0.05 198:  0.05 199:  0.46 200:  0.36
 201:  0.35 202:  0.05 203:  0.09 204:  0.08 205:  0.07 206:  0.07 207:  0.34 208:  0.51
 209:  0.16 210:  0.16 211:  0.24 212:  0.35 213:  0.23 214:  0.15 215:  0.12 216:  0.26
 217:  0.47 218:  0.22 219:  0.17 220:  0.19 221:  0.07 222:  0.11 223:  0.08 224:  0.19
 225:  0.11 226:  0.22 227:  0.26 228:  0.15 229:  0.10 230:  0.16 231:  0.38 232:  0.20
 233:  0.35 234:  0.42 235:  0.03 236:  0.01 237:  0.03 238:  0.03 239:  0.13 240:  0.15
 241:  0.14 242:  0.16 243:  0.14 244:  0.16 245:  0.18 246:  0.19 247:  0.23 248:  0.23
 249:  0.06 250:  0.24 251:  0.05 252:  0.09 253:  0.25 254:  0.08 255:  0.14 256:  0.50
 257:  0.03 258:  0.52 259:  0.35 260:  0.47 261:  0.32 262:  0.11 263:  0.19 264:  0.10
 265:  0.30 266:  0.21 267:  0.36 268:  0.32 269:  0.45 270:  0.68 271:  0.23 272:  0.26
 273:  0.31 274:  0.29 275:  0.12 276:  0.34 277:  0.16 278:  0.14 279:  0.21 280:  0.18
 281:  0.07 282:  0.07 283:  0.06 284:  0.06 285:  0.07 286:  0.07 287:  0.06 288:  0.06
 289:  0.08 290:  0.05 291:  0.04 292:  0.04 293:  0.09 294:  0.01 295:  0.02 296:  0.05
 297:  0.02 298:  0.05 299:  0.03 300:  0.04 301:  0.04 302:  0.04 303:  0.05 304:  0.05
 305:  0.02 306:  0.03 307:  0.03 308:  0.80 309:  0.25 310:  0.16 311:  0.12 312:  0.16
 313:  0.15 314:  0.08 315:  0.02 316:  0.02 317:  0.09 318:  0.04 319:  0.01 320:  0.03
 321:  0.04 322:  0.03 323:  0.02 324:  0.02 325:  0.02 326:  0.02 327:  0.02 328:  0.01
 329:  0.01 330:  0.02 331:  0.07 332:  0.02 333:  0.29 334:  0.28 335:  0.26 336:  0.23
 337:  0.22 338:  0.15 339:  0.04 340:  0.10 341:  0.11 342:  0.14 343:  0.23 344:  0.25
 345:  0.21 346:  0.28 347:  0.59 348:  0.51 349:  0.50 350:  0.49 351:  0.47 352:  0.38
 353:  0.51 354:  0.54 355:  0.53 356:  0.45 357:  0.47 358:  0.43 359:  0.55 360:  0.21
 361:  0.72 362:  0.43 363:  1.06 364:  0.80 365:  1.65 366:  0.32 367:  0.83 368:  0.89
 369:  0.42 370:  0.34 371:  0.58 372:  0.92 373:  0.16 374:  1.23 375:  0.41 376:  0.52
 377:  0.93 378:  0.29 379:  0.32 380:  0.04 381:  1.35 382:  0.30 383:  0.33 384:  0.44
 385:  0.04 386:  0.25 387:  0.70 388:  0.38 389:  0.16 390:  0.09 391:  0.38 392:  0.28
 393:  0.49 394:  0.36 395:  0.59 396:  0.59 397:  0.45 398:  0.65 399:  0.40 400:  0.19
 401:  1.01 402:  0.17 403:  0.64 404:  0.52 405:  0.20 406:  2.03 407:  0.29 408:  0.03
 409:  0.17 410:  0.24 411:  0.24 412:  0.16 413:  0.63 414:  0.56 415:  0.27 416:  0.59
 417:  0.45 418:  0.18 419:  0.64 420:  0.11 421:  0.78 422:  0.35 423:  1.02 424:  2.13
 425:  0.86 426:  1.73 427:  0.04 428:  0.73 429:  1.02 430:  0.57 431:  0.19 432:  0.81
 433:  0.50 434:  0.50 435:  1.45 436:  2.29 437:  2.32 438:  1.77 439:  1.12 440:  0.69
 441:  1.05 442:  0.69 443:  0.43 444:  0.27 445:  0.72 446:  1.28 447:  0.07 448:  0.91
 449:  0.42 450:  1.72 451:  1.54 452:  0.82 453:  0.78 454:  0.43 455:  0.68 456:  1.58
 457:  1.24 458:  1.20 459:  1.09 460:  1.21 461:  1.13 462:  1.00 463:  1.31 464:  0.76
 465:  1.14 466:  0.90 467:  0.08 468:  0.28 469:  0.28 470:  0.25 471:  0.18 472:  0.22
 473:  0.31 474:  0.20 475:  0.75 476:  0.75 477:  0.09 478:  0.18 479:  0.60 480:  0.81
 481:  0.25 482:  0.92 483:  0.25 484:  0.68 485:  0.39 486:  0.25 487:  1.27 488:  1.72
 489:  0.83 490:  2.12 491:  0.18 492:  0.34 493:  0.13 494:  0.22 495:  0.32 496:  0.36
 497:  0.43 498:  0.44 499:  0.61 500:  1.72 501:  0.71 502:  0.78 503:  4.70 504:  1.05
 505:  1.99 506:  1.21 507:  0.10 508:  0.87 509:  0.57 510:  0.51 511:  1.11 512:  0.85
 513:  1.24 514:  0.81 515:  0.29 516:  0.42 517:  0.50 518:  0.30 519:  0.57 520:  0.42
 521:  0.41 522:  0.41 523:  1.27 524:  2.62 525:  0.55 526:  3.02 527:  1.43 528:  1.29
 529:  1.20 530:  0.99 531:  2.06 532:  2.11 533:  2.13 534:  1.78 535:  7.45 536:  2.67
 537:  3.18 538:  1.35 539:  0.05 540:  0.05 541:  0.07 542:  0.13 543:  0.10 544:  0.03
 545:  0.12 546:  0.12 547:  0.11 548:  0.11 549:  0.13 550:  0.11 551:  0.09 552:  0.08
 553:  0.06 554:  0.11 555:  0.24 556:  0.25 557:  0.14 558:  0.22 559:  0.25 560:  0.29
 561:  0.18 562:  0.43 563:  0.16 564:  0.15 565:  0.15 566:  0.13 567:  0.35 568:  0.33
 569:  0.36 570:  0.25 571:  0.39 572:  0.62 573:  0.32 574:  0.53 575:  0.18 576:  0.17
 577:  0.17 578:  0.17 579:  0.04 580:  0.05 581:  0.08 582:  0.30 583:  0.29 584:  0.31
 585:  0.04 586:  0.19 587:  0.34 588:  0.09 589:  0.10 590:  0.07 591:  0.14 592:  0.04
 593:  0.14 594:  0.14 595:  0.04 596:  0.12 597:  0.01 598:  0.08 599:  0.07 600:  0.09
 601:  0.05 602:  0.07 603:  0.61 604:  0.62 605:  0.57 606:  0.63
 Raman intensities (amu)
   1:  0.00   2:  0.00   3:  0.00   4:  0.00   5:  0.00   6:  0.00   7:  0.00   8:  0.00
   9:  0.00  10:  0.00  11:  0.00  12:  0.00  13:  0.00  14:  0.00  15:  0.00  16:  0.00
  17:  0.00  18:  0.00  19:  0.00  20:  0.00  21:  0.00  22:  0.00  23:  0.00  24:  0.00
  25:  0.00  26:  0.00  27:  0.00  28:  0.00  29:  0.00  30:  0.00  31:  0.00  32:  0.00
  33:  0.00  34:  0.00  35:  0.00  36:  0.00  37:  0.00  38:  0.00  39:  0.00  40:  0.00
  41:  0.00  42:  0.00  43:  0.00  44:  0.00  45:  0.00  46:  0.00  47:  0.00  48:  0.00
  49:  0.00  50:  0.00  51:  0.00  52:  0.00  53:  0.00  54:  0.00  55:  0.00  56:  0.00
  57:  0.00  58:  0.00  59:  0.00  60:  0.00  61:  0.00  62:  0.00  63:  0.00  64:  0.00
  65:  0.00  66:  0.00  67:  0.00  68:  0.00  69:  0.00  70:  0.00  71:  0.00  72:  0.00
  73:  0.00  74:  0.00  75:  0.00  76:  0.00  77:  0.00  78:  0.00  79:  0.00  80:  0.00
  81:  0.00  82:  0.00  83:  0.00  84:  0.00  85:  0.00  86:  0.00  87:  0.00  88:  0.00
  89:  0.00  90:  0.00  91:  0.00  92:  0.00  93:  0.00  94:  0.00  95:  0.00  96:  0.00
  97:  0.00  98:  0.00  99:  0.00 100:  0.00 101:  0.00 102:  0.00 103:  0.00 104:  0.00
 105:  0.00 106:  0.00 107:  0.00 108:  0.00 109:  0.00 110:  0.00 111:  0.00 112:  0.00
 113:  0.00 114:  0.00 115:  0.00 116:  0.00 117:  0.00 118:  0.00 119:  0.00 120:  0.00
 121:  0.00 122:  0.00 123:  0.00 124:  0.00 125:  0.00 126:  0.00 127:  0.00 128:  0.00
 129:  0.00 130:  0.00 131:  0.00 132:  0.00 133:  0.00 134:  0.00 135:  0.00 136:  0.00
 137:  0.00 138:  0.00 139:  0.00 140:  0.00 141:  0.00 142:  0.00 143:  0.00 144:  0.00
 145:  0.00 146:  0.00 147:  0.00 148:  0.00 149:  0.00 150:  0.00 151:  0.00 152:  0.00
 153:  0.00 154:  0.00 155:  0.00 156:  0.00 157:  0.00 158:  0.00 159:  0.00 160:  0.00
 161:  0.00 162:  0.00 163:  0.00 164:  0.00 165:  0.00 166:  0.00 167:  0.00 168:  0.00
 169:  0.00 170:  0.00 171:  0.00 172:  0.00 173:  0.00 174:  0.00 175:  0.00 176:  0.00
 177:  0.00 178:  0.00 179:  0.00 180:  0.00 181:  0.00 182:  0.00 183:  0.00 184:  0.00
 185:  0.00 186:  0.00 187:  0.00 188:  0.00 189:  0.00 190:  0.00 191:  0.00 192:  0.00
 193:  0.00 194:  0.00 195:  0.00 196:  0.00 197:  0.00 198:  0.00 199:  0.00 200:  0.00
 201:  0.00 202:  0.00 203:  0.00 204:  0.00 205:  0.00 206:  0.00 207:  0.00 208:  0.00
 209:  0.00 210:  0.00 211:  0.00 212:  0.00 213:  0.00 214:  0.00 215:  0.00 216:  0.00
 217:  0.00 218:  0.00 219:  0.00 220:  0.00 221:  0.00 222:  0.00 223:  0.00 224:  0.00
 225:  0.00 226:  0.00 227:  0.00 228:  0.00 229:  0.00 230:  0.00 231:  0.00 232:  0.00
 233:  0.00 234:  0.00 235:  0.00 236:  0.00 237:  0.00 238:  0.00 239:  0.00 240:  0.00
 241:  0.00 242:  0.00 243:  0.00 244:  0.00 245:  0.00 246:  0.00 247:  0.00 248:  0.00
 249:  0.00 250:  0.00 251:  0.00 252:  0.00 253:  0.00 254:  0.00 255:  0.00 256:  0.00
 257:  0.00 258:  0.00 259:  0.00 260:  0.00 261:  0.00 262:  0.00 263:  0.00 264:  0.00
 265:  0.00 266:  0.00 267:  0.00 268:  0.00 269:  0.00 270:  0.00 271:  0.00 272:  0.00
 273:  0.00 274:  0.00 275:  0.00 276:  0.00 277:  0.00 278:  0.00 279:  0.00 280:  0.00
 281:  0.00 282:  0.00 283:  0.00 284:  0.00 285:  0.00 286:  0.00 287:  0.00 288:  0.00
 289:  0.00 290:  0.00 291:  0.00 292:  0.00 293:  0.00 294:  0.00 295:  0.00 296:  0.00
 297:  0.00 298:  0.00 299:  0.00 300:  0.00 301:  0.00 302:  0.00 303:  0.00 304:  0.00
 305:  0.00 306:  0.00 307:  0.00 308:  0.00 309:  0.00 310:  0.00 311:  0.00 312:  0.00
 313:  0.00 314:  0.00 315:  0.00 316:  0.00 317:  0.00 318:  0.00 319:  0.00 320:  0.00
 321:  0.00 322:  0.00 323:  0.00 324:  0.00 325:  0.00 326:  0.00 327:  0.00 328:  0.00
 329:  0.00 330:  0.00 331:  0.00 332:  0.00 333:  0.00 334:  0.00 335:  0.00 336:  0.00
 337:  0.00 338:  0.00 339:  0.00 340:  0.00 341:  0.00 342:  0.00 343:  0.00 344:  0.00
 345:  0.00 346:  0.00 347:  0.00 348:  0.00 349:  0.00 350:  0.00 351:  0.00 352:  0.00
 353:  0.00 354:  0.00 355:  0.00 356:  0.00 357:  0.00 358:  0.00 359:  0.00 360:  0.00
 361:  0.00 362:  0.00 363:  0.00 364:  0.00 365:  0.00 366:  0.00 367:  0.00 368:  0.00
 369:  0.00 370:  0.00 371:  0.00 372:  0.00 373:  0.00 374:  0.00 375:  0.00 376:  0.00
 377:  0.00 378:  0.00 379:  0.00 380:  0.00 381:  0.00 382:  0.00 383:  0.00 384:  0.00
 385:  0.00 386:  0.00 387:  0.00 388:  0.00 389:  0.00 390:  0.00 391:  0.00 392:  0.00
 393:  0.00 394:  0.00 395:  0.00 396:  0.00 397:  0.00 398:  0.00 399:  0.00 400:  0.00
 401:  0.00 402:  0.00 403:  0.00 404:  0.00 405:  0.00 406:  0.00 407:  0.00 408:  0.00
 409:  0.00 410:  0.00 411:  0.00 412:  0.00 413:  0.00 414:  0.00 415:  0.00 416:  0.00
 417:  0.00 418:  0.00 419:  0.00 420:  0.00 421:  0.00 422:  0.00 423:  0.00 424:  0.00
 425:  0.00 426:  0.00 427:  0.00 428:  0.00 429:  0.00 430:  0.00 431:  0.00 432:  0.00
 433:  0.00 434:  0.00 435:  0.00 436:  0.00 437:  0.00 438:  0.00 439:  0.00 440:  0.00
 441:  0.00 442:  0.00 443:  0.00 444:  0.00 445:  0.00 446:  0.00 447:  0.00 448:  0.00
 449:  0.00 450:  0.00 451:  0.00 452:  0.00 453:  0.00 454:  0.00 455:  0.00 456:  0.00
 457:  0.00 458:  0.00 459:  0.00 460:  0.00 461:  0.00 462:  0.00 463:  0.00 464:  0.00
 465:  0.00 466:  0.00 467:  0.00 468:  0.00 469:  0.00 470:  0.00 471:  0.00 472:  0.00
 473:  0.00 474:  0.00 475:  0.00 476:  0.00 477:  0.00 478:  0.00 479:  0.00 480:  0.00
 481:  0.00 482:  0.00 483:  0.00 484:  0.00 485:  0.00 486:  0.00 487:  0.00 488:  0.00
 489:  0.00 490:  0.00 491:  0.00 492:  0.00 493:  0.00 494:  0.00 495:  0.00 496:  0.00
 497:  0.00 498:  0.00 499:  0.00 500:  0.00 501:  0.00 502:  0.00 503:  0.00 504:  0.00
 505:  0.00 506:  0.00 507:  0.00 508:  0.00 509:  0.00 510:  0.00 511:  0.00 512:  0.00
 513:  0.00 514:  0.00 515:  0.00 516:  0.00 517:  0.00 518:  0.00 519:  0.00 520:  0.00
 521:  0.00 522:  0.00 523:  0.00 524:  0.00 525:  0.00 526:  0.00 527:  0.00 528:  0.00
 529:  0.00 530:  0.00 531:  0.00 532:  0.00 533:  0.00 534:  0.00 535:  0.00 536:  0.00
 537:  0.00 538:  0.00 539:  0.00 540:  0.00 541:  0.00 542:  0.00 543:  0.00 544:  0.00
 545:  0.00 546:  0.00 547:  0.00 548:  0.00 549:  0.00 550:  0.00 551:  0.00 552:  0.00
 553:  0.00 554:  0.00 555:  0.00 556:  0.00 557:  0.00 558:  0.00 559:  0.00 560:  0.00
 561:  0.00 562:  0.00 563:  0.00 564:  0.00 565:  0.00 566:  0.00 567:  0.00 568:  0.00
 569:  0.00 570:  0.00 571:  0.00 572:  0.00 573:  0.00 574:  0.00 575:  0.00 576:  0.00
 577:  0.00 578:  0.00 579:  0.00 580:  0.00 581:  0.00 582:  0.00 583:  0.00 584:  0.00
 585:  0.00 586:  0.00 587:  0.00 588:  0.00 589:  0.00 590:  0.00 591:  0.00 592:  0.00
 593:  0.00 594:  0.00 595:  0.00 596:  0.00 597:  0.00 598:  0.00 599:  0.00 600:  0.00
 601:  0.00 602:  0.00 603:  0.00 604:  0.00 605:  0.00 606:  0.00
 output can be read by thermo (or use thermo option).
 writing <g98.out> molden fake output.
 recommended (thermochemical) frequency scaling factor: 1.0
           -------------------------------------------------
          |             Thermodynamic Functions             |
           -------------------------------------------------
 symmetry recognition skipped because # atoms >         200

          ...................................................
          :                      SETUP                      :
          :.................................................:
          :  # frequencies                         600      :
          :  # imaginary freq.                       0      :
          :  linear?                             false      :
          :  only rotor calc.                    false      :
          :  symmetry                               C1      :
          :  rotational number                       1      :
          :  scaling factor                  1.0000000      :
          :  rotor cutoff                   50.0000000 cm⁻¹ :
          :  imag. cutoff                  -20.0000000 cm⁻¹ :
          :.................................................:

    mode    ω/cm⁻¹     T·S(HO)/kcal·mol⁻¹    T·S(FR)/kcal·mol⁻¹   T·S(vib)
   ------------------------------------------------------------------------
       1      3.33    -3.04048 (  0.00%)    -1.85933 (100.00%)    -1.85936
       2      4.98    -2.80118 (  0.01%)    -1.73968 ( 99.99%)    -1.73979
       3      7.46    -2.56209 (  0.05%)    -1.62013 ( 99.95%)    -1.62060
       4      9.14    -2.44191 (  0.11%)    -1.56004 ( 99.89%)    -1.56102
       5      9.70    -2.40648 (  0.14%)    -1.54233 ( 99.86%)    -1.54355
       6     11.60    -2.30067 (  0.29%)    -1.48941 ( 99.71%)    -1.49175
       7     11.93    -2.28411 (  0.32%)    -1.48112 ( 99.68%)    -1.48372
       8     16.45    -2.09381 (  1.16%)    -1.38594 ( 98.84%)    -1.39413
       9     17.30    -2.06377 (  1.41%)    -1.37091 ( 98.59%)    -1.38071
      10     17.59    -2.05407 (  1.51%)    -1.36606 ( 98.49%)    -1.37643
      11     19.04    -2.00719 (  2.06%)    -1.34260 ( 97.94%)    -1.35628
      12     24.37    -1.86096 (  5.34%)    -1.26942 ( 94.66%)    -1.30103
      13     26.41    -1.81349 (  7.22%)    -1.24566 ( 92.78%)    -1.28665
      14     28.12    -1.77642 (  9.09%)    -1.22710 ( 90.91%)    -1.27702
      15     28.36    -1.77130 (  9.38%)    -1.22454 ( 90.62%)    -1.27582
      16     30.63    -1.72570 ( 12.35%)    -1.20169 ( 87.65%)    -1.26640
      17     31.53    -1.70854 ( 13.66%)    -1.19310 ( 86.34%)    -1.26351
      18     36.21    -1.62687 ( 21.57%)    -1.15217 ( 78.43%)    -1.25454
      19     37.06    -1.61317 ( 23.18%)    -1.14530 ( 76.82%)    -1.25373
      20     40.30    -1.56360 ( 29.68%)    -1.12045 ( 70.32%)    -1.25195
      21     41.96    -1.53980 ( 33.15%)    -1.10851 ( 66.85%)    -1.25146
      22     49.80    -1.43871 ( 49.59%)    -1.05776 ( 50.41%)    -1.24668
      23     51.71    -1.41653 ( 53.35%)    -1.04661 ( 46.65%)    -1.24396
      24     52.63    -1.40606 ( 55.11%)    -1.04135 ( 44.89%)    -1.24235
      25     54.06    -1.39023 ( 57.75%)    -1.03339 ( 42.25%)    -1.23948
      26     54.81    -1.38216 ( 59.08%)    -1.02934 ( 40.92%)    -1.23780
      27     55.46    -1.37522 ( 60.22%)    -1.02585 ( 39.78%)    -1.23624
      28     57.76    -1.35132 ( 64.04%)    -1.01382 ( 35.96%)    -1.22994
      29     59.08    -1.33795 ( 66.10%)    -1.00709 ( 33.90%)    -1.22579
      30     59.37    -1.33507 ( 66.54%)    -1.00564 ( 33.46%)    -1.22484
      31     62.15    -1.30823 ( 70.47%)    -0.99212 ( 29.53%)    -1.21489
      32     68.45    -1.25146 ( 77.84%)    -0.96351 ( 22.16%)    -1.18765
      33     75.77    -1.19189 ( 84.06%)    -0.93341 ( 15.94%)    -1.15068
      34     76.73    -1.18446 ( 84.73%)    -0.92966 ( 15.27%)    -1.14554
      35     78.22    -1.17326 ( 85.69%)    -0.92399 ( 14.31%)    -1.13759
      36     84.66    -1.12694 ( 89.15%)    -0.90054 ( 10.85%)    -1.10239
      37     87.06    -1.11064 ( 90.19%)    -0.89227 (  9.81%)    -1.08921
      38     90.43    -1.08846 ( 91.45%)    -0.88101 (  8.55%)    -1.07073
      39     90.98    -1.08492 ( 91.64%)    -0.87921 (  8.36%)    -1.06772
      40     94.35    -1.06374 ( 92.69%)    -0.86844 (  7.31%)    -1.04946
      41     95.37    -1.05748 ( 92.98%)    -0.86526 (  7.02%)    -1.04398
      42     96.21    -1.05236 ( 93.20%)    -0.86265 (  6.80%)    -1.03946
      43     98.92    -1.03623 ( 93.87%)    -0.85444 (  6.13%)    -1.02509
      44     99.82    -1.03092 ( 94.08%)    -0.85173 (  5.92%)    -1.02031
      45    107.84    -0.98613 ( 95.58%)    -0.82886 (  4.42%)    -0.97918
      46    110.82    -0.97034 ( 96.02%)    -0.82078 (  3.98%)    -0.96439
      47    112.20    -0.96318 ( 96.21%)    -0.81711 (  3.79%)    -0.95764
      48    115.33    -0.94726 ( 96.59%)    -0.80895 (  3.41%)    -0.94254
      49    121.64    -0.91656 ( 97.22%)    -0.79318 (  2.78%)    -0.91314
      50    122.59    -0.91210 ( 97.31%)    -0.79089 (  2.69%)    -0.90884
      51    125.94    -0.89660 ( 97.58%)    -0.78290 (  2.42%)    -0.89384
      52    126.39    -0.89455 ( 97.61%)    -0.78184 (  2.39%)    -0.89185
      53    132.69    -0.86662 ( 98.02%)    -0.76742 (  1.98%)    -0.86466
      54    134.61    -0.85838 ( 98.13%)    -0.76315 (  1.87%)    -0.85660
      55    134.96    -0.85693 ( 98.15%)    -0.76240 (  1.85%)    -0.85518
      56    136.79    -0.84923 ( 98.25%)    -0.75841 (  1.75%)    -0.84764
      57    140.32    -0.83468 ( 98.41%)    -0.75086 (  1.59%)    -0.83335
      58    145.90    -0.81246 ( 98.64%)    -0.73930 (  1.36%)    -0.81146
      59    154.87    -0.77862 ( 98.93%)    -0.72163 (  1.07%)    -0.77800
      60    155.52    -0.77627 ( 98.94%)    -0.72040 (  1.06%)    -0.77568
      61    158.46    -0.76567 ( 99.02%)    -0.71484 (  0.98%)    -0.76517
      62    160.22    -0.75946 ( 99.06%)    -0.71158 (  0.94%)    -0.75901
      63    162.80    -0.75045 ( 99.12%)    -0.70684 (  0.88%)    -0.75006
      64    163.23    -0.74896 ( 99.13%)    -0.70605 (  0.87%)    -0.74858
      65    165.42    -0.74146 ( 99.17%)    -0.70210 (  0.83%)    -0.74113
      66    165.76    -0.74032 ( 99.18%)    -0.70150 (  0.82%)    -0.74000
      67    171.30    -0.72187 ( 99.28%)    -0.69176 (  0.72%)    -0.72165
      68    173.08    -0.71610 ( 99.31%)    -0.68870 (  0.69%)    -0.71591
      69    177.36    -0.70243 ( 99.37%)    -0.68145 (  0.63%)    -0.70230
      70    179.24    -0.69658 ( 99.40%)    -0.67834 (  0.60%)    -0.69647
      71    182.85    -0.68548 ( 99.44%)    -0.67243 (  0.56%)    -0.68540
      72    185.17    -0.67849 ( 99.47%)    -0.66870 (  0.53%)    -0.67844
      73    190.86    -0.66172 ( 99.53%)    -0.65973 (  0.47%)    -0.66172
      74    194.20    -0.65216 ( 99.56%)    -0.65459 (  0.44%)    -0.65217
      75    195.48    -0.64855 ( 99.57%)    -0.65265 (  0.43%)    -0.64857
      76    205.59    -0.62090 ( 99.65%)    -0.63771 (  0.35%)    -0.62096
      77    210.71    -0.60749 ( 99.68%)    -0.63042 (  0.32%)    -0.60756
      78    212.48    -0.60293 ( 99.69%)    -0.62793 (  0.31%)    -0.60300
      79    213.44    -0.60050 ( 99.70%)    -0.62661 (  0.30%)    -0.60058
      80    217.47    -0.59035 ( 99.72%)    -0.62106 (  0.28%)    -0.59044
      81    219.21    -0.58604 ( 99.73%)    -0.61870 (  0.27%)    -0.58613
      82    220.55    -0.58276 ( 99.74%)    -0.61690 (  0.26%)    -0.58285
      83    229.71    -0.56088 ( 99.78%)    -0.60484 (  0.22%)    -0.56097
      84    230.46    -0.55914 ( 99.78%)    -0.60388 (  0.22%)    -0.55924
      85    236.03    -0.54639 ( 99.80%)    -0.59680 (  0.20%)    -0.54649
      86    240.53    -0.53635 ( 99.81%)    -0.59120 (  0.19%)    -0.53645
      87    245.50    -0.52553 ( 99.83%)    -0.58514 (  0.17%)    -0.52563
      88    246.83    -0.52270 ( 99.83%)    -0.58355 (  0.17%)    -0.52280
      89    249.45    -0.51713 ( 99.84%)    -0.58042 (  0.16%)    -0.51723
      90    250.59    -0.51474 ( 99.84%)    -0.57907 (  0.16%)    -0.51484
      91    253.15    -0.50939 ( 99.85%)    -0.57605 (  0.15%)    -0.50950
      92    255.39    -0.50480 ( 99.85%)    -0.57345 (  0.15%)    -0.50490
      93    262.26    -0.49096 ( 99.87%)    -0.56558 (  0.13%)    -0.49105
      94    262.82    -0.48985 ( 99.87%)    -0.56495 (  0.13%)    -0.48995
      95    263.88    -0.48776 ( 99.87%)    -0.56376 (  0.13%)    -0.48786
      96    264.31    -0.48691 ( 99.87%)    -0.56327 (  0.13%)    -0.48701
      97    272.88    -0.47046 ( 99.89%)    -0.55383 (  0.11%)    -0.47055
      98    273.71    -0.46889 ( 99.89%)    -0.55292 (  0.11%)    -0.46898
      99    275.55    -0.46545 ( 99.89%)    -0.55094 (  0.11%)    -0.46554
     100    275.93    -0.46475 ( 99.89%)    -0.55053 (  0.11%)    -0.46484
   ------------------------------------------------------------------------

   temp. (K)  partition function   enthalpy   heat capacity  entropy
                                   cal/mol     cal/K/mol   cal/K/mol   J/K/mol
 298.15  VIB  0.214E+56            68163.881    439.544    430.382
         ROT  0.135E+10              888.752      2.981     44.760
         INT  0.289E+65            69052.634    442.525    475.142
         TR   0.795E+29             1481.254      4.968     48.458
         TOT                       70533.8878   447.4929   523.5999  2190.7421

       T/K    H(0)-H(T)+PV         H(T)/Eh          T*S/Eh         G(T)/Eh
   ------------------------------------------------------------------------
    298.15    0.112403E+00    0.158987E+01    0.248779E+00    0.134109E+01
   ------------------------------------------------------------------------

         :::::::::::::::::::::::::::::::::::::::::::::::::::::
         ::                  THERMODYNAMIC                  ::
         :::::::::::::::::::::::::::::::::::::::::::::::::::::
         :: total free energy        -333.247597631366 Eh   ::
         ::.................................................::
         :: total energy             -334.588687268518 Eh   ::
         :: zero point energy           1.477465956248 Eh   ::
         :: G(RRHO) w/o ZPVE           -0.136376319096 Eh   ::
         :: G(RRHO) contrib.            1.341089637153 Eh   ::
         :::::::::::::::::::::::::::::::::::::::::::::::::::::

           -------------------------------------------------
          | TOTAL ENERGY             -334.588687268518 Eh   |
          | TOTAL ENTHALPY           -332.998818407347 Eh   |
          | TOTAL FREE ENERGY        -333.247597631366 Eh   |
          | GRADIENT NORM               0.000784531503 Eh/α |
          | HOMO-LUMO GAP               1.505695594739 eV   |
           -------------------------------------------------

------------------------------------------------------------------------
 * finished run on 2021/06/22 at 04:05:36.965     
------------------------------------------------------------------------
 total:
 * wall-time:     0 d,  0 h, 24 min, 20.827 sec
 *  cpu-time:     0 d,  1 h, 37 min,  4.177 sec
 * ratio c/w:     3.987 speedup
 SCF:
 * wall-time:     0 d,  0 h,  0 min,  3.985 sec
 *  cpu-time:     0 d,  0 h,  0 min, 12.548 sec
 * ratio c/w:     3.149 speedup
 numerical hessian:
 * wall-time:     0 d,  0 h, 24 min, 14.347 sec
 *  cpu-time:     0 d,  1 h, 36 min, 48.792 sec
 * ratio c/w:     3.994 speedup

