      -----------------------------------------------------------      
     |                   =====================                   |     
     |                           x T B                           |     
     |                   =====================                   |     
     |                         S. Grimme                         |     
     |          Mulliken Center for Theoretical Chemistry        |     
     |                    University of Bonn                     |     
     |                Version 6.2 RC2 (SAW190805)                |     
      -----------------------------------------------------------      

   This program is distributed in the hope that it will be useful,
   but WITHOUT ANY WARRANTY; without even the implied warranty of
   MERCHANTABILITY or FITNESS FOR A PARTICULAR PURPOSE.
   
   FOR NON-COMMERCIAL, ACADEMIA USE ONLY.
   
   Cite this work as:
   * S. Grimme, C. Bannwarth, P. Shushkov, J. Chem. Theory Comput., 2017,
     13, 1989-2009. DOI: 10.1021/acs.jctc.7b00118
   * C. Bannwarth, S. Ehlert and S. Grimme., J. Chem. Theory Comput., 2019,
     15, 1652-1671. DOI: 10.1021/acs.jctc.8b01176
   * P. Pracht, E. Caldeweyher, S. Ehlert, S. Grimme, ChemRxiv, 2019, preprint.
     DOI: 10.26434/chemrxiv.8326202.v1
   
   for DFT-D4:
   * E. Caldeweyher, C. Bannwarth and S. Grimme, J. Chem. Phys., 2017,
     147, 034112. DOI: 10.1063/1.4993215
   * E. Caldeweyher, S. Ehlert, A. Hansen, H. Neugebauer, S. Spicher,
     C. Bannwarth and S. Grimme, J. Chem. Phys., 2019, 150, 154122.
     DOI: 10.1063/1.5090222
   
   for sTDA-xTB:
   * S. Grimme and C. Bannwarth, J. Chem. Phys., 2016, 145, 054103.
     DOI: 10.1063/1.4959605
   
   in the mass-spec context:
   * V. Asgeirsson, C. Bauer and S. Grimme, Chem. Sci., 2017, 8, 4879.
     DOI: 10.1039/c7sc00601b
   
   for metadynamics refer to:
   * S. Grimme, J. Chem. Theory Comput., 2019, 155, 2847-2862
     DOI: 10.1021/acs.jctc.9b00143
   
   with help from (in alphabetical order)
   C. Bannwarth, F. Bohle, G. Brandenburg, E. Caldeweyher, M. Checinski,
   S. Dohm, S. Ehlert, S. Ehrlich, F. März, H. Neugebauer, J. Pisarek,
   P. Pracht, P. Shushkov, and S. Spicher.
   
 * started run on 2021/06/22 at 02:33:01.889     

           -------------------------------------------------
          |                Calculation Setup                |
           -------------------------------------------------

          program call               : /home/atarzia/software/xtb-190806/bin/xtb /data/atarzia/projects/unsymm/screening/production/free_energy_calculations/fe_4c1_d/input_structure.xyz --gfn 2 --hess --parallel 6 --etemp 300 --gbsa dmso --chrg 4 --uhf 0 -I det_control.in
          coordinate file            : /data/atarzia/projects/unsymm/screening/production/free_energy_calculations/fe_4c1_d/input_structure.xyz
          omp threads                :                     6
          number of atoms            :                   194
          number of electrons        :                   592
          charge                     :                     4
          spin                       :                   0.0
          first test random number   :      0.45354925494254


########################################################################
# WARNING! Please study the warnings concerning your input carefully
#  - XTBHOME is not set, using HOME instead
#  - XTBPATH is not set, using XTBHOME instead
#  - Process number higher than OMP_NUM_THREADS, I hope you know what you are doing.
########################################################################

           ------------------------------------------------- 
          |                 G F N 2 - x T B                 |
          | Geometry, Frequencies, Noncovalent interactions |
          |            JCTC 2019 parametrisation            |
           ------------------------------------------------- 
             k(s)              :                1.8500
             k(p)              :                2.2300
             k(d)              :                2.2300
             k(f)              :                2.0000
             kEN (H0ij)        :               -2.0000
             D4 a1             :                0.5200
             D4 a2             :                5.0000
             D4 s6             :                1.0000
             D4 s8             :                2.7000
             D4 s9             :                5.0000
             alphaj            :                2.0000

  Z AO/shell   Hii/eV     exponent
  1     Wed Apr 25 08:07:45 CEST 2018   EN: 2.200 GM2: 0.406  GM3: 0.0800  RAES: 1.40
     1s    -10.707211    1.230000
  6     Wed Apr 25 08:07:45 CEST 2018   EN: 2.550 GM2: 0.538  GM3: 0.1500  RAES: 3.00
     2s    -13.970922    2.096432
     2p    -10.063292    1.800000
  7     Wed Apr 25 08:07:45 CEST 2018   EN: 3.040 GM2: 0.461  GM3:-0.0640  RAES: 1.90
     2s    -16.686243    2.339881
     2p    -12.523956    2.014332
 46     Wed Apr 25 16:26:58 CEST 2018   EN: 2.200 GM2: 0.273  GM3: 0.0800  RAES: 5.00
     4d    -11.963518    2.353691
     5s     -9.714059    1.828354
     5p     -2.035281    1.333352

 Solvent             : dmso
 Using internal parameter file: .param_gbsa2_dmso
 Gsolv ref. state (COSMO-RS): gsolv [1 M gas/solution]
 temperature (mdtemp)       :    298.150000000000     
 dielectric constant        :    46.6800000000000     
 rho                        :    1.10000000000000     
 mass                       :    78.1300000000000     
 surface tension            :    15.5689454083859     
 probe radius               :   0.949087640000000     
 vdW radii scaling          :    1.00000000000000     
 Gshift (Eh)                :   5.161738145414381E-003
 c1                         :    1.63948621000000     
 soset                      :   1.179665000000000E-002
 HB correction              :  T
           ------------------------------------------------- 
          |        Self-Consistent Charge Iterations        |
           ------------------------------------------------- 

          ...................................................
          :                      SETUP                      :
          :.................................................:
          :  # basis functions                 584          :
          :  # atomic orbitals                 582          :
          :  # shells                          322          :
          :  # electrons                       592          :
          :  max. iterations                   250          :
          :  Hamiltonian                  GFN2-xTB          :
          :  restarted?                      false          :
          :  GBSA solvation                   true          :
          :  PC potential                    false          :
          :  electronic temp.          300.0000000     K    :
          :  accuracy                    1.0000000          :
          :  -> integral cutoff          0.2500000E+02      :
          :  -> integral neglect         0.1000000E-07      :
          :  -> SCF convergence          0.1000000E-05 Eh   :
          :  -> wf. convergence          0.1000000E-03 e    :
          :  Broyden damping             0.4000000          :
          ...................................................

 iter      E             dE          RMSdq      gap      omega  full diag
   1   -322.7336390 -0.322734E+03  0.492E+00    2.05       0.0  T
   2   -323.2724969 -0.538858E+00  0.305E+00    1.31       1.0  T
   3   -323.1741815  0.983154E-01  0.167E+00    1.83       1.0  T
   4   -323.3985763 -0.224395E+00  0.837E-01    1.58       1.0  T
   5   -323.5132601 -0.114684E+00  0.247E-01    1.61       1.0  T
   6   -323.5208510 -0.759097E-02  0.108E-01    1.65       1.0  T
   7   -323.5218641 -0.101304E-02  0.561E-02    1.64       1.0  T
   8   -323.5218666 -0.254999E-05  0.383E-02    1.65       1.0  T
   9   -323.5220350 -0.168367E-03  0.153E-02    1.65       1.0  T
  10   -323.5220572 -0.222243E-04  0.697E-03    1.65       1.0  T
  11   -323.5220583 -0.111366E-05  0.392E-03    1.65       1.8  T
  12   -323.5220587 -0.388366E-06  0.197E-03    1.65       3.6  T
  13   -323.5220590 -0.246212E-06  0.866E-04    1.65       8.3  T
  14   -323.5220590 -0.597267E-07  0.489E-04    1.65      14.7  T

   *** convergence criteria satisfied after 14 iterations ***

         #    Occupation            Energy/Eh            Energy/eV
      -------------------------------------------------------------
         1        2.0000           -0.7260795             -19.7576
       ...           ...                  ...                  ...
       290        2.0000           -0.3956871             -10.7672
       291        2.0000           -0.3898013             -10.6070
       292        2.0000           -0.3897942             -10.6068
       293        2.0000           -0.3781177             -10.2891
       294        2.0000           -0.3780700             -10.2878
       295        2.0000           -0.3764519             -10.2438
       296        2.0000           -0.3764092             -10.2426 (HOMO)
       297                         -0.3156858              -8.5902 (LUMO)
       298                         -0.3156717              -8.5899
       299                         -0.3153432              -8.5809
       300                         -0.3153354              -8.5807
       301                         -0.3021113              -8.2209
       ...                                ...                  ...
       582                          1.6017570              43.5860
      -------------------------------------------------------------
                  HL-Gap            0.0607234 Eh            1.6524 eV
             Fermi-level           -0.3460475 Eh           -9.4164 eV

 SCC (total)                   0 d,  0 h,  0 min,  3.621 sec
 SCC setup                      ...        0 min,  0.244 sec (  6.729%)
 Dispersion                     ...        0 min,  0.051 sec (  1.421%)
 integral evaluation            ...        0 min,  0.633 sec ( 17.471%)
 zeroth order Hamiltonian       ...        0 min,  0.009 sec (  0.239%)
 iterations                     ...        0 min,  2.291 sec ( 63.282%)
 molecular gradient             ...        0 min,  0.374 sec ( 10.334%)
 printout                       ...        0 min,  0.019 sec (  0.522%)

         :::::::::::::::::::::::::::::::::::::::::::::::::::::
         ::                     SUMMARY                     ::
         :::::::::::::::::::::::::::::::::::::::::::::::::::::
         :: total energy            -317.678535022305 Eh    ::
         :: total w/o Gsasa/hb      -317.559734413916 Eh    ::
         :: gradient norm              0.011880076087 Eh/a0 ::
         :: HOMO-LUMO gap              1.652368085387 eV    ::
         ::.................................................::
         :: SCC energy              -323.622013472402 Eh    ::
         :: -> isotropic ES            0.591561424534 Eh    ::
         :: -> anisotropic ES         -0.062794008012 Eh    ::
         :: -> anisotropic XC          0.199596588896 Eh    ::
         :: -> dispersion             -0.337229472122 Eh    ::
         :: -> Gsolv                  -0.624695427285 Eh    ::
         ::    -> Gborn               -0.505894818896 Eh    ::
         ::    -> Gsasa               -0.105116193698 Eh    ::
         ::    -> Ghb                 -0.018846152837 Eh    ::
         ::    -> Gshift               0.005161738145 Eh    ::
         :: repulsion energy           5.927357290013 Eh    ::
         :: add. restraining           0.000000000000 Eh    ::
         :::::::::::::::::::::::::::::::::::::::::::::::::::::

           ------------------------------------------------- 
          |                Numerical Hessian                |
           ------------------------------------------------- 
step length          :   0.00500
SCC accuracy         :   0.30000
Hessian scale factor :   1.00000
frozen atoms in %    :   0.00000    0
RMS gradient         :   0.00079
estimated CPU  time    159.76 min
estimated wall time     40.02 min

writing file <hessian>.

 projected vibrational frequencies (cm-1)
eigval :       -0.00    -0.00    -0.00     0.00     0.00     0.00
eigval :        4.66     7.87     9.40     9.66    11.55    11.73
eigval :       15.42    16.42    19.36    26.05    28.90    32.29
eigval :       33.64    34.36    38.08    42.57    48.12    49.89
eigval :       50.18    52.76    53.71    61.46    63.05    63.31
eigval :       65.99    67.89    69.13    72.99    74.70    79.17
eigval :       80.31    82.32    85.78    88.88    91.48    95.00
eigval :       98.60   103.50   107.56   111.23   115.68   118.98
eigval :      119.40   123.75   128.44   130.33   132.56   133.02
eigval :      138.65   143.23   146.20   151.27   155.62   156.08
eigval :      160.65   160.73   163.95   166.49   169.62   171.01
eigval :      172.20   176.17   184.28   184.55   189.24   191.23
eigval :      201.82   205.89   211.87   214.89   217.09   218.56
eigval :      221.78   224.58   231.40   237.25   238.68   243.76
eigval :      252.88   253.19   254.37   255.18   259.78   263.66
eigval :      264.79   266.56   271.85   272.94   279.11   282.81
eigval :      284.08   286.25   305.33   307.74   310.27   311.63
eigval :      322.15   322.27   324.70   325.48   341.96   342.18
eigval :      343.75   344.08   383.28   385.23   386.63   388.10
eigval :      389.75   389.77   390.69   391.04   392.81   393.94
eigval :      395.45   395.82   396.42   397.51   401.86   402.35
eigval :      416.70   417.02   420.28   420.47   426.79   426.83
eigval :      428.04   428.11   440.98   441.06   442.15   442.55
eigval :      444.53   444.72   445.84   446.17   452.69   452.91
eigval :      457.52   458.32   473.48   473.59   475.07   475.23
eigval :      490.21   493.50   494.91   499.06   508.74   509.05
eigval :      512.89   513.48   514.43   515.09   517.04   517.39
eigval :      521.95   523.33   528.49   528.82   528.94   529.12
eigval :      539.58   539.82   540.48   540.58   542.02   543.36
eigval :      564.78   565.50   568.65   569.19   573.67   574.38
eigval :      578.97   579.62   607.31   607.43   610.07   610.11
eigval :      611.33   611.44   612.22   612.25   615.51   615.58
eigval :      617.85   618.22   621.61   621.89   623.21   623.30
eigval :      624.03   624.13   627.75   628.43   671.55   671.59
eigval :      672.50   672.67   675.12   675.27   677.04   677.18
eigval :      685.84   685.87   687.08   687.10   710.55   710.56
eigval :      712.15   712.19   720.84   720.92   722.78   723.32
eigval :      724.84   724.90   726.21   726.37   768.63   768.85
eigval :      769.91   770.14   777.60   777.94   778.32   778.57
eigval :      780.73   780.86   782.22   782.70   801.34   801.74
eigval :      805.93   806.07   817.85   818.07   818.74   818.86
eigval :      823.46   823.56   824.00   824.06   828.90   829.21
eigval :      830.45   830.76   838.30   838.36   841.86   842.16
eigval :      854.37   854.61   855.35   855.86   859.19   859.42
eigval :      859.89   860.28   861.22   861.65   861.93   862.19
eigval :      862.47   863.42   864.06   865.16   872.65   872.98
eigval :      875.82   876.22   880.54   880.94   882.32   883.36
eigval :      893.99   894.12   894.34   894.42   895.58   895.68
eigval :      896.60   896.77   901.68   902.35   902.54   902.66
eigval :      908.19   908.46   909.71   910.07   910.67   910.75
eigval :      911.44   911.74   920.77   921.10   923.23   923.81
eigval :      932.92   932.94   935.02   935.35   935.36   935.81
eigval :      936.44   936.49   989.24   989.71   993.20   993.22
eigval :     1012.71  1012.79  1014.94  1015.00  1044.56  1044.66
eigval :     1046.90  1046.90  1063.44  1063.49  1065.34  1065.40
eigval :     1080.44  1080.47  1082.35  1082.57  1095.90  1095.91
eigval :     1096.66  1096.76  1104.39  1104.48  1105.29  1105.32
eigval :     1126.46  1126.56  1128.86  1128.92  1141.64  1141.74
eigval :     1141.89  1142.18  1146.54  1146.73  1147.67  1148.06
eigval :     1158.59  1158.77  1159.04  1159.43  1162.89  1163.58
eigval :     1164.01  1166.06  1168.02  1168.81  1170.86  1171.91
eigval :     1179.68  1180.13  1182.61  1182.66  1187.57  1187.75
eigval :     1188.67  1188.92  1199.52  1199.63  1205.43  1205.53
eigval :     1213.37  1213.54  1215.92  1216.56  1221.05  1221.25
eigval :     1223.73  1224.42  1230.46  1230.48  1234.24  1234.45
eigval :     1237.03  1237.07  1238.34  1238.45  1248.84  1249.05
eigval :     1252.52  1252.72  1277.22  1277.34  1277.74  1277.79
eigval :     1283.67  1283.90  1287.20  1287.60  1298.95  1299.52
eigval :     1300.56  1300.79  1301.54  1301.88  1304.54  1304.93
eigval :     1314.39  1314.61  1319.99  1320.59  1326.63  1327.14
eigval :     1328.86  1329.08  1340.01  1340.04  1343.30  1343.42
eigval :     1358.68  1358.75  1359.03  1359.90  1368.42  1368.63
eigval :     1371.46  1371.59  1374.01  1374.37  1375.27  1375.71
eigval :     1386.88  1386.95  1389.84  1389.90  1400.23  1400.29
eigval :     1402.03  1402.09  1415.08  1415.36  1415.78  1415.82
eigval :     1416.42  1416.67  1417.05  1417.14  1429.23  1429.26
eigval :     1431.19  1431.23  1443.10  1443.11  1443.56  1443.71
eigval :     1468.35  1468.42  1468.78  1468.91  1480.65  1480.72
eigval :     1482.47  1482.48  1483.69  1483.86  1485.12  1485.30
eigval :     1528.73  1528.97  1529.46  1529.66  1533.27  1533.42
eigval :     1534.77  1534.84  1544.19  1544.98  1545.26  1545.74
eigval :     1560.31  1560.41  1561.62  1561.72  1562.25  1562.42
eigval :     1564.71  1564.77  1568.16  1568.19  1570.89  1571.27
eigval :     1572.26  1572.28  1574.47  1574.51  1591.19  1591.28
eigval :     1594.07  1594.16  1608.04  1608.15  1613.71  1613.80
eigval :     2291.28  2291.85  2303.55  2304.04  2985.77  2985.80
eigval :     2990.70  2990.84  2993.91  2994.30  3000.61  3001.33
eigval :     3006.03  3006.42  3009.37  3009.51  3022.33  3022.96
eigval :     3040.85  3041.96  3086.62  3086.64  3091.85  3091.88
eigval :     3091.91  3091.94  3091.98  3092.00  3092.41  3092.95
eigval :     3095.78  3096.22  3099.87  3100.45  3102.88  3103.09
eigval :     3103.41  3103.45  3103.58  3103.67  3108.13  3108.37
eigval :     3108.59  3108.90  3109.63  3109.84  3111.06  3111.59
eigval :     3111.92  3112.09  3112.29  3112.44  3112.72  3112.78
eigval :     3115.02  3115.17  3115.99  3116.55  3118.74  3118.91
eigval :     3120.01  3120.19  3120.51  3120.67  3122.54  3122.98
eigval :     3123.15  3123.57  3470.30  3470.51  3478.12  3479.25
           -------------------------------------------------
          |                Property Printout                |
           -------------------------------------------------

    * Orbital Energies and Occupations

         #    Occupation            Energy/Eh            Energy/eV
      -------------------------------------------------------------
         1        2.0000           -0.7260837             -19.7577
       ...           ...                  ...                  ...
       284        2.0000           -0.4098679             -11.1531
       285        2.0000           -0.4034304             -10.9779
       286        2.0000           -0.4032499             -10.9730
       287        2.0000           -0.4027506             -10.9594
       288        2.0000           -0.4026537             -10.9568
       289        2.0000           -0.3957084             -10.7678
       290        2.0000           -0.3956892             -10.7673
       291        2.0000           -0.3898033             -10.6071
       292        2.0000           -0.3897964             -10.6069
       293        2.0000           -0.3781202             -10.2892
       294        2.0000           -0.3780725             -10.2879
       295        2.0000           -0.3764544             -10.2438
       296        2.0000           -0.3764118             -10.2427 (HOMO)
       297                         -0.3156878              -8.5903 (LUMO)
       298                         -0.3156735              -8.5899
       299                         -0.3153461              -8.5810
       300                         -0.3153383              -8.5808
       301                         -0.3021127              -8.2209
       302                         -0.3019684              -8.2170
       303                         -0.2979103              -8.1066
       304                         -0.2975487              -8.0967
       305                         -0.2861524              -7.7866
       306                         -0.2857042              -7.7744
       307                         -0.2854714              -7.7681
       ...                                ...                  ...
       582                          1.6017500              43.5858
      -------------------------------------------------------------
                  HL-Gap            0.0607240 Eh            1.6524 eV
             Fermi-level           -0.3460498 Eh           -9.4165 eV

     #   Z        covCN         q      C6AA      α(0)
     1  46 Pd     3.459    -0.066   273.553    34.110
     2  46 Pd     3.459    -0.066   273.554    34.110
     3   6 C      1.987    -0.016    31.486     9.062
     4   6 C      1.980    -0.043    32.196     9.163
     5   6 C      2.966     0.045    26.981     8.520
     6   6 C      2.925    -0.023    28.585     8.768
     7   6 C      2.914    -0.016    28.409     8.740
     8   6 C      2.914    -0.032    28.804     8.801
     9   6 C      2.989     0.029    27.353     8.579
    10   6 C      2.912    -0.033    28.811     8.802
    11   6 C      2.894     0.043    27.027     8.524
    12   7 N      2.663    -0.094    23.091     7.137
    13   6 C      2.904     0.057    26.729     8.477
    14   6 C      2.988    -0.006    28.158     8.705
    15   1 H      0.926     0.066     2.130     2.282
    16   1 H      0.926     0.057     2.234     2.337
    17   1 H      0.926     0.061     2.189     2.313
    18   1 H      0.926     0.087     1.910     2.161
    19   1 H      0.925     0.115     1.658     2.014
    20   1 H      0.925     0.119     1.623     1.992
    21   6 C      2.973     0.023    27.495     8.601
    22   6 C      2.941    -0.031    28.766     8.796
    23   6 C      2.908    -0.047    29.168     8.856
    24   6 C      3.084     0.052    26.743     8.477
    25   7 N      2.753    -0.125    23.703     7.231
    26   6 C      3.083     0.053    26.715     8.473
    27   6 C      2.907    -0.049    29.216     8.863
    28   6 C      2.931    -0.030    28.759     8.795
    29   6 C      2.974    -0.025    28.632     8.777
    30   6 C      2.914    -0.033    28.819     8.803
    31   6 C      3.066    -0.032    28.729     8.789
    32   6 C      3.067    -0.029    28.653     8.777
    33   6 C      2.915    -0.031    28.782     8.797
    34   1 H      0.926     0.045     2.378     2.412
    35   1 H      0.926     0.038     2.474     2.460
    36   1 H      0.860     0.203     1.091     1.636
    37   1 H      0.926     0.044     2.394     2.419
    38   1 H      0.926     0.053     2.287     2.365
    39   1 H      0.926     0.075     2.034     2.230
    40   1 H      0.926     0.079     1.993     2.207
    41   6 C      2.970     0.007    27.859     8.658
    42   6 C      2.932    -0.006    28.173     8.705
    43   6 C      2.910    -0.030    28.745     8.791
    44   6 C      2.907     0.050    26.888     8.503
    45   7 N      2.663    -0.098    23.172     7.149
    46   6 C      2.903     0.044    27.008     8.521
    47   1 H      0.926     0.082     1.961     2.190
    48   1 H      0.926     0.093     1.849     2.127
    49   1 H      0.925     0.121     1.604     1.981
    50   1 H      0.925     0.125     1.574     1.962
    51   6 C      1.987    -0.016    31.487     9.062
    52   6 C      1.980    -0.043    32.196     9.163
    53   6 C      2.966     0.045    26.982     8.520
    54   6 C      2.925    -0.023    28.585     8.768
    55   6 C      2.914    -0.016    28.409     8.740
    56   6 C      2.914    -0.032    28.804     8.801
    57   6 C      2.989     0.029    27.353     8.579
    58   6 C      2.912    -0.033    28.811     8.802
    59   6 C      2.894     0.043    27.027     8.524
    60   7 N      2.663    -0.094    23.090     7.137
    61   6 C      2.904     0.057    26.729     8.477
    62   6 C      2.988    -0.006    28.158     8.705
    63   1 H      0.926     0.066     2.130     2.282
    64   1 H      0.926     0.057     2.234     2.337
    65   1 H      0.926     0.061     2.188     2.313
    66   1 H      0.926     0.087     1.910     2.161
    67   1 H      0.925     0.115     1.658     2.013
    68   1 H      0.925     0.119     1.623     1.992
    69   6 C      2.973     0.023    27.495     8.601
    70   6 C      2.941    -0.031    28.765     8.796
    71   6 C      2.908    -0.047    29.168     8.856
    72   6 C      3.084     0.052    26.744     8.478
    73   7 N      2.753    -0.125    23.702     7.231
    74   6 C      3.083     0.053    26.715     8.473
    75   6 C      2.907    -0.049    29.216     8.863
    76   6 C      2.931    -0.030    28.759     8.795
    77   6 C      2.974    -0.025    28.631     8.777
    78   6 C      2.914    -0.033    28.818     8.803
    79   6 C      3.066    -0.032    28.728     8.789
    80   6 C      3.067    -0.029    28.653     8.777
    81   6 C      2.915    -0.031    28.782     8.797
    82   1 H      0.926     0.045     2.379     2.412
    83   1 H      0.926     0.038     2.474     2.460
    84   1 H      0.860     0.203     1.091     1.636
    85   1 H      0.926     0.044     2.394     2.419
    86   1 H      0.926     0.053     2.287     2.365
    87   1 H      0.926     0.075     2.034     2.230
    88   1 H      0.926     0.079     1.993     2.207
    89   6 C      2.970     0.007    27.859     8.658
    90   6 C      2.932    -0.006    28.173     8.705
    91   6 C      2.910    -0.030    28.745     8.791
    92   6 C      2.907     0.050    26.889     8.503
    93   7 N      2.663    -0.098    23.172     7.149
    94   6 C      2.903     0.044    27.008     8.521
    95   1 H      0.926     0.082     1.961     2.190
    96   1 H      0.926     0.093     1.849     2.127
    97   1 H      0.925     0.121     1.604     1.981
    98   1 H      0.925     0.125     1.574     1.962
    99   6 C      1.984    -0.017    31.515     9.066
   100   6 C      1.980    -0.043    32.203     9.164
   101   6 C      2.966     0.045    26.986     8.521
   102   6 C      2.922    -0.023    28.571     8.765
   103   6 C      2.915    -0.016    28.406     8.740
   104   6 C      2.914    -0.032    28.795     8.799
   105   6 C      2.989     0.029    27.342     8.577
   106   6 C      2.912    -0.033    28.817     8.803
   107   6 C      2.893     0.044    27.010     8.521
   108   7 N      2.652    -0.096    23.119     7.141
   109   6 C      2.900     0.056    26.752     8.481
   110   6 C      2.990    -0.008    28.205     8.712
   111   1 H      0.926     0.068     2.112     2.272
   112   1 H      0.926     0.058     2.219     2.330
   113   1 H      0.926     0.062     2.175     2.306
   114   1 H      0.926     0.087     1.907     2.159
   115   1 H      0.925     0.108     1.717     2.049
   116   1 H      0.925     0.114     1.662     2.016
   117   6 C      2.974     0.020    27.560     8.611
   118   6 C      2.932    -0.034    28.844     8.808
   119   6 C      2.908    -0.046    29.139     8.851
   120   6 C      3.078     0.046    26.879     8.500
   121   7 N      2.756    -0.119    23.594     7.214
   122   6 C      3.075     0.052    26.761     8.482
   123   6 C      2.908    -0.046    29.135     8.851
   124   6 C      2.928    -0.031    28.780     8.798
   125   6 C      2.975    -0.020    28.493     8.756
   126   6 C      2.917    -0.034    28.835     8.806
   127   6 C      3.073    -0.026    28.574     8.765
   128   6 C      3.073    -0.026    28.567     8.763
   129   6 C      2.920    -0.031    28.783     8.798
   130   1 H      0.926     0.045     2.379     2.412
   131   1 H      0.926     0.040     2.453     2.449
   132   1 H      0.860     0.197     1.122     1.659
   133   1 H      0.926     0.043     2.408     2.427
   134   1 H      0.926     0.051     2.308     2.376
   135   1 H      0.926     0.073     2.055     2.242
   136   1 H      0.926     0.074     2.043     2.235
   137   6 C      2.969     0.013    27.722     8.636
   138   6 C      2.931    -0.007    28.186     8.707
   139   6 C      2.910    -0.030    28.739     8.791
   140   6 C      2.905     0.049    26.905     8.505
   141   7 N      2.666    -0.092    23.037     7.128
   142   6 C      2.909     0.040    27.100     8.536
   143   1 H      0.926     0.083     1.950     2.184
   144   1 H      0.926     0.091     1.865     2.136
   145   1 H      0.925     0.122     1.593     1.974
   146   1 H      0.925     0.128     1.548     1.945
   147   6 C      1.984    -0.017    31.515     9.066
   148   6 C      1.980    -0.043    32.203     9.164
   149   6 C      2.966     0.045    26.986     8.521
   150   6 C      2.922    -0.023    28.571     8.766
   151   6 C      2.915    -0.016    28.406     8.740
   152   6 C      2.914    -0.032    28.795     8.799
   153   6 C      2.989     0.029    27.342     8.577
   154   6 C      2.912    -0.033    28.817     8.803
   155   6 C      2.893     0.044    27.011     8.521
   156   7 N      2.652    -0.096    23.119     7.141
   157   6 C      2.900     0.056    26.752     8.481
   158   6 C      2.990    -0.008    28.205     8.712
   159   1 H      0.926     0.068     2.112     2.272
   160   1 H      0.926     0.058     2.219     2.330
   161   1 H      0.926     0.062     2.175     2.306
   162   1 H      0.926     0.087     1.907     2.159
   163   1 H      0.925     0.108     1.717     2.049
   164   1 H      0.925     0.114     1.662     2.016
   165   6 C      2.974     0.020    27.560     8.611
   166   6 C      2.932    -0.034    28.844     8.808
   167   6 C      2.908    -0.046    29.138     8.851
   168   6 C      3.078     0.046    26.879     8.500
   169   7 N      2.756    -0.119    23.594     7.214
   170   6 C      3.076     0.052    26.761     8.482
   171   6 C      2.908    -0.046    29.134     8.851
   172   6 C      2.928    -0.031    28.780     8.798
   173   6 C      2.975    -0.020    28.493     8.756
   174   6 C      2.917    -0.034    28.835     8.806
   175   6 C      3.073    -0.026    28.574     8.765
   176   6 C      3.073    -0.026    28.567     8.763
   177   6 C      2.920    -0.031    28.783     8.798
   178   1 H      0.926     0.045     2.379     2.412
   179   1 H      0.926     0.040     2.453     2.449
   180   1 H      0.860     0.197     1.122     1.659
   181   1 H      0.926     0.043     2.408     2.427
   182   1 H      0.926     0.051     2.308     2.376
   183   1 H      0.926     0.073     2.055     2.242
   184   1 H      0.926     0.074     2.043     2.235
   185   6 C      2.969     0.013    27.722     8.636
   186   6 C      2.931    -0.007    28.186     8.707
   187   6 C      2.910    -0.030    28.739     8.791
   188   6 C      2.905     0.049    26.905     8.505
   189   7 N      2.666    -0.092    23.036     7.128
   190   6 C      2.909     0.040    27.100     8.536
   191   1 H      0.926     0.083     1.950     2.184
   192   1 H      0.926     0.091     1.865     2.136
   193   1 H      0.925     0.122     1.593     1.974
   194   1 H      0.925     0.128     1.548     1.946

 Mol. C6AA /au·bohr⁶  :     610336.735117
 Mol. C8AA /au·bohr⁸  :   16964041.621591
 Mol. α(0) /au        :       1279.209533


Wiberg/Mayer (AO) data.
largest (>0.10) Wiberg bond orders for each atom
          total WBO             WBO to atom ...
     1  Pd  3.457        N   60 0.606    N  141 0.603    N   45 0.596    N  156 0.592
     2  Pd  3.457        N   12 0.606    N  189 0.603    N   93 0.596    N  108 0.592
     3  C   3.935        C    4 2.628    C   21 1.125
     4  C   3.946        C    3 2.628    C    5 1.139
     5  C   3.983        C    6 1.448    C   14 1.198    C    4 1.139
     6  C   3.979        C    5 1.448    C    7 1.349    H   15 0.967
     7  C   3.982        C    8 1.520    C    6 1.349    H   16 0.968
     8  C   3.951        C    7 1.520    C    9 1.294    H   17 0.966
     9  C   3.989        C    8 1.294    C   10 1.274    C   14 1.228
    10  C   3.979        C   11 1.552    C    9 1.274    H   18 0.960    C   13 0.105
    11  C   3.969        C   10 1.552    N   12 1.247    H   19 0.919
    12  N   3.538        C   13 1.425    C   11 1.247    Pd   2 0.606
    13  C   3.968        N   12 1.425    C   14 1.323    H   20 0.910    C   10 0.105
    14  C   3.981        C   13 1.323    C    9 1.228    C    5 1.198
    15  H   0.995        C    6 0.967
    16  H   0.995        C    7 0.968
    17  H   0.995        C    8 0.966
    18  H   0.991        C   10 0.960
    19  H   0.986        C   11 0.919
    20  H   0.984        C   13 0.910
    21  C   3.977        C   33 1.393    C   22 1.303    C    3 1.125
    22  C   3.963        C   23 1.497    C   21 1.303    H   34 0.970
    23  C   3.983        C   22 1.497    C   24 1.340    H   35 0.966
    24  C   3.939        C   23 1.340    C   32 1.254    N   25 1.163
    25  N   3.517        C   26 1.184    C   24 1.163    H   36 0.929
    26  C   3.957        C   27 1.337    C   31 1.240    N   25 1.184
    27  C   3.983        C   28 1.498    C   26 1.337    H   37 0.967
    28  C   3.969        C   27 1.498    C   29 1.324    H   38 0.964
    29  C   3.973        C   30 1.398    C   28 1.324    C   41 1.076
    30  C   3.976        C   29 1.398    C   31 1.391    H   39 0.961
    31  C   3.977        C   30 1.391    C   26 1.240    C   32 1.140
    32  C   3.977        C   33 1.379    C   24 1.254    C   31 1.140
    33  C   3.965        C   21 1.393    C   32 1.379    H   40 0.964
    34  H   0.998        C   22 0.970
    35  H   0.996        C   23 0.966
    36  H   0.958        N   25 0.929
    37  H   0.997        C   27 0.967
    38  H   0.997        C   28 0.964
    39  H   0.994        C   30 0.961
    40  H   0.993        C   33 0.964
    41  C   3.979        C   46 1.374    C   42 1.354    C   29 1.076
    42  C   3.976        C   43 1.456    C   41 1.354    H   47 0.959
    43  C   3.981        C   42 1.456    C   44 1.422    H   48 0.961
    44  C   3.956        C   43 1.422    N   45 1.342    H   49 0.913
    45  N   3.534        C   46 1.358    C   44 1.342    Pd   1 0.596
    46  C   3.961        C   41 1.374    N   45 1.358    H   50 0.911
    47  H   0.992        C   42 0.959
    48  H   0.990        C   43 0.961
    49  H   0.984        C   44 0.913
    50  H   0.983        C   46 0.911
    51  C   3.935        C   52 2.628    C   69 1.125
    52  C   3.946        C   51 2.628    C   53 1.139
    53  C   3.983        C   54 1.448    C   62 1.198    C   52 1.139
    54  C   3.979        C   53 1.448    C   55 1.349    H   63 0.967
    55  C   3.982        C   56 1.520    C   54 1.349    H   64 0.968
    56  C   3.951        C   55 1.520    C   57 1.294    H   65 0.966
    57  C   3.989        C   56 1.294    C   58 1.274    C   62 1.228
    58  C   3.979        C   59 1.552    C   57 1.274    H   66 0.960    C   61 0.105
    59  C   3.969        C   58 1.552    N   60 1.247    H   67 0.919
    60  N   3.538        C   61 1.425    C   59 1.247    Pd   1 0.606
    61  C   3.968        N   60 1.425    C   62 1.323    H   68 0.910    C   58 0.105
    62  C   3.981        C   61 1.323    C   57 1.228    C   53 1.198
    63  H   0.995        C   54 0.967
    64  H   0.995        C   55 0.968
    65  H   0.995        C   56 0.966
    66  H   0.991        C   58 0.960
    67  H   0.986        C   59 0.919
    68  H   0.984        C   61 0.910
    69  C   3.977        C   81 1.394    C   70 1.303    C   51 1.125
    70  C   3.963        C   71 1.498    C   69 1.303    H   82 0.970
    71  C   3.983        C   70 1.498    C   72 1.340    H   83 0.966
    72  C   3.939        C   71 1.340    C   80 1.254    N   73 1.163
    73  N   3.517        C   74 1.184    C   72 1.163    H   84 0.929
    74  C   3.957        C   75 1.337    C   79 1.240    N   73 1.184
    75  C   3.983        C   76 1.498    C   74 1.337    H   85 0.967
    76  C   3.969        C   75 1.498    C   77 1.324    H   86 0.964
    77  C   3.973        C   78 1.398    C   76 1.324    C   89 1.076
    78  C   3.976        C   77 1.398    C   79 1.391    H   87 0.961
    79  C   3.977        C   78 1.391    C   74 1.240    C   80 1.140
    80  C   3.977        C   81 1.379    C   72 1.254    C   79 1.140
    81  C   3.965        C   69 1.394    C   80 1.379    H   88 0.964
    82  H   0.998        C   70 0.970
    83  H   0.996        C   71 0.966
    84  H   0.958        N   73 0.929
    85  H   0.997        C   75 0.967
    86  H   0.997        C   76 0.964
    87  H   0.994        C   78 0.961
    88  H   0.993        C   81 0.964
    89  C   3.979        C   94 1.374    C   90 1.354    C   77 1.076
    90  C   3.976        C   91 1.456    C   89 1.354    H   95 0.959
    91  C   3.981        C   90 1.456    C   92 1.423    H   96 0.961
    92  C   3.956        C   91 1.423    N   93 1.342    H   97 0.913
    93  N   3.534        C   94 1.358    C   92 1.342    Pd   2 0.596
    94  C   3.961        C   89 1.374    N   93 1.358    H   98 0.911
    95  H   0.992        C   90 0.959
    96  H   0.990        C   91 0.961
    97  H   0.984        C   92 0.913
    98  H   0.983        C   94 0.911
    99  C   3.937        C  100 2.635    C  117 1.121
   100  C   3.945        C   99 2.635    C  101 1.132
   101  C   3.985        C  102 1.459    C  110 1.197    C  100 1.132    C  104 0.100
   102  C   3.979        C  101 1.459    C  103 1.343    H  111 0.967
   103  C   3.983        C  104 1.526    C  102 1.343    H  112 0.968
   104  C   3.954        C  103 1.526    C  105 1.291    H  113 0.966    C  101 0.100
   105  C   3.988        C  104 1.291    C  106 1.275    C  110 1.230
   106  C   3.980        C  107 1.552    C  105 1.275    H  114 0.960    C  109 0.105
   107  C   3.970        C  106 1.552    N  108 1.249    H  115 0.922
   108  N   3.530        C  109 1.429    C  107 1.249    Pd   2 0.592
   109  C   3.969        N  108 1.429    C  110 1.321    H  116 0.916    C  106 0.105
   110  C   3.981        C  109 1.321    C  105 1.230    C  101 1.197
   111  H   0.995        C  102 0.967
   112  H   0.995        C  103 0.968
   113  H   0.995        C  104 0.966
   114  H   0.991        C  106 0.960
   115  H   0.987        C  107 0.922
   116  H   0.986        C  109 0.916
   117  C   3.978        C  129 1.388    C  118 1.315    C   99 1.121
   118  C   3.961        C  119 1.490    C  117 1.315    H  130 0.969
   119  C   3.983        C  118 1.490    C  120 1.345    H  131 0.966
   120  C   3.940        C  119 1.345    C  128 1.253    N  121 1.161
   121  N   3.518        C  122 1.185    C  120 1.161    H  132 0.932
   122  C   3.957        C  123 1.336    C  127 1.240    N  121 1.185
   123  C   3.983        C  124 1.500    C  122 1.336    H  133 0.967
   124  C   3.969        C  123 1.500    C  125 1.326    H  134 0.965
   125  C   3.974        C  126 1.395    C  124 1.326    C  137 1.078
   126  C   3.976        C  125 1.395    C  127 1.393    H  135 0.959
   127  C   3.978        C  126 1.393    C  122 1.240    C  128 1.141
   128  C   3.979        C  129 1.381    C  120 1.253    C  127 1.141
   129  C   3.969        C  117 1.388    C  128 1.381    H  136 0.964
   130  H   0.997        C  118 0.969
   131  H   0.997        C  119 0.966
   132  H   0.960        N  121 0.932
   133  H   0.997        C  123 0.967
   134  H   0.997        C  124 0.965
   135  H   0.994        C  126 0.959
   136  H   0.994        C  129 0.964
   137  C   3.979        C  142 1.370    C  138 1.354    C  125 1.078
   138  C   3.975        C  139 1.456    C  137 1.354    H  143 0.960
   139  C   3.980        C  138 1.456    C  140 1.421    H  144 0.962
   140  C   3.956        C  139 1.421    N  141 1.343    H  145 0.911
   141  N   3.543        C  142 1.359    C  140 1.343    Pd   1 0.603
   142  C   3.962        C  137 1.370    N  141 1.359    H  146 0.904
   143  H   0.991        C  138 0.960
   144  H   0.990        C  139 0.962
   145  H   0.984        C  140 0.911
   146  H   0.983        C  142 0.904
   147  C   3.937        C  148 2.634    C  165 1.121
   148  C   3.945        C  147 2.634    C  149 1.132
   149  C   3.985        C  150 1.459    C  158 1.197    C  148 1.132    C  152 0.100
   150  C   3.979        C  149 1.459    C  151 1.343    H  159 0.967
   151  C   3.983        C  152 1.525    C  150 1.343    H  160 0.968
   152  C   3.954        C  151 1.525    C  153 1.291    H  161 0.966    C  149 0.100
   153  C   3.988        C  152 1.291    C  154 1.275    C  158 1.230
   154  C   3.980        C  155 1.552    C  153 1.275    H  162 0.960    C  157 0.105
   155  C   3.970        C  154 1.552    N  156 1.249    H  163 0.922
   156  N   3.530        C  157 1.429    C  155 1.249    Pd   1 0.592
   157  C   3.969        N  156 1.429    C  158 1.321    H  164 0.916    C  154 0.105
   158  C   3.981        C  157 1.321    C  153 1.230    C  149 1.197
   159  H   0.995        C  150 0.967
   160  H   0.995        C  151 0.968
   161  H   0.995        C  152 0.966
   162  H   0.991        C  154 0.960
   163  H   0.987        C  155 0.922
   164  H   0.986        C  157 0.916
   165  C   3.978        C  177 1.388    C  166 1.315    C  147 1.121
   166  C   3.961        C  167 1.490    C  165 1.315    H  178 0.969
   167  C   3.983        C  166 1.490    C  168 1.345    H  179 0.966
   168  C   3.940        C  167 1.345    C  176 1.253    N  169 1.161
   169  N   3.518        C  170 1.185    C  168 1.161    H  180 0.932
   170  C   3.957        C  171 1.336    C  175 1.240    N  169 1.185
   171  C   3.983        C  172 1.500    C  170 1.336    H  181 0.967
   172  C   3.969        C  171 1.500    C  173 1.326    H  182 0.965
   173  C   3.974        C  174 1.395    C  172 1.326    C  185 1.078
   174  C   3.976        C  173 1.395    C  175 1.393    H  183 0.959
   175  C   3.978        C  174 1.393    C  170 1.240    C  176 1.141
   176  C   3.979        C  177 1.381    C  168 1.253    C  175 1.141
   177  C   3.969        C  165 1.388    C  176 1.381    H  184 0.964
   178  H   0.997        C  166 0.969
   179  H   0.997        C  167 0.966
   180  H   0.960        N  169 0.932
   181  H   0.997        C  171 0.967
   182  H   0.997        C  172 0.965
   183  H   0.994        C  174 0.959
   184  H   0.994        C  177 0.964
   185  C   3.979        C  190 1.370    C  186 1.355    C  173 1.078
   186  C   3.975        C  187 1.456    C  185 1.355    H  191 0.960
   187  C   3.980        C  186 1.456    C  188 1.421    H  192 0.962
   188  C   3.956        C  187 1.421    N  189 1.343    H  193 0.911
   189  N   3.543        C  190 1.360    C  188 1.343    Pd   2 0.603
   190  C   3.962        C  185 1.370    N  189 1.360    H  194 0.904
   191  H   0.991        C  186 0.960
   192  H   0.990        C  187 0.962
   193  H   0.984        C  188 0.911
   194  H   0.983        C  190 0.904

molecular dipole:
                 x           y           z       tot (Debye)
 q only:       -0.271       2.429      -1.306
   full:        0.019       2.454      -0.984       6.720
molecular quadrupole (traceless):
                xx          xy          yy          xz          yz          zz
 q only:     -106.993     -19.813     226.463     -59.057     -13.733    -119.470
  q+dip:      -97.322     -10.089     211.580     -86.291     -22.325    -114.257
   full:      -96.833     -12.918     209.452     -78.428     -18.933    -112.619

           -------------------------------------------------
          |               Frequency Printout                |
           -------------------------------------------------
 projected vibrational frequencies (cm-1)
eigval :       -0.00    -0.00    -0.00     0.00     0.00     0.00
eigval :        4.66     7.87     9.40     9.66    11.55    11.73
eigval :       15.42    16.42    19.36    26.05    28.90    32.29
eigval :       33.64    34.36    38.08    42.57    48.12    49.89
eigval :       50.18    52.76    53.71    61.46    63.05    63.31
eigval :       65.99    67.89    69.13    72.99    74.70    79.17
eigval :       80.31    82.32    85.78    88.88    91.48    95.00
eigval :       98.60   103.50   107.56   111.23   115.68   118.98
eigval :      119.40   123.75   128.44   130.33   132.56   133.02
eigval :      138.65   143.23   146.20   151.27   155.62   156.08
eigval :      160.65   160.73   163.95   166.49   169.62   171.01
eigval :      172.20   176.17   184.28   184.55   189.24   191.23
eigval :      201.82   205.89   211.87   214.89   217.09   218.56
eigval :      221.78   224.58   231.40   237.25   238.68   243.76
eigval :      252.88   253.19   254.37   255.18   259.78   263.66
eigval :      264.79   266.56   271.85   272.94   279.11   282.81
eigval :      284.08   286.25   305.33   307.74   310.27   311.63
eigval :      322.15   322.27   324.70   325.48   341.96   342.18
eigval :      343.75   344.08   383.28   385.23   386.63   388.10
eigval :      389.75   389.77   390.69   391.04   392.81   393.94
eigval :      395.45   395.82   396.42   397.51   401.86   402.35
eigval :      416.70   417.02   420.28   420.47   426.79   426.83
eigval :      428.04   428.11   440.98   441.06   442.15   442.55
eigval :      444.53   444.72   445.84   446.17   452.69   452.91
eigval :      457.52   458.32   473.48   473.59   475.07   475.23
eigval :      490.21   493.50   494.91   499.06   508.74   509.05
eigval :      512.89   513.48   514.43   515.09   517.04   517.39
eigval :      521.95   523.33   528.49   528.82   528.94   529.12
eigval :      539.58   539.82   540.48   540.58   542.02   543.36
eigval :      564.78   565.50   568.65   569.19   573.67   574.38
eigval :      578.97   579.62   607.31   607.43   610.07   610.11
eigval :      611.33   611.44   612.22   612.25   615.51   615.58
eigval :      617.85   618.22   621.61   621.89   623.21   623.30
eigval :      624.03   624.13   627.75   628.43   671.55   671.59
eigval :      672.50   672.67   675.12   675.27   677.04   677.18
eigval :      685.84   685.87   687.08   687.10   710.55   710.56
eigval :      712.15   712.19   720.84   720.92   722.78   723.32
eigval :      724.84   724.90   726.21   726.37   768.63   768.85
eigval :      769.91   770.14   777.60   777.94   778.32   778.57
eigval :      780.73   780.86   782.22   782.70   801.34   801.74
eigval :      805.93   806.07   817.85   818.07   818.74   818.86
eigval :      823.46   823.56   824.00   824.06   828.90   829.21
eigval :      830.45   830.76   838.30   838.36   841.86   842.16
eigval :      854.37   854.61   855.35   855.86   859.19   859.42
eigval :      859.89   860.28   861.22   861.65   861.93   862.19
eigval :      862.47   863.42   864.06   865.16   872.65   872.98
eigval :      875.82   876.22   880.54   880.94   882.32   883.36
eigval :      893.99   894.12   894.34   894.42   895.58   895.68
eigval :      896.60   896.77   901.68   902.35   902.54   902.66
eigval :      908.19   908.46   909.71   910.07   910.67   910.75
eigval :      911.44   911.74   920.77   921.10   923.23   923.81
eigval :      932.92   932.94   935.02   935.35   935.36   935.81
eigval :      936.44   936.49   989.24   989.71   993.20   993.22
eigval :     1012.71  1012.79  1014.94  1015.00  1044.56  1044.66
eigval :     1046.90  1046.90  1063.44  1063.49  1065.34  1065.40
eigval :     1080.44  1080.47  1082.35  1082.57  1095.90  1095.91
eigval :     1096.66  1096.76  1104.39  1104.48  1105.29  1105.32
eigval :     1126.46  1126.56  1128.86  1128.92  1141.64  1141.74
eigval :     1141.89  1142.18  1146.54  1146.73  1147.67  1148.06
eigval :     1158.59  1158.77  1159.04  1159.43  1162.89  1163.58
eigval :     1164.01  1166.06  1168.02  1168.81  1170.86  1171.91
eigval :     1179.68  1180.13  1182.61  1182.66  1187.57  1187.75
eigval :     1188.67  1188.92  1199.52  1199.63  1205.43  1205.53
eigval :     1213.37  1213.54  1215.92  1216.56  1221.05  1221.25
eigval :     1223.73  1224.42  1230.46  1230.48  1234.24  1234.45
eigval :     1237.03  1237.07  1238.34  1238.45  1248.84  1249.05
eigval :     1252.52  1252.72  1277.22  1277.34  1277.74  1277.79
eigval :     1283.67  1283.90  1287.20  1287.60  1298.95  1299.52
eigval :     1300.56  1300.79  1301.54  1301.88  1304.54  1304.93
eigval :     1314.39  1314.61  1319.99  1320.59  1326.63  1327.14
eigval :     1328.86  1329.08  1340.01  1340.04  1343.30  1343.42
eigval :     1358.68  1358.75  1359.03  1359.90  1368.42  1368.63
eigval :     1371.46  1371.59  1374.01  1374.37  1375.27  1375.71
eigval :     1386.88  1386.95  1389.84  1389.90  1400.23  1400.29
eigval :     1402.03  1402.09  1415.08  1415.36  1415.78  1415.82
eigval :     1416.42  1416.67  1417.05  1417.14  1429.23  1429.26
eigval :     1431.19  1431.23  1443.10  1443.11  1443.56  1443.71
eigval :     1468.35  1468.42  1468.78  1468.91  1480.65  1480.72
eigval :     1482.47  1482.48  1483.69  1483.86  1485.12  1485.30
eigval :     1528.73  1528.97  1529.46  1529.66  1533.27  1533.42
eigval :     1534.77  1534.84  1544.19  1544.98  1545.26  1545.74
eigval :     1560.31  1560.41  1561.62  1561.72  1562.25  1562.42
eigval :     1564.71  1564.77  1568.16  1568.19  1570.89  1571.27
eigval :     1572.26  1572.28  1574.47  1574.51  1591.19  1591.28
eigval :     1594.07  1594.16  1608.04  1608.15  1613.71  1613.80
eigval :     2291.28  2291.85  2303.55  2304.04  2985.77  2985.80
eigval :     2990.70  2990.84  2993.91  2994.30  3000.61  3001.33
eigval :     3006.03  3006.42  3009.37  3009.51  3022.33  3022.96
eigval :     3040.85  3041.96  3086.62  3086.64  3091.85  3091.88
eigval :     3091.91  3091.94  3091.98  3092.00  3092.41  3092.95
eigval :     3095.78  3096.22  3099.87  3100.45  3102.88  3103.09
eigval :     3103.41  3103.45  3103.58  3103.67  3108.13  3108.37
eigval :     3108.59  3108.90  3109.63  3109.84  3111.06  3111.59
eigval :     3111.92  3112.09  3112.29  3112.44  3112.72  3112.78
eigval :     3115.02  3115.17  3115.99  3116.55  3118.74  3118.91
eigval :     3120.01  3120.19  3120.51  3120.67  3122.54  3122.98
eigval :     3123.15  3123.57  3470.30  3470.51  3478.12  3479.25
 reduced masses (amu)
   1: 22.24   2: 15.69   3: 22.47   4: 22.62   5: 21.43   6: 22.24   7: 15.54   8: 23.36
   9: 15.77  10: 12.62  11: 13.10  12: 14.96  13: 15.77  14: 14.53  15: 16.80  16: 20.03
  17: 13.52  18: 12.47  19: 13.91  20: 15.15  21: 17.86  22: 11.84  23: 16.59  24: 11.54
  25: 14.23  26: 15.65  27: 20.82  28: 11.54  29: 11.01  30: 12.56  31: 13.84  32: 14.36
  33: 12.91  34: 14.23  35: 11.42  36: 12.07  37: 11.66  38: 19.40  39: 12.38  40: 12.33
  41: 13.34  42: 12.54  43: 11.66  44: 13.10  45: 12.40  46: 13.59  47: 16.29  48: 14.62
  49: 14.51  50: 13.68  51: 11.28  52: 13.01  53: 12.64  54: 11.76  55: 11.89  56: 11.36
  57: 13.38  58: 14.91  59: 17.33  60: 12.48  61: 11.20  62: 12.80  63: 10.97  64: 12.29
  65: 11.54  66: 11.03  67: 12.95  68: 17.18  69: 11.82  70: 18.84  71: 12.45  72: 14.17
  73: 22.64  74: 22.21  75: 19.03  76: 14.52  77: 19.47  78: 17.64  79: 22.88  80: 13.45
  81: 17.96  82: 21.15  83: 20.39  84: 20.54  85: 22.96  86: 14.99  87: 32.43  88: 24.75
  89: 33.59  90: 12.82  91: 15.48  92: 41.25  93: 21.18  94: 24.72  95: 19.69  96: 24.43
  97: 23.44  98: 25.46  99: 11.15 100: 12.30 101: 12.93 102: 15.14 103: 11.25 104: 11.14
 105: 11.15 106: 11.82 107: 15.22 108: 15.80 109: 13.27 110: 13.98 111: 10.04 112: 10.13
 113: 10.24 114: 10.52 115:  9.61 116:  9.69 117:  9.52 118:  9.54 119: 10.59 120: 10.04
 121: 11.08 122: 10.04 123:  9.86 124: 10.24 125: 12.21 126: 11.93 127: 11.24 128: 11.25
 129: 11.30 130: 11.34 131: 10.07 132: 10.05 133: 10.18 134: 10.19 135: 10.80 136: 10.82
 137: 11.36 138: 11.53 139: 11.25 140: 11.31 141: 11.38 142: 11.59 143: 11.56 144: 11.78
 145: 11.72 146: 12.05 147: 11.13 148: 11.14 149: 11.18 150: 11.18 151: 10.49 152: 11.18
 153: 10.38 154: 11.39 155:  9.73 156: 10.03 157: 10.58 158: 10.73 159:  9.70 160: 10.74
 161: 10.27 162: 10.44 163: 10.05 164:  9.80 165: 10.40 166: 10.57 167: 10.66 168: 10.91
 169: 10.27 170: 10.48 171: 10.40 172:  9.99 173:  7.19 174:  6.82 175: 11.60 176: 11.59
 177: 12.24 178: 12.51 179:  9.12 180:  9.19 181:  7.19 182:  7.39 183: 11.39 184: 11.40
 185: 11.39 186: 11.38 187: 11.39 188: 11.40 189: 11.25 190: 11.23 191: 11.40 192: 11.41
 193: 11.34 194: 11.40 195: 11.54 196: 11.52 197: 11.46 198: 11.50 199: 11.45 200: 11.46
 201: 12.70 202: 12.77 203: 11.40 204: 11.42 205: 11.24 206: 11.38 207:  9.49 208:  9.41
 209:  9.61 210:  9.51 211: 10.99 212: 10.98 213: 11.05 214: 11.06 215: 11.76 216: 11.75
 217: 11.76 218: 11.76 219: 11.48 220: 11.47 221: 11.52 222: 11.61 223: 10.70 224: 10.71
 225: 10.73 226: 10.76 227: 11.21 228: 11.17 229: 11.07 230: 11.16 231:  3.86 232:  3.91
 233:  3.91 234:  3.91 235:  4.84 236:  4.84 237:  4.95 238:  5.14 239: 11.40 240: 11.38
 241: 11.55 242: 11.56 243:  4.56 244:  4.56 245:  4.46 246:  4.45 247:  4.84 248:  4.91
 249:  4.83 250:  4.90 251:  4.15 252:  4.15 253:  4.11 254:  4.12 255: 10.41 256: 10.33
 257: 10.24 258: 10.21 259:  4.10 260:  4.04 261:  3.80 262:  3.80 263:  3.90 264:  3.61
 265:  4.88 266:  4.91 267:  4.61 268:  5.01 269:  4.85 270:  6.31 271:  4.58 272:  6.50
 273:  5.64 274:  5.41 275:  8.79 276:  8.79 277:  7.81 278:  7.80 279: 10.55 280: 10.30
 281:  9.82 282: 10.14 283:  3.74 284:  3.78 285:  3.79 286:  3.77 287:  3.79 288:  3.79
 289:  3.83 290:  3.86 291:  3.80 292:  3.75 293:  3.75 294:  3.74 295:  3.47 296:  3.46
 297:  3.41 298:  3.40 299:  3.44 300:  3.41 301:  3.45 302:  3.43 303: 10.95 304: 10.92
 305: 10.88 306: 10.94 307:  3.85 308:  3.86 309:  3.69 310:  3.69 311:  3.69 312:  3.69
 313:  3.79 314:  3.80 315: 10.89 316: 10.87 317: 10.99 318: 10.98 319:  8.51 320:  8.49
 321:  8.69 322:  8.71 323:  9.12 324:  9.11 325:  9.06 326:  9.06 327:  7.20 328:  7.21
 329:  6.95 330:  6.95 331:  7.35 332:  7.35 333:  7.26 334:  7.26 335:  7.34 336:  7.35
 337:  7.45 338:  7.44 339:  6.17 340:  6.17 341:  6.16 342:  6.16 343:  3.74 344:  3.71
 345:  3.70 346:  3.68 347:  6.38 348:  5.99 349:  5.79 350:  5.81 351:  3.26 352:  3.29
 353:  3.43 354:  3.47 355:  4.76 356:  4.67 357:  4.52 358:  4.38 359:  4.58 360:  3.73
 361:  4.04 362:  4.04 363:  3.17 364:  3.02 365:  2.75 366:  2.62 367:  2.78 368:  2.86
 369:  3.23 370:  3.21 371:  3.34 372:  3.36 373:  3.57 374:  3.53 375:  6.13 376:  6.14
 377:  6.36 378:  6.33 379:  5.23 380:  5.30 381:  5.35 382:  5.57 383:  4.30 384:  4.34
 385:  4.17 386:  4.36 387:  6.28 388:  6.29 389:  6.67 390:  6.63 391:  4.76 392:  4.77
 393:  4.47 394:  4.46 395:  3.53 396:  3.53 397:  3.72 398:  3.72 399:  6.73 400:  6.73
 401:  6.76 402:  6.82 403:  7.46 404:  7.52 405:  7.36 406:  7.48 407: 10.01 408:  9.29
 409: 10.22 410: 11.21 411: 10.22 412: 10.84 413: 11.98 414: 11.70 415: 10.44 416: 10.44
 417: 10.33 418: 10.35 419: 10.65 420: 10.71 421: 10.49 422: 10.55 423: 11.25 424: 11.25
 425: 11.16 426: 11.15 427:  9.82 428:  9.82 429:  9.80 430:  9.78 431: 10.47 432: 10.47
 433: 10.32 434: 10.27 435:  9.27 436:  9.34 437:  9.75 438:  9.81 439: 10.54 440: 10.53
 441: 10.63 442: 10.63 443: 10.85 444: 10.85 445: 11.07 446: 11.07 447: 10.10 448: 10.05
 449: 10.52 450: 10.59 451: 10.53 452: 10.39 453: 10.67 454: 10.65 455: 10.90 456: 10.89
 457: 10.94 458: 10.95 459: 10.78 460: 10.78 461: 10.69 462: 10.71 463: 11.00 464: 11.00
 465: 10.91 466: 10.90 467: 11.20 468: 11.19 469: 11.12 470: 11.12 471: 11.27 472: 11.27
 473: 11.36 474: 11.36 475: 11.77 476: 11.76 477: 11.77 478: 11.77 479: 11.54 480: 11.54
 481: 11.56 482: 11.56 483: 11.74 484: 11.69 485: 11.75 486: 11.70 487: 11.58 488: 11.57
 489: 11.57 490: 11.57 491: 11.61 492: 11.61 493: 11.60 494: 11.61 495: 11.46 496: 11.46
 497: 11.42 498: 11.42 499: 11.63 500: 11.63 501: 11.66 502: 11.66 503: 11.75 504: 11.75
 505: 11.75 506: 11.76 507: 11.76 508: 11.76 509: 11.77 510: 11.77 511: 12.01 512: 12.01
 513: 12.01 514: 12.01 515:  1.84 516:  1.84 517:  1.85 518:  1.85 519:  1.83 520:  1.83
 521:  1.85 522:  1.85 523:  1.83 524:  1.83 525:  1.84 526:  1.84 527:  1.84 528:  1.84
 529:  1.83 530:  1.83 531:  1.79 532:  1.79 533:  1.80 534:  1.79 535:  1.80 536:  1.78
 537:  1.80 538:  1.79 539:  1.78 540:  1.78 541:  1.80 542:  1.80 543:  1.88 544:  1.88
 545:  1.84 546:  1.84 547:  1.88 548:  1.84 549:  1.84 550:  1.88 551:  1.90 552:  1.90
 553:  1.90 554:  1.90 555:  1.83 556:  1.83 557:  1.86 558:  1.83 559:  1.83 560:  1.86
 561:  1.85 562:  1.86 563:  1.84 564:  1.84 565:  1.84 566:  1.84 567:  1.84 568:  1.84
 569:  1.84 570:  1.84 571:  1.85 572:  1.87 573:  1.88 574:  1.85 575:  1.87 576:  1.86
 577:  1.85 578:  1.85 579:  1.87 580:  1.87 581:  1.87 582:  1.87
 IR intensities (amu)
   1:  0.23   2:  0.13   3:  0.49   4:  0.67   5:  0.32   6:  0.56   7:  0.30   8:  0.28
   9:  0.39  10:  0.12  11:  0.32  12:  0.27  13:  0.39  14:  0.09  15:  0.22  16:  0.15
  17:  0.00  18:  0.09  19:  0.21  20:  0.20  21:  0.06  22:  0.12  23:  0.06  24:  0.10
  25:  0.01  26:  0.04  27:  0.23  28:  0.12  29:  0.07  30:  0.16  31:  0.17  32:  0.24
  33:  0.18  34:  0.34  35:  0.13  36:  0.14  37:  0.03  38:  0.07  39:  0.05  40:  0.09
  41:  0.10  42:  0.08  43:  0.13  44:  0.35  45:  0.03  46:  0.08  47:  0.08  48:  0.13
  49:  0.05  50:  0.06  51:  0.03  52:  0.16  53:  0.13  54:  0.20  55:  0.06  56:  0.03
  57:  0.24  58:  0.04  59:  0.50  60:  0.09  61:  0.21  62:  0.27  63:  0.05  64:  0.19
  65:  0.14  66:  0.02  67:  0.37  68:  0.66  69:  0.02  70:  0.04  71:  0.27  72:  0.19
  73:  0.12  74:  1.09  75:  0.03  76:  0.25  77:  0.20  78:  0.02  79:  0.35  80:  0.21
  81:  0.16  82:  0.33  83:  0.02  84:  0.64  85:  0.65  86:  0.22  87:  0.59  88:  0.71
  89:  0.98  90:  0.31  91:  0.33  92:  0.26  93:  0.65  94:  0.35  95:  0.39  96:  0.58
  97:  0.27  98:  0.83  99:  0.23 100:  0.08 101:  0.36 102:  0.10 103:  0.11 104:  0.32
 105:  0.14 106:  0.03 107:  0.34 108:  0.11 109:  0.04 110:  0.32 111:  0.07 112:  0.01
 113:  0.03 114:  0.25 115:  0.18 116:  0.09 117:  0.08 118:  0.29 119:  0.07 120:  0.12
 121:  0.24 122:  0.03 123:  0.09 124:  0.03 125:  0.28 126:  0.11 127:  0.23 128:  0.06
 129:  0.14 130:  0.08 131:  0.08 132:  0.04 133:  0.14 134:  0.14 135:  0.17 136:  0.06
 137:  0.26 138:  0.29 139:  0.08 140:  0.34 141:  0.04 142:  0.22 143:  0.24 144:  0.40
 145:  0.17 146:  0.32 147:  0.09 148:  0.07 149:  0.09 150:  0.04 151:  0.42 152:  0.18
 153:  0.49 154:  0.21 155:  0.48 156:  0.26 157:  0.43 158:  0.20 159:  0.29 160:  0.02
 161:  0.40 162:  0.17 163:  0.11 164:  0.05 165:  0.44 166:  0.16 167:  0.11 168:  0.24
 169:  0.21 170:  0.11 171:  0.20 172:  0.20 173:  0.10 174:  0.16 175:  0.40 176:  0.13
 177:  0.11 178:  0.69 179:  0.10 180:  0.08 181:  0.06 182:  0.18 183:  0.32 184:  0.14
 185:  0.31 186:  0.34 187:  0.18 188:  0.17 189:  0.11 190:  0.07 191:  0.41 192:  0.23
 193:  0.41 194:  0.20 195:  0.12 196:  0.22 197:  0.05 198:  0.10 199:  0.09 200:  0.11
 201:  0.02 202:  0.43 203:  0.16 204:  0.09 205:  0.24 206:  0.15 207:  0.25 208:  0.17
 209:  0.33 210:  0.19 211:  0.13 212:  0.13 213:  0.11 214:  0.12 215:  0.05 216:  0.06
 217:  0.04 218:  0.04 219:  0.09 220:  0.32 221:  0.50 222:  0.06 223:  0.17 224:  0.30
 225:  0.15 226:  0.35 227:  0.01 228:  0.31 229:  0.21 230:  0.39 231:  0.10 232:  0.11
 233:  0.04 234:  0.05 235:  0.20 236:  0.28 237:  0.38 238:  0.18 239:  0.23 240:  0.11
 241:  0.71 242:  0.26 243:  0.32 244:  0.46 245:  0.18 246:  0.22 247:  0.08 248:  0.06
 249:  0.17 250:  0.13 251:  0.26 252:  0.26 253:  0.27 254:  0.25 255:  0.23 256:  0.25
 257:  0.20 258:  0.23 259:  0.08 260:  0.10 261:  0.12 262:  0.07 263:  0.25 264:  0.01
 265:  0.09 266:  0.09 267:  0.05 268:  0.10 269:  0.18 270:  0.06 271:  0.06 272:  0.12
 273:  0.13 274:  0.24 275:  0.03 276:  0.09 277:  0.18 278:  0.29 279:  0.75 280:  0.17
 281:  0.45 282:  0.31 283:  0.06 284:  0.06 285:  0.03 286:  0.07 287:  0.08 288:  0.06
 289:  0.04 290:  0.07 291:  0.06 292:  0.05 293:  0.07 294:  0.02 295:  0.05 296:  0.05
 297:  0.05 298:  0.04 299:  0.10 300:  0.10 301:  0.10 302:  0.11 303:  0.07 304:  0.48
 305:  0.01 306:  0.10 307:  0.04 308:  0.05 309:  0.01 310:  0.01 311:  0.02 312:  0.02
 313:  0.03 314:  0.03 315:  0.20 316:  0.04 317:  0.10 318:  0.19 319:  0.30 320:  0.15
 321:  0.16 322:  0.28 323:  0.06 324:  0.42 325:  0.26 326:  0.26 327:  0.25 328:  0.04
 329:  0.22 330:  0.14 331:  0.66 332:  0.36 333:  0.50 334:  0.50 335:  0.76 336:  0.30
 337:  0.56 338:  0.31 339:  0.53 340:  0.23 341:  0.57 342:  0.29 343:  0.05 344:  0.34
 345:  0.04 346:  0.27 347:  0.78 348:  0.46 349:  0.35 350:  0.22 351:  0.53 352:  0.38
 353:  0.78 354:  0.37 355:  0.37 356:  0.47 357:  0.35 358:  0.34 359:  0.23 360:  0.10
 361:  0.34 362:  0.76 363:  0.20 364:  0.29 365:  0.56 366:  0.20 367:  0.68 368:  0.24
 369:  0.70 370:  0.29 371:  0.50 372:  0.40 373:  0.45 374:  0.18 375:  0.33 376:  0.30
 377:  0.43 378:  0.10 379:  0.61 380:  0.03 381:  0.52 382:  0.08 383:  0.11 384:  0.47
 385:  0.26 386:  0.30 387:  0.60 388:  0.54 389:  0.59 390:  0.16 391:  0.11 392:  0.04
 393:  0.21 394:  0.16 395:  0.22 396:  0.24 397:  0.24 398:  0.28 399:  0.71 400:  1.66
 401:  0.32 402:  0.54 403:  0.75 404:  0.32 405:  0.69 406:  0.10 407:  0.49 408:  0.26
 409:  0.68 410:  0.42 411:  0.22 412:  0.06 413:  0.11 414:  0.61 415:  1.18 416:  2.41
 417:  1.46 418:  3.30 419:  0.34 420:  0.80 421:  2.52 422:  0.58 423:  0.34 424:  0.23
 425:  0.29 426:  0.60 427:  0.61 428:  1.29 429:  0.90 430:  0.09 431:  0.64 432:  0.76
 433:  0.68 434:  0.43 435:  1.47 436:  0.25 437:  0.26 438:  1.17 439:  1.07 440:  0.52
 441:  1.23 442:  0.26 443:  0.34 444:  1.32 445:  1.28 446:  0.59 447:  1.72 448:  0.76
 449:  0.56 450:  0.97 451:  0.63 452:  0.63 453:  0.18 454:  0.16 455:  1.54 456:  0.74
 457:  1.06 458:  1.40 459:  0.83 460:  1.04 461:  1.25 462:  0.38 463:  0.22 464:  0.45
 465:  0.50 466:  0.39 467:  0.35 468:  0.09 469:  0.44 470:  0.42 471:  0.87 472:  1.10
 473:  0.78 474:  1.53 475:  0.38 476:  1.72 477:  0.12 478:  1.40 479:  0.28 480:  0.23
 481:  0.87 482:  0.99 483:  3.22 484:  1.55 485:  0.14 486:  1.09 487:  1.07 488:  0.49
 489:  0.29 490:  0.47 491:  1.12 492:  1.10 493:  0.44 494:  0.53 495:  0.64 496:  0.56
 497:  0.31 498:  0.30 499:  0.09 500:  0.07 501:  0.13 502:  0.13 503:  1.20 504:  1.99
 505:  1.21 506:  2.46 507:  1.37 508:  0.64 509:  1.61 510:  0.29 511:  2.08 512:  2.51
 513:  1.78 514:  1.89 515:  0.01 516:  0.03 517:  0.12 518:  0.12 519:  0.10 520:  0.10
 521:  0.09 522:  0.08 523:  0.10 524:  0.10 525:  0.07 526:  0.06 527:  0.06 528:  0.06
 529:  0.10 530:  0.10 531:  0.20 532:  0.27 533:  0.27 534:  0.16 535:  0.41 536:  0.20
 537:  0.13 538:  0.10 539:  0.14 540:  0.14 541:  0.27 542:  0.27 543:  0.38 544:  0.38
 545:  0.19 546:  0.17 547:  0.32 548:  0.21 549:  0.18 550:  0.40 551:  0.28 552:  0.26
 553:  0.32 554:  0.39 555:  0.20 556:  0.20 557:  0.16 558:  0.17 559:  0.19 560:  0.12
 561:  0.14 562:  0.12 563:  0.27 564:  0.31 565:  0.26 566:  0.28 567:  0.05 568:  0.05
 569:  0.04 570:  0.02 571:  0.06 572:  0.07 573:  0.12 574:  0.08 575:  0.10 576:  0.06
 577:  0.10 578:  0.07 579:  0.61 580:  0.60 581:  0.59 582:  0.59
 Raman intensities (amu)
   1:  0.00   2:  0.00   3:  0.00   4:  0.00   5:  0.00   6:  0.00   7:  0.00   8:  0.00
   9:  0.00  10:  0.00  11:  0.00  12:  0.00  13:  0.00  14:  0.00  15:  0.00  16:  0.00
  17:  0.00  18:  0.00  19:  0.00  20:  0.00  21:  0.00  22:  0.00  23:  0.00  24:  0.00
  25:  0.00  26:  0.00  27:  0.00  28:  0.00  29:  0.00  30:  0.00  31:  0.00  32:  0.00
  33:  0.00  34:  0.00  35:  0.00  36:  0.00  37:  0.00  38:  0.00  39:  0.00  40:  0.00
  41:  0.00  42:  0.00  43:  0.00  44:  0.00  45:  0.00  46:  0.00  47:  0.00  48:  0.00
  49:  0.00  50:  0.00  51:  0.00  52:  0.00  53:  0.00  54:  0.00  55:  0.00  56:  0.00
  57:  0.00  58:  0.00  59:  0.00  60:  0.00  61:  0.00  62:  0.00  63:  0.00  64:  0.00
  65:  0.00  66:  0.00  67:  0.00  68:  0.00  69:  0.00  70:  0.00  71:  0.00  72:  0.00
  73:  0.00  74:  0.00  75:  0.00  76:  0.00  77:  0.00  78:  0.00  79:  0.00  80:  0.00
  81:  0.00  82:  0.00  83:  0.00  84:  0.00  85:  0.00  86:  0.00  87:  0.00  88:  0.00
  89:  0.00  90:  0.00  91:  0.00  92:  0.00  93:  0.00  94:  0.00  95:  0.00  96:  0.00
  97:  0.00  98:  0.00  99:  0.00 100:  0.00 101:  0.00 102:  0.00 103:  0.00 104:  0.00
 105:  0.00 106:  0.00 107:  0.00 108:  0.00 109:  0.00 110:  0.00 111:  0.00 112:  0.00
 113:  0.00 114:  0.00 115:  0.00 116:  0.00 117:  0.00 118:  0.00 119:  0.00 120:  0.00
 121:  0.00 122:  0.00 123:  0.00 124:  0.00 125:  0.00 126:  0.00 127:  0.00 128:  0.00
 129:  0.00 130:  0.00 131:  0.00 132:  0.00 133:  0.00 134:  0.00 135:  0.00 136:  0.00
 137:  0.00 138:  0.00 139:  0.00 140:  0.00 141:  0.00 142:  0.00 143:  0.00 144:  0.00
 145:  0.00 146:  0.00 147:  0.00 148:  0.00 149:  0.00 150:  0.00 151:  0.00 152:  0.00
 153:  0.00 154:  0.00 155:  0.00 156:  0.00 157:  0.00 158:  0.00 159:  0.00 160:  0.00
 161:  0.00 162:  0.00 163:  0.00 164:  0.00 165:  0.00 166:  0.00 167:  0.00 168:  0.00
 169:  0.00 170:  0.00 171:  0.00 172:  0.00 173:  0.00 174:  0.00 175:  0.00 176:  0.00
 177:  0.00 178:  0.00 179:  0.00 180:  0.00 181:  0.00 182:  0.00 183:  0.00 184:  0.00
 185:  0.00 186:  0.00 187:  0.00 188:  0.00 189:  0.00 190:  0.00 191:  0.00 192:  0.00
 193:  0.00 194:  0.00 195:  0.00 196:  0.00 197:  0.00 198:  0.00 199:  0.00 200:  0.00
 201:  0.00 202:  0.00 203:  0.00 204:  0.00 205:  0.00 206:  0.00 207:  0.00 208:  0.00
 209:  0.00 210:  0.00 211:  0.00 212:  0.00 213:  0.00 214:  0.00 215:  0.00 216:  0.00
 217:  0.00 218:  0.00 219:  0.00 220:  0.00 221:  0.00 222:  0.00 223:  0.00 224:  0.00
 225:  0.00 226:  0.00 227:  0.00 228:  0.00 229:  0.00 230:  0.00 231:  0.00 232:  0.00
 233:  0.00 234:  0.00 235:  0.00 236:  0.00 237:  0.00 238:  0.00 239:  0.00 240:  0.00
 241:  0.00 242:  0.00 243:  0.00 244:  0.00 245:  0.00 246:  0.00 247:  0.00 248:  0.00
 249:  0.00 250:  0.00 251:  0.00 252:  0.00 253:  0.00 254:  0.00 255:  0.00 256:  0.00
 257:  0.00 258:  0.00 259:  0.00 260:  0.00 261:  0.00 262:  0.00 263:  0.00 264:  0.00
 265:  0.00 266:  0.00 267:  0.00 268:  0.00 269:  0.00 270:  0.00 271:  0.00 272:  0.00
 273:  0.00 274:  0.00 275:  0.00 276:  0.00 277:  0.00 278:  0.00 279:  0.00 280:  0.00
 281:  0.00 282:  0.00 283:  0.00 284:  0.00 285:  0.00 286:  0.00 287:  0.00 288:  0.00
 289:  0.00 290:  0.00 291:  0.00 292:  0.00 293:  0.00 294:  0.00 295:  0.00 296:  0.00
 297:  0.00 298:  0.00 299:  0.00 300:  0.00 301:  0.00 302:  0.00 303:  0.00 304:  0.00
 305:  0.00 306:  0.00 307:  0.00 308:  0.00 309:  0.00 310:  0.00 311:  0.00 312:  0.00
 313:  0.00 314:  0.00 315:  0.00 316:  0.00 317:  0.00 318:  0.00 319:  0.00 320:  0.00
 321:  0.00 322:  0.00 323:  0.00 324:  0.00 325:  0.00 326:  0.00 327:  0.00 328:  0.00
 329:  0.00 330:  0.00 331:  0.00 332:  0.00 333:  0.00 334:  0.00 335:  0.00 336:  0.00
 337:  0.00 338:  0.00 339:  0.00 340:  0.00 341:  0.00 342:  0.00 343:  0.00 344:  0.00
 345:  0.00 346:  0.00 347:  0.00 348:  0.00 349:  0.00 350:  0.00 351:  0.00 352:  0.00
 353:  0.00 354:  0.00 355:  0.00 356:  0.00 357:  0.00 358:  0.00 359:  0.00 360:  0.00
 361:  0.00 362:  0.00 363:  0.00 364:  0.00 365:  0.00 366:  0.00 367:  0.00 368:  0.00
 369:  0.00 370:  0.00 371:  0.00 372:  0.00 373:  0.00 374:  0.00 375:  0.00 376:  0.00
 377:  0.00 378:  0.00 379:  0.00 380:  0.00 381:  0.00 382:  0.00 383:  0.00 384:  0.00
 385:  0.00 386:  0.00 387:  0.00 388:  0.00 389:  0.00 390:  0.00 391:  0.00 392:  0.00
 393:  0.00 394:  0.00 395:  0.00 396:  0.00 397:  0.00 398:  0.00 399:  0.00 400:  0.00
 401:  0.00 402:  0.00 403:  0.00 404:  0.00 405:  0.00 406:  0.00 407:  0.00 408:  0.00
 409:  0.00 410:  0.00 411:  0.00 412:  0.00 413:  0.00 414:  0.00 415:  0.00 416:  0.00
 417:  0.00 418:  0.00 419:  0.00 420:  0.00 421:  0.00 422:  0.00 423:  0.00 424:  0.00
 425:  0.00 426:  0.00 427:  0.00 428:  0.00 429:  0.00 430:  0.00 431:  0.00 432:  0.00
 433:  0.00 434:  0.00 435:  0.00 436:  0.00 437:  0.00 438:  0.00 439:  0.00 440:  0.00
 441:  0.00 442:  0.00 443:  0.00 444:  0.00 445:  0.00 446:  0.00 447:  0.00 448:  0.00
 449:  0.00 450:  0.00 451:  0.00 452:  0.00 453:  0.00 454:  0.00 455:  0.00 456:  0.00
 457:  0.00 458:  0.00 459:  0.00 460:  0.00 461:  0.00 462:  0.00 463:  0.00 464:  0.00
 465:  0.00 466:  0.00 467:  0.00 468:  0.00 469:  0.00 470:  0.00 471:  0.00 472:  0.00
 473:  0.00 474:  0.00 475:  0.00 476:  0.00 477:  0.00 478:  0.00 479:  0.00 480:  0.00
 481:  0.00 482:  0.00 483:  0.00 484:  0.00 485:  0.00 486:  0.00 487:  0.00 488:  0.00
 489:  0.00 490:  0.00 491:  0.00 492:  0.00 493:  0.00 494:  0.00 495:  0.00 496:  0.00
 497:  0.00 498:  0.00 499:  0.00 500:  0.00 501:  0.00 502:  0.00 503:  0.00 504:  0.00
 505:  0.00 506:  0.00 507:  0.00 508:  0.00 509:  0.00 510:  0.00 511:  0.00 512:  0.00
 513:  0.00 514:  0.00 515:  0.00 516:  0.00 517:  0.00 518:  0.00 519:  0.00 520:  0.00
 521:  0.00 522:  0.00 523:  0.00 524:  0.00 525:  0.00 526:  0.00 527:  0.00 528:  0.00
 529:  0.00 530:  0.00 531:  0.00 532:  0.00 533:  0.00 534:  0.00 535:  0.00 536:  0.00
 537:  0.00 538:  0.00 539:  0.00 540:  0.00 541:  0.00 542:  0.00 543:  0.00 544:  0.00
 545:  0.00 546:  0.00 547:  0.00 548:  0.00 549:  0.00 550:  0.00 551:  0.00 552:  0.00
 553:  0.00 554:  0.00 555:  0.00 556:  0.00 557:  0.00 558:  0.00 559:  0.00 560:  0.00
 561:  0.00 562:  0.00 563:  0.00 564:  0.00 565:  0.00 566:  0.00 567:  0.00 568:  0.00
 569:  0.00 570:  0.00 571:  0.00 572:  0.00 573:  0.00 574:  0.00 575:  0.00 576:  0.00
 577:  0.00 578:  0.00 579:  0.00 580:  0.00 581:  0.00 582:  0.00
 output can be read by thermo (or use thermo option).
 writing <g98.out> molden fake output.
 recommended (thermochemical) frequency scaling factor: 1.0
           -------------------------------------------------
          |             Thermodynamic Functions             |
           -------------------------------------------------

Molecule has the following symmetry elements: (C2) 
It seems to be the C2 point group
c2  symmetry found (for desy threshold:  0.10E+00) used in thermo

          ...................................................
          :                      SETUP                      :
          :.................................................:
          :  # frequencies                         576      :
          :  # imaginary freq.                       0      :
          :  linear?                             false      :
          :  only rotor calc.                    false      :
          :  symmetry                               c2      :
          :  rotational number                       2      :
          :  scaling factor                  1.0000000      :
          :  rotor cutoff                   50.0000000 cm⁻¹ :
          :  imag. cutoff                  -20.0000000 cm⁻¹ :
          :.................................................:

    mode    ω/cm⁻¹     T·S(HO)/kcal·mol⁻¹    T·S(FR)/kcal·mol⁻¹   T·S(vib)
   ------------------------------------------------------------------------
       1      4.66    -2.84129 (  0.01%)    -1.75973 ( 99.99%)    -1.75982
       2      7.87    -2.53059 (  0.06%)    -1.60438 ( 99.94%)    -1.60495
       3      9.40    -2.42491 (  0.12%)    -1.55154 ( 99.88%)    -1.55263
       4      9.66    -2.40875 (  0.14%)    -1.54345 ( 99.86%)    -1.54466
       5     11.55    -2.30299 (  0.28%)    -1.49056 ( 99.72%)    -1.49287
       6     11.73    -2.29397 (  0.30%)    -1.48606 ( 99.70%)    -1.48850
       7     15.42    -2.13179 (  0.90%)    -1.40494 ( 99.10%)    -1.41146
       8     16.42    -2.09461 (  1.15%)    -1.38634 ( 98.85%)    -1.39449
       9     19.36    -1.99736 (  2.20%)    -1.33768 ( 97.80%)    -1.35217
      10     26.05    -1.82149 (  6.87%)    -1.24966 ( 93.13%)    -1.28892
      11     28.90    -1.76013 ( 10.04%)    -1.21894 ( 89.96%)    -1.27328
      12     32.29    -1.69451 ( 14.82%)    -1.18607 ( 85.18%)    -1.26142
      13     33.64    -1.67027 ( 17.01%)    -1.17392 ( 82.99%)    -1.25836
      14     34.36    -1.65776 ( 18.24%)    -1.16766 ( 81.76%)    -1.25705
      15     38.08    -1.59706 ( 25.17%)    -1.13723 ( 74.83%)    -1.25298
      16     42.57    -1.53128 ( 34.44%)    -1.10423 ( 65.56%)    -1.25130
      17     48.12    -1.45889 ( 46.18%)    -1.06790 ( 53.82%)    -1.24845
      18     49.89    -1.43764 ( 49.77%)    -1.05722 ( 50.23%)    -1.24657
      19     50.18    -1.43424 ( 50.35%)    -1.05551 ( 49.65%)    -1.24620
      20     52.76    -1.40464 ( 55.35%)    -1.04063 ( 44.65%)    -1.24211
      21     53.71    -1.39414 ( 57.11%)    -1.03536 ( 42.89%)    -1.24024
      22     61.46    -1.31476 ( 69.54%)    -0.99541 ( 30.46%)    -1.21749
      23     63.05    -1.29974 ( 71.66%)    -0.98784 ( 28.34%)    -1.21135
      24     63.31    -1.29729 ( 72.00%)    -0.98661 ( 28.00%)    -1.21029
      25     65.99    -1.27297 ( 75.21%)    -0.97435 ( 24.79%)    -1.19894
      26     67.89    -1.25625 ( 77.27%)    -0.96592 ( 22.73%)    -1.19026
      27     69.13    -1.24565 ( 78.52%)    -0.96057 ( 21.48%)    -1.18440
      28     72.99    -1.21378 ( 81.95%)    -0.94448 ( 18.05%)    -1.16518
      29     74.70    -1.20021 ( 83.28%)    -0.93762 ( 16.72%)    -1.15631
      30     79.17    -1.16619 ( 86.27%)    -0.92042 ( 13.73%)    -1.13245
      31     80.31    -1.15781 ( 86.94%)    -0.91617 ( 13.06%)    -1.12625
      32     82.32    -1.14334 ( 88.02%)    -0.90884 ( 11.98%)    -1.11525
      33     85.78    -1.11925 ( 89.65%)    -0.89664 ( 10.35%)    -1.09622
      34     88.88    -1.09854 ( 90.90%)    -0.88613 (  9.10%)    -1.07921
      35     91.48    -1.08174 ( 91.81%)    -0.87759 (  8.19%)    -1.06501
      36     95.00    -1.05975 ( 92.87%)    -0.86641 (  7.13%)    -1.04597
      37     98.60    -1.03809 ( 93.80%)    -0.85538 (  6.20%)    -1.02676
      38    103.50    -1.00990 ( 94.84%)    -0.84101 (  5.16%)    -1.00118
      39    107.56    -0.98762 ( 95.54%)    -0.82963 (  4.46%)    -0.98058
      40    111.23    -0.96819 ( 96.08%)    -0.81968 (  3.92%)    -0.96236
      41    115.68    -0.94553 ( 96.63%)    -0.80806 (  3.37%)    -0.94089
      42    118.98    -0.92930 ( 96.98%)    -0.79973 (  3.02%)    -0.92539
      43    119.40    -0.92727 ( 97.02%)    -0.79869 (  2.98%)    -0.92344
      44    123.75    -0.90667 ( 97.40%)    -0.78809 (  2.60%)    -0.90359
      45    128.44    -0.88527 ( 97.76%)    -0.77705 (  2.24%)    -0.88284
      46    130.33    -0.87692 ( 97.88%)    -0.77274 (  2.12%)    -0.87471
      47    132.56    -0.86718 ( 98.02%)    -0.76771 (  1.98%)    -0.86521
      48    133.02    -0.86522 ( 98.04%)    -0.76669 (  1.96%)    -0.86329
      49    138.65    -0.84150 ( 98.34%)    -0.75440 (  1.66%)    -0.84005
      50    143.23    -0.82297 ( 98.54%)    -0.74477 (  1.46%)    -0.82183
      51    146.20    -0.81129 ( 98.65%)    -0.73869 (  1.35%)    -0.81031
      52    151.27    -0.79195 ( 98.82%)    -0.72860 (  1.18%)    -0.79120
      53    155.62    -0.77590 ( 98.95%)    -0.72020 (  1.05%)    -0.77532
      54    156.08    -0.77422 ( 98.96%)    -0.71932 (  1.04%)    -0.77365
      55    160.65    -0.75793 ( 99.07%)    -0.71077 (  0.93%)    -0.75749
      56    160.73    -0.75764 ( 99.07%)    -0.71062 (  0.93%)    -0.75720
      57    163.95    -0.74650 ( 99.14%)    -0.70476 (  0.86%)    -0.74614
      58    166.49    -0.73786 ( 99.19%)    -0.70021 (  0.81%)    -0.73755
      59    169.62    -0.72740 ( 99.25%)    -0.69469 (  0.75%)    -0.72716
      60    171.01    -0.72281 ( 99.27%)    -0.69226 (  0.73%)    -0.72259
      61    172.20    -0.71895 ( 99.29%)    -0.69021 (  0.71%)    -0.71874
      62    176.17    -0.70619 ( 99.36%)    -0.68345 (  0.64%)    -0.70605
      63    184.28    -0.68115 ( 99.46%)    -0.67012 (  0.54%)    -0.68109
      64    184.55    -0.68033 ( 99.46%)    -0.66968 (  0.54%)    -0.68028
      65    189.24    -0.66644 ( 99.52%)    -0.66225 (  0.48%)    -0.66642
      66    191.23    -0.66065 ( 99.53%)    -0.65915 (  0.47%)    -0.66064
      67    201.82    -0.63101 ( 99.62%)    -0.64319 (  0.38%)    -0.63106
      68    205.89    -0.62008 ( 99.65%)    -0.63727 (  0.35%)    -0.62014
      69    211.87    -0.60450 ( 99.69%)    -0.62879 (  0.31%)    -0.60457
      70    214.89    -0.59683 ( 99.71%)    -0.62460 (  0.29%)    -0.59691
      71    217.09    -0.59130 ( 99.72%)    -0.62158 (  0.28%)    -0.59139
      72    218.56    -0.58765 ( 99.73%)    -0.61958 (  0.27%)    -0.58774
      73    221.78    -0.57976 ( 99.74%)    -0.61525 (  0.26%)    -0.57985
      74    224.58    -0.57301 ( 99.75%)    -0.61154 (  0.25%)    -0.57310
      75    231.40    -0.55696 ( 99.78%)    -0.60267 (  0.22%)    -0.55706
      76    237.25    -0.54364 ( 99.80%)    -0.59527 (  0.20%)    -0.54374
      77    238.68    -0.54045 ( 99.81%)    -0.59349 (  0.19%)    -0.54055
      78    243.76    -0.52930 ( 99.82%)    -0.58726 (  0.18%)    -0.52940
      79    252.88    -0.50996 ( 99.85%)    -0.57638 (  0.15%)    -0.51007
      80    253.19    -0.50932 ( 99.85%)    -0.57601 (  0.15%)    -0.50942
      81    254.37    -0.50689 ( 99.85%)    -0.57464 (  0.15%)    -0.50699
      82    255.18    -0.50522 ( 99.85%)    -0.57369 (  0.15%)    -0.50532
      83    259.78    -0.49589 ( 99.86%)    -0.56839 (  0.14%)    -0.49599
      84    263.66    -0.48818 ( 99.87%)    -0.56400 (  0.13%)    -0.48828
      85    264.79    -0.48597 ( 99.87%)    -0.56274 (  0.13%)    -0.48607
      86    266.56    -0.48254 ( 99.88%)    -0.56077 (  0.12%)    -0.48263
      87    271.85    -0.47239 ( 99.89%)    -0.55494 (  0.11%)    -0.47249
      88    272.94    -0.47033 ( 99.89%)    -0.55376 (  0.11%)    -0.47043
      89    279.11    -0.45889 ( 99.90%)    -0.54714 (  0.10%)    -0.45898
      90    282.81    -0.45217 ( 99.90%)    -0.54323 (  0.10%)    -0.45226
      91    284.08    -0.44990 ( 99.90%)    -0.54191 (  0.10%)    -0.44999
      92    286.25    -0.44604 ( 99.91%)    -0.53965 (  0.09%)    -0.44613
   ------------------------------------------------------------------------

   temp. (K)  partition function   enthalpy   heat capacity  entropy
                                   cal/mol     cal/K/mol   cal/K/mol   J/K/mol
 298.15  VIB  0.125E+49            62199.426    409.094    388.416
         ROT  0.442E+09              888.752      2.981     42.541
         INT  0.554E+57            63088.178    412.075    430.957
         TR   0.736E+29             1481.254      4.968     48.303
         TOT                       64569.4324   417.0432   479.2596  2005.2223

       T/K    H(0)-H(T)+PV         H(T)/Eh          T*S/Eh         G(T)/Eh
   ------------------------------------------------------------------------
    298.15    0.102898E+00    0.154480E+01    0.227712E+00    0.131709E+01
   ------------------------------------------------------------------------

         :::::::::::::::::::::::::::::::::::::::::::::::::::::
         ::                  THERMODYNAMIC                  ::
         :::::::::::::::::::::::::::::::::::::::::::::::::::::
         :: total free energy        -316.361446820826 Eh   ::
         ::.................................................::
         :: total energy             -317.678535066299 Eh   ::
         :: zero point energy           1.441902018082 Eh   ::
         :: G(RRHO) w/o ZPVE           -0.124813772609 Eh   ::
         :: G(RRHO) contrib.            1.317088245474 Eh   ::
         :::::::::::::::::::::::::::::::::::::::::::::::::::::

           -------------------------------------------------
          | TOTAL ENERGY             -317.678535066299 Eh   |
          | TOTAL ENTHALPY           -316.133735107933 Eh   |
          | TOTAL FREE ENERGY        -316.361446820826 Eh   |
          | GRADIENT NORM               0.000785736303 Eh/α |
          | HOMO-LUMO GAP               1.652384545774 eV   |
           -------------------------------------------------

------------------------------------------------------------------------
 * finished run on 2021/06/22 at 02:54:25.444     
------------------------------------------------------------------------
 total:
 * wall-time:     0 d,  0 h, 21 min, 23.555 sec
 *  cpu-time:     0 d,  1 h, 24 min, 47.151 sec
 * ratio c/w:     3.963 speedup
 SCF:
 * wall-time:     0 d,  0 h,  0 min,  3.629 sec
 *  cpu-time:     0 d,  0 h,  0 min, 10.260 sec
 * ratio c/w:     2.827 speedup
 numerical hessian:
 * wall-time:     0 d,  0 h, 21 min, 15.861 sec
 *  cpu-time:     0 d,  1 h, 24 min, 32.634 sec
 * ratio c/w:     3.976 speedup

