      -----------------------------------------------------------      
     |                   =====================                   |     
     |                           x T B                           |     
     |                   =====================                   |     
     |                         S. Grimme                         |     
     |          Mulliken Center for Theoretical Chemistry        |     
     |                    University of Bonn                     |     
     |                Version 6.2 RC2 (SAW190805)                |     
      -----------------------------------------------------------      

   This program is distributed in the hope that it will be useful,
   but WITHOUT ANY WARRANTY; without even the implied warranty of
   MERCHANTABILITY or FITNESS FOR A PARTICULAR PURPOSE.
   
   FOR NON-COMMERCIAL, ACADEMIA USE ONLY.
   
   Cite this work as:
   * S. Grimme, C. Bannwarth, P. Shushkov, J. Chem. Theory Comput., 2017,
     13, 1989-2009. DOI: 10.1021/acs.jctc.7b00118
   * C. Bannwarth, S. Ehlert and S. Grimme., J. Chem. Theory Comput., 2019,
     15, 1652-1671. DOI: 10.1021/acs.jctc.8b01176
   * P. Pracht, E. Caldeweyher, S. Ehlert, S. Grimme, ChemRxiv, 2019, preprint.
     DOI: 10.26434/chemrxiv.8326202.v1
   
   for DFT-D4:
   * E. Caldeweyher, C. Bannwarth and S. Grimme, J. Chem. Phys., 2017,
     147, 034112. DOI: 10.1063/1.4993215
   * E. Caldeweyher, S. Ehlert, A. Hansen, H. Neugebauer, S. Spicher,
     C. Bannwarth and S. Grimme, J. Chem. Phys., 2019, 150, 154122.
     DOI: 10.1063/1.5090222
   
   for sTDA-xTB:
   * S. Grimme and C. Bannwarth, J. Chem. Phys., 2016, 145, 054103.
     DOI: 10.1063/1.4959605
   
   in the mass-spec context:
   * V. Asgeirsson, C. Bauer and S. Grimme, Chem. Sci., 2017, 8, 4879.
     DOI: 10.1039/c7sc00601b
   
   for metadynamics refer to:
   * S. Grimme, J. Chem. Theory Comput., 2019, 155, 2847-2862
     DOI: 10.1021/acs.jctc.9b00143
   
   with help from (in alphabetical order)
   C. Bannwarth, F. Bohle, G. Brandenburg, E. Caldeweyher, M. Checinski,
   S. Dohm, S. Ehlert, S. Ehrlich, F. März, H. Neugebauer, J. Pisarek,
   P. Pracht, P. Shushkov, and S. Spicher.
   
 * started run on 2021/06/21 at 21:58:04.366     

           -------------------------------------------------
          |                Calculation Setup                |
           -------------------------------------------------

          program call               : /home/atarzia/software/xtb-190806/bin/xtb /data/atarzia/projects/unsymm/screening/production/free_energy_calculations/fe_4b1_d/input_structure.xyz --gfn 2 --hess --parallel 6 --etemp 300 --gbsa dmso --chrg 4 --uhf 0 -I det_control.in
          coordinate file            : /data/atarzia/projects/unsymm/screening/production/free_energy_calculations/fe_4b1_d/input_structure.xyz
          omp threads                :                     6
          number of atoms            :                   154
          number of electrons        :                   464
          charge                     :                     4
          spin                       :                   0.0
          first test random number   :      0.83160266498394


########################################################################
# WARNING! Please study the warnings concerning your input carefully
#  - XTBHOME is not set, using HOME instead
#  - XTBPATH is not set, using XTBHOME instead
#  - Process number higher than OMP_NUM_THREADS, I hope you know what you are doing.
########################################################################

           ------------------------------------------------- 
          |                 G F N 2 - x T B                 |
          | Geometry, Frequencies, Noncovalent interactions |
          |            JCTC 2019 parametrisation            |
           ------------------------------------------------- 
             k(s)              :                1.8500
             k(p)              :                2.2300
             k(d)              :                2.2300
             k(f)              :                2.0000
             kEN (H0ij)        :               -2.0000
             D4 a1             :                0.5200
             D4 a2             :                5.0000
             D4 s6             :                1.0000
             D4 s8             :                2.7000
             D4 s9             :                5.0000
             alphaj            :                2.0000

  Z AO/shell   Hii/eV     exponent
  1     Wed Apr 25 08:07:45 CEST 2018   EN: 2.200 GM2: 0.406  GM3: 0.0800  RAES: 1.40
     1s    -10.707211    1.230000
  6     Wed Apr 25 08:07:45 CEST 2018   EN: 2.550 GM2: 0.538  GM3: 0.1500  RAES: 3.00
     2s    -13.970922    2.096432
     2p    -10.063292    1.800000
  7     Wed Apr 25 08:07:45 CEST 2018   EN: 3.040 GM2: 0.461  GM3:-0.0640  RAES: 1.90
     2s    -16.686243    2.339881
     2p    -12.523956    2.014332
 46     Wed Apr 25 16:26:58 CEST 2018   EN: 2.200 GM2: 0.273  GM3: 0.0800  RAES: 5.00
     4d    -11.963518    2.353691
     5s     -9.714059    1.828354
     5p     -2.035281    1.333352

 Solvent             : dmso
 Using internal parameter file: .param_gbsa2_dmso
 Gsolv ref. state (COSMO-RS): gsolv [1 M gas/solution]
 temperature (mdtemp)       :    298.150000000000     
 dielectric constant        :    46.6800000000000     
 rho                        :    1.10000000000000     
 mass                       :    78.1300000000000     
 surface tension            :    15.5689454083859     
 probe radius               :   0.949087640000000     
 vdW radii scaling          :    1.00000000000000     
 Gshift (Eh)                :   5.161738145414381E-003
 c1                         :    1.63948621000000     
 soset                      :   1.179665000000000E-002
 HB correction              :  T
           ------------------------------------------------- 
          |        Self-Consistent Charge Iterations        |
           ------------------------------------------------- 

          ...................................................
          :                      SETUP                      :
          :.................................................:
          :  # basis functions                 460          :
          :  # atomic orbitals                 458          :
          :  # shells                          254          :
          :  # electrons                       464          :
          :  max. iterations                   250          :
          :  Hamiltonian                  GFN2-xTB          :
          :  restarted?                      false          :
          :  GBSA solvation                   true          :
          :  PC potential                    false          :
          :  electronic temp.          300.0000000     K    :
          :  accuracy                    1.0000000          :
          :  -> integral cutoff          0.2500000E+02      :
          :  -> integral neglect         0.1000000E-07      :
          :  -> SCF convergence          0.1000000E-05 Eh   :
          :  -> wf. convergence          0.1000000E-03 e    :
          :  Broyden damping             0.4000000          :
          ...................................................

 iter      E             dE          RMSdq      gap      omega  full diag
   1   -252.1808296 -0.252181E+03  0.598E+00    2.31       0.0  T
   2   -252.5665627 -0.385733E+00  0.414E+00    1.83       1.0  T
   3   -252.3519553  0.214607E+00  0.232E+00    1.94       1.0  T
   4   -252.7459876 -0.394032E+00  0.103E+00    2.12       1.0  T
   5   -252.8339270 -0.879393E-01  0.413E-01    2.09       1.0  T
   6   -252.8422068 -0.827980E-02  0.204E-01    2.13       1.0  T
   7   -252.8428906 -0.683821E-03  0.112E-01    2.13       1.0  T
   8   -252.8434103 -0.519667E-03  0.449E-02    2.13       1.0  T
   9   -252.8437058 -0.295554E-03  0.128E-02    2.13       1.0  T
  10   -252.8437183 -0.124982E-04  0.506E-03    2.13       1.6  T
  11   -252.8437188 -0.532800E-06  0.324E-03    2.13       2.5  T
  12   -252.8437190 -0.158647E-06  0.161E-03    2.13       5.0  T
  13   -252.8437190 -0.425309E-07  0.863E-04    2.13       9.3  T
  14   -252.8437191 -0.200979E-07  0.451E-04    2.13      17.9  T

   *** convergence criteria satisfied after 14 iterations ***

         #    Occupation            Energy/Eh            Energy/eV
      -------------------------------------------------------------
         1        2.0000           -0.7328683             -19.9424
       ...           ...                  ...                  ...
       226        2.0000           -0.4195192             -11.4157
       227        2.0000           -0.4191978             -11.4070
       228        2.0000           -0.4184342             -11.3862
       229        2.0000           -0.4026625             -10.9570
       230        2.0000           -0.4025385             -10.9536
       231        2.0000           -0.4023808             -10.9493
       232        2.0000           -0.4018242             -10.9342 (HOMO)
       233                         -0.3235051              -8.8030 (LUMO)
       234                         -0.3234315              -8.8010
       235                         -0.3206216              -8.7246
       236                         -0.3197246              -8.7001
       237                         -0.3093070              -8.4167
       ...                                ...                  ...
       458                          1.3954571              37.9723
      -------------------------------------------------------------
                  HL-Gap            0.0783191 Eh            2.1312 eV
             Fermi-level           -0.3626646 Eh           -9.8686 eV

 SCC (total)                   0 d,  0 h,  0 min,  0.879 sec
 SCC setup                      ...        0 min,  0.070 sec (  7.942%)
 Dispersion                     ...        0 min,  0.018 sec (  2.087%)
 integral evaluation            ...        0 min,  0.142 sec ( 16.109%)
 zeroth order Hamiltonian       ...        0 min,  0.004 sec (  0.417%)
 iterations                     ...        0 min,  0.507 sec ( 57.727%)
 molecular gradient             ...        0 min,  0.133 sec ( 15.181%)
 printout                       ...        0 min,  0.005 sec (  0.527%)

         :::::::::::::::::::::::::::::::::::::::::::::::::::::
         ::                     SUMMARY                     ::
         :::::::::::::::::::::::::::::::::::::::::::::::::::::
         :: total energy            -248.261959975887 Eh    ::
         :: total w/o Gsasa/hb      -248.153532198349 Eh    ::
         :: gradient norm              0.000659625369 Eh/a0 ::
         :: HOMO-LUMO gap              2.131172487566 eV    ::
         ::.................................................::
         :: SCC energy              -252.938955199769 Eh    ::
         :: -> isotropic ES            0.625175802083 Eh    ::
         :: -> anisotropic ES         -0.086570963503 Eh    ::
         :: -> anisotropic XC          0.168383675592 Eh    ::
         :: -> dispersion             -0.234191361573 Eh    ::
         :: -> Gsolv                  -0.643495339514 Eh    ::
         ::    -> Gborn               -0.535067561976 Eh    ::
         ::    -> Gsasa               -0.100397879638 Eh    ::
         ::    -> Ghb                 -0.013191636045 Eh    ::
         ::    -> Gshift               0.005161738145 Eh    ::
         :: repulsion energy           4.669264032137 Eh    ::
         :: add. restraining           0.000000000000 Eh    ::
         :::::::::::::::::::::::::::::::::::::::::::::::::::::

           ------------------------------------------------- 
          |                Numerical Hessian                |
           ------------------------------------------------- 
step length          :   0.00500
SCC accuracy         :   0.30000
Hessian scale factor :   1.00000
frozen atoms in %    :   0.00000    0
RMS gradient         :   0.00066
estimated CPU  time     76.29 min
estimated wall time     12.96 min

writing file <hessian>.

 projected vibrational frequencies (cm-1)
eigval :       -0.00    -0.00    -0.00    -0.00     0.00     0.00
eigval :        8.08    13.76    14.17    16.56    18.23    24.05
eigval :       24.28    29.01    29.16    29.38    29.69    37.75
eigval :       37.95    38.09    44.81    46.85    54.53    55.03
eigval :       61.00    61.03    63.25    64.05    64.29    71.38
eigval :       71.66    72.22    79.36    82.43    83.01    93.44
eigval :       93.87   101.94   102.46   104.26   106.44   117.87
eigval :      121.00   132.62   132.95   135.49   144.19   147.33
eigval :      149.79   149.85   155.85   162.47   162.67   167.89
eigval :      169.11   170.07   170.16   170.53   177.59   177.80
eigval :      177.94   178.72   204.96   207.45   207.65   208.35
eigval :      226.83   227.14   239.53   239.57   254.95   255.08
eigval :      260.69   260.84   264.79   282.93   284.48   284.64
eigval :      303.45   304.03   308.22   308.49   317.18   317.31
eigval :      324.39   330.65   330.70   330.81   351.66   359.83
eigval :      364.89   364.94   368.20   369.74   370.73   370.77
eigval :      372.27   376.24   384.22   387.47   394.93   395.01
eigval :      395.66   396.34   403.31   403.41   427.41   427.45
eigval :      435.04   435.93   440.80   441.36   453.97   454.15
eigval :      461.41   461.60   462.31   462.33   473.12   473.17
eigval :      488.08   488.75   501.81   502.56   504.68   504.73
eigval :      515.54   515.58   518.42   519.35   527.85   527.88
eigval :      528.60   532.52   534.84   536.69   536.91   541.53
eigval :      544.61   546.82   551.35   551.35   583.98   584.00
eigval :      598.93   603.70   608.73   608.75   609.68   613.07
eigval :      620.39   620.66   623.85   623.87   627.65   627.79
eigval :      630.72   649.85   665.49   665.50   672.09   673.24
eigval :      677.41   677.45   678.06   686.14   689.29   689.35
eigval :      689.87   693.58   725.46   725.65   725.87   726.04
eigval :      747.42   747.43   769.04   770.08   771.50   774.73
eigval :      775.75   776.14   777.48   778.76   778.86   779.83
eigval :      803.55   805.75   805.81   807.03   818.56   819.80
eigval :      820.76   820.85   822.32   822.42   822.44   823.20
eigval :      825.43   825.85   831.15   836.88   847.57   847.92
eigval :      854.10   854.43   862.26   862.54   862.87   863.51
eigval :      865.51   865.62   865.84   867.31   882.89   885.43
eigval :      887.42   887.45   892.36   892.78   893.88   894.46
eigval :      898.56   898.64   899.03   899.21   902.48   902.99
eigval :      903.13   903.55   911.95   912.17   912.33   912.72
eigval :      925.79   925.84   925.91   926.11   935.86   935.91
eigval :      935.99   936.27   936.34   936.47   936.50   936.62
eigval :      980.55   982.57   984.93   984.95  1004.18  1004.19
eigval :     1004.90  1006.36  1049.00  1050.41  1050.45  1051.25
eigval :     1074.92  1075.00  1075.26  1075.31  1077.22  1077.29
eigval :     1080.85  1081.40  1097.16  1097.22  1099.76  1099.86
eigval :     1109.74  1109.80  1109.92  1109.98  1123.52  1123.75
eigval :     1124.17  1124.42  1136.04  1136.15  1136.20  1136.27
eigval :     1157.97  1157.98  1165.46  1165.87  1170.88  1170.98
eigval :     1173.76  1174.20  1174.27  1174.32  1180.21  1180.44
eigval :     1187.45  1187.62  1189.01  1190.01  1200.49  1200.56
eigval :     1201.68  1202.28  1214.75  1214.88  1217.40  1217.70
eigval :     1223.52  1223.60  1224.22  1224.29  1233.42  1233.64
eigval :     1241.77  1242.06  1258.60  1258.68  1258.80  1258.90
eigval :     1275.42  1275.70  1275.73  1276.74  1294.36  1294.40
eigval :     1295.47  1295.52  1298.61  1298.76  1306.09  1306.22
eigval :     1308.10  1308.25  1308.39  1308.69  1319.07  1319.11
eigval :     1327.39  1331.20  1358.54  1358.56  1362.44  1362.61
eigval :     1370.00  1370.04  1372.33  1372.98  1372.99  1373.43
eigval :     1377.58  1381.59  1397.91  1397.95  1398.23  1398.44
eigval :     1401.87  1402.03  1405.04  1405.17  1421.38  1421.51
eigval :     1423.82  1424.76  1436.91  1436.96  1439.21  1441.24
eigval :     1466.12  1466.15  1482.82  1484.88  1485.19  1485.22
eigval :     1486.16  1488.29  1531.49  1531.60  1532.26  1532.58
eigval :     1535.34  1535.35  1536.95  1537.14  1545.26  1545.27
eigval :     1545.64  1545.67  1549.75  1549.85  1554.30  1555.32
eigval :     1558.30  1558.52  1562.16  1563.52  1568.84  1569.01
eigval :     1582.12  1582.25  1582.96  1583.03  1615.46  1615.63
eigval :     2299.68  2299.79  2300.17  2300.32  2893.21  2893.48
eigval :     2899.91  2900.45  2901.78  2901.96  2911.95  2912.21
eigval :     3029.42  3029.70  3029.85  3030.48  3038.79  3039.12
eigval :     3039.60  3040.05  3093.87  3094.26  3094.32  3094.45
eigval :     3094.84  3094.87  3095.28  3095.30  3103.52  3103.83
eigval :     3103.96  3104.01  3104.38  3104.57  3104.62  3105.08
eigval :     3105.15  3105.33  3105.38  3105.65  3105.77  3106.40
eigval :     3106.54  3106.66  3109.14  3109.49  3109.58  3109.62
eigval :     3110.75  3110.98  3111.03  3111.58  3118.92  3119.03
eigval :     3119.12  3119.44  3123.42  3123.98  3124.19  3124.54
           -------------------------------------------------
          |                Property Printout                |
           -------------------------------------------------

    * Orbital Energies and Occupations

         #    Occupation            Energy/Eh            Energy/eV
      -------------------------------------------------------------
         1        2.0000           -0.7328679             -19.9423
       ...           ...                  ...                  ...
       220        2.0000           -0.4289933             -11.6735
       221        2.0000           -0.4267980             -11.6138
       222        2.0000           -0.4254226             -11.5763
       223        2.0000           -0.4253012             -11.5730
       224        2.0000           -0.4247157             -11.5571
       225        2.0000           -0.4198413             -11.4245
       226        2.0000           -0.4195199             -11.4157
       227        2.0000           -0.4191981             -11.4070
       228        2.0000           -0.4184346             -11.3862
       229        2.0000           -0.4026633             -10.9570
       230        2.0000           -0.4025393             -10.9537
       231        2.0000           -0.4023816             -10.9494
       232        2.0000           -0.4018250             -10.9342 (HOMO)
       233                         -0.3235059              -8.8030 (LUMO)
       234                         -0.3234328              -8.8011
       235                         -0.3206226              -8.7246
       236                         -0.3197257              -8.7002
       237                         -0.3093064              -8.4167
       238                         -0.3092931              -8.4163
       239                         -0.3038444              -8.2680
       240                         -0.3027138              -8.2373
       241                         -0.2957442              -8.0476
       242                         -0.2957286              -8.0472
       243                         -0.2956065              -8.0439
       ...                                ...                  ...
       458                          1.3954564              37.9723
      -------------------------------------------------------------
                  HL-Gap            0.0783191 Eh            2.1312 eV
             Fermi-level           -0.3626654 Eh           -9.8686 eV

     #   Z        covCN         q      C6AA      α(0)
     1  46 Pd     3.765    -0.122   357.195    35.058
     2  46 Pd     3.765    -0.122   357.150    35.057
     3   6 C      1.982    -0.017    31.499     9.064
     4   6 C      1.982    -0.033    31.925     9.125
     5   6 C      2.965     0.044    27.000     8.523
     6   6 C      2.927    -0.021    28.533     8.760
     7   6 C      2.914    -0.015    28.393     8.738
     8   6 C      2.915    -0.030    28.747     8.792
     9   6 C      2.990     0.027    27.392     8.585
    10   6 C      2.912    -0.032    28.804     8.801
    11   6 C      2.985     0.051    26.849     8.500
    12   7 N      2.672    -0.107    23.350     7.177
    13   6 C      2.883     0.063    26.595     8.454
    14   6 C      2.985    -0.006    28.154     8.704
    15   1 H      0.926     0.067     2.119     2.277
    16   1 H      0.926     0.059     2.214     2.327
    17   1 H      0.926     0.065     2.144     2.290
    18   1 H      0.926     0.093     1.853     2.129
    19   1 H      0.924     0.133     1.516     1.925
    20   1 H      0.925     0.118     1.628     1.996
    21   6 C      2.972     0.040    27.103     8.539
    22   6 C      2.924    -0.025    28.638     8.776
    23   6 C      2.921    -0.026    28.649     8.777
    24   6 C      2.976    -0.006    28.164     8.705
    25   6 C      2.922    -0.037    28.922     8.819
    26   6 C      2.925    -0.034    28.836     8.806
    27   1 H      0.926     0.054     2.265     2.353
    28   1 H      0.926     0.054     2.267     2.355
    29   1 H      0.926     0.071     2.071     2.250
    30   1 H      0.926     0.078     2.000     2.212
    31   6 C      2.971     0.010    27.800     8.649
    32   6 C      2.928    -0.003    28.102     8.694
    33   6 C      2.912    -0.028    28.694     8.784
    34   6 C      2.892     0.057    26.718     8.475
    35   7 N      2.674    -0.096    23.115     7.141
    36   6 C      2.973     0.048    26.925     8.511
    37   1 H      0.926     0.089     1.891     2.151
    38   1 H      0.926     0.096     1.825     2.113
    39   1 H      0.925     0.119     1.620     1.990
    40   1 H      0.924     0.141     1.451     1.884
    41   6 C      1.982    -0.017    31.500     9.064
    42   6 C      1.982    -0.033    31.925     9.125
    43   6 C      2.965     0.044    27.001     8.523
    44   6 C      2.927    -0.021    28.533     8.760
    45   6 C      2.914    -0.015    28.394     8.738
    46   6 C      2.915    -0.030    28.747     8.792
    47   6 C      2.990     0.027    27.392     8.585
    48   6 C      2.912    -0.032    28.804     8.801
    49   6 C      2.985     0.051    26.849     8.500
    50   7 N      2.672    -0.107    23.351     7.177
    51   6 C      2.883     0.063    26.595     8.454
    52   6 C      2.985    -0.006    28.155     8.704
    53   1 H      0.926     0.067     2.119     2.277
    54   1 H      0.926     0.059     2.214     2.327
    55   1 H      0.926     0.065     2.144     2.290
    56   1 H      0.926     0.093     1.853     2.129
    57   1 H      0.924     0.133     1.516     1.925
    58   1 H      0.925     0.118     1.629     1.996
    59   6 C      2.972     0.040    27.103     8.539
    60   6 C      2.925    -0.034    28.836     8.806
    61   6 C      2.922    -0.037    28.924     8.819
    62   6 C      2.976    -0.006    28.163     8.705
    63   6 C      2.921    -0.026    28.648     8.777
    64   6 C      2.924    -0.025    28.637     8.776
    65   1 H      0.926     0.078     1.999     2.211
    66   1 H      0.926     0.072     2.068     2.249
    67   1 H      0.926     0.054     2.269     2.355
    68   1 H      0.926     0.054     2.266     2.354
    69   6 C      2.971     0.010    27.800     8.649
    70   6 C      2.928    -0.003    28.103     8.694
    71   6 C      2.912    -0.028    28.694     8.784
    72   6 C      2.892     0.057    26.718     8.475
    73   7 N      2.674    -0.096    23.114     7.140
    74   6 C      2.973     0.048    26.924     8.511
    75   1 H      0.926     0.089     1.891     2.150
    76   1 H      0.926     0.096     1.825     2.113
    77   1 H      0.925     0.119     1.620     1.990
    78   1 H      0.924     0.141     1.451     1.884
    79   6 C      1.982    -0.017    31.498     9.063
    80   6 C      1.982    -0.033    31.925     9.125
    81   6 C      2.965     0.044    27.000     8.523
    82   6 C      2.927    -0.021    28.533     8.760
    83   6 C      2.914    -0.015    28.394     8.738
    84   6 C      2.915    -0.030    28.747     8.792
    85   6 C      2.990     0.027    27.392     8.585
    86   6 C      2.912    -0.032    28.803     8.800
    87   6 C      2.985     0.051    26.849     8.500
    88   7 N      2.672    -0.107    23.349     7.177
    89   6 C      2.883     0.063    26.595     8.455
    90   6 C      2.985    -0.006    28.154     8.704
    91   1 H      0.926     0.067     2.119     2.277
    92   1 H      0.926     0.059     2.213     2.327
    93   1 H      0.926     0.065     2.144     2.290
    94   1 H      0.926     0.093     1.853     2.129
    95   1 H      0.924     0.133     1.516     1.925
    96   1 H      0.925     0.118     1.628     1.995
    97   6 C      2.971     0.040    27.103     8.539
    98   6 C      2.925    -0.034    28.836     8.806
    99   6 C      2.922    -0.037    28.922     8.819
   100   6 C      2.976    -0.006    28.164     8.705
   101   6 C      2.921    -0.026    28.649     8.777
   102   6 C      2.924    -0.025    28.639     8.776
   103   1 H      0.926     0.078     2.000     2.212
   104   1 H      0.926     0.071     2.071     2.250
   105   1 H      0.926     0.054     2.267     2.355
   106   1 H      0.926     0.055     2.264     2.353
   107   6 C      2.971     0.010    27.800     8.649
   108   6 C      2.928    -0.003    28.103     8.694
   109   6 C      2.912    -0.028    28.694     8.784
   110   6 C      2.892     0.057    26.718     8.475
   111   7 N      2.674    -0.096    23.115     7.141
   112   6 C      2.973     0.048    26.924     8.511
   113   1 H      0.926     0.089     1.891     2.151
   114   1 H      0.926     0.096     1.825     2.113
   115   1 H      0.925     0.119     1.620     1.990
   116   1 H      0.924     0.141     1.451     1.884
   117   6 C      1.982    -0.017    31.500     9.064
   118   6 C      1.982    -0.033    31.925     9.125
   119   6 C      2.965     0.044    27.001     8.523
   120   6 C      2.927    -0.021    28.533     8.760
   121   6 C      2.914    -0.015    28.394     8.738
   122   6 C      2.915    -0.030    28.747     8.792
   123   6 C      2.990     0.027    27.392     8.585
   124   6 C      2.912    -0.032    28.804     8.801
   125   6 C      2.985     0.051    26.849     8.500
   126   7 N      2.672    -0.107    23.351     7.177
   127   6 C      2.883     0.063    26.594     8.454
   128   6 C      2.985    -0.006    28.155     8.704
   129   1 H      0.926     0.067     2.119     2.276
   130   1 H      0.926     0.059     2.214     2.327
   131   1 H      0.926     0.065     2.144     2.290
   132   1 H      0.926     0.093     1.853     2.129
   133   1 H      0.924     0.133     1.516     1.925
   134   1 H      0.925     0.118     1.629     1.996
   135   6 C      2.972     0.040    27.103     8.539
   136   6 C      2.924    -0.025    28.637     8.776
   137   6 C      2.921    -0.026    28.649     8.777
   138   6 C      2.976    -0.006    28.162     8.705
   139   6 C      2.922    -0.037    28.924     8.820
   140   6 C      2.925    -0.034    28.837     8.806
   141   1 H      0.926     0.054     2.266     2.354
   142   1 H      0.926     0.054     2.269     2.355
   143   1 H      0.926     0.072     2.068     2.249
   144   1 H      0.926     0.078     1.999     2.211
   145   6 C      2.971     0.010    27.800     8.649
   146   6 C      2.928    -0.003    28.103     8.694
   147   6 C      2.912    -0.028    28.694     8.784
   148   6 C      2.892     0.057    26.718     8.475
   149   7 N      2.674    -0.096    23.116     7.141
   150   6 C      2.973     0.048    26.924     8.511
   151   1 H      0.926     0.089     1.891     2.150
   152   1 H      0.926     0.096     1.825     2.113
   153   1 H      0.925     0.119     1.620     1.990
   154   1 H      0.924     0.141     1.451     1.884

 Mol. C6AA /au·bohr⁶  :     385947.973553
 Mol. C8AA /au·bohr⁸  :   11060976.254257
 Mol. α(0) /au        :       1014.704257


Wiberg/Mayer (AO) data.
largest (>0.10) Wiberg bond orders for each atom
          total WBO             WBO to atom ...
     1  Pd  3.598        N   35 0.593    N  111 0.593    N   50 0.590    N  126 0.590    C   36 0.116    C  112 0.116    C  125 0.113    C   49 0.113
     2  Pd  3.598        N   73 0.593    N  149 0.593    N   88 0.590    N   12 0.590    C   74 0.116    C  150 0.116    C   87 0.113    C   11 0.113
     3  C   3.941        C    4 2.635    C   21 1.131
     4  C   3.945        C    3 2.635    C    5 1.140
     5  C   3.983        C    6 1.444    C   14 1.204    C    4 1.140
     6  C   3.970        C    5 1.444    C    7 1.351    H   15 0.967
     7  C   3.982        C    8 1.518    C    6 1.351    H   16 0.967
     8  C   3.949        C    7 1.518    C    9 1.295    H   17 0.965
     9  C   3.988        C    8 1.295    C   10 1.269    C   14 1.232
    10  C   3.978        C   11 1.560    C    9 1.269    H   18 0.959    C   13 0.102
    11  C   3.971        C   10 1.560    N   12 1.234    H   19 0.879    Pd   2 0.113
    12  N   3.526        C   13 1.438    C   11 1.234    Pd   2 0.590
    13  C   3.964        N   12 1.438    C   14 1.312    H   20 0.924    C   10 0.102
    14  C   3.980        C   13 1.312    C    9 1.232    C    5 1.204
    15  H   0.995        C    6 0.967
    16  H   0.995        C    7 0.967
    17  H   0.995        C    8 0.965
    18  H   0.990        C   10 0.959
    19  H   0.982        C   11 0.879
    20  H   0.985        C   13 0.924
    21  C   3.983        C   22 1.350    C   26 1.345    C    3 1.131
    22  C   3.975        C   23 1.468    C   21 1.350    H   27 0.968    C   25 0.100
    23  C   3.989        C   22 1.468    C   24 1.377    H   28 0.966
    24  C   3.953        C   23 1.377    C   25 1.369    C   31 1.053
    25  C   3.986        C   26 1.475    C   24 1.369    H   29 0.963    C   22 0.100
    26  C   3.973        C   25 1.475    C   21 1.345    H   30 0.965
    27  H   0.996        C   22 0.968
    28  H   0.996        C   23 0.966
    29  H   0.994        C   25 0.963
    30  H   0.993        C   26 0.965
    31  C   3.982        C   36 1.391    C   32 1.362    C   24 1.053
    32  C   3.975        C   33 1.456    C   31 1.362    H   37 0.961
    33  C   3.980        C   32 1.456    C   34 1.417    H   38 0.961    C   36 0.102
    34  C   3.958        C   33 1.417    N   35 1.360    H   39 0.925
    35  N   3.538        C   34 1.360    C   36 1.342    Pd   1 0.593
    36  C   3.965        C   31 1.391    N   35 1.342    H   40 0.879    Pd   1 0.116    C   33 0.102
    37  H   0.990        C   32 0.961
    38  H   0.990        C   33 0.961
    39  H   0.984        C   34 0.925
    40  H   0.979        C   36 0.879
    41  C   3.941        C   42 2.635    C   59 1.132
    42  C   3.945        C   41 2.635    C   43 1.140
    43  C   3.983        C   44 1.444    C   52 1.204    C   42 1.140
    44  C   3.970        C   43 1.444    C   45 1.351    H   53 0.967
    45  C   3.982        C   46 1.518    C   44 1.351    H   54 0.967
    46  C   3.949        C   45 1.518    C   47 1.295    H   55 0.965
    47  C   3.988        C   46 1.295    C   48 1.269    C   52 1.232
    48  C   3.978        C   49 1.560    C   47 1.269    H   56 0.959    C   51 0.102
    49  C   3.971        C   48 1.560    N   50 1.234    H   57 0.879    Pd   1 0.113
    50  N   3.526        C   51 1.438    C   49 1.234    Pd   1 0.590
    51  C   3.964        N   50 1.438    C   52 1.312    H   58 0.924    C   48 0.102
    52  C   3.980        C   51 1.312    C   47 1.232    C   43 1.204
    53  H   0.995        C   44 0.967
    54  H   0.995        C   45 0.967
    55  H   0.995        C   46 0.965
    56  H   0.990        C   48 0.959
    57  H   0.982        C   49 0.879
    58  H   0.985        C   51 0.924
    59  C   3.983        C   64 1.350    C   60 1.344    C   41 1.132
    60  C   3.973        C   61 1.475    C   59 1.344    H   65 0.965
    61  C   3.986        C   60 1.475    C   62 1.369    H   66 0.963    C   64 0.100
    62  C   3.953        C   63 1.376    C   61 1.369    C   69 1.053
    63  C   3.989        C   64 1.468    C   62 1.376    H   67 0.966
    64  C   3.975        C   63 1.468    C   59 1.350    H   68 0.968    C   61 0.100
    65  H   0.993        C   60 0.965
    66  H   0.994        C   61 0.963
    67  H   0.996        C   63 0.966
    68  H   0.996        C   64 0.968
    69  C   3.982        C   74 1.391    C   70 1.363    C   62 1.053
    70  C   3.975        C   71 1.456    C   69 1.363    H   75 0.961
    71  C   3.980        C   70 1.456    C   72 1.417    H   76 0.961    C   74 0.102
    72  C   3.958        C   71 1.417    N   73 1.360    H   77 0.925
    73  N   3.538        C   72 1.360    C   74 1.342    Pd   2 0.593
    74  C   3.965        C   69 1.391    N   73 1.342    H   78 0.879    Pd   2 0.116    C   71 0.102
    75  H   0.990        C   70 0.961
    76  H   0.990        C   71 0.961
    77  H   0.984        C   72 0.925
    78  H   0.979        C   74 0.879
    79  C   3.941        C   80 2.635    C   97 1.131
    80  C   3.945        C   79 2.635    C   81 1.139
    81  C   3.983        C   82 1.444    C   90 1.205    C   80 1.139
    82  C   3.970        C   81 1.444    C   83 1.351    H   91 0.967
    83  C   3.982        C   84 1.518    C   82 1.351    H   92 0.967
    84  C   3.949        C   83 1.518    C   85 1.295    H   93 0.965
    85  C   3.988        C   84 1.295    C   86 1.269    C   90 1.232
    86  C   3.978        C   87 1.560    C   85 1.269    H   94 0.959    C   89 0.102
    87  C   3.971        C   86 1.560    N   88 1.234    H   95 0.879    Pd   2 0.113
    88  N   3.526        C   89 1.438    C   87 1.234    Pd   2 0.590
    89  C   3.964        N   88 1.438    C   90 1.312    H   96 0.924    C   86 0.102
    90  C   3.980        C   89 1.312    C   85 1.232    C   81 1.205
    91  H   0.995        C   82 0.967
    92  H   0.995        C   83 0.967
    93  H   0.995        C   84 0.965
    94  H   0.990        C   86 0.959
    95  H   0.982        C   87 0.879
    96  H   0.985        C   89 0.924
    97  C   3.983        C  102 1.350    C   98 1.345    C   79 1.131
    98  C   3.973        C   99 1.475    C   97 1.345    H  103 0.965
    99  C   3.986        C   98 1.475    C  100 1.369    H  104 0.963    C  102 0.100
   100  C   3.953        C  101 1.377    C   99 1.369    C  107 1.053
   101  C   3.989        C  102 1.468    C  100 1.377    H  105 0.966
   102  C   3.975        C  101 1.468    C   97 1.350    H  106 0.968    C   99 0.100
   103  H   0.993        C   98 0.965
   104  H   0.994        C   99 0.963
   105  H   0.996        C  101 0.966
   106  H   0.996        C  102 0.968
   107  C   3.982        C  112 1.391    C  108 1.362    C  100 1.053
   108  C   3.975        C  109 1.456    C  107 1.362    H  113 0.961
   109  C   3.980        C  108 1.456    C  110 1.417    H  114 0.961    C  112 0.102
   110  C   3.958        C  109 1.417    N  111 1.360    H  115 0.925
   111  N   3.538        C  110 1.360    C  112 1.342    Pd   1 0.593
   112  C   3.965        C  107 1.391    N  111 1.342    H  116 0.879    Pd   1 0.116    C  109 0.102
   113  H   0.990        C  108 0.961
   114  H   0.990        C  109 0.961
   115  H   0.984        C  110 0.925
   116  H   0.979        C  112 0.879
   117  C   3.941        C  118 2.635    C  135 1.132
   118  C   3.945        C  117 2.635    C  119 1.140
   119  C   3.983        C  120 1.444    C  128 1.204    C  118 1.140
   120  C   3.970        C  119 1.444    C  121 1.351    H  129 0.967
   121  C   3.982        C  122 1.518    C  120 1.351    H  130 0.967
   122  C   3.949        C  121 1.518    C  123 1.295    H  131 0.965
   123  C   3.988        C  122 1.295    C  124 1.269    C  128 1.232
   124  C   3.978        C  125 1.560    C  123 1.269    H  132 0.959    C  127 0.102
   125  C   3.971        C  124 1.560    N  126 1.234    H  133 0.879    Pd   1 0.113
   126  N   3.526        C  127 1.438    C  125 1.234    Pd   1 0.590
   127  C   3.964        N  126 1.438    C  128 1.312    H  134 0.924    C  124 0.102
   128  C   3.980        C  127 1.312    C  123 1.232    C  119 1.204
   129  H   0.995        C  120 0.967
   130  H   0.995        C  121 0.967
   131  H   0.995        C  122 0.965
   132  H   0.990        C  124 0.959
   133  H   0.982        C  125 0.879
   134  H   0.985        C  127 0.924
   135  C   3.983        C  136 1.350    C  140 1.344    C  117 1.132
   136  C   3.975        C  137 1.468    C  135 1.350    H  141 0.968    C  139 0.100
   137  C   3.989        C  136 1.468    C  138 1.377    H  142 0.966
   138  C   3.953        C  137 1.377    C  139 1.369    C  145 1.053
   139  C   3.986        C  140 1.475    C  138 1.369    H  143 0.963    C  136 0.100
   140  C   3.973        C  139 1.475    C  135 1.344    H  144 0.965
   141  H   0.996        C  136 0.968
   142  H   0.996        C  137 0.966
   143  H   0.994        C  139 0.963
   144  H   0.993        C  140 0.965
   145  C   3.982        C  150 1.391    C  146 1.362    C  138 1.053
   146  C   3.975        C  147 1.456    C  145 1.362    H  151 0.961
   147  C   3.980        C  146 1.456    C  148 1.417    H  152 0.961    C  150 0.102
   148  C   3.958        C  147 1.417    N  149 1.360    H  153 0.925
   149  N   3.538        C  148 1.360    C  150 1.342    Pd   2 0.593
   150  C   3.965        C  145 1.391    N  149 1.342    H  154 0.879    Pd   2 0.116    C  147 0.102
   151  H   0.990        C  146 0.961
   152  H   0.990        C  147 0.961
   153  H   0.984        C  148 0.925
   154  H   0.979        C  150 0.879

molecular dipole:
                 x           y           z       tot (Debye)
 q only:        6.272       5.329      -5.791
   full:        6.272       5.328      -5.791      25.576
molecular quadrupole (traceless):
                xx          xy          yy          xz          yz          zz
 q only:     -172.847      37.582     349.371     -13.269     -18.819    -176.524
  q+dip:     -188.560      39.822     380.736     -13.047     -19.465    -192.176
   full:     -174.321      37.790     352.295     -13.137     -18.877    -177.973

           -------------------------------------------------
          |               Frequency Printout                |
           -------------------------------------------------
 projected vibrational frequencies (cm-1)
eigval :       -0.00    -0.00    -0.00    -0.00     0.00     0.00
eigval :        8.08    13.76    14.17    16.56    18.23    24.05
eigval :       24.28    29.01    29.16    29.38    29.69    37.75
eigval :       37.95    38.09    44.81    46.85    54.53    55.03
eigval :       61.00    61.03    63.25    64.05    64.29    71.38
eigval :       71.66    72.22    79.36    82.43    83.01    93.44
eigval :       93.87   101.94   102.46   104.26   106.44   117.87
eigval :      121.00   132.62   132.95   135.49   144.19   147.33
eigval :      149.79   149.85   155.85   162.47   162.67   167.89
eigval :      169.11   170.07   170.16   170.53   177.59   177.80
eigval :      177.94   178.72   204.96   207.45   207.65   208.35
eigval :      226.83   227.14   239.53   239.57   254.95   255.08
eigval :      260.69   260.84   264.79   282.93   284.48   284.64
eigval :      303.45   304.03   308.22   308.49   317.18   317.31
eigval :      324.39   330.65   330.70   330.81   351.66   359.83
eigval :      364.89   364.94   368.20   369.74   370.73   370.77
eigval :      372.27   376.24   384.22   387.47   394.93   395.01
eigval :      395.66   396.34   403.31   403.41   427.41   427.45
eigval :      435.04   435.93   440.80   441.36   453.97   454.15
eigval :      461.41   461.60   462.31   462.33   473.12   473.17
eigval :      488.08   488.75   501.81   502.56   504.68   504.73
eigval :      515.54   515.58   518.42   519.35   527.85   527.88
eigval :      528.60   532.52   534.84   536.69   536.91   541.53
eigval :      544.61   546.82   551.35   551.35   583.98   584.00
eigval :      598.93   603.70   608.73   608.75   609.68   613.07
eigval :      620.39   620.66   623.85   623.87   627.65   627.79
eigval :      630.72   649.85   665.49   665.50   672.09   673.24
eigval :      677.41   677.45   678.06   686.14   689.29   689.35
eigval :      689.87   693.58   725.46   725.65   725.87   726.04
eigval :      747.42   747.43   769.04   770.08   771.50   774.73
eigval :      775.75   776.14   777.48   778.76   778.86   779.83
eigval :      803.55   805.75   805.81   807.03   818.56   819.80
eigval :      820.76   820.85   822.32   822.42   822.44   823.20
eigval :      825.43   825.85   831.15   836.88   847.57   847.92
eigval :      854.10   854.43   862.26   862.54   862.87   863.51
eigval :      865.51   865.62   865.84   867.31   882.89   885.43
eigval :      887.42   887.45   892.36   892.78   893.88   894.46
eigval :      898.56   898.64   899.03   899.21   902.48   902.99
eigval :      903.13   903.55   911.95   912.17   912.33   912.72
eigval :      925.79   925.84   925.91   926.11   935.86   935.91
eigval :      935.99   936.27   936.34   936.47   936.50   936.62
eigval :      980.55   982.57   984.93   984.95  1004.18  1004.19
eigval :     1004.90  1006.36  1049.00  1050.41  1050.45  1051.25
eigval :     1074.92  1075.00  1075.26  1075.31  1077.22  1077.29
eigval :     1080.85  1081.40  1097.16  1097.22  1099.76  1099.86
eigval :     1109.74  1109.80  1109.92  1109.98  1123.52  1123.75
eigval :     1124.17  1124.42  1136.04  1136.15  1136.20  1136.27
eigval :     1157.97  1157.98  1165.46  1165.87  1170.88  1170.98
eigval :     1173.76  1174.20  1174.27  1174.32  1180.21  1180.44
eigval :     1187.45  1187.62  1189.01  1190.01  1200.49  1200.56
eigval :     1201.68  1202.28  1214.75  1214.88  1217.40  1217.70
eigval :     1223.52  1223.60  1224.22  1224.29  1233.42  1233.64
eigval :     1241.77  1242.06  1258.60  1258.68  1258.80  1258.90
eigval :     1275.42  1275.70  1275.73  1276.74  1294.36  1294.40
eigval :     1295.47  1295.52  1298.61  1298.76  1306.09  1306.22
eigval :     1308.10  1308.25  1308.39  1308.69  1319.07  1319.11
eigval :     1327.39  1331.20  1358.54  1358.56  1362.44  1362.61
eigval :     1370.00  1370.04  1372.33  1372.98  1372.99  1373.43
eigval :     1377.58  1381.59  1397.91  1397.95  1398.23  1398.44
eigval :     1401.87  1402.03  1405.04  1405.17  1421.38  1421.51
eigval :     1423.82  1424.76  1436.91  1436.96  1439.21  1441.24
eigval :     1466.12  1466.15  1482.82  1484.88  1485.19  1485.22
eigval :     1486.16  1488.29  1531.49  1531.60  1532.26  1532.58
eigval :     1535.34  1535.35  1536.95  1537.14  1545.26  1545.27
eigval :     1545.64  1545.67  1549.75  1549.85  1554.30  1555.32
eigval :     1558.30  1558.52  1562.16  1563.52  1568.84  1569.01
eigval :     1582.12  1582.25  1582.96  1583.03  1615.46  1615.63
eigval :     2299.68  2299.79  2300.17  2300.32  2893.21  2893.48
eigval :     2899.91  2900.45  2901.78  2901.96  2911.95  2912.21
eigval :     3029.42  3029.70  3029.85  3030.48  3038.79  3039.12
eigval :     3039.60  3040.05  3093.87  3094.26  3094.32  3094.45
eigval :     3094.84  3094.87  3095.28  3095.30  3103.52  3103.83
eigval :     3103.96  3104.01  3104.38  3104.57  3104.62  3105.08
eigval :     3105.15  3105.33  3105.38  3105.65  3105.77  3106.40
eigval :     3106.54  3106.66  3109.14  3109.49  3109.58  3109.62
eigval :     3110.75  3110.98  3111.03  3111.58  3118.92  3119.03
eigval :     3119.12  3119.44  3123.42  3123.98  3124.19  3124.54
 reduced masses (amu)
   1: 25.51   2: 16.78   3: 24.75   4: 20.95   5: 25.48   6: 25.20   7: 11.22   8: 17.40
   9: 17.39  10: 10.78  11: 11.06  12: 17.16  13: 17.48  14: 16.29  15: 15.87  16: 22.48
  17: 13.83  18: 11.60  19: 11.58  20: 11.38  21: 11.44  22: 18.35  23: 10.57  24: 16.26
  25: 12.18  26: 12.30  27: 12.05  28: 14.25  29: 14.34  30: 12.07  31: 12.15  32: 10.70
  33: 12.00  34: 11.52  35: 25.81  36: 11.77  37: 11.76  38: 13.20  39: 13.20  40: 16.99
  41: 23.62  42: 21.17  43: 10.78  44: 11.02  45: 11.02  46: 12.00  47: 11.33  48: 10.83
  49: 12.21  50: 12.19  51: 22.47  52: 17.64  53: 17.81  54:  9.93  55: 15.94  56: 10.95
  57: 11.11  58: 10.87  59: 12.85  60: 16.22  61: 16.28  62: 21.71  63: 13.19  64: 21.55
  65: 21.62  66: 14.25  67: 24.70  68: 19.46  69: 20.85  70: 20.89  71: 25.01  72: 21.41
  73: 59.23  74: 59.02  75: 20.20  76: 12.90  77: 36.86  78: 37.00  79: 10.62  80: 10.49
  81: 13.60  82: 13.51  83: 19.98  84: 19.85  85: 15.58  86: 12.78  87: 13.49  88: 11.98
  89: 12.73  90: 12.25  91: 11.16  92: 11.14  93:  9.29  94:  9.17  95:  9.65  96:  9.63
  97: 13.11  98: 11.11  99:  9.98 100: 10.77 101:  9.50 102:  9.50 103:  9.52 104:  9.59
 105: 13.27 106: 13.29 107: 11.51 108: 11.51 109: 11.34 110: 11.28 111: 10.30 112: 10.41
 113: 12.15 114: 12.15 115: 11.24 116: 11.18 117: 11.42 118: 11.42 119: 11.25 120: 11.25
 121: 11.28 122: 11.27 123: 10.51 124: 10.55 125: 10.46 126: 10.47 127: 12.78 128: 12.79
 129: 11.33 130: 11.27 131: 11.82 132: 11.83 133: 11.53 134: 10.12 135: 10.18 136: 10.49
 137: 10.49 138: 11.35 139:  9.68 140:  9.85 141: 10.50 142: 10.50 143: 12.90 144: 12.90
 145: 11.80 146: 11.61 147: 11.50 148: 11.50 149: 11.40 150: 11.48 151: 11.36 152: 11.37
 153: 12.07 154: 12.09 155: 12.27 156: 12.25 157: 11.48 158: 11.49 159: 11.62 160: 11.62
 161: 10.32 162:  9.65 163:  9.87 164:  9.91 165: 10.39 166: 10.49 167: 10.25 168: 10.27
 169: 10.53 170: 11.17 171: 10.64 172: 10.64 173: 10.62 174: 10.63 175: 11.64 176: 11.64
 177: 11.32 178:  4.29 179:  4.40 180: 11.23 181:  3.91 182:  3.91 183:  4.58 184:  5.00
 185:  4.95 186:  4.60 187: 11.47 188: 11.65 189: 11.65 190: 11.31 191:  4.59 192:  4.57
 193:  5.15 194:  5.14 195:  8.37 196:  7.26 197: 10.03 198:  5.02 199:  4.65 200:  4.50
 201: 11.04 202: 11.02 203:  4.09 204:  4.08 205:  3.95 206:  3.95 207:  4.12 208:  4.29
 209:  4.14 210:  3.96 211:  3.48 212:  3.55 213:  3.42 214:  3.67 215: 10.93 216: 11.04
 217: 11.02 218: 11.02 219:  3.54 220:  3.53 221:  3.56 222:  3.53 223:  3.92 224:  3.93
 225:  3.91 226:  3.88 227:  3.92 228:  3.94 229:  3.90 230:  3.92 231:  3.07 232:  3.07
 233:  3.06 234:  3.05 235:  3.87 236:  3.86 237:  3.86 238:  3.86 239:  3.84 240:  3.84
 241:  3.72 242:  3.71 243:  3.70 244:  3.74 245:  3.80 246:  3.83 247: 11.30 248: 11.31
 249: 11.24 250: 11.24 251: 10.35 252: 10.35 253: 10.21 254: 10.00 255: 10.12 256:  9.83
 257:  9.83 258:  9.54 259:  7.29 260:  7.30 261:  7.58 262:  7.59 263:  7.76 264:  7.78
 265:  8.52 266:  8.13 267:  7.04 268:  7.03 269:  6.59 270:  6.61 271:  6.17 272:  6.20
 273:  6.17 274:  6.21 275:  3.56 276:  3.56 277:  3.64 278:  3.63 279:  3.38 280:  3.38
 281:  3.39 282:  3.37 283:  3.08 284:  3.08 285:  2.77 286:  2.80 287:  1.84 288:  1.85
 289:  4.04 290:  3.72 291:  3.72 292:  3.83 293:  2.07 294:  2.36 295:  2.84 296:  2.81
 297:  2.62 298:  2.64 299:  3.92 300:  3.94 301:  4.13 302:  4.07 303:  5.94 304:  5.96
 305:  5.86 306:  5.79 307:  5.56 308:  5.54 309:  5.67 310:  5.64 311:  2.99 312:  2.99
 313:  3.05 314:  3.03 315:  3.19 316:  3.19 317:  3.16 318:  3.17 319:  7.99 320:  7.95
 321:  7.95 322:  8.07 323:  9.18 324:  9.28 325: 11.80 326: 11.68 327:  8.43 328:  8.36
 329: 11.80 330: 11.88 331: 11.35 332: 11.34 333: 11.45 334: 11.39 335:  9.98 336:  9.98
 337: 10.34 338: 10.53 339: 10.55 340: 10.54 341: 10.66 342: 10.64 343:  9.83 344:  9.83
 345:  9.77 346:  9.98 347:  9.98 348: 10.10 349:  8.77 350:  9.26 351: 10.18 352: 10.18
 353: 10.17 354: 10.16 355: 10.92 356: 10.92 357: 11.24 358: 11.24 359:  9.96 360:  9.95
 361: 10.19 362:  9.96 363: 10.85 364: 10.86 365: 10.80 366: 10.55 367: 11.02 368: 11.02
 369: 10.61 370: 11.07 371: 10.41 372: 10.41 373: 10.64 374: 11.06 375: 11.81 376: 11.81
 377: 11.81 378: 11.84 379: 11.60 380: 11.60 381: 11.66 382: 11.68 383: 11.74 384: 11.74
 385: 11.76 386: 11.75 387: 11.70 388: 11.70 389: 11.72 390: 11.74 391: 11.57 392: 11.57
 393: 11.39 394: 11.41 395: 11.50 396: 11.50 397: 11.53 398: 11.52 399: 11.53 400: 11.53
 401: 11.68 402: 11.68 403: 12.01 404: 12.01 405: 12.01 406: 12.01 407:  1.86 408:  1.86
 409:  1.86 410:  1.86 411:  1.87 412:  1.87 413:  1.86 414:  1.86 415:  1.84 416:  1.84
 417:  1.84 418:  1.83 419:  1.85 420:  1.85 421:  1.85 422:  1.85 423:  1.78 424:  1.79
 425:  1.78 426:  1.78 427:  1.78 428:  1.79 429:  1.79 430:  1.79 431:  1.84 432:  1.84
 433:  1.84 434:  1.84 435:  1.82 436:  1.83 437:  1.82 438:  1.83 439:  1.83 440:  1.82
 441:  1.83 442:  1.82 443:  1.85 444:  1.86 445:  1.88 446:  1.87 447:  1.89 448:  1.89
 449:  1.90 450:  1.89 451:  1.87 452:  1.87 453:  1.87 454:  1.86 455:  1.89 456:  1.89
 457:  1.89 458:  1.89 459:  1.86 460:  1.86 461:  1.86 462:  1.86
 IR intensities (amu)
   1:  0.57   2:  0.20   3:  0.42   4:  0.25   5:  0.53   6:  0.52   7:  0.00   8:  0.38
   9:  0.38  10:  0.07  11:  0.01  12:  0.21  13:  0.21  14:  0.06  15:  0.07  16:  0.02
  17:  0.02  18:  0.14  19:  0.13  20:  0.10  21:  0.05  22:  0.01  23:  0.01  24:  0.01
  25:  0.24  26:  0.24  27:  0.06  28:  0.28  29:  0.29  30:  0.12  31:  0.12  32:  0.00
  33:  0.17  34:  0.01  35:  0.03  36:  0.04  37:  0.04  38:  0.08  39:  0.08  40:  0.00
  41:  0.00  42:  0.00  43:  0.02  44:  0.08  45:  0.08  46:  0.09  47:  0.02  48:  0.01
  49:  0.07  50:  0.07  51:  0.01  52:  0.27  53:  0.27  54:  0.01  55:  0.01  56:  0.13
  57:  0.11  58:  0.07  59:  0.08  60:  0.56  61:  0.56  62:  0.12  63:  0.03  64:  0.60
  65:  0.60  66:  0.04  67:  0.22  68:  0.05  69:  0.58  70:  0.58  71:  0.04  72:  0.24
  73:  0.68  74:  0.67  75:  0.01  76:  0.17  77:  0.63  78:  0.63  79:  0.06  80:  0.01
  81:  0.15  82:  0.15  83:  0.39  84:  0.38  85:  0.10  86:  0.21  87:  0.26  88:  0.15
  89:  0.09  90:  0.01  91:  0.15  92:  0.15  93:  0.01  94:  0.47  95:  0.05  96:  0.05
  97:  0.00  98:  0.16  99:  0.00 100:  0.01 101:  0.08 102:  0.08 103:  0.07 104:  0.01
 105:  0.17 106:  0.17 107:  0.09 108:  0.10 109:  0.08 110:  0.00 111:  0.03 112:  0.00
 113:  0.16 114:  0.16 115:  0.01 116:  0.05 117:  0.11 118:  0.10 119:  0.07 120:  0.07
 121:  0.00 122:  0.04 123:  0.01 124:  0.19 125:  0.11 126:  0.11 127:  0.25 128:  0.25
 129:  0.30 130:  0.00 131:  0.12 132:  0.12 133:  0.17 134:  0.00 135:  0.10 136:  0.14
 137:  0.14 138:  0.00 139:  0.05 140:  0.00 141:  0.06 142:  0.06 143:  0.52 144:  0.52
 145:  0.01 146:  0.11 147:  0.07 148:  0.07 149:  0.00 150:  0.05 151:  0.05 152:  0.02
 153:  0.26 154:  0.27 155:  0.21 156:  0.21 157:  0.01 158:  0.45 159:  0.04 160:  0.04
 161:  0.20 162:  0.01 163:  0.23 164:  0.23 165:  0.22 166:  0.00 167:  0.09 168:  0.09
 169:  0.01 170:  0.00 171:  0.02 172:  0.01 173:  0.12 174:  0.13 175:  0.44 176:  0.44
 177:  0.23 178:  0.01 179:  0.04 180:  0.00 181:  0.10 182:  0.10 183:  0.05 184:  0.37
 185:  0.36 186:  0.05 187:  0.29 188:  0.53 189:  0.54 190:  0.01 191:  0.01 192:  0.02
 193:  0.23 194:  0.24 195:  0.14 196:  0.10 197:  0.15 198:  0.02 199:  0.36 200:  0.36
 201:  0.00 202:  0.42 203:  0.05 204:  0.07 205:  0.03 206:  0.04 207:  0.08 208:  0.07
 209:  0.09 210:  0.03 211:  0.07 212:  0.04 213:  0.08 214:  0.10 215:  0.01 216:  0.44
 217:  0.03 218:  0.02 219:  0.02 220:  0.03 221:  0.04 222:  0.05 223:  0.01 224:  0.01
 225:  0.01 226:  0.01 227:  0.05 228:  0.05 229:  0.05 230:  0.05 231:  0.12 232:  0.05
 233:  0.03 234:  0.03 235:  0.09 236:  0.08 237:  0.21 238:  0.23 239:  0.04 240:  0.04
 241:  0.03 242:  0.02 243:  0.02 244:  0.04 245:  0.03 246:  0.04 247:  0.34 248:  0.00
 249:  0.22 250:  0.22 251:  0.22 252:  0.22 253:  0.28 254:  0.00 255:  0.00 256:  0.04
 257:  0.04 258:  0.40 259:  0.18 260:  0.21 261:  0.63 262:  0.63 263:  0.31 264:  0.31
 265:  0.31 266:  0.02 267:  0.54 268:  0.54 269:  0.36 270:  0.09 271:  0.34 272:  0.47
 273:  0.36 274:  0.46 275:  0.31 276:  0.31 277:  0.05 278:  0.04 279:  0.08 280:  0.06
 281:  0.08 282:  0.05 283:  0.40 284:  0.40 285:  0.49 286:  0.01 287:  0.12 288:  0.12
 289:  0.00 290:  0.18 291:  0.18 292:  0.04 293:  0.00 294:  0.18 295:  0.13 296:  0.13
 297:  0.01 298:  0.00 299:  0.00 300:  0.03 301:  0.06 302:  0.67 303:  0.14 304:  0.14
 305:  0.13 306:  0.02 307:  0.03 308:  0.02 309:  0.23 310:  0.29 311:  0.13 312:  0.13
 313:  0.08 314:  0.04 315:  0.05 316:  0.05 317:  0.09 318:  0.10 319:  0.05 320:  0.62
 321:  0.61 322:  0.96 323:  0.17 324:  0.18 325:  0.16 326:  0.15 327:  0.01 328:  0.04
 329:  0.03 330:  0.33 331:  0.08 332:  0.08 333:  0.04 334:  0.16 335:  0.28 336:  0.28
 337:  0.33 338:  0.01 339:  0.38 340:  0.37 341:  1.96 342:  0.07 343:  0.37 344:  0.36
 345:  1.22 346:  0.34 347:  0.34 348:  0.01 349:  0.00 350:  0.16 351:  0.27 352:  0.26
 353:  0.10 354:  0.25 355:  1.58 356:  1.58 357:  0.15 358:  0.17 359:  0.22 360:  0.22
 361:  0.04 362:  0.41 363:  0.10 364:  0.09 365:  2.22 366:  0.02 367:  0.55 368:  0.55
 369:  0.84 370:  0.01 371:  0.19 372:  0.19 373:  0.01 374:  0.28 375:  0.24 376:  0.23
 377:  1.30 378:  0.21 379:  0.55 380:  0.54 381:  0.01 382:  0.29 383:  0.35 384:  0.34
 385:  0.07 386:  0.16 387:  0.15 388:  0.13 389:  2.14 390:  0.03 391:  1.36 392:  1.36
 393:  0.04 394:  0.50 395:  0.54 396:  0.54 397:  0.99 398:  0.19 399:  0.21 400:  0.22
 401:  0.16 402:  0.12 403:  0.87 404:  1.09 405:  1.03 406:  1.24 407:  0.09 408:  0.09
 409:  0.04 410:  0.17 411:  0.11 412:  0.11 413:  0.08 414:  0.15 415:  0.10 416:  0.14
 417:  0.05 418:  0.10 419:  0.07 420:  0.07 421:  0.07 422:  0.08 423:  0.14 424:  0.08
 425:  0.13 426:  0.13 427:  0.13 428:  0.08 429:  0.08 430:  0.10 431:  0.15 432:  0.15
 433:  0.14 434:  0.15 435:  0.07 436:  0.15 437:  0.14 438:  0.12 439:  0.11 440:  0.11
 441:  0.06 442:  0.06 443:  0.21 444:  0.22 445:  0.28 446:  0.28 447:  0.27 448:  0.25
 449:  0.32 450:  0.27 451:  0.17 452:  0.15 453:  0.22 454:  0.13 455:  0.02 456:  0.01
 457:  0.02 458:  0.02 459:  0.12 460:  0.13 461:  0.13 462:  0.06
 Raman intensities (amu)
   1:  0.00   2:  0.00   3:  0.00   4:  0.00   5:  0.00   6:  0.00   7:  0.00   8:  0.00
   9:  0.00  10:  0.00  11:  0.00  12:  0.00  13:  0.00  14:  0.00  15:  0.00  16:  0.00
  17:  0.00  18:  0.00  19:  0.00  20:  0.00  21:  0.00  22:  0.00  23:  0.00  24:  0.00
  25:  0.00  26:  0.00  27:  0.00  28:  0.00  29:  0.00  30:  0.00  31:  0.00  32:  0.00
  33:  0.00  34:  0.00  35:  0.00  36:  0.00  37:  0.00  38:  0.00  39:  0.00  40:  0.00
  41:  0.00  42:  0.00  43:  0.00  44:  0.00  45:  0.00  46:  0.00  47:  0.00  48:  0.00
  49:  0.00  50:  0.00  51:  0.00  52:  0.00  53:  0.00  54:  0.00  55:  0.00  56:  0.00
  57:  0.00  58:  0.00  59:  0.00  60:  0.00  61:  0.00  62:  0.00  63:  0.00  64:  0.00
  65:  0.00  66:  0.00  67:  0.00  68:  0.00  69:  0.00  70:  0.00  71:  0.00  72:  0.00
  73:  0.00  74:  0.00  75:  0.00  76:  0.00  77:  0.00  78:  0.00  79:  0.00  80:  0.00
  81:  0.00  82:  0.00  83:  0.00  84:  0.00  85:  0.00  86:  0.00  87:  0.00  88:  0.00
  89:  0.00  90:  0.00  91:  0.00  92:  0.00  93:  0.00  94:  0.00  95:  0.00  96:  0.00
  97:  0.00  98:  0.00  99:  0.00 100:  0.00 101:  0.00 102:  0.00 103:  0.00 104:  0.00
 105:  0.00 106:  0.00 107:  0.00 108:  0.00 109:  0.00 110:  0.00 111:  0.00 112:  0.00
 113:  0.00 114:  0.00 115:  0.00 116:  0.00 117:  0.00 118:  0.00 119:  0.00 120:  0.00
 121:  0.00 122:  0.00 123:  0.00 124:  0.00 125:  0.00 126:  0.00 127:  0.00 128:  0.00
 129:  0.00 130:  0.00 131:  0.00 132:  0.00 133:  0.00 134:  0.00 135:  0.00 136:  0.00
 137:  0.00 138:  0.00 139:  0.00 140:  0.00 141:  0.00 142:  0.00 143:  0.00 144:  0.00
 145:  0.00 146:  0.00 147:  0.00 148:  0.00 149:  0.00 150:  0.00 151:  0.00 152:  0.00
 153:  0.00 154:  0.00 155:  0.00 156:  0.00 157:  0.00 158:  0.00 159:  0.00 160:  0.00
 161:  0.00 162:  0.00 163:  0.00 164:  0.00 165:  0.00 166:  0.00 167:  0.00 168:  0.00
 169:  0.00 170:  0.00 171:  0.00 172:  0.00 173:  0.00 174:  0.00 175:  0.00 176:  0.00
 177:  0.00 178:  0.00 179:  0.00 180:  0.00 181:  0.00 182:  0.00 183:  0.00 184:  0.00
 185:  0.00 186:  0.00 187:  0.00 188:  0.00 189:  0.00 190:  0.00 191:  0.00 192:  0.00
 193:  0.00 194:  0.00 195:  0.00 196:  0.00 197:  0.00 198:  0.00 199:  0.00 200:  0.00
 201:  0.00 202:  0.00 203:  0.00 204:  0.00 205:  0.00 206:  0.00 207:  0.00 208:  0.00
 209:  0.00 210:  0.00 211:  0.00 212:  0.00 213:  0.00 214:  0.00 215:  0.00 216:  0.00
 217:  0.00 218:  0.00 219:  0.00 220:  0.00 221:  0.00 222:  0.00 223:  0.00 224:  0.00
 225:  0.00 226:  0.00 227:  0.00 228:  0.00 229:  0.00 230:  0.00 231:  0.00 232:  0.00
 233:  0.00 234:  0.00 235:  0.00 236:  0.00 237:  0.00 238:  0.00 239:  0.00 240:  0.00
 241:  0.00 242:  0.00 243:  0.00 244:  0.00 245:  0.00 246:  0.00 247:  0.00 248:  0.00
 249:  0.00 250:  0.00 251:  0.00 252:  0.00 253:  0.00 254:  0.00 255:  0.00 256:  0.00
 257:  0.00 258:  0.00 259:  0.00 260:  0.00 261:  0.00 262:  0.00 263:  0.00 264:  0.00
 265:  0.00 266:  0.00 267:  0.00 268:  0.00 269:  0.00 270:  0.00 271:  0.00 272:  0.00
 273:  0.00 274:  0.00 275:  0.00 276:  0.00 277:  0.00 278:  0.00 279:  0.00 280:  0.00
 281:  0.00 282:  0.00 283:  0.00 284:  0.00 285:  0.00 286:  0.00 287:  0.00 288:  0.00
 289:  0.00 290:  0.00 291:  0.00 292:  0.00 293:  0.00 294:  0.00 295:  0.00 296:  0.00
 297:  0.00 298:  0.00 299:  0.00 300:  0.00 301:  0.00 302:  0.00 303:  0.00 304:  0.00
 305:  0.00 306:  0.00 307:  0.00 308:  0.00 309:  0.00 310:  0.00 311:  0.00 312:  0.00
 313:  0.00 314:  0.00 315:  0.00 316:  0.00 317:  0.00 318:  0.00 319:  0.00 320:  0.00
 321:  0.00 322:  0.00 323:  0.00 324:  0.00 325:  0.00 326:  0.00 327:  0.00 328:  0.00
 329:  0.00 330:  0.00 331:  0.00 332:  0.00 333:  0.00 334:  0.00 335:  0.00 336:  0.00
 337:  0.00 338:  0.00 339:  0.00 340:  0.00 341:  0.00 342:  0.00 343:  0.00 344:  0.00
 345:  0.00 346:  0.00 347:  0.00 348:  0.00 349:  0.00 350:  0.00 351:  0.00 352:  0.00
 353:  0.00 354:  0.00 355:  0.00 356:  0.00 357:  0.00 358:  0.00 359:  0.00 360:  0.00
 361:  0.00 362:  0.00 363:  0.00 364:  0.00 365:  0.00 366:  0.00 367:  0.00 368:  0.00
 369:  0.00 370:  0.00 371:  0.00 372:  0.00 373:  0.00 374:  0.00 375:  0.00 376:  0.00
 377:  0.00 378:  0.00 379:  0.00 380:  0.00 381:  0.00 382:  0.00 383:  0.00 384:  0.00
 385:  0.00 386:  0.00 387:  0.00 388:  0.00 389:  0.00 390:  0.00 391:  0.00 392:  0.00
 393:  0.00 394:  0.00 395:  0.00 396:  0.00 397:  0.00 398:  0.00 399:  0.00 400:  0.00
 401:  0.00 402:  0.00 403:  0.00 404:  0.00 405:  0.00 406:  0.00 407:  0.00 408:  0.00
 409:  0.00 410:  0.00 411:  0.00 412:  0.00 413:  0.00 414:  0.00 415:  0.00 416:  0.00
 417:  0.00 418:  0.00 419:  0.00 420:  0.00 421:  0.00 422:  0.00 423:  0.00 424:  0.00
 425:  0.00 426:  0.00 427:  0.00 428:  0.00 429:  0.00 430:  0.00 431:  0.00 432:  0.00
 433:  0.00 434:  0.00 435:  0.00 436:  0.00 437:  0.00 438:  0.00 439:  0.00 440:  0.00
 441:  0.00 442:  0.00 443:  0.00 444:  0.00 445:  0.00 446:  0.00 447:  0.00 448:  0.00
 449:  0.00 450:  0.00 451:  0.00 452:  0.00 453:  0.00 454:  0.00 455:  0.00 456:  0.00
 457:  0.00 458:  0.00 459:  0.00 460:  0.00 461:  0.00 462:  0.00
 output can be read by thermo (or use thermo option).
 writing <g98.out> molden fake output.
 recommended (thermochemical) frequency scaling factor: 1.0
           -------------------------------------------------
          |             Thermodynamic Functions             |
           -------------------------------------------------

Refinement of some symmetry elements was terminated before convergence was reached.
Some symmetry elements may remain unidentified.
Molecule has the following symmetry elements: (C2) 
It seems to be the C2 point group
c2  symmetry found (for desy threshold:  0.10E+00) used in thermo

          ...................................................
          :                      SETUP                      :
          :.................................................:
          :  # frequencies                         456      :
          :  # imaginary freq.                       0      :
          :  linear?                             false      :
          :  only rotor calc.                    false      :
          :  symmetry                               c2      :
          :  rotational number                       2      :
          :  scaling factor                  1.0000000      :
          :  rotor cutoff                   50.0000000 cm⁻¹ :
          :  imag. cutoff                  -20.0000000 cm⁻¹ :
          :.................................................:

    mode    ω/cm⁻¹     T·S(HO)/kcal·mol⁻¹    T·S(FR)/kcal·mol⁻¹   T·S(vib)
   ------------------------------------------------------------------------
       1      8.08    -2.51479 (  0.07%)    -1.59648 ( 99.93%)    -1.59710
       2     13.76    -2.19947 (  0.57%)    -1.43879 ( 99.43%)    -1.44312
       3     14.17    -2.18224 (  0.64%)    -1.43017 ( 99.36%)    -1.43498
       4     16.56    -2.08986 (  1.19%)    -1.38396 ( 98.81%)    -1.39235
       5     18.23    -2.03274 (  1.74%)    -1.35539 ( 98.26%)    -1.36716
       6     24.05    -1.86885 (  5.08%)    -1.27337 ( 94.92%)    -1.30362
       7     24.28    -1.86323 (  5.27%)    -1.27056 ( 94.73%)    -1.30177
       8     29.01    -1.75795 ( 10.17%)    -1.21785 ( 89.83%)    -1.27280
       9     29.16    -1.75479 ( 10.37%)    -1.21627 ( 89.63%)    -1.27212
      10     29.38    -1.75033 ( 10.66%)    -1.21403 ( 89.34%)    -1.27118
      11     29.69    -1.74416 ( 11.06%)    -1.21094 ( 88.94%)    -1.26991
      12     37.75    -1.60217 ( 24.53%)    -1.13979 ( 75.47%)    -1.25320
      13     37.95    -1.59909 ( 24.92%)    -1.13824 ( 75.08%)    -1.25307
      14     38.09    -1.59682 ( 25.20%)    -1.13711 ( 74.80%)    -1.25297
      15     44.81    -1.50101 ( 39.20%)    -1.08904 ( 60.80%)    -1.25055
      16     46.85    -1.47470 ( 43.53%)    -1.07584 ( 56.47%)    -1.24945
      17     54.53    -1.38523 ( 58.58%)    -1.03088 ( 41.42%)    -1.23846
      18     55.03    -1.37979 ( 59.47%)    -1.02814 ( 40.53%)    -1.23728
      19     61.00    -1.31917 ( 68.90%)    -0.99763 ( 31.10%)    -1.21918
      20     61.03    -1.31894 ( 68.94%)    -0.99752 ( 31.06%)    -1.21909
      21     63.25    -1.29791 ( 71.91%)    -0.98692 ( 28.09%)    -1.21056
      22     64.05    -1.29054 ( 72.91%)    -0.98321 ( 27.09%)    -1.20730
      23     64.29    -1.28828 ( 73.22%)    -0.98207 ( 26.78%)    -1.20627
      24     71.38    -1.22687 ( 80.60%)    -0.95109 ( 19.40%)    -1.17335
      25     71.66    -1.22459 ( 80.84%)    -0.94994 ( 19.16%)    -1.17196
      26     72.22    -1.21997 ( 81.32%)    -0.94761 ( 18.68%)    -1.16910
      27     79.36    -1.16473 ( 86.39%)    -0.91968 ( 13.61%)    -1.13138
      28     82.43    -1.14254 ( 88.08%)    -0.90844 ( 11.92%)    -1.11463
      29     83.01    -1.13846 ( 88.37%)    -0.90637 ( 11.63%)    -1.11146
      30     93.44    -1.06935 ( 92.42%)    -0.87129 (  7.58%)    -1.05435
      31     93.87    -1.06673 ( 92.55%)    -0.86996 (  7.45%)    -1.05207
      32    101.94    -1.01873 ( 94.53%)    -0.84551 (  5.47%)    -1.00926
      33    102.46    -1.01579 ( 94.63%)    -0.84401 (  5.37%)    -1.00657
      34    104.26    -1.00565 ( 94.98%)    -0.83884 (  5.02%)    -0.99727
      35    106.44    -0.99366 ( 95.36%)    -0.83271 (  4.64%)    -0.98619
      36    117.87    -0.93472 ( 96.86%)    -0.80251 (  3.14%)    -0.93057
      37    121.00    -0.91958 ( 97.17%)    -0.79473 (  2.83%)    -0.91604
      38    132.62    -0.86694 ( 98.02%)    -0.76758 (  1.98%)    -0.86497
      39    132.95    -0.86551 ( 98.04%)    -0.76684 (  1.96%)    -0.86357
      40    135.49    -0.85466 ( 98.18%)    -0.76123 (  1.82%)    -0.85296
      41    144.19    -0.81917 ( 98.57%)    -0.74280 (  1.43%)    -0.81809
      42    147.33    -0.80691 ( 98.69%)    -0.73641 (  1.31%)    -0.80599
      43    149.79    -0.79752 ( 98.77%)    -0.73151 (  1.23%)    -0.79671
      44    149.85    -0.79727 ( 98.78%)    -0.73138 (  1.22%)    -0.79647
      45    155.85    -0.77505 ( 98.95%)    -0.71976 (  1.05%)    -0.77447
      46    162.47    -0.75159 ( 99.11%)    -0.70744 (  0.89%)    -0.75120
      47    162.67    -0.75089 ( 99.12%)    -0.70707 (  0.88%)    -0.75050
      48    167.89    -0.73315 ( 99.22%)    -0.69772 (  0.78%)    -0.73287
      49    169.11    -0.72906 ( 99.24%)    -0.69556 (  0.76%)    -0.72881
      50    170.07    -0.72589 ( 99.26%)    -0.69389 (  0.74%)    -0.72566
      51    170.16    -0.72563 ( 99.26%)    -0.69375 (  0.74%)    -0.72539
      52    170.53    -0.72439 ( 99.27%)    -0.69309 (  0.73%)    -0.72417
      53    177.59    -0.70172 ( 99.38%)    -0.68107 (  0.62%)    -0.70159
      54    177.80    -0.70105 ( 99.38%)    -0.68072 (  0.62%)    -0.70093
      55    177.94    -0.70063 ( 99.38%)    -0.68049 (  0.62%)    -0.70050
      56    178.72    -0.69819 ( 99.39%)    -0.67920 (  0.61%)    -0.69807
      57    204.96    -0.62257 ( 99.65%)    -0.63862 (  0.35%)    -0.62263
      58    207.45    -0.61598 ( 99.66%)    -0.63504 (  0.34%)    -0.61605
      59    207.65    -0.61546 ( 99.66%)    -0.63475 (  0.34%)    -0.61552
      60    208.35    -0.61362 ( 99.67%)    -0.63376 (  0.33%)    -0.61369
      61    226.83    -0.56765 ( 99.76%)    -0.60858 (  0.24%)    -0.56775
      62    227.14    -0.56692 ( 99.77%)    -0.60818 (  0.23%)    -0.56701
      63    239.53    -0.53858 ( 99.81%)    -0.59245 (  0.19%)    -0.53868
      64    239.57    -0.53849 ( 99.81%)    -0.59240 (  0.19%)    -0.53859
      65    254.95    -0.50569 ( 99.85%)    -0.57396 (  0.15%)    -0.50579
      66    255.08    -0.50543 ( 99.85%)    -0.57381 (  0.15%)    -0.50553
      67    260.69    -0.49408 ( 99.86%)    -0.56736 (  0.14%)    -0.49418
      68    260.84    -0.49377 ( 99.87%)    -0.56719 (  0.13%)    -0.49387
      69    264.79    -0.48598 ( 99.87%)    -0.56274 (  0.13%)    -0.48607
      70    282.93    -0.45196 ( 99.90%)    -0.54311 (  0.10%)    -0.45205
      71    284.48    -0.44918 ( 99.90%)    -0.54149 (  0.10%)    -0.44927
      72    284.64    -0.44891 ( 99.90%)    -0.54133 (  0.10%)    -0.44899
   ------------------------------------------------------------------------

   temp. (K)  partition function   enthalpy   heat capacity  entropy
                                   cal/mol     cal/K/mol   cal/K/mol   J/K/mol
 298.15  VIB  0.450E+39            49865.100    322.956    312.545
         ROT  0.280E+09              888.752      2.981     41.634
         INT  0.126E+48            50753.852    325.937    354.179
         TR   0.528E+29             1481.254      4.968     47.643
         TOT                       52235.1064   330.9054   401.8223  1681.2244

       T/K    H(0)-H(T)+PV         H(T)/Eh          T*S/Eh         G(T)/Eh
   ------------------------------------------------------------------------
    298.15    0.832419E-01    0.122968E+01    0.190919E+00    0.103876E+01
   ------------------------------------------------------------------------

         :::::::::::::::::::::::::::::::::::::::::::::::::::::
         ::                  THERMODYNAMIC                  ::
         :::::::::::::::::::::::::::::::::::::::::::::::::::::
         :: total free energy        -247.223202546344 Eh   ::
         ::.................................................::
         :: total energy             -248.261960243122 Eh   ::
         :: zero point energy           1.146434489597 Eh   ::
         :: G(RRHO) w/o ZPVE           -0.107676792819 Eh   ::
         :: G(RRHO) contrib.            1.038757696778 Eh   ::
         :::::::::::::::::::::::::::::::::::::::::::::::::::::

           -------------------------------------------------
          | TOTAL ENERGY             -248.261960243122 Eh   |
          | TOTAL ENTHALPY           -247.032283812977 Eh   |
          | TOTAL FREE ENERGY        -247.223202546344 Eh   |
          | GRADIENT NORM               0.000658626181 Eh/α |
          | HOMO-LUMO GAP               2.131169842186 eV   |
           -------------------------------------------------

------------------------------------------------------------------------
 * finished run on 2021/06/21 at 22:04:33.293     
------------------------------------------------------------------------
 total:
 * wall-time:     0 d,  0 h,  6 min, 28.926 sec
 *  cpu-time:     0 d,  0 h, 37 min, 47.730 sec
 * ratio c/w:     5.831 speedup
 SCF:
 * wall-time:     0 d,  0 h,  0 min,  0.880 sec
 *  cpu-time:     0 d,  0 h,  0 min,  4.583 sec
 * ratio c/w:     5.209 speedup
 numerical hessian:
 * wall-time:     0 d,  0 h,  6 min, 26.926 sec
 *  cpu-time:     0 d,  0 h, 37 min, 41.851 sec
 * ratio c/w:     5.846 speedup

