      -----------------------------------------------------------      
     |                   =====================                   |     
     |                           x T B                           |     
     |                   =====================                   |     
     |                         S. Grimme                         |     
     |          Mulliken Center for Theoretical Chemistry        |     
     |                    University of Bonn                     |     
     |                Version 6.2 RC2 (SAW190805)                |     
      -----------------------------------------------------------      

   This program is distributed in the hope that it will be useful,
   but WITHOUT ANY WARRANTY; without even the implied warranty of
   MERCHANTABILITY or FITNESS FOR A PARTICULAR PURPOSE.
   
   FOR NON-COMMERCIAL, ACADEMIA USE ONLY.
   
   Cite this work as:
   * S. Grimme, C. Bannwarth, P. Shushkov, J. Chem. Theory Comput., 2017,
     13, 1989-2009. DOI: 10.1021/acs.jctc.7b00118
   * C. Bannwarth, S. Ehlert and S. Grimme., J. Chem. Theory Comput., 2019,
     15, 1652-1671. DOI: 10.1021/acs.jctc.8b01176
   * P. Pracht, E. Caldeweyher, S. Ehlert, S. Grimme, ChemRxiv, 2019, preprint.
     DOI: 10.26434/chemrxiv.8326202.v1
   
   for DFT-D4:
   * E. Caldeweyher, C. Bannwarth and S. Grimme, J. Chem. Phys., 2017,
     147, 034112. DOI: 10.1063/1.4993215
   * E. Caldeweyher, S. Ehlert, A. Hansen, H. Neugebauer, S. Spicher,
     C. Bannwarth and S. Grimme, J. Chem. Phys., 2019, 150, 154122.
     DOI: 10.1063/1.5090222
   
   for sTDA-xTB:
   * S. Grimme and C. Bannwarth, J. Chem. Phys., 2016, 145, 054103.
     DOI: 10.1063/1.4959605
   
   in the mass-spec context:
   * V. Asgeirsson, C. Bauer and S. Grimme, Chem. Sci., 2017, 8, 4879.
     DOI: 10.1039/c7sc00601b
   
   for metadynamics refer to:
   * S. Grimme, J. Chem. Theory Comput., 2019, 155, 2847-2862
     DOI: 10.1021/acs.jctc.9b00143
   
   with help from (in alphabetical order)
   C. Bannwarth, F. Bohle, G. Brandenburg, E. Caldeweyher, M. Checinski,
   S. Dohm, S. Ehlert, S. Ehrlich, F. März, H. Neugebauer, J. Pisarek,
   P. Pracht, P. Shushkov, and S. Spicher.
   
 * started run on 2021/06/21 at 20:13:33.819     

           -------------------------------------------------
          |                Calculation Setup                |
           -------------------------------------------------

          program call               : /home/atarzia/software/xtb-190806/bin/xtb /data/atarzia/projects/unsymm/screening/production/free_energy_calculations/fe_5d3_d/input_structure.xyz --gfn 2 --hess --parallel 6 --etemp 300 --gbsa dmso --chrg 4 --uhf 0 -I det_control.in
          coordinate file            : /data/atarzia/projects/unsymm/screening/production/free_energy_calculations/fe_5d3_d/input_structure.xyz
          omp threads                :                     6
          number of atoms            :                   162
          number of electrons        :                   496
          charge                     :                     4
          spin                       :                   0.0
          first test random number   :      0.20443707023615


########################################################################
# WARNING! Please study the warnings concerning your input carefully
#  - XTBHOME is not set, using HOME instead
#  - XTBPATH is not set, using XTBHOME instead
#  - Process number higher than OMP_NUM_THREADS, I hope you know what you are doing.
########################################################################

           ------------------------------------------------- 
          |                 G F N 2 - x T B                 |
          | Geometry, Frequencies, Noncovalent interactions |
          |            JCTC 2019 parametrisation            |
           ------------------------------------------------- 
             k(s)              :                1.8500
             k(p)              :                2.2300
             k(d)              :                2.2300
             k(f)              :                2.0000
             kEN (H0ij)        :               -2.0000
             D4 a1             :                0.5200
             D4 a2             :                5.0000
             D4 s6             :                1.0000
             D4 s8             :                2.7000
             D4 s9             :                5.0000
             alphaj            :                2.0000

  Z AO/shell   Hii/eV     exponent
  1     Wed Apr 25 08:07:45 CEST 2018   EN: 2.200 GM2: 0.406  GM3: 0.0800  RAES: 1.40
     1s    -10.707211    1.230000
  6     Wed Apr 25 08:07:45 CEST 2018   EN: 2.550 GM2: 0.538  GM3: 0.1500  RAES: 3.00
     2s    -13.970922    2.096432
     2p    -10.063292    1.800000
  7     Wed Apr 25 08:07:45 CEST 2018   EN: 3.040 GM2: 0.461  GM3:-0.0640  RAES: 1.90
     2s    -16.686243    2.339881
     2p    -12.523956    2.014332
 46     Wed Apr 25 16:26:58 CEST 2018   EN: 2.200 GM2: 0.273  GM3: 0.0800  RAES: 5.00
     4d    -11.963518    2.353691
     5s     -9.714059    1.828354
     5p     -2.035281    1.333352

 Solvent             : dmso
 Using internal parameter file: .param_gbsa2_dmso
 Gsolv ref. state (COSMO-RS): gsolv [1 M gas/solution]
 temperature (mdtemp)       :    298.150000000000     
 dielectric constant        :    46.6800000000000     
 rho                        :    1.10000000000000     
 mass                       :    78.1300000000000     
 surface tension            :    15.5689454083859     
 probe radius               :   0.949087640000000     
 vdW radii scaling          :    1.00000000000000     
 Gshift (Eh)                :   5.161738145414381E-003
 c1                         :    1.63948621000000     
 soset                      :   1.179665000000000E-002
 HB correction              :  T
           ------------------------------------------------- 
          |        Self-Consistent Charge Iterations        |
           ------------------------------------------------- 

          ...................................................
          :                      SETUP                      :
          :.................................................:
          :  # basis functions                 492          :
          :  # atomic orbitals                 490          :
          :  # shells                          270          :
          :  # electrons                       496          :
          :  max. iterations                   250          :
          :  Hamiltonian                  GFN2-xTB          :
          :  restarted?                      false          :
          :  GBSA solvation                   true          :
          :  PC potential                    false          :
          :  electronic temp.          300.0000000     K    :
          :  accuracy                    1.0000000          :
          :  -> integral cutoff          0.2500000E+02      :
          :  -> integral neglect         0.1000000E-07      :
          :  -> SCF convergence          0.1000000E-05 Eh   :
          :  -> wf. convergence          0.1000000E-03 e    :
          :  Broyden damping             0.4000000          :
          ...................................................

 iter      E             dE          RMSdq      gap      omega  full diag
   1   -269.5304854 -0.269530E+03  0.636E+00    2.19       0.0  T
   2   -269.9991783 -0.468693E+00  0.429E+00    1.71       1.0  T
   3   -269.7444528  0.254725E+00  0.235E+00    1.89       1.0  T
   4   -270.1747287 -0.430276E+00  0.106E+00    2.04       1.0  T
   5   -270.2514834 -0.767547E-01  0.550E-01    2.05       1.0  T
   6   -270.2938628 -0.423795E-01  0.219E-01    2.07       1.0  T
   7   -270.2960535 -0.219062E-02  0.960E-02    2.08       1.0  T
   8   -270.2960978 -0.442914E-04  0.314E-02    2.09       1.0  T
   9   -270.2961614 -0.635955E-04  0.178E-02    2.09       1.0  T
  10   -270.2961920 -0.306200E-04  0.822E-03    2.09       1.0  T
  11   -270.2961986 -0.658589E-05  0.389E-03    2.09       2.0  T
  12   -270.2961990 -0.434159E-06  0.179E-03    2.09       4.4  T
  13   -270.2961992 -0.197721E-06  0.804E-04    2.09       9.8  T
  14   -270.2961992 -0.322573E-07  0.427E-04    2.09      18.4  T

   *** convergence criteria satisfied after 14 iterations ***

         #    Occupation            Energy/Eh            Energy/eV
      -------------------------------------------------------------
         1        2.0000           -0.7285659             -19.8253
       ...           ...                  ...                  ...
       242        2.0000           -0.4084405             -11.1142
       243        2.0000           -0.4083114             -11.1107
       244        2.0000           -0.4081324             -11.1058
       245        2.0000           -0.3956591             -10.7664
       246        2.0000           -0.3956569             -10.7664
       247        2.0000           -0.3955563             -10.7636
       248        2.0000           -0.3954768             -10.7615 (HOMO)
       249                         -0.3188018              -8.6750 (LUMO)
       250                         -0.3187992              -8.6750
       251                         -0.3159587              -8.5977
       252                         -0.3159505              -8.5975
       253                         -0.3089762              -8.4077
       ...                                ...                  ...
       490                          1.4070874              38.2888
      -------------------------------------------------------------
                  HL-Gap            0.0766750 Eh            2.0864 eV
             Fermi-level           -0.3571393 Eh           -9.7183 eV

 SCC (total)                   0 d,  0 h,  0 min,  2.393 sec
 SCC setup                      ...        0 min,  0.135 sec (  5.634%)
 Dispersion                     ...        0 min,  0.049 sec (  2.066%)
 integral evaluation            ...        0 min,  0.368 sec ( 15.382%)
 zeroth order Hamiltonian       ...        0 min,  0.008 sec (  0.323%)
 iterations                     ...        0 min,  1.473 sec ( 61.565%)
 molecular gradient             ...        0 min,  0.350 sec ( 14.623%)
 printout                       ...        0 min,  0.010 sec (  0.402%)

         :::::::::::::::::::::::::::::::::::::::::::::::::::::
         ::                     SUMMARY                     ::
         :::::::::::::::::::::::::::::::::::::::::::::::::::::
         :: total energy            -265.172259174793 Eh    ::
         :: total w/o Gsasa/hb      -265.044494492069 Eh    ::
         :: gradient norm              0.000767381525 Eh/a0 ::
         :: HOMO-LUMO gap              2.086433696055 eV    ::
         ::.................................................::
         :: SCC energy              -270.409925035209 Eh    ::
         :: -> isotropic ES            0.623474512822 Eh    ::
         :: -> anisotropic ES         -0.091512753495 Eh    ::
         :: -> anisotropic XC          0.192679942958 Eh    ::
         :: -> dispersion             -0.228538521643 Eh    ::
         :: -> Gsolv                  -0.661236297557 Eh    ::
         ::    -> Gborn               -0.533471614832 Eh    ::
         ::    -> Gsasa               -0.118887547737 Eh    ::
         ::    -> Ghb                 -0.014038873133 Eh    ::
         ::    -> Gshift               0.005161738145 Eh    ::
         :: repulsion energy           5.236152792547 Eh    ::
         :: add. restraining           0.000000000000 Eh    ::
         :::::::::::::::::::::::::::::::::::::::::::::::::::::

           ------------------------------------------------- 
          |                Numerical Hessian                |
           ------------------------------------------------- 
step length          :   0.00500
SCC accuracy         :   0.30000
Hessian scale factor :   1.00000
frozen atoms in %    :   0.00000    0
RMS gradient         :   0.00077
estimated CPU  time     96.90 min
estimated wall time     26.50 min

writing file <hessian>.

 projected vibrational frequencies (cm-1)
eigval :       -0.00    -0.00    -0.00     0.00     0.00     0.00
eigval :        5.45     7.00     7.18     8.48    11.28    15.39
eigval :       15.43    18.28    18.31    18.71    21.83    23.56
eigval :       23.67    29.27    29.53    40.38    43.38    44.28
eigval :       44.38    44.53    50.91    53.50    54.03    55.74
eigval :       55.85    55.96    60.61    60.95    65.06    77.97
eigval :       83.33    83.39    92.02    92.48    95.14   100.24
eigval :      101.43   102.09   104.42   104.63   112.46   117.36
eigval :      117.48   117.89   125.50   127.49   129.78   130.50
eigval :      137.06   138.13   140.29   140.62   140.76   145.50
eigval :      166.35   166.50   172.55   172.73   172.81   173.29
eigval :      173.37   180.20   196.27   196.50   212.77   215.40
eigval :      215.46   218.81   225.08   225.18   242.44   246.39
eigval :      250.68   250.90   260.70   263.09   263.13   264.12
eigval :      272.71   272.87   273.26   276.66   276.71   277.56
eigval :      287.09   287.96   300.21   300.27   329.48   331.92
eigval :      332.51   332.88   335.52   335.57   339.46   340.47
eigval :      340.78   341.35   346.02   346.07   378.22   378.24
eigval :      392.91   392.96   392.99   393.07   397.03   397.05
eigval :      417.94   418.07   418.11   418.15   435.90   435.99
eigval :      436.17   436.71   445.00   445.03   451.89   451.90
eigval :      455.06   455.12   456.44   456.51   475.97   476.03
eigval :      477.80   477.86   486.85   486.86   487.44   487.80
eigval :      499.42   499.63   499.90   499.93   508.55   508.77
eigval :      520.25   520.37   523.00   523.68   524.57   524.61
eigval :      528.56   529.45   530.80   530.82   537.74   538.41
eigval :      541.30   541.32   574.47   574.53   575.42   576.17
eigval :      576.37   576.54   577.04   577.18   611.76   612.06
eigval :      617.74   617.79   623.38   623.43   629.93   629.94
eigval :      647.55   647.63   647.76   648.07   660.03   660.74
eigval :      660.77   660.80   666.34   666.39   669.83   669.86
eigval :      716.84   717.92   717.94   718.03   724.87   724.93
eigval :      726.06   726.11   770.64   771.33   774.99   775.16
eigval :      778.78   779.09   779.39   780.38   786.55   786.88
eigval :      787.16   787.44   796.08   796.13   798.94   798.95
eigval :      811.78   811.89   813.46   813.50   814.04   814.25
eigval :      817.72   817.92   848.17   848.24   851.59   851.66
eigval :      856.90   857.15   857.42   857.63   860.65   861.22
eigval :      862.93   863.39   876.74   878.45   882.48   882.54
eigval :      888.06   888.13   889.98   890.19   891.77   892.31
eigval :      893.01   893.32   896.07   896.09   896.53   896.58
eigval :      896.84   897.24   897.37   897.44   930.87   931.73
eigval :      931.74   931.92   934.18   934.29   934.42   934.55
eigval :      934.59   934.87   935.04   935.15   945.56   947.76
eigval :      949.44   949.47   983.62   983.96   984.70   984.72
eigval :     1002.44  1003.55  1003.58  1003.59  1047.70  1047.90
eigval :     1047.94  1048.15  1071.16  1071.37  1072.39  1072.41
eigval :     1083.28  1083.33  1083.57  1083.65  1108.71  1108.96
eigval :     1109.07  1109.31  1118.78  1118.79  1121.04  1121.12
eigval :     1123.98  1124.13  1124.35  1124.53  1136.03  1136.29
eigval :     1136.32  1137.76  1153.03  1153.06  1154.91  1158.95
eigval :     1166.72  1166.78  1169.25  1170.76  1181.72  1181.89
eigval :     1181.92  1183.20  1184.70  1184.78  1184.87  1184.95
eigval :     1194.40  1194.99  1195.11  1197.24  1214.99  1216.20
eigval :     1216.30  1217.65  1217.84  1217.88  1218.19  1218.21
eigval :     1226.96  1226.98  1230.54  1232.38  1243.90  1244.00
eigval :     1244.04  1244.36  1285.62  1285.63  1286.80  1287.92
eigval :     1292.44  1292.45  1294.57  1294.76  1310.85  1311.07
eigval :     1311.10  1312.09  1313.12  1313.18  1313.33  1313.62
eigval :     1323.55  1323.59  1324.75  1325.20  1348.55  1348.67
eigval :     1351.26  1352.08  1369.48  1369.76  1370.16  1370.23
eigval :     1378.29  1378.34  1381.63  1381.89  1400.38  1400.41
eigval :     1400.70  1400.87  1405.33  1405.79  1405.93  1405.96
eigval :     1425.82  1425.88  1425.90  1426.13  1451.04  1451.07
eigval :     1452.07  1452.18  1463.04  1463.07  1464.37  1464.47
eigval :     1473.28  1473.33  1473.74  1473.81  1525.28  1525.37
eigval :     1527.03  1527.12  1536.67  1536.75  1537.19  1537.29
eigval :     1543.51  1543.57  1543.65  1543.68  1555.61  1555.74
eigval :     1555.84  1555.87  1557.69  1558.17  1558.84  1558.86
eigval :     1566.62  1566.89  1567.00  1567.02  1573.87  1573.98
eigval :     1574.01  1574.03  2307.25  2307.53  2307.77  2307.97
eigval :     2310.76  2310.99  2311.40  2311.45  2928.86  2929.24
eigval :     2933.57  2933.95  2945.44  2945.97  2949.52  2949.98
eigval :     3015.98  3016.27  3016.46  3017.21  3019.72  3019.93
eigval :     3020.73  3020.87  3079.98  3080.38  3080.41  3080.60
eigval :     3092.63  3093.25  3093.40  3093.48  3093.49  3093.67
eigval :     3093.84  3094.23  3099.16  3099.66  3099.93  3100.49
eigval :     3102.04  3102.08  3102.12  3102.21  3107.43  3107.90
eigval :     3107.91  3108.03  3108.55  3108.66  3108.75  3108.90
eigval :     3109.59  3109.77  3109.82  3110.36  3116.59  3116.80
eigval :     3116.93  3116.94  3118.50  3118.75  3118.79  3118.81
           -------------------------------------------------
          |                Property Printout                |
           -------------------------------------------------

    * Orbital Energies and Occupations

         #    Occupation            Energy/Eh            Energy/eV
      -------------------------------------------------------------
         1        2.0000           -0.7285607             -19.8251
       ...           ...                  ...                  ...
       236        2.0000           -0.4223332             -11.4923
       237        2.0000           -0.4206749             -11.4471
       238        2.0000           -0.4205214             -11.4430
       239        2.0000           -0.4203381             -11.4380
       240        2.0000           -0.4201553             -11.4330
       241        2.0000           -0.4084443             -11.1143
       242        2.0000           -0.4084360             -11.1141
       243        2.0000           -0.4083069             -11.1106
       244        2.0000           -0.4081278             -11.1057
       245        2.0000           -0.3956545             -10.7663
       246        2.0000           -0.3956523             -10.7662
       247        2.0000           -0.3955516             -10.7635
       248        2.0000           -0.3954722             -10.7613 (HOMO)
       249                         -0.3187961              -8.6749 (LUMO)
       250                         -0.3187935              -8.6748
       251                         -0.3159531              -8.5975
       252                         -0.3159449              -8.5973
       253                         -0.3089699              -8.4075
       254                         -0.3089634              -8.4073
       255                         -0.3057503              -8.3199
       256                         -0.3055135              -8.3134
       257                         -0.2960825              -8.0568
       258                         -0.2960768              -8.0567
       259                         -0.2937816              -7.9942
       ...                                ...                  ...
       490                          1.4070911              38.2889
      -------------------------------------------------------------
                  HL-Gap            0.0766761 Eh            2.0865 eV
             Fermi-level           -0.3571341 Eh           -9.7181 eV

     #   Z        covCN         q      C6AA      α(0)
     1  46 Pd     3.569    -0.099   275.088    34.202
     2  46 Pd     3.569    -0.099   275.089    34.202
     3   6 C      1.983    -0.024    31.688     9.091
     4   6 C      1.981    -0.034    31.955     9.129
     5   6 C      2.965     0.044    27.017     8.526
     6   6 C      2.923    -0.018    28.462     8.749
     7   6 C      2.914    -0.019    28.483     8.751
     8   6 C      2.914    -0.031    28.783     8.797
     9   6 C      2.981     0.003    27.940     8.671
    10   6 C      2.889     0.060    26.650     8.464
    11   7 N      2.667    -0.101    23.230     7.158
    12   6 C      2.928     0.042    27.059     8.531
    13   6 C      2.911    -0.028    28.695     8.784
    14   6 C      2.998     0.016    27.642     8.624
    15   1 H      0.926     0.058     2.227     2.334
    16   1 H      0.926     0.057     2.235     2.338
    17   1 H      0.926     0.071     2.073     2.252
    18   1 H      0.925     0.115     1.658     2.014
    19   1 H      0.924     0.147     1.416     1.861
    20   1 H      0.926     0.101     1.779     2.086
    21   6 C      2.970     0.039    27.115     8.541
    22   6 C      2.925    -0.024    28.612     8.772
    23   6 C      2.916    -0.026    28.662     8.779
    24   6 C      2.926    -0.026    28.645     8.777
    25   6 C      2.970     0.038    27.141     8.545
    26   6 C      2.935    -0.033    28.826     8.805
    27   1 H      0.926     0.041     2.437     2.441
    28   1 H      0.926     0.034     2.527     2.486
    29   1 H      0.926     0.047     2.360     2.402
    30   1 H      0.926     0.077     2.014     2.219
    31   6 C      1.983    -0.008    31.278     9.032
    32   6 C      1.980    -0.033    31.949     9.128
    33   6 C      2.965     0.049    26.894     8.506
    34   6 C      2.932    -0.006    28.169     8.704
    35   6 C      2.911    -0.029    28.714     8.787
    36   6 C      2.933     0.056    26.751     8.482
    37   7 N      2.667    -0.092    23.048     7.130
    38   6 C      2.897     0.048    26.920     8.507
    39   1 H      0.926     0.083     1.947     2.182
    40   1 H      0.926     0.092     1.856     2.130
    41   1 H      0.924     0.128     1.547     1.945
    42   1 H      0.925     0.137     1.485     1.905
    43   6 C      1.983    -0.024    31.688     9.091
    44   6 C      1.981    -0.034    31.955     9.129
    45   6 C      2.965     0.044    27.017     8.526
    46   6 C      2.923    -0.018    28.462     8.749
    47   6 C      2.914    -0.019    28.482     8.751
    48   6 C      2.914    -0.031    28.783     8.797
    49   6 C      2.981     0.003    27.940     8.671
    50   6 C      2.889     0.060    26.651     8.464
    51   7 N      2.667    -0.101    23.229     7.158
    52   6 C      2.928     0.042    27.059     8.531
    53   6 C      2.911    -0.028    28.694     8.784
    54   6 C      2.998     0.016    27.641     8.624
    55   1 H      0.926     0.058     2.228     2.334
    56   1 H      0.926     0.057     2.236     2.338
    57   1 H      0.926     0.071     2.073     2.252
    58   1 H      0.925     0.115     1.658     2.014
    59   1 H      0.924     0.147     1.415     1.861
    60   1 H      0.926     0.101     1.779     2.086
    61   6 C      2.970     0.039    27.115     8.541
    62   6 C      2.925    -0.024    28.612     8.772
    63   6 C      2.916    -0.026    28.662     8.779
    64   6 C      2.926    -0.026    28.645     8.777
    65   6 C      2.970     0.038    27.141     8.545
    66   6 C      2.935    -0.033    28.826     8.805
    67   1 H      0.926     0.041     2.437     2.441
    68   1 H      0.926     0.034     2.527     2.486
    69   1 H      0.926     0.047     2.360     2.402
    70   1 H      0.926     0.077     2.014     2.219
    71   6 C      1.983    -0.008    31.277     9.032
    72   6 C      1.980    -0.033    31.949     9.128
    73   6 C      2.965     0.049    26.894     8.506
    74   6 C      2.932    -0.006    28.169     8.704
    75   6 C      2.911    -0.029    28.714     8.787
    76   6 C      2.933     0.056    26.752     8.483
    77   7 N      2.667    -0.092    23.044     7.130
    78   6 C      2.897     0.048    26.920     8.507
    79   1 H      0.926     0.083     1.947     2.182
    80   1 H      0.926     0.092     1.856     2.131
    81   1 H      0.924     0.129     1.546     1.945
    82   1 H      0.925     0.137     1.485     1.905
    83   6 C      1.983    -0.024    31.688     9.091
    84   6 C      1.981    -0.034    31.956     9.129
    85   6 C      2.965     0.044    27.017     8.526
    86   6 C      2.923    -0.018    28.462     8.749
    87   6 C      2.914    -0.019    28.483     8.751
    88   6 C      2.914    -0.031    28.783     8.797
    89   6 C      2.981     0.004    27.940     8.671
    90   6 C      2.889     0.060    26.651     8.464
    91   7 N      2.667    -0.101    23.225     7.157
    92   6 C      2.928     0.042    27.059     8.531
    93   6 C      2.911    -0.028    28.694     8.784
    94   6 C      2.998     0.016    27.641     8.624
    95   1 H      0.926     0.058     2.228     2.334
    96   1 H      0.926     0.057     2.236     2.338
    97   1 H      0.926     0.071     2.073     2.252
    98   1 H      0.925     0.115     1.658     2.014
    99   1 H      0.924     0.147     1.416     1.861
   100   1 H      0.926     0.101     1.779     2.086
   101   6 C      2.970     0.039    27.115     8.541
   102   6 C      2.925    -0.024    28.613     8.772
   103   6 C      2.916    -0.026    28.662     8.779
   104   6 C      2.926    -0.026    28.645     8.777
   105   6 C      2.970     0.038    27.141     8.545
   106   6 C      2.935    -0.033    28.826     8.805
   107   1 H      0.926     0.041     2.437     2.441
   108   1 H      0.926     0.034     2.528     2.486
   109   1 H      0.926     0.047     2.360     2.402
   110   1 H      0.926     0.077     2.014     2.219
   111   6 C      1.983    -0.008    31.278     9.032
   112   6 C      1.980    -0.033    31.949     9.128
   113   6 C      2.965     0.049    26.894     8.506
   114   6 C      2.932    -0.006    28.169     8.704
   115   6 C      2.911    -0.029    28.714     8.787
   116   6 C      2.933     0.056    26.752     8.483
   117   7 N      2.667    -0.092    23.039     7.129
   118   6 C      2.897     0.048    26.920     8.507
   119   1 H      0.926     0.083     1.947     2.182
   120   1 H      0.926     0.092     1.856     2.131
   121   1 H      0.924     0.129     1.546     1.945
   122   1 H      0.925     0.137     1.484     1.905
   123   6 C      1.983    -0.024    31.688     9.091
   124   6 C      1.981    -0.034    31.956     9.129
   125   6 C      2.965     0.044    27.017     8.526
   126   6 C      2.923    -0.018    28.462     8.749
   127   6 C      2.914    -0.019    28.482     8.751
   128   6 C      2.914    -0.031    28.783     8.797
   129   6 C      2.981     0.004    27.940     8.671
   130   6 C      2.889     0.060    26.651     8.464
   131   7 N      2.667    -0.101    23.227     7.158
   132   6 C      2.928     0.042    27.059     8.531
   133   6 C      2.911    -0.028    28.694     8.784
   134   6 C      2.998     0.016    27.641     8.624
   135   1 H      0.926     0.058     2.228     2.334
   136   1 H      0.926     0.057     2.236     2.338
   137   1 H      0.926     0.071     2.073     2.252
   138   1 H      0.925     0.115     1.658     2.014
   139   1 H      0.924     0.147     1.416     1.861
   140   1 H      0.926     0.101     1.779     2.086
   141   6 C      2.970     0.039    27.115     8.541
   142   6 C      2.925    -0.024    28.612     8.772
   143   6 C      2.916    -0.026    28.662     8.779
   144   6 C      2.926    -0.026    28.645     8.777
   145   6 C      2.970     0.038    27.140     8.545
   146   6 C      2.935    -0.033    28.826     8.805
   147   1 H      0.926     0.041     2.437     2.441
   148   1 H      0.926     0.034     2.528     2.486
   149   1 H      0.926     0.047     2.360     2.402
   150   1 H      0.926     0.077     2.014     2.219
   151   6 C      1.983    -0.008    31.278     9.032
   152   6 C      1.980    -0.033    31.949     9.128
   153   6 C      2.965     0.049    26.894     8.506
   154   6 C      2.932    -0.006    28.169     8.704
   155   6 C      2.911    -0.029    28.714     8.787
   156   6 C      2.933     0.056    26.752     8.483
   157   7 N      2.667    -0.092    23.042     7.129
   158   6 C      2.897     0.048    26.920     8.507
   159   1 H      0.926     0.083     1.947     2.182
   160   1 H      0.926     0.092     1.856     2.131
   161   1 H      0.924     0.129     1.546     1.945
   162   1 H      0.925     0.137     1.485     1.905

 Mol. C6AA /au·bohr⁶  :     437560.917179
 Mol. C8AA /au·bohr⁸  :   12390683.597011
 Mol. α(0) /au        :       1085.867910


Wiberg/Mayer (AO) data.
largest (>0.10) Wiberg bond orders for each atom
          total WBO             WBO to atom ...
     1  Pd  3.536        N  131 0.594    N   51 0.594    N  117 0.591    N   37 0.590    C  132 0.103    C   52 0.103    C  116 0.101    C   36 0.101
     2  Pd  3.536        N   91 0.594    N   11 0.594    N  157 0.591    N   77 0.590    C   12 0.103    C   92 0.103    C  156 0.101    C   76 0.101
     3  C   3.945        C    4 2.646    C   21 1.129
     4  C   3.954        C    3 2.646    C    5 1.141
     5  C   3.988        C    6 1.439    C   14 1.217    C    4 1.141
     6  C   3.964        C    5 1.439    C    7 1.349    H   15 0.969
     7  C   3.987        C    8 1.532    C    6 1.349    H   16 0.968
     8  C   3.942        C    7 1.532    C    9 1.273    H   17 0.965
     9  C   3.987        C   10 1.287    C    8 1.273    C   14 1.237
    10  C   3.963        N   11 1.455    C    9 1.287    H   18 0.922    C   13 0.103
    11  N   3.534        C   10 1.455    C   12 1.233    Pd   2 0.594
    12  C   3.963        C   13 1.550    N   11 1.233    H   19 0.886    Pd   2 0.103
    13  C   3.981        C   12 1.550    C   14 1.289    H   20 0.955    C   10 0.103
    14  C   3.980        C   13 1.289    C    9 1.237    C    5 1.217
    15  H   0.996        C    6 0.969
    16  H   0.995        C    7 0.968
    17  H   0.994        C    8 0.965
    18  H   0.986        C   10 0.922
    19  H   0.977        C   12 0.886
    20  H   0.989        C   13 0.955
    21  C   3.988        C   26 1.370    C   22 1.344    C    3 1.129
    22  C   3.939        C   23 1.447    C   21 1.344    H   27 0.971
    23  C   3.991        C   24 1.448    C   22 1.447    H   28 0.969
    24  C   3.939        C   23 1.448    C   25 1.342    H   29 0.970
    25  C   3.987        C   26 1.370    C   24 1.342    C   31 1.130
    26  C   3.953        C   21 1.370    C   25 1.370    H   30 0.966
    27  H   0.998        C   22 0.971
    28  H   0.997        C   23 0.969
    29  H   0.998        C   24 0.970
    30  H   0.994        C   26 0.966
    31  C   3.947        C   32 2.648    C   25 1.130
    32  C   3.952        C   31 2.648    C   33 1.138
    33  C   3.985        C   38 1.347    C   34 1.341    C   32 1.138
    34  C   3.965        C   35 1.452    C   33 1.341    H   39 0.964
    35  C   3.981        C   34 1.452    C   36 1.427    H   40 0.961
    36  C   3.933        C   35 1.427    N   37 1.338    H   41 0.896    Pd   1 0.101
    37  N   3.539        C   38 1.373    C   36 1.338    Pd   1 0.590
    38  C   3.948        N   37 1.373    C   33 1.347    H   42 0.917
    39  H   0.991        C   34 0.964
    40  H   0.990        C   35 0.961
    41  H   0.983        C   36 0.896
    42  H   0.981        C   38 0.917
    43  C   3.945        C   44 2.646    C   61 1.129
    44  C   3.954        C   43 2.646    C   45 1.141
    45  C   3.988        C   46 1.439    C   54 1.217    C   44 1.141
    46  C   3.964        C   45 1.439    C   47 1.349    H   55 0.969
    47  C   3.987        C   48 1.532    C   46 1.349    H   56 0.968
    48  C   3.942        C   47 1.532    C   49 1.273    H   57 0.965
    49  C   3.987        C   50 1.287    C   48 1.273    C   54 1.237
    50  C   3.963        N   51 1.455    C   49 1.287    H   58 0.922    C   53 0.103
    51  N   3.534        C   50 1.455    C   52 1.233    Pd   1 0.594
    52  C   3.963        C   53 1.550    N   51 1.233    H   59 0.886    Pd   1 0.103
    53  C   3.981        C   52 1.550    C   54 1.290    H   60 0.955    C   50 0.103
    54  C   3.980        C   53 1.290    C   49 1.237    C   45 1.217
    55  H   0.996        C   46 0.969
    56  H   0.995        C   47 0.968
    57  H   0.994        C   48 0.965
    58  H   0.986        C   50 0.922
    59  H   0.977        C   52 0.886
    60  H   0.989        C   53 0.955
    61  C   3.988        C   66 1.370    C   62 1.344    C   43 1.129
    62  C   3.939        C   63 1.447    C   61 1.344    H   67 0.971
    63  C   3.991        C   64 1.448    C   62 1.447    H   68 0.969
    64  C   3.939        C   63 1.448    C   65 1.342    H   69 0.970
    65  C   3.987        C   66 1.370    C   64 1.342    C   71 1.130
    66  C   3.953        C   61 1.370    C   65 1.370    H   70 0.966
    67  H   0.998        C   62 0.971
    68  H   0.997        C   63 0.969
    69  H   0.998        C   64 0.970
    70  H   0.994        C   66 0.966
    71  C   3.947        C   72 2.647    C   65 1.130
    72  C   3.952        C   71 2.647    C   73 1.138
    73  C   3.985        C   78 1.347    C   74 1.341    C   72 1.138
    74  C   3.965        C   75 1.452    C   73 1.341    H   79 0.964
    75  C   3.981        C   74 1.452    C   76 1.427    H   80 0.961
    76  C   3.933        C   75 1.427    N   77 1.337    H   81 0.896    Pd   2 0.101
    77  N   3.539        C   78 1.374    C   76 1.337    Pd   2 0.590
    78  C   3.948        N   77 1.374    C   73 1.347    H   82 0.917
    79  H   0.991        C   74 0.964
    80  H   0.990        C   75 0.961
    81  H   0.983        C   76 0.896
    82  H   0.981        C   78 0.917
    83  C   3.945        C   84 2.646    C  101 1.129
    84  C   3.954        C   83 2.646    C   85 1.141
    85  C   3.988        C   86 1.439    C   94 1.217    C   84 1.141
    86  C   3.964        C   85 1.439    C   87 1.349    H   95 0.969
    87  C   3.987        C   88 1.532    C   86 1.349    H   96 0.968
    88  C   3.942        C   87 1.532    C   89 1.273    H   97 0.965
    89  C   3.987        C   90 1.287    C   88 1.273    C   94 1.237
    90  C   3.963        N   91 1.455    C   89 1.287    H   98 0.922    C   93 0.103
    91  N   3.534        C   90 1.455    C   92 1.233    Pd   2 0.594
    92  C   3.963        C   93 1.550    N   91 1.233    H   99 0.886    Pd   2 0.103
    93  C   3.981        C   92 1.550    C   94 1.290    H  100 0.955    C   90 0.103
    94  C   3.980        C   93 1.290    C   89 1.237    C   85 1.217
    95  H   0.996        C   86 0.969
    96  H   0.995        C   87 0.968
    97  H   0.994        C   88 0.965
    98  H   0.986        C   90 0.922
    99  H   0.977        C   92 0.886
   100  H   0.989        C   93 0.955
   101  C   3.988        C  106 1.370    C  102 1.344    C   83 1.129
   102  C   3.939        C  103 1.447    C  101 1.344    H  107 0.971
   103  C   3.991        C  104 1.448    C  102 1.447    H  108 0.969
   104  C   3.939        C  103 1.448    C  105 1.342    H  109 0.970
   105  C   3.987        C  106 1.370    C  104 1.342    C  111 1.130
   106  C   3.953        C  101 1.370    C  105 1.370    H  110 0.966
   107  H   0.998        C  102 0.971
   108  H   0.997        C  103 0.969
   109  H   0.998        C  104 0.970
   110  H   0.994        C  106 0.966
   111  C   3.947        C  112 2.647    C  105 1.130
   112  C   3.952        C  111 2.647    C  113 1.138
   113  C   3.985        C  118 1.347    C  114 1.341    C  112 1.138
   114  C   3.965        C  115 1.452    C  113 1.341    H  119 0.964
   115  C   3.981        C  114 1.452    C  116 1.427    H  120 0.961
   116  C   3.933        C  115 1.427    N  117 1.338    H  121 0.896    Pd   1 0.101
   117  N   3.539        C  118 1.373    C  116 1.338    Pd   1 0.591
   118  C   3.948        N  117 1.373    C  113 1.347    H  122 0.917
   119  H   0.991        C  114 0.964
   120  H   0.990        C  115 0.961
   121  H   0.983        C  116 0.896
   122  H   0.981        C  118 0.917
   123  C   3.945        C  124 2.645    C  141 1.129
   124  C   3.954        C  123 2.645    C  125 1.141
   125  C   3.988        C  126 1.439    C  134 1.216    C  124 1.141
   126  C   3.964        C  125 1.439    C  127 1.349    H  135 0.969
   127  C   3.987        C  128 1.532    C  126 1.349    H  136 0.968
   128  C   3.942        C  127 1.532    C  129 1.273    H  137 0.965
   129  C   3.987        C  130 1.287    C  128 1.273    C  134 1.237
   130  C   3.963        N  131 1.455    C  129 1.287    H  138 0.922    C  133 0.103
   131  N   3.534        C  130 1.455    C  132 1.233    Pd   1 0.594
   132  C   3.963        C  133 1.550    N  131 1.233    H  139 0.886    Pd   1 0.103
   133  C   3.981        C  132 1.550    C  134 1.290    H  140 0.955    C  130 0.103
   134  C   3.980        C  133 1.290    C  129 1.237    C  125 1.216
   135  H   0.996        C  126 0.969
   136  H   0.995        C  127 0.968
   137  H   0.994        C  128 0.965
   138  H   0.986        C  130 0.922
   139  H   0.977        C  132 0.886
   140  H   0.989        C  133 0.955
   141  C   3.988        C  146 1.370    C  142 1.344    C  123 1.129
   142  C   3.939        C  143 1.447    C  141 1.344    H  147 0.971
   143  C   3.991        C  144 1.448    C  142 1.447    H  148 0.969
   144  C   3.939        C  143 1.448    C  145 1.342    H  149 0.970
   145  C   3.987        C  146 1.370    C  144 1.342    C  151 1.130
   146  C   3.953        C  141 1.370    C  145 1.370    H  150 0.966
   147  H   0.998        C  142 0.971
   148  H   0.997        C  143 0.969
   149  H   0.998        C  144 0.970
   150  H   0.994        C  146 0.966
   151  C   3.947        C  152 2.647    C  145 1.130
   152  C   3.952        C  151 2.647    C  153 1.138
   153  C   3.985        C  158 1.347    C  154 1.341    C  152 1.138
   154  C   3.965        C  155 1.452    C  153 1.341    H  159 0.964
   155  C   3.981        C  154 1.452    C  156 1.427    H  160 0.961
   156  C   3.933        C  155 1.427    N  157 1.337    H  161 0.896    Pd   2 0.101
   157  N   3.539        C  158 1.373    C  156 1.337    Pd   2 0.591
   158  C   3.948        N  157 1.373    C  153 1.347    H  162 0.917
   159  H   0.991        C  154 0.964
   160  H   0.990        C  155 0.961
   161  H   0.983        C  156 0.896
   162  H   0.981        C  158 0.917

molecular dipole:
                 x           y           z       tot (Debye)
 q only:       -3.968      -1.164      -1.058
   full:       -3.964      -1.164      -1.057      10.840
molecular quadrupole (traceless):
                xx          xy          yy          xz          yz          zz
 q only:     -150.158       5.921     305.270       0.262      17.676    -155.111
  q+dip:     -166.317       6.386     337.547      -0.307      19.494    -171.231
   full:     -151.139       5.964     307.234      -0.027      17.788    -156.096

           -------------------------------------------------
          |               Frequency Printout                |
           -------------------------------------------------
 projected vibrational frequencies (cm-1)
eigval :       -0.00    -0.00    -0.00     0.00     0.00     0.00
eigval :        5.45     7.00     7.18     8.48    11.28    15.39
eigval :       15.43    18.28    18.31    18.71    21.83    23.56
eigval :       23.67    29.27    29.53    40.38    43.38    44.28
eigval :       44.38    44.53    50.91    53.50    54.03    55.74
eigval :       55.85    55.96    60.61    60.95    65.06    77.97
eigval :       83.33    83.39    92.02    92.48    95.14   100.24
eigval :      101.43   102.09   104.42   104.63   112.46   117.36
eigval :      117.48   117.89   125.50   127.49   129.78   130.50
eigval :      137.06   138.13   140.29   140.62   140.76   145.50
eigval :      166.35   166.50   172.55   172.73   172.81   173.29
eigval :      173.37   180.20   196.27   196.50   212.77   215.40
eigval :      215.46   218.81   225.08   225.18   242.44   246.39
eigval :      250.68   250.90   260.70   263.09   263.13   264.12
eigval :      272.71   272.87   273.26   276.66   276.71   277.56
eigval :      287.09   287.96   300.21   300.27   329.48   331.92
eigval :      332.51   332.88   335.52   335.57   339.46   340.47
eigval :      340.78   341.35   346.02   346.07   378.22   378.24
eigval :      392.91   392.96   392.99   393.07   397.03   397.05
eigval :      417.94   418.07   418.11   418.15   435.90   435.99
eigval :      436.17   436.71   445.00   445.03   451.89   451.90
eigval :      455.06   455.12   456.44   456.51   475.97   476.03
eigval :      477.80   477.86   486.85   486.86   487.44   487.80
eigval :      499.42   499.63   499.90   499.93   508.55   508.77
eigval :      520.25   520.37   523.00   523.68   524.57   524.61
eigval :      528.56   529.45   530.80   530.82   537.74   538.41
eigval :      541.30   541.32   574.47   574.53   575.42   576.17
eigval :      576.37   576.54   577.04   577.18   611.76   612.06
eigval :      617.74   617.79   623.38   623.43   629.93   629.94
eigval :      647.55   647.63   647.76   648.07   660.03   660.74
eigval :      660.77   660.80   666.34   666.39   669.83   669.86
eigval :      716.84   717.92   717.94   718.03   724.87   724.93
eigval :      726.06   726.11   770.64   771.33   774.99   775.16
eigval :      778.78   779.09   779.39   780.38   786.55   786.88
eigval :      787.16   787.44   796.08   796.13   798.94   798.95
eigval :      811.78   811.89   813.46   813.50   814.04   814.25
eigval :      817.72   817.92   848.17   848.24   851.59   851.66
eigval :      856.90   857.15   857.42   857.63   860.65   861.22
eigval :      862.93   863.39   876.74   878.45   882.48   882.54
eigval :      888.06   888.13   889.98   890.19   891.77   892.31
eigval :      893.01   893.32   896.07   896.09   896.53   896.58
eigval :      896.84   897.24   897.37   897.44   930.87   931.73
eigval :      931.74   931.92   934.18   934.29   934.42   934.55
eigval :      934.59   934.87   935.04   935.15   945.56   947.76
eigval :      949.44   949.47   983.62   983.96   984.70   984.72
eigval :     1002.44  1003.55  1003.58  1003.59  1047.70  1047.90
eigval :     1047.94  1048.15  1071.16  1071.37  1072.39  1072.41
eigval :     1083.28  1083.33  1083.57  1083.65  1108.71  1108.96
eigval :     1109.07  1109.31  1118.78  1118.79  1121.04  1121.12
eigval :     1123.98  1124.13  1124.35  1124.53  1136.03  1136.29
eigval :     1136.32  1137.76  1153.03  1153.06  1154.91  1158.95
eigval :     1166.72  1166.78  1169.25  1170.76  1181.72  1181.89
eigval :     1181.92  1183.20  1184.70  1184.78  1184.87  1184.95
eigval :     1194.40  1194.99  1195.11  1197.24  1214.99  1216.20
eigval :     1216.30  1217.65  1217.84  1217.88  1218.19  1218.21
eigval :     1226.96  1226.98  1230.54  1232.38  1243.90  1244.00
eigval :     1244.04  1244.36  1285.62  1285.63  1286.80  1287.92
eigval :     1292.44  1292.45  1294.57  1294.76  1310.85  1311.07
eigval :     1311.10  1312.09  1313.12  1313.18  1313.33  1313.62
eigval :     1323.55  1323.59  1324.75  1325.20  1348.55  1348.67
eigval :     1351.26  1352.08  1369.48  1369.76  1370.16  1370.23
eigval :     1378.29  1378.34  1381.63  1381.89  1400.38  1400.41
eigval :     1400.70  1400.87  1405.33  1405.79  1405.93  1405.96
eigval :     1425.82  1425.88  1425.90  1426.13  1451.04  1451.07
eigval :     1452.07  1452.18  1463.04  1463.07  1464.37  1464.47
eigval :     1473.28  1473.33  1473.74  1473.81  1525.28  1525.37
eigval :     1527.03  1527.12  1536.67  1536.75  1537.19  1537.29
eigval :     1543.51  1543.57  1543.65  1543.68  1555.61  1555.74
eigval :     1555.84  1555.87  1557.69  1558.17  1558.84  1558.86
eigval :     1566.62  1566.89  1567.00  1567.02  1573.87  1573.98
eigval :     1574.01  1574.03  2307.25  2307.53  2307.77  2307.97
eigval :     2310.76  2310.99  2311.40  2311.45  2928.86  2929.24
eigval :     2933.57  2933.95  2945.44  2945.97  2949.52  2949.98
eigval :     3015.98  3016.27  3016.46  3017.21  3019.72  3019.93
eigval :     3020.73  3020.87  3079.98  3080.38  3080.41  3080.60
eigval :     3092.63  3093.25  3093.40  3093.48  3093.49  3093.67
eigval :     3093.84  3094.23  3099.16  3099.66  3099.93  3100.49
eigval :     3102.04  3102.08  3102.12  3102.21  3107.43  3107.90
eigval :     3107.91  3108.03  3108.55  3108.66  3108.75  3108.90
eigval :     3109.59  3109.77  3109.82  3110.36  3116.59  3116.80
eigval :     3116.93  3116.94  3118.50  3118.75  3118.79  3118.81
 reduced masses (amu)
   1: 19.67   2: 19.66   3: 21.24   4: 22.57   5: 22.83   6: 24.25   7: 11.46   8: 16.25
   9: 16.17  10: 11.51  11: 11.12  12: 13.81  13: 13.77  14: 18.98  15: 19.17  16: 32.93
  17: 11.18  18: 18.20  19: 10.95  20: 14.39  21: 14.50  22: 10.43  23: 10.69  24: 31.94
  25: 11.68  26: 10.72  27: 10.50  28: 10.92  29: 10.95  30: 14.23  31: 13.71  32: 11.85
  33: 11.01  34: 11.40  35: 13.27  36: 22.78  37: 12.26  38: 12.23  39: 13.83  40: 13.76
  41: 12.93  42: 10.56  43: 14.87  44: 10.62  45: 15.45  46: 15.41  47: 12.02  48: 12.69
  49: 12.73  50: 11.98  51: 10.94  52: 10.63  53: 10.69  54: 10.72  55: 10.82  56: 11.70
  57: 11.19  58: 13.36  59: 13.76  60: 13.90  61: 15.88  62: 15.85  63: 10.34  64: 10.37
  65: 10.35  66: 12.02  67: 10.80  68: 13.79  69: 30.48  70: 30.39  71: 32.25  72: 11.19
  73: 11.18  74: 33.59  75: 16.93  76: 16.81  77: 30.69  78: 32.96  79: 45.97  80: 45.75
  81: 10.27  82: 17.00  83: 17.09  84: 10.44  85: 24.83  86: 25.05  87: 10.50  88: 11.47
  89: 11.51  90: 10.59  91: 16.34  92: 16.98  93: 42.18  94: 42.14  95: 10.82  96: 10.86
  97: 12.34  98: 12.31  99: 13.20 100: 13.21 101: 10.49 102: 10.79 103: 10.61 104: 10.61
 105: 14.11 106: 14.10 107:  9.95 108:  9.95 109:  9.46 110:  9.46 111:  9.46 112:  9.46
 113: 13.37 114: 13.38 115: 11.87 116: 11.87 117: 11.87 118: 11.87 119: 10.22 120: 10.23
 121: 10.23 122: 10.23 123: 10.24 124: 10.25 125: 11.48 126: 11.48 127: 11.63 128: 11.64
 129: 11.64 130: 11.64 131: 11.76 132: 11.76 133: 11.39 134: 11.39 135: 11.82 136: 11.83
 137: 11.54 138: 11.57 139: 11.27 140: 11.30 141: 11.48 142: 11.48 143: 11.10 144: 11.11
 145: 11.89 146: 11.88 147: 11.49 148: 11.50 149: 11.98 150: 11.99 151: 11.57 152: 11.56
 153: 12.26 154: 12.27 155: 10.83 156: 10.84 157: 11.21 158: 11.21 159: 11.62 160: 11.62
 161: 11.43 162: 11.44 163: 11.67 164: 11.90 165: 12.23 166: 12.00 167: 10.46 168: 10.46
 169: 10.81 170: 10.82 171: 11.86 172: 11.86 173: 12.81 174: 12.81 175:  9.13 176:  9.11
 177:  9.11 178:  9.12 179: 11.37 180: 11.44 181: 11.44 182: 11.39 183:  9.28 184:  9.28
 185:  9.47 186:  9.47 187: 11.43 188: 11.55 189: 11.55 190: 11.45 191: 10.63 192: 10.61
 193: 10.78 194: 10.76 195:  4.79 196:  4.89 197:  4.77 198:  4.77 199:  4.31 200:  4.25
 201:  4.30 202:  4.33 203:  4.66 204:  4.68 205:  4.66 206:  4.67 207: 11.19 208: 11.15
 209: 11.25 210: 11.25 211: 11.56 212: 11.60 213: 11.52 214: 11.42 215:  3.83 216:  3.73
 217:  3.97 218:  3.94 219:  4.35 220:  4.33 221:  4.07 222:  4.07 223:  3.61 224:  3.61
 225:  3.61 226:  3.61 227:  4.40 228:  4.39 229:  4.16 230:  4.16 231: 11.15 232: 11.15
 233: 11.28 234: 11.28 235:  3.77 236:  3.75 237:  3.77 238:  3.76 239:  3.45 240:  3.44
 241:  3.42 242:  3.40 243:  4.01 244:  4.01 245:  4.02 246:  4.03 247:  4.05 248:  4.04
 249:  4.02 250:  4.05 251:  3.83 252:  3.81 253:  3.82 254:  3.82 255:  3.57 256:  3.52
 257:  3.64 258:  3.53 259:  3.53 260:  3.67 261:  3.68 262:  3.69 263: 10.87 264: 10.85
 265: 10.87 266: 10.87 267: 11.21 268: 11.22 269: 11.23 270: 11.23 271: 10.51 272: 10.45
 273: 10.60 274: 10.61 275:  9.09 276:  9.21 277:  9.22 278:  9.00 279:  7.34 280:  7.35
 281:  7.31 282:  7.31 283:  6.67 284:  6.66 285:  6.73 286:  6.75 287:  5.94 288:  5.94
 289:  5.94 290:  5.95 291:  3.69 292:  3.70 293:  3.80 294:  3.83 295:  4.40 296:  4.39
 297:  4.28 298:  4.32 299:  5.67 300:  5.56 301:  5.56 302:  5.81 303:  3.15 304:  3.15
 305:  2.94 306:  2.74 307:  1.84 308:  1.84 309:  2.28 310:  1.89 311:  3.78 312:  3.68
 313:  3.64 314:  3.65 315:  1.94 316:  1.97 317:  1.89 318:  1.90 319:  6.07 320:  6.51
 321:  6.48 322:  6.39 323:  3.91 324:  4.38 325:  4.42 326:  4.90 327:  7.28 328:  7.24
 329:  7.37 330:  7.00 331:  3.23 332:  3.23 333:  3.18 334:  3.39 335:  3.85 336:  3.85
 337:  3.84 338:  3.82 339:  6.95 340:  6.95 341:  6.95 342:  6.92 343: 12.06 344: 12.07
 345: 12.08 346: 12.10 347:  9.42 348:  9.44 349:  9.43 350:  9.93 351: 11.75 352: 11.75
 353: 11.76 354: 11.29 355:  9.89 356:  9.90 357:  9.94 358:  9.85 359:  9.93 360:  9.93
 361:  9.89 362:  9.82 363:  9.94 364:  9.93 365: 10.07 366: 10.07 367: 10.36 368: 10.36
 369: 10.29 370: 10.28 371: 11.26 372: 11.26 373: 11.29 374: 11.30 375: 10.02 376: 10.01
 377: 10.02 378: 10.03 379:  9.75 380:  9.72 381:  9.72 382:  9.71 383: 10.96 384: 10.96
 385: 10.99 386: 10.98 387: 11.27 388: 11.27 389: 11.27 390: 11.26 391: 10.76 392: 10.76
 393: 10.80 394: 10.79 395: 11.54 396: 11.54 397: 11.55 398: 11.55 399: 11.66 400: 11.66
 401: 11.66 402: 11.66 403: 11.67 404: 11.67 405: 11.64 406: 11.65 407: 11.45 408: 11.45
 409: 11.44 410: 11.45 411: 11.70 412: 11.71 413: 11.66 414: 11.65 415: 11.55 416: 11.57
 417: 11.58 418: 11.57 419: 11.51 420: 11.52 421: 11.52 422: 11.52 423: 12.01 424: 12.01
 425: 12.01 426: 12.01 427: 12.01 428: 12.01 429: 12.01 430: 12.01 431:  1.87 432:  1.87
 433:  1.86 434:  1.86 435:  1.86 436:  1.86 437:  1.85 438:  1.85 439:  1.84 440:  1.84
 441:  1.84 442:  1.84 443:  1.85 444:  1.85 445:  1.85 446:  1.85 447:  1.78 448:  1.78
 449:  1.77 450:  1.77 451:  1.83 452:  1.83 453:  1.84 454:  1.78 455:  1.78 456:  1.78
 457:  1.78 458:  1.84 459:  1.89 460:  1.89 461:  1.89 462:  1.89 463:  1.84 464:  1.84
 465:  1.84 466:  1.84 467:  1.81 468:  1.82 469:  1.83 470:  1.81 471:  1.81 472:  1.83
 473:  1.83 474:  1.83 475:  1.90 476:  1.90 477:  1.90 478:  1.90 479:  1.85 480:  1.85
 481:  1.85 482:  1.85 483:  1.90 484:  1.90 485:  1.90 486:  1.90
 IR intensities (amu)
   1:  0.44   2:  0.32   3:  0.67   4:  0.36   5:  0.22   6:  0.71   7:  0.07   8:  0.54
   9:  0.54  10:  0.12  11:  0.07  12:  0.18  13:  0.19  14:  0.04  15:  0.04  16:  0.00
  17:  0.01  18:  0.00  19:  0.02  20:  0.20  21:  0.20  22:  0.00  23:  0.00  24:  0.04
  25:  0.02  26:  0.01  27:  0.00  28:  0.01  29:  0.01  30:  0.20  31:  0.18  32:  0.10
  33:  0.00  34:  0.00  35:  0.13  36:  0.00  37:  0.19  38:  0.19  39:  0.22  40:  0.22
  41:  0.01  42:  0.00  43:  0.10  44:  0.00  45:  0.04  46:  0.03  47:  0.02  48:  0.01
  49:  0.01  50:  0.00  51:  0.01  52:  0.02  53:  0.16  54:  0.17  55:  0.02  56:  0.01
  57:  0.19  58:  0.40  59:  0.43  60:  0.03  61:  0.61  62:  0.61  63:  0.04  64:  0.08
  65:  0.07  66:  0.03  67:  0.02  68:  0.00  69:  0.81  70:  0.79  71:  0.00  72:  0.00
  73:  0.00  74:  0.07  75:  0.28  76:  0.28  77:  0.22  78:  0.01  79:  0.98  80:  1.00
  81:  0.01  82:  0.07  83:  0.06  84:  0.02  85:  0.74  86:  0.74  87:  0.05  88:  0.19
  89:  0.20  90:  0.02  91:  0.00  92:  0.15  93:  0.88  94:  0.87  95:  0.01  96:  0.03
  97:  0.22  98:  0.22  99:  0.15 100:  0.15 101:  0.02 102:  0.15 103:  0.10 104:  0.10
 105:  0.06 106:  0.05 107:  0.00 108:  0.00 109:  0.05 110:  0.05 111:  0.05 112:  0.05
 113:  0.17 114:  0.17 115:  0.05 116:  0.05 117:  0.06 118:  0.06 119:  0.00 120:  0.04
 121:  0.03 122:  0.03 123:  0.00 124:  0.00 125:  0.17 126:  0.17 127:  0.18 128:  0.01
 129:  0.15 130:  0.15 131:  0.19 132:  0.19 133:  0.11 134:  0.32 135:  0.24 136:  0.25
 137:  0.01 138:  0.48 139:  0.17 140:  0.02 141:  0.20 142:  0.20 143:  0.00 144:  0.00
 145:  0.06 146:  0.05 147:  0.01 148:  0.41 149:  0.25 150:  0.25 151:  0.14 152:  0.00
 153:  0.13 154:  0.13 155:  0.00 156:  0.00 157:  0.01 158:  0.01 159:  0.05 160:  0.14
 161:  0.02 162:  0.08 163:  0.36 164:  0.49 165:  0.55 166:  0.43 167:  0.00 168:  0.01
 169:  0.19 170:  0.20 171:  0.15 172:  0.01 173:  0.46 174:  0.46 175:  0.00 176:  0.01
 177:  0.01 178:  0.01 179:  0.00 180:  0.11 181:  0.11 182:  0.10 183:  0.01 184:  0.01
 185:  0.26 186:  0.26 187:  0.49 188:  0.11 189:  0.11 190:  0.02 191:  0.00 192:  0.00
 193:  0.09 194:  0.09 195:  0.01 196:  0.01 197:  0.25 198:  0.25 199:  0.06 200:  0.03
 201:  0.07 202:  0.01 203:  0.17 204:  0.29 205:  0.31 206:  0.23 207:  0.17 208:  0.04
 209:  0.03 210:  0.04 211:  0.01 212:  0.00 213:  0.45 214:  0.45 215:  0.08 216:  0.04
 217:  0.47 218:  0.47 219:  0.00 220:  0.00 221:  0.06 222:  0.06 223:  0.04 224:  0.08
 225:  0.08 226:  0.06 227:  0.09 228:  0.09 229:  0.00 230:  0.01 231:  0.01 232:  0.23
 233:  0.37 234:  0.36 235:  0.01 236:  0.00 237:  0.03 238:  0.03 239:  0.05 240:  0.05
 241:  0.01 242:  0.00 243:  0.00 244:  0.01 245:  0.00 246:  0.00 247:  0.01 248:  0.01
 249:  0.01 250:  0.01 251:  0.02 252:  0.02 253:  0.02 254:  0.02 255:  0.02 256:  0.01
 257:  0.01 258:  0.02 259:  0.01 260:  0.02 261:  0.02 262:  0.02 263:  0.19 264:  0.00
 265:  0.33 266:  0.33 267:  0.01 268:  0.10 269:  0.38 270:  0.38 271:  0.00 272:  0.04
 273:  0.03 274:  0.03 275:  0.12 276:  0.31 277:  0.32 278:  0.03 279:  0.02 280:  0.04
 281:  0.64 282:  0.64 283:  0.50 284:  0.50 285:  0.44 286:  0.19 287:  0.22 288:  0.22
 289:  0.29 290:  0.26 291:  0.47 292:  0.47 293:  0.17 294:  0.15 295:  0.16 296:  0.16
 297:  0.09 298:  0.09 299:  0.15 300:  0.68 301:  0.68 302:  1.18 303:  0.19 304:  0.19
 305:  0.03 306:  0.00 307:  0.19 308:  0.19 309:  0.02 310:  0.32 311:  0.44 312:  0.65
 313:  0.74 314:  0.04 315:  0.15 316:  0.12 317:  0.16 318:  0.12 319:  0.04 320:  0.88
 321:  0.87 322:  0.12 323:  0.04 324:  0.25 325:  0.24 326:  0.01 327:  0.16 328:  0.17
 329:  0.18 330:  0.06 331:  0.12 332:  0.12 333:  0.00 334:  0.07 335:  0.21 336:  0.17
 337:  0.17 338:  0.03 339:  0.28 340:  0.28 341:  0.01 342:  0.02 343:  0.26 344:  0.26
 345:  0.30 346:  0.01 347:  0.77 348:  0.20 349:  0.22 350:  0.02 351:  0.09 352:  0.04
 353:  0.12 354:  0.01 355:  0.25 356:  0.25 357:  0.42 358:  0.03 359:  0.09 360:  0.09
 361:  0.04 362:  0.49 363:  0.85 364:  0.13 365:  0.69 366:  0.69 367:  0.73 368:  0.73
 369:  0.62 370:  0.04 371:  1.63 372:  1.63 373:  0.56 374:  0.09 375:  0.04 376:  0.65
 377:  0.54 378:  0.54 379:  1.50 380:  0.20 381:  0.25 382:  0.04 383:  0.29 384:  0.29
 385:  0.43 386:  0.02 387:  0.67 388:  0.67 389:  0.07 390:  0.35 391:  0.37 392:  0.37
 393:  0.76 394:  0.33 395:  0.09 396:  0.05 397:  0.74 398:  0.74 399:  0.04 400:  0.05
 401:  1.39 402:  0.76 403:  0.34 404:  2.17 405:  0.82 406:  1.03 407:  0.21 408:  0.37
 409:  0.19 410:  0.37 411:  0.63 412:  0.05 413:  0.86 414:  0.85 415:  0.05 416:  0.44
 417:  0.44 418:  0.43 419:  0.54 420:  0.06 421:  0.15 422:  0.14 423:  1.31 424:  1.50
 425:  0.69 426:  3.47 427:  2.15 428:  2.05 429:  2.27 430:  1.64 431:  0.02 432:  0.01
 433:  0.08 434:  0.18 435:  0.05 436:  0.04 437:  0.14 438:  0.18 439:  0.02 440:  0.02
 441:  0.02 442:  0.02 443:  0.08 444:  0.08 445:  0.07 446:  0.09 447:  0.21 448:  0.22
 449:  0.20 450:  0.20 451:  0.23 452:  0.25 453:  0.26 454:  0.16 455:  0.12 456:  0.13
 457:  0.14 458:  0.24 459:  0.44 460:  0.39 461:  0.51 462:  0.46 463:  0.21 464:  0.23
 465:  0.24 466:  0.24 467:  0.08 468:  0.07 469:  0.05 470:  0.07 471:  0.07 472:  0.02
 473:  0.02 474:  0.02 475:  0.25 476:  0.36 477:  0.31 478:  0.33 479:  0.06 480:  0.07
 481:  0.04 482:  0.06 483:  0.05 484:  0.04 485:  0.06 486:  0.05
 Raman intensities (amu)
   1:  0.00   2:  0.00   3:  0.00   4:  0.00   5:  0.00   6:  0.00   7:  0.00   8:  0.00
   9:  0.00  10:  0.00  11:  0.00  12:  0.00  13:  0.00  14:  0.00  15:  0.00  16:  0.00
  17:  0.00  18:  0.00  19:  0.00  20:  0.00  21:  0.00  22:  0.00  23:  0.00  24:  0.00
  25:  0.00  26:  0.00  27:  0.00  28:  0.00  29:  0.00  30:  0.00  31:  0.00  32:  0.00
  33:  0.00  34:  0.00  35:  0.00  36:  0.00  37:  0.00  38:  0.00  39:  0.00  40:  0.00
  41:  0.00  42:  0.00  43:  0.00  44:  0.00  45:  0.00  46:  0.00  47:  0.00  48:  0.00
  49:  0.00  50:  0.00  51:  0.00  52:  0.00  53:  0.00  54:  0.00  55:  0.00  56:  0.00
  57:  0.00  58:  0.00  59:  0.00  60:  0.00  61:  0.00  62:  0.00  63:  0.00  64:  0.00
  65:  0.00  66:  0.00  67:  0.00  68:  0.00  69:  0.00  70:  0.00  71:  0.00  72:  0.00
  73:  0.00  74:  0.00  75:  0.00  76:  0.00  77:  0.00  78:  0.00  79:  0.00  80:  0.00
  81:  0.00  82:  0.00  83:  0.00  84:  0.00  85:  0.00  86:  0.00  87:  0.00  88:  0.00
  89:  0.00  90:  0.00  91:  0.00  92:  0.00  93:  0.00  94:  0.00  95:  0.00  96:  0.00
  97:  0.00  98:  0.00  99:  0.00 100:  0.00 101:  0.00 102:  0.00 103:  0.00 104:  0.00
 105:  0.00 106:  0.00 107:  0.00 108:  0.00 109:  0.00 110:  0.00 111:  0.00 112:  0.00
 113:  0.00 114:  0.00 115:  0.00 116:  0.00 117:  0.00 118:  0.00 119:  0.00 120:  0.00
 121:  0.00 122:  0.00 123:  0.00 124:  0.00 125:  0.00 126:  0.00 127:  0.00 128:  0.00
 129:  0.00 130:  0.00 131:  0.00 132:  0.00 133:  0.00 134:  0.00 135:  0.00 136:  0.00
 137:  0.00 138:  0.00 139:  0.00 140:  0.00 141:  0.00 142:  0.00 143:  0.00 144:  0.00
 145:  0.00 146:  0.00 147:  0.00 148:  0.00 149:  0.00 150:  0.00 151:  0.00 152:  0.00
 153:  0.00 154:  0.00 155:  0.00 156:  0.00 157:  0.00 158:  0.00 159:  0.00 160:  0.00
 161:  0.00 162:  0.00 163:  0.00 164:  0.00 165:  0.00 166:  0.00 167:  0.00 168:  0.00
 169:  0.00 170:  0.00 171:  0.00 172:  0.00 173:  0.00 174:  0.00 175:  0.00 176:  0.00
 177:  0.00 178:  0.00 179:  0.00 180:  0.00 181:  0.00 182:  0.00 183:  0.00 184:  0.00
 185:  0.00 186:  0.00 187:  0.00 188:  0.00 189:  0.00 190:  0.00 191:  0.00 192:  0.00
 193:  0.00 194:  0.00 195:  0.00 196:  0.00 197:  0.00 198:  0.00 199:  0.00 200:  0.00
 201:  0.00 202:  0.00 203:  0.00 204:  0.00 205:  0.00 206:  0.00 207:  0.00 208:  0.00
 209:  0.00 210:  0.00 211:  0.00 212:  0.00 213:  0.00 214:  0.00 215:  0.00 216:  0.00
 217:  0.00 218:  0.00 219:  0.00 220:  0.00 221:  0.00 222:  0.00 223:  0.00 224:  0.00
 225:  0.00 226:  0.00 227:  0.00 228:  0.00 229:  0.00 230:  0.00 231:  0.00 232:  0.00
 233:  0.00 234:  0.00 235:  0.00 236:  0.00 237:  0.00 238:  0.00 239:  0.00 240:  0.00
 241:  0.00 242:  0.00 243:  0.00 244:  0.00 245:  0.00 246:  0.00 247:  0.00 248:  0.00
 249:  0.00 250:  0.00 251:  0.00 252:  0.00 253:  0.00 254:  0.00 255:  0.00 256:  0.00
 257:  0.00 258:  0.00 259:  0.00 260:  0.00 261:  0.00 262:  0.00 263:  0.00 264:  0.00
 265:  0.00 266:  0.00 267:  0.00 268:  0.00 269:  0.00 270:  0.00 271:  0.00 272:  0.00
 273:  0.00 274:  0.00 275:  0.00 276:  0.00 277:  0.00 278:  0.00 279:  0.00 280:  0.00
 281:  0.00 282:  0.00 283:  0.00 284:  0.00 285:  0.00 286:  0.00 287:  0.00 288:  0.00
 289:  0.00 290:  0.00 291:  0.00 292:  0.00 293:  0.00 294:  0.00 295:  0.00 296:  0.00
 297:  0.00 298:  0.00 299:  0.00 300:  0.00 301:  0.00 302:  0.00 303:  0.00 304:  0.00
 305:  0.00 306:  0.00 307:  0.00 308:  0.00 309:  0.00 310:  0.00 311:  0.00 312:  0.00
 313:  0.00 314:  0.00 315:  0.00 316:  0.00 317:  0.00 318:  0.00 319:  0.00 320:  0.00
 321:  0.00 322:  0.00 323:  0.00 324:  0.00 325:  0.00 326:  0.00 327:  0.00 328:  0.00
 329:  0.00 330:  0.00 331:  0.00 332:  0.00 333:  0.00 334:  0.00 335:  0.00 336:  0.00
 337:  0.00 338:  0.00 339:  0.00 340:  0.00 341:  0.00 342:  0.00 343:  0.00 344:  0.00
 345:  0.00 346:  0.00 347:  0.00 348:  0.00 349:  0.00 350:  0.00 351:  0.00 352:  0.00
 353:  0.00 354:  0.00 355:  0.00 356:  0.00 357:  0.00 358:  0.00 359:  0.00 360:  0.00
 361:  0.00 362:  0.00 363:  0.00 364:  0.00 365:  0.00 366:  0.00 367:  0.00 368:  0.00
 369:  0.00 370:  0.00 371:  0.00 372:  0.00 373:  0.00 374:  0.00 375:  0.00 376:  0.00
 377:  0.00 378:  0.00 379:  0.00 380:  0.00 381:  0.00 382:  0.00 383:  0.00 384:  0.00
 385:  0.00 386:  0.00 387:  0.00 388:  0.00 389:  0.00 390:  0.00 391:  0.00 392:  0.00
 393:  0.00 394:  0.00 395:  0.00 396:  0.00 397:  0.00 398:  0.00 399:  0.00 400:  0.00
 401:  0.00 402:  0.00 403:  0.00 404:  0.00 405:  0.00 406:  0.00 407:  0.00 408:  0.00
 409:  0.00 410:  0.00 411:  0.00 412:  0.00 413:  0.00 414:  0.00 415:  0.00 416:  0.00
 417:  0.00 418:  0.00 419:  0.00 420:  0.00 421:  0.00 422:  0.00 423:  0.00 424:  0.00
 425:  0.00 426:  0.00 427:  0.00 428:  0.00 429:  0.00 430:  0.00 431:  0.00 432:  0.00
 433:  0.00 434:  0.00 435:  0.00 436:  0.00 437:  0.00 438:  0.00 439:  0.00 440:  0.00
 441:  0.00 442:  0.00 443:  0.00 444:  0.00 445:  0.00 446:  0.00 447:  0.00 448:  0.00
 449:  0.00 450:  0.00 451:  0.00 452:  0.00 453:  0.00 454:  0.00 455:  0.00 456:  0.00
 457:  0.00 458:  0.00 459:  0.00 460:  0.00 461:  0.00 462:  0.00 463:  0.00 464:  0.00
 465:  0.00 466:  0.00 467:  0.00 468:  0.00 469:  0.00 470:  0.00 471:  0.00 472:  0.00
 473:  0.00 474:  0.00 475:  0.00 476:  0.00 477:  0.00 478:  0.00 479:  0.00 480:  0.00
 481:  0.00 482:  0.00 483:  0.00 484:  0.00 485:  0.00 486:  0.00
 output can be read by thermo (or use thermo option).
 writing <g98.out> molden fake output.
 recommended (thermochemical) frequency scaling factor: 1.0
           -------------------------------------------------
          |             Thermodynamic Functions             |
           -------------------------------------------------

Refinement of some symmetry elements was terminated before convergence was reached.
Some symmetry elements may remain unidentified.
Molecule has the following symmetry elements: 2*(C2) 
WARNING: These symmetry elements match no point group I know of. Sorry.
Trying fallback mode to highest recognized Axis...
c2  symmetry found (for desy threshold:  0.10E+00) used in thermo

          ...................................................
          :                      SETUP                      :
          :.................................................:
          :  # frequencies                         480      :
          :  # imaginary freq.                       0      :
          :  linear?                             false      :
          :  only rotor calc.                    false      :
          :  symmetry                               c2      :
          :  rotational number                       2      :
          :  scaling factor                  1.0000000      :
          :  rotor cutoff                   50.0000000 cm⁻¹ :
          :  imag. cutoff                  -20.0000000 cm⁻¹ :
          :.................................................:

    mode    ω/cm⁻¹     T·S(HO)/kcal·mol⁻¹    T·S(FR)/kcal·mol⁻¹   T·S(vib)
   ------------------------------------------------------------------------
       1      5.45    -2.74843 (  0.01%)    -1.71330 ( 99.99%)    -1.71345
       2      7.00    -2.59989 (  0.04%)    -1.63903 ( 99.96%)    -1.63940
       3      7.18    -2.58459 (  0.04%)    -1.63138 ( 99.96%)    -1.63179
       4      8.48    -2.48586 (  0.08%)    -1.58202 ( 99.92%)    -1.58276
       5     11.28    -2.31737 (  0.26%)    -1.49775 ( 99.74%)    -1.49987
       6     15.39    -2.13295 (  0.89%)    -1.40552 ( 99.11%)    -1.41200
       7     15.43    -2.13172 (  0.90%)    -1.40490 ( 99.10%)    -1.41143
       8     18.28    -2.03137 (  1.75%)    -1.35470 ( 98.25%)    -1.36657
       9     18.31    -2.03020 (  1.77%)    -1.35412 ( 98.23%)    -1.36606
      10     18.71    -2.01753 (  1.92%)    -1.34778 ( 98.08%)    -1.36065
      11     21.83    -1.92607 (  3.51%)    -1.30201 ( 96.49%)    -1.32390
      12     23.56    -1.88097 (  4.70%)    -1.27944 ( 95.30%)    -1.30771
      13     23.67    -1.87827 (  4.78%)    -1.27809 ( 95.22%)    -1.30679
      14     29.27    -1.75256 ( 10.51%)    -1.21515 ( 89.49%)    -1.27164
      15     29.53    -1.74746 ( 10.84%)    -1.21259 ( 89.16%)    -1.27058
      16     40.38    -1.56248 ( 29.83%)    -1.11988 ( 70.17%)    -1.25193
      17     43.38    -1.52014 ( 36.16%)    -1.09864 ( 63.84%)    -1.25106
      18     44.28    -1.50794 ( 38.09%)    -1.09252 ( 61.91%)    -1.25075
      19     44.38    -1.50659 ( 38.31%)    -1.09185 ( 61.69%)    -1.25072
      20     44.53    -1.50462 ( 38.62%)    -1.09086 ( 61.38%)    -1.25066
      21     50.91    -1.42563 ( 51.81%)    -1.05119 ( 48.19%)    -1.24518
      22     53.50    -1.39644 ( 56.72%)    -1.03652 ( 43.28%)    -1.24067
      23     54.03    -1.39061 ( 57.69%)    -1.03358 ( 42.31%)    -1.23955
      24     55.74    -1.37223 ( 60.70%)    -1.02434 ( 39.30%)    -1.23553
      25     55.85    -1.37113 ( 60.88%)    -1.02379 ( 39.12%)    -1.23526
      26     55.96    -1.36996 ( 61.07%)    -1.02320 ( 38.93%)    -1.23497
      27     60.61    -1.32296 ( 68.35%)    -0.99954 ( 31.65%)    -1.22059
      28     60.95    -1.31964 ( 68.83%)    -0.99787 ( 31.17%)    -1.21935
      29     65.06    -1.28126 ( 74.14%)    -0.97853 ( 25.86%)    -1.20298
      30     77.97    -1.17509 ( 85.54%)    -0.92492 ( 14.46%)    -1.13891
      31     83.33    -1.13621 ( 88.53%)    -0.90523 ( 11.47%)    -1.10971
      32     83.39    -1.13580 ( 88.55%)    -0.90502 ( 11.45%)    -1.10938
      33     92.02    -1.07829 ( 91.98%)    -0.87584 (  8.02%)    -1.06206
      34     92.48    -1.07542 ( 92.13%)    -0.87438 (  7.87%)    -1.05959
      35     95.14    -1.05888 ( 92.91%)    -0.86597 (  7.09%)    -1.04521
      36    100.24    -1.02849 ( 94.17%)    -0.85049 (  5.83%)    -1.01811
      37    101.43    -1.02165 ( 94.42%)    -0.84700 (  5.58%)    -1.01191
      38    102.09    -1.01790 ( 94.56%)    -0.84509 (  5.44%)    -1.00849
      39    104.42    -1.00479 ( 95.01%)    -0.83840 (  4.99%)    -0.99648
      40    104.63    -1.00364 ( 95.04%)    -0.83781 (  4.96%)    -0.99542
      41    112.46    -0.96184 ( 96.24%)    -0.81643 (  3.76%)    -0.95637
      42    117.36    -0.93721 ( 96.81%)    -0.80379 (  3.19%)    -0.93295
      43    117.48    -0.93659 ( 96.82%)    -0.80348 (  3.18%)    -0.93236
      44    117.89    -0.93458 ( 96.87%)    -0.80245 (  3.13%)    -0.93044
      45    125.50    -0.89861 ( 97.54%)    -0.78393 (  2.46%)    -0.89579
      46    127.49    -0.88955 ( 97.69%)    -0.77927 (  2.31%)    -0.88701
      47    129.78    -0.87934 ( 97.84%)    -0.77399 (  2.16%)    -0.87707
      48    130.50    -0.87615 ( 97.89%)    -0.77235 (  2.11%)    -0.87396
      49    137.06    -0.84809 ( 98.26%)    -0.75782 (  1.74%)    -0.84652
      50    138.13    -0.84366 ( 98.31%)    -0.75552 (  1.69%)    -0.84217
      51    140.29    -0.83480 ( 98.41%)    -0.75092 (  1.59%)    -0.83346
      52    140.62    -0.83347 ( 98.43%)    -0.75023 (  1.57%)    -0.83216
      53    140.76    -0.83288 ( 98.43%)    -0.74992 (  1.57%)    -0.83158
      54    145.50    -0.81404 ( 98.62%)    -0.74012 (  1.38%)    -0.81302
      55    166.35    -0.73832 ( 99.19%)    -0.70045 (  0.81%)    -0.73801
      56    166.50    -0.73782 ( 99.19%)    -0.70018 (  0.81%)    -0.73751
      57    172.55    -0.71782 ( 99.30%)    -0.68961 (  0.70%)    -0.71762
      58    172.73    -0.71722 ( 99.30%)    -0.68930 (  0.70%)    -0.71702
      59    172.81    -0.71695 ( 99.30%)    -0.68915 (  0.70%)    -0.71676
      60    173.29    -0.71541 ( 99.31%)    -0.68834 (  0.69%)    -0.71523
      61    173.37    -0.71515 ( 99.31%)    -0.68820 (  0.69%)    -0.71496
      62    180.20    -0.69360 ( 99.41%)    -0.67675 (  0.59%)    -0.69350
      63    196.27    -0.64632 ( 99.58%)    -0.65145 (  0.42%)    -0.64634
      64    196.50    -0.64569 ( 99.58%)    -0.65111 (  0.42%)    -0.64571
      65    212.77    -0.60218 ( 99.70%)    -0.62753 (  0.30%)    -0.60226
      66    215.40    -0.59553 ( 99.71%)    -0.62389 (  0.29%)    -0.59561
      67    215.46    -0.59538 ( 99.71%)    -0.62382 (  0.29%)    -0.59547
      68    218.81    -0.58702 ( 99.73%)    -0.61924 (  0.27%)    -0.58711
      69    225.08    -0.57182 ( 99.76%)    -0.61088 (  0.24%)    -0.57191
      70    225.18    -0.57157 ( 99.76%)    -0.61074 (  0.24%)    -0.57166
      71    242.44    -0.53217 ( 99.82%)    -0.58887 (  0.18%)    -0.53228
      72    246.39    -0.52364 ( 99.83%)    -0.58408 (  0.17%)    -0.52374
      73    250.68    -0.51454 ( 99.84%)    -0.57896 (  0.16%)    -0.51464
      74    250.90    -0.51408 ( 99.84%)    -0.57870 (  0.16%)    -0.51418
      75    260.70    -0.49406 ( 99.86%)    -0.56735 (  0.14%)    -0.49416
      76    263.09    -0.48931 ( 99.87%)    -0.56465 (  0.13%)    -0.48941
      77    263.13    -0.48923 ( 99.87%)    -0.56460 (  0.13%)    -0.48933
      78    264.12    -0.48730 ( 99.87%)    -0.56350 (  0.13%)    -0.48740
      79    272.71    -0.47077 ( 99.89%)    -0.55401 (  0.11%)    -0.47086
      80    272.87    -0.47046 ( 99.89%)    -0.55383 (  0.11%)    -0.47056
      81    273.26    -0.46973 ( 99.89%)    -0.55341 (  0.11%)    -0.46983
      82    276.66    -0.46340 ( 99.89%)    -0.54975 (  0.11%)    -0.46349
      83    276.71    -0.46330 ( 99.89%)    -0.54970 (  0.11%)    -0.46339
      84    277.56    -0.46173 ( 99.89%)    -0.54879 (  0.11%)    -0.46182
      85    287.09    -0.44456 ( 99.91%)    -0.53878 (  0.09%)    -0.44464
      86    287.96    -0.44303 ( 99.91%)    -0.53789 (  0.09%)    -0.44312
   ------------------------------------------------------------------------

   temp. (K)  partition function   enthalpy   heat capacity  entropy
                                   cal/mol     cal/K/mol   cal/K/mol   J/K/mol
 298.15  VIB  0.163E+48            56227.106    354.792    359.221
         ROT  0.436E+09              888.752      2.981     42.513
         INT  0.712E+56            57115.858    357.773    401.734
         TR   0.581E+29             1481.254      4.968     47.836
         TOT                       58597.1119   362.7414   449.5703  1881.0021

       T/K    H(0)-H(T)+PV         H(T)/Eh          T*S/Eh         G(T)/Eh
   ------------------------------------------------------------------------
    298.15    0.933804E-01    0.127416E+01    0.213605E+00    0.106056E+01
   ------------------------------------------------------------------------

         :::::::::::::::::::::::::::::::::::::::::::::::::::::
         ::                  THERMODYNAMIC                  ::
         :::::::::::::::::::::::::::::::::::::::::::::::::::::
         :: total free energy        -264.111703954558 Eh   ::
         ::.................................................::
         :: total energy             -265.172259070675 Eh   ::
         :: zero point energy           1.180780025489 Eh   ::
         :: G(RRHO) w/o ZPVE           -0.120224909373 Eh   ::
         :: G(RRHO) contrib.            1.060555116116 Eh   ::
         :::::::::::::::::::::::::::::::::::::::::::::::::::::

           -------------------------------------------------
          | TOTAL ENERGY             -265.172259070675 Eh   |
          | TOTAL ENTHALPY           -263.898098603455 Eh   |
          | TOTAL FREE ENERGY        -264.111703954558 Eh   |
          | GRADIENT NORM               0.000769659205 Eh/α |
          | HOMO-LUMO GAP               2.086462833921 eV   |
           -------------------------------------------------

------------------------------------------------------------------------
 * finished run on 2021/06/21 at 20:27:03.496     
------------------------------------------------------------------------
 total:
 * wall-time:     0 d,  0 h, 13 min, 29.677 sec
 *  cpu-time:     0 d,  0 h, 49 min, 17.566 sec
 * ratio c/w:     3.653 speedup
 SCF:
 * wall-time:     0 d,  0 h,  0 min,  2.395 sec
 *  cpu-time:     0 d,  0 h,  0 min,  8.109 sec
 * ratio c/w:     3.386 speedup
 numerical hessian:
 * wall-time:     0 d,  0 h, 13 min, 18.496 sec
 *  cpu-time:     0 d,  0 h, 49 min,  0.779 sec
 * ratio c/w:     3.683 speedup

