 
       ==============================================
       |                                            |
       |                 C R E S T                  |
       |                                            |
       |  Conformer-Rotamer Ensemble Sampling Tool  |
       |       based on the GFNn-xTB methods        |
       |             P.Pracht, S.Grimme             |
       |          Universitaet Bonn, MCTC           |
       ==============================================
       Version 2.10.1, Thu 28. May 12:50:10 CEST 2020
       Using the xTB program.
       Compatible with XTB version 6.1 and later.
 
   Cite work conducted with this code as

   P. Pracht, F. Bohle, S. Grimme, PCCP, 2020, 22, 7169-7192.

   and

   S. Grimme, JCTC, 2019, 15, 2847-2862.
 
   This program is distributed in the hope that it will be useful,
   but WITHOUT ANY WARRANTY; without even the implied warranty of
   MERCHANTABILITY or FITNESS FOR A PARTICULAR PURPOSE.

 Command line input:
 > /home/atarzia/software/crest/crest longD.xyz -xnam /home/atarzia/software/xtb-6.4.0/bin/xtb -T 4

  -xnam :
     xtb executable was set to: "/home/atarzia/software/xtb-6.4.0/bin/xtb"
  -T 4 (CPUs/Threads selected)
-------------------------
Starting z-matrix sorting
-------------------------
 total number of atoms :          56
 total number of frags :           1
 Fragment            1
   1  H     0.000000      0.0000      0.0000     0    0    0
   2  C     2.052003      0.0000      0.0000     1    0    0
   3  N     2.430507    122.2809      0.0000     2    1    0
   4  C     2.655190    116.7455     -5.1243     3    2    1
   5  C     2.628295    121.0349   -242.7158     4    3    2
   6  C     2.615717    119.6610   -177.3182     5    4    3
   7  C     2.619221    120.5517     -1.4988     6    5    4
   8  C     2.619743    119.7962   -359.0798     7    6    5
   9  C     2.611242    120.1450   -359.3454     8    7    6
  10  H     2.043380    120.7062   -180.7293     9    8    7
  11  H     2.038445    119.6936   -178.8699     8    9    7
  12  H     2.037263    120.0625   -179.3479     7    8    6
  13  H     2.038577    120.0374   -179.5184     6    7    5
  14  H     2.035580    120.8244   -177.5429     5    6    4
  15  C     2.703700    117.1599   -181.3852     2    3    1
  16  N     2.547907    113.1312     -3.9876    15    2    3
  17  C     2.499170    118.0111   -172.3338    16   15    2
  18  C     2.636311    124.1120     -2.3806    17   16   15
  19  C     2.647122    117.3854     -2.7622    18   17   16
  20  C     2.605191    118.9544   -355.3570    19   18   17
  21  H     2.038031    121.1568   -181.9127    20   19   18
  22  H     2.037796    120.3427   -179.8925    19   20   18
  23  C     2.763361    123.2636   -175.7091    18   19   17
  24  C     2.637712    119.8724   -329.0224    23   18   19
  25  C     2.602419    120.7084   -188.0554    24   23   18
  26  C     2.639294    120.7262   -359.9975    25   24   23
  27  C     2.636806    118.5077   -356.2535    26   25   24
  28  C     2.605055    120.6467     -3.7719    27   26   25
  29  H     2.039385    119.0646   -180.4975    28   27   26
  30  H     2.039148    119.3964   -182.3358    27   28   26
  31  C     2.764087    120.7196   -184.3939    26   27   25
  32  C     2.634447    118.5431   -143.4559    31   26   27
  33  N     2.494645    123.7514   -185.3694    32   31   26
  34  C     2.551088    118.8632     -2.6604    33   32   31
  35  C     2.640211    121.3376   -354.4839    34   33   32
  36  C     2.607133    119.2286     -3.5177    35   34   33
  37  H     2.037983    120.2792   -181.2268    36   35   34
  38  H     2.037369    121.0896   -180.3652    35   36   34
  39  C     2.703659    126.0345   -186.3963    34   35   33
  40  N     2.443142    116.6167   -179.2302    39   34   35
  41  C     2.642808    118.5072   -196.0813    40   39   34
  42  C     2.636198    122.0693   -224.6665    41   40   39
  43  C     2.611625    120.2505   -180.7958    42   41   40
  44  C     2.620174    120.4379     -1.2939    43   42   41
  45  C     2.619733    119.6924   -359.7417    44   43   42
  46  C     2.609837    120.2510   -359.2833    45   44   43
  47  H     2.042328    120.4433   -178.6196    46   45   44
  48  H     2.038533    119.6223   -179.5086    45   46   44
  49  H     2.037315    120.1614   -179.7967    44   45   43
  50  H     2.038164    120.0088   -179.5443    43   44   42
  51  H     2.035835    119.7285   -177.8632    42   43   41
  52  H     2.050109    122.5606   -174.3824    39   40   34
  53  H     2.039273    116.0968   -182.4313    32   33   31
  54  H     2.038944    120.2319   -179.7515    25   26   24
  55  H     2.038331    119.1990   -182.3970    24   25   23
  56  H     2.036588    119.2832   -177.1419    17   18   16
 terminated normally
 
 -------------------------
 xTB Geometry Optimization
 -------------------------
 Geometry successfully optimized.
 
------------------------------------------------
Generating MTD length from a flexibility measure
------------------------------------------------
 Calculating WBOs... done.
 flexibility measure :   0.208
 t(MTD) / ps    :     5.0
 Σ(t(MTD)) / ps :    60.0 (+    10.0)
 
-------------------------------------
Starting a trial MTD to test settings
-------------------------------------
 Estimated runtime for one MTD (5.0 ps) on a single thread: 20 min 47 sec
 Estimated runtime for a batch of 14 MTDs on 4 threads: 1 h 23 min 7 sec
 
 list of Vbias parameters applied:
$metadyn    0.00300   1.300
$metadyn    0.00150   1.300
$metadyn    0.00075   1.300
$metadyn    0.00300   0.780
$metadyn    0.00150   0.780
$metadyn    0.00075   0.780
$metadyn    0.00300   0.468
$metadyn    0.00150   0.468
$metadyn    0.00075   0.468
$metadyn    0.00300   0.281
$metadyn    0.00150   0.281
$metadyn    0.00075   0.281
$metadyn    0.00100   0.100
$metadyn    0.00500   0.800
 
*******************************************************************************************
**                        N E W    I T E R A T I O N    C Y C L E                        **
*******************************************************************************************
 
========================================
            MTD Iteration  1
========================================
 
     ========================================
     |         Meta-MD (MTD) Sampling       |
     ========================================
 
Starting Meta-MD  14 with the settings:
     MD time /ps        :     5.0
     dt /fs             :     5.0
     dumpstep(trj) /fs  :     100
     dumpstep(Vbias)/ps :     1.0
     Vbias prefactor(k) :  0.2800
     Vbias exponent(α)  :    0.80
Starting Meta-MD   1 with the settings:
     MD time /ps        :     5.0
     dt /fs             :     5.0
     dumpstep(trj) /fs  :     100
     dumpstep(Vbias)/ps :     1.0
     Vbias prefactor(k) :  0.1680
     Vbias exponent(α)  :    1.30
Starting Meta-MD   2 with the settings:
     MD time /ps        :     5.0
     dt /fs             :     5.0
     dumpstep(trj) /fs  :     100
     dumpstep(Vbias)/ps :     1.0
     Vbias prefactor(k) :  0.0840
     Vbias exponent(α)  :    1.30
Starting Meta-MD   3 with the settings:
     MD time /ps        :     5.0
     dt /fs             :     5.0
     dumpstep(trj) /fs  :     100
     dumpstep(Vbias)/ps :     1.0
     Vbias prefactor(k) :  0.0420
     Vbias exponent(α)  :    1.30
*Meta-MD 3 finished*
Starting Meta-MD   4 with the settings:
     MD time /ps        :     5.0
     dt /fs             :     5.0
     dumpstep(trj) /fs  :     100
     dumpstep(Vbias)/ps :     1.0
     Vbias prefactor(k) :  0.1680
     Vbias exponent(α)  :    0.78
*Meta-MD 14 finished*
Starting Meta-MD  13 with the settings:
     MD time /ps        :     5.0
     dt /fs             :     5.0
     dumpstep(trj) /fs  :     100
     dumpstep(Vbias)/ps :     1.0
     Vbias prefactor(k) :  0.0560
     Vbias exponent(α)  :    0.10
*Meta-MD 2 finished*
Starting Meta-MD   5 with the settings:
     MD time /ps        :     5.0
     dt /fs             :     5.0
     dumpstep(trj) /fs  :     100
     dumpstep(Vbias)/ps :     1.0
     Vbias prefactor(k) :  0.0840
     Vbias exponent(α)  :    0.78
*Meta-MD 1 finished*
Starting Meta-MD   6 with the settings:
     MD time /ps        :     5.0
     dt /fs             :     5.0
     dumpstep(trj) /fs  :     100
     dumpstep(Vbias)/ps :     1.0
     Vbias prefactor(k) :  0.0420
     Vbias exponent(α)  :    0.78
*Meta-MD 5 finished*
Starting Meta-MD   7 with the settings:
     MD time /ps        :     5.0
     dt /fs             :     5.0
     dumpstep(trj) /fs  :     100
     dumpstep(Vbias)/ps :     1.0
     Vbias prefactor(k) :  0.1680
     Vbias exponent(α)  :    0.47
*Meta-MD 4 finished*
Starting Meta-MD   8 with the settings:
     MD time /ps        :     5.0
     dt /fs             :     5.0
     dumpstep(trj) /fs  :     100
     dumpstep(Vbias)/ps :     1.0
     Vbias prefactor(k) :  0.0840
     Vbias exponent(α)  :    0.47
*Meta-MD 6 finished*
Starting Meta-MD   9 with the settings:
     MD time /ps        :     5.0
     dt /fs             :     5.0
     dumpstep(trj) /fs  :     100
     dumpstep(Vbias)/ps :     1.0
     Vbias prefactor(k) :  0.0420
     Vbias exponent(α)  :    0.47
*Meta-MD 13 finished*
Starting Meta-MD  12 with the settings:
     MD time /ps        :     5.0
     dt /fs             :     5.0
     dumpstep(trj) /fs  :     100
     dumpstep(Vbias)/ps :     1.0
     Vbias prefactor(k) :  0.0420
     Vbias exponent(α)  :    0.28
*Meta-MD 9 finished*
Starting Meta-MD  10 with the settings:
     MD time /ps        :     5.0
     dt /fs             :     5.0
     dumpstep(trj) /fs  :     100
     dumpstep(Vbias)/ps :     1.0
     Vbias prefactor(k) :  0.1680
     Vbias exponent(α)  :    0.28
*Meta-MD 7 finished*
Starting Meta-MD  11 with the settings:
     MD time /ps        :     5.0
     dt /fs             :     5.0
     dumpstep(trj) /fs  :     100
     dumpstep(Vbias)/ps :     1.0
     Vbias prefactor(k) :  0.0840
     Vbias exponent(α)  :    0.28
*Meta-MD 8 finished*
*Meta-MD 12 finished*
*Meta-MD 10 finished*
*Meta-MD 11 finished*
 
-----------------------
Multilevel Optimization
-----------------------
 
 -------------------------
 1. crude pre-optimization
 -------------------------
 writing TMPCONF* Dirs from file "crest_rotamers_0.xyz" ... done.
 Starting optimization of generated structures
 686 jobs to do.
 1 2 3 4 5 6 7 8 9 10 11 12 13 14 15 16 17 18 19 20 21 22 23 24 25 26 27 28 29 30 31 32 33 34 35 36 37 38 39 40 41 42 43 44 45 46 47 48 49 50 51 52 53 54 55 56 57 58 59 60 61 62 63 64 65 66 67 68 69 70 71 72 73 74 75 76 77 78 79 80 81 82 83 84 85 86 87 88 89 90 91 92 93 94 95 96 97 98 99 100 101 102 103 104 105 106 107 108 109 110 111 112 113 114 115 116 117 118 119 120 121 122 123 124 125 126 127 128 129 130 131 132 133 134 135 136 137 138 139 140 141 142 143 144 145 146 147 148 149 150 151 152 153 154 155 156 157 158 159 160 161 162 163 164 165 166 167 168 169 170 171 172 173 174 175 176 177 178 179 180 181 182 183 184 185 186 187 188 189 190 191 192 193 194 195 196 197 198 199 200 201 202 203 204 205 206 207 208 209 210 211 212 213 214 215 216 217 218 219 220 221 222 223 224 225 226 227 228 229 230 231 232 233 234 235 236 237 238 239 240 241 242 243 244 245 246 247 248 249 250 251 252 253 254 255 256 257 258 259 260 261 262 263 264 265 266 267 268 269 270 271 272 273 274 275 276 277 278 279 280 281 282 283 284 285 286 287 288 289 290 291 292 293 294 295 296 297 298 299 300 301 302 303 304 305 306 307 308 309 310 311 312 313 314 315 316 317 318 319 320 321 322 323 324 325 326 327 328 329 330 331 332 333 334 335 336 337 338 339 340 341 342 343 344 345 346 347 348 349 350 351 352 353 354 355 356 357 358 359 360 361 362 363 364 365 366 367 368 369 370 371 372 373 374 375 376 377 378 379 380 381 382 383 384 385 386 387 388 389 390 391 392 393 394 395 396 397 398 399 400 401 402 403 404 405 406 407 408 409 410 411 412 413 414 415 416 417 418 419 420 421 422 423 424 425 426 427 428 429 430 431 432 433 434 435 436 437 438 439 440 441 442 443 444 445 446 447 448 449 450 451 452 453 454 455 456 457 458 459 460 461 462 463 464 465 466 467 468 469 470 471 472 473 474 475 476 477 478 479 480 481 482 483 484 485 486 487 488 489 490 491 492 493 494 495 496 497 498 499 500 501 502 503 504 505 506 507 508 509 510 511 512 513 514 515 516 517 518 519 520 521 522 523 524 525 526 527 528 529 530 531 532 533 534 535 536 537 538 539 540 541 542 543 544 545 546 547 548 549 550 551 552 553 554 555 556 557 558 559 560 561 562 563 564 565 566 567 568 569 570 571 572 573 574 575 576 577 578 579 580 581 582 583 584 585 586 587 588 589 590 591 592 593 594 595 596 597 598 599 600 601 602 603 604 605 606 607 608 609 610 611 612 613 614 615 616 617 618 619 620 621 622 623 624 625 626 627 628 629 630 631 632 633 634 635 636 637 638 639 640 641 642 643 644 645 646 647 648 649 650 651 652 653 654 655 656 657 658 659 660 661 662 663 664 665 666 667 668 669 670 671 672 673 674 675 676 677 678 679 680 681 682 683 684 685 686 
 done.
 Now appending opt.xyz file with new structures
 running RMSDs...
 done.
 E lowest :   -87.08530
 542 structures remain within    12.00 kcal/mol window
 
 -------------------------------------
 2. optimization with tight thresholds
 -------------------------------------
 writing TMPCONF* Dirs from file "crest_rotamers_1.xyz" ... done.
 Starting optimization of generated structures
 543 jobs to do.
 1 2 3 4 5 6 7 8 9 10 11 12 13 14 15 16 17 18 19 20 21 22 23 24 25 26 27 28 29 30 31 32 33 34 35 36 37 38 39 40 41 42 43 44 45 46 47 48 49 50 51 52 53 54 55 56 57 58 59 60 61 62 63 64 65 66 67 68 69 70 71 72 73 74 75 76 77 78 79 80 81 82 83 84 85 86 87 88 89 90 91 92 93 94 95 96 97 98 99 100 101 102 103 104 105 106 107 108 109 110 111 112 113 114 115 116 117 118 119 120 121 122 123 124 125 126 127 128 129 130 131 132 133 134 135 136 137 138 139 140 141 142 143 144 145 146 147 148 149 150 151 152 153 154 155 156 157 158 159 160 161 162 163 164 165 166 167 168 169 170 171 172 173 174 175 176 177 178 179 180 181 182 183 184 185 186 187 188 189 190 191 192 193 194 195 196 197 198 199 200 201 202 203 204 205 206 207 208 209 210 211 212 213 214 215 216 217 218 219 220 221 222 223 224 225 226 227 228 229 230 231 232 233 234 235 236 237 238 239 240 241 242 243 244 245 246 247 248 249 250 251 252 253 254 255 256 257 258 259 260 261 262 263 264 265 266 267 268 269 270 271 272 273 274 275 276 277 278 279 280 281 282 283 284 285 286 287 288 289 290 291 292 293 294 295 296 297 298 299 300 301 302 303 304 305 306 307 308 309 310 311 312 313 314 315 316 317 318 319 320 321 322 323 324 325 326 327 328 329 330 331 332 333 334 335 336 337 338 339 340 341 342 343 344 345 346 347 348 349 350 351 352 353 354 355 356 357 358 359 360 361 362 363 364 365 366 367 368 369 370 371 372 373 374 375 376 377 378 379 380 381 382 383 384 385 386 387 388 389 390 391 392 393 394 395 396 397 398 399 400 401 402 403 404 405 406 407 408 409 410 411 412 413 414 415 416 417 418 419 420 421 422 423 424 425 426 427 428 429 430 431 432 433 434 435 436 437 438 439 440 441 442 443 444 445 446 447 448 449 450 451 452 453 454 455 456 457 458 459 460 461 462 463 464 465 466 467 468 469 470 471 472 473 474 475 476 477 478 479 480 481 482 483 484 485 486 487 488 489 490 491 492 493 494 495 496 497 498 499 500 501 502 503 504 505 506 507 508 509 510 511 512 513 514 515 516 517 518 519 520 521 522 523 524 525 526 527 528 529 530 531 532 533 534 535 536 537 538 539 540 541 542 543 
 done.
 Now appending opt.xyz file with new structures
 running RMSDs...
 done.
 E lowest :   -87.08679
 231 structures remain within     6.00 kcal/mol window
 
 
========================================
            MTD Iteration  2
========================================
 
     ========================================
     |         Meta-MD (MTD) Sampling       |
     ========================================
 
Starting Meta-MD   1 with the settings:
     MD time /ps        :     5.0
     dt /fs             :     5.0
     dumpstep(trj) /fs  :     100
     dumpstep(Vbias)/ps :     1.0
     Vbias prefactor(k) :  0.1680
     Vbias exponent(α)  :    1.30
Starting Meta-MD   2 with the settings:
     MD time /ps        :     5.0
     dt /fs             :     5.0
     dumpstep(trj) /fs  :     100
     dumpstep(Vbias)/ps :     1.0
     Vbias prefactor(k) :  0.0840
     Vbias exponent(α)  :    1.30
Starting Meta-MD  12 with the settings:
     MD time /ps        :     5.0
     dt /fs             :     5.0
     dumpstep(trj) /fs  :     100
     dumpstep(Vbias)/ps :     1.0
     Vbias prefactor(k) :  0.0420
     Vbias exponent(α)  :    0.28
Starting Meta-MD   3 with the settings:
     MD time /ps        :     5.0
     dt /fs             :     5.0
     dumpstep(trj) /fs  :     100
     dumpstep(Vbias)/ps :     1.0
     Vbias prefactor(k) :  0.0420
     Vbias exponent(α)  :    1.30
*Meta-MD 2 finished*
Starting Meta-MD   4 with the settings:
     MD time /ps        :     5.0
     dt /fs             :     5.0
     dumpstep(trj) /fs  :     100
     dumpstep(Vbias)/ps :     1.0
     Vbias prefactor(k) :  0.1680
     Vbias exponent(α)  :    0.78
*Meta-MD 12 finished*
Starting Meta-MD  11 with the settings:
     MD time /ps        :     5.0
     dt /fs             :     5.0
     dumpstep(trj) /fs  :     100
     dumpstep(Vbias)/ps :     1.0
     Vbias prefactor(k) :  0.0840
     Vbias exponent(α)  :    0.28
*Meta-MD 3 finished*
Starting Meta-MD   5 with the settings:
     MD time /ps        :     5.0
     dt /fs             :     5.0
     dumpstep(trj) /fs  :     100
     dumpstep(Vbias)/ps :     1.0
     Vbias prefactor(k) :  0.0840
     Vbias exponent(α)  :    0.78
*Meta-MD 1 finished*
Starting Meta-MD   6 with the settings:
     MD time /ps        :     5.0
     dt /fs             :     5.0
     dumpstep(trj) /fs  :     100
     dumpstep(Vbias)/ps :     1.0
     Vbias prefactor(k) :  0.0420
     Vbias exponent(α)  :    0.78
*Meta-MD 5 finished*
Starting Meta-MD   7 with the settings:
     MD time /ps        :     5.0
     dt /fs             :     5.0
     dumpstep(trj) /fs  :     100
     dumpstep(Vbias)/ps :     1.0
     Vbias prefactor(k) :  0.1680
     Vbias exponent(α)  :    0.47
*Meta-MD 4 finished*
Starting Meta-MD   8 with the settings:
     MD time /ps        :     5.0
     dt /fs             :     5.0
     dumpstep(trj) /fs  :     100
     dumpstep(Vbias)/ps :     1.0
     Vbias prefactor(k) :  0.0840
     Vbias exponent(α)  :    0.47
*Meta-MD 6 finished*
Starting Meta-MD   9 with the settings:
     MD time /ps        :     5.0
     dt /fs             :     5.0
     dumpstep(trj) /fs  :     100
     dumpstep(Vbias)/ps :     1.0
     Vbias prefactor(k) :  0.0420
     Vbias exponent(α)  :    0.47
*Meta-MD 11 finished*
Starting Meta-MD  10 with the settings:
     MD time /ps        :     5.0
     dt /fs             :     5.0
     dumpstep(trj) /fs  :     100
     dumpstep(Vbias)/ps :     1.0
     Vbias prefactor(k) :  0.1680
     Vbias exponent(α)  :    0.28
*Meta-MD 7 finished*
*Meta-MD 8 finished*
*Meta-MD 9 finished*
*Meta-MD 10 finished*
 
-----------------------
Multilevel Optimization
-----------------------
 
 -------------------------
 1. crude pre-optimization
 -------------------------
 writing TMPCONF* Dirs from file "crest_rotamers_0.xyz" ... done.
 Starting optimization of generated structures
 588 jobs to do.
 1 2 3 4 5 6 7 8 9 10 11 12 13 14 15 16 17 18 19 20 21 22 23 24 25 26 27 28 29 30 31 32 33 34 35 36 37 38 39 40 41 42 43 44 45 46 47 48 49 50 51 52 53 54 55 56 57 58 59 60 61 62 63 64 65 66 67 68 69 70 71 72 73 74 75 76 77 78 79 80 81 82 83 84 85 86 87 88 89 90 91 92 93 94 95 96 97 98 99 100 101 102 103 104 105 106 107 108 109 110 111 112 113 114 115 116 117 118 119 120 121 122 123 124 125 126 127 128 129 130 131 132 133 134 135 136 137 138 139 140 141 142 143 144 145 146 147 148 149 150 151 152 153 154 155 156 157 158 159 160 161 162 163 164 165 166 167 168 169 170 171 172 173 174 175 176 177 178 179 180 181 182 183 184 185 186 187 188 189 190 191 192 193 194 195 196 197 198 199 200 201 202 203 204 205 206 207 208 209 210 211 212 213 214 215 216 217 218 219 220 221 222 223 224 225 226 227 228 229 230 231 232 233 234 235 236 237 238 239 240 241 242 243 244 245 246 247 248 249 250 251 252 253 254 255 256 257 258 259 260 261 262 263 264 265 266 267 268 269 270 271 272 273 274 275 276 277 278 279 280 281 282 283 284 285 286 287 288 289 290 291 292 293 294 295 296 297 298 299 300 301 302 303 304 305 306 307 308 309 310 311 312 313 314 315 316 317 318 319 320 321 322 323 324 325 326 327 328 329 330 331 332 333 334 335 336 337 338 339 340 341 342 343 344 345 346 347 348 349 350 351 352 353 354 355 356 357 358 359 360 361 362 363 364 365 366 367 368 369 370 371 372 373 374 375 376 377 378 379 380 381 382 383 384 385 386 387 388 389 390 391 392 393 394 395 396 397 398 399 400 401 402 403 404 405 406 407 408 409 410 411 412 413 414 415 416 417 418 419 420 421 422 423 424 425 426 427 428 429 430 431 432 433 434 435 436 437 438 439 440 441 442 443 444 445 446 447 448 449 450 451 452 453 454 455 456 457 458 459 460 461 462 463 464 465 466 467 468 469 470 471 472 473 474 475 476 477 478 479 480 481 482 483 484 485 486 487 488 489 490 491 492 493 494 495 496 497 498 499 500 501 502 503 504 505 506 507 508 509 510 511 512 513 514 515 516 517 518 519 520 521 522 523 524 525 526 527 528 529 530 531 532 533 534 535 536 537 538 539 540 541 542 543 544 545 546 547 548 549 550 551 552 553 554 555 556 557 558 559 560 561 562 563 564 565 566 567 568 569 570 571 572 573 574 575 576 577 578 579 580 581 582 583 584 585 586 587 588 
 done.
 Now appending opt.xyz file with new structures
 running RMSDs...
 done.
 E lowest :   -87.08607
 550 structures remain within    12.00 kcal/mol window
 
 -------------------------------------
 2. optimization with tight thresholds
 -------------------------------------
 writing TMPCONF* Dirs from file "crest_rotamers_1.xyz" ... done.
 Starting optimization of generated structures
 551 jobs to do.
 1 2 3 4 5 6 7 8 9 10 11 12 13 14 15 16 17 18 19 20 21 22 23 24 25 26 27 28 29 30 31 32 33 34 35 36 37 38 39 40 41 42 43 44 45 46 47 48 49 50 51 52 53 54 55 56 57 58 59 60 61 62 63 64 65 66 67 68 69 70 71 72 73 74 75 76 77 78 79 80 81 82 83 84 85 86 87 88 89 90 91 92 93 94 95 96 97 98 99 100 101 102 103 104 105 106 107 108 109 110 111 112 113 114 115 116 117 118 119 120 121 122 123 124 125 126 127 128 129 130 131 132 133 134 135 136 137 138 139 140 141 142 143 144 145 146 147 148 149 150 151 152 153 154 155 156 157 158 159 160 161 162 163 164 165 166 167 168 169 170 171 172 173 174 175 176 177 178 179 180 181 182 183 184 185 186 187 188 189 190 191 192 193 194 195 196 197 198 199 200 201 202 203 204 205 206 207 208 209 210 211 212 213 214 215 216 217 218 219 220 221 222 223 224 225 226 227 228 229 230 231 232 233 234 235 236 237 238 239 240 241 242 243 244 245 246 247 248 249 250 251 252 253 254 255 256 257 258 259 260 261 262 263 264 265 266 267 268 269 270 271 272 273 274 275 276 277 278 279 280 281 282 283 284 285 286 287 288 289 290 291 292 293 294 295 296 297 298 299 300 301 302 303 304 305 306 307 308 309 310 311 312 313 314 315 316 317 318 319 320 321 322 323 324 325 326 327 328 329 330 331 332 333 334 335 336 337 338 339 340 341 342 343 344 345 346 347 348 349 350 351 352 353 354 355 356 357 358 359 360 361 362 363 364 365 366 367 368 369 370 371 372 373 374 375 376 377 378 379 380 381 382 383 384 385 386 387 388 389 390 391 392 393 394 395 396 397 398 399 400 401 402 403 404 405 406 407 408 409 410 411 412 413 414 415 416 417 418 419 420 421 422 423 424 425 426 427 428 429 430 431 432 433 434 435 436 437 438 439 440 441 442 443 444 445 446 447 448 449 450 451 452 453 454 455 456 457 458 459 460 461 462 463 464 465 466 467 468 469 470 471 472 473 474 475 476 477 478 479 480 481 482 483 484 485 486 487 488 489 490 491 492 493 494 495 496 497 498 499 500 501 502 503 504 505 506 507 508 509 510 511 512 513 514 515 516 517 518 519 520 521 522 523 524 525 526 527 528 529 530 531 532 533 534 535 536 537 538 539 540 541 542 543 544 545 546 547 548 549 550 551 
 done.
 Now appending opt.xyz file with new structures
 running RMSDs...
 done.
 E lowest :   -87.08679
 303 structures remain within     6.00 kcal/mol window
 
========================================
            MTD Iterations done         
========================================
 Collecting ensmbles.
 running RMSDs...
 done.
 E lowest :   -87.08679
 511 structures remain within     6.00 kcal/mol window
 
-----------------------------------------------
Additional regular MDs on lowest 4 conformer(s)
-----------------------------------------------
Starting MD   8 with the settings:
     MD time /ps        :     2.5
     MD Temperature /K  :   500.0
     dt /fs             :     5.0
     dumpstep(trj) /fs  :     100
Starting MD   1 with the settings:
     MD time /ps        :     2.5
     MD Temperature /K  :   400.0
     dt /fs             :     5.0
     dumpstep(trj) /fs  :     100
Starting MD   2 with the settings:
     MD time /ps        :     2.5
     MD Temperature /K  :   500.0
     dt /fs             :     5.0
     dumpstep(trj) /fs  :     100
Starting MD   3 with the settings:
     MD time /ps        :     2.5
     MD Temperature /K  :   400.0
     dt /fs             :     5.0
     dumpstep(trj) /fs  :     100
*MD 2 finished*
Starting MD   4 with the settings:
     MD time /ps        :     2.5
     MD Temperature /K  :   500.0
     dt /fs             :     5.0
     dumpstep(trj) /fs  :     100
*MD 3 finished*
Starting MD   5 with the settings:
     MD time /ps        :     2.5
     MD Temperature /K  :   400.0
     dt /fs             :     5.0
     dumpstep(trj) /fs  :     100
*MD 8 finished*
Starting MD   7 with the settings:
     MD time /ps        :     2.5
     MD Temperature /K  :   400.0
     dt /fs             :     5.0
     dumpstep(trj) /fs  :     100
*MD 1 finished*
Starting MD   6 with the settings:
     MD time /ps        :     2.5
     MD Temperature /K  :   500.0
     dt /fs             :     5.0
     dumpstep(trj) /fs  :     100
*MD 7 finished*
*MD 5 finished*
*MD 6 finished*
*MD 4 finished*
 Appending file crest_rotamers_1.xyz with new structures
 
 -------------------------------------------
 Ensemble optimization with tight thresholds
 -------------------------------------------
 writing TMPCONF* Dirs from file "crest_rotamers_1.xyz" ... done.
 Starting optimization of generated structures
 703 jobs to do.
 1 2 3 4 5 6 7 8 9 10 11 12 13 14 15 16 17 18 19 20 21 22 23 24 25 26 27 28 29 30 31 32 33 34 35 36 37 38 39 40 41 42 43 44 45 46 47 48 49 50 51 52 53 54 55 56 57 58 59 60 61 62 63 64 65 66 67 68 69 70 71 72 73 74 75 76 77 78 79 80 81 82 83 84 85 86 87 88 89 90 91 92 93 94 95 96 97 98 99 100 101 102 103 104 105 106 107 108 109 110 111 112 113 114 115 116 117 118 119 120 121 122 123 124 125 126 127 128 129 130 131 132 133 134 135 136 137 138 139 140 141 142 143 144 145 146 147 148 149 150 151 152 153 154 155 156 157 158 159 160 161 162 163 164 165 166 167 168 169 170 171 172 173 174 175 176 177 178 179 180 181 182 183 184 185 186 187 188 189 190 191 192 193 194 195 196 197 198 199 200 201 202 203 204 205 206 207 208 209 210 211 212 213 214 215 216 217 218 219 220 221 222 223 224 225 226 227 228 229 230 231 232 233 234 235 236 237 238 239 240 241 242 243 244 245 246 247 248 249 250 251 252 253 254 255 256 257 258 259 260 261 262 263 264 265 266 267 268 269 270 271 272 273 274 275 276 277 278 279 280 281 282 283 284 285 286 287 288 289 290 291 292 293 294 295 296 297 298 299 300 301 302 303 304 305 306 307 308 309 310 311 312 313 314 315 316 317 318 319 320 321 322 323 324 325 326 327 328 329 330 331 332 333 334 335 336 337 338 339 340 341 342 343 344 345 346 347 348 349 350 351 352 353 354 355 356 357 358 359 360 361 362 363 364 365 366 367 368 369 370 371 372 373 374 375 376 377 378 379 380 381 382 383 384 385 386 387 388 389 390 391 392 393 394 395 396 397 398 399 400 401 402 403 404 405 406 407 408 409 410 411 412 413 414 415 416 417 418 419 420 421 422 423 424 425 426 427 428 429 430 431 432 433 434 435 436 437 438 439 440 441 442 443 444 445 446 447 448 449 450 451 452 453 454 455 456 457 458 459 460 461 462 463 464 465 466 467 468 469 470 471 472 473 474 475 476 477 478 479 480 481 482 483 484 485 486 487 488 489 490 491 492 493 494 495 496 497 498 499 500 501 502 503 504 505 506 507 508 509 510 511 512 513 514 515 516 517 518 519 520 521 522 523 524 525 526 527 528 529 530 531 532 533 534 535 536 537 538 539 540 541 542 543 544 545 546 547 548 549 550 551 552 553 554 555 556 557 558 559 560 561 562 563 564 565 566 567 568 569 570 571 572 573 574 575 576 577 578 579 580 581 582 583 584 585 586 587 588 589 590 591 592 593 594 595 596 597 598 599 600 601 602 603 604 605 606 607 608 609 610 611 612 613 614 615 616 617 618 619 620 621 622 623 624 625 626 627 628 629 630 631 632 633 634 635 636 637 638 639 640 641 642 643 644 645 646 647 648 649 650 651 652 653 654 655 656 657 658 659 660 661 662 663 664 665 666 667 668 669 670 671 672 673 674 675 676 677 678 679 680 681 682 683 684 685 686 687 688 689 690 691 692 693 694 695 696 697 698 699 700 701 702 703 
 done.
 Now appending opt.xyz file with new structures
 running RMSDs...
 done.
 E lowest :   -87.08679
 522 structures remain within     6.00 kcal/mol window
 
 
     ========================================
     |        Structure Crossing (GC)       |
     ========================================
 =============================
  # threads =           4
 =============================
 input  file name : crest_rotamers_3.xyz
number of atoms                :    56
number of points on xyz files  :   522
conformer energy window  /kcal :    6.00
CN per atom difference cut-off :  0.3000
RMSD threshold                 :  0.2500
max. # of generated structures : 250
 reading xyz file ...
 # in E window                522
 generating pairs ...      136502
  20.5 % done
  29.9 % done
  50.4 % done
  52.1 % done
  95.8 % done
 generated pairs           :      117178
 number of clash discarded :       18803
 average rmsd w.r.t input  : 3.17241
 sd of ensemble            : 0.57819
 number of new structures      :         226
 removed identical structures  :         274
 writing          226  TMPCONF* dirs ...
 --------------------------
 GC: loose pre-optimization
 --------------------------
 Starting optimization of generated structures
 226 jobs to do.
 1 2 3 4 5 6 7 8 9 10 11 12 13 14 15 16 17 18 19 20 21 22 23 24 25 26 27 28 29 30 31 32 33 34 35 36 37 38 39 40 41 42 43 44 45 46 47 48 49 50 51 52 53 54 55 56 57 58 59 60 61 62 63 64 65 66 67 68 69 70 71 72 73 74 75 76 77 78 79 80 81 82 83 84 85 86 87 88 89 90 91 92 93 94 95 96 97 98 99 100 101 102 103 104 105 106 107 108 109 110 111 112 113 114 115 116 117 118 119 120 121 122 123 124 125 126 127 128 129 130 131 132 133 134 135 136 137 138 139 140 141 142 143 144 145 146 147 148 149 150 151 152 153 154 155 156 157 158 159 160 161 162 163 164 165 166 167 168 169 170 171 172 173 174 175 176 177 178 179 180 181 182 183 184 185 186 187 188 189 190 191 192 193 194 195 196 197 198 199 200 201 202 203 204 205 206 207 208 209 210 211 212 213 214 215 216 217 218 219 220 221 222 223 224 225 226 
 done.
 Now appending opt.xyz file with new structures
 running RMSDs...
 done.
 E lowest :   -87.08677
 219 structures remain within    10.00 kcal/mol window
 --------------------------------------
 GC: optimization with tight thresholds
 --------------------------------------
 writing TMPCONF* Dirs from file "crest_rotamers_1.xyz" ... done.
 Starting optimization of generated structures
 219 jobs to do.
 1 2 3 4 5 6 7 8 9 10 11 12 13 14 15 16 17 18 19 20 21 22 23 24 25 26 27 28 29 30 31 32 33 34 35 36 37 38 39 40 41 42 43 44 45 46 47 48 49 50 51 52 53 54 55 56 57 58 59 60 61 62 63 64 65 66 67 68 69 70 71 72 73 74 75 76 77 78 79 80 81 82 83 84 85 86 87 88 89 90 91 92 93 94 95 96 97 98 99 100 101 102 103 104 105 106 107 108 109 110 111 112 113 114 115 116 117 118 119 120 121 122 123 124 125 126 127 128 129 130 131 132 133 134 135 136 137 138 139 140 141 142 143 144 145 146 147 148 149 150 151 152 153 154 155 156 157 158 159 160 161 162 163 164 165 166 167 168 169 170 171 172 173 174 175 176 177 178 179 180 181 182 183 184 185 186 187 188 189 190 191 192 193 194 195 196 197 198 199 200 201 202 203 204 205 206 207 208 209 210 211 212 213 214 215 216 217 218 219 
 done.
 Now appending opt.xyz file with new structures
 running RMSDs...
 done.
 E lowest :   -87.08679
 
 
   ================================================
   |           Final Geometry Optimization        |
   ================================================
 ---------------------
 Ensemble optimization
 ---------------------
 writing TMPCONF* Dirs from file "crest_rotamers_4.xyz" ... done.
 Starting optimization of generated structures
 677 jobs to do.
 1 2 3 4 5 6 7 8 9 10 11 12 13 14 15 16 17 18 19 20 21 22 23 24 25 26 27 28 29 30 31 32 33 34 35 36 37 38 39 40 41 42 43 44 45 46 47 48 49 50 51 52 53 54 55 56 57 58 59 60 61 62 63 64 65 66 67 68 69 70 71 72 73 74 75 76 77 78 79 80 81 82 83 84 85 86 87 88 89 90 91 92 93 94 95 96 97 98 99 100 101 102 103 104 105 106 107 108 109 110 111 112 113 114 115 116 117 118 119 120 121 122 123 124 125 126 127 128 129 130 131 132 133 134 135 136 137 138 139 140 141 142 143 144 145 146 147 148 149 150 151 152 153 154 155 156 157 158 159 160 161 162 163 164 165 166 167 168 169 170 171 172 173 174 175 176 177 178 179 180 181 182 183 184 185 186 187 188 189 190 191 192 193 194 195 196 197 198 199 200 201 202 203 204 205 206 207 208 209 210 211 212 213 214 215 216 217 218 219 220 221 222 223 224 225 226 227 228 229 230 231 232 233 234 235 236 237 238 239 240 241 242 243 244 245 246 247 248 249 250 251 252 253 254 255 256 257 258 259 260 261 262 263 264 265 266 267 268 269 270 271 272 273 274 275 276 277 278 279 280 281 282 283 284 285 286 287 288 289 290 291 292 293 294 295 296 297 298 299 300 301 302 303 304 305 306 307 308 309 310 311 312 313 314 315 316 317 318 319 320 321 322 323 324 325 326 327 328 329 330 331 332 333 334 335 336 337 338 339 340 341 342 343 344 345 346 347 348 349 350 351 352 353 354 355 356 357 358 359 360 361 362 363 364 365 366 367 368 369 370 371 372 373 374 375 376 377 378 379 380 381 382 383 384 385 386 387 388 389 390 391 392 393 394 395 396 397 398 399 400 401 402 403 404 405 406 407 408 409 410 411 412 413 414 415 416 417 418 419 420 421 422 423 424 425 426 427 428 429 430 431 432 433 434 435 436 437 438 439 440 441 442 443 444 445 446 447 448 449 450 451 452 453 454 455 456 457 458 459 460 461 462 463 464 465 466 467 468 469 470 471 472 473 474 475 476 477 478 479 480 481 482 483 484 485 486 487 488 489 490 491 492 493 494 495 496 497 498 499 500 501 502 503 504 505 506 507 508 509 510 511 512 513 514 515 516 517 518 519 520 521 522 523 524 525 526 527 528 529 530 531 532 533 534 535 536 537 538 539 540 541 542 543 544 545 546 547 548 549 550 551 552 553 554 555 556 557 558 559 560 561 562 563 564 565 566 567 568 569 570 571 572 573 574 575 576 577 578 579 580 581 582 583 584 585 586 587 588 589 590 591 592 593 594 595 596 597 598 599 600 601 602 603 604 605 606 607 608 609 610 611 612 613 614 615 616 617 618 619 620 621 622 623 624 625 626 627 628 629 630 631 632 633 634 635 636 637 638 639 640 641 642 643 644 645 646 647 648 649 650 651 652 653 654 655 656 657 658 659 660 661 662 663 664 665 666 667 668 669 670 671 672 673 674 675 676 677 
 done.
 Now appending opt.xyz file with new structures
 running RMSDs...
 done.
 E lowest :   -87.08679
 660 structures remain within     6.00 kcal/mol window
 
-------------------------------------
CREGEN - CONFORMER SYMMETRY ANALYSIS
-------------------------------------
 =============================
  # threads =           4
 =============================
 input  file name : crest_rotamers_5.xyz
 output file name : crest_rotamers_6.xyz
 number of atoms                :    56
 number of points on xyz files  :   677
 RMSD threshold                 :   0.1250
 Bconst threshold               :  15.0000
 population threshold           :   0.0500
 conformer energy window  /kcal :   6.0000
 # fragment in coord            :     1
 number of reliable points      :   677
 reference state Etot :  -87.0867925309000
 number of doubles removed by rot/RMSD         :          17
 total number unique points considered further :         660
   Erel/kcal     Etot      weight/tot conformer  set degen    origin
    1   0.000   -87.08679    0.00395    0.22468    1   61     md8
    2   0.000   -87.08679    0.00394                          md6
    3   0.004   -87.08679    0.00392                          md6
    4   0.006   -87.08678    0.00391                          md4
    5   0.008   -87.08678    0.00390                          mtd14
    6   0.008   -87.08678    0.00390                          mtd14
    7   0.010   -87.08678    0.00388                          mtd14
    8   0.011   -87.08678    0.00388                          mtd2
    9   0.012   -87.08677    0.00387                          mtd4
   10   0.012   -87.08677    0.00387                          mtd2
   11   0.013   -87.08677    0.00386                          mtd10
   12   0.017   -87.08677    0.00384                          mtd1
   13   0.019   -87.08676    0.00382                          mtd14
   14   0.020   -87.08676    0.00382                          mtd2
   15   0.020   -87.08676    0.00381                          mtd8
   16   0.021   -87.08676    0.00381                          mtd1
   17   0.021   -87.08676    0.00381                          mtd5
   18   0.021   -87.08676    0.00381                          mtd9
   19   0.022   -87.08676    0.00380                          mtd12
   20   0.023   -87.08676    0.00380                          md1
   21   0.023   -87.08676    0.00380                          mtd14
   22   0.024   -87.08675    0.00379                          md3
   23   0.025   -87.08675    0.00379                          mtd5
   24   0.025   -87.08675    0.00378                          md3
   25   0.026   -87.08675    0.00378                          mtd5
   26   0.026   -87.08675    0.00378                          mtd8
   27   0.027   -87.08675    0.00377                          mtd9
   28   0.027   -87.08675    0.00377                          mtd8
   29   0.028   -87.08675    0.00377                          mtd1
   30   0.029   -87.08675    0.00376                          mtd8
   31   0.032   -87.08674    0.00374                          mtd11
   32   0.034   -87.08674    0.00373                          mtd8
   33   0.034   -87.08674    0.00373                          mtd5
   34   0.034   -87.08674    0.00373                          mtd5
   35   0.035   -87.08674    0.00372                          md3
   36   0.036   -87.08673    0.00371                          mtd8
   37   0.037   -87.08673    0.00371                          mtd8
   38   0.041   -87.08673    0.00369                          mtd6
   39   0.042   -87.08672    0.00368                          mtd1
   40   0.044   -87.08672    0.00366                          md3
   41   0.046   -87.08672    0.00365                          mtd13
   42   0.047   -87.08672    0.00365                          mtd8
   43   0.048   -87.08672    0.00364                          mtd8
   44   0.054   -87.08671    0.00361                          mtd4
   45   0.054   -87.08671    0.00361                          mtd6
   46   0.055   -87.08671    0.00360                          mtd14
   47   0.056   -87.08670    0.00359                          md3
   48   0.059   -87.08670    0.00357                          mtd8
   49   0.061   -87.08670    0.00356                          mtd6
   50   0.061   -87.08669    0.00356                          mtd1
   51   0.063   -87.08669    0.00355                          mtd8
   52   0.063   -87.08669    0.00355                          mtd4
   53   0.066   -87.08669    0.00353                          mtd11
   54   0.078   -87.08667    0.00346                          mtd3
   55   0.087   -87.08665    0.00341                          mtd1
   56   0.095   -87.08664    0.00336                          mtd1
   57   0.109   -87.08662    0.00328                          mtd3
   58   0.113   -87.08661    0.00326                          mtd11
   59   0.113   -87.08661    0.00326                          mtd3
   60   0.149   -87.08656    0.00307                          mtd11
   61   0.204   -87.08647    0.00280                          mtd11
   62   0.004   -87.08679    0.00392    0.51291    2  147     mtd1
   63   0.005   -87.08678    0.00391                          mtd7
   64   0.006   -87.08678    0.00391                          mtd1
   65   0.006   -87.08678    0.00391                          mtd12
   66   0.008   -87.08678    0.00390                          mtd3
   67   0.008   -87.08678    0.00389                          mtd1
   68   0.009   -87.08678    0.00389                          mtd2
   69   0.012   -87.08677    0.00387                          mtd6
   70   0.013   -87.08677    0.00387                          mtd10
   71   0.013   -87.08677    0.00387                          mtd9
   72   0.013   -87.08677    0.00386                          mtd11
   73   0.013   -87.08677    0.00386                          mtd5
   74   0.014   -87.08677    0.00386                          mtd7
   75   0.014   -87.08677    0.00385                          md7
   76   0.015   -87.08677    0.00385                          mtd2
   77   0.015   -87.08677    0.00385                          mtd5
   78   0.015   -87.08677    0.00385                          mtd9
   79   0.015   -87.08677    0.00385                          mtd8
   80   0.015   -87.08677    0.00385                          mtd3
   81   0.016   -87.08677    0.00384                          mtd9
   82   0.017   -87.08677    0.00384                          mtd11
   83   0.017   -87.08676    0.00383                          mtd9
   84   0.018   -87.08676    0.00383                          mtd4
   85   0.018   -87.08676    0.00383                          mtd12
   86   0.018   -87.08676    0.00383                          mtd8
   87   0.020   -87.08676    0.00382                          mtd3
   88   0.020   -87.08676    0.00381                          mtd5
   89   0.021   -87.08676    0.00381                          mtd13
   90   0.022   -87.08676    0.00380                          mtd5
   91   0.023   -87.08676    0.00380                          mtd8
   92   0.023   -87.08676    0.00380                          mtd7
   93   0.024   -87.08675    0.00379                          mtd4
   94   0.024   -87.08675    0.00379                          mtd7
   95   0.027   -87.08675    0.00377                          mtd11
   96   0.030   -87.08674    0.00375                          mtd1
   97   0.031   -87.08674    0.00374                          mtd4
   98   0.035   -87.08674    0.00372                          mtd10
   99   0.035   -87.08674    0.00372                          mtd4
  100   0.036   -87.08673    0.00371                          mtd9
  101   0.036   -87.08673    0.00371                          mtd1
  102   0.037   -87.08673    0.00371                          mtd13
  103   0.040   -87.08673    0.00369                          mtd2
  104   0.042   -87.08673    0.00368                          mtd1
  105   0.042   -87.08673    0.00368                          mtd12
  106   0.043   -87.08672    0.00367                          mtd14
  107   0.044   -87.08672    0.00367                          mtd8
  108   0.045   -87.08672    0.00366                          mtd4
  109   0.045   -87.08672    0.00366                          md8
  110   0.045   -87.08672    0.00366                          mtd5
  111   0.046   -87.08672    0.00366                          mtd2
  112   0.046   -87.08672    0.00365                          mtd3
  113   0.047   -87.08672    0.00365                          mtd1
  114   0.051   -87.08671    0.00362                          mtd8
  115   0.052   -87.08671    0.00362                          mtd11
  116   0.054   -87.08671    0.00360                          mtd10
  117   0.055   -87.08670    0.00360                          mtd3
  118   0.055   -87.08670    0.00360                          mtd5
  119   0.055   -87.08670    0.00360                          mtd13
  120   0.056   -87.08670    0.00359                          mtd4
  121   0.057   -87.08670    0.00359                          mtd11
  122   0.057   -87.08670    0.00358                          mtd6
  123   0.059   -87.08670    0.00357                          mtd4
  124   0.059   -87.08670    0.00357                          mtd2
  125   0.060   -87.08670    0.00357                          mtd9
  126   0.060   -87.08670    0.00357                          mtd8
  127   0.061   -87.08670    0.00356                          mtd4
  128   0.061   -87.08669    0.00356                          mtd5
  129   0.062   -87.08669    0.00356                          gc
  130   0.064   -87.08669    0.00355                          mtd14
  131   0.065   -87.08669    0.00354                          mtd12
  132   0.067   -87.08669    0.00353                          mtd3
  133   0.067   -87.08669    0.00352                          mtd8
  134   0.068   -87.08668    0.00352                          mtd5
  135   0.069   -87.08668    0.00351                          mtd12
  136   0.069   -87.08668    0.00351                          mtd9
  137   0.070   -87.08668    0.00351                          mtd14
  138   0.070   -87.08668    0.00351                          mtd10
  139   0.070   -87.08668    0.00351                          mtd11
  140   0.070   -87.08668    0.00351                          mtd12
  141   0.077   -87.08667    0.00347                          mtd12
  142   0.080   -87.08667    0.00345                          mtd2
  143   0.080   -87.08667    0.00345                          mtd8
  144   0.080   -87.08666    0.00345                          mtd11
  145   0.083   -87.08666    0.00343                          mtd11
  146   0.085   -87.08666    0.00342                          mtd4
  147   0.085   -87.08666    0.00342                          mtd11
  148   0.087   -87.08665    0.00341                          mtd11
  149   0.088   -87.08665    0.00340                          mtd1
  150   0.088   -87.08665    0.00340                          mtd5
  151   0.089   -87.08665    0.00340                          mtd9
  152   0.090   -87.08665    0.00339                          mtd4
  153   0.090   -87.08665    0.00339                          mtd13
  154   0.095   -87.08664    0.00336                          mtd10
  155   0.095   -87.08664    0.00336                          mtd8
  156   0.096   -87.08664    0.00336                          mtd13
  157   0.100   -87.08663    0.00333                          mtd8
  158   0.101   -87.08663    0.00333                          mtd8
  159   0.102   -87.08663    0.00332                          mtd3
  160   0.103   -87.08663    0.00332                          mtd6
  161   0.103   -87.08663    0.00332                          mtd1
  162   0.103   -87.08663    0.00332                          mtd1
  163   0.104   -87.08663    0.00332                          mtd8
  164   0.104   -87.08663    0.00331                          mtd8
  165   0.107   -87.08662    0.00330                          md8
  166   0.108   -87.08662    0.00329                          mtd11
  167   0.108   -87.08662    0.00329                          mtd7
  168   0.108   -87.08662    0.00329                          mtd1
  169   0.109   -87.08662    0.00329                          mtd5
  170   0.110   -87.08662    0.00328                          mtd1
  171   0.112   -87.08661    0.00327                          mtd11
  172   0.112   -87.08661    0.00327                          mtd3
  173   0.113   -87.08661    0.00326                          mtd7
  174   0.114   -87.08661    0.00326                          mtd8
  175   0.114   -87.08661    0.00326                          mtd2
  176   0.115   -87.08661    0.00325                          mtd10
  177   0.117   -87.08661    0.00324                          mtd3
  178   0.120   -87.08660    0.00323                          mtd8
  179   0.121   -87.08660    0.00322                          mtd9
  180   0.124   -87.08659    0.00320                          mtd4
  181   0.124   -87.08659    0.00320                          mtd2
  182   0.126   -87.08659    0.00319                          mtd11
  183   0.127   -87.08659    0.00318                          mtd4
  184   0.128   -87.08659    0.00318                          mtd11
  185   0.130   -87.08659    0.00317                          mtd8
  186   0.130   -87.08658    0.00317                          mtd5
  187   0.131   -87.08658    0.00316                          mtd14
  188   0.133   -87.08658    0.00316                          mtd8
  189   0.133   -87.08658    0.00316                          mtd12
  190   0.133   -87.08658    0.00315                          mtd9
  191   0.133   -87.08658    0.00315                          mtd1
  192   0.136   -87.08658    0.00314                          mtd5
  193   0.136   -87.08658    0.00314                          mtd5
  194   0.137   -87.08657    0.00313                          mtd8
  195   0.137   -87.08657    0.00313                          mtd6
  196   0.140   -87.08657    0.00312                          mtd8
  197   0.142   -87.08657    0.00311                          mtd6
  198   0.143   -87.08657    0.00310                          mtd11
  199   0.143   -87.08657    0.00310                          mtd1
  200   0.151   -87.08655    0.00306                          mtd2
  201   0.153   -87.08655    0.00305                          mtd10
  202   0.164   -87.08653    0.00300                          mtd2
  203   0.167   -87.08653    0.00298                          mtd9
  204   0.172   -87.08652    0.00296                          mtd1
  205   0.174   -87.08651    0.00294                          mtd5
  206   0.177   -87.08651    0.00293                          mtd8
  207   0.181   -87.08650    0.00291                          mtd11
  208   0.242   -87.08641    0.00263                          mtd6
  209   0.005   -87.08678    0.00391    0.03404    3    9     md7
  210   0.009   -87.08678    0.00389                          mtd5
  211   0.013   -87.08677    0.00386                          mtd12
  212   0.015   -87.08677    0.00385                          mtd9
  213   0.016   -87.08677    0.00384                          md5
  214   0.021   -87.08676    0.00381                          mtd1
  215   0.022   -87.08676    0.00380                          mtd14
  216   0.030   -87.08674    0.00375                          mtd5
  217   0.104   -87.08663    0.00331                          mtd1
  218   0.067   -87.08669    0.00353    0.05310    4   16     mtd10
  219   0.071   -87.08668    0.00351                          mtd11
  220   0.071   -87.08668    0.00350                          mtd9
  221   0.081   -87.08666    0.00344                          mtd11
  222   0.089   -87.08665    0.00340                          mtd9
  223   0.091   -87.08665    0.00338                          md8
  224   0.097   -87.08664    0.00335                          mtd14
  225   0.097   -87.08664    0.00335                          mtd9
  226   0.102   -87.08663    0.00332                          mtd10
  227   0.107   -87.08662    0.00330                          mtd11
  228   0.110   -87.08662    0.00328                          mtd6
  229   0.111   -87.08662    0.00327                          mtd11
  230   0.134   -87.08658    0.00315                          mtd10
  231   0.136   -87.08658    0.00314                          mtd2
  232   0.145   -87.08656    0.00309                          mtd11
  233   0.145   -87.08656    0.00309                          mtd9
  234   0.083   -87.08666    0.00343    0.03899    5   12     mtd9
  235   0.087   -87.08665    0.00341                          mtd11
  236   0.099   -87.08663    0.00334                          mtd11
  237   0.101   -87.08663    0.00333                          mtd10
  238   0.107   -87.08662    0.00330                          mtd11
  239   0.110   -87.08662    0.00328                          mtd1
  240   0.111   -87.08662    0.00327                          mtd9
  241   0.119   -87.08660    0.00323                          mtd9
  242   0.129   -87.08659    0.00317                          mtd5
  243   0.141   -87.08657    0.00311                          mtd5
  244   0.147   -87.08656    0.00308                          mtd12
  245   0.158   -87.08654    0.00302                          mtd14
  246   0.109   -87.08662    0.00329    0.04192    6   18     mtd9
  247   0.153   -87.08655    0.00305                          mtd14
  248   0.194   -87.08648    0.00285                          mtd2
  249   0.205   -87.08647    0.00279                          mtd5
  250   0.226   -87.08643    0.00270                          mtd9
  251   0.273   -87.08636    0.00249                          mtd11
  252   0.279   -87.08635    0.00247                          mtd13
  253   0.300   -87.08631    0.00238                          mtd13
  254   0.302   -87.08631    0.00237                          mtd12
  255   0.354   -87.08623    0.00217                          mtd6
  256   0.366   -87.08621    0.00213                          mtd12
  257   0.389   -87.08617    0.00205                          mtd10
  258   0.396   -87.08616    0.00203                          mtd6
  259   0.413   -87.08614    0.00197                          mtd9
  260   0.426   -87.08611    0.00192                          mtd7
  261   0.428   -87.08611    0.00192                          mtd12
  262   0.502   -87.08599    0.00169                          mtd10
  263   0.512   -87.08598    0.00166                          mtd9
  264   0.199   -87.08648    0.00282    0.01972    7    8     mtd2
  265   0.234   -87.08642    0.00266                          mtd3
  266   0.264   -87.08637    0.00253                          mtd9
  267   0.275   -87.08635    0.00248                          mtd6
  268   0.303   -87.08631    0.00237                          mtd6
  269   0.304   -87.08631    0.00236                          mtd9
  270   0.308   -87.08630    0.00235                          mtd9
  271   0.362   -87.08622    0.00214                          mtd7
  272   0.247   -87.08640    0.00260    0.00260    8    1     mtd3
  273   0.272   -87.08636    0.00250    0.00494    9    2     mtd9
  274   0.283   -87.08634    0.00245                          mtd6
  275   0.303   -87.08631    0.00237    0.00237   10    1     mtd11
  276   0.307   -87.08630    0.00235    0.00462   11    2     mtd2
  277   0.329   -87.08627    0.00227                          mtd11
  278   0.377   -87.08619    0.00209    0.00577   12    3     mtd6
  279   0.421   -87.08612    0.00194                          mtd2
  280   0.486   -87.08602    0.00174                          mtd10
  281   0.396   -87.08616    0.00203    0.00203   13    1     mtd10
  282   0.416   -87.08613    0.00196    0.00558   14    3     mtd3
  283   0.459   -87.08606    0.00182                          mtd1
  284   0.467   -87.08605    0.00180                          mtd9
  285   0.451   -87.08607    0.00184    0.00184   15    1     mtd10
  286   0.462   -87.08606    0.00181    0.00536   16    3     mtd10
  287   0.466   -87.08605    0.00180                          mtd11
  288   0.483   -87.08602    0.00175                          mtd6
  289   0.504   -87.08599    0.00169    0.01426   17    9     mtd6
  290   0.508   -87.08598    0.00168                          mtd11
  291   0.512   -87.08598    0.00166                          mtd6
  292   0.520   -87.08596    0.00164                          mtd12
  293   0.523   -87.08596    0.00163                          mtd2
  294   0.551   -87.08591    0.00156                          mtd6
  295   0.556   -87.08591    0.00155                          mtd6
  296   0.560   -87.08590    0.00153                          mtd6
  297   0.649   -87.08576    0.00132                          mtd10
  298   0.532   -87.08594    0.00161    0.00161   18    1     mtd2
  299   0.568   -87.08589    0.00151    0.00429   19    3     mtd6
  300   0.599   -87.08584    0.00144                          mtd6
  301   0.644   -87.08577    0.00133                          mtd7
  302   0.587   -87.08586    0.00147    0.00147   20    1     mtd11
  303   0.603   -87.08583    0.00143    0.00143   21    1     mtd12
  304   0.701   -87.08568    0.00121    0.00121   22    1     mtd12
  305   0.740   -87.08561    0.00113    0.00113   23    1     mtd13
  306   0.757   -87.08559    0.00110    0.00110   24    1     mtd10
  307   1.498   -87.08441    0.00032    0.00093   25    3     mtd10
  308   1.507   -87.08439    0.00031                          mtd7
  309   1.520   -87.08437    0.00030                          mtd7
  310   1.504   -87.08440    0.00031    0.00031   26    1     mtd10
  311   1.508   -87.08439    0.00031    0.00206   27    7     mtd7
  312   1.519   -87.08437    0.00030                          mtd7
  313   1.539   -87.08434    0.00029                          mtd10
  314   1.544   -87.08433    0.00029                          mtd8
  315   1.544   -87.08433    0.00029                          mtd10
  316   1.559   -87.08431    0.00029                          mtd7
  317   1.565   -87.08430    0.00028                          mtd7
  318   1.599   -87.08424    0.00027    0.00027   28    1     mtd7
  319   2.004   -87.08360    0.00013    0.00744   29   59     gc
  320   2.004   -87.08360    0.00013                          gc
  321   2.006   -87.08360    0.00013                          mtd7
  322   2.007   -87.08359    0.00013                          gc
  323   2.011   -87.08359    0.00013                          gc
  324   2.011   -87.08359    0.00013                          mtd7
  325   2.015   -87.08358    0.00013                          mtd8
  326   2.015   -87.08358    0.00013                          mtd8
  327   2.017   -87.08358    0.00013                          gc
  328   2.018   -87.08358    0.00013                          gc
  329   2.019   -87.08358    0.00013                          mtd7
  330   2.019   -87.08357    0.00013                          gc
  331   2.020   -87.08357    0.00013                          mtd7
  332   2.022   -87.08357    0.00013                          gc
  333   2.025   -87.08357    0.00013                          gc
  334   2.025   -87.08357    0.00013                          gc
  335   2.026   -87.08356    0.00013                          mtd11
  336   2.032   -87.08355    0.00013                          gc
  337   2.034   -87.08355    0.00013                          gc
  338   2.034   -87.08355    0.00013                          gc
  339   2.034   -87.08355    0.00013                          mtd7
  340   2.040   -87.08354    0.00013                          gc
  341   2.041   -87.08354    0.00013                          mtd7
  342   2.041   -87.08354    0.00013                          mtd8
  343   2.041   -87.08354    0.00013                          gc
  344   2.042   -87.08354    0.00013                          gc
  345   2.042   -87.08354    0.00013                          gc
  346   2.042   -87.08354    0.00013                          gc
  347   2.042   -87.08354    0.00013                          gc
  348   2.043   -87.08354    0.00013                          gc
  349   2.044   -87.08354    0.00013                          mtd10
  350   2.045   -87.08353    0.00013                          mtd8
  351   2.048   -87.08353    0.00012                          gc
  352   2.048   -87.08353    0.00012                          gc
  353   2.048   -87.08353    0.00012                          gc
  354   2.049   -87.08353    0.00012                          gc
  355   2.049   -87.08353    0.00012                          gc
  356   2.050   -87.08353    0.00012                          gc
  357   2.052   -87.08352    0.00012                          gc
  358   2.052   -87.08352    0.00012                          gc
  359   2.053   -87.08352    0.00012                          mtd11
  360   2.055   -87.08352    0.00012                          gc
  361   2.055   -87.08352    0.00012                          mtd8
  362   2.055   -87.08352    0.00012                          gc
  363   2.056   -87.08352    0.00012                          gc
  364   2.060   -87.08351    0.00012                          gc
  365   2.060   -87.08351    0.00012                          gc
  366   2.060   -87.08351    0.00012                          gc
  367   2.061   -87.08351    0.00012                          gc
  368   2.062   -87.08351    0.00012                          gc
  369   2.062   -87.08351    0.00012                          gc
  370   2.063   -87.08351    0.00012                          mtd11
  371   2.064   -87.08350    0.00012                          gc
  372   2.065   -87.08350    0.00012                          gc
  373   2.069   -87.08350    0.00012                          gc
  374   2.070   -87.08349    0.00012                          gc
  375   2.084   -87.08347    0.00012                          gc
  376   2.091   -87.08346    0.00012                          gc
  377   2.092   -87.08346    0.00012                          gc
  378   2.049   -87.08353    0.00012    0.00073   30    6     gc
  379   2.050   -87.08353    0.00012                          gc
  380   2.061   -87.08351    0.00012                          mtd10
  381   2.062   -87.08351    0.00012                          mtd7
  382   2.082   -87.08347    0.00012                          mtd7
  383   2.098   -87.08345    0.00011                          gc
  384   3.577   -87.08109    0.00001    0.00017   31   19     mtd6
  385   3.580   -87.08109    0.00001                          mtd14
  386   3.581   -87.08109    0.00001                          mtd4
  387   3.584   -87.08108    0.00001                          mtd5
  388   3.585   -87.08108    0.00001                          mtd14
  389   3.585   -87.08108    0.00001                          mtd4
  390   3.586   -87.08108    0.00001                          mtd7
  391   3.587   -87.08108    0.00001                          mtd4
  392   3.595   -87.08106    0.00001                          mtd11
  393   3.597   -87.08106    0.00001                          mtd6
  394   3.597   -87.08106    0.00001                          mtd4
  395   3.598   -87.08106    0.00001                          mtd6
  396   3.603   -87.08105    0.00001                          mtd1
  397   3.603   -87.08105    0.00001                          mtd6
  398   3.605   -87.08105    0.00001                          mtd6
  399   3.610   -87.08104    0.00001                          mtd6
  400   3.626   -87.08101    0.00001                          mtd1
  401   3.677   -87.08093    0.00001                          mtd2
  402   3.763   -87.08080    0.00001                          mtd13
  403   3.584   -87.08108    0.00001    0.00030   32   34     mtd6
  404   3.585   -87.08108    0.00001                          mtd4
  405   3.590   -87.08107    0.00001                          mtd12
  406   3.591   -87.08107    0.00001                          mtd1
  407   3.592   -87.08107    0.00001                          mtd9
  408   3.594   -87.08107    0.00001                          mtd2
  409   3.597   -87.08106    0.00001                          mtd4
  410   3.597   -87.08106    0.00001                          mtd11
  411   3.597   -87.08106    0.00001                          mtd6
  412   3.598   -87.08106    0.00001                          mtd6
  413   3.598   -87.08106    0.00001                          mtd5
  414   3.600   -87.08106    0.00001                          mtd4
  415   3.602   -87.08105    0.00001                          mtd11
  416   3.603   -87.08105    0.00001                          mtd1
  417   3.605   -87.08105    0.00001                          mtd4
  418   3.608   -87.08104    0.00001                          mtd4
  419   3.609   -87.08104    0.00001                          mtd4
  420   3.610   -87.08104    0.00001                          mtd2
  421   3.610   -87.08104    0.00001                          mtd11
  422   3.611   -87.08104    0.00001                          mtd12
  423   3.616   -87.08103    0.00001                          mtd2
  424   3.620   -87.08102    0.00001                          mtd2
  425   3.620   -87.08102    0.00001                          mtd2
  426   3.621   -87.08102    0.00001                          mtd1
  427   3.628   -87.08101    0.00001                          mtd5
  428   3.638   -87.08100    0.00001                          mtd13
  429   3.645   -87.08098    0.00001                          mtd12
  430   3.647   -87.08098    0.00001                          mtd2
  431   3.650   -87.08098    0.00001                          mtd9
  432   3.650   -87.08098    0.00001                          mtd4
  433   3.654   -87.08097    0.00001                          mtd11
  434   3.663   -87.08096    0.00001                          mtd10
  435   3.668   -87.08095    0.00001                          mtd7
  436   3.689   -87.08091    0.00001                          mtd7
  437   3.585   -87.08108    0.00001    0.00014   33   17     mtd3
  438   3.585   -87.08108    0.00001                          mtd4
  439   3.596   -87.08106    0.00001                          mtd7
  440   3.597   -87.08106    0.00001                          mtd12
  441   3.601   -87.08105    0.00001                          mtd12
  442   3.605   -87.08105    0.00001                          mtd2
  443   3.633   -87.08100    0.00001                          mtd11
  444   3.669   -87.08094    0.00001                          mtd7
  445   3.681   -87.08093    0.00001                          mtd7
  446   3.701   -87.08089    0.00001                          mtd11
  447   3.738   -87.08084    0.00001                          mtd2
  448   3.740   -87.08083    0.00001                          mtd5
  449   3.741   -87.08083    0.00001                          mtd12
  450   3.743   -87.08083    0.00001                          mtd2
  451   3.748   -87.08082    0.00001                          mtd5
  452   3.808   -87.08072    0.00001                          mtd1
  453   3.817   -87.08071    0.00001                          mtd13
  454   3.586   -87.08108    0.00001    0.00012   34   14     mtd5
  455   3.592   -87.08107    0.00001                          mtd11
  456   3.593   -87.08107    0.00001                          mtd5
  457   3.596   -87.08106    0.00001                          mtd3
  458   3.596   -87.08106    0.00001                          mtd12
  459   3.597   -87.08106    0.00001                          mtd7
  460   3.604   -87.08105    0.00001                          mtd5
  461   3.663   -87.08096    0.00001                          mtd6
  462   3.716   -87.08087    0.00001                          mtd8
  463   3.718   -87.08087    0.00001                          mtd11
  464   3.729   -87.08085    0.00001                          mtd2
  465   3.730   -87.08085    0.00001                          mtd1
  466   3.744   -87.08083    0.00001                          mtd11
  467   3.751   -87.08081    0.00001                          mtd11
  468   3.587   -87.08108    0.00001    0.00008   35    9     mtd2
  469   3.591   -87.08107    0.00001                          mtd6
  470   3.607   -87.08104    0.00001                          mtd12
  471   3.629   -87.08101    0.00001                          mtd14
  472   3.649   -87.08098    0.00001                          mtd3
  473   3.651   -87.08097    0.00001                          mtd14
  474   3.653   -87.08097    0.00001                          mtd5
  475   3.659   -87.08096    0.00001                          mtd6
  476   3.683   -87.08092    0.00001                          mtd2
  477   3.628   -87.08101    0.00001    0.00018   36   21     mtd4
  478   3.628   -87.08101    0.00001                          mtd11
  479   3.630   -87.08101    0.00001                          mtd14
  480   3.632   -87.08100    0.00001                          mtd5
  481   3.632   -87.08100    0.00001                          mtd14
  482   3.635   -87.08100    0.00001                          mtd3
  483   3.635   -87.08100    0.00001                          mtd5
  484   3.637   -87.08100    0.00001                          mtd14
  485   3.638   -87.08099    0.00001                          mtd14
  486   3.638   -87.08099    0.00001                          mtd2
  487   3.639   -87.08099    0.00001                          mtd2
  488   3.640   -87.08099    0.00001                          mtd6
  489   3.642   -87.08099    0.00001                          mtd5
  490   3.646   -87.08098    0.00001                          mtd5
  491   3.651   -87.08097    0.00001                          mtd14
  492   3.654   -87.08097    0.00001                          mtd5
  493   3.655   -87.08097    0.00001                          mtd14
  494   3.666   -87.08095    0.00001                          mtd8
  495   3.684   -87.08092    0.00001                          mtd6
  496   3.687   -87.08092    0.00001                          mtd12
  497   3.690   -87.08091    0.00001                          mtd5
  498   3.640   -87.08099    0.00001    0.00011   37   13     mtd2
  499   3.640   -87.08099    0.00001                          mtd4
  500   3.645   -87.08098    0.00001                          mtd4
  501   3.650   -87.08098    0.00001                          mtd2
  502   3.654   -87.08097    0.00001                          mtd7
  503   3.656   -87.08097    0.00001                          mtd4
  504   3.665   -87.08095    0.00001                          mtd4
  505   3.675   -87.08094    0.00001                          mtd7
  506   3.682   -87.08093    0.00001                          mtd1
  507   3.686   -87.08092    0.00001                          mtd7
  508   3.687   -87.08092    0.00001                          mtd9
  509   3.691   -87.08091    0.00001                          mtd4
  510   3.696   -87.08090    0.00001                          mtd9
  511   3.679   -87.08093    0.00001    0.00001   38    1     mtd12
  512   3.714   -87.08087    0.00001    0.00002   39    3     mtd5
  513   3.743   -87.08083    0.00001                          mtd8
  514   3.819   -87.08071    0.00001                          mtd11
  515   3.773   -87.08078    0.00001    0.00001   40    2     mtd13
  516   3.860   -87.08064    0.00001                          mtd7
  517   3.799   -87.08074    0.00001    0.00002   41    4     mtd7
  518   3.842   -87.08067    0.00001                          mtd9
  519   3.897   -87.08058    0.00001                          mtd7
  520   3.907   -87.08057    0.00001                          mtd10
  521   3.815   -87.08071    0.00001    0.00001   42    1     mtd5
  522   3.918   -87.08055    0.00001    0.00001   43    1     mtd12
  523   3.938   -87.08052    0.00001    0.00002   44    4     mtd13
  524   3.962   -87.08048    0.00000                          mtd2
  525   3.996   -87.08042    0.00000                          mtd5
  526   4.076   -87.08030    0.00000                          mtd7
  527   3.954   -87.08049    0.00001    0.00001   45    1     mtd1
  528   3.954   -87.08049    0.00001    0.00001   46    1     mtd8
  529   3.958   -87.08048    0.00000    0.00001   47    2     mtd4
  530   4.048   -87.08034    0.00000                          mtd5
  531   3.979   -87.08045    0.00000    0.00001   48    3     mtd10
  532   4.000   -87.08042    0.00000                          mtd7
  533   4.035   -87.08036    0.00000                          mtd7
  534   3.990   -87.08043    0.00000    0.00000   49    1     mtd11
  535   4.009   -87.08040    0.00000    0.00001   50    3     mtd13
  536   4.041   -87.08035    0.00000                          mtd7
  537   4.068   -87.08031    0.00000                          mtd7
  538   4.015   -87.08039    0.00000    0.00000   51    1     mtd11
  539   4.210   -87.08008    0.00000    0.00001   52    2     mtd8
  540   4.249   -87.08002    0.00000                          mtd5
  541   4.221   -87.08007    0.00000    0.00000   53    1     mtd7
  542   4.259   -87.08001    0.00000    0.00000   54    1     mtd7
  543   5.060   -87.07873    0.00000    0.00001   55    7     mtd4
  544   5.065   -87.07872    0.00000                          mtd7
  545   5.067   -87.07872    0.00000                          mtd7
  546   5.068   -87.07872    0.00000                          gc
  547   5.074   -87.07871    0.00000                          mtd4
  548   5.086   -87.07869    0.00000                          mtd4
  549   5.119   -87.07863    0.00000                          gc
  550   5.129   -87.07862    0.00000    0.00000   56    1     mtd10
  551   5.183   -87.07853    0.00000    0.00000   57    1     mtd10
  552   5.562   -87.07793    0.00000    0.00000   58    6     gc
  553   5.573   -87.07791    0.00000                          gc
  554   5.584   -87.07789    0.00000                          gc
  555   5.594   -87.07788    0.00000                          mtd4
  556   5.596   -87.07787    0.00000                          mtd4
  557   5.619   -87.07784    0.00000                          gc
  558   5.581   -87.07790    0.00000    0.00000   59    2     mtd10
  559   5.598   -87.07787    0.00000                          mtd10
  560   5.590   -87.07788    0.00000    0.00000   60   14     gc
  561   5.594   -87.07788    0.00000                          gc
  562   5.611   -87.07785    0.00000                          gc
  563   5.613   -87.07785    0.00000                          gc
  564   5.616   -87.07784    0.00000                          gc
  565   5.622   -87.07783    0.00000                          gc
  566   5.623   -87.07783    0.00000                          gc
  567   5.625   -87.07783    0.00000                          gc
  568   5.626   -87.07783    0.00000                          gc
  569   5.627   -87.07783    0.00000                          gc
  570   5.629   -87.07782    0.00000                          gc
  571   5.635   -87.07781    0.00000                          gc
  572   5.639   -87.07781    0.00000                          gc
  573   5.647   -87.07779    0.00000                          mtd4
  574   5.599   -87.07787    0.00000    0.00001   61   45     gc
  575   5.600   -87.07787    0.00000                          gc
  576   5.601   -87.07787    0.00000                          gc
  577   5.601   -87.07787    0.00000                          gc
  578   5.603   -87.07786    0.00000                          gc
  579   5.603   -87.07786    0.00000                          gc
  580   5.604   -87.07786    0.00000                          gc
  581   5.604   -87.07786    0.00000                          mtd4
  582   5.605   -87.07786    0.00000                          gc
  583   5.607   -87.07786    0.00000                          gc
  584   5.609   -87.07785    0.00000                          gc
  585   5.609   -87.07785    0.00000                          gc
  586   5.611   -87.07785    0.00000                          gc
  587   5.612   -87.07785    0.00000                          gc
  588   5.613   -87.07785    0.00000                          gc
  589   5.617   -87.07784    0.00000                          gc
  590   5.621   -87.07784    0.00000                          gc
  591   5.623   -87.07783    0.00000                          gc
  592   5.625   -87.07783    0.00000                          gc
  593   5.625   -87.07783    0.00000                          gc
  594   5.627   -87.07783    0.00000                          gc
  595   5.628   -87.07782    0.00000                          gc
  596   5.630   -87.07782    0.00000                          gc
  597   5.630   -87.07782    0.00000                          gc
  598   5.632   -87.07782    0.00000                          gc
  599   5.634   -87.07781    0.00000                          gc
  600   5.636   -87.07781    0.00000                          gc
  601   5.639   -87.07781    0.00000                          gc
  602   5.640   -87.07781    0.00000                          gc
  603   5.642   -87.07780    0.00000                          gc
  604   5.644   -87.07780    0.00000                          gc
  605   5.647   -87.07779    0.00000                          gc
  606   5.657   -87.07778    0.00000                          gc
  607   5.664   -87.07777    0.00000                          gc
  608   5.665   -87.07777    0.00000                          gc
  609   5.665   -87.07776    0.00000                          gc
  610   5.667   -87.07776    0.00000                          gc
  611   5.675   -87.07775    0.00000                          gc
  612   5.676   -87.07775    0.00000                          gc
  613   5.676   -87.07775    0.00000                          gc
  614   5.677   -87.07775    0.00000                          gc
  615   5.694   -87.07772    0.00000                          gc
  616   5.696   -87.07771    0.00000                          gc
  617   5.711   -87.07769    0.00000                          gc
  618   5.719   -87.07768    0.00000                          gc
  619   5.664   -87.07777    0.00000    0.00001   62   42     gc
  620   5.665   -87.07776    0.00000                          gc
  621   5.665   -87.07776    0.00000                          gc
  622   5.666   -87.07776    0.00000                          gc
  623   5.667   -87.07776    0.00000                          gc
  624   5.667   -87.07776    0.00000                          gc
  625   5.668   -87.07776    0.00000                          gc
  626   5.670   -87.07776    0.00000                          gc
  627   5.671   -87.07776    0.00000                          gc
  628   5.671   -87.07775    0.00000                          gc
  629   5.671   -87.07775    0.00000                          gc
  630   5.671   -87.07775    0.00000                          gc
  631   5.673   -87.07775    0.00000                          gc
  632   5.676   -87.07775    0.00000                          gc
  633   5.678   -87.07774    0.00000                          gc
  634   5.679   -87.07774    0.00000                          gc
  635   5.683   -87.07774    0.00000                          gc
  636   5.685   -87.07773    0.00000                          gc
  637   5.686   -87.07773    0.00000                          gc
  638   5.686   -87.07773    0.00000                          gc
  639   5.687   -87.07773    0.00000                          gc
  640   5.687   -87.07773    0.00000                          gc
  641   5.689   -87.07773    0.00000                          gc
  642   5.690   -87.07772    0.00000                          gc
  643   5.691   -87.07772    0.00000                          gc
  644   5.691   -87.07772    0.00000                          gc
  645   5.692   -87.07772    0.00000                          gc
  646   5.692   -87.07772    0.00000                          gc
  647   5.692   -87.07772    0.00000                          gc
  648   5.693   -87.07772    0.00000                          gc
  649   5.694   -87.07772    0.00000                          gc
  650   5.696   -87.07772    0.00000                          gc
  651   5.697   -87.07771    0.00000                          gc
  652   5.697   -87.07771    0.00000                          gc
  653   5.697   -87.07771    0.00000                          gc
  654   5.698   -87.07771    0.00000                          gc
  655   5.699   -87.07771    0.00000                          gc
  656   5.703   -87.07770    0.00000                          gc
  657   5.714   -87.07769    0.00000                          gc
  658   5.716   -87.07768    0.00000                          gc
  659   5.719   -87.07768    0.00000                          gc
  660   5.731   -87.07766    0.00000                          gc
T /K                                  :   298.15
E lowest                              :   -87.08679
ensemble average energy (kcal)        :    0.130
ensemble entropy (J/mol K, cal/mol K) :   47.842   11.434
ensemble free energy (kcal/mol)       :   -3.409
population of lowest in %             :   22.468
 number of unique conformers for further calc           62
 list of relative energies saved as "crest.energies"
 Normal termination.
 
 -----------------
 Wall Time Summary
 -----------------
             test MD wall time :         0h : 2m : 9s
                 MTD wall time :         0h :56m :18s
      multilevel OPT wall time :         4h :57m :19s
                  MD wall time :         0h :35m :29s
                  GC wall time :         0h :18m : 5s
--------------------
Overall wall time  : 7h : 7m :21s
 
 CREST terminated normally.
