      -----------------------------------------------------------      
     |                   =====================                   |     
     |                           x T B                           |     
     |                   =====================                   |     
     |                         S. Grimme                         |     
     |          Mulliken Center for Theoretical Chemistry        |     
     |                    University of Bonn                     |     
     |                Version 6.2 RC2 (SAW190805)                |     
      -----------------------------------------------------------      

   This program is distributed in the hope that it will be useful,
   but WITHOUT ANY WARRANTY; without even the implied warranty of
   MERCHANTABILITY or FITNESS FOR A PARTICULAR PURPOSE.
   
   FOR NON-COMMERCIAL, ACADEMIA USE ONLY.
   
   Cite this work as:
   * S. Grimme, C. Bannwarth, P. Shushkov, J. Chem. Theory Comput., 2017,
     13, 1989-2009. DOI: 10.1021/acs.jctc.7b00118
   * C. Bannwarth, S. Ehlert and S. Grimme., J. Chem. Theory Comput., 2019,
     15, 1652-1671. DOI: 10.1021/acs.jctc.8b01176
   * P. Pracht, E. Caldeweyher, S. Ehlert, S. Grimme, ChemRxiv, 2019, preprint.
     DOI: 10.26434/chemrxiv.8326202.v1
   
   for DFT-D4:
   * E. Caldeweyher, C. Bannwarth and S. Grimme, J. Chem. Phys., 2017,
     147, 034112. DOI: 10.1063/1.4993215
   * E. Caldeweyher, S. Ehlert, A. Hansen, H. Neugebauer, S. Spicher,
     C. Bannwarth and S. Grimme, J. Chem. Phys., 2019, 150, 154122.
     DOI: 10.1063/1.5090222
   
   for sTDA-xTB:
   * S. Grimme and C. Bannwarth, J. Chem. Phys., 2016, 145, 054103.
     DOI: 10.1063/1.4959605
   
   in the mass-spec context:
   * V. Asgeirsson, C. Bauer and S. Grimme, Chem. Sci., 2017, 8, 4879.
     DOI: 10.1039/c7sc00601b
   
   for metadynamics refer to:
   * S. Grimme, J. Chem. Theory Comput., 2019, 155, 2847-2862
     DOI: 10.1021/acs.jctc.9b00143
   
   with help from (in alphabetical order)
   C. Bannwarth, F. Bohle, G. Brandenburg, E. Caldeweyher, M. Checinski,
   S. Dohm, S. Ehlert, S. Ehrlich, F. März, H. Neugebauer, J. Pisarek,
   P. Pracht, P. Shushkov, and S. Spicher.
   
 * started run on 2021/06/21 at 23:12:52.058     

           -------------------------------------------------
          |                Calculation Setup                |
           -------------------------------------------------

          program call               : /home/atarzia/software/xtb-190806/bin/xtb /data/atarzia/projects/unsymm/screening/production/free_energy_calculations/fe_5a3_a/input_structure.xyz --gfn 2 --hess --parallel 6 --etemp 300 --gbsa dmso --chrg 4 --uhf 0 -I det_control.in
          coordinate file            : /data/atarzia/projects/unsymm/screening/production/free_energy_calculations/fe_5a3_a/input_structure.xyz
          omp threads                :                     6
          number of atoms            :                   186
          number of electrons        :                   568
          charge                     :                     4
          spin                       :                   0.0
          first test random number   :      0.21871203677287


########################################################################
# WARNING! Please study the warnings concerning your input carefully
#  - XTBHOME is not set, using HOME instead
#  - XTBPATH is not set, using XTBHOME instead
#  - Process number higher than OMP_NUM_THREADS, I hope you know what you are doing.
########################################################################

           ------------------------------------------------- 
          |                 G F N 2 - x T B                 |
          | Geometry, Frequencies, Noncovalent interactions |
          |            JCTC 2019 parametrisation            |
           ------------------------------------------------- 
             k(s)              :                1.8500
             k(p)              :                2.2300
             k(d)              :                2.2300
             k(f)              :                2.0000
             kEN (H0ij)        :               -2.0000
             D4 a1             :                0.5200
             D4 a2             :                5.0000
             D4 s6             :                1.0000
             D4 s8             :                2.7000
             D4 s9             :                5.0000
             alphaj            :                2.0000

  Z AO/shell   Hii/eV     exponent
  1     Wed Apr 25 08:07:45 CEST 2018   EN: 2.200 GM2: 0.406  GM3: 0.0800  RAES: 1.40
     1s    -10.707211    1.230000
  6     Wed Apr 25 08:07:45 CEST 2018   EN: 2.550 GM2: 0.538  GM3: 0.1500  RAES: 3.00
     2s    -13.970922    2.096432
     2p    -10.063292    1.800000
  7     Wed Apr 25 08:07:45 CEST 2018   EN: 3.040 GM2: 0.461  GM3:-0.0640  RAES: 1.90
     2s    -16.686243    2.339881
     2p    -12.523956    2.014332
 46     Wed Apr 25 16:26:58 CEST 2018   EN: 2.200 GM2: 0.273  GM3: 0.0800  RAES: 5.00
     4d    -11.963518    2.353691
     5s     -9.714059    1.828354
     5p     -2.035281    1.333352

 Solvent             : dmso
 Using internal parameter file: .param_gbsa2_dmso
 Gsolv ref. state (COSMO-RS): gsolv [1 M gas/solution]
 temperature (mdtemp)       :    298.150000000000     
 dielectric constant        :    46.6800000000000     
 rho                        :    1.10000000000000     
 mass                       :    78.1300000000000     
 surface tension            :    15.5689454083859     
 probe radius               :   0.949087640000000     
 vdW radii scaling          :    1.00000000000000     
 Gshift (Eh)                :   5.161738145414381E-003
 c1                         :    1.63948621000000     
 soset                      :   1.179665000000000E-002
 HB correction              :  T
           ------------------------------------------------- 
          |        Self-Consistent Charge Iterations        |
           ------------------------------------------------- 

          ...................................................
          :                      SETUP                      :
          :.................................................:
          :  # basis functions                 564          :
          :  # atomic orbitals                 562          :
          :  # shells                          310          :
          :  # electrons                       568          :
          :  max. iterations                   250          :
          :  Hamiltonian                  GFN2-xTB          :
          :  restarted?                      false          :
          :  GBSA solvation                   true          :
          :  PC potential                    false          :
          :  electronic temp.          300.0000000     K    :
          :  accuracy                    1.0000000          :
          :  -> integral cutoff          0.2500000E+02      :
          :  -> integral neglect         0.1000000E-07      :
          :  -> SCF convergence          0.1000000E-05 Eh   :
          :  -> wf. convergence          0.1000000E-03 e    :
          :  Broyden damping             0.4000000          :
          ...................................................

 iter      E             dE          RMSdq      gap      omega  full diag
   1   -308.6731427 -0.308673E+03  0.605E+00    2.09       0.0  T
   2   -309.1573817 -0.484239E+00  0.400E+00    1.58       1.0  T
   3   -308.8732974  0.284084E+00  0.214E+00    1.75       1.0  T
   4   -309.3218052 -0.448508E+00  0.949E-01    1.83       1.0  T
   5   -309.4032383 -0.814331E-01  0.465E-01    1.83       1.0  T
   6   -309.4372475 -0.340092E-01  0.187E-01    1.86       1.0  T
   7   -309.4395571 -0.230952E-02  0.827E-02    1.87       1.0  T
   8   -309.4396262 -0.691381E-04  0.299E-02    1.87       1.0  T
   9   -309.4396896 -0.633995E-04  0.135E-02    1.87       1.0  T
  10   -309.4397023 -0.126810E-04  0.524E-03    1.87       1.4  T
  11   -309.4397031 -0.855940E-06  0.328E-03    1.87       2.2  T
  12   -309.4397036 -0.432733E-06  0.183E-03    1.87       4.0  T
  13   -309.4397039 -0.345896E-06  0.906E-04    1.87       8.1  T
  14   -309.4397040 -0.764210E-07  0.454E-04    1.87      16.1  T

   *** convergence criteria satisfied after 14 iterations ***

         #    Occupation            Energy/Eh            Energy/eV
      -------------------------------------------------------------
         1        2.0000           -0.7287093             -19.8292
       ...           ...                  ...                  ...
       278        2.0000           -0.3963618             -10.7856
       279        2.0000           -0.3963496             -10.7852
       280        2.0000           -0.3961897             -10.7809
       281        2.0000           -0.3865916             -10.5197
       282        2.0000           -0.3865905             -10.5197
       283        2.0000           -0.3865862             -10.5195
       284        2.0000           -0.3865165             -10.5176 (HOMO)
       285                         -0.3177515              -8.6465 (LUMO)
       286                         -0.3177208              -8.6456
       287                         -0.3153295              -8.5806
       288                         -0.3144952              -8.5579
       289                         -0.3089988              -8.4083
       ...                                ...                  ...
       562                          1.4063199              38.2679
      -------------------------------------------------------------
                  HL-Gap            0.0687650 Eh            1.8712 eV
             Fermi-level           -0.3521340 Eh           -9.5821 eV

 SCC (total)                   0 d,  0 h,  0 min,  3.842 sec
 SCC setup                      ...        0 min,  0.156 sec (  4.054%)
 Dispersion                     ...        0 min,  0.067 sec (  1.731%)
 integral evaluation            ...        0 min,  0.566 sec ( 14.739%)
 zeroth order Hamiltonian       ...        0 min,  0.004 sec (  0.107%)
 iterations                     ...        0 min,  2.663 sec ( 69.318%)
 molecular gradient             ...        0 min,  0.365 sec (  9.511%)
 printout                       ...        0 min,  0.021 sec (  0.537%)

         :::::::::::::::::::::::::::::::::::::::::::::::::::::
         ::                     SUMMARY                     ::
         :::::::::::::::::::::::::::::::::::::::::::::::::::::
         :: total energy            -303.571503671383 Eh    ::
         :: total w/o Gsasa/hb      -303.427381906554 Eh    ::
         :: gradient norm              0.000787258457 Eh/a0 ::
         :: HOMO-LUMO gap              1.871191472847 eV    ::
         ::.................................................::
         :: SCC energy              -309.569680261994 Eh    ::
         :: -> isotropic ES            0.591795793321 Eh    ::
         :: -> anisotropic ES         -0.084506837703 Eh    ::
         :: -> anisotropic XC          0.213816406642 Eh    ::
         :: -> dispersion             -0.265573365593 Eh    ::
         :: -> Gsolv                  -0.648574171754 Eh    ::
         ::    -> Gborn               -0.504452406925 Eh    ::
         ::    -> Gsasa               -0.135138017580 Eh    ::
         ::    -> Ghb                 -0.014145485394 Eh    ::
         ::    -> Gshift               0.005161738145 Eh    ::
         :: repulsion energy           5.997711614154 Eh    ::
         :: add. restraining           0.000000000000 Eh    ::
         :::::::::::::::::::::::::::::::::::::::::::::::::::::

           ------------------------------------------------- 
          |                Numerical Hessian                |
           ------------------------------------------------- 
step length          :   0.00500
SCC accuracy         :   0.30000
Hessian scale factor :   1.00000
frozen atoms in %    :   0.00000    0
RMS gradient         :   0.00079
estimated CPU  time    148.22 min
estimated wall time     43.84 min

writing file <hessian>.

 projected vibrational frequencies (cm-1)
eigval :       -0.00    -0.00    -0.00     0.00     0.00     0.00
eigval :        4.61     5.18     5.37     5.61     9.29    13.22
eigval :       13.23    13.64    15.15    15.24    17.97    19.81
eigval :       25.24    27.42    28.84    28.89    34.20    36.41
eigval :       36.78    38.35    39.62    41.38    44.50    44.54
eigval :       50.54    50.57    50.77    53.85    70.15    74.76
eigval :       74.81    75.63    75.89    77.66    79.00    82.15
eigval :       82.24    94.68    94.91    98.66    99.78    99.83
eigval :      102.76   103.10   108.01   108.24   113.68   113.81
eigval :      119.25   123.58   130.25   130.27   135.94   142.55
eigval :      147.77   147.83   153.40   163.90   167.48   167.74
eigval :      176.21   176.46   177.52   178.43   181.05   181.13
eigval :      187.32   190.62   190.81   193.87   196.61   196.65
eigval :      198.86   200.85   204.04   204.32   210.44   228.24
eigval :      235.71   237.91   241.63   241.69   262.58   271.62
eigval :      271.71   277.36   277.51   278.95   280.84   289.06
eigval :      289.75   290.69   290.84   296.26   301.47   301.52
eigval :      307.59   308.17   308.19   308.56   336.12   337.41
eigval :      337.55   337.95   338.69   338.74   346.69   353.72
eigval :      357.80   358.90   358.95   359.63   369.18   388.47
eigval :      390.82   392.51   392.69   394.75   397.95   398.11
eigval :      430.36   430.69   430.79   430.85   432.79   432.80
eigval :      432.99   433.26   437.69   439.21   439.39   439.57
eigval :      439.88   451.41   451.54   452.14   453.96   454.79
eigval :      456.47   456.62   463.28   463.55   463.57   464.38
eigval :      482.60   482.84   482.86   484.22   490.71   491.64
eigval :      491.66   492.23   492.46   492.60   492.65   492.79
eigval :      502.23   513.96   519.33   520.42   520.58   521.78
eigval :      522.54   522.55   536.30   539.57   541.23   541.39
eigval :      560.52   564.68   565.15   565.17   569.32   570.08
eigval :      570.54   570.62   599.49   599.60   599.62   599.67
eigval :      604.83   609.59   609.84   609.90   612.25   619.39
eigval :      619.45   619.57   620.00   624.83   628.45   628.47
eigval :      632.04   633.22   633.52   633.52   660.15   670.26
eigval :      670.29   672.40   672.61   674.45   674.59   674.60
eigval :      718.45   718.60   718.63   718.66   723.70   725.53
eigval :      725.89   726.05   755.04   756.08   756.09   756.90
eigval :      766.01   773.46   776.03   776.13   778.58   779.07
eigval :      781.07   782.52   789.05   789.40   789.63   790.21
eigval :      793.88   798.91   798.91   798.93   798.99   799.86
eigval :      799.88   799.90   805.66   819.85   819.99   830.58
eigval :      836.75   839.75   841.11   841.12   841.41   844.02
eigval :      844.23   844.44   844.83   850.90   851.02   851.40
eigval :      851.79   852.47   852.53   852.68   860.13   860.54
eigval :      860.57   863.89   864.19   864.58   864.99   867.06
eigval :      875.71   879.78   882.73   882.76   884.10   889.71
eigval :      890.21   890.38   893.03   894.08   894.72   895.12
eigval :      895.52   895.76   897.18   898.73   920.17   920.37
eigval :      920.38   920.83   926.53   926.64   926.76   927.19
eigval :      930.20   930.67   930.85   931.44   933.25   933.29
eigval :      934.06   934.35   946.72   947.85   948.33   948.35
eigval :      974.45   977.33   978.74   978.76  1000.08  1003.22
eigval :     1003.23  1005.98  1044.18  1045.24  1045.28  1046.26
eigval :     1075.05  1075.37  1075.50  1075.67  1082.26  1083.06
eigval :     1083.12  1085.66  1107.61  1107.89  1107.96  1108.80
eigval :     1120.81  1123.98  1124.08  1129.12  1134.61  1135.42
eigval :     1135.46  1136.01  1142.03  1143.13  1143.14  1143.99
eigval :     1153.34  1158.90  1159.06  1164.28  1164.44  1168.07
eigval :     1168.09  1170.19  1170.77  1170.90  1170.92  1170.98
eigval :     1172.28  1172.31  1173.84  1179.39  1186.47  1189.36
eigval :     1189.43  1195.55  1205.43  1207.56  1207.58  1210.21
eigval :     1213.69  1215.63  1215.71  1219.74  1220.16  1220.55
eigval :     1220.77  1223.15  1224.12  1224.56  1224.62  1225.02
eigval :     1225.52  1228.67  1228.77  1238.30  1252.45  1252.50
eigval :     1252.52  1252.59  1286.43  1286.45  1286.56  1288.93
eigval :     1293.22  1293.28  1294.46  1295.35  1295.60  1295.63
eigval :     1295.65  1297.49  1305.86  1305.92  1306.11  1307.61
eigval :     1317.23  1317.44  1317.44  1318.35  1342.86  1342.91
eigval :     1345.08  1347.52  1367.74  1368.35  1368.37  1369.33
eigval :     1374.27  1374.31  1375.19  1378.32  1386.19  1387.10
eigval :     1387.15  1388.05  1394.25  1394.34  1394.36  1394.53
eigval :     1399.25  1400.39  1400.46  1401.90  1414.72  1415.05
eigval :     1415.07  1415.39  1421.18  1421.59  1421.60  1421.86
eigval :     1447.45  1447.45  1447.85  1448.16  1457.41  1457.48
eigval :     1458.13  1458.80  1466.85  1466.95  1467.87  1468.27
eigval :     1493.66  1493.76  1493.77  1493.89  1524.49  1525.40
eigval :     1526.57  1526.60  1535.49  1535.58  1535.70  1535.80
eigval :     1539.37  1539.43  1539.47  1539.59  1546.73  1546.86
eigval :     1546.92  1547.23  1557.28  1558.73  1559.37  1559.44
eigval :     1568.19  1568.52  1568.84  1568.86  1585.14  1585.20
eigval :     1585.25  1585.28  1593.74  1593.82  1593.83  1593.93
eigval :     2301.65  2301.84  2301.94  2302.33  2303.68  2303.88
eigval :     2304.20  2304.92  2967.88  2970.63  2970.71  2975.17
eigval :     2977.88  2977.94  2978.59  2984.76  2998.38  2999.48
eigval :     2999.67  2999.70  3000.59  3000.73  3002.70  3004.49
eigval :     3071.08  3071.10  3071.18  3071.35  3074.51  3074.63
eigval :     3075.03  3075.13  3089.88  3090.05  3090.11  3090.32
eigval :     3092.50  3092.86  3092.99  3093.51  3093.51  3093.57
eigval :     3093.62  3093.96  3094.07  3094.32  3094.67  3094.95
eigval :     3098.36  3098.53  3098.63  3098.79  3101.43  3101.49
eigval :     3101.73  3101.83  3107.84  3108.19  3108.42  3109.03
eigval :     3109.25  3109.26  3109.62  3109.98  3117.75  3118.10
eigval :     3118.67  3119.09  3119.13  3119.28  3119.36  3119.69
           -------------------------------------------------
          |                Property Printout                |
           -------------------------------------------------

    * Orbital Energies and Occupations

         #    Occupation            Energy/Eh            Energy/eV
      -------------------------------------------------------------
         1        2.0000           -0.7287020             -19.8290
       ...           ...                  ...                  ...
       272        2.0000           -0.4184462             -11.3865
       273        2.0000           -0.4184449             -11.3865
       274        2.0000           -0.4182099             -11.3801
       275        2.0000           -0.4175948             -11.3633
       276        2.0000           -0.4146944             -11.2844
       277        2.0000           -0.3963589             -10.7855
       278        2.0000           -0.3963567             -10.7854
       279        2.0000           -0.3963445             -10.7851
       280        2.0000           -0.3961846             -10.7807
       281        2.0000           -0.3865867             -10.5196
       282        2.0000           -0.3865857             -10.5195
       283        2.0000           -0.3865813             -10.5194
       284        2.0000           -0.3865116             -10.5175 (HOMO)
       285                         -0.3177458              -8.6463 (LUMO)
       286                         -0.3177151              -8.6455
       287                         -0.3153238              -8.5804
       288                         -0.3144897              -8.5577
       289                         -0.3089914              -8.4081
       290                         -0.3089621              -8.4073
       291                         -0.3059873              -8.3263
       292                         -0.3056838              -8.3181
       293                         -0.2967479              -8.0749
       294                         -0.2967223              -8.0742
       295                         -0.2944730              -8.0130
       ...                                ...                  ...
       562                          1.4063250              38.2681
      -------------------------------------------------------------
                  HL-Gap            0.0687658 Eh            1.8712 eV
             Fermi-level           -0.3521287 Eh           -9.5819 eV

     #   Z        covCN         q      C6AA      α(0)
     1  46 Pd     3.530    -0.091   274.707    34.181
     2  46 Pd     3.512    -0.087   274.488    34.168
     3   6 C      1.984    -0.024    31.705     9.093
     4   6 C      1.981    -0.036    32.029     9.139
     5   6 C      2.965     0.043    27.023     8.527
     6   6 C      2.922    -0.019    28.484     8.752
     7   6 C      2.914    -0.020    28.496     8.754
     8   6 C      2.914    -0.033    28.811     8.802
     9   6 C      2.981     0.004    27.928     8.669
    10   6 C      2.895     0.059    26.675     8.468
    11   7 N      2.667    -0.095    23.113     7.140
    12   6 C      2.914     0.040    27.113     8.539
    13   6 C      2.911    -0.028    28.695     8.784
    14   6 C      2.999     0.016    27.630     8.623
    15   1 H      0.926     0.057     2.230     2.335
    16   1 H      0.926     0.058     2.227     2.334
    17   1 H      0.926     0.071     2.071     2.250
    18   1 H      0.925     0.120     1.610     1.984
    19   1 H      0.925     0.134     1.506     1.919
    20   1 H      0.926     0.095     1.830     2.116
    21   6 C      2.968     0.037    27.161     8.548
    22   6 C      2.920    -0.028    28.709     8.787
    23   6 C      2.916    -0.033    28.814     8.802
    24   6 C      2.985     0.015    27.666     8.628
    25   6 C      2.916    -0.032    28.805     8.801
    26   6 C      2.923    -0.030    28.746     8.792
    27   6 C      2.968     0.037    27.176     8.551
    28   6 C      2.926    -0.038    28.934     8.821
    29   6 C      2.984     0.011    27.771     8.644
    30   6 C      2.930    -0.039    28.958     8.825
    31   1 H      0.926     0.037     2.486     2.465
    32   1 H      0.926     0.031     2.571     2.507
    33   1 H      0.926     0.032     2.552     2.498
    34   1 H      0.926     0.044     2.397     2.421
    35   1 H      0.926     0.076     2.016     2.220
    36   1 H      0.926     0.066     2.128     2.281
    37   6 C      1.983    -0.008    31.271     9.031
    38   6 C      1.980    -0.036    32.023     9.139
    39   6 C      2.965     0.049    26.889     8.506
    40   6 C      2.933    -0.007    28.187     8.707
    41   6 C      2.911    -0.029    28.722     8.788
    42   6 C      2.917     0.051    26.849     8.497
    43   7 N      2.666    -0.090    22.997     7.122
    44   6 C      2.900     0.049    26.903     8.504
    45   1 H      0.926     0.083     1.947     2.182
    46   1 H      0.926     0.093     1.850     2.127
    47   1 H      0.925     0.120     1.613     1.986
    48   1 H      0.925     0.138     1.478     1.901
    49   6 C      1.984    -0.025    31.705     9.093
    50   6 C      1.981    -0.036    32.028     9.139
    51   6 C      2.965     0.043    27.023     8.527
    52   6 C      2.922    -0.019    28.484     8.752
    53   6 C      2.914    -0.020    28.496     8.754
    54   6 C      2.914    -0.033    28.811     8.802
    55   6 C      2.981     0.004    27.928     8.669
    56   6 C      2.895     0.059    26.675     8.468
    57   7 N      2.667    -0.095    23.113     7.140
    58   6 C      2.914     0.040    27.114     8.539
    59   6 C      2.911    -0.028    28.695     8.784
    60   6 C      2.999     0.016    27.630     8.623
    61   1 H      0.926     0.057     2.230     2.335
    62   1 H      0.926     0.058     2.227     2.334
    63   1 H      0.926     0.071     2.070     2.250
    64   1 H      0.925     0.120     1.610     1.984
    65   1 H      0.925     0.134     1.506     1.919
    66   1 H      0.926     0.095     1.830     2.115
    67   6 C      2.968     0.037    27.161     8.548
    68   6 C      2.920    -0.028    28.709     8.787
    69   6 C      2.916    -0.033    28.814     8.802
    70   6 C      2.985     0.015    27.666     8.628
    71   6 C      2.916    -0.032    28.805     8.801
    72   6 C      2.923    -0.030    28.747     8.792
    73   6 C      2.968     0.037    27.176     8.551
    74   6 C      2.926    -0.038    28.934     8.821
    75   6 C      2.984     0.011    27.771     8.644
    76   6 C      2.930    -0.039    28.958     8.825
    77   1 H      0.926     0.037     2.485     2.465
    78   1 H      0.926     0.031     2.571     2.508
    79   1 H      0.926     0.032     2.552     2.498
    80   1 H      0.926     0.044     2.397     2.421
    81   1 H      0.926     0.076     2.016     2.220
    82   1 H      0.926     0.066     2.128     2.281
    83   6 C      1.983    -0.008    31.271     9.031
    84   6 C      1.980    -0.036    32.023     9.139
    85   6 C      2.965     0.049    26.890     8.506
    86   6 C      2.933    -0.007    28.187     8.707
    87   6 C      2.911    -0.029    28.722     8.788
    88   6 C      2.916     0.051    26.848     8.497
    89   7 N      2.666    -0.090    22.998     7.122
    90   6 C      2.900     0.049    26.902     8.504
    91   1 H      0.926     0.083     1.947     2.182
    92   1 H      0.926     0.093     1.850     2.127
    93   1 H      0.925     0.120     1.613     1.986
    94   1 H      0.925     0.138     1.478     1.901
    95   6 C      1.984    -0.025    31.705     9.093
    96   6 C      1.981    -0.036    32.029     9.139
    97   6 C      2.965     0.043    27.023     8.527
    98   6 C      2.922    -0.019    28.485     8.752
    99   6 C      2.914    -0.020    28.496     8.754
   100   6 C      2.914    -0.033    28.810     8.802
   101   6 C      2.981     0.004    27.929     8.669
   102   6 C      2.895     0.059    26.675     8.468
   103   7 N      2.667    -0.096    23.115     7.141
   104   6 C      2.914     0.040    27.113     8.539
   105   6 C      2.911    -0.028    28.695     8.784
   106   6 C      2.999     0.017    27.630     8.623
   107   1 H      0.926     0.057     2.230     2.335
   108   1 H      0.926     0.058     2.227     2.333
   109   1 H      0.926     0.071     2.070     2.250
   110   1 H      0.925     0.120     1.610     1.984
   111   1 H      0.925     0.134     1.506     1.919
   112   1 H      0.926     0.095     1.830     2.116
   113   6 C      2.968     0.037    27.160     8.548
   114   6 C      2.920    -0.028    28.709     8.787
   115   6 C      2.916    -0.033    28.814     8.802
   116   6 C      2.985     0.015    27.666     8.628
   117   6 C      2.916    -0.032    28.805     8.801
   118   6 C      2.923    -0.030    28.746     8.792
   119   6 C      2.968     0.037    27.175     8.551
   120   6 C      2.926    -0.038    28.934     8.821
   121   6 C      2.984     0.011    27.772     8.644
   122   6 C      2.930    -0.039    28.958     8.825
   123   1 H      0.926     0.037     2.486     2.465
   124   1 H      0.926     0.031     2.571     2.508
   125   1 H      0.926     0.032     2.551     2.498
   126   1 H      0.926     0.044     2.397     2.421
   127   1 H      0.926     0.076     2.016     2.220
   128   1 H      0.926     0.066     2.128     2.281
   129   6 C      1.983    -0.008    31.271     9.031
   130   6 C      1.980    -0.036    32.024     9.139
   131   6 C      2.965     0.049    26.890     8.506
   132   6 C      2.933    -0.007    28.187     8.707
   133   6 C      2.911    -0.029    28.722     8.788
   134   6 C      2.917     0.051    26.848     8.497
   135   7 N      2.666    -0.090    22.999     7.123
   136   6 C      2.901     0.049    26.902     8.504
   137   1 H      0.926     0.083     1.947     2.182
   138   1 H      0.926     0.093     1.850     2.127
   139   1 H      0.925     0.120     1.613     1.986
   140   1 H      0.925     0.138     1.478     1.901
   141   6 C      1.984    -0.025    31.705     9.093
   142   6 C      1.981    -0.036    32.029     9.139
   143   6 C      2.965     0.043    27.023     8.527
   144   6 C      2.922    -0.019    28.484     8.752
   145   6 C      2.914    -0.020    28.496     8.754
   146   6 C      2.914    -0.033    28.811     8.802
   147   6 C      2.981     0.004    27.929     8.669
   148   6 C      2.895     0.059    26.675     8.468
   149   7 N      2.667    -0.096    23.114     7.140
   150   6 C      2.914     0.040    27.114     8.539
   151   6 C      2.911    -0.028    28.695     8.784
   152   6 C      2.999     0.016    27.630     8.623
   153   1 H      0.926     0.057     2.230     2.335
   154   1 H      0.926     0.058     2.227     2.334
   155   1 H      0.926     0.071     2.070     2.250
   156   1 H      0.925     0.120     1.610     1.984
   157   1 H      0.925     0.134     1.506     1.919
   158   1 H      0.926     0.095     1.830     2.115
   159   6 C      2.968     0.037    27.161     8.548
   160   6 C      2.920    -0.028    28.709     8.787
   161   6 C      2.916    -0.033    28.815     8.802
   162   6 C      2.985     0.015    27.666     8.628
   163   6 C      2.916    -0.032    28.805     8.801
   164   6 C      2.923    -0.030    28.746     8.792
   165   6 C      2.968     0.037    27.175     8.551
   166   6 C      2.926    -0.038    28.934     8.821
   167   6 C      2.984     0.011    27.771     8.644
   168   6 C      2.930    -0.039    28.958     8.825
   169   1 H      0.926     0.037     2.486     2.465
   170   1 H      0.926     0.031     2.571     2.507
   171   1 H      0.926     0.032     2.552     2.498
   172   1 H      0.926     0.044     2.397     2.421
   173   1 H      0.926     0.076     2.016     2.220
   174   1 H      0.926     0.066     2.128     2.281
   175   6 C      1.983    -0.008    31.271     9.031
   176   6 C      1.980    -0.036    32.023     9.139
   177   6 C      2.965     0.049    26.889     8.506
   178   6 C      2.933    -0.007    28.187     8.707
   179   6 C      2.911    -0.029    28.722     8.788
   180   6 C      2.917     0.051    26.848     8.497
   181   7 N      2.666    -0.090    22.999     7.123
   182   6 C      2.900     0.049    26.903     8.504
   183   1 H      0.926     0.083     1.947     2.182
   184   1 H      0.926     0.093     1.850     2.127
   185   1 H      0.925     0.120     1.613     1.986
   186   1 H      0.925     0.138     1.478     1.901

 Mol. C6AA /au·bohr⁶  :     576756.519124
 Mol. C8AA /au·bohr⁸  :   16182951.854027
 Mol. α(0) /au        :       1245.591588


Wiberg/Mayer (AO) data.
largest (>0.10) Wiberg bond orders for each atom
          total WBO             WBO to atom ...
     1  Pd  3.524        N   57 0.597    N  149 0.597    N  103 0.597    N   11 0.597
     2  Pd  3.511        N   43 0.594    N   89 0.594    N  181 0.594    N  135 0.594
     3  C   3.945        C    4 2.638    C   21 1.135
     4  C   3.950        C    3 2.638    C    5 1.143
     5  C   3.987        C    6 1.439    C   14 1.213    C    4 1.143
     6  C   3.963        C    5 1.439    C    7 1.348    H   15 0.969
     7  C   3.987        C    8 1.532    C    6 1.348    H   16 0.968
     8  C   3.940        C    7 1.532    C    9 1.272    H   17 0.965
     9  C   3.987        C   10 1.289    C    8 1.272    C   14 1.237
    10  C   3.963        N   11 1.450    C    9 1.289    H   18 0.916    C   13 0.104
    11  N   3.538        C   10 1.450    C   12 1.239    Pd   1 0.597
    12  C   3.963        C   13 1.545    N   11 1.239    H   19 0.898
    13  C   3.982        C   12 1.545    C   14 1.293    H   20 0.956    C   10 0.104
    14  C   3.984        C   13 1.293    C    9 1.237    C    5 1.213
    15  H   0.996        C    6 0.969
    16  H   0.995        C    7 0.968
    17  H   0.994        C    8 0.965
    18  H   0.984        C   10 0.916
    19  H   0.981        C   12 0.898
    20  H   0.990        C   13 0.956
    21  C   3.988        C   30 1.452    C   22 1.248    C    3 1.135
    22  C   3.969        C   23 1.573    C   21 1.248    H   31 0.970
    23  C   3.990        C   22 1.573    C   24 1.276    H   32 0.968    C   30 0.104
    24  C   3.950        C   23 1.276    C   25 1.274    C   29 1.237
    25  C   3.990        C   26 1.575    C   24 1.274    H   33 0.967    C   28 0.104
    26  C   3.972        C   25 1.575    C   27 1.242    H   34 0.970
    27  C   3.987        C   28 1.454    C   26 1.242    C   37 1.137
    28  C   3.952        C   27 1.454    C   29 1.291    H   35 0.963    C   25 0.104
    29  C   3.989        C   30 1.292    C   28 1.291    C   24 1.237
    30  C   3.956        C   21 1.452    C   29 1.292    H   36 0.964    C   23 0.104
    31  H   0.998        C   22 0.970
    32  H   0.997        C   23 0.968
    33  H   0.997        C   25 0.967
    34  H   0.998        C   26 0.970
    35  H   0.994        C   28 0.963
    36  H   0.995        C   30 0.964
    37  C   3.947        C   38 2.638    C   27 1.137
    38  C   3.949        C   37 2.638    C   39 1.142
    39  C   3.984        C   44 1.348    C   40 1.335    C   38 1.142
    40  C   3.967        C   41 1.457    C   39 1.335    H   45 0.964
    41  C   3.980        C   40 1.457    C   42 1.422    H   46 0.961
    42  C   3.931        C   41 1.422    N   43 1.341    H   47 0.906
    43  N   3.542        C   44 1.369    C   42 1.341    Pd   2 0.594
    44  C   3.948        N   43 1.369    C   39 1.348    H   48 0.913
    45  H   0.991        C   40 0.964
    46  H   0.989        C   41 0.961
    47  H   0.985        C   42 0.906
    48  H   0.980        C   44 0.913
    49  C   3.945        C   50 2.638    C   67 1.135
    50  C   3.950        C   49 2.638    C   51 1.143
    51  C   3.987        C   52 1.439    C   60 1.213    C   50 1.143
    52  C   3.963        C   51 1.439    C   53 1.348    H   61 0.969
    53  C   3.987        C   54 1.532    C   52 1.348    H   62 0.968
    54  C   3.940        C   53 1.532    C   55 1.272    H   63 0.965
    55  C   3.987        C   56 1.289    C   54 1.272    C   60 1.237
    56  C   3.963        N   57 1.450    C   55 1.289    H   64 0.916    C   59 0.104
    57  N   3.538        C   56 1.450    C   58 1.239    Pd   1 0.597
    58  C   3.963        C   59 1.546    N   57 1.239    H   65 0.898
    59  C   3.982        C   58 1.546    C   60 1.293    H   66 0.956    C   56 0.104
    60  C   3.984        C   59 1.293    C   55 1.237    C   51 1.213
    61  H   0.996        C   52 0.969
    62  H   0.995        C   53 0.968
    63  H   0.994        C   54 0.965
    64  H   0.984        C   56 0.916
    65  H   0.981        C   58 0.898
    66  H   0.990        C   59 0.956
    67  C   3.988        C   76 1.452    C   68 1.248    C   49 1.135
    68  C   3.969        C   69 1.573    C   67 1.248    H   77 0.970
    69  C   3.990        C   68 1.573    C   70 1.276    H   78 0.968    C   76 0.104
    70  C   3.950        C   69 1.276    C   71 1.274    C   75 1.237
    71  C   3.990        C   72 1.575    C   70 1.274    H   79 0.967    C   74 0.104
    72  C   3.973        C   71 1.575    C   73 1.242    H   80 0.970
    73  C   3.987        C   74 1.454    C   72 1.242    C   83 1.137
    74  C   3.952        C   73 1.454    C   75 1.291    H   81 0.963    C   71 0.104
    75  C   3.989        C   76 1.292    C   74 1.291    C   70 1.237
    76  C   3.956        C   67 1.452    C   75 1.292    H   82 0.964    C   69 0.104
    77  H   0.998        C   68 0.970
    78  H   0.997        C   69 0.968
    79  H   0.997        C   71 0.967
    80  H   0.998        C   72 0.970
    81  H   0.994        C   74 0.963
    82  H   0.995        C   76 0.964
    83  C   3.947        C   84 2.639    C   73 1.137
    84  C   3.949        C   83 2.639    C   85 1.142
    85  C   3.984        C   90 1.348    C   86 1.335    C   84 1.142
    86  C   3.967        C   87 1.456    C   85 1.335    H   91 0.964
    87  C   3.980        C   86 1.456    C   88 1.422    H   92 0.961
    88  C   3.931        C   87 1.422    N   89 1.341    H   93 0.906
    89  N   3.542        C   90 1.369    C   88 1.341    Pd   2 0.594
    90  C   3.948        N   89 1.369    C   85 1.348    H   94 0.912
    91  H   0.991        C   86 0.964
    92  H   0.989        C   87 0.961
    93  H   0.985        C   88 0.906
    94  H   0.980        C   90 0.912
    95  C   3.945        C   96 2.638    C  113 1.135
    96  C   3.950        C   95 2.638    C   97 1.143
    97  C   3.987        C   98 1.439    C  106 1.213    C   96 1.143
    98  C   3.963        C   97 1.439    C   99 1.348    H  107 0.969
    99  C   3.987        C  100 1.532    C   98 1.348    H  108 0.968
   100  C   3.940        C   99 1.532    C  101 1.272    H  109 0.965
   101  C   3.987        C  102 1.289    C  100 1.272    C  106 1.237
   102  C   3.963        N  103 1.449    C  101 1.289    H  110 0.916    C  105 0.104
   103  N   3.538        C  102 1.449    C  104 1.239    Pd   1 0.597
   104  C   3.963        C  105 1.546    N  103 1.239    H  111 0.898
   105  C   3.982        C  104 1.546    C  106 1.293    H  112 0.956    C  102 0.104
   106  C   3.984        C  105 1.293    C  101 1.237    C   97 1.213
   107  H   0.996        C   98 0.969
   108  H   0.995        C   99 0.968
   109  H   0.994        C  100 0.965
   110  H   0.984        C  102 0.916
   111  H   0.981        C  104 0.898
   112  H   0.990        C  105 0.956
   113  C   3.988        C  122 1.452    C  114 1.248    C   95 1.135
   114  C   3.969        C  115 1.573    C  113 1.248    H  123 0.970
   115  C   3.990        C  114 1.573    C  116 1.276    H  124 0.968    C  122 0.104
   116  C   3.950        C  115 1.276    C  117 1.274    C  121 1.237
   117  C   3.990        C  118 1.575    C  116 1.274    H  125 0.967    C  120 0.104
   118  C   3.972        C  117 1.575    C  119 1.242    H  126 0.970
   119  C   3.987        C  120 1.454    C  118 1.242    C  129 1.137
   120  C   3.952        C  119 1.454    C  121 1.291    H  127 0.963    C  117 0.104
   121  C   3.989        C  122 1.292    C  120 1.291    C  116 1.237
   122  C   3.956        C  113 1.452    C  121 1.292    H  128 0.964    C  115 0.104
   123  H   0.998        C  114 0.970
   124  H   0.997        C  115 0.968
   125  H   0.997        C  117 0.967
   126  H   0.998        C  118 0.970
   127  H   0.994        C  120 0.963
   128  H   0.995        C  122 0.964
   129  C   3.947        C  130 2.639    C  119 1.137
   130  C   3.949        C  129 2.639    C  131 1.142
   131  C   3.984        C  136 1.348    C  132 1.335    C  130 1.142
   132  C   3.967        C  133 1.457    C  131 1.335    H  137 0.964
   133  C   3.980        C  132 1.457    C  134 1.422    H  138 0.961
   134  C   3.931        C  133 1.422    N  135 1.341    H  139 0.906
   135  N   3.542        C  136 1.369    C  134 1.341    Pd   2 0.594
   136  C   3.948        N  135 1.369    C  131 1.348    H  140 0.913
   137  H   0.991        C  132 0.964
   138  H   0.989        C  133 0.961
   139  H   0.985        C  134 0.906
   140  H   0.980        C  136 0.913
   141  C   3.945        C  142 2.638    C  159 1.135
   142  C   3.950        C  141 2.638    C  143 1.143
   143  C   3.987        C  144 1.439    C  152 1.213    C  142 1.143
   144  C   3.963        C  143 1.439    C  145 1.348    H  153 0.969
   145  C   3.987        C  146 1.532    C  144 1.348    H  154 0.968
   146  C   3.940        C  145 1.532    C  147 1.272    H  155 0.965
   147  C   3.987        C  148 1.289    C  146 1.272    C  152 1.237
   148  C   3.963        N  149 1.450    C  147 1.289    H  156 0.916    C  151 0.104
   149  N   3.538        C  148 1.450    C  150 1.239    Pd   1 0.597
   150  C   3.963        C  151 1.546    N  149 1.239    H  157 0.898
   151  C   3.982        C  150 1.546    C  152 1.293    H  158 0.956    C  148 0.104
   152  C   3.984        C  151 1.293    C  147 1.237    C  143 1.213
   153  H   0.996        C  144 0.969
   154  H   0.995        C  145 0.968
   155  H   0.994        C  146 0.965
   156  H   0.984        C  148 0.916
   157  H   0.981        C  150 0.898
   158  H   0.990        C  151 0.956
   159  C   3.988        C  168 1.452    C  160 1.248    C  141 1.135
   160  C   3.969        C  161 1.573    C  159 1.248    H  169 0.970
   161  C   3.990        C  160 1.573    C  162 1.276    H  170 0.968    C  168 0.104
   162  C   3.950        C  161 1.276    C  163 1.274    C  167 1.237
   163  C   3.990        C  164 1.575    C  162 1.274    H  171 0.967    C  166 0.104
   164  C   3.973        C  163 1.575    C  165 1.242    H  172 0.970
   165  C   3.987        C  166 1.454    C  164 1.242    C  175 1.137
   166  C   3.952        C  165 1.454    C  167 1.291    H  173 0.963    C  163 0.104
   167  C   3.989        C  168 1.292    C  166 1.291    C  162 1.237
   168  C   3.956        C  159 1.452    C  167 1.292    H  174 0.964    C  161 0.104
   169  H   0.998        C  160 0.970
   170  H   0.997        C  161 0.968
   171  H   0.997        C  163 0.967
   172  H   0.998        C  164 0.970
   173  H   0.994        C  166 0.963
   174  H   0.995        C  168 0.964
   175  C   3.947        C  176 2.639    C  165 1.137
   176  C   3.949        C  175 2.639    C  177 1.142
   177  C   3.984        C  182 1.348    C  178 1.335    C  176 1.142
   178  C   3.967        C  179 1.457    C  177 1.335    H  183 0.964
   179  C   3.980        C  178 1.457    C  180 1.422    H  184 0.961
   180  C   3.931        C  179 1.422    N  181 1.341    H  185 0.906
   181  N   3.542        C  182 1.369    C  180 1.341    Pd   2 0.594
   182  C   3.948        N  181 1.369    C  177 1.348    H  186 0.913
   183  H   0.991        C  178 0.964
   184  H   0.989        C  179 0.961
   185  H   0.985        C  180 0.906
   186  H   0.980        C  182 0.913

molecular dipole:
                 x           y           z       tot (Debye)
 q only:       -0.006     -13.727      -0.311
   full:       -0.006     -13.450      -0.302      34.194
molecular quadrupole (traceless):
                xx          xy          yy          xz          yz          zz
 q only:     -270.043       1.638     538.604      -0.743      25.729    -268.561
  q+dip:     -285.923       1.755     569.940      -1.169      27.279    -284.016
   full:     -269.008       1.646     536.349      -0.956      25.629    -267.341

           -------------------------------------------------
          |               Frequency Printout                |
           -------------------------------------------------
 projected vibrational frequencies (cm-1)
eigval :       -0.00    -0.00    -0.00     0.00     0.00     0.00
eigval :        4.61     5.18     5.37     5.61     9.29    13.22
eigval :       13.23    13.64    15.15    15.24    17.97    19.81
eigval :       25.24    27.42    28.84    28.89    34.20    36.41
eigval :       36.78    38.35    39.62    41.38    44.50    44.54
eigval :       50.54    50.57    50.77    53.85    70.15    74.76
eigval :       74.81    75.63    75.89    77.66    79.00    82.15
eigval :       82.24    94.68    94.91    98.66    99.78    99.83
eigval :      102.76   103.10   108.01   108.24   113.68   113.81
eigval :      119.25   123.58   130.25   130.27   135.94   142.55
eigval :      147.77   147.83   153.40   163.90   167.48   167.74
eigval :      176.21   176.46   177.52   178.43   181.05   181.13
eigval :      187.32   190.62   190.81   193.87   196.61   196.65
eigval :      198.86   200.85   204.04   204.32   210.44   228.24
eigval :      235.71   237.91   241.63   241.69   262.58   271.62
eigval :      271.71   277.36   277.51   278.95   280.84   289.06
eigval :      289.75   290.69   290.84   296.26   301.47   301.52
eigval :      307.59   308.17   308.19   308.56   336.12   337.41
eigval :      337.55   337.95   338.69   338.74   346.69   353.72
eigval :      357.80   358.90   358.95   359.63   369.18   388.47
eigval :      390.82   392.51   392.69   394.75   397.95   398.11
eigval :      430.36   430.69   430.79   430.85   432.79   432.80
eigval :      432.99   433.26   437.69   439.21   439.39   439.57
eigval :      439.88   451.41   451.54   452.14   453.96   454.79
eigval :      456.47   456.62   463.28   463.55   463.57   464.38
eigval :      482.60   482.84   482.86   484.22   490.71   491.64
eigval :      491.66   492.23   492.46   492.60   492.65   492.79
eigval :      502.23   513.96   519.33   520.42   520.58   521.78
eigval :      522.54   522.55   536.30   539.57   541.23   541.39
eigval :      560.52   564.68   565.15   565.17   569.32   570.08
eigval :      570.54   570.62   599.49   599.60   599.62   599.67
eigval :      604.83   609.59   609.84   609.90   612.25   619.39
eigval :      619.45   619.57   620.00   624.83   628.45   628.47
eigval :      632.04   633.22   633.52   633.52   660.15   670.26
eigval :      670.29   672.40   672.61   674.45   674.59   674.60
eigval :      718.45   718.60   718.63   718.66   723.70   725.53
eigval :      725.89   726.05   755.04   756.08   756.09   756.90
eigval :      766.01   773.46   776.03   776.13   778.58   779.07
eigval :      781.07   782.52   789.05   789.40   789.63   790.21
eigval :      793.88   798.91   798.91   798.93   798.99   799.86
eigval :      799.88   799.90   805.66   819.85   819.99   830.58
eigval :      836.75   839.75   841.11   841.12   841.41   844.02
eigval :      844.23   844.44   844.83   850.90   851.02   851.40
eigval :      851.79   852.47   852.53   852.68   860.13   860.54
eigval :      860.57   863.89   864.19   864.58   864.99   867.06
eigval :      875.71   879.78   882.73   882.76   884.10   889.71
eigval :      890.21   890.38   893.03   894.08   894.72   895.12
eigval :      895.52   895.76   897.18   898.73   920.17   920.37
eigval :      920.38   920.83   926.53   926.64   926.76   927.19
eigval :      930.20   930.67   930.85   931.44   933.25   933.29
eigval :      934.06   934.35   946.72   947.85   948.33   948.35
eigval :      974.45   977.33   978.74   978.76  1000.08  1003.22
eigval :     1003.23  1005.98  1044.18  1045.24  1045.28  1046.26
eigval :     1075.05  1075.37  1075.50  1075.67  1082.26  1083.06
eigval :     1083.12  1085.66  1107.61  1107.89  1107.96  1108.80
eigval :     1120.81  1123.98  1124.08  1129.12  1134.61  1135.42
eigval :     1135.46  1136.01  1142.03  1143.13  1143.14  1143.99
eigval :     1153.34  1158.90  1159.06  1164.28  1164.44  1168.07
eigval :     1168.09  1170.19  1170.77  1170.90  1170.92  1170.98
eigval :     1172.28  1172.31  1173.84  1179.39  1186.47  1189.36
eigval :     1189.43  1195.55  1205.43  1207.56  1207.58  1210.21
eigval :     1213.69  1215.63  1215.71  1219.74  1220.16  1220.55
eigval :     1220.77  1223.15  1224.12  1224.56  1224.62  1225.02
eigval :     1225.52  1228.67  1228.77  1238.30  1252.45  1252.50
eigval :     1252.52  1252.59  1286.43  1286.45  1286.56  1288.93
eigval :     1293.22  1293.28  1294.46  1295.35  1295.60  1295.63
eigval :     1295.65  1297.49  1305.86  1305.92  1306.11  1307.61
eigval :     1317.23  1317.44  1317.44  1318.35  1342.86  1342.91
eigval :     1345.08  1347.52  1367.74  1368.35  1368.37  1369.33
eigval :     1374.27  1374.31  1375.19  1378.32  1386.19  1387.10
eigval :     1387.15  1388.05  1394.25  1394.34  1394.36  1394.53
eigval :     1399.25  1400.39  1400.46  1401.90  1414.72  1415.05
eigval :     1415.07  1415.39  1421.18  1421.59  1421.60  1421.86
eigval :     1447.45  1447.45  1447.85  1448.16  1457.41  1457.48
eigval :     1458.13  1458.80  1466.85  1466.95  1467.87  1468.27
eigval :     1493.66  1493.76  1493.77  1493.89  1524.49  1525.40
eigval :     1526.57  1526.60  1535.49  1535.58  1535.70  1535.80
eigval :     1539.37  1539.43  1539.47  1539.59  1546.73  1546.86
eigval :     1546.92  1547.23  1557.28  1558.73  1559.37  1559.44
eigval :     1568.19  1568.52  1568.84  1568.86  1585.14  1585.20
eigval :     1585.25  1585.28  1593.74  1593.82  1593.83  1593.93
eigval :     2301.65  2301.84  2301.94  2302.33  2303.68  2303.88
eigval :     2304.20  2304.92  2967.88  2970.63  2970.71  2975.17
eigval :     2977.88  2977.94  2978.59  2984.76  2998.38  2999.48
eigval :     2999.67  2999.70  3000.59  3000.73  3002.70  3004.49
eigval :     3071.08  3071.10  3071.18  3071.35  3074.51  3074.63
eigval :     3075.03  3075.13  3089.88  3090.05  3090.11  3090.32
eigval :     3092.50  3092.86  3092.99  3093.51  3093.51  3093.57
eigval :     3093.62  3093.96  3094.07  3094.32  3094.67  3094.95
eigval :     3098.36  3098.53  3098.63  3098.79  3101.43  3101.49
eigval :     3101.73  3101.83  3107.84  3108.19  3108.42  3109.03
eigval :     3109.25  3109.26  3109.62  3109.98  3117.75  3118.10
eigval :     3118.67  3119.09  3119.13  3119.28  3119.36  3119.69
 reduced masses (amu)
   1: 23.05   2: 19.02   3: 17.16   4: 22.28   5: 20.87   6: 24.36   7: 11.32   8: 12.30
   9: 16.15  10: 15.39  11: 10.99  12: 12.18  13: 12.11  14: 11.36  15: 19.02  16: 19.22
  17: 11.48  18: 36.18  19: 10.78  20: 10.96  21: 14.21  22: 14.31  23: 10.55  24: 10.68
  25: 10.63  26: 29.70  27: 10.65  28: 11.38  29: 11.05  30: 11.03  31: 16.22  32: 16.18
  33: 10.84  34: 11.51  35: 19.76  36: 14.80  37: 14.81  38: 11.41  39: 11.38  40: 10.87
  41: 11.31  42: 10.94  43: 10.82  44: 13.19  45: 13.16  46: 10.81  47: 12.16  48: 12.16
  49: 32.59  50: 12.10  51: 11.59  52: 10.76  53: 13.04  54: 13.02  55: 12.94  56: 11.47
  57: 13.60  58: 13.61  59: 14.65  60: 10.41  61: 10.64  62: 10.65  63: 10.49  64: 11.50
  65: 16.29  66: 16.34  67: 11.17  68: 11.21  69: 11.23  70: 10.55  71: 11.07  72: 11.07
  73: 10.60  74: 23.62  75: 23.21  76: 10.38  77: 10.47  78: 10.47  79: 14.21  80: 10.41
  81: 26.16  82: 26.67  83: 11.39  84: 58.52  85: 11.33  86: 30.50  87: 25.74  88: 25.72
  89: 11.53  90: 38.50  91: 38.53  92: 31.05  93: 31.07  94: 34.69  95: 10.62  96: 10.38
  97: 10.49  98: 21.14  99: 21.10 100: 10.61 101: 19.64 102: 19.56 103: 11.24 104: 15.52
 105: 15.58 106: 12.20 107: 10.02 108: 10.30 109: 10.37 110: 10.16 111: 14.09 112: 14.07
 113: 11.28 114: 16.93 115: 10.74 116: 10.92 117: 10.92 118: 10.88 119:  9.90 120: 10.03
 121:  9.53 122:  9.54 123:  9.54 124:  9.50 125: 13.71 126: 13.72 127: 10.83 128: 10.82
 129: 10.84 130: 10.84 131: 11.66 132: 11.67 133: 11.66 134: 11.69 135:  9.98 136:  8.60
 137:  8.61 138:  8.65 139:  8.64 140: 11.49 141: 11.49 142: 10.26 143: 11.46 144: 11.85
 145: 11.27 146: 11.27 147: 11.44 148: 11.55 149: 11.55 150: 11.48 151: 11.41 152: 12.18
 153: 12.17 154: 11.58 155: 11.43 156: 11.76 157: 11.75 158: 11.42 159: 11.18 160: 11.28
 161: 11.28 162: 11.28 163: 11.04 164: 11.18 165: 11.44 166: 12.29 167: 12.29 168: 11.47
 169: 12.00 170: 12.00 171: 10.74 172: 10.89 173: 11.20 174: 11.20 175: 11.60 176: 11.60
 177: 12.40 178: 12.41 179: 11.25 180: 11.27 181: 11.36 182: 11.36 183: 11.44 184: 11.45
 185: 11.45 186: 11.45 187: 10.20 188:  9.83 189:  9.85 190:  9.84 191:  9.76 192: 11.89
 193: 10.77 194: 10.78 195: 10.70 196: 11.85 197: 12.52 198: 12.52 199: 11.29 200: 11.32
 201: 11.64 202: 11.64 203:  8.83 204:  9.62 205:  9.63 206: 11.43 207:  9.92 208: 11.46
 209: 11.58 210: 11.58 211: 11.28 212: 11.27 213: 11.28 214: 11.28 215: 10.49 216: 10.74
 217: 10.77 218: 10.78 219: 11.32 220: 11.38 221: 11.38 222: 11.35 223:  5.04 224:  4.68
 225:  4.70 226:  4.71 227:  4.35 228:  4.33 229:  4.11 230:  4.32 231:  4.60 232:  4.62
 233:  4.61 234:  4.61 235: 11.15 236: 10.63 237: 10.64 238: 10.64 239: 10.64 240: 11.14
 241: 11.02 242: 11.05 243:  3.75 244:  3.99 245:  3.97 246:  3.75 247: 11.53 248: 11.55
 249: 11.42 250: 11.50 251:  4.58 252:  4.68 253:  4.68 254:  4.67 255:  4.67 256:  3.55
 257:  3.56 258:  3.56 259:  3.58 260:  4.09 261:  4.08 262:  4.55 263:  4.35 264:  4.35
 265:  3.82 266:  3.97 267:  3.96 268:  3.96 269:  3.95 270:  4.10 271: 11.04 272: 11.09
 273: 11.05 274: 11.08 275:  3.74 276:  3.50 277:  3.71 278:  3.71 279:  3.61 280:  3.58
 281:  4.03 282:  4.05 283:  3.95 284:  4.03 285:  3.62 286:  3.45 287:  3.34 288:  3.34
 289:  3.34 290:  3.34 291:  3.51 292:  3.51 293:  3.51 294:  3.51 295:  3.81 296:  3.81
 297:  3.81 298:  3.80 299:  3.69 300:  3.69 301:  3.68 302:  3.68 303: 10.60 304: 10.60
 305: 10.62 306: 10.62 307: 10.37 308: 10.24 309: 10.24 310: 10.25 311:  9.91 312: 10.23
 313: 10.23 314: 10.12 315:  9.06 316:  9.20 317:  9.20 318:  9.07 319:  7.14 320:  7.18
 321:  7.22 322:  7.21 323:  6.56 324:  6.60 325:  6.60 326:  6.75 327:  5.99 328:  5.99
 329:  5.99 330:  6.01 331:  3.63 332:  3.62 333:  3.62 334:  3.57 335:  6.17 336:  6.16
 337:  6.16 338:  6.08 339:  4.62 340:  4.76 341:  4.76 342:  4.80 343:  3.55 344:  4.40
 345:  4.42 346:  6.08 347:  2.54 348:  2.87 349:  2.89 350:  4.17 351:  1.92 352:  1.87
 353:  1.87 354:  1.85 355:  3.03 356:  3.01 357:  2.18 358:  2.30 359:  3.19 360:  3.25
 361:  3.26 362:  3.32 363:  4.74 364:  5.11 365:  5.10 366:  5.50 367:  5.40 368:  5.34
 369:  5.37 370:  6.11 371:  7.04 372:  7.09 373:  7.04 374:  6.30 375:  4.90 376:  6.70
 377:  6.68 378:  6.79 379:  5.47 380:  3.50 381:  3.47 382:  3.10 383:  4.07 384:  4.07
 385:  4.07 386:  4.07 387:  7.58 388:  7.58 389:  7.61 390:  7.73 391: 12.14 392: 12.14
 393: 11.68 394: 11.35 395:  8.76 396:  8.47 397:  8.60 398:  9.04 399:  8.94 400:  8.94
 401:  9.07 402:  8.86 403: 10.11 404: 10.07 405: 10.07 406: 10.09 407:  9.90 408:  9.90
 409:  9.98 410:  9.73 411:  9.96 412: 10.12 413: 10.12 414:  9.86 415: 10.09 416: 10.09
 417: 10.21 418: 10.08 419: 10.63 420: 10.69 421: 10.69 422: 10.46 423: 10.19 424: 10.19
 425: 10.19 426: 10.18 427: 11.33 428: 11.26 429: 11.25 430: 11.28 431: 10.58 432: 10.56
 433: 10.55 434: 10.56 435: 10.15 436: 10.09 437: 10.10 438: 10.08 439: 10.97 440: 10.97
 441: 11.00 442: 10.98 443: 11.10 444: 11.10 445: 11.11 446: 11.09 447: 11.40 448: 11.40
 449: 11.43 450: 11.40 451: 10.75 452: 10.75 453: 10.75 454: 10.75 455: 11.50 456: 11.56
 457: 11.54 458: 11.54 459: 11.69 460: 11.69 461: 11.70 462: 11.70 463: 11.67 464: 11.67
 465: 11.68 466: 11.69 467: 11.69 468: 11.68 469: 11.68 470: 11.71 471: 11.70 472: 11.70
 473: 11.65 474: 11.65 475: 11.47 476: 11.51 477: 11.52 478: 11.52 479: 11.53 480: 11.53
 481: 11.53 482: 11.53 483: 11.51 484: 11.51 485: 11.51 486: 11.51 487: 12.01 488: 12.01
 489: 12.01 490: 12.01 491: 12.01 492: 12.01 493: 12.01 494: 12.01 495:  1.86 496:  1.85
 497:  1.85 498:  1.86 499:  1.85 500:  1.85 501:  1.84 502:  1.84 503:  1.85 504:  1.84
 505:  1.86 506:  1.84 507:  1.85 508:  1.85 509:  1.84 510:  1.85 511:  1.80 512:  1.80
 513:  1.80 514:  1.80 515:  1.79 516:  1.79 517:  1.79 518:  1.79 519:  1.87 520:  1.87
 521:  1.87 522:  1.87 523:  1.78 524:  1.78 525:  1.78 526:  1.80 527:  1.82 528:  1.83
 529:  1.84 530:  1.83 531:  1.85 532:  1.86 533:  1.86 534:  1.86 535:  1.83 536:  1.83
 537:  1.83 538:  1.83 539:  1.84 540:  1.84 541:  1.84 542:  1.84 543:  1.81 544:  1.81
 545:  1.81 546:  1.90 547:  1.85 548:  1.86 549:  1.90 550:  1.90 551:  1.85 552:  1.85
 553:  1.85 554:  1.90 555:  1.90 556:  1.85 557:  1.89 558:  1.90
 IR intensities (amu)
   1:  0.45   2:  0.53   3:  0.29   4:  0.50   5:  0.43   6:  0.65   7:  0.06   8:  0.26
   9:  0.59  10:  0.53  11:  0.03  12:  0.11  13:  0.13  14:  0.06  15:  0.04  16:  0.04
  17:  0.00  18:  0.06  19:  0.01  20:  0.03  21:  0.24  22:  0.24  23:  0.01  24:  0.03
  25:  0.02  26:  0.02  27:  0.00  28:  0.01  29:  0.09  30:  0.09  31:  0.24  32:  0.24
  33:  0.03  34:  0.00  35:  0.11  36:  0.25  37:  0.25  38:  0.11  39:  0.11  40:  0.00
  41:  0.00  42:  0.00  43:  0.00  44:  0.07  45:  0.07  46:  0.02  47:  0.06  48:  0.06
  49:  0.04  50:  0.01  51:  0.00  52:  0.00  53:  0.08  54:  0.08  55:  0.02  56:  0.01
  57:  0.41  58:  0.42  59:  0.05  60:  0.00  61:  0.09  62:  0.10  63:  0.00  64:  0.01
  65:  0.57  66:  0.58  67:  0.00  68:  0.01  69:  0.00  70:  0.01  71:  0.15  72:  0.15
  73:  0.01  74:  0.49  75:  0.48  76:  0.01  77:  0.01  78:  0.01  79:  0.04  80:  0.01
  81:  0.77  82:  0.78  83:  0.01  84:  0.11  85:  0.00  86:  0.20  87:  0.69  88:  0.68
  89:  0.00  90:  1.11  91:  1.11  92:  0.48  93:  0.48  94:  0.15  95:  0.01  96:  0.01
  97:  0.03  98:  0.54  99:  0.54 100:  0.01 101:  0.34 102:  0.34 103:  0.03 104:  0.34
 105:  0.34 106:  0.05 107:  0.01 108:  0.04 109:  0.03 110:  0.01 111:  0.21 112:  0.21
 113:  0.00 114:  0.07 115:  0.03 116:  0.13 117:  0.14 118:  0.04 119:  0.00 120:  0.00
 121:  0.01 122:  0.02 123:  0.02 124:  0.00 125:  0.26 126:  0.26 127:  0.01 128:  0.01
 129:  0.02 130:  0.01 131:  0.05 132:  0.08 133:  0.02 134:  0.36 135:  0.01 136:  0.01
 137:  0.01 138:  0.01 139:  0.01 140:  0.07 141:  0.07 142:  0.00 143:  0.01 144:  0.06
 145:  0.09 146:  0.09 147:  0.00 148:  0.05 149:  0.05 150:  0.23 151:  0.06 152:  0.47
 153:  0.46 154:  0.19 155:  0.00 156:  0.04 157:  0.04 158:  0.33 159:  0.03 160:  0.04
 161:  0.06 162:  0.24 163:  0.01 164:  0.00 165:  0.00 166:  0.17 167:  0.17 168:  0.05
 169:  0.24 170:  0.24 171:  0.00 172:  0.00 173:  0.02 174:  0.02 175:  0.00 176:  0.06
 177:  0.56 178:  0.56 179:  0.01 180:  0.02 181:  0.08 182:  0.08 183:  0.03 184:  0.17
 185:  0.13 186:  0.29 187:  0.02 188:  0.04 189:  0.06 190:  0.05 191:  0.02 192:  0.01
 193:  0.22 194:  0.22 195:  0.04 196:  0.18 197:  0.53 198:  0.53 199:  0.00 200:  0.16
 201:  0.12 202:  0.13 203:  0.01 204:  0.25 205:  0.25 206:  0.00 207:  0.00 208:  0.85
 209:  0.10 210:  0.10 211:  0.04 212:  0.03 213:  0.04 214:  0.04 215:  0.02 216:  0.03
 217:  0.07 218:  0.07 219:  0.01 220:  0.47 221:  0.47 222:  0.06 223:  0.01 224:  0.01
 225:  0.30 226:  0.31 227:  0.09 228:  0.08 229:  0.01 230:  0.01 231:  0.03 232:  0.05
 233:  0.04 234:  0.02 235:  0.00 236:  0.54 237:  0.34 238:  0.40 239:  0.16 240:  0.19
 241:  0.13 242:  0.14 243:  0.01 244:  0.42 245:  0.42 246:  0.01 247:  0.00 248:  0.08
 249:  0.12 250:  0.13 251:  0.03 252:  0.23 253:  0.35 254:  0.31 255:  0.24 256:  0.07
 257:  0.08 258:  0.06 259:  0.04 260:  0.11 261:  0.11 262:  0.02 263:  0.07 264:  0.07
 265:  0.00 266:  0.03 267:  0.04 268:  0.04 269:  0.04 270:  0.01 271:  0.00 272:  0.32
 273:  0.52 274:  0.52 275:  0.01 276:  0.01 277:  0.04 278:  0.04 279:  0.11 280:  0.10
 281:  0.01 282:  0.03 283:  0.01 284:  0.04 285:  0.00 286:  0.00 287:  0.00 288:  0.00
 289:  0.00 290:  0.00 291:  0.03 292:  0.03 293:  0.03 294:  0.03 295:  0.02 296:  0.02
 297:  0.02 298:  0.02 299:  0.02 300:  0.02 301:  0.02 302:  0.02 303:  0.00 304:  0.06
 305:  0.14 306:  0.14 307:  0.00 308:  0.10 309:  0.13 310:  0.13 311:  0.00 312:  0.22
 313:  0.22 314:  0.12 315:  0.01 316:  0.17 317:  0.17 318:  0.30 319:  0.11 320:  0.63
 321:  0.44 322:  0.49 323:  0.04 324:  0.55 325:  0.55 326:  0.56 327:  0.09 328:  0.27
 329:  0.27 330:  0.46 331:  0.01 332:  0.39 333:  0.39 334:  0.37 335:  0.04 336:  0.87
 337:  0.87 338:  1.15 339:  0.01 340:  0.29 341:  0.29 342:  0.91 343:  0.01 344:  0.36
 345:  0.37 346:  0.12 347:  0.02 348:  0.62 349:  0.62 350:  0.03 351:  0.22 352:  0.19
 353:  0.26 354:  0.28 355:  0.51 356:  0.50 357:  0.50 358:  0.36 359:  0.01 360:  0.31
 361:  0.31 362:  0.15 363:  0.01 364:  0.08 365:  0.08 366:  0.79 367:  0.00 368:  0.18
 369:  0.18 370:  0.18 371:  0.01 372:  0.15 373:  0.15 374:  0.04 375:  0.01 376:  0.04
 377:  0.03 378:  0.43 379:  0.03 380:  0.01 381:  0.01 382:  0.27 383:  0.08 384:  0.14
 385:  0.15 386:  0.06 387:  0.20 388:  0.20 389:  0.09 390:  0.18 391:  0.31 392:  0.32
 393:  0.02 394:  0.11 395:  0.28 396:  0.49 397:  0.40 398:  0.08 399:  0.24 400:  0.24
 401:  0.06 402:  0.53 403:  0.01 404:  0.11 405:  0.11 406:  0.69 407:  0.22 408:  0.23
 409:  0.01 410:  0.70 411:  0.06 412:  0.49 413:  0.50 414:  1.27 415:  1.04 416:  1.05
 417:  0.04 418:  0.53 419:  0.00 420:  0.16 421:  0.16 422:  0.11 423:  0.23 424:  0.66
 425:  0.62 426:  0.16 427:  0.02 428:  1.52 429:  1.52 430:  0.29 431:  0.03 432:  0.21
 433:  0.13 434:  1.56 435:  0.02 436:  0.78 437:  0.77 438:  0.33 439:  0.04 440:  0.04
 441:  0.00 442:  1.00 443:  0.03 444:  0.04 445:  0.06 446:  1.01 447:  0.72 448:  0.72
 449:  0.14 450:  1.10 451:  0.27 452:  0.24 453:  0.24 454:  0.17 455:  0.25 456:  0.04
 457:  0.78 458:  0.78 459:  0.24 460:  0.23 461:  0.27 462:  0.18 463:  0.47 464:  1.02
 465:  2.35 466:  0.50 467:  2.69 468:  0.80 469:  0.78 470:  0.23 471:  0.79 472:  0.05
 473:  0.74 474:  0.73 475:  1.11 476:  0.07 477:  0.43 478:  0.43 479:  0.39 480:  0.42
 481:  0.41 482:  0.48 483:  0.17 484:  0.20 485:  0.13 486:  0.16 487:  1.00 488:  0.31
 489:  3.06 490:  3.46 491:  1.67 492:  2.65 493:  2.31 494:  3.86 495:  0.00 496:  0.02
 497:  0.02 498:  0.00 499:  0.01 500:  0.01 501:  0.22 502:  0.15 503:  0.02 504:  0.06
 505:  0.02 506:  0.06 507:  0.06 508:  0.06 509:  0.06 510:  0.05 511:  0.10 512:  0.15
 513:  0.14 514:  0.07 515:  0.39 516:  0.38 517:  0.37 518:  0.37 519:  0.40 520:  0.47
 521:  0.38 522:  0.44 523:  0.17 524:  0.16 525:  0.17 526:  0.22 527:  0.17 528:  0.17
 529:  0.32 530:  0.17 531:  0.26 532:  0.40 533:  0.45 534:  0.43 535:  0.01 536:  0.01
 537:  0.02 538:  0.01 539:  0.20 540:  0.23 541:  0.23 542:  0.22 543:  0.08 544:  0.08
 545:  0.08 546:  0.22 547:  0.23 548:  0.28 549:  0.30 550:  0.38 551:  0.06 552:  0.05
 553:  0.06 554:  0.03 555:  0.06 556:  0.06 557:  0.06 558:  0.06
 Raman intensities (amu)
   1:  0.00   2:  0.00   3:  0.00   4:  0.00   5:  0.00   6:  0.00   7:  0.00   8:  0.00
   9:  0.00  10:  0.00  11:  0.00  12:  0.00  13:  0.00  14:  0.00  15:  0.00  16:  0.00
  17:  0.00  18:  0.00  19:  0.00  20:  0.00  21:  0.00  22:  0.00  23:  0.00  24:  0.00
  25:  0.00  26:  0.00  27:  0.00  28:  0.00  29:  0.00  30:  0.00  31:  0.00  32:  0.00
  33:  0.00  34:  0.00  35:  0.00  36:  0.00  37:  0.00  38:  0.00  39:  0.00  40:  0.00
  41:  0.00  42:  0.00  43:  0.00  44:  0.00  45:  0.00  46:  0.00  47:  0.00  48:  0.00
  49:  0.00  50:  0.00  51:  0.00  52:  0.00  53:  0.00  54:  0.00  55:  0.00  56:  0.00
  57:  0.00  58:  0.00  59:  0.00  60:  0.00  61:  0.00  62:  0.00  63:  0.00  64:  0.00
  65:  0.00  66:  0.00  67:  0.00  68:  0.00  69:  0.00  70:  0.00  71:  0.00  72:  0.00
  73:  0.00  74:  0.00  75:  0.00  76:  0.00  77:  0.00  78:  0.00  79:  0.00  80:  0.00
  81:  0.00  82:  0.00  83:  0.00  84:  0.00  85:  0.00  86:  0.00  87:  0.00  88:  0.00
  89:  0.00  90:  0.00  91:  0.00  92:  0.00  93:  0.00  94:  0.00  95:  0.00  96:  0.00
  97:  0.00  98:  0.00  99:  0.00 100:  0.00 101:  0.00 102:  0.00 103:  0.00 104:  0.00
 105:  0.00 106:  0.00 107:  0.00 108:  0.00 109:  0.00 110:  0.00 111:  0.00 112:  0.00
 113:  0.00 114:  0.00 115:  0.00 116:  0.00 117:  0.00 118:  0.00 119:  0.00 120:  0.00
 121:  0.00 122:  0.00 123:  0.00 124:  0.00 125:  0.00 126:  0.00 127:  0.00 128:  0.00
 129:  0.00 130:  0.00 131:  0.00 132:  0.00 133:  0.00 134:  0.00 135:  0.00 136:  0.00
 137:  0.00 138:  0.00 139:  0.00 140:  0.00 141:  0.00 142:  0.00 143:  0.00 144:  0.00
 145:  0.00 146:  0.00 147:  0.00 148:  0.00 149:  0.00 150:  0.00 151:  0.00 152:  0.00
 153:  0.00 154:  0.00 155:  0.00 156:  0.00 157:  0.00 158:  0.00 159:  0.00 160:  0.00
 161:  0.00 162:  0.00 163:  0.00 164:  0.00 165:  0.00 166:  0.00 167:  0.00 168:  0.00
 169:  0.00 170:  0.00 171:  0.00 172:  0.00 173:  0.00 174:  0.00 175:  0.00 176:  0.00
 177:  0.00 178:  0.00 179:  0.00 180:  0.00 181:  0.00 182:  0.00 183:  0.00 184:  0.00
 185:  0.00 186:  0.00 187:  0.00 188:  0.00 189:  0.00 190:  0.00 191:  0.00 192:  0.00
 193:  0.00 194:  0.00 195:  0.00 196:  0.00 197:  0.00 198:  0.00 199:  0.00 200:  0.00
 201:  0.00 202:  0.00 203:  0.00 204:  0.00 205:  0.00 206:  0.00 207:  0.00 208:  0.00
 209:  0.00 210:  0.00 211:  0.00 212:  0.00 213:  0.00 214:  0.00 215:  0.00 216:  0.00
 217:  0.00 218:  0.00 219:  0.00 220:  0.00 221:  0.00 222:  0.00 223:  0.00 224:  0.00
 225:  0.00 226:  0.00 227:  0.00 228:  0.00 229:  0.00 230:  0.00 231:  0.00 232:  0.00
 233:  0.00 234:  0.00 235:  0.00 236:  0.00 237:  0.00 238:  0.00 239:  0.00 240:  0.00
 241:  0.00 242:  0.00 243:  0.00 244:  0.00 245:  0.00 246:  0.00 247:  0.00 248:  0.00
 249:  0.00 250:  0.00 251:  0.00 252:  0.00 253:  0.00 254:  0.00 255:  0.00 256:  0.00
 257:  0.00 258:  0.00 259:  0.00 260:  0.00 261:  0.00 262:  0.00 263:  0.00 264:  0.00
 265:  0.00 266:  0.00 267:  0.00 268:  0.00 269:  0.00 270:  0.00 271:  0.00 272:  0.00
 273:  0.00 274:  0.00 275:  0.00 276:  0.00 277:  0.00 278:  0.00 279:  0.00 280:  0.00
 281:  0.00 282:  0.00 283:  0.00 284:  0.00 285:  0.00 286:  0.00 287:  0.00 288:  0.00
 289:  0.00 290:  0.00 291:  0.00 292:  0.00 293:  0.00 294:  0.00 295:  0.00 296:  0.00
 297:  0.00 298:  0.00 299:  0.00 300:  0.00 301:  0.00 302:  0.00 303:  0.00 304:  0.00
 305:  0.00 306:  0.00 307:  0.00 308:  0.00 309:  0.00 310:  0.00 311:  0.00 312:  0.00
 313:  0.00 314:  0.00 315:  0.00 316:  0.00 317:  0.00 318:  0.00 319:  0.00 320:  0.00
 321:  0.00 322:  0.00 323:  0.00 324:  0.00 325:  0.00 326:  0.00 327:  0.00 328:  0.00
 329:  0.00 330:  0.00 331:  0.00 332:  0.00 333:  0.00 334:  0.00 335:  0.00 336:  0.00
 337:  0.00 338:  0.00 339:  0.00 340:  0.00 341:  0.00 342:  0.00 343:  0.00 344:  0.00
 345:  0.00 346:  0.00 347:  0.00 348:  0.00 349:  0.00 350:  0.00 351:  0.00 352:  0.00
 353:  0.00 354:  0.00 355:  0.00 356:  0.00 357:  0.00 358:  0.00 359:  0.00 360:  0.00
 361:  0.00 362:  0.00 363:  0.00 364:  0.00 365:  0.00 366:  0.00 367:  0.00 368:  0.00
 369:  0.00 370:  0.00 371:  0.00 372:  0.00 373:  0.00 374:  0.00 375:  0.00 376:  0.00
 377:  0.00 378:  0.00 379:  0.00 380:  0.00 381:  0.00 382:  0.00 383:  0.00 384:  0.00
 385:  0.00 386:  0.00 387:  0.00 388:  0.00 389:  0.00 390:  0.00 391:  0.00 392:  0.00
 393:  0.00 394:  0.00 395:  0.00 396:  0.00 397:  0.00 398:  0.00 399:  0.00 400:  0.00
 401:  0.00 402:  0.00 403:  0.00 404:  0.00 405:  0.00 406:  0.00 407:  0.00 408:  0.00
 409:  0.00 410:  0.00 411:  0.00 412:  0.00 413:  0.00 414:  0.00 415:  0.00 416:  0.00
 417:  0.00 418:  0.00 419:  0.00 420:  0.00 421:  0.00 422:  0.00 423:  0.00 424:  0.00
 425:  0.00 426:  0.00 427:  0.00 428:  0.00 429:  0.00 430:  0.00 431:  0.00 432:  0.00
 433:  0.00 434:  0.00 435:  0.00 436:  0.00 437:  0.00 438:  0.00 439:  0.00 440:  0.00
 441:  0.00 442:  0.00 443:  0.00 444:  0.00 445:  0.00 446:  0.00 447:  0.00 448:  0.00
 449:  0.00 450:  0.00 451:  0.00 452:  0.00 453:  0.00 454:  0.00 455:  0.00 456:  0.00
 457:  0.00 458:  0.00 459:  0.00 460:  0.00 461:  0.00 462:  0.00 463:  0.00 464:  0.00
 465:  0.00 466:  0.00 467:  0.00 468:  0.00 469:  0.00 470:  0.00 471:  0.00 472:  0.00
 473:  0.00 474:  0.00 475:  0.00 476:  0.00 477:  0.00 478:  0.00 479:  0.00 480:  0.00
 481:  0.00 482:  0.00 483:  0.00 484:  0.00 485:  0.00 486:  0.00 487:  0.00 488:  0.00
 489:  0.00 490:  0.00 491:  0.00 492:  0.00 493:  0.00 494:  0.00 495:  0.00 496:  0.00
 497:  0.00 498:  0.00 499:  0.00 500:  0.00 501:  0.00 502:  0.00 503:  0.00 504:  0.00
 505:  0.00 506:  0.00 507:  0.00 508:  0.00 509:  0.00 510:  0.00 511:  0.00 512:  0.00
 513:  0.00 514:  0.00 515:  0.00 516:  0.00 517:  0.00 518:  0.00 519:  0.00 520:  0.00
 521:  0.00 522:  0.00 523:  0.00 524:  0.00 525:  0.00 526:  0.00 527:  0.00 528:  0.00
 529:  0.00 530:  0.00 531:  0.00 532:  0.00 533:  0.00 534:  0.00 535:  0.00 536:  0.00
 537:  0.00 538:  0.00 539:  0.00 540:  0.00 541:  0.00 542:  0.00 543:  0.00 544:  0.00
 545:  0.00 546:  0.00 547:  0.00 548:  0.00 549:  0.00 550:  0.00 551:  0.00 552:  0.00
 553:  0.00 554:  0.00 555:  0.00 556:  0.00 557:  0.00 558:  0.00
 output can be read by thermo (or use thermo option).
 writing <g98.out> molden fake output.
 recommended (thermochemical) frequency scaling factor: 1.0
           -------------------------------------------------
          |             Thermodynamic Functions             |
           -------------------------------------------------

Refinement of some symmetry elements was terminated before convergence was reached.
Some symmetry elements may remain unidentified.
Molecule has the following symmetry elements: (C2) 
It seems to be the C2 point group
c2  symmetry found (for desy threshold:  0.10E+00) used in thermo

          ...................................................
          :                      SETUP                      :
          :.................................................:
          :  # frequencies                         552      :
          :  # imaginary freq.                       0      :
          :  linear?                             false      :
          :  only rotor calc.                    false      :
          :  symmetry                               c2      :
          :  rotational number                       2      :
          :  scaling factor                  1.0000000      :
          :  rotor cutoff                   50.0000000 cm⁻¹ :
          :  imag. cutoff                  -20.0000000 cm⁻¹ :
          :.................................................:

    mode    ω/cm⁻¹     T·S(HO)/kcal·mol⁻¹    T·S(FR)/kcal·mol⁻¹   T·S(vib)
   ------------------------------------------------------------------------
       1      4.61    -2.84705 (  0.01%)    -1.76262 ( 99.99%)    -1.76270
       2      5.18    -2.77811 (  0.01%)    -1.72815 ( 99.99%)    -1.72827
       3      5.37    -2.75730 (  0.01%)    -1.71774 ( 99.99%)    -1.71788
       4      5.61    -2.73052 (  0.02%)    -1.70435 ( 99.98%)    -1.70452
       5      9.29    -2.43232 (  0.12%)    -1.55524 ( 99.88%)    -1.55629
       6     13.22    -2.22335 (  0.49%)    -1.45074 ( 99.51%)    -1.45449
       7     13.23    -2.22275 (  0.49%)    -1.45044 ( 99.51%)    -1.45420
       8     13.64    -2.20447 (  0.55%)    -1.44129 ( 99.45%)    -1.44550
       9     15.15    -2.14263 (  0.83%)    -1.41036 ( 99.17%)    -1.41647
      10     15.24    -2.13890 (  0.86%)    -1.40849 ( 99.14%)    -1.41475
      11     17.97    -2.04141 (  1.64%)    -1.35973 ( 98.36%)    -1.37091
      12     19.81    -1.98357 (  2.41%)    -1.33079 ( 97.59%)    -1.34649
      13     25.24    -1.84035 (  6.09%)    -1.25911 ( 93.91%)    -1.29452
      14     27.42    -1.79123 (  8.29%)    -1.23451 ( 91.71%)    -1.28069
      15     28.84    -1.76141 (  9.96%)    -1.21958 ( 90.04%)    -1.27356
      16     28.89    -1.76026 ( 10.03%)    -1.21900 ( 89.97%)    -1.27331
      17     34.20    -1.66064 ( 17.95%)    -1.16910 ( 82.05%)    -1.25733
      18     36.41    -1.62352 ( 21.95%)    -1.15050 ( 78.05%)    -1.25433
      19     36.78    -1.61753 ( 22.65%)    -1.14749 ( 77.35%)    -1.25397
      20     38.35    -1.59292 ( 25.70%)    -1.13516 ( 74.30%)    -1.25282
      21     39.62    -1.57361 ( 28.28%)    -1.12547 ( 71.72%)    -1.25220
      22     41.38    -1.54789 ( 31.94%)    -1.11257 ( 68.06%)    -1.25162
      23     44.50    -1.50503 ( 38.56%)    -1.09106 ( 61.44%)    -1.25067
      24     44.54    -1.50449 ( 38.64%)    -1.09079 ( 61.36%)    -1.25066
      25     50.54    -1.43002 ( 51.06%)    -1.05339 ( 48.94%)    -1.24572
      26     50.57    -1.42966 ( 51.13%)    -1.05321 ( 48.87%)    -1.24568
      27     50.77    -1.42726 ( 51.53%)    -1.05201 ( 48.47%)    -1.24539
      28     53.85    -1.39253 ( 57.37%)    -1.03455 ( 42.63%)    -1.23993
      29     70.15    -1.23710 ( 79.48%)    -0.95626 ( 20.52%)    -1.17947
      30     74.76    -1.19976 ( 83.33%)    -0.93739 ( 16.67%)    -1.15601
      31     74.81    -1.19937 ( 83.36%)    -0.93720 ( 16.64%)    -1.15575
      32     75.63    -1.19292 ( 83.96%)    -0.93394 ( 16.04%)    -1.15139
      33     75.89    -1.19097 ( 84.14%)    -0.93295 ( 15.86%)    -1.15005
      34     77.66    -1.17746 ( 85.34%)    -0.92612 ( 14.66%)    -1.14060
      35     79.00    -1.16740 ( 86.17%)    -0.92103 ( 13.83%)    -1.13334
      36     82.15    -1.14457 ( 87.93%)    -0.90947 ( 12.07%)    -1.11619
      37     82.24    -1.14390 ( 87.98%)    -0.90913 ( 12.02%)    -1.11568
      38     94.68    -1.06171 ( 92.78%)    -0.86741 (  7.22%)    -1.04769
      39     94.91    -1.06028 ( 92.85%)    -0.86668 (  7.15%)    -1.04644
      40     98.66    -1.03776 ( 93.81%)    -0.85521 (  6.19%)    -1.02646
      41     99.78    -1.03119 ( 94.07%)    -0.85187 (  5.93%)    -1.02055
      42     99.83    -1.03089 ( 94.08%)    -0.85171 (  5.92%)    -1.02028
      43    102.76    -1.01406 ( 94.69%)    -0.84313 (  5.31%)    -1.00499
      44    103.10    -1.01220 ( 94.76%)    -0.84218 (  5.24%)    -1.00328
      45    108.01    -0.98518 ( 95.61%)    -0.82838 (  4.39%)    -0.97830
      46    108.24    -0.98398 ( 95.64%)    -0.82776 (  4.36%)    -0.97718
      47    113.68    -0.95560 ( 96.39%)    -0.81323 (  3.61%)    -0.95047
      48    113.81    -0.95494 ( 96.41%)    -0.81289 (  3.59%)    -0.94984
      49    119.25    -0.92796 ( 97.00%)    -0.79904 (  3.00%)    -0.92410
      50    123.58    -0.90746 ( 97.39%)    -0.78850 (  2.61%)    -0.90435
      51    130.25    -0.87726 ( 97.87%)    -0.77292 (  2.13%)    -0.87505
      52    130.27    -0.87719 ( 97.88%)    -0.77288 (  2.12%)    -0.87497
      53    135.94    -0.85278 ( 98.20%)    -0.76025 (  1.80%)    -0.85111
      54    142.55    -0.82569 ( 98.51%)    -0.74619 (  1.49%)    -0.82451
      55    147.77    -0.80523 ( 98.71%)    -0.73554 (  1.29%)    -0.80433
      56    147.83    -0.80500 ( 98.71%)    -0.73541 (  1.29%)    -0.80410
      57    153.40    -0.78404 ( 98.88%)    -0.72446 (  1.12%)    -0.78337
      58    163.90    -0.74664 ( 99.14%)    -0.70484 (  0.86%)    -0.74628
      59    167.48    -0.73450 ( 99.21%)    -0.69843 (  0.79%)    -0.73422
      60    167.74    -0.73365 ( 99.22%)    -0.69799 (  0.78%)    -0.73337
      61    176.21    -0.70607 ( 99.36%)    -0.68338 (  0.64%)    -0.70592
      62    176.46    -0.70527 ( 99.36%)    -0.68296 (  0.64%)    -0.70513
      63    177.52    -0.70193 ( 99.37%)    -0.68119 (  0.63%)    -0.70180
      64    178.43    -0.69908 ( 99.39%)    -0.67967 (  0.61%)    -0.69896
      65    181.05    -0.69097 ( 99.42%)    -0.67536 (  0.58%)    -0.69088
      66    181.13    -0.69072 ( 99.42%)    -0.67522 (  0.58%)    -0.69063
      67    187.32    -0.67208 ( 99.49%)    -0.66527 (  0.51%)    -0.67205
      68    190.62    -0.66244 ( 99.53%)    -0.66011 (  0.47%)    -0.66243
      69    190.81    -0.66187 ( 99.53%)    -0.65980 (  0.47%)    -0.66186
      70    193.87    -0.65309 ( 99.56%)    -0.65509 (  0.44%)    -0.65310
      71    196.61    -0.64537 ( 99.58%)    -0.65094 (  0.42%)    -0.64539
      72    196.65    -0.64525 ( 99.58%)    -0.65087 (  0.42%)    -0.64527
      73    198.86    -0.63912 ( 99.60%)    -0.64757 (  0.40%)    -0.63916
      74    200.85    -0.63366 ( 99.62%)    -0.64462 (  0.38%)    -0.63370
      75    204.04    -0.62502 ( 99.64%)    -0.63994 (  0.36%)    -0.62507
      76    204.32    -0.62427 ( 99.64%)    -0.63954 (  0.36%)    -0.62432
      77    210.44    -0.60818 ( 99.68%)    -0.63080 (  0.32%)    -0.60825
      78    228.24    -0.56432 ( 99.77%)    -0.60674 (  0.23%)    -0.56442
      79    235.71    -0.54712 ( 99.80%)    -0.59721 (  0.20%)    -0.54722
      80    237.91    -0.54216 ( 99.81%)    -0.59445 (  0.19%)    -0.54226
      81    241.63    -0.53395 ( 99.82%)    -0.58986 (  0.18%)    -0.53405
      82    241.69    -0.53381 ( 99.82%)    -0.58978 (  0.18%)    -0.53392
      83    262.58    -0.49033 ( 99.87%)    -0.56523 (  0.13%)    -0.49043
      84    271.62    -0.47284 ( 99.89%)    -0.55520 (  0.11%)    -0.47293
      85    271.71    -0.47266 ( 99.89%)    -0.55510 (  0.11%)    -0.47275
      86    277.36    -0.46209 ( 99.89%)    -0.54900 (  0.11%)    -0.46218
      87    277.51    -0.46183 ( 99.89%)    -0.54884 (  0.11%)    -0.46192
      88    278.95    -0.45918 ( 99.90%)    -0.54730 (  0.10%)    -0.45927
      89    280.84    -0.45574 ( 99.90%)    -0.54531 (  0.10%)    -0.45583
      90    289.06    -0.44111 ( 99.91%)    -0.53676 (  0.09%)    -0.44119
      91    289.75    -0.43990 ( 99.91%)    -0.53606 (  0.09%)    -0.43999
      92    290.69    -0.43826 ( 99.91%)    -0.53509 (  0.09%)    -0.43835
      93    290.84    -0.43801 ( 99.91%)    -0.53495 (  0.09%)    -0.43809
      94    296.26    -0.42872 ( 99.92%)    -0.52947 (  0.08%)    -0.42880
   ------------------------------------------------------------------------

   temp. (K)  partition function   enthalpy   heat capacity  entropy
                                   cal/mol     cal/K/mol   cal/K/mol   J/K/mol
 298.15  VIB  0.226E+54            63240.229    403.613    402.794
         ROT  0.707E+09              888.752      2.981     43.473
         INT  0.160E+63            64128.981    406.594    446.267
         TR   0.699E+29             1481.254      4.968     48.201
         TOT                       65610.2350   411.5621   494.4684  2068.8558

       T/K    H(0)-H(T)+PV         H(T)/Eh          T*S/Eh         G(T)/Eh
   ------------------------------------------------------------------------
    298.15    0.104557E+00    0.146645E+01    0.234938E+00    0.123151E+01
   ------------------------------------------------------------------------

         :::::::::::::::::::::::::::::::::::::::::::::::::::::
         ::                  THERMODYNAMIC                  ::
         :::::::::::::::::::::::::::::::::::::::::::::::::::::
         :: total free energy        -302.339994635208 Eh   ::
         ::.................................................::
         :: total energy             -303.571503526584 Eh   ::
         :: zero point energy           1.361890223487 Eh   ::
         :: G(RRHO) w/o ZPVE           -0.130381332110 Eh   ::
         :: G(RRHO) contrib.            1.231508891376 Eh   ::
         :::::::::::::::::::::::::::::::::::::::::::::::::::::

           -------------------------------------------------
          | TOTAL ENERGY             -303.571503526584 Eh   |
          | TOTAL ENTHALPY           -302.105056738293 Eh   |
          | TOTAL FREE ENERGY        -302.339994635208 Eh   |
          | GRADIENT NORM               0.000786216474 Eh/α |
          | HOMO-LUMO GAP               1.871213146649 eV   |
           -------------------------------------------------

------------------------------------------------------------------------
 * finished run on 2021/06/21 at 23:34:57.453     
------------------------------------------------------------------------
 total:
 * wall-time:     0 d,  0 h, 22 min,  5.395 sec
 *  cpu-time:     0 d,  1 h, 18 min, 22.688 sec
 * ratio c/w:     3.548 speedup
 SCF:
 * wall-time:     0 d,  0 h,  0 min,  3.846 sec
 *  cpu-time:     0 d,  0 h,  0 min, 10.660 sec
 * ratio c/w:     2.771 speedup
 numerical hessian:
 * wall-time:     0 d,  0 h, 21 min, 56.306 sec
 *  cpu-time:     0 d,  1 h, 18 min,  6.755 sec
 * ratio c/w:     3.561 speedup

