      -----------------------------------------------------------      
     |                   =====================                   |     
     |                           x T B                           |     
     |                   =====================                   |     
     |                         S. Grimme                         |     
     |          Mulliken Center for Theoretical Chemistry        |     
     |                    University of Bonn                     |     
     |                Version 6.2 RC2 (SAW190805)                |     
      -----------------------------------------------------------      

   This program is distributed in the hope that it will be useful,
   but WITHOUT ANY WARRANTY; without even the implied warranty of
   MERCHANTABILITY or FITNESS FOR A PARTICULAR PURPOSE.
   
   FOR NON-COMMERCIAL, ACADEMIA USE ONLY.
   
   Cite this work as:
   * S. Grimme, C. Bannwarth, P. Shushkov, J. Chem. Theory Comput., 2017,
     13, 1989-2009. DOI: 10.1021/acs.jctc.7b00118
   * C. Bannwarth, S. Ehlert and S. Grimme., J. Chem. Theory Comput., 2019,
     15, 1652-1671. DOI: 10.1021/acs.jctc.8b01176
   * P. Pracht, E. Caldeweyher, S. Ehlert, S. Grimme, ChemRxiv, 2019, preprint.
     DOI: 10.26434/chemrxiv.8326202.v1
   
   for DFT-D4:
   * E. Caldeweyher, C. Bannwarth and S. Grimme, J. Chem. Phys., 2017,
     147, 034112. DOI: 10.1063/1.4993215
   * E. Caldeweyher, S. Ehlert, A. Hansen, H. Neugebauer, S. Spicher,
     C. Bannwarth and S. Grimme, J. Chem. Phys., 2019, 150, 154122.
     DOI: 10.1063/1.5090222
   
   for sTDA-xTB:
   * S. Grimme and C. Bannwarth, J. Chem. Phys., 2016, 145, 054103.
     DOI: 10.1063/1.4959605
   
   in the mass-spec context:
   * V. Asgeirsson, C. Bauer and S. Grimme, Chem. Sci., 2017, 8, 4879.
     DOI: 10.1039/c7sc00601b
   
   for metadynamics refer to:
   * S. Grimme, J. Chem. Theory Comput., 2019, 155, 2847-2862
     DOI: 10.1021/acs.jctc.9b00143
   
   with help from (in alphabetical order)
   C. Bannwarth, F. Bohle, G. Brandenburg, E. Caldeweyher, M. Checinski,
   S. Dohm, S. Ehlert, S. Ehrlich, F. März, H. Neugebauer, J. Pisarek,
   P. Pracht, P. Shushkov, and S. Spicher.
   
 * started run on 2021/06/22 at 01:14:55.613     

           -------------------------------------------------
          |                Calculation Setup                |
           -------------------------------------------------

          program call               : /home/atarzia/software/xtb-190806/bin/xtb /data/atarzia/projects/unsymm/screening/production/free_energy_calculations/fe_5a1_d/input_structure.xyz --gfn 2 --hess --parallel 6 --etemp 300 --gbsa dmso --chrg 4 --uhf 0 -I det_control.in
          coordinate file            : /data/atarzia/projects/unsymm/screening/production/free_energy_calculations/fe_5a1_d/input_structure.xyz
          omp threads                :                     6
          number of atoms            :                   178
          number of electrons        :                   536
          charge                     :                     4
          spin                       :                   0.0
          first test random number   :      0.54073079766804


########################################################################
# WARNING! Please study the warnings concerning your input carefully
#  - XTBHOME is not set, using HOME instead
#  - XTBPATH is not set, using XTBHOME instead
#  - Process number higher than OMP_NUM_THREADS, I hope you know what you are doing.
########################################################################

           ------------------------------------------------- 
          |                 G F N 2 - x T B                 |
          | Geometry, Frequencies, Noncovalent interactions |
          |            JCTC 2019 parametrisation            |
           ------------------------------------------------- 
             k(s)              :                1.8500
             k(p)              :                2.2300
             k(d)              :                2.2300
             k(f)              :                2.0000
             kEN (H0ij)        :               -2.0000
             D4 a1             :                0.5200
             D4 a2             :                5.0000
             D4 s6             :                1.0000
             D4 s8             :                2.7000
             D4 s9             :                5.0000
             alphaj            :                2.0000

  Z AO/shell   Hii/eV     exponent
  1     Wed Apr 25 08:07:45 CEST 2018   EN: 2.200 GM2: 0.406  GM3: 0.0800  RAES: 1.40
     1s    -10.707211    1.230000
  6     Wed Apr 25 08:07:45 CEST 2018   EN: 2.550 GM2: 0.538  GM3: 0.1500  RAES: 3.00
     2s    -13.970922    2.096432
     2p    -10.063292    1.800000
  7     Wed Apr 25 08:07:45 CEST 2018   EN: 3.040 GM2: 0.461  GM3:-0.0640  RAES: 1.90
     2s    -16.686243    2.339881
     2p    -12.523956    2.014332
 46     Wed Apr 25 16:26:58 CEST 2018   EN: 2.200 GM2: 0.273  GM3: 0.0800  RAES: 5.00
     4d    -11.963518    2.353691
     5s     -9.714059    1.828354
     5p     -2.035281    1.333352

 Solvent             : dmso
 Using internal parameter file: .param_gbsa2_dmso
 Gsolv ref. state (COSMO-RS): gsolv [1 M gas/solution]
 temperature (mdtemp)       :    298.150000000000     
 dielectric constant        :    46.6800000000000     
 rho                        :    1.10000000000000     
 mass                       :    78.1300000000000     
 surface tension            :    15.5689454083859     
 probe radius               :   0.949087640000000     
 vdW radii scaling          :    1.00000000000000     
 Gshift (Eh)                :   5.161738145414381E-003
 c1                         :    1.63948621000000     
 soset                      :   1.179665000000000E-002
 HB correction              :  T
           ------------------------------------------------- 
          |        Self-Consistent Charge Iterations        |
           ------------------------------------------------- 

          ...................................................
          :                      SETUP                      :
          :.................................................:
          :  # basis functions                 532          :
          :  # atomic orbitals                 530          :
          :  # shells                          294          :
          :  # electrons                       536          :
          :  max. iterations                   250          :
          :  Hamiltonian                  GFN2-xTB          :
          :  restarted?                      false          :
          :  GBSA solvation                   true          :
          :  PC potential                    false          :
          :  electronic temp.          300.0000000     K    :
          :  accuracy                    1.0000000          :
          :  -> integral cutoff          0.2500000E+02      :
          :  -> integral neglect         0.1000000E-07      :
          :  -> SCF convergence          0.1000000E-05 Eh   :
          :  -> wf. convergence          0.1000000E-03 e    :
          :  Broyden damping             0.4000000          :
          ...................................................

 iter      E             dE          RMSdq      gap      omega  full diag
   1   -291.2033808 -0.291203E+03  0.572E+00    2.18       0.0  T
   2   -291.6883033 -0.484923E+00  0.388E+00    1.70       1.0  T
   3   -291.4904441  0.197859E+00  0.212E+00    1.94       1.0  T
   4   -291.8709463 -0.380502E+00  0.956E-01    1.96       1.0  T
   5   -291.9548990 -0.839527E-01  0.427E-01    1.86       1.0  T
   6   -291.9713243 -0.164253E-01  0.215E-01    1.93       1.0  T
   7   -291.9738985 -0.257420E-02  0.108E-01    1.93       1.0  T
   8   -291.9743699 -0.471422E-03  0.403E-02    1.93       1.0  T
   9   -291.9745246 -0.154635E-03  0.169E-02    1.93       1.0  T
  10   -291.9745383 -0.137963E-04  0.756E-03    1.93       1.0  T
  11   -291.9745406 -0.223015E-05  0.475E-03    1.93       1.6  T
  12   -291.9745415 -0.954967E-06  0.203E-03    1.93       3.7  T
  13   -291.9745416 -0.870371E-07  0.128E-03    1.93       5.9  T
  14   -291.9745416 -0.287036E-07  0.817E-04    1.93       9.2  T
  15   -291.9745417 -0.763953E-08  0.452E-04    1.93      16.6  T

   *** convergence criteria satisfied after 15 iterations ***

         #    Occupation            Energy/Eh            Energy/eV
      -------------------------------------------------------------
         1        2.0000           -0.7292376             -19.8436
       ...           ...                  ...                  ...
       262        2.0000           -0.4027368             -10.9590
       263        2.0000           -0.4027242             -10.9587
       264        2.0000           -0.4026368             -10.9563
       265        2.0000           -0.3891963             -10.5906
       266        2.0000           -0.3891736             -10.5900
       267        2.0000           -0.3891082             -10.5882
       268        2.0000           -0.3890804             -10.5874 (HOMO)
       269                         -0.3181602              -8.6576 (LUMO)
       270                         -0.3180515              -8.6546
       271                         -0.3154988              -8.5852
       272                         -0.3151625              -8.5760
       273                         -0.3068562              -8.3500
       ...                                ...                  ...
       530                          1.4516753              39.5021
      -------------------------------------------------------------
                  HL-Gap            0.0709202 Eh            1.9298 eV
             Fermi-level           -0.3536203 Eh           -9.6225 eV

 SCC (total)                   0 d,  0 h,  0 min,  2.995 sec
 SCC setup                      ...        0 min,  0.130 sec (  4.326%)
 Dispersion                     ...        0 min,  0.037 sec (  1.224%)
 integral evaluation            ...        0 min,  0.424 sec ( 14.147%)
 zeroth order Hamiltonian       ...        0 min,  0.006 sec (  0.215%)
 iterations                     ...        0 min,  2.083 sec ( 69.535%)
 molecular gradient             ...        0 min,  0.305 sec ( 10.177%)
 printout                       ...        0 min,  0.011 sec (  0.373%)

         :::::::::::::::::::::::::::::::::::::::::::::::::::::
         ::                     SUMMARY                     ::
         :::::::::::::::::::::::::::::::::::::::::::::::::::::
         :: total energy            -286.657256481153 Eh    ::
         :: total w/o Gsasa/hb      -286.530046458310 Eh    ::
         :: gradient norm              0.000667025329 Eh/a0 ::
         :: HOMO-LUMO gap              1.929837342361 eV    ::
         ::.................................................::
         :: SCC energy              -292.087855836988 Eh    ::
         :: -> isotropic ES            0.623875458203 Eh    ::
         :: -> anisotropic ES         -0.089899390451 Eh    ::
         :: -> anisotropic XC          0.190102317831 Eh    ::
         :: -> dispersion             -0.264490622993 Eh    ::
         :: -> Gsolv                  -0.661777206520 Eh    ::
         ::    -> Gborn               -0.534567183676 Eh    ::
         ::    -> Gsasa               -0.118475919923 Eh    ::
         ::    -> Ghb                 -0.013895841066 Eh    ::
         ::    -> Gshift               0.005161738145 Eh    ::
         :: repulsion energy           5.427214509911 Eh    ::
         :: add. restraining           0.000000000000 Eh    ::
         :::::::::::::::::::::::::::::::::::::::::::::::::::::

           ------------------------------------------------- 
          |                Numerical Hessian                |
           ------------------------------------------------- 
step length          :   0.00500
SCC accuracy         :   0.30000
Hessian scale factor :   1.00000
frozen atoms in %    :   0.00000    0
RMS gradient         :   0.00067
estimated CPU  time    129.87 min
estimated wall time     32.13 min

writing file <hessian>.

 projected vibrational frequencies (cm-1)
eigval :       -0.00    -0.00    -0.00     0.00     0.00     0.00
eigval :        5.69     6.78     7.18     8.00    14.54    14.61
eigval :       15.06    19.61    22.09    22.16    26.37    28.71
eigval :       31.84    34.37    34.55    40.18    41.82    47.70
eigval :       48.19    49.94    59.31    61.23    61.66    62.30
eigval :       62.56    62.64    62.96    69.50    70.23    81.70
eigval :       83.22    83.48    89.93    92.57    96.13    97.80
eigval :      105.54   108.17   110.12   111.62   117.60   121.80
eigval :      122.91   129.59   136.57   137.64   150.38   150.55
eigval :      151.48   152.77   158.44   159.79   160.75   171.14
eigval :      172.35   173.33   180.46   189.47   191.26   193.64
eigval :      195.78   195.90   196.29   198.10   200.34   209.10
eigval :      210.22   216.02   218.21   222.78   230.81   242.64
eigval :      246.14   250.71   252.95   262.01   265.55   273.14
eigval :      274.59   280.34   289.46   289.95   290.64   292.56
eigval :      293.83   301.45   302.93   305.98   315.59   317.55
eigval :      321.78   323.10   333.03   334.24   337.82   341.46
eigval :      344.50   345.48   349.47   371.31   371.40   371.98
eigval :      372.25   385.93   386.88   392.98   393.07   394.09
eigval :      394.70   403.59   404.62   405.46   425.39   425.66
eigval :      427.29   427.67   443.28   443.50   443.60   443.63
eigval :      444.74   444.85   453.63   453.84   453.96   455.14
eigval :      456.14   456.93   474.81   474.95   475.23   475.91
eigval :      485.64   486.57   487.36   491.83   508.69   510.63
eigval :      513.44   513.66   518.64   520.65   520.98   522.03
eigval :      538.80   539.59   542.30   542.52   550.97   551.33
eigval :      551.43   551.56   562.33   565.33   567.42   579.56
eigval :      580.64   582.44   582.96   587.37   597.95   598.38
eigval :      598.53   600.10   610.55   612.30   616.32   616.65
eigval :      616.97   620.55   621.76   623.48   628.13   632.62
eigval :      636.41   640.76   642.65   643.70   643.94   676.32
eigval :      676.85   678.23   678.71   691.70   709.94   711.49
eigval :      713.22   717.97   721.42   721.48   721.48   722.15
eigval :      724.42   724.81   725.68   725.79   768.39   768.69
eigval :      769.45   770.16   772.83   774.09   774.18   774.78
eigval :      777.89   779.05   779.45   779.86   796.23   798.37
eigval :      798.50   798.76   799.07   799.22   799.33   800.87
eigval :      802.93   802.99   803.05   803.12   809.51   812.98
eigval :      813.46   814.87   847.75   848.26   848.45   848.53
eigval :      853.75   854.24   854.61   854.74   858.12   859.42
eigval :      860.36   861.38   863.19   864.06   864.97   865.61
eigval :      869.88   870.18   870.88   871.39   875.78   879.92
eigval :      882.50   884.28   891.17   892.16   892.28   893.08
eigval :      894.17   894.54   895.12   895.74   896.69   896.98
eigval :      897.25   897.56   915.12   916.84   917.93   918.39
eigval :      922.18   922.28   922.44   922.78   927.86   928.01
eigval :      928.04   928.48   934.70   934.71   935.34   935.41
eigval :      937.90   938.02   938.19   938.29   951.91   952.96
eigval :      953.35   953.84   996.91   997.92   999.55  1000.50
eigval :     1044.33  1044.37  1044.74  1044.93  1067.70  1068.69
eigval :     1074.40  1075.42  1076.88  1076.93  1077.00  1077.40
eigval :     1089.74  1090.71  1095.20  1098.37  1107.63  1108.03
eigval :     1108.05  1108.50  1125.70  1126.73  1127.93  1132.46
eigval :     1144.98  1145.06  1146.52  1147.15  1152.50  1152.81
eigval :     1155.71  1157.22  1163.75  1163.91  1166.38  1167.78
eigval :     1170.78  1171.38  1173.19  1175.97  1180.74  1181.21
eigval :     1181.38  1182.59  1185.60  1185.77  1187.35  1188.89
eigval :     1203.32  1203.40  1203.83  1204.24  1216.53  1216.81
eigval :     1217.47  1217.87  1218.33  1218.78  1218.90  1221.31
eigval :     1225.72  1225.85  1226.18  1226.73  1238.11  1238.62
eigval :     1240.91  1243.47  1255.90  1256.00  1256.05  1256.39
eigval :     1264.98  1265.27  1265.62  1265.91  1285.82  1286.24
eigval :     1287.71  1288.38  1293.73  1294.67  1295.17  1298.92
eigval :     1301.85  1302.86  1303.28  1309.40  1315.98  1316.19
eigval :     1316.21  1330.24  1341.12  1342.79  1344.59  1347.33
eigval :     1367.30  1367.46  1368.25  1368.73  1373.21  1373.44
eigval :     1375.29  1376.14  1385.32  1385.88  1386.10  1388.35
eigval :     1395.94  1395.96  1396.27  1396.50  1401.70  1402.04
eigval :     1402.13  1406.48  1413.61  1413.62  1413.88  1414.08
eigval :     1423.68  1423.80  1423.96  1425.25  1445.87  1446.01
eigval :     1446.18  1446.85  1450.99  1451.85  1451.88  1452.59
eigval :     1463.71  1464.45  1464.59  1478.11  1494.06  1494.20
eigval :     1494.21  1494.80  1534.38  1534.93  1535.43  1536.79
eigval :     1538.30  1538.44  1538.50  1544.51  1545.87  1546.02
eigval :     1546.11  1550.14  1550.33  1550.56  1550.65  1553.13
eigval :     1557.35  1557.36  1558.20  1566.23  1568.89  1569.16
eigval :     1569.50  1589.02  1589.23  1589.30  1589.49  1595.81
eigval :     1596.42  1596.73  1596.79  1606.98  2302.69  2302.89
eigval :     2303.48  2303.87  2894.42  2902.62  2906.90  2913.01
eigval :     2921.88  2927.26  2943.07  2946.34  3028.54  3029.37
eigval :     3029.59  3029.83  3030.44  3030.84  3033.07  3033.19
eigval :     3074.32  3074.61  3075.10  3075.12  3080.63  3080.90
eigval :     3080.94  3081.06  3091.94  3092.00  3092.37  3092.85
eigval :     3092.87  3093.11  3093.15  3093.40  3094.87  3095.26
eigval :     3095.45  3096.02  3097.78  3097.95  3098.06  3098.29
eigval :     3099.14  3099.28  3099.67  3099.69  3101.59  3101.65
eigval :     3101.87  3102.10  3106.99  3107.40  3107.51  3107.61
eigval :     3109.32  3109.59  3109.71  3110.40  3114.49  3114.71
eigval :     3114.80  3114.89  3117.78  3117.83  3118.27  3118.31
           -------------------------------------------------
          |                Property Printout                |
           -------------------------------------------------

    * Orbital Energies and Occupations

         #    Occupation            Energy/Eh            Energy/eV
      -------------------------------------------------------------
         1        2.0000           -0.7292391             -19.8436
       ...           ...                  ...                  ...
       256        2.0000           -0.4209206             -11.4538
       257        2.0000           -0.4160791             -11.3221
       258        2.0000           -0.4155259             -11.3070
       259        2.0000           -0.4155010             -11.3064
       260        2.0000           -0.4150294             -11.2935
       261        2.0000           -0.4027757             -10.9601
       262        2.0000           -0.4027383             -10.9591
       263        2.0000           -0.4027263             -10.9587
       264        2.0000           -0.4026385             -10.9564
       265        2.0000           -0.3891984             -10.5906
       266        2.0000           -0.3891758             -10.5900
       267        2.0000           -0.3891095             -10.5882
       268        2.0000           -0.3890818             -10.5875 (HOMO)
       269                         -0.3181633              -8.6577 (LUMO)
       270                         -0.3180534              -8.6547
       271                         -0.3155006              -8.5852
       272                         -0.3151654              -8.5761
       273                         -0.3068579              -8.3500
       274                         -0.3066224              -8.3436
       275                         -0.3029752              -8.2444
       276                         -0.3024825              -8.2310
       277                         -0.2935458              -7.9878
       278                         -0.2932870              -7.9807
       279                         -0.2923650              -7.9557
       ...                                ...                  ...
       530                          1.4516723              39.5020
      -------------------------------------------------------------
                  HL-Gap            0.0709185 Eh            1.9298 eV
             Fermi-level           -0.3536225 Eh           -9.6226 eV

     #   Z        covCN         q      C6AA      α(0)
     1  46 Pd     3.766    -0.121   357.306    35.056
     2  46 Pd     3.592    -0.110   275.750    34.236
     3   6 C      1.983    -0.022    31.650     9.085
     4   6 C      1.981    -0.034    31.973     9.132
     5   6 C      2.966     0.044    27.007     8.524
     6   6 C      2.922    -0.018    28.461     8.749
     7   6 C      2.914    -0.019    28.480     8.751
     8   6 C      2.914    -0.031    28.776     8.796
     9   6 C      2.981     0.004    27.931     8.669
    10   6 C      2.885     0.060    26.646     8.463
    11   7 N      2.663    -0.099    23.194     7.153
    12   6 C      2.946     0.042    27.064     8.532
    13   6 C      2.911    -0.029    28.718     8.787
    14   6 C      2.999     0.015    27.664     8.628
    15   1 H      0.926     0.058     2.220     2.330
    16   1 H      0.926     0.056     2.240     2.341
    17   1 H      0.926     0.070     2.087     2.259
    18   1 H      0.925     0.113     1.670     2.021
    19   1 H      0.924     0.148     1.403     1.853
    20   1 H      0.926     0.103     1.756     2.072
    21   6 C      2.968     0.038    27.135     8.545
    22   6 C      2.921    -0.027    28.674     8.781
    23   6 C      2.916    -0.031    28.767     8.795
    24   6 C      2.986     0.014    27.682     8.631
    25   6 C      2.916    -0.030    28.757     8.794
    26   6 C      2.920    -0.032    28.805     8.801
    27   6 C      2.971    -0.002    28.061     8.689
    28   6 C      2.922    -0.043    29.070     8.842
    29   6 C      2.983     0.008    27.826     8.653
    30   6 C      2.928    -0.040    28.987     8.829
    31   1 H      0.926     0.039     2.467     2.456
    32   1 H      0.926     0.033     2.541     2.493
    33   1 H      0.926     0.038     2.471     2.458
    34   1 H      0.926     0.048     2.345     2.395
    35   1 H      0.926     0.079     1.990     2.206
    36   1 H      0.926     0.075     2.030     2.228
    37   6 C      2.971     0.011    27.756     8.642
    38   6 C      2.931    -0.005    28.140     8.700
    39   6 C      2.911    -0.029    28.736     8.790
    40   6 C      2.976     0.059    26.673     8.472
    41   7 N      2.673    -0.096    23.132     7.143
    42   6 C      2.894     0.047    26.944     8.511
    43   1 H      0.926     0.082     1.956     2.187
    44   1 H      0.926     0.096     1.822     2.111
    45   1 H      0.924     0.136     1.491     1.910
    46   1 H      0.925     0.128     1.553     1.949
    47   6 C      1.983    -0.022    31.649     9.085
    48   6 C      1.981    -0.034    31.970     9.131
    49   6 C      2.966     0.044    27.003     8.524
    50   6 C      2.922    -0.018    28.460     8.748
    51   6 C      2.914    -0.019    28.474     8.750
    52   6 C      2.914    -0.031    28.773     8.796
    53   6 C      2.981     0.004    27.929     8.669
    54   6 C      2.886     0.061    26.622     8.459
    55   7 N      2.673    -0.105    23.305     7.170
    56   6 C      2.975     0.044    27.013     8.525
    57   6 C      2.911    -0.029    28.717     8.787
    58   6 C      2.999     0.015    27.669     8.629
    59   1 H      0.926     0.058     2.222     2.331
    60   1 H      0.926     0.056     2.241     2.341
    61   1 H      0.926     0.070     2.083     2.257
    62   1 H      0.925     0.114     1.665     2.018
    63   1 H      0.924     0.151     1.387     1.842
    64   1 H      0.926     0.104     1.752     2.070
    65   6 C      2.968     0.039    27.133     8.544
    66   6 C      2.921    -0.027    28.674     8.781
    67   6 C      2.916    -0.031    28.766     8.795
    68   6 C      2.986     0.014    27.686     8.631
    69   6 C      2.916    -0.030    28.759     8.794
    70   6 C      2.920    -0.032    28.810     8.802
    71   6 C      2.972    -0.002    28.070     8.690
    72   6 C      2.922    -0.043    29.075     8.842
    73   6 C      2.983     0.008    27.828     8.653
    74   6 C      2.928    -0.040    28.984     8.829
    75   1 H      0.926     0.039     2.466     2.456
    76   1 H      0.926     0.033     2.541     2.493
    77   1 H      0.926     0.038     2.469     2.457
    78   1 H      0.926     0.048     2.347     2.396
    79   1 H      0.926     0.079     1.990     2.206
    80   1 H      0.926     0.075     2.032     2.229
    81   6 C      2.971     0.011    27.762     8.643
    82   6 C      2.931    -0.005    28.137     8.699
    83   6 C      2.911    -0.029    28.730     8.789
    84   6 C      2.942     0.057    26.721     8.478
    85   7 N      2.663    -0.090    23.011     7.124
    86   6 C      2.894     0.046    26.972     8.515
    87   1 H      0.926     0.082     1.957     2.187
    88   1 H      0.926     0.095     1.831     2.116
    89   1 H      0.924     0.133     1.513     1.924
    90   1 H      0.925     0.126     1.564     1.956
    91   6 C      1.983    -0.022    31.650     9.085
    92   6 C      1.981    -0.034    31.973     9.131
    93   6 C      2.966     0.044    27.007     8.524
    94   6 C      2.922    -0.018    28.461     8.749
    95   6 C      2.914    -0.019    28.480     8.751
    96   6 C      2.914    -0.031    28.776     8.796
    97   6 C      2.981     0.004    27.931     8.669
    98   6 C      2.885     0.060    26.646     8.463
    99   7 N      2.663    -0.099    23.194     7.153
   100   6 C      2.946     0.042    27.064     8.532
   101   6 C      2.911    -0.029    28.717     8.787
   102   6 C      2.999     0.015    27.664     8.628
   103   1 H      0.926     0.058     2.220     2.330
   104   1 H      0.926     0.056     2.240     2.341
   105   1 H      0.926     0.070     2.087     2.259
   106   1 H      0.925     0.113     1.671     2.021
   107   1 H      0.924     0.148     1.403     1.852
   108   1 H      0.926     0.103     1.756     2.072
   109   6 C      2.968     0.038    27.136     8.545
   110   6 C      2.921    -0.027    28.674     8.781
   111   6 C      2.916    -0.031    28.767     8.795
   112   6 C      2.986     0.014    27.682     8.631
   113   6 C      2.916    -0.030    28.757     8.794
   114   6 C      2.920    -0.032    28.805     8.801
   115   6 C      2.971    -0.002    28.061     8.689
   116   6 C      2.922    -0.043    29.070     8.842
   117   6 C      2.983     0.008    27.826     8.653
   118   6 C      2.928    -0.040    28.987     8.829
   119   1 H      0.926     0.039     2.467     2.456
   120   1 H      0.926     0.033     2.541     2.493
   121   1 H      0.926     0.038     2.471     2.458
   122   1 H      0.926     0.048     2.345     2.395
   123   1 H      0.926     0.079     1.990     2.206
   124   1 H      0.926     0.075     2.030     2.228
   125   6 C      2.971     0.011    27.756     8.642
   126   6 C      2.931    -0.005    28.140     8.700
   127   6 C      2.911    -0.029    28.736     8.790
   128   6 C      2.976     0.059    26.673     8.472
   129   7 N      2.673    -0.096    23.130     7.143
   130   6 C      2.894     0.047    26.945     8.511
   131   1 H      0.926     0.082     1.956     2.187
   132   1 H      0.926     0.096     1.822     2.111
   133   1 H      0.924     0.136     1.492     1.910
   134   1 H      0.925     0.128     1.553     1.949
   135   6 C      1.983    -0.022    31.649     9.085
   136   6 C      1.981    -0.034    31.970     9.131
   137   6 C      2.966     0.044    27.003     8.524
   138   6 C      2.922    -0.018    28.460     8.748
   139   6 C      2.914    -0.019    28.474     8.750
   140   6 C      2.914    -0.031    28.773     8.796
   141   6 C      2.981     0.004    27.929     8.669
   142   6 C      2.886     0.061    26.622     8.459
   143   7 N      2.673    -0.105    23.305     7.170
   144   6 C      2.975     0.044    27.013     8.525
   145   6 C      2.911    -0.029    28.717     8.787
   146   6 C      2.999     0.015    27.669     8.629
   147   1 H      0.926     0.058     2.222     2.331
   148   1 H      0.926     0.056     2.242     2.341
   149   1 H      0.926     0.070     2.083     2.257
   150   1 H      0.925     0.114     1.665     2.018
   151   1 H      0.924     0.151     1.387     1.842
   152   1 H      0.926     0.104     1.752     2.070
   153   6 C      2.968     0.039    27.133     8.544
   154   6 C      2.921    -0.027    28.674     8.781
   155   6 C      2.916    -0.031    28.767     8.795
   156   6 C      2.986     0.014    27.686     8.631
   157   6 C      2.916    -0.030    28.758     8.794
   158   6 C      2.920    -0.033    28.810     8.802
   159   6 C      2.972    -0.002    28.070     8.690
   160   6 C      2.922    -0.043    29.075     8.842
   161   6 C      2.983     0.008    27.828     8.653
   162   6 C      2.928    -0.040    28.984     8.829
   163   1 H      0.926     0.039     2.466     2.456
   164   1 H      0.926     0.033     2.541     2.493
   165   1 H      0.926     0.038     2.470     2.457
   166   1 H      0.926     0.048     2.347     2.396
   167   1 H      0.926     0.079     1.990     2.206
   168   1 H      0.926     0.075     2.032     2.229
   169   6 C      2.971     0.011    27.762     8.643
   170   6 C      2.931    -0.005    28.137     8.699
   171   6 C      2.911    -0.029    28.730     8.789
   172   6 C      2.942     0.057    26.721     8.478
   173   7 N      2.663    -0.090    23.009     7.124
   174   6 C      2.894     0.046    26.972     8.515
   175   1 H      0.926     0.082     1.957     2.188
   176   1 H      0.926     0.095     1.831     2.116
   177   1 H      0.924     0.133     1.513     1.924
   178   1 H      0.925     0.126     1.564     1.956

 Mol. C6AA /au·bohr⁶  :     514049.644436
 Mol. C8AA /au·bohr⁸  :   14486139.589680
 Mol. α(0) /au        :       1173.924286


Wiberg/Mayer (AO) data.
largest (>0.10) Wiberg bond orders for each atom
          total WBO             WBO to atom ...
     1  Pd  3.595        N   55 0.595    N  143 0.595    N  129 0.588    N   41 0.588    C   56 0.118    C  144 0.118    C   40 0.112    C  128 0.112
     2  Pd  3.533        N   11 0.595    N   99 0.595    N  173 0.588    N   85 0.588    C  100 0.111    C   12 0.111    C   84 0.102    C  172 0.102
     3  C   3.944        C    4 2.640    C   21 1.131
     4  C   3.949        C    3 2.640    C    5 1.139
     5  C   3.987        C    6 1.440    C   14 1.216    C    4 1.139
     6  C   3.966        C    5 1.440    C    7 1.348    H   15 0.968
     7  C   3.987        C    8 1.532    C    6 1.348    H   16 0.968
     8  C   3.943        C    7 1.532    C    9 1.274    H   17 0.965
     9  C   3.987        C   10 1.284    C    8 1.274    C   14 1.238
    10  C   3.963        N   11 1.460    C    9 1.284    H   18 0.926    C   13 0.101
    11  N   3.535        C   10 1.460    C   12 1.228    Pd   2 0.595
    12  C   3.964        C   13 1.553    N   11 1.228    H   19 0.879    Pd   2 0.111
    13  C   3.981        C   12 1.553    C   14 1.287    H   20 0.954    C   10 0.101
    14  C   3.981        C   13 1.287    C    9 1.238    C    5 1.216
    15  H   0.996        C    6 0.968
    16  H   0.995        C    7 0.968
    17  H   0.994        C    8 0.965
    18  H   0.986        C   10 0.926
    19  H   0.977        C   12 0.879
    20  H   0.988        C   13 0.954
    21  C   3.988        C   30 1.456    C   22 1.247    C    3 1.131
    22  C   3.974        C   23 1.575    C   21 1.247    H   31 0.970
    23  C   3.990        C   22 1.575    C   24 1.273    H   32 0.967    C   30 0.106
    24  C   3.967        C   25 1.279    C   23 1.273    C   29 1.240
    25  C   3.989        C   26 1.567    C   24 1.279    H   33 0.967    C   28 0.108
    26  C   3.978        C   25 1.567    C   27 1.269    H   34 0.966
    27  C   3.985        C   28 1.488    C   26 1.269    C   37 1.059
    28  C   3.974        C   27 1.488    C   29 1.285    H   35 0.960    C   25 0.108
    29  C   3.989        C   30 1.292    C   28 1.285    C   24 1.240
    30  C   3.959        C   21 1.456    C   29 1.292    H   36 0.963    C   23 0.106
    31  H   0.998        C   22 0.970
    32  H   0.997        C   23 0.967
    33  H   0.997        C   25 0.967
    34  H   0.997        C   26 0.966
    35  H   0.993        C   28 0.960
    36  H   0.994        C   30 0.963
    37  C   3.982        C   42 1.374    C   38 1.373    C   27 1.059
    38  C   3.975        C   39 1.442    C   37 1.373    H   43 0.961
    39  C   3.981        C   38 1.442    C   40 1.434    H   44 0.961
    40  C   3.964        C   39 1.434    N   41 1.336    H   45 0.886    Pd   1 0.112
    41  N   3.534        C   42 1.368    C   40 1.336    Pd   1 0.588
    42  C   3.960        C   37 1.374    N   41 1.368    H   46 0.921
    43  H   0.992        C   38 0.961
    44  H   0.990        C   39 0.961
    45  H   0.981        C   40 0.886
    46  H   0.983        C   42 0.921
    47  C   3.944        C   48 2.639    C   65 1.132
    48  C   3.950        C   47 2.639    C   49 1.140
    49  C   3.988        C   50 1.439    C   58 1.216    C   48 1.140
    50  C   3.965        C   49 1.439    C   51 1.349    H   59 0.968
    51  C   3.987        C   52 1.531    C   50 1.349    H   60 0.968
    52  C   3.942        C   51 1.531    C   53 1.275    H   61 0.965
    53  C   3.987        C   54 1.284    C   52 1.275    C   58 1.238
    54  C   3.962        N   55 1.455    C   53 1.284    H   62 0.926    C   57 0.102
    55  N   3.533        C   54 1.455    C   56 1.227    Pd   1 0.595
    56  C   3.964        C   57 1.551    N   55 1.227    H   63 0.873    Pd   1 0.118
    57  C   3.980        C   56 1.551    C   58 1.288    H   64 0.954    C   54 0.102
    58  C   3.980        C   57 1.288    C   53 1.238    C   49 1.216
    59  H   0.996        C   50 0.968
    60  H   0.995        C   51 0.968
    61  H   0.994        C   52 0.965
    62  H   0.986        C   54 0.926
    63  H   0.977        C   56 0.873
    64  H   0.988        C   57 0.954
    65  C   3.988        C   74 1.455    C   66 1.247    C   47 1.132
    66  C   3.974        C   67 1.575    C   65 1.247    H   75 0.970
    67  C   3.990        C   66 1.575    C   68 1.273    H   76 0.967    C   74 0.106
    68  C   3.967        C   69 1.279    C   67 1.273    C   73 1.240
    69  C   3.989        C   70 1.566    C   68 1.279    H   77 0.967    C   72 0.108
    70  C   3.978        C   69 1.566    C   71 1.270    H   78 0.966
    71  C   3.984        C   72 1.489    C   70 1.270    C   81 1.057
    72  C   3.974        C   71 1.489    C   73 1.285    H   79 0.960    C   69 0.108
    73  C   3.989        C   74 1.292    C   72 1.285    C   68 1.240
    74  C   3.958        C   65 1.455    C   73 1.292    H   80 0.963    C   67 0.106
    75  H   0.998        C   66 0.970
    76  H   0.997        C   67 0.967
    77  H   0.997        C   69 0.967
    78  H   0.997        C   70 0.966
    79  H   0.993        C   72 0.960
    80  H   0.994        C   74 0.963
    81  C   3.982        C   86 1.376    C   82 1.373    C   71 1.057
    82  C   3.975        C   83 1.443    C   81 1.373    H   87 0.961
    83  C   3.981        C   82 1.443    C   84 1.434    H   88 0.961
    84  C   3.964        C   83 1.434    N   85 1.340    H   89 0.894    Pd   2 0.102
    85  N   3.536        C   86 1.370    C   84 1.340    Pd   2 0.588
    86  C   3.961        C   81 1.376    N   85 1.370    H   90 0.921
    87  H   0.991        C   82 0.961
    88  H   0.990        C   83 0.961
    89  H   0.981        C   84 0.894
    90  H   0.983        C   86 0.921
    91  C   3.944        C   92 2.639    C  109 1.131
    92  C   3.949        C   91 2.639    C   93 1.139
    93  C   3.987        C   94 1.440    C  102 1.216    C   92 1.139
    94  C   3.966        C   93 1.440    C   95 1.349    H  103 0.968
    95  C   3.987        C   96 1.531    C   94 1.349    H  104 0.968
    96  C   3.943        C   95 1.531    C   97 1.274    H  105 0.965
    97  C   3.987        C   98 1.284    C   96 1.274    C  102 1.238
    98  C   3.963        N   99 1.460    C   97 1.284    H  106 0.926    C  101 0.101
    99  N   3.535        C   98 1.460    C  100 1.228    Pd   2 0.595
   100  C   3.964        C  101 1.553    N   99 1.228    H  107 0.879    Pd   2 0.111
   101  C   3.981        C  100 1.553    C  102 1.287    H  108 0.954    C   98 0.101
   102  C   3.981        C  101 1.287    C   97 1.238    C   93 1.216
   103  H   0.996        C   94 0.968
   104  H   0.995        C   95 0.968
   105  H   0.994        C   96 0.965
   106  H   0.986        C   98 0.926
   107  H   0.977        C  100 0.879
   108  H   0.988        C  101 0.954
   109  C   3.988        C  118 1.456    C  110 1.247    C   91 1.131
   110  C   3.974        C  111 1.575    C  109 1.247    H  119 0.970
   111  C   3.990        C  110 1.575    C  112 1.273    H  120 0.967    C  118 0.106
   112  C   3.967        C  113 1.279    C  111 1.273    C  117 1.240
   113  C   3.989        C  114 1.567    C  112 1.279    H  121 0.967    C  116 0.108
   114  C   3.978        C  113 1.567    C  115 1.269    H  122 0.966
   115  C   3.985        C  116 1.488    C  114 1.269    C  125 1.059
   116  C   3.974        C  115 1.488    C  117 1.285    H  123 0.960    C  113 0.108
   117  C   3.989        C  118 1.292    C  116 1.285    C  112 1.240
   118  C   3.959        C  109 1.456    C  117 1.292    H  124 0.963    C  111 0.106
   119  H   0.998        C  110 0.970
   120  H   0.997        C  111 0.967
   121  H   0.997        C  113 0.967
   122  H   0.997        C  114 0.966
   123  H   0.993        C  116 0.960
   124  H   0.994        C  118 0.963
   125  C   3.982        C  130 1.374    C  126 1.373    C  115 1.059
   126  C   3.975        C  127 1.442    C  125 1.373    H  131 0.961
   127  C   3.981        C  126 1.442    C  128 1.434    H  132 0.961
   128  C   3.964        C  127 1.434    N  129 1.336    H  133 0.886    Pd   1 0.112
   129  N   3.534        C  130 1.368    C  128 1.336    Pd   1 0.588
   130  C   3.960        C  125 1.374    N  129 1.368    H  134 0.921
   131  H   0.992        C  126 0.961
   132  H   0.990        C  127 0.961
   133  H   0.981        C  128 0.886
   134  H   0.983        C  130 0.921
   135  C   3.944        C  136 2.639    C  153 1.132
   136  C   3.950        C  135 2.639    C  137 1.140
   137  C   3.988        C  138 1.439    C  146 1.216    C  136 1.140
   138  C   3.965        C  137 1.439    C  139 1.349    H  147 0.968
   139  C   3.987        C  140 1.531    C  138 1.349    H  148 0.968
   140  C   3.942        C  139 1.531    C  141 1.275    H  149 0.965
   141  C   3.987        C  142 1.284    C  140 1.275    C  146 1.238
   142  C   3.962        N  143 1.455    C  141 1.284    H  150 0.926    C  145 0.102
   143  N   3.533        C  142 1.455    C  144 1.227    Pd   1 0.595
   144  C   3.964        C  145 1.551    N  143 1.227    H  151 0.873    Pd   1 0.118
   145  C   3.980        C  144 1.551    C  146 1.288    H  152 0.954    C  142 0.102
   146  C   3.980        C  145 1.288    C  141 1.238    C  137 1.216
   147  H   0.996        C  138 0.968
   148  H   0.995        C  139 0.968
   149  H   0.994        C  140 0.965
   150  H   0.986        C  142 0.926
   151  H   0.977        C  144 0.873
   152  H   0.988        C  145 0.954
   153  C   3.988        C  162 1.455    C  154 1.247    C  135 1.132
   154  C   3.974        C  155 1.575    C  153 1.247    H  163 0.970
   155  C   3.990        C  154 1.575    C  156 1.273    H  164 0.967    C  162 0.106
   156  C   3.967        C  157 1.279    C  155 1.273    C  161 1.240
   157  C   3.989        C  158 1.566    C  156 1.279    H  165 0.967    C  160 0.108
   158  C   3.978        C  157 1.566    C  159 1.270    H  166 0.966
   159  C   3.984        C  160 1.489    C  158 1.270    C  169 1.057
   160  C   3.974        C  159 1.489    C  161 1.285    H  167 0.960    C  157 0.108
   161  C   3.989        C  162 1.292    C  160 1.285    C  156 1.240
   162  C   3.958        C  153 1.455    C  161 1.292    H  168 0.963    C  155 0.106
   163  H   0.998        C  154 0.970
   164  H   0.997        C  155 0.967
   165  H   0.997        C  157 0.967
   166  H   0.997        C  158 0.966
   167  H   0.993        C  160 0.960
   168  H   0.994        C  162 0.963
   169  C   3.982        C  174 1.376    C  170 1.373    C  159 1.057
   170  C   3.975        C  171 1.443    C  169 1.373    H  175 0.961
   171  C   3.981        C  170 1.443    C  172 1.434    H  176 0.961
   172  C   3.964        C  171 1.434    N  173 1.340    H  177 0.894    Pd   2 0.102
   173  N   3.536        C  174 1.370    C  172 1.340    Pd   2 0.588
   174  C   3.961        C  169 1.376    N  173 1.370    H  178 0.921
   175  H   0.991        C  170 0.961
   176  H   0.990        C  171 0.961
   177  H   0.981        C  172 0.894
   178  H   0.983        C  174 0.921

molecular dipole:
                 x           y           z       tot (Debye)
 q only:       -0.192      -3.647       0.306
   full:       -0.191      -3.659       0.307       9.345
molecular quadrupole (traceless):
                xx          xy          yy          xz          yz          zz
 q only:     -176.976      12.696     351.848       6.085     -28.496    -174.872
  q+dip:     -192.186      13.883     382.332       8.501     -31.015    -190.146
   full:     -177.367      12.789     352.763       7.253     -28.604    -175.395

           -------------------------------------------------
          |               Frequency Printout                |
           -------------------------------------------------
 projected vibrational frequencies (cm-1)
eigval :       -0.00    -0.00    -0.00     0.00     0.00     0.00
eigval :        5.69     6.78     7.18     8.00    14.54    14.61
eigval :       15.06    19.61    22.09    22.16    26.37    28.71
eigval :       31.84    34.37    34.55    40.18    41.82    47.70
eigval :       48.19    49.94    59.31    61.23    61.66    62.30
eigval :       62.56    62.64    62.96    69.50    70.23    81.70
eigval :       83.22    83.48    89.93    92.57    96.13    97.80
eigval :      105.54   108.17   110.12   111.62   117.60   121.80
eigval :      122.91   129.59   136.57   137.64   150.38   150.55
eigval :      151.48   152.77   158.44   159.79   160.75   171.14
eigval :      172.35   173.33   180.46   189.47   191.26   193.64
eigval :      195.78   195.90   196.29   198.10   200.34   209.10
eigval :      210.22   216.02   218.21   222.78   230.81   242.64
eigval :      246.14   250.71   252.95   262.01   265.55   273.14
eigval :      274.59   280.34   289.46   289.95   290.64   292.56
eigval :      293.83   301.45   302.93   305.98   315.59   317.55
eigval :      321.78   323.10   333.03   334.24   337.82   341.46
eigval :      344.50   345.48   349.47   371.31   371.40   371.98
eigval :      372.25   385.93   386.88   392.98   393.07   394.09
eigval :      394.70   403.59   404.62   405.46   425.39   425.66
eigval :      427.29   427.67   443.28   443.50   443.60   443.63
eigval :      444.74   444.85   453.63   453.84   453.96   455.14
eigval :      456.14   456.93   474.81   474.95   475.23   475.91
eigval :      485.64   486.57   487.36   491.83   508.69   510.63
eigval :      513.44   513.66   518.64   520.65   520.98   522.03
eigval :      538.80   539.59   542.30   542.52   550.97   551.33
eigval :      551.43   551.56   562.33   565.33   567.42   579.56
eigval :      580.64   582.44   582.96   587.37   597.95   598.38
eigval :      598.53   600.10   610.55   612.30   616.32   616.65
eigval :      616.97   620.55   621.76   623.48   628.13   632.62
eigval :      636.41   640.76   642.65   643.70   643.94   676.32
eigval :      676.85   678.23   678.71   691.70   709.94   711.49
eigval :      713.22   717.97   721.42   721.48   721.48   722.15
eigval :      724.42   724.81   725.68   725.79   768.39   768.69
eigval :      769.45   770.16   772.83   774.09   774.18   774.78
eigval :      777.89   779.05   779.45   779.86   796.23   798.37
eigval :      798.50   798.76   799.07   799.22   799.33   800.87
eigval :      802.93   802.99   803.05   803.12   809.51   812.98
eigval :      813.46   814.87   847.75   848.26   848.45   848.53
eigval :      853.75   854.24   854.61   854.74   858.12   859.42
eigval :      860.36   861.38   863.19   864.06   864.97   865.61
eigval :      869.88   870.18   870.88   871.39   875.78   879.92
eigval :      882.50   884.28   891.17   892.16   892.28   893.08
eigval :      894.17   894.54   895.12   895.74   896.69   896.98
eigval :      897.25   897.56   915.12   916.84   917.93   918.39
eigval :      922.18   922.28   922.44   922.78   927.86   928.01
eigval :      928.04   928.48   934.70   934.71   935.34   935.41
eigval :      937.90   938.02   938.19   938.29   951.91   952.96
eigval :      953.35   953.84   996.91   997.92   999.55  1000.50
eigval :     1044.33  1044.37  1044.74  1044.93  1067.70  1068.69
eigval :     1074.40  1075.42  1076.88  1076.93  1077.00  1077.40
eigval :     1089.74  1090.71  1095.20  1098.37  1107.63  1108.03
eigval :     1108.05  1108.50  1125.70  1126.73  1127.93  1132.46
eigval :     1144.98  1145.06  1146.52  1147.15  1152.50  1152.81
eigval :     1155.71  1157.22  1163.75  1163.91  1166.38  1167.78
eigval :     1170.78  1171.38  1173.19  1175.97  1180.74  1181.21
eigval :     1181.38  1182.59  1185.60  1185.77  1187.35  1188.89
eigval :     1203.32  1203.40  1203.83  1204.24  1216.53  1216.81
eigval :     1217.47  1217.87  1218.33  1218.78  1218.90  1221.31
eigval :     1225.72  1225.85  1226.18  1226.73  1238.11  1238.62
eigval :     1240.91  1243.47  1255.90  1256.00  1256.05  1256.39
eigval :     1264.98  1265.27  1265.62  1265.91  1285.82  1286.24
eigval :     1287.71  1288.38  1293.73  1294.67  1295.17  1298.92
eigval :     1301.85  1302.86  1303.28  1309.40  1315.98  1316.19
eigval :     1316.21  1330.24  1341.12  1342.79  1344.59  1347.33
eigval :     1367.30  1367.46  1368.25  1368.73  1373.21  1373.44
eigval :     1375.29  1376.14  1385.32  1385.88  1386.10  1388.35
eigval :     1395.94  1395.96  1396.27  1396.50  1401.70  1402.04
eigval :     1402.13  1406.48  1413.61  1413.62  1413.88  1414.08
eigval :     1423.68  1423.80  1423.96  1425.25  1445.87  1446.01
eigval :     1446.18  1446.85  1450.99  1451.85  1451.88  1452.59
eigval :     1463.71  1464.45  1464.59  1478.11  1494.06  1494.20
eigval :     1494.21  1494.80  1534.38  1534.93  1535.43  1536.79
eigval :     1538.30  1538.44  1538.50  1544.51  1545.87  1546.02
eigval :     1546.11  1550.14  1550.33  1550.56  1550.65  1553.13
eigval :     1557.35  1557.36  1558.20  1566.23  1568.89  1569.16
eigval :     1569.50  1589.02  1589.23  1589.30  1589.49  1595.81
eigval :     1596.42  1596.73  1596.79  1606.98  2302.69  2302.89
eigval :     2303.48  2303.87  2894.42  2902.62  2906.90  2913.01
eigval :     2921.88  2927.26  2943.07  2946.34  3028.54  3029.37
eigval :     3029.59  3029.83  3030.44  3030.84  3033.07  3033.19
eigval :     3074.32  3074.61  3075.10  3075.12  3080.63  3080.90
eigval :     3080.94  3081.06  3091.94  3092.00  3092.37  3092.85
eigval :     3092.87  3093.11  3093.15  3093.40  3094.87  3095.26
eigval :     3095.45  3096.02  3097.78  3097.95  3098.06  3098.29
eigval :     3099.14  3099.28  3099.67  3099.69  3101.59  3101.65
eigval :     3101.87  3102.10  3106.99  3107.40  3107.51  3107.61
eigval :     3109.32  3109.59  3109.71  3110.40  3114.49  3114.71
eigval :     3114.80  3114.89  3117.78  3117.83  3118.27  3118.31
 reduced masses (amu)
   1: 23.29   2: 21.34   3: 18.73   4: 21.24   5: 23.18   6: 20.21   7: 11.41   8: 16.57
   9: 17.35  10: 11.40  11: 13.46  12: 11.44  13: 13.63  14: 31.12  15: 19.81  16: 19.35
  17: 12.15  18: 16.88  19: 11.14  20: 12.14  21: 11.89  22: 12.37  23: 13.00  24: 12.74
  25: 12.63  26: 22.93  27: 12.10  28: 11.32  29: 12.83  30: 11.35  31: 12.59  32: 19.61
  33: 12.75  34: 13.52  35: 11.43  36: 12.19  37: 12.58  38: 15.66  39: 19.42  40: 14.98
  41: 15.13  42: 11.54  43: 11.37  44: 12.05  45: 12.39  46: 11.45  47: 11.81  48: 14.02
  49: 15.05  50: 11.49  51: 11.09  52: 11.38  53: 11.72  54: 11.20  55: 11.48  56: 10.83
  57: 10.93  58: 13.83  59: 14.17  60: 12.65  61: 16.35  62: 15.09  63: 17.29  64: 22.47
  65: 20.56  66: 13.73  67: 11.20  68: 11.74  69: 11.19  70: 12.38  71: 14.20  72: 24.21
  73: 23.11  74: 13.56  75: 17.36  76: 39.54  77: 46.93  78: 32.82  79: 26.78  80: 10.85
  81: 11.13  82: 33.94  83: 37.42  84: 34.37  85: 26.19  86: 16.74  87: 11.73  88: 14.66
  89: 13.47  90: 11.05  91: 10.90  92: 11.28  93: 26.14  94: 24.49  95: 15.14  96: 21.33
  97: 13.42  98: 12.10  99: 12.58 100: 12.49 101: 11.13 102: 10.16 103: 11.34 104: 11.62
 105: 12.64 106: 10.01 107: 10.00 108:  9.91 109: 10.10 110: 10.26 111: 10.20 112:  9.66
 113:  9.68 114:  9.84 115:  9.81 116: 12.89 117: 11.89 118: 13.20 119: 10.78 120: 10.78
 121: 10.78 122: 10.75 123:  9.06 124:  8.74 125:  8.74 126:  8.72 127:  9.94 128: 10.24
 129: 11.42 130: 11.31 131: 11.45 132: 11.56 133: 11.31 134: 11.84 135: 11.36 136: 11.20
 137: 11.42 138: 11.20 139: 12.23 140: 11.54 141: 12.30 142: 11.43 143: 10.95 144: 10.94
 145: 11.46 146: 11.57 147: 11.44 148: 12.03 149: 11.48 150: 12.28 151: 10.80 152: 10.84
 153: 11.14 154: 11.19 155: 11.46 156: 11.45 157: 11.53 158: 11.55 159: 11.59 160: 12.42
 161: 12.62 162: 11.06 163: 11.11 164: 11.24 165: 11.28 166: 11.50 167: 11.41 168: 11.46
 169: 11.48 170: 11.43 171: 10.51 172: 10.49 173: 10.76 174: 11.02 175: 10.88 176: 10.93
 177: 10.60 178:  9.94 179: 10.65 180: 11.67 181: 12.09 182: 11.37 183: 11.34 184: 11.51
 185: 11.64 186:  8.73 187:  8.69 188:  8.75 189:  8.79 190: 11.31 191: 11.42 192: 11.60
 193: 11.70 194: 11.50 195: 11.27 196: 11.29 197: 11.28 198: 11.36 199: 10.59 200: 10.64
 201: 10.76 202: 10.77 203:  9.80 204: 10.51 205: 10.35 206:  8.54 207:  8.11 208:  5.50
 209:  5.85 210:  5.39 211:  4.43 212:  4.47 213:  4.48 214:  4.44 215: 11.09 216: 10.42
 217:  9.53 218:  6.61 219:  5.74 220:  5.74 221:  6.21 222: 11.01 223: 10.26 224: 10.17
 225: 10.13 226: 10.14 227:  3.71 228:  3.73 229:  3.72 230:  3.74 231:  4.67 232:  4.69
 233:  4.68 234:  4.69 235:  3.81 236:  3.59 237:  3.55 238:  3.50 239:  4.28 240:  4.40
 241:  4.43 242:  4.43 243:  4.21 244:  4.20 245:  4.22 246:  4.18 247:  4.80 248:  4.33
 249:  4.17 250:  4.19 251: 10.14 252: 10.83 253: 10.75 254: 11.09 255:  3.64 256:  3.59
 257:  3.53 258:  3.55 259:  3.50 260:  3.47 261:  3.53 262:  3.52 263:  4.04 264:  4.05
 265:  4.04 266:  4.05 267: 11.01 268: 11.00 269: 10.93 270: 10.97 271:  3.40 272:  3.38
 273:  3.39 274:  3.38 275:  3.56 276:  3.55 277:  3.56 278:  3.55 279:  3.69 280:  3.69
 281:  3.69 282:  3.68 283:  3.81 284:  3.82 285:  3.82 286:  3.80 287: 10.51 288: 10.50
 289: 10.52 290: 10.54 291: 10.72 292: 10.72 293: 10.87 294: 10.94 295:  9.31 296:  9.28
 297:  9.38 298:  9.21 299:  7.54 300:  7.50 301:  7.35 302:  7.33 303:  6.94 304:  6.73
 305:  7.19 306:  6.66 307:  7.42 308:  7.75 309:  8.01 310:  8.05 311:  6.00 312:  6.01
 313:  6.00 314:  5.98 315:  3.61 316:  3.60 317:  3.61 318:  3.53 319:  4.56 320:  4.62
 321:  4.79 322:  4.77 323:  3.83 324:  3.83 325:  4.28 326:  4.56 327:  3.32 328:  3.22
 329:  2.58 330:  2.25 331:  1.83 332:  1.81 333:  1.88 334:  1.95 335:  2.11 336:  2.10
 337:  2.14 338:  2.10 339:  2.62 340:  2.64 341:  2.75 342:  2.77 343:  5.36 344:  5.37
 345:  5.30 346:  5.47 347:  6.36 348:  6.14 349:  4.17 350:  5.41 351:  5.68 352:  6.32
 353:  7.65 354:  5.51 355:  5.73 356:  5.80 357:  5.88 358:  6.19 359:  3.64 360:  3.55
 361:  3.43 362:  3.36 363:  4.08 364:  4.08 365:  4.08 366:  4.06 367:  8.84 368:  8.84
 369:  8.91 370:  8.89 371:  7.68 372:  7.69 373:  7.61 374:  7.88 375: 11.09 376: 10.52
 377: 10.36 378:  8.43 379:  9.01 380:  9.52 381:  9.55 382: 10.87 383: 10.06 384: 10.10
 385: 10.07 386: 10.88 387:  9.96 388:  9.96 389:  9.89 390:  9.95 391:  9.97 392: 10.12
 393: 10.10 394:  9.80 395:  9.94 396:  9.94 397:  9.94 398: 10.03 399: 10.74 400: 10.73
 401: 10.59 402: 10.44 403:  9.99 404:  9.99 405: 10.07 406: 10.10 407: 11.38 408: 11.41
 409: 11.36 410: 11.51 411: 10.43 412: 10.41 413: 10.44 414: 10.46 415: 10.20 416: 10.23
 417: 10.24 418: 10.21 419: 10.89 420: 10.88 421: 10.90 422: 10.86 423: 10.66 424: 10.67
 425: 10.71 426: 10.72 427: 11.45 428: 11.46 429: 11.46 430: 11.48 431: 10.65 432: 10.65
 433: 10.65 434: 10.72 435: 11.58 436: 11.61 437: 11.61 438: 11.61 439: 11.66 440: 11.65
 441: 11.65 442: 11.68 443: 11.68 444: 11.67 445: 11.68 446: 11.77 447: 11.76 448: 11.72
 449: 11.84 450: 11.90 451: 11.74 452: 11.74 453: 11.68 454: 11.42 455: 11.53 456: 11.52
 457: 11.54 458: 11.54 459: 11.54 460: 11.54 461: 11.54 462: 11.55 463: 11.55 464: 11.55
 465: 11.55 466: 11.64 467: 12.01 468: 12.01 469: 12.01 470: 12.01 471:  1.87 472:  1.87
 473:  1.87 474:  1.86 475:  1.87 476:  1.87 477:  1.86 478:  1.86 479:  1.84 480:  1.84
 481:  1.84 482:  1.84 483:  1.84 484:  1.84 485:  1.84 486:  1.84 487:  1.79 488:  1.79
 489:  1.79 490:  1.79 491:  1.79 492:  1.79 493:  1.79 494:  1.79 495:  1.87 496:  1.87
 497:  1.87 498:  1.78 499:  1.86 500:  1.78 501:  1.78 502:  1.78 503:  1.83 504:  1.83
 505:  1.83 506:  1.83 507:  1.83 508:  1.83 509:  1.84 510:  1.83 511:  1.85 512:  1.86
 513:  1.86 514:  1.86 515:  1.84 516:  1.84 517:  1.84 518:  1.84 519:  1.81 520:  1.81
 521:  1.81 522:  1.81 523:  1.90 524:  1.90 525:  1.90 526:  1.89 527:  1.85 528:  1.85
 529:  1.85 530:  1.85 531:  1.90 532:  1.90 533:  1.90 534:  1.90
 IR intensities (amu)
   1:  0.64   2:  0.47   3:  0.54   4:  0.37   5:  0.44   6:  0.29   7:  0.09   8:  0.54
   9:  0.56  10:  0.09  11:  0.10  12:  0.04  13:  0.10  14:  0.01  15:  0.08  16:  0.06
  17:  0.00  18:  0.00  19:  0.02  20:  0.11  21:  0.11  22:  0.01  23:  0.05  24:  0.08
  25:  0.09  26:  0.01  27:  0.15  28:  0.11  29:  0.10  30:  0.10  31:  0.21  32:  0.08
  33:  0.25  34:  0.09  35:  0.01  36:  0.13  37:  0.16  38:  0.04  39:  0.00  40:  0.34
  41:  0.36  42:  0.08  43:  0.02  44:  0.06  45:  0.08  46:  0.06  47:  0.02  48:  0.04
  49:  0.16  50:  0.02  51:  0.04  52:  0.00  53:  0.16  54:  0.08  55:  0.13  56:  0.03
  57:  0.06  58:  0.52  59:  0.46  60:  0.06  61:  0.51  62:  0.51  63:  0.02  64:  0.51
  65:  0.40  66:  0.10  67:  0.13  68:  0.08  69:  0.12  70:  0.08  71:  0.06  72:  0.69
  73:  0.72  74:  0.03  75:  0.05  76:  0.19  77:  0.08  78:  0.81  79:  0.58  80:  0.03
  81:  0.21  82:  0.71  83:  0.49  84:  0.87  85:  0.65  86:  0.13  87:  0.02  88:  0.34
  89:  0.23  90:  0.08  91:  0.05  92:  0.11  93:  0.62  94:  0.49  95:  0.30  96:  0.36
  97:  0.00  98:  0.06  99:  0.16 100:  0.19 101:  0.19 102:  0.14 103:  0.18 104:  0.21
 105:  0.03 106:  0.08 107:  0.08 108:  0.04 109:  0.11 110:  0.01 111:  0.06 112:  0.09
 113:  0.09 114:  0.02 115:  0.01 116:  0.20 117:  0.01 118:  0.16 119:  0.09 120:  0.09
 121:  0.03 122:  0.23 123:  0.02 124:  0.07 125:  0.08 126:  0.07 127:  0.02 128:  0.07
 129:  0.15 130:  0.23 131:  0.19 132:  0.18 133:  0.34 134:  0.17 135:  0.19 136:  0.05
 137:  0.26 138:  0.10 139:  0.34 140:  0.18 141:  0.29 142:  0.09 143:  0.03 144:  0.02
 145:  0.05 146:  0.06 147:  0.02 148:  0.22 149:  0.01 150:  0.17 151:  0.01 152:  0.02
 153:  0.01 154:  0.03 155:  0.15 156:  0.14 157:  0.02 158:  0.05 159:  0.01 160:  0.59
 161:  0.54 162:  0.01 163:  0.10 164:  0.12 165:  0.11 166:  0.03 167:  0.05 168:  0.15
 169:  0.13 170:  0.24 171:  0.11 172:  0.02 173:  0.19 174:  0.13 175:  0.20 176:  0.34
 177:  0.27 178:  0.01 179:  0.05 180:  0.35 181:  0.36 182:  0.28 183:  0.30 184:  0.10
 185:  0.07 186:  0.01 187:  0.08 188:  0.27 189:  0.25 190:  0.28 191:  0.50 192:  0.04
 193:  0.04 194:  0.12 195:  0.05 196:  0.06 197:  0.06 198:  0.10 199:  0.03 200:  0.04
 201:  0.07 202:  0.08 203:  0.08 204:  0.46 205:  0.49 206:  0.01 207:  0.14 208:  0.09
 209:  0.34 210:  0.29 211:  0.04 212:  0.08 213:  0.08 214:  0.07 215:  0.11 216:  0.11
 217:  0.06 218:  0.12 219:  0.27 220:  0.06 221:  0.26 222:  0.07 223:  0.08 224:  0.41
 225:  0.41 226:  0.27 227:  0.06 228:  0.08 229:  0.41 230:  0.39 231:  0.07 232:  0.37
 233:  0.12 234:  0.37 235:  0.17 236:  0.11 237:  0.14 238:  0.12 239:  0.09 240:  0.07
 241:  0.06 242:  0.07 243:  0.04 244:  0.01 245:  0.02 246:  0.03 247:  0.17 248:  0.26
 249:  0.19 250:  0.15 251:  0.12 252:  0.44 253:  0.20 254:  0.42 255:  0.01 256:  0.05
 257:  0.03 258:  0.05 259:  0.05 260:  0.01 261:  0.03 262:  0.01 263:  0.01 264:  0.00
 265:  0.00 266:  0.01 267:  0.10 268:  0.37 269:  0.05 270:  0.34 271:  0.08 272:  0.07
 273:  0.07 274:  0.08 275:  0.07 276:  0.07 277:  0.06 278:  0.06 279:  0.02 280:  0.03
 281:  0.03 282:  0.02 283:  0.05 284:  0.05 285:  0.05 286:  0.05 287:  0.05 288:  0.02
 289:  0.20 290:  0.21 291:  0.12 292:  0.25 293:  0.12 294:  0.11 295:  0.21 296:  0.19
 297:  0.23 298:  0.07 299:  0.06 300:  0.66 301:  0.04 302:  0.59 303:  0.23 304:  0.22
 305:  0.21 306:  0.18 307:  0.26 308:  0.63 309:  0.59 310:  0.30 311:  0.33 312:  0.32
 313:  0.30 314:  0.32 315:  0.30 316:  0.31 317:  0.12 318:  0.20 319:  0.04 320:  0.02
 321:  0.02 322:  0.38 323:  0.23 324:  0.21 325:  0.56 326:  0.45 327:  0.21 328:  0.22
 329:  0.16 330:  0.10 331:  0.09 332:  0.08 333:  0.07 334:  0.00 335:  0.06 336:  0.32
 337:  0.02 338:  0.39 339:  0.23 340:  0.23 341:  0.34 342:  0.09 343:  0.49 344:  0.48
 345:  0.12 346:  0.12 347:  0.09 348:  0.06 349:  0.19 350:  0.18 351:  0.11 352:  0.06
 353:  0.10 354:  0.10 355:  0.15 356:  0.14 357:  0.04 358:  0.02 359:  0.04 360:  0.04
 361:  0.01 362:  0.05 363:  0.31 364:  0.17 365:  0.32 366:  0.15 367:  0.44 368:  0.59
 369:  0.54 370:  0.60 371:  0.24 372:  0.23 373:  0.10 374:  0.03 375:  0.41 376:  0.42
 377:  0.34 378:  0.29 379:  0.26 380:  0.23 381:  0.04 382:  0.36 383:  0.28 384:  0.31
 385:  0.62 386:  0.36 387:  0.11 388:  0.18 389:  0.36 390:  0.37 391:  0.62 392:  0.63
 393:  0.66 394:  0.60 395:  0.15 396:  0.11 397:  0.74 398:  0.28 399:  0.95 400:  0.92
 401:  0.05 402:  0.27 403:  0.11 404:  0.11 405:  0.07 406:  0.04 407:  1.52 408:  0.49
 409:  1.41 410:  0.31 411:  0.08 412:  0.09 413:  0.26 414:  0.22 415:  0.71 416:  0.75
 417:  0.78 418:  0.22 419:  0.63 420:  0.60 421:  0.68 422:  1.07 423:  0.33 424:  0.73
 425:  0.25 426:  0.71 427:  0.41 428:  0.48 429:  0.92 430:  1.11 431:  0.47 432:  0.47
 433:  0.44 434:  0.19 435:  0.21 436:  0.51 437:  0.56 438:  1.22 439:  0.28 440:  0.38
 441:  0.34 442:  0.52 443:  0.49 444:  0.31 445:  0.57 446:  1.36 447:  0.57 448:  0.40
 449:  1.28 450:  0.46 451:  0.56 452:  0.66 453:  0.85 454:  0.18 455:  0.51 456:  0.60
 457:  0.55 458:  0.49 459:  0.28 460:  0.07 461:  0.28 462:  0.61 463:  0.25 464:  0.61
 465:  0.30 466:  0.72 467:  1.39 468:  1.60 469:  1.58 470:  1.70 471:  0.03 472:  0.14
 473:  0.02 474:  0.13 475:  0.07 476:  0.18 477:  0.07 478:  0.18 479:  0.05 480:  0.04
 481:  0.06 482:  0.02 483:  0.01 484:  0.08 485:  0.08 486:  0.10 487:  0.19 488:  0.18
 489:  0.16 490:  0.20 491:  0.30 492:  0.29 493:  0.30 494:  0.31 495:  0.11 496:  0.58
 497:  0.39 498:  0.15 499:  0.43 500:  0.16 501:  0.14 502:  0.15 503:  0.07 504:  0.06
 505:  0.05 506:  0.04 507:  0.21 508:  0.22 509:  0.29 510:  0.19 511:  0.22 512:  0.32
 513:  0.25 514:  0.36 515:  0.21 516:  0.24 517:  0.21 518:  0.24 519:  0.11 520:  0.11
 521:  0.10 522:  0.09 523:  0.27 524:  0.35 525:  0.32 526:  0.32 527:  0.08 528:  0.08
 529:  0.06 530:  0.06 531:  0.04 532:  0.03 533:  0.04 534:  0.04
 Raman intensities (amu)
   1:  0.00   2:  0.00   3:  0.00   4:  0.00   5:  0.00   6:  0.00   7:  0.00   8:  0.00
   9:  0.00  10:  0.00  11:  0.00  12:  0.00  13:  0.00  14:  0.00  15:  0.00  16:  0.00
  17:  0.00  18:  0.00  19:  0.00  20:  0.00  21:  0.00  22:  0.00  23:  0.00  24:  0.00
  25:  0.00  26:  0.00  27:  0.00  28:  0.00  29:  0.00  30:  0.00  31:  0.00  32:  0.00
  33:  0.00  34:  0.00  35:  0.00  36:  0.00  37:  0.00  38:  0.00  39:  0.00  40:  0.00
  41:  0.00  42:  0.00  43:  0.00  44:  0.00  45:  0.00  46:  0.00  47:  0.00  48:  0.00
  49:  0.00  50:  0.00  51:  0.00  52:  0.00  53:  0.00  54:  0.00  55:  0.00  56:  0.00
  57:  0.00  58:  0.00  59:  0.00  60:  0.00  61:  0.00  62:  0.00  63:  0.00  64:  0.00
  65:  0.00  66:  0.00  67:  0.00  68:  0.00  69:  0.00  70:  0.00  71:  0.00  72:  0.00
  73:  0.00  74:  0.00  75:  0.00  76:  0.00  77:  0.00  78:  0.00  79:  0.00  80:  0.00
  81:  0.00  82:  0.00  83:  0.00  84:  0.00  85:  0.00  86:  0.00  87:  0.00  88:  0.00
  89:  0.00  90:  0.00  91:  0.00  92:  0.00  93:  0.00  94:  0.00  95:  0.00  96:  0.00
  97:  0.00  98:  0.00  99:  0.00 100:  0.00 101:  0.00 102:  0.00 103:  0.00 104:  0.00
 105:  0.00 106:  0.00 107:  0.00 108:  0.00 109:  0.00 110:  0.00 111:  0.00 112:  0.00
 113:  0.00 114:  0.00 115:  0.00 116:  0.00 117:  0.00 118:  0.00 119:  0.00 120:  0.00
 121:  0.00 122:  0.00 123:  0.00 124:  0.00 125:  0.00 126:  0.00 127:  0.00 128:  0.00
 129:  0.00 130:  0.00 131:  0.00 132:  0.00 133:  0.00 134:  0.00 135:  0.00 136:  0.00
 137:  0.00 138:  0.00 139:  0.00 140:  0.00 141:  0.00 142:  0.00 143:  0.00 144:  0.00
 145:  0.00 146:  0.00 147:  0.00 148:  0.00 149:  0.00 150:  0.00 151:  0.00 152:  0.00
 153:  0.00 154:  0.00 155:  0.00 156:  0.00 157:  0.00 158:  0.00 159:  0.00 160:  0.00
 161:  0.00 162:  0.00 163:  0.00 164:  0.00 165:  0.00 166:  0.00 167:  0.00 168:  0.00
 169:  0.00 170:  0.00 171:  0.00 172:  0.00 173:  0.00 174:  0.00 175:  0.00 176:  0.00
 177:  0.00 178:  0.00 179:  0.00 180:  0.00 181:  0.00 182:  0.00 183:  0.00 184:  0.00
 185:  0.00 186:  0.00 187:  0.00 188:  0.00 189:  0.00 190:  0.00 191:  0.00 192:  0.00
 193:  0.00 194:  0.00 195:  0.00 196:  0.00 197:  0.00 198:  0.00 199:  0.00 200:  0.00
 201:  0.00 202:  0.00 203:  0.00 204:  0.00 205:  0.00 206:  0.00 207:  0.00 208:  0.00
 209:  0.00 210:  0.00 211:  0.00 212:  0.00 213:  0.00 214:  0.00 215:  0.00 216:  0.00
 217:  0.00 218:  0.00 219:  0.00 220:  0.00 221:  0.00 222:  0.00 223:  0.00 224:  0.00
 225:  0.00 226:  0.00 227:  0.00 228:  0.00 229:  0.00 230:  0.00 231:  0.00 232:  0.00
 233:  0.00 234:  0.00 235:  0.00 236:  0.00 237:  0.00 238:  0.00 239:  0.00 240:  0.00
 241:  0.00 242:  0.00 243:  0.00 244:  0.00 245:  0.00 246:  0.00 247:  0.00 248:  0.00
 249:  0.00 250:  0.00 251:  0.00 252:  0.00 253:  0.00 254:  0.00 255:  0.00 256:  0.00
 257:  0.00 258:  0.00 259:  0.00 260:  0.00 261:  0.00 262:  0.00 263:  0.00 264:  0.00
 265:  0.00 266:  0.00 267:  0.00 268:  0.00 269:  0.00 270:  0.00 271:  0.00 272:  0.00
 273:  0.00 274:  0.00 275:  0.00 276:  0.00 277:  0.00 278:  0.00 279:  0.00 280:  0.00
 281:  0.00 282:  0.00 283:  0.00 284:  0.00 285:  0.00 286:  0.00 287:  0.00 288:  0.00
 289:  0.00 290:  0.00 291:  0.00 292:  0.00 293:  0.00 294:  0.00 295:  0.00 296:  0.00
 297:  0.00 298:  0.00 299:  0.00 300:  0.00 301:  0.00 302:  0.00 303:  0.00 304:  0.00
 305:  0.00 306:  0.00 307:  0.00 308:  0.00 309:  0.00 310:  0.00 311:  0.00 312:  0.00
 313:  0.00 314:  0.00 315:  0.00 316:  0.00 317:  0.00 318:  0.00 319:  0.00 320:  0.00
 321:  0.00 322:  0.00 323:  0.00 324:  0.00 325:  0.00 326:  0.00 327:  0.00 328:  0.00
 329:  0.00 330:  0.00 331:  0.00 332:  0.00 333:  0.00 334:  0.00 335:  0.00 336:  0.00
 337:  0.00 338:  0.00 339:  0.00 340:  0.00 341:  0.00 342:  0.00 343:  0.00 344:  0.00
 345:  0.00 346:  0.00 347:  0.00 348:  0.00 349:  0.00 350:  0.00 351:  0.00 352:  0.00
 353:  0.00 354:  0.00 355:  0.00 356:  0.00 357:  0.00 358:  0.00 359:  0.00 360:  0.00
 361:  0.00 362:  0.00 363:  0.00 364:  0.00 365:  0.00 366:  0.00 367:  0.00 368:  0.00
 369:  0.00 370:  0.00 371:  0.00 372:  0.00 373:  0.00 374:  0.00 375:  0.00 376:  0.00
 377:  0.00 378:  0.00 379:  0.00 380:  0.00 381:  0.00 382:  0.00 383:  0.00 384:  0.00
 385:  0.00 386:  0.00 387:  0.00 388:  0.00 389:  0.00 390:  0.00 391:  0.00 392:  0.00
 393:  0.00 394:  0.00 395:  0.00 396:  0.00 397:  0.00 398:  0.00 399:  0.00 400:  0.00
 401:  0.00 402:  0.00 403:  0.00 404:  0.00 405:  0.00 406:  0.00 407:  0.00 408:  0.00
 409:  0.00 410:  0.00 411:  0.00 412:  0.00 413:  0.00 414:  0.00 415:  0.00 416:  0.00
 417:  0.00 418:  0.00 419:  0.00 420:  0.00 421:  0.00 422:  0.00 423:  0.00 424:  0.00
 425:  0.00 426:  0.00 427:  0.00 428:  0.00 429:  0.00 430:  0.00 431:  0.00 432:  0.00
 433:  0.00 434:  0.00 435:  0.00 436:  0.00 437:  0.00 438:  0.00 439:  0.00 440:  0.00
 441:  0.00 442:  0.00 443:  0.00 444:  0.00 445:  0.00 446:  0.00 447:  0.00 448:  0.00
 449:  0.00 450:  0.00 451:  0.00 452:  0.00 453:  0.00 454:  0.00 455:  0.00 456:  0.00
 457:  0.00 458:  0.00 459:  0.00 460:  0.00 461:  0.00 462:  0.00 463:  0.00 464:  0.00
 465:  0.00 466:  0.00 467:  0.00 468:  0.00 469:  0.00 470:  0.00 471:  0.00 472:  0.00
 473:  0.00 474:  0.00 475:  0.00 476:  0.00 477:  0.00 478:  0.00 479:  0.00 480:  0.00
 481:  0.00 482:  0.00 483:  0.00 484:  0.00 485:  0.00 486:  0.00 487:  0.00 488:  0.00
 489:  0.00 490:  0.00 491:  0.00 492:  0.00 493:  0.00 494:  0.00 495:  0.00 496:  0.00
 497:  0.00 498:  0.00 499:  0.00 500:  0.00 501:  0.00 502:  0.00 503:  0.00 504:  0.00
 505:  0.00 506:  0.00 507:  0.00 508:  0.00 509:  0.00 510:  0.00 511:  0.00 512:  0.00
 513:  0.00 514:  0.00 515:  0.00 516:  0.00 517:  0.00 518:  0.00 519:  0.00 520:  0.00
 521:  0.00 522:  0.00 523:  0.00 524:  0.00 525:  0.00 526:  0.00 527:  0.00 528:  0.00
 529:  0.00 530:  0.00 531:  0.00 532:  0.00 533:  0.00 534:  0.00
 output can be read by thermo (or use thermo option).
 writing <g98.out> molden fake output.
 recommended (thermochemical) frequency scaling factor: 1.0
           -------------------------------------------------
          |             Thermodynamic Functions             |
           -------------------------------------------------

Molecule has the following symmetry elements: (C2) 
It seems to be the C2 point group
c2  symmetry found (for desy threshold:  0.10E+00) used in thermo

          ...................................................
          :                      SETUP                      :
          :.................................................:
          :  # frequencies                         528      :
          :  # imaginary freq.                       0      :
          :  linear?                             false      :
          :  only rotor calc.                    false      :
          :  symmetry                               c2      :
          :  rotational number                       2      :
          :  scaling factor                  1.0000000      :
          :  rotor cutoff                   50.0000000 cm⁻¹ :
          :  imag. cutoff                  -20.0000000 cm⁻¹ :
          :.................................................:

    mode    ω/cm⁻¹     T·S(HO)/kcal·mol⁻¹    T·S(FR)/kcal·mol⁻¹   T·S(vib)
   ------------------------------------------------------------------------
       1      5.69    -2.72220 (  0.02%)    -1.70019 ( 99.98%)    -1.70036
       2      6.78    -2.61901 (  0.03%)    -1.64859 ( 99.97%)    -1.64892
       3      7.18    -2.58504 (  0.04%)    -1.63161 ( 99.96%)    -1.63201
       4      8.00    -2.52062 (  0.07%)    -1.59940 ( 99.93%)    -1.60000
       5     14.54    -2.16698 (  0.71%)    -1.42254 ( 99.29%)    -1.42782
       6     14.61    -2.16399 (  0.72%)    -1.42104 ( 99.28%)    -1.42642
       7     15.06    -2.14609 (  0.82%)    -1.41209 ( 99.18%)    -1.41808
       8     19.61    -1.98978 (  2.31%)    -1.33389 ( 97.69%)    -1.34904
       9     22.09    -1.91910 (  3.67%)    -1.29852 ( 96.33%)    -1.32130
      10     22.16    -1.91737 (  3.71%)    -1.29766 ( 96.29%)    -1.32066
      11     26.37    -1.81432 (  7.18%)    -1.24608 ( 92.82%)    -1.28689
      12     28.71    -1.76400 (  9.81%)    -1.22088 ( 90.19%)    -1.27414
      13     31.84    -1.70278 ( 14.13%)    -1.19021 ( 85.87%)    -1.26262
      14     34.37    -1.65764 ( 18.25%)    -1.16760 ( 81.75%)    -1.25704
      15     34.55    -1.65454 ( 18.57%)    -1.16604 ( 81.43%)    -1.25674
      16     40.18    -1.56529 ( 29.44%)    -1.12130 ( 70.56%)    -1.25199
      17     41.82    -1.54174 ( 32.86%)    -1.10948 ( 67.14%)    -1.25150
      18     47.70    -1.46405 ( 45.31%)    -1.07049 ( 54.69%)    -1.24881
      19     48.19    -1.45802 ( 46.32%)    -1.06746 ( 53.68%)    -1.24838
      20     49.94    -1.43706 ( 49.87%)    -1.05693 ( 50.13%)    -1.24651
      21     59.31    -1.33576 ( 66.43%)    -1.00599 ( 33.57%)    -1.22507
      22     61.23    -1.31700 ( 69.22%)    -0.99654 ( 30.78%)    -1.21835
      23     61.66    -1.31290 ( 69.81%)    -0.99448 ( 30.19%)    -1.21676
      24     62.30    -1.30675 ( 70.68%)    -0.99138 ( 29.32%)    -1.21429
      25     62.56    -1.30432 ( 71.02%)    -0.99015 ( 28.98%)    -1.21328
      26     62.64    -1.30360 ( 71.12%)    -0.98979 ( 28.88%)    -1.21299
      27     62.96    -1.30062 ( 71.54%)    -0.98829 ( 28.46%)    -1.21173
      28     69.50    -1.24252 ( 78.87%)    -0.95899 ( 21.13%)    -1.18262
      29     70.23    -1.23640 ( 79.56%)    -0.95590 ( 20.44%)    -1.17907
      30     81.70    -1.14773 ( 87.70%)    -0.91107 ( 12.30%)    -1.11862
      31     83.22    -1.13697 ( 88.47%)    -0.90562 ( 11.53%)    -1.11030
      32     83.48    -1.13513 ( 88.60%)    -0.90469 ( 11.40%)    -1.10886
      33     89.93    -1.09172 ( 91.28%)    -0.88266 (  8.72%)    -1.07348
      34     92.57    -1.07480 ( 92.16%)    -0.87407 (  7.84%)    -1.05906
      35     96.13    -1.05287 ( 93.18%)    -0.86291 (  6.82%)    -1.03992
      36     97.80    -1.04285 ( 93.60%)    -0.85781 (  6.40%)    -1.03102
      37    105.54    -0.99860 ( 95.20%)    -0.83524 (  4.80%)    -0.99077
      38    108.17    -0.98432 ( 95.63%)    -0.82794 (  4.37%)    -0.97749
      39    110.12    -0.97399 ( 95.92%)    -0.82265 (  4.08%)    -0.96782
      40    111.62    -0.96614 ( 96.13%)    -0.81863 (  3.87%)    -0.96043
      41    117.60    -0.93600 ( 96.84%)    -0.80317 (  3.16%)    -0.93180
      42    121.80    -0.91578 ( 97.24%)    -0.79278 (  2.76%)    -0.91238
      43    122.91    -0.91060 ( 97.33%)    -0.79011 (  2.67%)    -0.90738
      44    129.59    -0.88017 ( 97.83%)    -0.77442 (  2.17%)    -0.87788
      45    136.57    -0.85013 ( 98.24%)    -0.75888 (  1.76%)    -0.84852
      46    137.64    -0.84567 ( 98.29%)    -0.75657 (  1.71%)    -0.84415
      47    150.38    -0.79529 ( 98.79%)    -0.73035 (  1.21%)    -0.79451
      48    150.55    -0.79463 ( 98.80%)    -0.73000 (  1.20%)    -0.79385
      49    151.48    -0.79117 ( 98.83%)    -0.72820 (  1.17%)    -0.79044
      50    152.77    -0.78635 ( 98.87%)    -0.72567 (  1.13%)    -0.78566
      51    158.44    -0.76574 ( 99.02%)    -0.71488 (  0.98%)    -0.76524
      52    159.79    -0.76097 ( 99.05%)    -0.71237 (  0.95%)    -0.76050
      53    160.75    -0.75759 ( 99.07%)    -0.71059 (  0.93%)    -0.75715
      54    171.14    -0.72239 ( 99.28%)    -0.69203 (  0.72%)    -0.72217
      55    172.35    -0.71845 ( 99.30%)    -0.68995 (  0.70%)    -0.71825
      56    173.33    -0.71529 ( 99.31%)    -0.68828 (  0.69%)    -0.71511
      57    180.46    -0.69281 ( 99.41%)    -0.67633 (  0.59%)    -0.69271
      58    189.47    -0.66576 ( 99.52%)    -0.66189 (  0.48%)    -0.66574
      59    191.26    -0.66059 ( 99.54%)    -0.65911 (  0.46%)    -0.66058
      60    193.64    -0.65375 ( 99.56%)    -0.65544 (  0.44%)    -0.65376
      61    195.78    -0.64771 ( 99.58%)    -0.65219 (  0.42%)    -0.64773
      62    195.90    -0.64735 ( 99.58%)    -0.65200 (  0.42%)    -0.64737
      63    196.29    -0.64627 ( 99.58%)    -0.65142 (  0.42%)    -0.64629
      64    198.10    -0.64122 ( 99.60%)    -0.64870 (  0.40%)    -0.64125
      65    200.34    -0.63505 ( 99.61%)    -0.64537 (  0.39%)    -0.63509
      66    209.10    -0.61166 ( 99.67%)    -0.63269 (  0.33%)    -0.61173
      67    210.22    -0.60876 ( 99.68%)    -0.63111 (  0.32%)    -0.60883
      68    216.02    -0.59397 ( 99.71%)    -0.62304 (  0.29%)    -0.59405
      69    218.21    -0.58851 ( 99.73%)    -0.62005 (  0.27%)    -0.58859
      70    222.78    -0.57733 ( 99.75%)    -0.61392 (  0.25%)    -0.57742
      71    230.81    -0.55832 ( 99.78%)    -0.60342 (  0.22%)    -0.55842
      72    242.64    -0.53172 ( 99.82%)    -0.58862 (  0.18%)    -0.53183
      73    246.14    -0.52417 ( 99.83%)    -0.58438 (  0.17%)    -0.52427
      74    250.71    -0.51447 ( 99.84%)    -0.57892 (  0.16%)    -0.51457
      75    252.95    -0.50982 ( 99.85%)    -0.57629 (  0.15%)    -0.50992
      76    262.01    -0.49145 ( 99.87%)    -0.56587 (  0.13%)    -0.49155
      77    265.55    -0.48450 ( 99.87%)    -0.56189 (  0.13%)    -0.48459
      78    273.14    -0.46996 ( 99.89%)    -0.55354 (  0.11%)    -0.47005
      79    274.59    -0.46725 ( 99.89%)    -0.55198 (  0.11%)    -0.46734
      80    280.34    -0.45664 ( 99.90%)    -0.54583 (  0.10%)    -0.45673
      81    289.46    -0.44040 ( 99.91%)    -0.53635 (  0.09%)    -0.44049
      82    289.95    -0.43954 ( 99.91%)    -0.53585 (  0.09%)    -0.43963
      83    290.64    -0.43835 ( 99.91%)    -0.53514 (  0.09%)    -0.43843
      84    292.56    -0.43504 ( 99.91%)    -0.53320 (  0.09%)    -0.43512
      85    293.83    -0.43285 ( 99.92%)    -0.53191 (  0.08%)    -0.43293
   ------------------------------------------------------------------------

   temp. (K)  partition function   enthalpy   heat capacity  entropy
                                   cal/mol     cal/K/mol   cal/K/mol   J/K/mol
 298.15  VIB  0.652E+46            57269.344    372.989    360.298
         ROT  0.475E+09              888.752      2.981     42.684
         INT  0.310E+55            58158.096    375.970    402.983
         TR   0.642E+29             1481.254      4.968     48.032
         TOT                       59639.3503   380.9379   451.0145  1887.0447

       T/K    H(0)-H(T)+PV         H(T)/Eh          T*S/Eh         G(T)/Eh
   ------------------------------------------------------------------------
    298.15    0.950414E-01    0.142035E+01    0.214292E+00    0.120606E+01
   ------------------------------------------------------------------------

         :::::::::::::::::::::::::::::::::::::::::::::::::::::
         ::                  THERMODYNAMIC                  ::
         :::::::::::::::::::::::::::::::::::::::::::::::::::::
         :: total free energy        -285.451200195468 Eh   ::
         ::.................................................::
         :: total energy             -286.657256786134 Eh   ::
         :: zero point energy           1.325306782583 Eh   ::
         :: G(RRHO) w/o ZPVE           -0.119250191916 Eh   ::
         :: G(RRHO) contrib.            1.206056590667 Eh   ::
         :::::::::::::::::::::::::::::::::::::::::::::::::::::

           -------------------------------------------------
          | TOTAL ENERGY             -286.657256786134 Eh   |
          | TOTAL ENTHALPY           -285.236908649174 Eh   |
          | TOTAL FREE ENERGY        -285.451200195468 Eh   |
          | GRADIENT NORM               0.000665417738 Eh/α |
          | HOMO-LUMO GAP               1.929791622325 eV   |
           -------------------------------------------------

------------------------------------------------------------------------
 * finished run on 2021/06/22 at 01:30:46.486     
------------------------------------------------------------------------
 total:
 * wall-time:     0 d,  0 h, 15 min, 50.873 sec
 *  cpu-time:     0 d,  1 h,  3 min, 29.981 sec
 * ratio c/w:     4.007 speedup
 SCF:
 * wall-time:     0 d,  0 h,  0 min,  2.998 sec
 *  cpu-time:     0 d,  0 h,  0 min,  9.256 sec
 * ratio c/w:     3.088 speedup
 numerical hessian:
 * wall-time:     0 d,  0 h, 15 min, 45.125 sec
 *  cpu-time:     0 d,  1 h,  3 min, 17.893 sec
 * ratio c/w:     4.018 speedup

