 
       ==============================================
       |                                            |
       |                 C R E S T                  |
       |                                            |
       |  Conformer-Rotamer Ensemble Sampling Tool  |
       |       based on the GFNn-xTB methods        |
       |             P.Pracht, S.Grimme             |
       |          Universitaet Bonn, MCTC           |
       ==============================================
       Version 2.10.1, Thu 28. May 12:50:10 CEST 2020
       Using the xTB program.
       Compatible with XTB version 6.1 and later.
 
   Cite work conducted with this code as

   P. Pracht, F. Bohle, S. Grimme, PCCP, 2020, 22, 7169-7192.

   and

   S. Grimme, JCTC, 2019, 15, 2847-2862.
 
   This program is distributed in the hope that it will be useful,
   but WITHOUT ANY WARRANTY; without even the implied warranty of
   MERCHANTABILITY or FITNESS FOR A PARTICULAR PURPOSE.

 Command line input:
 > /home/atarzia/software/crest/crest longC.xyz -xnam /home/atarzia/software/xtb-6.4.0/bin/xtb -T 4

  -xnam :
     xtb executable was set to: "/home/atarzia/software/xtb-6.4.0/bin/xtb"
  -T 4 (CPUs/Threads selected)
-------------------------
Starting z-matrix sorting
-------------------------
 total number of atoms :          46
 total number of frags :           1
 Fragment            1
   1  H     0.000000      0.0000      0.0000     0    0    0
   2  C     2.050293      0.0000      0.0000     1    0    0
   3  N     2.448485    122.3536      0.0000     2    1    0
   4  C     2.639881    118.6168   -348.1636     3    2    1
   5  C     2.638254    121.4188   -144.8049     4    3    2
   6  C     2.610317    120.4779   -178.2998     5    4    3
   7  C     2.620893    120.3796   -358.7190     6    5    4
   8  C     2.620833    119.6389   -359.8076     7    6    5
   9  C     2.608684    120.3386     -1.0513     8    7    6
  10  H     2.042780    120.0400   -182.0687     9    8    7
  11  H     2.038481    119.6165   -180.3159     8    9    7
  12  H     2.037205    120.1697   -179.8809     7    8    6
  13  H     2.038012    120.0025   -180.3873     6    7    5
  14  H     2.034768    119.7398   -181.7147     5    6    4
  15  C     2.696643    117.5355   -177.6343     2    3    1
  16  N     2.553718    113.7586   -354.7047    15    2    3
  17  C     2.507060    118.3672   -179.6275    16   15    2
  18  C     2.633612    123.8554     -1.5283    17   16   15
  19  C     2.649272    117.5179     -1.4826    18   17   16
  20  C     2.601508    119.1452   -357.2521    19   18   17
  21  H     2.036962    121.1367   -181.8413    20   19   18
  22  H     2.038200    120.5601   -177.9373    19   20   18
  23  C     2.774436    121.2510   -177.5644    18   19   17
  24  C     2.633591    121.1769    -43.4454    23   18   19
  25  N     2.506954    123.8640   -183.9305    24   23   18
  26  C     2.553665    118.3667     -1.5178    25   24   23
  27  C     2.644777    121.6556   -356.7203    26   25   24
  28  C     2.601617    119.3530     -1.9797    27   26   25
  29  H     2.038161    120.5613   -179.0570    28   27   26
  30  H     2.036847    121.1327   -180.7244    27   28   26
  31  C     2.696663    124.5141   -176.7605    26   27   25
  32  N     2.448518    117.5272   -177.7250    31   26   27
  33  C     2.639955    118.6211   -165.7889    32   31   26
  34  C     2.638247    121.4181   -144.8034    33   32   31
  35  C     2.610391    120.4779   -178.2921    34   33   32
  36  C     2.620885    120.3749   -358.7289    35   34   33
  37  C     2.620877    119.6442   -359.7994    36   35   34
  38  C     2.608737    120.3385     -1.0579    37   36   35
  39  H     2.042403    120.0424   -182.0647    38   37   36
  40  H     2.038316    119.6119   -180.3204    37   38   36
  41  H     2.037219    120.1687   -179.8713    36   37   35
  42  H     2.037917    120.0033   -180.3896    35   36   34
  43  H     2.034731    119.7349   -181.7008    34   35   33
  44  H     2.050177    122.3497   -182.3726    31   32   26
  45  H     2.039385    116.6721   -178.1898    24   25   23
  46  H     2.039219    119.4475   -181.8686    17   18   16
 terminated normally
 
 -------------------------
 xTB Geometry Optimization
 -------------------------
 Geometry successfully optimized.
 
------------------------------------------------
Generating MTD length from a flexibility measure
------------------------------------------------
 Calculating WBOs... done.
 flexibility measure :   0.230
 t(MTD) / ps    :     5.0
 Σ(t(MTD)) / ps :    60.0 (+    10.0)
 
-------------------------------------
Starting a trial MTD to test settings
-------------------------------------
 Estimated runtime for one MTD (5.0 ps) on a single thread: 12 min 18 sec
 Estimated runtime for a batch of 14 MTDs on 4 threads: 49 min 11 sec
 
 list of Vbias parameters applied:
$metadyn    0.00300   1.300
$metadyn    0.00150   1.300
$metadyn    0.00075   1.300
$metadyn    0.00300   0.780
$metadyn    0.00150   0.780
$metadyn    0.00075   0.780
$metadyn    0.00300   0.468
$metadyn    0.00150   0.468
$metadyn    0.00075   0.468
$metadyn    0.00300   0.281
$metadyn    0.00150   0.281
$metadyn    0.00075   0.281
$metadyn    0.00100   0.100
$metadyn    0.00500   0.800
 
*******************************************************************************************
**                        N E W    I T E R A T I O N    C Y C L E                        **
*******************************************************************************************
 
========================================
            MTD Iteration  1
========================================
 
     ========================================
     |         Meta-MD (MTD) Sampling       |
     ========================================
 
Starting Meta-MD  14 with the settings:
     MD time /ps        :     5.0
     dt /fs             :     5.0
     dumpstep(trj) /fs  :     100
     dumpstep(Vbias)/ps :     1.0
     Vbias prefactor(k) :  0.2300
     Vbias exponent(α)  :    0.80
Starting Meta-MD   1 with the settings:
     MD time /ps        :     5.0
     dt /fs             :     5.0
     dumpstep(trj) /fs  :     100
     dumpstep(Vbias)/ps :     1.0
     Vbias prefactor(k) :  0.1380
     Vbias exponent(α)  :    1.30
Starting Meta-MD   2 with the settings:
     MD time /ps        :     5.0
     dt /fs             :     5.0
     dumpstep(trj) /fs  :     100
     dumpstep(Vbias)/ps :     1.0
     Vbias prefactor(k) :  0.0690
     Vbias exponent(α)  :    1.30
Starting Meta-MD   3 with the settings:
     MD time /ps        :     5.0
     dt /fs             :     5.0
     dumpstep(trj) /fs  :     100
     dumpstep(Vbias)/ps :     1.0
     Vbias prefactor(k) :  0.0345
     Vbias exponent(α)  :    1.30
*Meta-MD 1 finished*
Starting Meta-MD   4 with the settings:
     MD time /ps        :     5.0
     dt /fs             :     5.0
     dumpstep(trj) /fs  :     100
     dumpstep(Vbias)/ps :     1.0
     Vbias prefactor(k) :  0.1380
     Vbias exponent(α)  :    0.78
*Meta-MD 3 finished*
Starting Meta-MD   5 with the settings:
     MD time /ps        :     5.0
     dt /fs             :     5.0
     dumpstep(trj) /fs  :     100
     dumpstep(Vbias)/ps :     1.0
     Vbias prefactor(k) :  0.0690
     Vbias exponent(α)  :    0.78
*Meta-MD 14 finished*
Starting Meta-MD  13 with the settings:
     MD time /ps        :     5.0
     dt /fs             :     5.0
     dumpstep(trj) /fs  :     100
     dumpstep(Vbias)/ps :     1.0
     Vbias prefactor(k) :  0.0460
     Vbias exponent(α)  :    0.10
*Meta-MD 2 finished*
Starting Meta-MD   6 with the settings:
     MD time /ps        :     5.0
     dt /fs             :     5.0
     dumpstep(trj) /fs  :     100
     dumpstep(Vbias)/ps :     1.0
     Vbias prefactor(k) :  0.0345
     Vbias exponent(α)  :    0.78
*Meta-MD 4 finished*
Starting Meta-MD   7 with the settings:
     MD time /ps        :     5.0
     dt /fs             :     5.0
     dumpstep(trj) /fs  :     100
     dumpstep(Vbias)/ps :     1.0
     Vbias prefactor(k) :  0.1380
     Vbias exponent(α)  :    0.47
*Meta-MD 5 finished*
Starting Meta-MD   8 with the settings:
     MD time /ps        :     5.0
     dt /fs             :     5.0
     dumpstep(trj) /fs  :     100
     dumpstep(Vbias)/ps :     1.0
     Vbias prefactor(k) :  0.0690
     Vbias exponent(α)  :    0.47
*Meta-MD 13 finished*
Starting Meta-MD  12 with the settings:
     MD time /ps        :     5.0
     dt /fs             :     5.0
     dumpstep(trj) /fs  :     100
     dumpstep(Vbias)/ps :     1.0
     Vbias prefactor(k) :  0.0345
     Vbias exponent(α)  :    0.28
*Meta-MD 6 finished*
Starting Meta-MD   9 with the settings:
     MD time /ps        :     5.0
     dt /fs             :     5.0
     dumpstep(trj) /fs  :     100
     dumpstep(Vbias)/ps :     1.0
     Vbias prefactor(k) :  0.0345
     Vbias exponent(α)  :    0.47
*Meta-MD 8 finished*
Starting Meta-MD  10 with the settings:
     MD time /ps        :     5.0
     dt /fs             :     5.0
     dumpstep(trj) /fs  :     100
     dumpstep(Vbias)/ps :     1.0
     Vbias prefactor(k) :  0.1380
     Vbias exponent(α)  :    0.28
*Meta-MD 7 finished*
Starting Meta-MD  11 with the settings:
     MD time /ps        :     5.0
     dt /fs             :     5.0
     dumpstep(trj) /fs  :     100
     dumpstep(Vbias)/ps :     1.0
     Vbias prefactor(k) :  0.0690
     Vbias exponent(α)  :    0.28
*Meta-MD 12 finished*
*Meta-MD 9 finished*
*Meta-MD 10 finished*
*Meta-MD 11 finished*
 
-----------------------
Multilevel Optimization
-----------------------
 
 -------------------------
 1. crude pre-optimization
 -------------------------
 writing TMPCONF* Dirs from file "crest_rotamers_0.xyz" ... done.
 Starting optimization of generated structures
 686 jobs to do.
 1 2 3 4 5 6 7 8 9 10 11 12 13 14 15 16 17 18 19 20 21 22 23 24 25 26 27 28 29 30 31 32 33 34 35 36 37 38 39 40 41 42 43 44 45 46 47 48 49 50 51 52 53 54 55 56 57 58 59 60 61 62 63 64 65 66 67 68 69 70 71 72 73 74 75 76 77 78 79 80 81 82 83 84 85 86 87 88 89 90 91 92 93 94 95 96 97 98 99 100 101 102 103 104 105 106 107 108 109 110 111 112 113 114 115 116 117 118 119 120 121 122 123 124 125 126 127 128 129 130 131 132 133 134 135 136 137 138 139 140 141 142 143 144 145 146 147 148 149 150 151 152 153 154 155 156 157 158 159 160 161 162 163 164 165 166 167 168 169 170 171 172 173 174 175 176 177 178 179 180 181 182 183 184 185 186 187 188 189 190 191 192 193 194 195 196 197 198 199 200 201 202 203 204 205 206 207 208 209 210 211 212 213 214 215 216 217 218 219 220 221 222 223 224 225 226 227 228 229 230 231 232 233 234 235 236 237 238 239 240 241 242 243 244 245 246 247 248 249 250 251 252 253 254 255 256 257 258 259 260 261 262 263 264 265 266 267 268 269 270 271 272 273 274 275 276 277 278 279 280 281 282 283 284 285 286 287 288 289 290 291 292 293 294 295 296 297 298 299 300 301 302 303 304 305 306 307 308 309 310 311 312 313 314 315 316 317 318 319 320 321 322 323 324 325 326 327 328 329 330 331 332 333 334 335 336 337 338 339 340 341 342 343 344 345 346 347 348 349 350 351 352 353 354 355 356 357 358 359 360 361 362 363 364 365 366 367 368 369 370 371 372 373 374 375 376 377 378 379 380 381 382 383 384 385 386 387 388 389 390 391 392 393 394 395 396 397 398 399 400 401 402 403 404 405 406 407 408 409 410 411 412 413 414 415 416 417 418 419 420 421 422 423 424 425 426 427 428 429 430 431 432 433 434 435 436 437 438 439 440 441 442 443 444 445 446 447 448 449 450 451 452 453 454 455 456 457 458 459 460 461 462 463 464 465 466 467 468 469 470 471 472 473 474 475 476 477 478 479 480 481 482 483 484 485 486 487 488 489 490 491 492 493 494 495 496 497 498 499 500 501 502 503 504 505 506 507 508 509 510 511 512 513 514 515 516 517 518 519 520 521 522 523 524 525 526 527 528 529 530 531 532 533 534 535 536 537 538 539 540 541 542 543 544 545 546 547 548 549 550 551 552 553 554 555 556 557 558 559 560 561 562 563 564 565 566 567 568 569 570 571 572 573 574 575 576 577 578 579 580 581 582 583 584 585 586 587 588 589 590 591 592 593 594 595 596 597 598 599 600 601 602 603 604 605 606 607 608 609 610 611 612 613 614 615 616 617 618 619 620 621 622 623 624 625 626 627 628 629 630 631 632 633 634 635 636 637 638 639 640 641 642 643 644 645 646 647 648 649 650 651 652 653 654 655 656 657 658 659 660 661 662 663 664 665 666 667 668 669 670 671 672 673 674 675 676 677 678 679 680 681 682 683 684 685 686 
 done.
 Now appending opt.xyz file with new structures
 running RMSDs...
 done.
 E lowest :   -72.19765
 625 structures remain within    12.00 kcal/mol window
 
 -------------------------------------
 2. optimization with tight thresholds
 -------------------------------------
 writing TMPCONF* Dirs from file "crest_rotamers_1.xyz" ... done.
 Starting optimization of generated structures
 626 jobs to do.
 1 2 3 4 5 6 7 8 9 10 11 12 13 14 15 16 17 18 19 20 21 22 23 24 25 26 27 28 29 30 31 32 33 34 35 36 37 38 39 40 41 42 43 44 45 46 47 48 49 50 51 52 53 54 55 56 57 58 59 60 61 62 63 64 65 66 67 68 69 70 71 72 73 74 75 76 77 78 79 80 81 82 83 84 85 86 87 88 89 90 91 92 93 94 95 96 97 98 99 100 101 102 103 104 105 106 107 108 109 110 111 112 113 114 115 116 117 118 119 120 121 122 123 124 125 126 127 128 129 130 131 132 133 134 135 136 137 138 139 140 141 142 143 144 145 146 147 148 149 150 151 152 153 154 155 156 157 158 159 160 161 162 163 164 165 166 167 168 169 170 171 172 173 174 175 176 177 178 179 180 181 182 183 184 185 186 187 188 189 190 191 192 193 194 195 196 197 198 199 200 201 202 203 204 205 206 207 208 209 210 211 212 213 214 215 216 217 218 219 220 221 222 223 224 225 226 227 228 229 230 231 232 233 234 235 236 237 238 239 240 241 242 243 244 245 246 247 248 249 250 251 252 253 254 255 256 257 258 259 260 261 262 263 264 265 266 267 268 269 270 271 272 273 274 275 276 277 278 279 280 281 282 283 284 285 286 287 288 289 290 291 292 293 294 295 296 297 298 299 300 301 302 303 304 305 306 307 308 309 310 311 312 313 314 315 316 317 318 319 320 321 322 323 324 325 326 327 328 329 330 331 332 333 334 335 336 337 338 339 340 341 342 343 344 345 346 347 348 349 350 351 352 353 354 355 356 357 358 359 360 361 362 363 364 365 366 367 368 369 370 371 372 373 374 375 376 377 378 379 380 381 382 383 384 385 386 387 388 389 390 391 392 393 394 395 396 397 398 399 400 401 402 403 404 405 406 407 408 409 410 411 412 413 414 415 416 417 418 419 420 421 422 423 424 425 426 427 428 429 430 431 432 433 434 435 436 437 438 439 440 441 442 443 444 445 446 447 448 449 450 451 452 453 454 455 456 457 458 459 460 461 462 463 464 465 466 467 468 469 470 471 472 473 474 475 476 477 478 479 480 481 482 483 484 485 486 487 488 489 490 491 492 493 494 495 496 497 498 499 500 501 502 503 504 505 506 507 508 509 510 511 512 513 514 515 516 517 518 519 520 521 522 523 524 525 526 527 528 529 530 531 532 533 534 535 536 537 538 539 540 541 542 543 544 545 546 547 548 549 550 551 552 553 554 555 556 557 558 559 560 561 562 563 564 565 566 567 568 569 570 571 572 573 574 575 576 577 578 579 580 581 582 583 584 585 586 587 588 589 590 591 592 593 594 595 596 597 598 599 600 601 602 603 604 605 606 607 608 609 610 611 612 613 614 615 616 617 618 619 620 621 622 623 624 625 626 
 done.
 Now appending opt.xyz file with new structures
 running RMSDs...
 done.
 E lowest :   -72.19849
 193 structures remain within     6.00 kcal/mol window
 
 
========================================
            MTD Iteration  2
========================================
 
     ========================================
     |         Meta-MD (MTD) Sampling       |
     ========================================
 
Starting Meta-MD   2 with the settings:
     MD time /ps        :     5.0
     dt /fs             :     5.0
     dumpstep(trj) /fs  :     100
     dumpstep(Vbias)/ps :     1.0
     Vbias prefactor(k) :  0.0690
     Vbias exponent(α)  :    1.30
Starting Meta-MD   1 with the settings:
     MD time /ps        :     5.0
     dt /fs             :     5.0
     dumpstep(trj) /fs  :     100
     dumpstep(Vbias)/ps :     1.0
     Vbias prefactor(k) :  0.1380
     Vbias exponent(α)  :    1.30
Starting Meta-MD  12 with the settings:
     MD time /ps        :     5.0
     dt /fs             :     5.0
     dumpstep(trj) /fs  :     100
     dumpstep(Vbias)/ps :     1.0
     Vbias prefactor(k) :  0.0345
     Vbias exponent(α)  :    0.28
Starting Meta-MD   3 with the settings:
     MD time /ps        :     5.0
     dt /fs             :     5.0
     dumpstep(trj) /fs  :     100
     dumpstep(Vbias)/ps :     1.0
     Vbias prefactor(k) :  0.0345
     Vbias exponent(α)  :    1.30
*Meta-MD 1 finished*
Starting Meta-MD   4 with the settings:
     MD time /ps        :     5.0
     dt /fs             :     5.0
     dumpstep(trj) /fs  :     100
     dumpstep(Vbias)/ps :     1.0
     Vbias prefactor(k) :  0.1380
     Vbias exponent(α)  :    0.78
*Meta-MD 2 finished*
Starting Meta-MD   5 with the settings:
     MD time /ps        :     5.0
     dt /fs             :     5.0
     dumpstep(trj) /fs  :     100
     dumpstep(Vbias)/ps :     1.0
     Vbias prefactor(k) :  0.0690
     Vbias exponent(α)  :    0.78
*Meta-MD 12 finished*
Starting Meta-MD  11 with the settings:
     MD time /ps        :     5.0
     dt /fs             :     5.0
     dumpstep(trj) /fs  :     100
     dumpstep(Vbias)/ps :     1.0
     Vbias prefactor(k) :  0.0690
     Vbias exponent(α)  :    0.28
*Meta-MD 3 finished*
Starting Meta-MD   6 with the settings:
     MD time /ps        :     5.0
     dt /fs             :     5.0
     dumpstep(trj) /fs  :     100
     dumpstep(Vbias)/ps :     1.0
     Vbias prefactor(k) :  0.0345
     Vbias exponent(α)  :    0.78
*Meta-MD 4 finished*
Starting Meta-MD   7 with the settings:
     MD time /ps        :     5.0
     dt /fs             :     5.0
     dumpstep(trj) /fs  :     100
     dumpstep(Vbias)/ps :     1.0
     Vbias prefactor(k) :  0.1380
     Vbias exponent(α)  :    0.47
*Meta-MD 6 finished*
Starting Meta-MD   8 with the settings:
     MD time /ps        :     5.0
     dt /fs             :     5.0
     dumpstep(trj) /fs  :     100
     dumpstep(Vbias)/ps :     1.0
     Vbias prefactor(k) :  0.0690
     Vbias exponent(α)  :    0.47
*Meta-MD 5 finished*
Starting Meta-MD   9 with the settings:
     MD time /ps        :     5.0
     dt /fs             :     5.0
     dumpstep(trj) /fs  :     100
     dumpstep(Vbias)/ps :     1.0
     Vbias prefactor(k) :  0.0345
     Vbias exponent(α)  :    0.47
*Meta-MD 11 finished*
Starting Meta-MD  10 with the settings:
     MD time /ps        :     5.0
     dt /fs             :     5.0
     dumpstep(trj) /fs  :     100
     dumpstep(Vbias)/ps :     1.0
     Vbias prefactor(k) :  0.1380
     Vbias exponent(α)  :    0.28
*Meta-MD 7 finished*
*Meta-MD 8 finished*
*Meta-MD 9 finished*
*Meta-MD 10 finished*
 
-----------------------
Multilevel Optimization
-----------------------
 
 -------------------------
 1. crude pre-optimization
 -------------------------
 writing TMPCONF* Dirs from file "crest_rotamers_0.xyz" ... done.
 Starting optimization of generated structures
 588 jobs to do.
 1 2 3 4 5 6 7 8 9 10 11 12 13 14 15 16 17 18 19 20 21 22 23 24 25 26 27 28 29 30 31 32 33 34 35 36 37 38 39 40 41 42 43 44 45 46 47 48 49 50 51 52 53 54 55 56 57 58 59 60 61 62 63 64 65 66 67 68 69 70 71 72 73 74 75 76 77 78 79 80 81 82 83 84 85 86 87 88 89 90 91 92 93 94 95 96 97 98 99 100 101 102 103 104 105 106 107 108 109 110 111 112 113 114 115 116 117 118 119 120 121 122 123 124 125 126 127 128 129 130 131 132 133 134 135 136 137 138 139 140 141 142 143 144 145 146 147 148 149 150 151 152 153 154 155 156 157 158 159 160 161 162 163 164 165 166 167 168 169 170 171 172 173 174 175 176 177 178 179 180 181 182 183 184 185 186 187 188 189 190 191 192 193 194 195 196 197 198 199 200 201 202 203 204 205 206 207 208 209 210 211 212 213 214 215 216 217 218 219 220 221 222 223 224 225 226 227 228 229 230 231 232 233 234 235 236 237 238 239 240 241 242 243 244 245 246 247 248 249 250 251 252 253 254 255 256 257 258 259 260 261 262 263 264 265 266 267 268 269 270 271 272 273 274 275 276 277 278 279 280 281 282 283 284 285 286 287 288 289 290 291 292 293 294 295 296 297 298 299 300 301 302 303 304 305 306 307 308 309 310 311 312 313 314 315 316 317 318 319 320 321 322 323 324 325 326 327 328 329 330 331 332 333 334 335 336 337 338 339 340 341 342 343 344 345 346 347 348 349 350 351 352 353 354 355 356 357 358 359 360 361 362 363 364 365 366 367 368 369 370 371 372 373 374 375 376 377 378 379 380 381 382 383 384 385 386 387 388 389 390 391 392 393 394 395 396 397 398 399 400 401 402 403 404 405 406 407 408 409 410 411 412 413 414 415 416 417 418 419 420 421 422 423 424 425 426 427 428 429 430 431 432 433 434 435 436 437 438 439 440 441 442 443 444 445 446 447 448 449 450 451 452 453 454 455 456 457 458 459 460 461 462 463 464 465 466 467 468 469 470 471 472 473 474 475 476 477 478 479 480 481 482 483 484 485 486 487 488 489 490 491 492 493 494 495 496 497 498 499 500 501 502 503 504 505 506 507 508 509 510 511 512 513 514 515 516 517 518 519 520 521 522 523 524 525 526 527 528 529 530 531 532 533 534 535 536 537 538 539 540 541 542 543 544 545 546 547 548 549 550 551 552 553 554 555 556 557 558 559 560 561 562 563 564 565 566 567 568 569 570 571 572 573 574 575 576 577 578 579 580 581 582 583 584 585 586 587 588 
 done.
 Now appending opt.xyz file with new structures
 running RMSDs...
 done.
 E lowest :   -72.19790
 573 structures remain within    12.00 kcal/mol window
 
 -------------------------------------
 2. optimization with tight thresholds
 -------------------------------------
 writing TMPCONF* Dirs from file "crest_rotamers_1.xyz" ... done.
 Starting optimization of generated structures
 574 jobs to do.
 1 2 3 4 5 6 7 8 9 10 11 12 13 14 15 16 17 18 19 20 21 22 23 24 25 26 27 28 29 30 31 32 33 34 35 36 37 38 39 40 41 42 43 44 45 46 47 48 49 50 51 52 53 54 55 56 57 58 59 60 61 62 63 64 65 66 67 68 69 70 71 72 73 74 75 76 77 78 79 80 81 82 83 84 85 86 87 88 89 90 91 92 93 94 95 96 97 98 99 100 101 102 103 104 105 106 107 108 109 110 111 112 113 114 115 116 117 118 119 120 121 122 123 124 125 126 127 128 129 130 131 132 133 134 135 136 137 138 139 140 141 142 143 144 145 146 147 148 149 150 151 152 153 154 155 156 157 158 159 160 161 162 163 164 165 166 167 168 169 170 171 172 173 174 175 176 177 178 179 180 181 182 183 184 185 186 187 188 189 190 191 192 193 194 195 196 197 198 199 200 201 202 203 204 205 206 207 208 209 210 211 212 213 214 215 216 217 218 219 220 221 222 223 224 225 226 227 228 229 230 231 232 233 234 235 236 237 238 239 240 241 242 243 244 245 246 247 248 249 250 251 252 253 254 255 256 257 258 259 260 261 262 263 264 265 266 267 268 269 270 271 272 273 274 275 276 277 278 279 280 281 282 283 284 285 286 287 288 289 290 291 292 293 294 295 296 297 298 299 300 301 302 303 304 305 306 307 308 309 310 311 312 313 314 315 316 317 318 319 320 321 322 323 324 325 326 327 328 329 330 331 332 333 334 335 336 337 338 339 340 341 342 343 344 345 346 347 348 349 350 351 352 353 354 355 356 357 358 359 360 361 362 363 364 365 366 367 368 369 370 371 372 373 374 375 376 377 378 379 380 381 382 383 384 385 386 387 388 389 390 391 392 393 394 395 396 397 398 399 400 401 402 403 404 405 406 407 408 409 410 411 412 413 414 415 416 417 418 419 420 421 422 423 424 425 426 427 428 429 430 431 432 433 434 435 436 437 438 439 440 441 442 443 444 445 446 447 448 449 450 451 452 453 454 455 456 457 458 459 460 461 462 463 464 465 466 467 468 469 470 471 472 473 474 475 476 477 478 479 480 481 482 483 484 485 486 487 488 489 490 491 492 493 494 495 496 497 498 499 500 501 502 503 504 505 506 507 508 509 510 511 512 513 514 515 516 517 518 519 520 521 522 523 524 525 526 527 528 529 530 531 532 533 534 535 536 537 538 539 540 541 542 543 544 545 546 547 548 549 550 551 552 553 554 555 556 557 558 559 560 561 562 563 564 565 566 567 568 569 570 571 572 573 574 
 done.
 Now appending opt.xyz file with new structures
 running RMSDs...
 done.
 E lowest :   -72.19849
 119 structures remain within     6.00 kcal/mol window
 
========================================
            MTD Iterations done         
========================================
 Collecting ensmbles.
 running RMSDs...
 done.
 E lowest :   -72.19849
 242 structures remain within     6.00 kcal/mol window
 
-----------------------------------------------
Additional regular MDs on lowest 4 conformer(s)
-----------------------------------------------
Starting MD   1 with the settings:
     MD time /ps        :     2.5
     MD Temperature /K  :   400.0
     dt /fs             :     5.0
     dumpstep(trj) /fs  :     100
Starting MD   8 with the settings:
     MD time /ps        :     2.5
     MD Temperature /K  :   500.0
     dt /fs             :     5.0
     dumpstep(trj) /fs  :     100
Starting MD   2 with the settings:
     MD time /ps        :     2.5
     MD Temperature /K  :   500.0
     dt /fs             :     5.0
     dumpstep(trj) /fs  :     100
Starting MD   3 with the settings:
     MD time /ps        :     2.5
     MD Temperature /K  :   400.0
     dt /fs             :     5.0
     dumpstep(trj) /fs  :     100
*MD 8 finished*
Starting MD   7 with the settings:
     MD time /ps        :     2.5
     MD Temperature /K  :   400.0
     dt /fs             :     5.0
     dumpstep(trj) /fs  :     100
*MD 2 finished*
Starting MD   4 with the settings:
     MD time /ps        :     2.5
     MD Temperature /K  :   500.0
     dt /fs             :     5.0
     dumpstep(trj) /fs  :     100
*MD 3 finished*
Starting MD   5 with the settings:
     MD time /ps        :     2.5
     MD Temperature /K  :   400.0
     dt /fs             :     5.0
     dumpstep(trj) /fs  :     100
*MD 1 finished*
Starting MD   6 with the settings:
     MD time /ps        :     2.5
     MD Temperature /K  :   500.0
     dt /fs             :     5.0
     dumpstep(trj) /fs  :     100
*MD 5 finished*
*MD 4 finished*
*MD 7 finished*
*MD 6 finished*
 Appending file crest_rotamers_1.xyz with new structures
 
 -------------------------------------------
 Ensemble optimization with tight thresholds
 -------------------------------------------
 writing TMPCONF* Dirs from file "crest_rotamers_1.xyz" ... done.
 Starting optimization of generated structures
 434 jobs to do.
 1 2 3 4 5 6 7 8 9 10 11 12 13 14 15 16 17 18 19 20 21 22 23 24 25 26 27 28 29 30 31 32 33 34 35 36 37 38 39 40 41 42 43 44 45 46 47 48 49 50 51 52 53 54 55 56 57 58 59 60 61 62 63 64 65 66 67 68 69 70 71 72 73 74 75 76 77 78 79 80 81 82 83 84 85 86 87 88 89 90 91 92 93 94 95 96 97 98 99 100 101 102 103 104 105 106 107 108 109 110 111 112 113 114 115 116 117 118 119 120 121 122 123 124 125 126 127 128 129 130 131 132 133 134 135 136 137 138 139 140 141 142 143 144 145 146 147 148 149 150 151 152 153 154 155 156 157 158 159 160 161 162 163 164 165 166 167 168 169 170 171 172 173 174 175 176 177 178 179 180 181 182 183 184 185 186 187 188 189 190 191 192 193 194 195 196 197 198 199 200 201 202 203 204 205 206 207 208 209 210 211 212 213 214 215 216 217 218 219 220 221 222 223 224 225 226 227 228 229 230 231 232 233 234 235 236 237 238 239 240 241 242 243 244 245 246 247 248 249 250 251 252 253 254 255 256 257 258 259 260 261 262 263 264 265 266 267 268 269 270 271 272 273 274 275 276 277 278 279 280 281 282 283 284 285 286 287 288 289 290 291 292 293 294 295 296 297 298 299 300 301 302 303 304 305 306 307 308 309 310 311 312 313 314 315 316 317 318 319 320 321 322 323 324 325 326 327 328 329 330 331 332 333 334 335 336 337 338 339 340 341 342 343 344 345 346 347 348 349 350 351 352 353 354 355 356 357 358 359 360 361 362 363 364 365 366 367 368 369 370 371 372 373 374 375 376 377 378 379 380 381 382 383 384 385 386 387 388 389 390 391 392 393 394 395 396 397 398 399 400 401 402 403 404 405 406 407 408 409 410 411 412 413 414 415 416 417 418 419 420 421 422 423 424 425 426 427 428 429 430 431 432 433 434 
 done.
 Now appending opt.xyz file with new structures
 running RMSDs...
 done.
 E lowest :   -72.19849
 236 structures remain within     6.00 kcal/mol window
 
 
     ========================================
     |        Structure Crossing (GC)       |
     ========================================
 =============================
  # threads =           4
 =============================
 input  file name : crest_rotamers_3.xyz
number of atoms                :    46
number of points on xyz files  :   236
conformer energy window  /kcal :    6.00
CN per atom difference cut-off :  0.3000
RMSD threshold                 :  0.2500
max. # of generated structures : 250
 reading xyz file ...
 # in E window                236
 generating pairs ...       27965
  62.3 % done
  72.9 % done
 generated pairs           :       24547
 number of clash discarded :        3183
 average rmsd w.r.t input  : 3.06363
 sd of ensemble            : 0.64957
 number of new structures      :         246
 removed identical structures  :         254
 writing          246  TMPCONF* dirs ...
 --------------------------
 GC: loose pre-optimization
 --------------------------
 Starting optimization of generated structures
 246 jobs to do.
 1 2 3 4 5 6 7 8 9 10 11 12 13 14 15 16 17 18 19 20 21 22 23 24 25 26 27 28 29 30 31 32 33 34 35 36 37 38 39 40 41 42 43 44 45 46 47 48 49 50 51 52 53 54 55 56 57 58 59 60 61 62 63 64 65 66 67 68 69 70 71 72 73 74 75 76 77 78 79 80 81 82 83 84 85 86 87 88 89 90 91 92 93 94 95 96 97 98 99 100 101 102 103 104 105 106 107 108 109 110 111 112 113 114 115 116 117 118 119 120 121 122 123 124 125 126 127 128 129 130 131 132 133 134 135 136 137 138 139 140 141 142 143 144 145 146 147 148 149 150 151 152 153 154 155 156 157 158 159 160 161 162 163 164 165 166 167 168 169 170 171 172 173 174 175 176 177 178 179 180 181 182 183 184 185 186 187 188 189 190 191 192 193 194 195 196 197 198 199 200 201 202 203 204 205 206 207 208 209 210 211 212 213 214 215 216 217 218 219 220 221 222 223 224 225 226 227 228 229 230 231 232 233 234 235 236 237 238 239 240 241 242 243 244 245 246 
 done.
 Now appending opt.xyz file with new structures
 running RMSDs...
 done.
 E lowest :   -72.19848
 238 structures remain within    10.00 kcal/mol window
 --------------------------------------
 GC: optimization with tight thresholds
 --------------------------------------
 writing TMPCONF* Dirs from file "crest_rotamers_1.xyz" ... done.
 Starting optimization of generated structures
 238 jobs to do.
 1 2 3 4 5 6 7 8 9 10 11 12 13 14 15 16 17 18 19 20 21 22 23 24 25 26 27 28 29 30 31 32 33 34 35 36 37 38 39 40 41 42 43 44 45 46 47 48 49 50 51 52 53 54 55 56 57 58 59 60 61 62 63 64 65 66 67 68 69 70 71 72 73 74 75 76 77 78 79 80 81 82 83 84 85 86 87 88 89 90 91 92 93 94 95 96 97 98 99 100 101 102 103 104 105 106 107 108 109 110 111 112 113 114 115 116 117 118 119 120 121 122 123 124 125 126 127 128 129 130 131 132 133 134 135 136 137 138 139 140 141 142 143 144 145 146 147 148 149 150 151 152 153 154 155 156 157 158 159 160 161 162 163 164 165 166 167 168 169 170 171 172 173 174 175 176 177 178 179 180 181 182 183 184 185 186 187 188 189 190 191 192 193 194 195 196 197 198 199 200 201 202 203 204 205 206 207 208 209 210 211 212 213 214 215 216 217 218 219 220 221 222 223 224 225 226 227 228 229 230 231 232 233 234 235 236 237 238 
 done.
 Now appending opt.xyz file with new structures
 running RMSDs...
 done.
 E lowest :   -72.19849
 
 
   ================================================
   |           Final Geometry Optimization        |
   ================================================
 ---------------------
 Ensemble optimization
 ---------------------
 writing TMPCONF* Dirs from file "crest_rotamers_4.xyz" ... done.
 Starting optimization of generated structures
 389 jobs to do.
 1 2 3 4 5 6 7 8 9 10 11 12 13 14 15 16 17 18 19 20 21 22 23 24 25 26 27 28 29 30 31 32 33 34 35 36 37 38 39 40 41 42 43 44 45 46 47 48 49 50 51 52 53 54 55 56 57 58 59 60 61 62 63 64 65 66 67 68 69 70 71 72 73 74 75 76 77 78 79 80 81 82 83 84 85 86 87 88 89 90 91 92 93 94 95 96 97 98 99 100 101 102 103 104 105 106 107 108 109 110 111 112 113 114 115 116 117 118 119 120 121 122 123 124 125 126 127 128 129 130 131 132 133 134 135 136 137 138 139 140 141 142 143 144 145 146 147 148 149 150 151 152 153 154 155 156 157 158 159 160 161 162 163 164 165 166 167 168 169 170 171 172 173 174 175 176 177 178 179 180 181 182 183 184 185 186 187 188 189 190 191 192 193 194 195 196 197 198 199 200 201 202 203 204 205 206 207 208 209 210 211 212 213 214 215 216 217 218 219 220 221 222 223 224 225 226 227 228 229 230 231 232 233 234 235 236 237 238 239 240 241 242 243 244 245 246 247 248 249 250 251 252 253 254 255 256 257 258 259 260 261 262 263 264 265 266 267 268 269 270 271 272 273 274 275 276 277 278 279 280 281 282 283 284 285 286 287 288 289 290 291 292 293 294 295 296 297 298 299 300 301 302 303 304 305 306 307 308 309 310 311 312 313 314 315 316 317 318 319 320 321 322 323 324 325 326 327 328 329 330 331 332 333 334 335 336 337 338 339 340 341 342 343 344 345 346 347 348 349 350 351 352 353 354 355 356 357 358 359 360 361 362 363 364 365 366 367 368 369 370 371 372 373 374 375 376 377 378 379 380 381 382 383 384 385 386 387 388 389 
 done.
 Now appending opt.xyz file with new structures
 running RMSDs...
 done.
 E lowest :   -72.19849
 384 structures remain within     6.00 kcal/mol window
 
-------------------------------------
CREGEN - CONFORMER SYMMETRY ANALYSIS
-------------------------------------
 =============================
  # threads =           4
 =============================
 input  file name : crest_rotamers_5.xyz
 output file name : crest_rotamers_6.xyz
 number of atoms                :    46
 number of points on xyz files  :   389
 RMSD threshold                 :   0.1250
 Bconst threshold               :  15.0000
 population threshold           :   0.0500
 conformer energy window  /kcal :   6.0000
 # fragment in coord            :     1
 number of reliable points      :   389
 reference state Etot :  -72.1984943833000
 number of doubles removed by rot/RMSD         :           5
 total number unique points considered further :         384
   Erel/kcal     Etot      weight/tot conformer  set degen    origin
    1   0.000   -72.19849    0.01140    0.45347    1   41     mtd1
    2   0.001   -72.19849    0.01138                          md1
    3   0.001   -72.19849    0.01138                          mtd5
    4   0.001   -72.19849    0.01137                          mtd9
    5   0.002   -72.19849    0.01136                          mtd11
    6   0.003   -72.19849    0.01135                          mtd8
    7   0.004   -72.19849    0.01132                          mtd11
    8   0.006   -72.19848    0.01128                          md6
    9   0.007   -72.19848    0.01126                          mtd8
   10   0.007   -72.19848    0.01126                          mtd10
   11   0.007   -72.19848    0.01126                          mtd4
   12   0.008   -72.19848    0.01125                          mtd4
   13   0.008   -72.19848    0.01124                          mtd6
   14   0.008   -72.19848    0.01124                          mtd10
   15   0.009   -72.19848    0.01123                          mtd4
   16   0.009   -72.19848    0.01122                          mtd3
   17   0.010   -72.19848    0.01122                          mtd9
   18   0.010   -72.19848    0.01121                          mtd9
   19   0.010   -72.19848    0.01121                          mtd10
   20   0.010   -72.19848    0.01120                          mtd3
   21   0.010   -72.19848    0.01120                          mtd8
   22   0.011   -72.19848    0.01120                          mtd3
   23   0.012   -72.19847    0.01116                          mtd4
   24   0.012   -72.19847    0.01116                          md3
   25   0.013   -72.19847    0.01116                          md7
   26   0.013   -72.19847    0.01115                          mtd9
   27   0.015   -72.19847    0.01112                          mtd9
   28   0.015   -72.19847    0.01112                          mtd10
   29   0.016   -72.19847    0.01110                          mtd2
   30   0.016   -72.19847    0.01109                          mtd10
   31   0.018   -72.19847    0.01105                          mtd4
   32   0.018   -72.19847    0.01105                          mtd3
   33   0.036   -72.19844    0.01072                          mtd2
   34   0.038   -72.19843    0.01069                          mtd10
   35   0.038   -72.19843    0.01068                          mtd1
   36   0.046   -72.19842    0.01055                          mtd10
   37   0.054   -72.19841    0.01040                          mtd11
   38   0.054   -72.19841    0.01040                          mtd1
   39   0.058   -72.19840    0.01034                          mtd11
   40   0.062   -72.19840    0.01027                          gc
   41   0.066   -72.19839    0.01019                          mtd7
   42   0.063   -72.19839    0.01024    0.25962    2   27     mtd11
   43   0.067   -72.19839    0.01018                          mtd1
   44   0.067   -72.19839    0.01018                          mtd11
   45   0.100   -72.19834    0.00964                          mtd7
   46   0.101   -72.19833    0.00962                          mtd12
   47   0.101   -72.19833    0.00962                          mtd6
   48   0.101   -72.19833    0.00961                          mtd2
   49   0.101   -72.19833    0.00961                          mtd8
   50   0.101   -72.19833    0.00961                          mtd8
   51   0.102   -72.19833    0.00960                          mtd10
   52   0.102   -72.19833    0.00960                          mtd1
   53   0.102   -72.19833    0.00960                          mtd7
   54   0.102   -72.19833    0.00960                          mtd1
   55   0.102   -72.19833    0.00960                          mtd6
   56   0.103   -72.19833    0.00959                          mtd12
   57   0.103   -72.19833    0.00959                          mtd1
   58   0.103   -72.19833    0.00958                          mtd8
   59   0.103   -72.19833    0.00958                          mtd3
   60   0.103   -72.19833    0.00958                          mtd6
   61   0.104   -72.19833    0.00956                          mtd8
   62   0.104   -72.19833    0.00956                          mtd4
   63   0.105   -72.19833    0.00955                          mtd12
   64   0.108   -72.19832    0.00950                          mtd4
   65   0.111   -72.19832    0.00946                          mtd8
   66   0.112   -72.19832    0.00943                          mtd2
   67   0.122   -72.19830    0.00928                          mtd8
   68   0.137   -72.19828    0.00905                          mtd7
   69   0.098   -72.19834    0.00966    0.08402    3    9     mtd2
   70   0.098   -72.19834    0.00965                          mtd7
   71   0.100   -72.19833    0.00963                          mtd14
   72   0.102   -72.19833    0.00959                          md2
   73   0.103   -72.19833    0.00957                          mtd7
   74   0.110   -72.19832    0.00947                          mtd1
   75   0.146   -72.19826    0.00891                          md2
   76   0.153   -72.19825    0.00881                          mtd7
   77   0.159   -72.19824    0.00871                          mtd14
   78   0.127   -72.19829    0.00920    0.09573    4   11     mtd3
   79   0.135   -72.19828    0.00907                          mtd12
   80   0.139   -72.19827    0.00901                          mtd14
   81   0.147   -72.19826    0.00889                          mtd2
   82   0.148   -72.19826    0.00887                          mtd10
   83   0.155   -72.19825    0.00878                          mtd1
   84   0.157   -72.19824    0.00874                          mtd10
   85   0.157   -72.19824    0.00874                          mtd10
   86   0.174   -72.19822    0.00850                          mtd11
   87   0.196   -72.19818    0.00820                          mtd10
   88   0.230   -72.19813    0.00773                          mtd14
   89   0.209   -72.19816    0.00801    0.00801    5    1     mtd10
   90   0.219   -72.19815    0.00788    0.00788    6    1     mtd10
   91   0.251   -72.19809    0.00746    0.01438    7    2     mtd10
   92   0.296   -72.19802    0.00692                          mtd12
   93   0.255   -72.19809    0.00741    0.00741    8    1     mtd12
   94   0.266   -72.19807    0.00728    0.01944    9    3     mtd14
   95   0.331   -72.19797    0.00652                          mtd10
   96   0.418   -72.19783    0.00564                          mtd14
   97   0.289   -72.19803    0.00701    0.00701   10    1     mtd5
   98   1.551   -72.19602    0.00083    0.01118   11   14     mtd11
   99   1.563   -72.19600    0.00082                          gc
  100   1.567   -72.19600    0.00081                          gc
  101   1.567   -72.19600    0.00081                          gc
  102   1.567   -72.19600    0.00081                          mtd11
  103   1.567   -72.19600    0.00081                          mtd11
  104   1.568   -72.19600    0.00081                          gc
  105   1.569   -72.19599    0.00081                          gc
  106   1.575   -72.19598    0.00080                          gc
  107   1.578   -72.19598    0.00080                          mtd11
  108   1.578   -72.19598    0.00080                          gc
  109   1.580   -72.19598    0.00079                          mtd11
  110   1.589   -72.19596    0.00078                          gc
  111   1.660   -72.19585    0.00069                          gc
  112   1.659   -72.19585    0.00069    0.01211   12   18     gc
  113   1.660   -72.19585    0.00069                          gc
  114   1.660   -72.19585    0.00069                          gc
  115   1.661   -72.19585    0.00069                          gc
  116   1.661   -72.19585    0.00069                          gc
  117   1.666   -72.19584    0.00069                          gc
  118   1.668   -72.19584    0.00068                          gc
  119   1.673   -72.19583    0.00068                          gc
  120   1.676   -72.19582    0.00068                          gc
  121   1.676   -72.19582    0.00067                          mtd11
  122   1.677   -72.19582    0.00067                          gc
  123   1.678   -72.19582    0.00067                          gc
  124   1.680   -72.19582    0.00067                          gc
  125   1.683   -72.19581    0.00067                          gc
  126   1.686   -72.19581    0.00066                          gc
  127   1.691   -72.19580    0.00066                          gc
  128   1.692   -72.19580    0.00066                          gc
  129   1.770   -72.19567    0.00058                          gc
  130   1.673   -72.19583    0.00068    0.00068   13    1     mtd11
  131   1.768   -72.19568    0.00058    0.00058   14    1     gc
  132   2.042   -72.19524    0.00036    0.00966   15   28     gc
  133   2.043   -72.19524    0.00036                          gc
  134   2.044   -72.19524    0.00036                          gc
  135   2.047   -72.19523    0.00036                          gc
  136   2.048   -72.19523    0.00036                          gc
  137   2.050   -72.19523    0.00036                          gc
  138   2.050   -72.19523    0.00036                          gc
  139   2.052   -72.19522    0.00036                          gc
  140   2.053   -72.19522    0.00036                          gc
  141   2.053   -72.19522    0.00036                          gc
  142   2.055   -72.19522    0.00036                          gc
  143   2.057   -72.19522    0.00036                          gc
  144   2.058   -72.19521    0.00035                          gc
  145   2.068   -72.19520    0.00035                          gc
  146   2.088   -72.19517    0.00034                          gc
  147   2.091   -72.19516    0.00034                          gc
  148   2.091   -72.19516    0.00034                          gc
  149   2.092   -72.19516    0.00033                          gc
  150   2.092   -72.19516    0.00033                          gc
  151   2.092   -72.19516    0.00033                          gc
  152   2.095   -72.19516    0.00033                          gc
  153   2.095   -72.19516    0.00033                          gc
  154   2.096   -72.19515    0.00033                          gc
  155   2.097   -72.19515    0.00033                          gc
  156   2.104   -72.19514    0.00033                          gc
  157   2.106   -72.19514    0.00033                          gc
  158   2.109   -72.19513    0.00033                          gc
  159   2.111   -72.19513    0.00032                          gc
  160   2.192   -72.19500    0.00028    0.00594   16   22     gc
  161   2.193   -72.19500    0.00028                          gc
  162   2.193   -72.19500    0.00028                          gc
  163   2.193   -72.19500    0.00028                          gc
  164   2.193   -72.19500    0.00028                          gc
  165   2.194   -72.19500    0.00028                          gc
  166   2.194   -72.19500    0.00028                          mtd7
  167   2.194   -72.19500    0.00028                          gc
  168   2.197   -72.19499    0.00028                          gc
  169   2.198   -72.19499    0.00028                          mtd11
  170   2.212   -72.19497    0.00027                          gc
  171   2.236   -72.19493    0.00026                          gc
  172   2.238   -72.19493    0.00026                          gc
  173   2.241   -72.19492    0.00026                          gc
  174   2.244   -72.19492    0.00026                          gc
  175   2.244   -72.19492    0.00026                          gc
  176   2.245   -72.19492    0.00026                          gc
  177   2.246   -72.19492    0.00026                          gc
  178   2.246   -72.19491    0.00026                          gc
  179   2.247   -72.19491    0.00026                          gc
  180   2.248   -72.19491    0.00026                          gc
  181   2.249   -72.19491    0.00026                          gc
  182   3.551   -72.19283    0.00003    0.00134   17   48     mtd6
  183   3.552   -72.19283    0.00003                          mtd8
  184   3.552   -72.19283    0.00003                          mtd5
  185   3.552   -72.19283    0.00003                          mtd14
  186   3.553   -72.19283    0.00003                          mtd4
  187   3.553   -72.19283    0.00003                          mtd13
  188   3.553   -72.19283    0.00003                          mtd6
  189   3.553   -72.19283    0.00003                          mtd5
  190   3.554   -72.19283    0.00003                          mtd8
  191   3.554   -72.19283    0.00003                          mtd3
  192   3.554   -72.19283    0.00003                          mtd1
  193   3.555   -72.19283    0.00003                          mtd4
  194   3.555   -72.19283    0.00003                          mtd11
  195   3.556   -72.19283    0.00003                          mtd8
  196   3.556   -72.19283    0.00003                          mtd5
  197   3.556   -72.19283    0.00003                          mtd4
  198   3.557   -72.19283    0.00003                          mtd4
  199   3.557   -72.19283    0.00003                          mtd13
  200   3.558   -72.19282    0.00003                          mtd5
  201   3.558   -72.19282    0.00003                          mtd4
  202   3.558   -72.19282    0.00003                          mtd6
  203   3.559   -72.19282    0.00003                          mtd6
  204   3.559   -72.19282    0.00003                          mtd11
  205   3.559   -72.19282    0.00003                          mtd4
  206   3.560   -72.19282    0.00003                          mtd6
  207   3.560   -72.19282    0.00003                          mtd13
  208   3.560   -72.19282    0.00003                          mtd8
  209   3.560   -72.19282    0.00003                          mtd4
  210   3.560   -72.19282    0.00003                          mtd6
  211   3.560   -72.19282    0.00003                          mtd14
  212   3.561   -72.19282    0.00003                          mtd3
  213   3.561   -72.19282    0.00003                          mtd5
  214   3.562   -72.19282    0.00003                          mtd9
  215   3.563   -72.19282    0.00003                          mtd5
  216   3.563   -72.19282    0.00003                          mtd14
  217   3.564   -72.19281    0.00003                          mtd4
  218   3.564   -72.19281    0.00003                          mtd4
  219   3.567   -72.19281    0.00003                          mtd2
  220   3.570   -72.19280    0.00003                          mtd9
  221   3.575   -72.19280    0.00003                          mtd5
  222   3.577   -72.19279    0.00003                          mtd6
  223   3.581   -72.19279    0.00003                          mtd14
  224   3.598   -72.19276    0.00003                          mtd10
  225   3.601   -72.19276    0.00003                          mtd9
  226   3.602   -72.19276    0.00003                          mtd13
  227   3.605   -72.19275    0.00003                          mtd13
  228   3.607   -72.19275    0.00003                          mtd4
  229   3.637   -72.19270    0.00002                          mtd14
  230   3.559   -72.19282    0.00003    0.00011   18    4     mtd6
  231   3.561   -72.19282    0.00003                          mtd4
  232   3.561   -72.19282    0.00003                          mtd4
  233   3.561   -72.19282    0.00003                          mtd11
  234   3.707   -72.19259    0.00002    0.00002   19    1     mtd10
  235   3.718   -72.19257    0.00002    0.00081   20   39     mtd5
  236   3.719   -72.19257    0.00002                          mtd13
  237   3.720   -72.19257    0.00002                          mtd5
  238   3.720   -72.19257    0.00002                          mtd7
  239   3.720   -72.19257    0.00002                          mtd8
  240   3.721   -72.19257    0.00002                          mtd3
  241   3.721   -72.19256    0.00002                          mtd11
  242   3.723   -72.19256    0.00002                          mtd11
  243   3.723   -72.19256    0.00002                          mtd6
  244   3.723   -72.19256    0.00002                          mtd3
  245   3.723   -72.19256    0.00002                          mtd5
  246   3.723   -72.19256    0.00002                          mtd3
  247   3.723   -72.19256    0.00002                          mtd14
  248   3.724   -72.19256    0.00002                          mtd9
  249   3.724   -72.19256    0.00002                          mtd7
  250   3.724   -72.19256    0.00002                          mtd9
  251   3.724   -72.19256    0.00002                          mtd13
  252   3.725   -72.19256    0.00002                          mtd7
  253   3.725   -72.19256    0.00002                          mtd7
  254   3.726   -72.19256    0.00002                          mtd7
  255   3.730   -72.19255    0.00002                          mtd5
  256   3.730   -72.19255    0.00002                          mtd7
  257   3.734   -72.19254    0.00002                          mtd12
  258   3.736   -72.19254    0.00002                          mtd3
  259   3.738   -72.19254    0.00002                          mtd13
  260   3.740   -72.19253    0.00002                          mtd7
  261   3.745   -72.19253    0.00002                          mtd12
  262   3.747   -72.19252    0.00002                          mtd7
  263   3.750   -72.19252    0.00002                          mtd9
  264   3.752   -72.19251    0.00002                          mtd3
  265   3.754   -72.19251    0.00002                          mtd14
  266   3.757   -72.19251    0.00002                          mtd1
  267   3.758   -72.19251    0.00002                          mtd12
  268   3.761   -72.19250    0.00002                          mtd9
  269   3.771   -72.19249    0.00002                          mtd1
  270   3.771   -72.19248    0.00002                          mtd8
  271   3.773   -72.19248    0.00002                          mtd14
  272   3.780   -72.19247    0.00002                          mtd6
  273   3.821   -72.19241    0.00002                          mtd14
  274   3.723   -72.19256    0.00002    0.00014   21    7     mtd1
  275   3.726   -72.19256    0.00002                          mtd7
  276   3.727   -72.19256    0.00002                          mtd5
  277   3.737   -72.19254    0.00002                          mtd1
  278   3.752   -72.19252    0.00002                          mtd10
  279   3.779   -72.19247    0.00002                          mtd5
  280   3.780   -72.19247    0.00002                          mtd7
  281   3.732   -72.19255    0.00002    0.00010   22    5     mtd14
  282   3.742   -72.19253    0.00002                          mtd5
  283   3.755   -72.19251    0.00002                          mtd7
  284   3.758   -72.19251    0.00002                          mtd1
  285   3.764   -72.19250    0.00002                          mtd7
  286   3.769   -72.19249    0.00002    0.00009   23    5     mtd7
  287   3.776   -72.19248    0.00002                          mtd7
  288   3.819   -72.19241    0.00002                          mtd10
  289   3.853   -72.19235    0.00002                          mtd13
  290   3.858   -72.19235    0.00002                          mtd7
  291   3.771   -72.19248    0.00002    0.00008   24    4     mtd13
  292   3.775   -72.19248    0.00002                          mtd10
  293   3.781   -72.19247    0.00002                          mtd7
  294   3.781   -72.19247    0.00002                          mtd10
  295   3.888   -72.19230    0.00002    0.00002   25    1     mtd13
  296   3.888   -72.19230    0.00002    0.00002   26    1     mtd8
  297   3.889   -72.19230    0.00002    0.00004   27    3     mtd10
  298   3.984   -72.19214    0.00001                          mtd10
  299   3.994   -72.19213    0.00001                          mtd13
  300   3.937   -72.19222    0.00001    0.00001   28    1     mtd7
  301   4.023   -72.19208    0.00001    0.00001   29    1     mtd10
  302   5.104   -72.19036    0.00000    0.00002   30   12     gc
  303   5.105   -72.19036    0.00000                          gc
  304   5.105   -72.19036    0.00000                          gc
  305   5.105   -72.19036    0.00000                          gc
  306   5.105   -72.19036    0.00000                          gc
  307   5.108   -72.19035    0.00000                          gc
  308   5.109   -72.19035    0.00000                          gc
  309   5.112   -72.19035    0.00000                          gc
  310   5.112   -72.19035    0.00000                          gc
  311   5.115   -72.19034    0.00000                          gc
  312   5.123   -72.19033    0.00000                          gc
  313   5.146   -72.19029    0.00000                          gc
  314   5.119   -72.19034    0.00000    0.00002   31   10     gc
  315   5.119   -72.19034    0.00000                          gc
  316   5.120   -72.19034    0.00000                          mtd11
  317   5.120   -72.19034    0.00000                          gc
  318   5.123   -72.19033    0.00000                          gc
  319   5.124   -72.19033    0.00000                          gc
  320   5.130   -72.19032    0.00000                          gc
  321   5.132   -72.19032    0.00000                          gc
  322   5.133   -72.19031    0.00000                          gc
  323   5.133   -72.19031    0.00000                          mtd11
  324   5.279   -72.19008    0.00000    0.00000   32    2     gc
  325   5.280   -72.19008    0.00000                          mtd7
  326   5.294   -72.19006    0.00000    0.00001   33    6     gc
  327   5.304   -72.19004    0.00000                          gc
  328   5.304   -72.19004    0.00000                          gc
  329   5.310   -72.19003    0.00000                          gc
  330   5.322   -72.19001    0.00000                          gc
  331   5.326   -72.19001    0.00000                          gc
  332   5.553   -72.18965    0.00000    0.00002   34   25     gc
  333   5.553   -72.18965    0.00000                          gc
  334   5.553   -72.18964    0.00000                          gc
  335   5.553   -72.18964    0.00000                          gc
  336   5.554   -72.18964    0.00000                          gc
  337   5.554   -72.18964    0.00000                          gc
  338   5.554   -72.18964    0.00000                          gc
  339   5.556   -72.18964    0.00000                          gc
  340   5.557   -72.18964    0.00000                          gc
  341   5.563   -72.18963    0.00000                          gc
  342   5.571   -72.18962    0.00000                          gc
  343   5.572   -72.18961    0.00000                          gc
  344   5.580   -72.18960    0.00000                          gc
  345   5.587   -72.18959    0.00000                          gc
  346   5.589   -72.18959    0.00000                          gc
  347   5.592   -72.18958    0.00000                          gc
  348   5.593   -72.18958    0.00000                          gc
  349   5.593   -72.18958    0.00000                          gc
  350   5.594   -72.18958    0.00000                          gc
  351   5.594   -72.18958    0.00000                          gc
  352   5.596   -72.18958    0.00000                          gc
  353   5.604   -72.18956    0.00000                          gc
  354   5.620   -72.18954    0.00000                          gc
  355   5.620   -72.18954    0.00000                          gc
  356   5.622   -72.18954    0.00000                          gc
  357   5.854   -72.18917    0.00000    0.00002   35   28     gc
  358   5.854   -72.18917    0.00000                          gc
  359   5.854   -72.18916    0.00000                          gc
  360   5.855   -72.18916    0.00000                          gc
  361   5.855   -72.18916    0.00000                          gc
  362   5.856   -72.18916    0.00000                          gc
  363   5.856   -72.18916    0.00000                          gc
  364   5.856   -72.18916    0.00000                          gc
  365   5.857   -72.18916    0.00000                          gc
  366   5.858   -72.18916    0.00000                          gc
  367   5.859   -72.18916    0.00000                          gc
  368   5.863   -72.18915    0.00000                          gc
  369   5.865   -72.18915    0.00000                          gc
  370   5.870   -72.18914    0.00000                          gc
  371   5.883   -72.18912    0.00000                          gc
  372   5.885   -72.18912    0.00000                          gc
  373   5.901   -72.18909    0.00000                          gc
  374   5.904   -72.18909    0.00000                          gc
  375   5.904   -72.18909    0.00000                          gc
  376   5.905   -72.18908    0.00000                          gc
  377   5.906   -72.18908    0.00000                          gc
  378   5.907   -72.18908    0.00000                          gc
  379   5.908   -72.18908    0.00000                          gc
  380   5.908   -72.18908    0.00000                          gc
  381   5.910   -72.18908    0.00000                          gc
  382   5.914   -72.18907    0.00000                          gc
  383   5.914   -72.18907    0.00000                          gc
  384   5.919   -72.18906    0.00000                          gc
T /K                                  :   298.15
E lowest                              :   -72.19849
ensemble average energy (kcal)        :    0.161
ensemble entropy (J/mol K, cal/mol K) :   39.460    9.431
ensemble free energy (kcal/mol)       :   -2.812
population of lowest in %             :   45.347
 number of unique conformers for further calc           35
 list of relative energies saved as "crest.energies"
 Normal termination.
 
 -----------------
 Wall Time Summary
 -----------------
             test MD wall time :         0h : 1m :19s
                 MTD wall time :         0h :38m :16s
      multilevel OPT wall time :         3h : 7m : 4s
                  MD wall time :         0h :21m : 6s
                  GC wall time :         0h :15m :11s
--------------------
Overall wall time  : 4h :27m : 8s
 
 CREST terminated normally.
