      -----------------------------------------------------------      
     |                   =====================                   |     
     |                           x T B                           |     
     |                   =====================                   |     
     |                         S. Grimme                         |     
     |          Mulliken Center for Theoretical Chemistry        |     
     |                    University of Bonn                     |     
     |                Version 6.2 RC2 (SAW190805)                |     
      -----------------------------------------------------------      

   This program is distributed in the hope that it will be useful,
   but WITHOUT ANY WARRANTY; without even the implied warranty of
   MERCHANTABILITY or FITNESS FOR A PARTICULAR PURPOSE.
   
   FOR NON-COMMERCIAL, ACADEMIA USE ONLY.
   
   Cite this work as:
   * S. Grimme, C. Bannwarth, P. Shushkov, J. Chem. Theory Comput., 2017,
     13, 1989-2009. DOI: 10.1021/acs.jctc.7b00118
   * C. Bannwarth, S. Ehlert and S. Grimme., J. Chem. Theory Comput., 2019,
     15, 1652-1671. DOI: 10.1021/acs.jctc.8b01176
   * P. Pracht, E. Caldeweyher, S. Ehlert, S. Grimme, ChemRxiv, 2019, preprint.
     DOI: 10.26434/chemrxiv.8326202.v1
   
   for DFT-D4:
   * E. Caldeweyher, C. Bannwarth and S. Grimme, J. Chem. Phys., 2017,
     147, 034112. DOI: 10.1063/1.4993215
   * E. Caldeweyher, S. Ehlert, A. Hansen, H. Neugebauer, S. Spicher,
     C. Bannwarth and S. Grimme, J. Chem. Phys., 2019, 150, 154122.
     DOI: 10.1063/1.5090222
   
   for sTDA-xTB:
   * S. Grimme and C. Bannwarth, J. Chem. Phys., 2016, 145, 054103.
     DOI: 10.1063/1.4959605
   
   in the mass-spec context:
   * V. Asgeirsson, C. Bauer and S. Grimme, Chem. Sci., 2017, 8, 4879.
     DOI: 10.1039/c7sc00601b
   
   for metadynamics refer to:
   * S. Grimme, J. Chem. Theory Comput., 2019, 155, 2847-2862
     DOI: 10.1021/acs.jctc.9b00143
   
   with help from (in alphabetical order)
   C. Bannwarth, F. Bohle, G. Brandenburg, E. Caldeweyher, M. Checinski,
   S. Dohm, S. Ehlert, S. Ehrlich, F. März, H. Neugebauer, J. Pisarek,
   P. Pracht, P. Shushkov, and S. Spicher.
   
 * started run on 2021/06/21 at 20:46:23.897     

           -------------------------------------------------
          |                Calculation Setup                |
           -------------------------------------------------

          program call               : /home/atarzia/software/xtb-190806/bin/xtb /data/atarzia/projects/unsymm/screening/production/free_energy_calculations/fe_3d1_d/input_structure.xyz --gfn 2 --hess --parallel 6 --etemp 300 --gbsa dmso --chrg 4 --uhf 0 -I det_control.in
          coordinate file            : /data/atarzia/projects/unsymm/screening/production/free_energy_calculations/fe_3d1_d/input_structure.xyz
          omp threads                :                     6
          number of atoms            :                   130
          number of electrons        :                   392
          charge                     :                     4
          spin                       :                   0.0
          first test random number   :      0.81122665011988


########################################################################
# WARNING! Please study the warnings concerning your input carefully
#  - XTBHOME is not set, using HOME instead
#  - XTBPATH is not set, using XTBHOME instead
#  - Process number higher than OMP_NUM_THREADS, I hope you know what you are doing.
########################################################################

           ------------------------------------------------- 
          |                 G F N 2 - x T B                 |
          | Geometry, Frequencies, Noncovalent interactions |
          |            JCTC 2019 parametrisation            |
           ------------------------------------------------- 
             k(s)              :                1.8500
             k(p)              :                2.2300
             k(d)              :                2.2300
             k(f)              :                2.0000
             kEN (H0ij)        :               -2.0000
             D4 a1             :                0.5200
             D4 a2             :                5.0000
             D4 s6             :                1.0000
             D4 s8             :                2.7000
             D4 s9             :                5.0000
             alphaj            :                2.0000

  Z AO/shell   Hii/eV     exponent
  1     Wed Apr 25 08:07:45 CEST 2018   EN: 2.200 GM2: 0.406  GM3: 0.0800  RAES: 1.40
     1s    -10.707211    1.230000
  6     Wed Apr 25 08:07:45 CEST 2018   EN: 2.550 GM2: 0.538  GM3: 0.1500  RAES: 3.00
     2s    -13.970922    2.096432
     2p    -10.063292    1.800000
  7     Wed Apr 25 08:07:45 CEST 2018   EN: 3.040 GM2: 0.461  GM3:-0.0640  RAES: 1.90
     2s    -16.686243    2.339881
     2p    -12.523956    2.014332
 46     Wed Apr 25 16:26:58 CEST 2018   EN: 2.200 GM2: 0.273  GM3: 0.0800  RAES: 5.00
     4d    -11.963518    2.353691
     5s     -9.714059    1.828354
     5p     -2.035281    1.333352

 Solvent             : dmso
 Using internal parameter file: .param_gbsa2_dmso
 Gsolv ref. state (COSMO-RS): gsolv [1 M gas/solution]
 temperature (mdtemp)       :    298.150000000000     
 dielectric constant        :    46.6800000000000     
 rho                        :    1.10000000000000     
 mass                       :    78.1300000000000     
 surface tension            :    15.5689454083859     
 probe radius               :   0.949087640000000     
 vdW radii scaling          :    1.00000000000000     
 Gshift (Eh)                :   5.161738145414381E-003
 c1                         :    1.63948621000000     
 soset                      :   1.179665000000000E-002
 HB correction              :  T
           ------------------------------------------------- 
          |        Self-Consistent Charge Iterations        |
           ------------------------------------------------- 

          ...................................................
          :                      SETUP                      :
          :.................................................:
          :  # basis functions                 388          :
          :  # atomic orbitals                 386          :
          :  # shells                          214          :
          :  # electrons                       392          :
          :  max. iterations                   250          :
          :  Hamiltonian                  GFN2-xTB          :
          :  restarted?                      false          :
          :  GBSA solvation                   true          :
          :  PC potential                    false          :
          :  electronic temp.          300.0000000     K    :
          :  accuracy                    1.0000000          :
          :  -> integral cutoff          0.2500000E+02      :
          :  -> integral neglect         0.1000000E-07      :
          :  -> SCF convergence          0.1000000E-05 Eh   :
          :  -> wf. convergence          0.1000000E-03 e    :
          :  Broyden damping             0.4000000          :
          ...................................................

 iter      E             dE          RMSdq      gap      omega  full diag
   1   -213.0637163 -0.213064E+03  0.597E+00    2.83       0.0  T
   2   -213.4373746 -0.373658E+00  0.403E+00    2.39       1.0  T
   3   -213.3169295  0.120445E+00  0.221E+00    2.50       1.0  T
   4   -213.5748214 -0.257892E+00  0.108E+00    2.67       1.0  T
   5   -213.6478242 -0.730028E-01  0.507E-01    2.70       1.0  T
   6   -213.6758002 -0.279760E-01  0.188E-01    2.70       1.0  T
   7   -213.6772245 -0.142431E-02  0.840E-02    2.72       1.0  T
   8   -213.6772975 -0.729509E-04  0.359E-02    2.72       1.0  T
   9   -213.6773559 -0.584212E-04  0.153E-02    2.72       1.0  T
  10   -213.6773654 -0.946791E-05  0.732E-03    2.72       1.2  T
  11   -213.6773651  0.253739E-06  0.410E-03    2.72       2.1  T
  12   -213.6773662 -0.103086E-05  0.188E-03    2.72       4.7  T
  13   -213.6773662 -0.166055E-07  0.104E-03    2.72       8.4  T
  14   -213.6773662  0.429580E-08  0.660E-04    2.72      13.3  T
  15   -213.6773662 -0.131281E-07  0.334E-04    2.72      26.2  T

   *** convergence criteria satisfied after 15 iterations ***

         #    Occupation            Energy/Eh            Energy/eV
      -------------------------------------------------------------
         1        2.0000           -0.7344275             -19.9848
       ...           ...                  ...                  ...
       190        2.0000           -0.4266959             -11.6110
       191        2.0000           -0.4255316             -11.5793
       192        2.0000           -0.4254831             -11.5780
       193        2.0000           -0.4130823             -11.2405
       194        2.0000           -0.4129473             -11.2369
       195        2.0000           -0.4129448             -11.2368
       196        2.0000           -0.4128855             -11.2352 (HOMO)
       197                         -0.3129834              -8.5167 (LUMO)
       198                         -0.3129741              -8.5165
       199                         -0.3118223              -8.4851
       200                         -0.3118117              -8.4848
       201                         -0.3103280              -8.4445
       ...                                ...                  ...
       386                          1.4163148              38.5399
      -------------------------------------------------------------
                  HL-Gap            0.0999021 Eh            2.7185 eV
             Fermi-level           -0.3629345 Eh           -9.8759 eV

 SCC (total)                   0 d,  0 h,  0 min,  1.524 sec
 SCC setup                      ...        0 min,  0.112 sec (  7.354%)
 Dispersion                     ...        0 min,  0.030 sec (  1.945%)
 integral evaluation            ...        0 min,  0.224 sec ( 14.683%)
 zeroth order Hamiltonian       ...        0 min,  0.003 sec (  0.200%)
 iterations                     ...        0 min,  0.983 sec ( 64.457%)
 molecular gradient             ...        0 min,  0.165 sec ( 10.800%)
 printout                       ...        0 min,  0.008 sec (  0.556%)

         :::::::::::::::::::::::::::::::::::::::::::::::::::::
         ::                     SUMMARY                     ::
         :::::::::::::::::::::::::::::::::::::::::::::::::::::
         :: total energy            -209.848720722463 Eh    ::
         :: total w/o Gsasa/hb      -209.751458725309 Eh    ::
         :: gradient norm              0.000556103028 Eh/a0 ::
         :: HOMO-LUMO gap              2.718473944853 eV    ::
         ::.................................................::
         :: SCC energy              -213.760207560519 Eh    ::
         :: -> isotropic ES            0.661748768957 Eh    ::
         :: -> anisotropic ES         -0.085670118172 Eh    ::
         :: -> anisotropic XC          0.153180028750 Eh    ::
         :: -> dispersion             -0.185367315738 Eh    ::
         :: -> Gsolv                  -0.667093042034 Eh    ::
         ::    -> Gborn               -0.569831044881 Eh    ::
         ::    -> Gsasa               -0.088003109141 Eh    ::
         ::    -> Ghb                 -0.014420626158 Eh    ::
         ::    -> Gshift               0.005161738145 Eh    ::
         :: repulsion energy           3.906443483475 Eh    ::
         :: add. restraining           0.000000000000 Eh    ::
         :::::::::::::::::::::::::::::::::::::::::::::::::::::

           ------------------------------------------------- 
          |                Numerical Hessian                |
           ------------------------------------------------- 
step length          :   0.00500
SCC accuracy         :   0.30000
Hessian scale factor :   1.00000
frozen atoms in %    :   0.00000    0
RMS gradient         :   0.00056
estimated CPU  time     48.03 min
estimated wall time     12.95 min

writing file <hessian>.

 projected vibrational frequencies (cm-1)
eigval :       -0.00    -0.00    -0.00    -0.00     0.00     0.00
eigval :       10.23    12.39    12.49    13.26    24.75    27.71
eigval :       27.76    30.71    32.42    32.48    33.64    41.98
eigval :       44.41    44.70    44.81    55.73    58.19    61.05
eigval :       61.32    71.85    78.71    78.79    84.34    88.33
eigval :       88.50    90.58    91.22    97.68   100.65   122.43
eigval :      125.32   126.27   126.50   133.01   134.14   135.94
eigval :      135.95   140.44   147.30   148.07   153.58   153.75
eigval :      173.35   173.49   178.06   178.26   180.35   180.83
eigval :      190.21   190.50   222.53   229.82   232.15   232.17
eigval :      251.46   251.50   252.07   255.87   255.98   256.08
eigval :      265.44   267.14   273.97   274.02   275.03   278.25
eigval :      278.35   278.66   315.50   315.55   318.01   318.96
eigval :      337.56   338.40   338.42   339.69   345.74   345.88
eigval :      349.98   350.17   372.43   372.63   390.37   390.67
eigval :      398.88   398.95   401.63   401.66   424.49   424.61
eigval :      424.89   425.14   452.69   452.86   456.13   456.39
eigval :      469.90   470.88   473.77   473.78   507.78   508.75
eigval :      514.82   515.82   515.82   516.62   522.80   522.86
eigval :      524.98   525.83   525.84   525.97   590.09   591.25
eigval :      593.99   594.14   599.86   600.01   600.11   600.12
eigval :      617.54   618.24   622.68   623.54   625.99   626.01
eigval :      628.49   628.49   657.72   658.07   658.88   658.96
eigval :      666.00   666.18   670.76   670.90   678.35   678.43
eigval :      678.71   678.76   693.75   696.66   697.93   697.94
eigval :      770.17   773.02   773.72   773.89   778.31   779.85
eigval :      779.98   781.80   790.26   794.02   796.40   796.44
eigval :      802.71   803.24   803.53   803.59   847.01   847.29
eigval :      852.49   852.62   857.07   857.55   860.24   861.04
eigval :      868.82   869.05   869.12   869.71   893.15   893.22
eigval :      894.99   895.01   897.68   897.71   899.61   899.79
eigval :      904.23   905.02   905.20   905.38   911.14   913.65
eigval :      916.63   916.65   932.39   932.43   932.67   932.92
eigval :      935.35   935.60   935.73   935.81   939.07   939.14
eigval :      939.29   939.31   983.23   984.41   985.90   985.91
eigval :      996.26   997.21  1000.00  1000.00  1004.50  1004.51
eigval :     1004.53  1006.59  1082.43  1082.67  1082.72  1083.11
eigval :     1088.20  1088.28  1089.70  1089.87  1094.19  1094.29
eigval :     1094.36  1094.45  1118.65  1118.77  1118.83  1118.99
eigval :     1124.32  1124.36  1124.69  1125.26  1134.17  1134.23
eigval :     1134.92  1135.57  1156.72  1157.25  1157.47  1157.53
eigval :     1167.85  1168.77  1169.01  1170.03  1175.68  1175.73
eigval :     1178.13  1179.33  1193.02  1193.06  1193.19  1193.26
eigval :     1228.07  1228.89  1229.04  1229.76  1237.63  1237.90
eigval :     1239.59  1243.66  1249.15  1249.30  1249.44  1251.19
eigval :     1271.25  1271.48  1271.74  1271.79  1293.72  1293.83
eigval :     1295.33  1295.36  1295.94  1296.32  1297.99  1298.52
eigval :     1314.21  1314.33  1314.41  1314.45  1320.25  1320.30
eigval :     1320.61  1321.37  1370.20  1370.22  1372.17  1373.59
eigval :     1379.33  1379.37  1379.85  1380.59  1402.05  1402.10
eigval :     1402.66  1403.09  1422.25  1422.83  1422.87  1423.01
eigval :     1450.21  1450.26  1450.60  1450.95  1470.67  1470.70
eigval :     1471.23  1471.50  1526.00  1526.12  1528.75  1528.86
eigval :     1537.46  1537.77  1538.87  1538.88  1545.44  1545.45
eigval :     1546.11  1546.18  1550.15  1550.39  1550.96  1551.04
eigval :     1559.54  1559.55  1559.75  1559.85  1576.68  1576.75
eigval :     1576.81  1576.82  2313.99  2314.13  2314.21  2314.52
eigval :     2948.05  2948.34  2951.27  2951.59  2978.04  2978.44
eigval :     2980.14  2980.56  3005.97  3006.27  3007.01  3007.31
eigval :     3016.12  3017.22  3017.43  3018.22  3090.49  3090.74
eigval :     3090.93  3090.96  3101.84  3102.08  3102.43  3102.50
eigval :     3107.08  3107.27  3107.31  3107.49  3107.55  3107.75
eigval :     3108.26  3108.31  3108.52  3108.79  3108.91  3108.92
eigval :     3109.31  3109.87  3110.15  3110.45  3119.10  3119.19
eigval :     3119.32  3119.32  3119.41  3119.46  3119.63  3119.80
           -------------------------------------------------
          |                Property Printout                |
           -------------------------------------------------

    * Orbital Energies and Occupations

         #    Occupation            Energy/Eh            Energy/eV
      -------------------------------------------------------------
         1        2.0000           -0.7344304             -19.9849
       ...           ...                  ...                  ...
       184        2.0000           -0.4317132             -11.7475
       185        2.0000           -0.4293201             -11.6824
       186        2.0000           -0.4288227             -11.6689
       187        2.0000           -0.4273838             -11.6297
       188        2.0000           -0.4273760             -11.6295
       189        2.0000           -0.4271433             -11.6232
       190        2.0000           -0.4266980             -11.6110
       191        2.0000           -0.4255338             -11.5794
       192        2.0000           -0.4254852             -11.5780
       193        2.0000           -0.4130833             -11.2406
       194        2.0000           -0.4129482             -11.2369
       195        2.0000           -0.4129459             -11.2368
       196        2.0000           -0.4128865             -11.2352 (HOMO)
       197                         -0.3129848              -8.5167 (LUMO)
       198                         -0.3129757              -8.5165
       199                         -0.3118236              -8.4852
       200                         -0.3118130              -8.4849
       201                         -0.3103295              -8.4445
       202                         -0.3094460              -8.4205
       203                         -0.3077109              -8.3732
       204                         -0.3060412              -8.3278
       205                         -0.3012133              -8.1964
       206                         -0.3011975              -8.1960
       207                         -0.2995502              -8.1512
       ...                                ...                  ...
       386                          1.4163125              38.5398
      -------------------------------------------------------------
                  HL-Gap            0.0999018 Eh            2.7185 eV
             Fermi-level           -0.3629356 Eh           -9.8760 eV

     #   Z        covCN         q      C6AA      α(0)
     1  46 Pd     3.521    -0.073   273.868    34.129
     2  46 Pd     3.521    -0.073   273.865    34.129
     3   6 C      1.983    -0.005    31.184     9.018
     4   6 C      1.980    -0.029    31.834     9.112
     5   6 C      2.965     0.050    26.885     8.505
     6   6 C      2.928    -0.004    28.113     8.695
     7   6 C      2.912    -0.027    28.667     8.780
     8   6 C      2.896     0.056    26.736     8.478
     9   7 N      2.667    -0.100    23.205     7.154
    10   6 C      2.928     0.046    26.969     8.517
    11   1 H      0.926     0.090     1.881     2.145
    12   1 H      0.926     0.094     1.841     2.122
    13   1 H      0.925     0.123     1.590     1.972
    14   1 H      0.924     0.145     1.428     1.869
    15   6 C      2.971     0.040    27.094     8.538
    16   6 C      2.926    -0.022    28.561     8.764
    17   6 C      2.916    -0.025    28.618     8.772
    18   6 C      2.923    -0.025    28.630     8.775
    19   6 C      2.973    -0.001    28.047     8.687
    20   6 C      2.931    -0.041    29.007     8.833
    21   1 H      0.926     0.056     2.244     2.342
    22   1 H      0.926     0.046     2.364     2.405
    23   1 H      0.926     0.054     2.268     2.355
    24   1 H      0.926     0.086     1.916     2.165
    25   6 C      2.970     0.010    27.789     8.647
    26   6 C      2.930    -0.003    28.095     8.693
    27   6 C      2.911    -0.028    28.692     8.783
    28   6 C      2.917     0.058    26.697     8.473
    29   7 N      2.666    -0.101    23.220     7.157
    30   6 C      2.901     0.046    26.968     8.515
    31   1 H      0.926     0.086     1.920     2.167
    32   1 H      0.926     0.098     1.804     2.101
    33   1 H      0.925     0.131     1.529     1.934
    34   1 H      0.925     0.130     1.534     1.937
    35   6 C      1.983    -0.005    31.184     9.018
    36   6 C      1.980    -0.029    31.833     9.112
    37   6 C      2.965     0.050    26.885     8.505
    38   6 C      2.928    -0.004    28.113     8.695
    39   6 C      2.912    -0.027    28.667     8.780
    40   6 C      2.896     0.056    26.736     8.478
    41   7 N      2.667    -0.100    23.205     7.154
    42   6 C      2.928     0.046    26.969     8.517
    43   1 H      0.926     0.090     1.881     2.145
    44   1 H      0.926     0.094     1.841     2.122
    45   1 H      0.925     0.123     1.590     1.972
    46   1 H      0.924     0.145     1.428     1.869
    47   6 C      2.971     0.040    27.094     8.538
    48   6 C      2.926    -0.022    28.561     8.764
    49   6 C      2.916    -0.025    28.619     8.772
    50   6 C      2.923    -0.025    28.629     8.775
    51   6 C      2.973    -0.001    28.047     8.687
    52   6 C      2.931    -0.041    29.007     8.833
    53   1 H      0.926     0.056     2.244     2.343
    54   1 H      0.926     0.046     2.364     2.405
    55   1 H      0.926     0.054     2.268     2.355
    56   1 H      0.926     0.086     1.916     2.165
    57   6 C      2.970     0.010    27.789     8.647
    58   6 C      2.930    -0.003    28.095     8.693
    59   6 C      2.911    -0.028    28.693     8.784
    60   6 C      2.917     0.058    26.697     8.473
    61   7 N      2.666    -0.101    23.220     7.157
    62   6 C      2.901     0.046    26.968     8.515
    63   1 H      0.926     0.086     1.919     2.166
    64   1 H      0.926     0.098     1.804     2.101
    65   1 H      0.925     0.131     1.529     1.934
    66   1 H      0.925     0.130     1.534     1.937
    67   6 C      1.983    -0.005    31.184     9.018
    68   6 C      1.980    -0.029    31.834     9.112
    69   6 C      2.965     0.050    26.885     8.505
    70   6 C      2.928    -0.004    28.113     8.695
    71   6 C      2.912    -0.027    28.667     8.780
    72   6 C      2.896     0.056    26.736     8.478
    73   7 N      2.667    -0.100    23.204     7.154
    74   6 C      2.928     0.046    26.969     8.517
    75   1 H      0.926     0.090     1.881     2.145
    76   1 H      0.926     0.094     1.841     2.122
    77   1 H      0.925     0.123     1.590     1.972
    78   1 H      0.924     0.145     1.428     1.869
    79   6 C      2.971     0.040    27.094     8.538
    80   6 C      2.926    -0.022    28.561     8.764
    81   6 C      2.916    -0.025    28.619     8.772
    82   6 C      2.923    -0.025    28.629     8.775
    83   6 C      2.973    -0.001    28.047     8.687
    84   6 C      2.931    -0.041    29.007     8.833
    85   1 H      0.926     0.056     2.244     2.342
    86   1 H      0.926     0.046     2.364     2.405
    87   1 H      0.926     0.054     2.268     2.355
    88   1 H      0.926     0.086     1.916     2.165
    89   6 C      2.970     0.010    27.790     8.647
    90   6 C      2.930    -0.003    28.095     8.693
    91   6 C      2.911    -0.028    28.693     8.783
    92   6 C      2.917     0.058    26.697     8.473
    93   7 N      2.666    -0.101    23.219     7.157
    94   6 C      2.901     0.046    26.969     8.515
    95   1 H      0.926     0.086     1.920     2.167
    96   1 H      0.926     0.098     1.805     2.101
    97   1 H      0.925     0.131     1.529     1.934
    98   1 H      0.925     0.130     1.534     1.937
    99   6 C      1.983    -0.005    31.184     9.018
   100   6 C      1.980    -0.029    31.833     9.112
   101   6 C      2.965     0.050    26.885     8.505
   102   6 C      2.928    -0.004    28.114     8.695
   103   6 C      2.912    -0.027    28.667     8.780
   104   6 C      2.896     0.056    26.736     8.478
   105   7 N      2.667    -0.100    23.204     7.154
   106   6 C      2.928     0.046    26.969     8.517
   107   1 H      0.926     0.090     1.881     2.145
   108   1 H      0.926     0.094     1.841     2.122
   109   1 H      0.925     0.123     1.590     1.972
   110   1 H      0.924     0.145     1.428     1.869
   111   6 C      2.971     0.040    27.094     8.538
   112   6 C      2.926    -0.022    28.561     8.764
   113   6 C      2.916    -0.025    28.618     8.772
   114   6 C      2.923    -0.025    28.629     8.775
   115   6 C      2.973    -0.001    28.047     8.687
   116   6 C      2.931    -0.041    29.007     8.833
   117   1 H      0.926     0.056     2.244     2.343
   118   1 H      0.926     0.046     2.364     2.405
   119   1 H      0.926     0.054     2.268     2.355
   120   1 H      0.926     0.086     1.916     2.165
   121   6 C      2.970     0.010    27.789     8.647
   122   6 C      2.930    -0.003    28.095     8.693
   123   6 C      2.911    -0.028    28.693     8.784
   124   6 C      2.917     0.058    26.697     8.473
   125   7 N      2.666    -0.101    23.219     7.157
   126   6 C      2.901     0.046    26.969     8.515
   127   1 H      0.926     0.086     1.919     2.167
   128   1 H      0.926     0.098     1.804     2.101
   129   1 H      0.925     0.131     1.529     1.934
   130   1 H      0.925     0.130     1.534     1.937

 Mol. C6AA /au·bohr⁶  :     269134.275957
 Mol. C8AA /au·bohr⁸  :    7711763.458686
 Mol. α(0) /au        :        853.883499


Wiberg/Mayer (AO) data.
largest (>0.10) Wiberg bond orders for each atom
          total WBO             WBO to atom ...
     1  Pd  3.505        N  105 0.593    N   41 0.593    N   29 0.589    N   93 0.589
     2  Pd  3.505        N    9 0.593    N   73 0.593    N  125 0.589    N   61 0.589
     3  C   3.948        C    4 2.652    C   15 1.127
     4  C   3.953        C    3 2.652    C    5 1.133
     5  C   3.986        C   10 1.358    C    6 1.337    C    4 1.133
     6  C   3.966        C    7 1.459    C    5 1.337    H   11 0.963
     7  C   3.980        C    6 1.459    C    8 1.418    H   12 0.961
     8  C   3.932        C    7 1.418    N    9 1.351    H   13 0.918
     9  N   3.538        C   10 1.354    C    8 1.351    Pd   2 0.593
    10  C   3.952        C    5 1.358    N    9 1.354    H   14 0.896
    11  H   0.990        C    6 0.963
    12  H   0.989        C    7 0.961
    13  H   0.984        C    8 0.918
    14  H   0.978        C   10 0.896
    15  C   3.988        C   20 1.366    C   16 1.349    C    3 1.127
    16  C   3.969        C   17 1.449    C   15 1.349    H   21 0.969
    17  C   3.990        C   16 1.449    C   18 1.442    H   22 0.968    C   20 0.101
    18  C   3.955        C   17 1.442    C   19 1.372    H   23 0.966
    19  C   3.984        C   20 1.400    C   18 1.372    C   25 1.054
    20  C   3.971        C   19 1.400    C   15 1.366    H   24 0.961    C   17 0.101
    21  H   0.996        C   16 0.969
    22  H   0.996        C   17 0.968
    23  H   0.997        C   18 0.966
    24  H   0.993        C   20 0.961
    25  C   3.983        C   30 1.384    C   26 1.371    C   19 1.054
    26  C   3.979        C   27 1.446    C   25 1.371    H   31 0.961
    27  C   3.980        C   26 1.446    C   28 1.431    H   32 0.960
    28  C   3.963        C   27 1.431    N   29 1.345    H   33 0.905
    29  N   3.533        C   30 1.359    C   28 1.345    Pd   1 0.589
    30  C   3.965        C   25 1.384    N   29 1.359    H   34 0.912
    31  H   0.991        C   26 0.961
    32  H   0.989        C   27 0.960
    33  H   0.982        C   28 0.905
    34  H   0.982        C   30 0.912
    35  C   3.948        C   36 2.652    C   47 1.127
    36  C   3.954        C   35 2.652    C   37 1.133
    37  C   3.986        C   42 1.358    C   38 1.337    C   36 1.133
    38  C   3.966        C   39 1.459    C   37 1.337    H   43 0.963
    39  C   3.980        C   38 1.459    C   40 1.418    H   44 0.961
    40  C   3.932        C   39 1.418    N   41 1.351    H   45 0.918
    41  N   3.538        C   42 1.354    C   40 1.351    Pd   1 0.593
    42  C   3.952        C   37 1.358    N   41 1.354    H   46 0.896
    43  H   0.990        C   38 0.963
    44  H   0.989        C   39 0.961
    45  H   0.984        C   40 0.918
    46  H   0.978        C   42 0.896
    47  C   3.988        C   52 1.366    C   48 1.349    C   35 1.127
    48  C   3.969        C   49 1.450    C   47 1.349    H   53 0.969
    49  C   3.990        C   48 1.450    C   50 1.442    H   54 0.968    C   52 0.101
    50  C   3.955        C   49 1.442    C   51 1.372    H   55 0.966
    51  C   3.984        C   52 1.399    C   50 1.372    C   57 1.053
    52  C   3.971        C   51 1.399    C   47 1.366    H   56 0.961    C   49 0.101
    53  H   0.996        C   48 0.969
    54  H   0.996        C   49 0.968
    55  H   0.997        C   50 0.966
    56  H   0.993        C   52 0.961
    57  C   3.983        C   62 1.384    C   58 1.371    C   51 1.053
    58  C   3.979        C   59 1.446    C   57 1.371    H   63 0.961
    59  C   3.980        C   58 1.446    C   60 1.430    H   64 0.960
    60  C   3.963        C   59 1.430    N   61 1.346    H   65 0.905
    61  N   3.533        C   62 1.359    C   60 1.346    Pd   2 0.589
    62  C   3.965        C   57 1.384    N   61 1.359    H   66 0.912
    63  H   0.991        C   58 0.961
    64  H   0.989        C   59 0.960
    65  H   0.982        C   60 0.905
    66  H   0.982        C   62 0.912
    67  C   3.948        C   68 2.652    C   79 1.127
    68  C   3.953        C   67 2.652    C   69 1.133
    69  C   3.986        C   74 1.358    C   70 1.337    C   68 1.133
    70  C   3.966        C   71 1.459    C   69 1.337    H   75 0.963
    71  C   3.980        C   70 1.459    C   72 1.418    H   76 0.961
    72  C   3.932        C   71 1.418    N   73 1.351    H   77 0.918
    73  N   3.538        C   74 1.355    C   72 1.351    Pd   2 0.593
    74  C   3.952        C   69 1.358    N   73 1.355    H   78 0.896
    75  H   0.990        C   70 0.963
    76  H   0.989        C   71 0.961
    77  H   0.984        C   72 0.918
    78  H   0.978        C   74 0.896
    79  C   3.988        C   84 1.366    C   80 1.349    C   67 1.127
    80  C   3.969        C   81 1.449    C   79 1.349    H   85 0.969
    81  C   3.990        C   80 1.449    C   82 1.442    H   86 0.968    C   84 0.101
    82  C   3.955        C   81 1.442    C   83 1.372    H   87 0.966
    83  C   3.984        C   84 1.399    C   82 1.372    C   89 1.053
    84  C   3.971        C   83 1.399    C   79 1.366    H   88 0.961    C   81 0.101
    85  H   0.996        C   80 0.969
    86  H   0.996        C   81 0.968
    87  H   0.997        C   82 0.966
    88  H   0.993        C   84 0.961
    89  C   3.983        C   94 1.384    C   90 1.370    C   83 1.053
    90  C   3.979        C   91 1.446    C   89 1.370    H   95 0.961
    91  C   3.980        C   90 1.446    C   92 1.430    H   96 0.960
    92  C   3.963        C   91 1.430    N   93 1.346    H   97 0.905
    93  N   3.533        C   94 1.359    C   92 1.346    Pd   1 0.589
    94  C   3.965        C   89 1.384    N   93 1.359    H   98 0.912
    95  H   0.991        C   90 0.961
    96  H   0.989        C   91 0.960
    97  H   0.982        C   92 0.905
    98  H   0.982        C   94 0.912
    99  C   3.948        C  100 2.652    C  111 1.127
   100  C   3.954        C   99 2.652    C  101 1.133
   101  C   3.986        C  106 1.358    C  102 1.337    C  100 1.133
   102  C   3.966        C  103 1.459    C  101 1.337    H  107 0.963
   103  C   3.980        C  102 1.459    C  104 1.418    H  108 0.961
   104  C   3.932        C  103 1.418    N  105 1.351    H  109 0.918
   105  N   3.538        C  106 1.354    C  104 1.351    Pd   1 0.593
   106  C   3.952        C  101 1.358    N  105 1.354    H  110 0.896
   107  H   0.990        C  102 0.963
   108  H   0.989        C  103 0.961
   109  H   0.984        C  104 0.918
   110  H   0.978        C  106 0.896
   111  C   3.988        C  116 1.366    C  112 1.349    C   99 1.127
   112  C   3.969        C  113 1.449    C  111 1.349    H  117 0.969
   113  C   3.990        C  112 1.449    C  114 1.442    H  118 0.968    C  116 0.101
   114  C   3.955        C  113 1.442    C  115 1.372    H  119 0.966
   115  C   3.984        C  116 1.400    C  114 1.372    C  121 1.054
   116  C   3.971        C  115 1.400    C  111 1.366    H  120 0.961    C  113 0.101
   117  H   0.996        C  112 0.969
   118  H   0.996        C  113 0.968
   119  H   0.997        C  114 0.966
   120  H   0.993        C  116 0.961
   121  C   3.983        C  126 1.385    C  122 1.370    C  115 1.054
   122  C   3.979        C  123 1.446    C  121 1.370    H  127 0.961
   123  C   3.980        C  122 1.446    C  124 1.430    H  128 0.960
   124  C   3.963        C  123 1.430    N  125 1.346    H  129 0.905
   125  N   3.533        C  126 1.359    C  124 1.346    Pd   2 0.589
   126  C   3.965        C  121 1.385    N  125 1.359    H  130 0.912
   127  H   0.991        C  122 0.961
   128  H   0.989        C  123 0.960
   129  H   0.982        C  124 0.905
   130  H   0.982        C  126 0.912

molecular dipole:
                 x           y           z       tot (Debye)
 q only:        0.207      -1.707      -0.197
   full:        0.207      -1.708      -0.197       4.401
molecular quadrupole (traceless):
                xx          xy          yy          xz          yz          zz
 q only:     -120.364     -12.550     241.043       0.063       7.614    -120.679
  q+dip:     -131.321     -13.685     262.913       0.160       8.299    -131.592
   full:     -120.680     -12.584     241.636       0.112       7.635    -120.956

           -------------------------------------------------
          |               Frequency Printout                |
           -------------------------------------------------
 projected vibrational frequencies (cm-1)
eigval :       -0.00    -0.00    -0.00    -0.00     0.00     0.00
eigval :       10.23    12.39    12.49    13.26    24.75    27.71
eigval :       27.76    30.71    32.42    32.48    33.64    41.98
eigval :       44.41    44.70    44.81    55.73    58.19    61.05
eigval :       61.32    71.85    78.71    78.79    84.34    88.33
eigval :       88.50    90.58    91.22    97.68   100.65   122.43
eigval :      125.32   126.27   126.50   133.01   134.14   135.94
eigval :      135.95   140.44   147.30   148.07   153.58   153.75
eigval :      173.35   173.49   178.06   178.26   180.35   180.83
eigval :      190.21   190.50   222.53   229.82   232.15   232.17
eigval :      251.46   251.50   252.07   255.87   255.98   256.08
eigval :      265.44   267.14   273.97   274.02   275.03   278.25
eigval :      278.35   278.66   315.50   315.55   318.01   318.96
eigval :      337.56   338.40   338.42   339.69   345.74   345.88
eigval :      349.98   350.17   372.43   372.63   390.37   390.67
eigval :      398.88   398.95   401.63   401.66   424.49   424.61
eigval :      424.89   425.14   452.69   452.86   456.13   456.39
eigval :      469.90   470.88   473.77   473.78   507.78   508.75
eigval :      514.82   515.82   515.82   516.62   522.80   522.86
eigval :      524.98   525.83   525.84   525.97   590.09   591.25
eigval :      593.99   594.14   599.86   600.01   600.11   600.12
eigval :      617.54   618.24   622.68   623.54   625.99   626.01
eigval :      628.49   628.49   657.72   658.07   658.88   658.96
eigval :      666.00   666.18   670.76   670.90   678.35   678.43
eigval :      678.71   678.76   693.75   696.66   697.93   697.94
eigval :      770.17   773.02   773.72   773.89   778.31   779.85
eigval :      779.98   781.80   790.26   794.02   796.40   796.44
eigval :      802.71   803.24   803.53   803.59   847.01   847.29
eigval :      852.49   852.62   857.07   857.55   860.24   861.04
eigval :      868.82   869.05   869.12   869.71   893.15   893.22
eigval :      894.99   895.01   897.68   897.71   899.61   899.79
eigval :      904.23   905.02   905.20   905.38   911.14   913.65
eigval :      916.63   916.65   932.39   932.43   932.67   932.92
eigval :      935.35   935.60   935.73   935.81   939.07   939.14
eigval :      939.29   939.31   983.23   984.41   985.90   985.91
eigval :      996.26   997.21  1000.00  1000.00  1004.50  1004.51
eigval :     1004.53  1006.59  1082.43  1082.67  1082.72  1083.11
eigval :     1088.20  1088.28  1089.70  1089.87  1094.19  1094.29
eigval :     1094.36  1094.45  1118.65  1118.77  1118.83  1118.99
eigval :     1124.32  1124.36  1124.69  1125.26  1134.17  1134.23
eigval :     1134.92  1135.57  1156.72  1157.25  1157.47  1157.53
eigval :     1167.85  1168.77  1169.01  1170.03  1175.68  1175.73
eigval :     1178.13  1179.33  1193.02  1193.06  1193.19  1193.26
eigval :     1228.07  1228.89  1229.04  1229.76  1237.63  1237.90
eigval :     1239.59  1243.66  1249.15  1249.30  1249.44  1251.19
eigval :     1271.25  1271.48  1271.74  1271.79  1293.72  1293.83
eigval :     1295.33  1295.36  1295.94  1296.32  1297.99  1298.52
eigval :     1314.21  1314.33  1314.41  1314.45  1320.25  1320.30
eigval :     1320.61  1321.37  1370.20  1370.22  1372.17  1373.59
eigval :     1379.33  1379.37  1379.85  1380.59  1402.05  1402.10
eigval :     1402.66  1403.09  1422.25  1422.83  1422.87  1423.01
eigval :     1450.21  1450.26  1450.60  1450.95  1470.67  1470.70
eigval :     1471.23  1471.50  1526.00  1526.12  1528.75  1528.86
eigval :     1537.46  1537.77  1538.87  1538.88  1545.44  1545.45
eigval :     1546.11  1546.18  1550.15  1550.39  1550.96  1551.04
eigval :     1559.54  1559.55  1559.75  1559.85  1576.68  1576.75
eigval :     1576.81  1576.82  2313.99  2314.13  2314.21  2314.52
eigval :     2948.05  2948.34  2951.27  2951.59  2978.04  2978.44
eigval :     2980.14  2980.56  3005.97  3006.27  3007.01  3007.31
eigval :     3016.12  3017.22  3017.43  3018.22  3090.49  3090.74
eigval :     3090.93  3090.96  3101.84  3102.08  3102.43  3102.50
eigval :     3107.08  3107.27  3107.31  3107.49  3107.55  3107.75
eigval :     3108.26  3108.31  3108.52  3108.79  3108.91  3108.92
eigval :     3109.31  3109.87  3110.15  3110.45  3119.10  3119.19
eigval :     3119.32  3119.32  3119.41  3119.46  3119.63  3119.80
 reduced masses (amu)
   1: 27.54   2: 22.90   3: 26.49   4: 16.38   5: 27.65   6: 26.99   7: 11.19   8: 17.39
   9: 17.41  10: 11.25  11: 11.06  12: 12.11  13: 12.15  14: 37.53  15: 22.74  16: 22.86
  17: 11.77  18: 11.45  19: 11.44  20: 11.96  21: 12.31  22: 13.42  23: 11.05  24: 14.11
  25: 14.10  26: 20.69  27: 14.39  28: 14.35  29: 24.45  30: 11.10  31: 11.10  32: 11.33
  33: 13.60  34: 11.04  35: 13.81  36: 24.67  37: 17.16  38: 11.67  39: 11.67  40: 11.63
  41: 11.49  42: 10.85  43: 10.84  44: 10.75  45: 14.70  46: 11.38  47: 12.11  48: 12.11
  49: 15.74  50: 15.73  51: 13.75  52: 13.75  53: 11.18  54: 11.16  55: 11.28  56: 10.93
  57: 28.73  58: 33.51  59: 17.59  60: 17.62  61: 11.75  62: 11.62  63: 11.95  64: 10.71
  65: 53.23  66: 53.44  67: 25.08  68: 23.79  69: 35.57  70: 35.87  71: 14.85  72: 40.72
  73: 40.13  74: 21.72  75: 13.74  76: 13.74  77: 11.82  78: 12.78  79: 11.00  80: 11.47
  81: 11.48  82: 11.43  83: 10.64  84: 10.63  85: 11.31  86: 11.24  87:  9.94  88:  9.93
  89: 10.05  90: 10.10  91: 13.12  92: 13.13  93: 14.36  94: 14.37  95: 10.70  96: 10.70
  97: 10.50  98: 10.53  99: 11.53 100: 11.53 101: 11.68 102: 11.73 103: 11.11 104: 11.13
 105: 11.60 106: 11.61 107: 11.01 108: 11.03 109: 11.04 110: 11.45 111: 11.46 112: 11.09
 113: 12.18 114: 12.19 115: 11.61 116: 11.83 117: 11.83 118: 11.60 119: 11.28 120: 11.28
 121: 11.47 122: 11.48 123: 11.44 124: 11.44 125: 11.44 126: 11.44 127: 11.84 128: 11.85
 129: 11.83 130: 11.83 131: 12.75 132: 12.75 133: 12.79 134: 12.79 135:  9.41 136:  9.34
 137:  9.42 138:  9.42 139:  9.12 140:  9.10 141:  9.56 142:  9.57 143:  9.02 144:  9.06
 145:  8.87 146:  8.88 147: 11.41 148: 11.50 149: 11.81 150: 11.81 151:  4.73 152:  4.89
 153:  4.64 154:  4.63 155:  4.48 156:  4.88 157:  4.89 158:  4.68 159: 11.52 160: 11.24
 161: 11.09 162: 11.13 163:  5.54 164:  5.43 165:  5.65 166:  5.81 167:  3.99 168:  3.98
 169:  3.84 170:  3.84 171:  3.89 172:  3.89 173:  3.75 174:  3.75 175:  3.76 176:  3.77
 177:  3.77 178:  3.79 179:  3.82 180:  3.82 181:  3.79 182:  3.80 183:  3.80 184:  3.79
 185:  3.77 186:  3.77 187:  3.98 188:  3.99 189:  3.98 190:  3.99 191: 11.40 192: 11.43
 193: 11.48 194: 11.48 195:  3.83 196:  3.83 197:  3.83 198:  3.82 199:  3.73 200:  3.74
 201:  3.76 202:  3.74 203:  3.72 204:  3.70 205:  3.69 206:  3.70 207: 11.20 208: 11.22
 209: 11.23 210: 11.23 211: 10.92 212: 10.77 213: 11.02 214: 11.02 215: 10.63 216: 10.68
 217: 10.63 218: 10.51 219:  6.34 220:  6.08 221:  6.11 222:  6.40 223:  6.46 224:  6.47
 225:  6.63 226:  7.05 227:  7.92 228:  8.02 229:  7.76 230:  7.38 231:  3.77 232:  3.77
 233:  3.78 234:  3.78 235:  3.66 236:  3.66 237:  3.70 238:  3.66 239:  4.45 240:  4.46
 241:  4.42 242:  4.37 243:  7.47 244:  6.97 245:  7.38 246:  7.38 247:  1.99 248:  2.15
 249:  2.13 250:  2.91 251:  2.33 252:  2.30 253:  2.01 254:  2.30 255:  1.89 256:  1.89
 257:  1.88 258:  1.89 259:  3.14 260:  3.10 261:  3.10 262:  3.07 263:  3.17 264:  3.19
 265:  3.70 266:  3.37 267:  4.33 268:  4.25 269:  4.25 270:  3.96 271:  7.15 272:  7.23
 273:  7.27 274:  7.26 275: 12.26 276: 12.26 277: 12.26 278: 12.26 279: 12.27 280: 12.27
 281: 12.18 282: 12.18 283: 11.78 284: 11.79 285: 11.78 286: 11.78 287:  9.17 288:  9.16
 289:  9.23 290:  9.22 291: 10.10 292: 10.11 293: 10.12 294: 10.06 295: 10.27 296: 10.27
 297: 10.12 298: 10.06 299:  9.56 300:  9.56 301:  9.60 302:  9.58 303:  9.43 304:  9.41
 305:  9.41 306:  9.34 307: 10.67 308: 10.67 309: 10.70 310: 10.66 311: 10.38 312: 10.38
 313: 10.41 314: 10.41 315: 11.58 316: 11.58 317: 11.60 318: 11.60 319: 11.57 320: 11.57
 321: 11.59 322: 11.59 323: 11.71 324: 11.71 325: 11.75 326: 11.75 327: 11.65 328: 11.65
 329: 11.63 330: 11.63 331: 11.52 332: 11.52 333: 11.53 334: 11.54 335: 11.57 336: 11.58
 337: 11.57 338: 11.58 339: 12.01 340: 12.01 341: 12.01 342: 12.01 343:  1.86 344:  1.86
 345:  1.86 346:  1.86 347:  1.86 348:  1.86 349:  1.86 350:  1.86 351:  1.84 352:  1.84
 353:  1.84 354:  1.84 355:  1.85 356:  1.85 357:  1.85 358:  1.85 359:  1.78 360:  1.78
 361:  1.78 362:  1.78 363:  1.84 364:  1.84 365:  1.84 366:  1.84 367:  1.87 368:  1.82
 369:  1.86 370:  1.87 371:  1.86 372:  1.82 373:  1.82 374:  1.82 375:  1.85 376:  1.85
 377:  1.84 378:  1.85 379:  1.83 380:  1.83 381:  1.83 382:  1.83 383:  1.90 384:  1.90
 385:  1.90 386:  1.90 387:  1.90 388:  1.90 389:  1.90 390:  1.90
 IR intensities (amu)
   1:  0.74   2:  0.57   3:  0.16   4:  0.25   5:  0.52   6:  0.53   7:  0.02   8:  0.51
   9:  0.51  10:  0.05  11:  0.00  12:  0.10  13:  0.10  14:  0.00  15:  0.06  16:  0.07
  17:  0.00  18:  0.01  19:  0.08  20:  0.11  21:  0.13  22:  0.00  23:  0.05  24:  0.15
  25:  0.15  26:  0.07  27:  0.32  28:  0.32  29:  0.05  30:  0.15  31:  0.15  32:  0.01
  33:  0.06  34:  0.00  35:  0.06  36:  0.00  37:  0.00  38:  0.06  39:  0.06  40:  0.11
  41:  0.01  42:  0.13  43:  0.13  44:  0.10  45:  0.04  46:  0.00  47:  0.21  48:  0.22
  49:  0.69  50:  0.69  51:  0.22  52:  0.22  53:  0.02  54:  0.00  55:  0.01  56:  0.10
  57:  0.00  58:  0.15  59:  0.33  60:  0.33  61:  0.08  62:  0.08  63:  0.03  64:  0.05
  65:  0.89  66:  0.90  67:  0.24  68:  0.00  69:  0.91  70:  0.91  71:  0.08  72:  0.90
  73:  0.90  74:  0.13  75:  0.32  76:  0.32  77:  0.01  78:  0.07  79:  0.01  80:  0.09
  81:  0.09  82:  0.15  83:  0.22  84:  0.22  85:  0.07  86:  0.10  87:  0.00  88:  0.04
  89:  0.00  90:  0.01  91:  0.21  92:  0.21  93:  0.34  94:  0.33  95:  0.13  96:  0.13
  97:  0.03  98:  0.10  99:  0.10 100:  0.10 101:  0.04 102:  0.12 103:  0.00 104:  0.02
 105:  0.13 106:  0.13 107:  0.02 108:  0.00 109:  0.11 110:  0.10 111:  0.10 112:  0.00
 113:  0.12 114:  0.12 115:  0.01 116:  0.09 117:  0.11 118:  0.49 119:  0.00 120:  0.01
 121:  0.10 122:  0.10 123:  0.01 124:  0.26 125:  0.18 126:  0.18 127:  0.00 128:  0.07
 129:  0.26 130:  0.00 131:  0.39 132:  0.39 133:  0.44 134:  0.45 135:  0.03 136:  0.01
 137:  0.11 138:  0.11 139:  0.05 140:  0.07 141:  0.24 142:  0.23 143:  0.06 144:  0.13
 145:  0.27 146:  0.27 147:  0.08 148:  0.01 149:  0.49 150:  0.49 151:  0.08 152:  0.04
 153:  0.23 154:  0.23 155:  0.04 156:  0.42 157:  0.42 158:  0.06 159:  0.00 160:  0.19
 161:  0.10 162:  0.09 163:  0.09 164:  0.06 165:  0.06 166:  0.07 167:  0.03 168:  0.02
 169:  0.05 170:  0.05 171:  0.09 172:  0.09 173:  0.01 174:  0.05 175:  0.12 176:  0.10
 177:  0.10 178:  0.02 179:  0.02 180:  0.05 181:  0.01 182:  0.01 183:  0.02 184:  0.02
 185:  0.12 186:  0.01 187:  0.06 188:  0.05 189:  0.08 190:  0.09 191:  0.09 192:  0.00
 193:  0.67 194:  0.67 195:  0.02 196:  0.03 197:  0.03 198:  0.03 199:  0.05 200:  0.05
 201:  0.05 202:  0.05 203:  0.06 204:  0.06 205:  0.07 206:  0.06 207:  0.00 208:  0.11
 209:  0.25 210:  0.25 211:  0.00 212:  0.36 213:  0.20 214:  0.20 215:  0.17 216:  0.22
 217:  0.17 218:  0.00 219:  0.04 220:  0.12 221:  0.11 222:  0.12 223:  0.53 224:  0.53
 225:  0.40 226:  0.07 227:  0.51 228:  0.53 229:  0.49 230:  0.19 231:  0.15 232:  0.39
 233:  0.31 234:  0.28 235:  0.34 236:  0.34 237:  0.06 238:  0.07 239:  0.05 240:  0.05
 241:  0.21 242:  0.02 243:  0.08 244:  1.13 245:  0.53 246:  0.54 247:  0.02 248:  0.14
 249:  0.13 250:  0.25 251:  0.27 252:  0.26 253:  0.42 254:  0.01 255:  0.13 256:  0.13
 257:  0.14 258:  0.12 259:  0.01 260:  0.22 261:  0.23 262:  0.12 263:  0.12 264:  0.13
 265:  0.17 266:  0.00 267:  0.49 268:  0.37 269:  0.36 270:  0.04 271:  0.08 272:  0.13
 273:  0.88 274:  0.87 275:  0.20 276:  0.19 277:  0.30 278:  0.30 279:  0.03 280:  0.21
 281:  0.40 282:  0.01 283:  0.11 284:  0.11 285:  0.11 286:  0.12 287:  0.13 288:  0.13
 289:  0.01 290:  0.05 291:  0.44 292:  0.44 293:  0.36 294:  0.01 295:  0.22 296:  0.22
 297:  0.02 298:  0.57 299:  0.24 300:  0.24 301:  0.05 302:  0.81 303:  0.59 304:  0.20
 305:  0.20 306:  0.05 307:  0.09 308:  0.11 309:  0.14 310:  1.97 311:  0.28 312:  0.28
 313:  0.06 314:  0.02 315:  0.17 316:  0.14 317:  0.66 318:  0.65 319:  0.55 320:  0.02
 321:  0.67 322:  0.67 323:  0.14 324:  0.22 325:  2.38 326:  0.19 327:  0.23 328:  0.89
 329:  0.29 330:  0.28 331:  0.12 332:  0.15 333:  0.09 334:  0.23 335:  0.17 336:  0.13
 337:  0.23 338:  0.21 339:  1.06 340:  1.01 341:  1.15 342:  3.52 343:  0.03 344:  0.03
 345:  0.06 346:  0.13 347:  0.07 348:  0.07 349:  0.11 350:  0.14 351:  0.04 352:  0.04
 353:  0.08 354:  0.13 355:  0.07 356:  0.04 357:  0.14 358:  0.15 359:  0.16 360:  0.15
 361:  0.15 362:  0.15 363:  0.15 364:  0.16 365:  0.14 366:  0.16 367:  0.23 368:  0.05
 369:  0.20 370:  0.28 371:  0.26 372:  0.10 373:  0.04 374:  0.02 375:  0.26 376:  0.19
 377:  0.26 378:  0.35 379:  0.05 380:  0.03 381:  0.03 382:  0.02 383:  0.02 384:  0.01
 385:  0.02 386:  0.02 387:  0.02 388:  0.02 389:  0.02 390:  0.02
 Raman intensities (amu)
   1:  0.00   2:  0.00   3:  0.00   4:  0.00   5:  0.00   6:  0.00   7:  0.00   8:  0.00
   9:  0.00  10:  0.00  11:  0.00  12:  0.00  13:  0.00  14:  0.00  15:  0.00  16:  0.00
  17:  0.00  18:  0.00  19:  0.00  20:  0.00  21:  0.00  22:  0.00  23:  0.00  24:  0.00
  25:  0.00  26:  0.00  27:  0.00  28:  0.00  29:  0.00  30:  0.00  31:  0.00  32:  0.00
  33:  0.00  34:  0.00  35:  0.00  36:  0.00  37:  0.00  38:  0.00  39:  0.00  40:  0.00
  41:  0.00  42:  0.00  43:  0.00  44:  0.00  45:  0.00  46:  0.00  47:  0.00  48:  0.00
  49:  0.00  50:  0.00  51:  0.00  52:  0.00  53:  0.00  54:  0.00  55:  0.00  56:  0.00
  57:  0.00  58:  0.00  59:  0.00  60:  0.00  61:  0.00  62:  0.00  63:  0.00  64:  0.00
  65:  0.00  66:  0.00  67:  0.00  68:  0.00  69:  0.00  70:  0.00  71:  0.00  72:  0.00
  73:  0.00  74:  0.00  75:  0.00  76:  0.00  77:  0.00  78:  0.00  79:  0.00  80:  0.00
  81:  0.00  82:  0.00  83:  0.00  84:  0.00  85:  0.00  86:  0.00  87:  0.00  88:  0.00
  89:  0.00  90:  0.00  91:  0.00  92:  0.00  93:  0.00  94:  0.00  95:  0.00  96:  0.00
  97:  0.00  98:  0.00  99:  0.00 100:  0.00 101:  0.00 102:  0.00 103:  0.00 104:  0.00
 105:  0.00 106:  0.00 107:  0.00 108:  0.00 109:  0.00 110:  0.00 111:  0.00 112:  0.00
 113:  0.00 114:  0.00 115:  0.00 116:  0.00 117:  0.00 118:  0.00 119:  0.00 120:  0.00
 121:  0.00 122:  0.00 123:  0.00 124:  0.00 125:  0.00 126:  0.00 127:  0.00 128:  0.00
 129:  0.00 130:  0.00 131:  0.00 132:  0.00 133:  0.00 134:  0.00 135:  0.00 136:  0.00
 137:  0.00 138:  0.00 139:  0.00 140:  0.00 141:  0.00 142:  0.00 143:  0.00 144:  0.00
 145:  0.00 146:  0.00 147:  0.00 148:  0.00 149:  0.00 150:  0.00 151:  0.00 152:  0.00
 153:  0.00 154:  0.00 155:  0.00 156:  0.00 157:  0.00 158:  0.00 159:  0.00 160:  0.00
 161:  0.00 162:  0.00 163:  0.00 164:  0.00 165:  0.00 166:  0.00 167:  0.00 168:  0.00
 169:  0.00 170:  0.00 171:  0.00 172:  0.00 173:  0.00 174:  0.00 175:  0.00 176:  0.00
 177:  0.00 178:  0.00 179:  0.00 180:  0.00 181:  0.00 182:  0.00 183:  0.00 184:  0.00
 185:  0.00 186:  0.00 187:  0.00 188:  0.00 189:  0.00 190:  0.00 191:  0.00 192:  0.00
 193:  0.00 194:  0.00 195:  0.00 196:  0.00 197:  0.00 198:  0.00 199:  0.00 200:  0.00
 201:  0.00 202:  0.00 203:  0.00 204:  0.00 205:  0.00 206:  0.00 207:  0.00 208:  0.00
 209:  0.00 210:  0.00 211:  0.00 212:  0.00 213:  0.00 214:  0.00 215:  0.00 216:  0.00
 217:  0.00 218:  0.00 219:  0.00 220:  0.00 221:  0.00 222:  0.00 223:  0.00 224:  0.00
 225:  0.00 226:  0.00 227:  0.00 228:  0.00 229:  0.00 230:  0.00 231:  0.00 232:  0.00
 233:  0.00 234:  0.00 235:  0.00 236:  0.00 237:  0.00 238:  0.00 239:  0.00 240:  0.00
 241:  0.00 242:  0.00 243:  0.00 244:  0.00 245:  0.00 246:  0.00 247:  0.00 248:  0.00
 249:  0.00 250:  0.00 251:  0.00 252:  0.00 253:  0.00 254:  0.00 255:  0.00 256:  0.00
 257:  0.00 258:  0.00 259:  0.00 260:  0.00 261:  0.00 262:  0.00 263:  0.00 264:  0.00
 265:  0.00 266:  0.00 267:  0.00 268:  0.00 269:  0.00 270:  0.00 271:  0.00 272:  0.00
 273:  0.00 274:  0.00 275:  0.00 276:  0.00 277:  0.00 278:  0.00 279:  0.00 280:  0.00
 281:  0.00 282:  0.00 283:  0.00 284:  0.00 285:  0.00 286:  0.00 287:  0.00 288:  0.00
 289:  0.00 290:  0.00 291:  0.00 292:  0.00 293:  0.00 294:  0.00 295:  0.00 296:  0.00
 297:  0.00 298:  0.00 299:  0.00 300:  0.00 301:  0.00 302:  0.00 303:  0.00 304:  0.00
 305:  0.00 306:  0.00 307:  0.00 308:  0.00 309:  0.00 310:  0.00 311:  0.00 312:  0.00
 313:  0.00 314:  0.00 315:  0.00 316:  0.00 317:  0.00 318:  0.00 319:  0.00 320:  0.00
 321:  0.00 322:  0.00 323:  0.00 324:  0.00 325:  0.00 326:  0.00 327:  0.00 328:  0.00
 329:  0.00 330:  0.00 331:  0.00 332:  0.00 333:  0.00 334:  0.00 335:  0.00 336:  0.00
 337:  0.00 338:  0.00 339:  0.00 340:  0.00 341:  0.00 342:  0.00 343:  0.00 344:  0.00
 345:  0.00 346:  0.00 347:  0.00 348:  0.00 349:  0.00 350:  0.00 351:  0.00 352:  0.00
 353:  0.00 354:  0.00 355:  0.00 356:  0.00 357:  0.00 358:  0.00 359:  0.00 360:  0.00
 361:  0.00 362:  0.00 363:  0.00 364:  0.00 365:  0.00 366:  0.00 367:  0.00 368:  0.00
 369:  0.00 370:  0.00 371:  0.00 372:  0.00 373:  0.00 374:  0.00 375:  0.00 376:  0.00
 377:  0.00 378:  0.00 379:  0.00 380:  0.00 381:  0.00 382:  0.00 383:  0.00 384:  0.00
 385:  0.00 386:  0.00 387:  0.00 388:  0.00 389:  0.00 390:  0.00
 output can be read by thermo (or use thermo option).
 writing <g98.out> molden fake output.
 recommended (thermochemical) frequency scaling factor: 1.0
           -------------------------------------------------
          |             Thermodynamic Functions             |
           -------------------------------------------------

Molecule has the following symmetry elements: (C2) (S4) 
It seems to be the S4 point group
S4  symmetry found (for desy threshold:  0.10E+00) used in thermo

          ...................................................
          :                      SETUP                      :
          :.................................................:
          :  # frequencies                         384      :
          :  # imaginary freq.                       0      :
          :  linear?                             false      :
          :  only rotor calc.                    false      :
          :  symmetry                               S4      :
          :  rotational number                       1      :
          :  scaling factor                  1.0000000      :
          :  rotor cutoff                   50.0000000 cm⁻¹ :
          :  imag. cutoff                  -20.0000000 cm⁻¹ :
          :.................................................:

    mode    ω/cm⁻¹     T·S(HO)/kcal·mol⁻¹    T·S(FR)/kcal·mol⁻¹   T·S(vib)
   ------------------------------------------------------------------------
       1     10.23    -2.37491 (  0.18%)    -1.52653 ( 99.82%)    -1.52801
       2     12.39    -2.26151 (  0.38%)    -1.46982 ( 99.62%)    -1.47279
       3     12.49    -2.25655 (  0.39%)    -1.46733 ( 99.61%)    -1.47040
       4     13.26    -2.22154 (  0.49%)    -1.44982 ( 99.51%)    -1.45362
       5     24.75    -1.85175 (  5.67%)    -1.26481 ( 94.33%)    -1.29807
       6     27.71    -1.78502 (  8.62%)    -1.23140 ( 91.38%)    -1.27912
       7     27.76    -1.78392 (  8.68%)    -1.23085 ( 91.32%)    -1.27885
       8     30.71    -1.72429 ( 12.45%)    -1.20099 ( 87.55%)    -1.26615
       9     32.42    -1.69218 ( 15.02%)    -1.18490 ( 84.98%)    -1.26109
      10     32.48    -1.69110 ( 15.11%)    -1.18436 ( 84.89%)    -1.26094
      11     33.64    -1.67039 ( 17.00%)    -1.17398 ( 83.00%)    -1.25837
      12     41.98    -1.53941 ( 33.20%)    -1.10831 ( 66.80%)    -1.25145
      13     44.41    -1.50621 ( 38.37%)    -1.09165 ( 61.63%)    -1.25070
      14     44.70    -1.50242 ( 38.98%)    -1.08975 ( 61.02%)    -1.25059
      15     44.81    -1.50091 ( 39.22%)    -1.08899 ( 60.78%)    -1.25054
      16     55.73    -1.37233 ( 60.69%)    -1.02439 ( 39.31%)    -1.23555
      17     58.19    -1.34691 ( 64.72%)    -1.01160 ( 35.28%)    -1.22863
      18     61.05    -1.31874 ( 68.96%)    -0.99741 ( 31.04%)    -1.21901
      19     61.32    -1.31608 ( 69.35%)    -0.99608 ( 30.65%)    -1.21800
      20     71.85    -1.22302 ( 81.00%)    -0.94914 ( 19.00%)    -1.17099
      21     78.71    -1.16961 ( 85.99%)    -0.92215 ( 14.01%)    -1.13495
      22     78.79    -1.16898 ( 86.05%)    -0.92183 ( 13.95%)    -1.13449
      23     84.34    -1.12914 ( 89.01%)    -0.90165 ( 10.99%)    -1.10414
      24     88.33    -1.10215 ( 90.69%)    -0.88796 (  9.31%)    -1.08221
      25     88.50    -1.10103 ( 90.76%)    -0.88739 (  9.24%)    -1.08128
      26     90.58    -1.08753 ( 91.50%)    -0.88053 (  8.50%)    -1.06994
      27     91.22    -1.08341 ( 91.72%)    -0.87844 (  8.28%)    -1.06644
      28     97.68    -1.04352 ( 93.58%)    -0.85815 (  6.42%)    -1.03162
      29    100.65    -1.02611 ( 94.26%)    -0.84928 (  5.74%)    -1.01596
      30    122.43    -0.91281 ( 97.29%)    -0.79125 (  2.71%)    -0.90952
      31    125.32    -0.89939 ( 97.53%)    -0.78434 (  2.47%)    -0.89655
      32    126.27    -0.89507 ( 97.60%)    -0.78211 (  2.40%)    -0.89236
      33    126.50    -0.89403 ( 97.62%)    -0.78158 (  2.38%)    -0.89135
      34    133.01    -0.86524 ( 98.04%)    -0.76670 (  1.96%)    -0.86331
      35    134.14    -0.86041 ( 98.11%)    -0.76420 (  1.89%)    -0.85859
      36    135.94    -0.85279 ( 98.20%)    -0.76026 (  1.80%)    -0.85113
      37    135.95    -0.85273 ( 98.20%)    -0.76023 (  1.80%)    -0.85107
      38    140.44    -0.83417 ( 98.42%)    -0.75060 (  1.58%)    -0.83285
      39    147.30    -0.80703 ( 98.69%)    -0.73647 (  1.31%)    -0.80611
      40    148.07    -0.80406 ( 98.72%)    -0.73492 (  1.28%)    -0.80317
      41    153.58    -0.78337 ( 98.89%)    -0.72411 (  1.11%)    -0.78271
      42    153.75    -0.78274 ( 98.89%)    -0.72379 (  1.11%)    -0.78209
      43    173.35    -0.71522 ( 99.31%)    -0.68824 (  0.69%)    -0.71503
      44    173.49    -0.71476 ( 99.31%)    -0.68799 (  0.69%)    -0.71457
      45    178.06    -0.70025 ( 99.38%)    -0.68029 (  0.62%)    -0.70012
      46    178.26    -0.69963 ( 99.38%)    -0.67996 (  0.62%)    -0.69951
      47    180.35    -0.69314 ( 99.41%)    -0.67651 (  0.59%)    -0.69305
      48    180.83    -0.69165 ( 99.42%)    -0.67571 (  0.58%)    -0.69155
      49    190.21    -0.66361 ( 99.52%)    -0.66074 (  0.48%)    -0.66360
      50    190.50    -0.66278 ( 99.53%)    -0.66029 (  0.47%)    -0.66277
      51    222.53    -0.57793 ( 99.75%)    -0.61425 (  0.25%)    -0.57803
      52    229.82    -0.56062 ( 99.78%)    -0.60469 (  0.22%)    -0.56072
      53    232.15    -0.55523 ( 99.79%)    -0.60171 (  0.21%)    -0.55533
      54    232.17    -0.55518 ( 99.79%)    -0.60168 (  0.21%)    -0.55528
      55    251.46    -0.51292 ( 99.84%)    -0.57805 (  0.16%)    -0.51302
      56    251.50    -0.51282 ( 99.84%)    -0.57799 (  0.16%)    -0.51292
      57    252.07    -0.51165 ( 99.85%)    -0.57733 (  0.15%)    -0.51175
      58    255.87    -0.50381 ( 99.85%)    -0.57289 (  0.15%)    -0.50391
      59    255.98    -0.50359 ( 99.85%)    -0.57277 (  0.15%)    -0.50369
      60    256.08    -0.50338 ( 99.85%)    -0.57265 (  0.15%)    -0.50348
      61    265.44    -0.48470 ( 99.87%)    -0.56201 (  0.13%)    -0.48480
      62    267.14    -0.48140 ( 99.88%)    -0.56012 (  0.12%)    -0.48150
      63    273.97    -0.46841 ( 99.89%)    -0.55265 (  0.11%)    -0.46850
      64    274.02    -0.46830 ( 99.89%)    -0.55259 (  0.11%)    -0.46840
      65    275.03    -0.46642 ( 99.89%)    -0.55150 (  0.11%)    -0.46651
      66    278.25    -0.46045 ( 99.90%)    -0.54805 (  0.10%)    -0.46055
      67    278.35    -0.46027 ( 99.90%)    -0.54794 (  0.10%)    -0.46036
      68    278.66    -0.45972 ( 99.90%)    -0.54762 (  0.10%)    -0.45981
   ------------------------------------------------------------------------

   temp. (K)  partition function   enthalpy   heat capacity  entropy
                                   cal/mol     cal/K/mol   cal/K/mol   J/K/mol
 298.15  VIB  0.581E+34            43145.471    275.393    271.548
         ROT  0.350E+09              888.752      2.981     42.075
         INT  0.203E+43            44034.223    278.374    313.623
         TR   0.421E+29             1481.254      4.968     47.197
         TOT                       45515.4768   283.3423   360.8199  1509.6705

       T/K    H(0)-H(T)+PV         H(T)/Eh          T*S/Eh         G(T)/Eh
   ------------------------------------------------------------------------
    298.15    0.725335E-01    0.103673E+01    0.171437E+00    0.865297E+00
   ------------------------------------------------------------------------

         :::::::::::::::::::::::::::::::::::::::::::::::::::::
         ::                  THERMODYNAMIC                  ::
         :::::::::::::::::::::::::::::::::::::::::::::::::::::
         :: total free energy        -208.983424014098 Eh   ::
         ::.................................................::
         :: total energy             -209.848720850253 Eh   ::
         :: zero point energy           0.964200491858 Eh   ::
         :: G(RRHO) w/o ZPVE           -0.098903655703 Eh   ::
         :: G(RRHO) contrib.            0.865296836155 Eh   ::
         :::::::::::::::::::::::::::::::::::::::::::::::::::::

           -------------------------------------------------
          | TOTAL ENERGY             -209.848720850253 Eh   |
          | TOTAL ENTHALPY           -208.811986829181 Eh   |
          | TOTAL FREE ENERGY        -208.983424014098 Eh   |
          | GRADIENT NORM               0.000555503685 Eh/α |
          | HOMO-LUMO GAP               2.718465210745 eV   |
           -------------------------------------------------

------------------------------------------------------------------------
 * finished run on 2021/06/21 at 20:53:04.912     
------------------------------------------------------------------------
 total:
 * wall-time:     0 d,  0 h,  6 min, 41.015 sec
 *  cpu-time:     0 d,  0 h, 24 min, 41.642 sec
 * ratio c/w:     3.695 speedup
 SCF:
 * wall-time:     0 d,  0 h,  0 min,  1.526 sec
 *  cpu-time:     0 d,  0 h,  0 min,  4.998 sec
 * ratio c/w:     3.275 speedup
 numerical hessian:
 * wall-time:     0 d,  0 h,  6 min, 38.295 sec
 *  cpu-time:     0 d,  0 h, 24 min, 35.401 sec
 * ratio c/w:     3.704 speedup

