      -----------------------------------------------------------      
     |                   =====================                   |     
     |                           x T B                           |     
     |                   =====================                   |     
     |                         S. Grimme                         |     
     |          Mulliken Center for Theoretical Chemistry        |     
     |                    University of Bonn                     |     
     |                Version 6.2 RC2 (SAW190805)                |     
      -----------------------------------------------------------      

   This program is distributed in the hope that it will be useful,
   but WITHOUT ANY WARRANTY; without even the implied warranty of
   MERCHANTABILITY or FITNESS FOR A PARTICULAR PURPOSE.
   
   FOR NON-COMMERCIAL, ACADEMIA USE ONLY.
   
   Cite this work as:
   * S. Grimme, C. Bannwarth, P. Shushkov, J. Chem. Theory Comput., 2017,
     13, 1989-2009. DOI: 10.1021/acs.jctc.7b00118
   * C. Bannwarth, S. Ehlert and S. Grimme., J. Chem. Theory Comput., 2019,
     15, 1652-1671. DOI: 10.1021/acs.jctc.8b01176
   * P. Pracht, E. Caldeweyher, S. Ehlert, S. Grimme, ChemRxiv, 2019, preprint.
     DOI: 10.26434/chemrxiv.8326202.v1
   
   for DFT-D4:
   * E. Caldeweyher, C. Bannwarth and S. Grimme, J. Chem. Phys., 2017,
     147, 034112. DOI: 10.1063/1.4993215
   * E. Caldeweyher, S. Ehlert, A. Hansen, H. Neugebauer, S. Spicher,
     C. Bannwarth and S. Grimme, J. Chem. Phys., 2019, 150, 154122.
     DOI: 10.1063/1.5090222
   
   for sTDA-xTB:
   * S. Grimme and C. Bannwarth, J. Chem. Phys., 2016, 145, 054103.
     DOI: 10.1063/1.4959605
   
   in the mass-spec context:
   * V. Asgeirsson, C. Bauer and S. Grimme, Chem. Sci., 2017, 8, 4879.
     DOI: 10.1039/c7sc00601b
   
   for metadynamics refer to:
   * S. Grimme, J. Chem. Theory Comput., 2019, 155, 2847-2862
     DOI: 10.1021/acs.jctc.9b00143
   
   with help from (in alphabetical order)
   C. Bannwarth, F. Bohle, G. Brandenburg, E. Caldeweyher, M. Checinski,
   S. Dohm, S. Ehlert, S. Ehrlich, F. März, H. Neugebauer, J. Pisarek,
   P. Pracht, P. Shushkov, and S. Spicher.
   
 * started run on 2021/06/21 at 20:39:59.496     

           -------------------------------------------------
          |                Calculation Setup                |
           -------------------------------------------------

          program call               : /home/atarzia/software/xtb-190806/bin/xtb /data/atarzia/projects/unsymm/screening/production/free_energy_calculations/fe_3d1_c/input_structure.xyz --gfn 2 --hess --parallel 6 --etemp 300 --gbsa dmso --chrg 4 --uhf 0 -I det_control.in
          coordinate file            : /data/atarzia/projects/unsymm/screening/production/free_energy_calculations/fe_3d1_c/input_structure.xyz
          omp threads                :                     6
          number of atoms            :                   130
          number of electrons        :                   392
          charge                     :                     4
          spin                       :                   0.0
          first test random number   :      0.48955901368173


########################################################################
# WARNING! Please study the warnings concerning your input carefully
#  - XTBHOME is not set, using HOME instead
#  - XTBPATH is not set, using XTBHOME instead
#  - Process number higher than OMP_NUM_THREADS, I hope you know what you are doing.
########################################################################

           ------------------------------------------------- 
          |                 G F N 2 - x T B                 |
          | Geometry, Frequencies, Noncovalent interactions |
          |            JCTC 2019 parametrisation            |
           ------------------------------------------------- 
             k(s)              :                1.8500
             k(p)              :                2.2300
             k(d)              :                2.2300
             k(f)              :                2.0000
             kEN (H0ij)        :               -2.0000
             D4 a1             :                0.5200
             D4 a2             :                5.0000
             D4 s6             :                1.0000
             D4 s8             :                2.7000
             D4 s9             :                5.0000
             alphaj            :                2.0000

  Z AO/shell   Hii/eV     exponent
  1     Wed Apr 25 08:07:45 CEST 2018   EN: 2.200 GM2: 0.406  GM3: 0.0800  RAES: 1.40
     1s    -10.707211    1.230000
  6     Wed Apr 25 08:07:45 CEST 2018   EN: 2.550 GM2: 0.538  GM3: 0.1500  RAES: 3.00
     2s    -13.970922    2.096432
     2p    -10.063292    1.800000
  7     Wed Apr 25 08:07:45 CEST 2018   EN: 3.040 GM2: 0.461  GM3:-0.0640  RAES: 1.90
     2s    -16.686243    2.339881
     2p    -12.523956    2.014332
 46     Wed Apr 25 16:26:58 CEST 2018   EN: 2.200 GM2: 0.273  GM3: 0.0800  RAES: 5.00
     4d    -11.963518    2.353691
     5s     -9.714059    1.828354
     5p     -2.035281    1.333352

 Solvent             : dmso
 Using internal parameter file: .param_gbsa2_dmso
 Gsolv ref. state (COSMO-RS): gsolv [1 M gas/solution]
 temperature (mdtemp)       :    298.150000000000     
 dielectric constant        :    46.6800000000000     
 rho                        :    1.10000000000000     
 mass                       :    78.1300000000000     
 surface tension            :    15.5689454083859     
 probe radius               :   0.949087640000000     
 vdW radii scaling          :    1.00000000000000     
 Gshift (Eh)                :   5.161738145414381E-003
 c1                         :    1.63948621000000     
 soset                      :   1.179665000000000E-002
 HB correction              :  T
           ------------------------------------------------- 
          |        Self-Consistent Charge Iterations        |
           ------------------------------------------------- 

          ...................................................
          :                      SETUP                      :
          :.................................................:
          :  # basis functions                 388          :
          :  # atomic orbitals                 386          :
          :  # shells                          214          :
          :  # electrons                       392          :
          :  max. iterations                   250          :
          :  Hamiltonian                  GFN2-xTB          :
          :  restarted?                      false          :
          :  GBSA solvation                   true          :
          :  PC potential                    false          :
          :  electronic temp.          300.0000000     K    :
          :  accuracy                    1.0000000          :
          :  -> integral cutoff          0.2500000E+02      :
          :  -> integral neglect         0.1000000E-07      :
          :  -> SCF convergence          0.1000000E-05 Eh   :
          :  -> wf. convergence          0.1000000E-03 e    :
          :  Broyden damping             0.4000000          :
          ...................................................

 iter      E             dE          RMSdq      gap      omega  full diag
   1   -213.0644086 -0.213064E+03  0.596E+00    2.84       0.0  T
   2   -213.4377967 -0.373388E+00  0.402E+00    2.35       1.0  T
   3   -213.3219482  0.115849E+00  0.220E+00    2.50       1.0  T
   4   -213.5770956 -0.255147E+00  0.108E+00    2.67       1.0  T
   5   -213.6494619 -0.723663E-01  0.505E-01    2.69       1.0  T
   6   -213.6776205 -0.281586E-01  0.188E-01    2.69       1.0  T
   7   -213.6791006 -0.148005E-02  0.826E-02    2.70       1.0  T
   8   -213.6791726 -0.720346E-04  0.336E-02    2.70       1.0  T
   9   -213.6792346 -0.620083E-04  0.122E-02    2.71       1.0  T
  10   -213.6792433 -0.871158E-05  0.488E-03    2.70       1.8  T
  11   -213.6792434 -0.102226E-06  0.272E-03    2.70       3.2  T
  12   -213.6792439 -0.428114E-06  0.898E-04    2.70       9.8  T
  13   -213.6792439 -0.168181E-07  0.537E-04    2.70      16.3  T

   *** convergence criteria satisfied after 13 iterations ***

         #    Occupation            Energy/Eh            Energy/eV
      -------------------------------------------------------------
         1        2.0000           -0.7343988             -19.9840
       ...           ...                  ...                  ...
       190        2.0000           -0.4261431             -11.5959
       191        2.0000           -0.4258869             -11.5890
       192        2.0000           -0.4254915             -11.5782
       193        2.0000           -0.4131106             -11.2413
       194        2.0000           -0.4130510             -11.2397
       195        2.0000           -0.4127364             -11.2311
       196        2.0000           -0.4126775             -11.2295 (HOMO)
       197                         -0.3132835              -8.5249 (LUMO)
       198                         -0.3129089              -8.5147
       199                         -0.3126246              -8.5069
       200                         -0.3122210              -8.4960
       201                         -0.3101093              -8.4385
       ...                                ...                  ...
       386                          1.4256467              38.7938
      -------------------------------------------------------------
                  HL-Gap            0.0993941 Eh            2.7047 eV
             Fermi-level           -0.3629805 Eh           -9.8772 eV

 SCC (total)                   0 d,  0 h,  0 min,  1.133 sec
 SCC setup                      ...        0 min,  0.083 sec (  7.299%)
 Dispersion                     ...        0 min,  0.015 sec (  1.297%)
 integral evaluation            ...        0 min,  0.222 sec ( 19.555%)
 zeroth order Hamiltonian       ...        0 min,  0.003 sec (  0.258%)
 iterations                     ...        0 min,  0.601 sec ( 53.069%)
 molecular gradient             ...        0 min,  0.205 sec ( 18.103%)
 printout                       ...        0 min,  0.005 sec (  0.412%)

         :::::::::::::::::::::::::::::::::::::::::::::::::::::
         ::                     SUMMARY                     ::
         :::::::::::::::::::::::::::::::::::::::::::::::::::::
         :: total energy            -209.849728324381 Eh    ::
         :: total w/o Gsasa/hb      -209.752676881786 Eh    ::
         :: gradient norm              0.000582774258 Eh/a0 ::
         :: HOMO-LUMO gap              2.704650616813 eV    ::
         ::.................................................::
         :: SCC energy              -213.761982469664 Eh    ::
         :: -> isotropic ES            0.661820934509 Eh    ::
         :: -> anisotropic ES         -0.085515064534 Eh    ::
         :: -> anisotropic XC          0.153230947365 Eh    ::
         :: -> dispersion             -0.185607771906 Eh    ::
         :: -> Gsolv                  -0.667373744381 Eh    ::
         ::    -> Gborn               -0.570322301787 Eh    ::
         ::    -> Gsasa               -0.087900322254 Eh    ::
         ::    -> Ghb                 -0.014312858485 Eh    ::
         ::    -> Gshift               0.005161738145 Eh    ::
         :: repulsion energy           3.907227994078 Eh    ::
         :: add. restraining           0.000000000000 Eh    ::
         :::::::::::::::::::::::::::::::::::::::::::::::::::::

           ------------------------------------------------- 
          |                Numerical Hessian                |
           ------------------------------------------------- 
step length          :   0.00500
SCC accuracy         :   0.30000
Hessian scale factor :   1.00000
frozen atoms in %    :   0.00000    0
RMS gradient         :   0.00059
estimated CPU  time     51.70 min
estimated wall time     13.40 min

writing file <hessian>.

 projected vibrational frequencies (cm-1)
eigval :       -0.00    -0.00    -0.00    -0.00     0.00     0.00
eigval :        9.89    11.08    12.17    15.05    23.96    28.15
eigval :       28.72    30.95    31.15    32.67    36.09    40.78
eigval :       42.44    45.69    48.86    54.48    55.79    61.32
eigval :       63.81    71.87    76.89    79.67    83.68    85.28
eigval :       85.59    92.68    92.99    97.55    99.84   119.21
eigval :      123.84   125.81   128.64   134.58   135.71   136.58
eigval :      137.62   139.38   140.29   146.55   155.05   157.80
eigval :      172.31   173.82   176.04   176.79   182.03   182.09
eigval :      191.46   192.25   221.60   227.52   236.48   240.08
eigval :      243.67   246.34   254.70   255.17   258.59   259.33
eigval :      264.71   264.95   269.18   272.75   277.67   278.68
eigval :      280.03   283.49   315.46   317.12   317.17   319.59
eigval :      337.04   338.95   339.58   340.63   346.42   347.17
eigval :      348.52   349.30   372.38   372.69   390.59   390.79
eigval :      400.38   400.88   400.98   401.55   423.71   423.89
eigval :      425.71   425.84   453.31   453.71   454.59   455.06
eigval :      470.01   471.76   472.58   473.68   508.26   508.72
eigval :      514.10   515.24   517.54   519.30   521.13   522.69
eigval :      524.63   525.56   525.75   525.78   590.69   592.35
eigval :      592.74   593.20   599.80   599.89   600.18   600.21
eigval :      617.94   618.56   623.05   623.79   627.35   627.52
eigval :      627.89   628.08   657.68   658.18   658.74   658.98
eigval :      665.26   665.42   672.25   672.28   677.08   677.31
eigval :      679.61   679.68   693.83   696.70   697.82   698.20
eigval :      769.71   772.83   773.98   775.03   775.39   778.78
eigval :      781.04   782.87   790.38   794.31   796.19   796.68
eigval :      802.48   803.03   804.14   804.43   844.65   844.85
eigval :      854.12   854.70   856.44   857.07   861.36   862.14
eigval :      867.79   867.89   869.51   869.72   891.72   891.94
eigval :      895.66   895.83   896.91   897.04   900.50   900.66
eigval :      904.30   904.40   905.66   906.06   911.27   913.93
eigval :      916.80   916.96   931.56   931.88   932.70   932.81
eigval :      935.62   935.66   935.68   935.72   938.66   938.71
eigval :      939.30   939.49   983.22   985.09   985.35   986.10
eigval :      996.35   997.83   999.93  1000.00  1002.82  1004.21
eigval :     1005.83  1007.03  1082.20  1082.36  1083.11  1083.70
eigval :     1085.84  1085.91  1088.77  1089.27  1093.66  1093.80
eigval :     1096.47  1096.70  1117.76  1117.91  1119.76  1119.96
eigval :     1123.08  1123.31  1124.52  1125.02  1132.27  1132.57
eigval :     1134.27  1134.79  1155.55  1155.95  1157.91  1158.02
eigval :     1167.10  1168.09  1169.65  1171.46  1173.73  1174.57
eigval :     1177.75  1179.27  1191.79  1191.95  1193.48  1193.53
eigval :     1224.60  1225.00  1230.16  1232.27  1235.65  1236.79
eigval :     1240.35  1243.54  1246.54  1247.11  1252.56  1253.30
eigval :     1271.23  1271.54  1271.81  1272.08  1294.23  1294.41
eigval :     1294.67  1294.87  1296.58  1297.08  1297.70  1298.36
eigval :     1314.27  1314.38  1314.58  1314.72  1319.74  1320.33
eigval :     1320.60  1321.67  1371.29  1371.86  1372.69  1374.55
eigval :     1378.55  1378.90  1379.79  1380.24  1402.15  1402.28
eigval :     1402.33  1402.80  1421.93  1422.51  1422.87  1422.92
eigval :     1450.13  1450.31  1450.70  1451.00  1470.74  1471.12
eigval :     1471.26  1471.67  1526.36  1526.51  1527.60  1527.75
eigval :     1537.60  1538.54  1538.81  1539.36  1545.15  1545.76
eigval :     1546.23  1546.70  1550.38  1550.52  1550.87  1551.05
eigval :     1559.43  1559.60  1559.68  1559.86  1576.63  1576.67
eigval :     1576.74  1576.76  2313.35  2313.55  2313.80  2314.24
eigval :     2968.96  2969.41  2979.89  2980.66  2986.77  2987.59
eigval :     2990.11  2990.34  2992.28  2992.66  2997.83  2997.89
eigval :     3001.35  3001.57  3004.38  3004.51  3090.40  3090.49
eigval :     3090.67  3091.12  3102.05  3102.63  3102.76  3102.78
eigval :     3107.29  3107.39  3107.47  3107.62  3107.99  3108.28
eigval :     3108.54  3108.55  3108.59  3108.79  3108.86  3108.94
eigval :     3109.96  3110.25  3110.35  3110.52  3119.12  3119.14
eigval :     3119.41  3119.43  3119.65  3119.81  3119.93  3119.98
           -------------------------------------------------
          |                Property Printout                |
           -------------------------------------------------

    * Orbital Energies and Occupations

         #    Occupation            Energy/Eh            Energy/eV
      -------------------------------------------------------------
         1        2.0000           -0.7343960             -19.9839
       ...           ...                  ...                  ...
       184        2.0000           -0.4321619             -11.7597
       185        2.0000           -0.4290131             -11.6740
       186        2.0000           -0.4286427             -11.6640
       187        2.0000           -0.4280788             -11.6486
       188        2.0000           -0.4278641             -11.6428
       189        2.0000           -0.4266599             -11.6100
       190        2.0000           -0.4261389             -11.5958
       191        2.0000           -0.4258825             -11.5889
       192        2.0000           -0.4254872             -11.5781
       193        2.0000           -0.4131083             -11.2412
       194        2.0000           -0.4130487             -11.2396
       195        2.0000           -0.4127340             -11.2311
       196        2.0000           -0.4126751             -11.2295 (HOMO)
       197                         -0.3132800              -8.5248 (LUMO)
       198                         -0.3129054              -8.5146
       199                         -0.3126210              -8.5069
       200                         -0.3122174              -8.4959
       201                         -0.3101063              -8.4384
       202                         -0.3090549              -8.4098
       203                         -0.3078409              -8.3768
       204                         -0.3060058              -8.3268
       205                         -0.3010105              -8.1909
       206                         -0.3005642              -8.1788
       207                         -0.2999110              -8.1610
       ...                                ...                  ...
       386                          1.4256485              38.7939
      -------------------------------------------------------------
                  HL-Gap            0.0993951 Eh            2.7047 eV
             Fermi-level           -0.3629776 Eh           -9.8771 eV

     #   Z        covCN         q      C6AA      α(0)
     1  46 Pd     3.507    -0.068   273.634    34.115
     2  46 Pd     3.508    -0.068   273.639    34.115
     3   6 C      1.983    -0.005    31.178     9.017
     4   6 C      1.980    -0.029    31.820     9.110
     5   6 C      2.965     0.050    26.885     8.505
     6   6 C      2.929    -0.004    28.114     8.695
     7   6 C      2.912    -0.027    28.669     8.780
     8   6 C      2.904     0.057    26.717     8.475
     9   7 N      2.667    -0.107    23.342     7.175
    10   6 C      2.913     0.047    26.942     8.511
    11   1 H      0.926     0.090     1.877     2.142
    12   1 H      0.926     0.095     1.828     2.114
    13   1 H      0.925     0.125     1.574     1.962
    14   1 H      0.925     0.142     1.449     1.883
    15   6 C      2.971     0.040    27.092     8.538
    16   6 C      2.925    -0.022    28.560     8.764
    17   6 C      2.916    -0.025    28.619     8.773
    18   6 C      2.923    -0.025    28.621     8.773
    19   6 C      2.973    -0.001    28.041     8.686
    20   6 C      2.931    -0.041    29.018     8.834
    21   1 H      0.926     0.056     2.240     2.341
    22   1 H      0.926     0.046     2.367     2.406
    23   1 H      0.926     0.054     2.274     2.358
    24   1 H      0.926     0.086     1.922     2.168
    25   6 C      2.970     0.010    27.782     8.646
    26   6 C      2.930    -0.003    28.097     8.693
    27   6 C      2.911    -0.028    28.692     8.783
    28   6 C      2.906     0.057    26.726     8.477
    29   7 N      2.667    -0.095    23.109     7.140
    30   6 C      2.910     0.045    26.988     8.519
    31   1 H      0.926     0.085     1.927     2.171
    32   1 H      0.926     0.097     1.817     2.108
    33   1 H      0.925     0.128     1.552     1.948
    34   1 H      0.925     0.132     1.522     1.929
    35   6 C      1.983    -0.005    31.189     9.019
    36   6 C      1.980    -0.029    31.835     9.112
    37   6 C      2.965     0.050    26.884     8.505
    38   6 C      2.928    -0.004    28.116     8.696
    39   6 C      2.912    -0.027    28.668     8.780
    40   6 C      2.902     0.057    26.724     8.476
    41   7 N      2.668    -0.100    23.205     7.154
    42   6 C      2.919     0.045    26.993     8.520
    43   1 H      0.926     0.089     1.884     2.146
    44   1 H      0.926     0.094     1.843     2.123
    45   1 H      0.925     0.126     1.566     1.957
    46   1 H      0.925     0.141     1.452     1.884
    47   6 C      2.971     0.040    27.093     8.538
    48   6 C      2.926    -0.022    28.558     8.764
    49   6 C      2.916    -0.025    28.617     8.772
    50   6 C      2.923    -0.025    28.626     8.774
    51   6 C      2.974    -0.001    28.051     8.688
    52   6 C      2.931    -0.040    29.003     8.832
    53   1 H      0.926     0.056     2.246     2.344
    54   1 H      0.926     0.046     2.366     2.405
    55   1 H      0.926     0.054     2.264     2.353
    56   1 H      0.926     0.086     1.915     2.164
    57   6 C      2.970     0.010    27.796     8.648
    58   6 C      2.930    -0.003    28.091     8.692
    59   6 C      2.911    -0.028    28.688     8.783
    60   6 C      2.909     0.057    26.716     8.475
    61   7 N      2.666    -0.103    23.264     7.163
    62   6 C      2.905     0.047    26.956     8.513
    63   1 H      0.926     0.086     1.916     2.165
    64   1 H      0.926     0.098     1.801     2.098
    65   1 H      0.925     0.129     1.546     1.945
    66   1 H      0.925     0.134     1.505     1.918
    67   6 C      1.983    -0.005    31.177     9.017
    68   6 C      1.980    -0.029    31.820     9.110
    69   6 C      2.965     0.050    26.885     8.505
    70   6 C      2.929    -0.004    28.113     8.695
    71   6 C      2.912    -0.027    28.669     8.780
    72   6 C      2.904     0.057    26.717     8.475
    73   7 N      2.667    -0.107    23.349     7.176
    74   6 C      2.913     0.047    26.941     8.511
    75   1 H      0.926     0.090     1.876     2.142
    76   1 H      0.926     0.095     1.828     2.114
    77   1 H      0.925     0.125     1.574     1.962
    78   1 H      0.925     0.142     1.450     1.883
    79   6 C      2.971     0.040    27.093     8.538
    80   6 C      2.925    -0.022    28.560     8.764
    81   6 C      2.916    -0.025    28.618     8.772
    82   6 C      2.923    -0.025    28.622     8.773
    83   6 C      2.973    -0.001    28.042     8.686
    84   6 C      2.931    -0.041    29.019     8.834
    85   1 H      0.926     0.057     2.240     2.340
    86   1 H      0.926     0.046     2.367     2.406
    87   1 H      0.926     0.054     2.274     2.358
    88   1 H      0.926     0.086     1.922     2.168
    89   6 C      2.970     0.010    27.782     8.646
    90   6 C      2.930    -0.003    28.096     8.693
    91   6 C      2.911    -0.028    28.692     8.783
    92   6 C      2.906     0.057    26.725     8.477
    93   7 N      2.667    -0.095    23.113     7.140
    94   6 C      2.910     0.045    26.988     8.519
    95   1 H      0.926     0.085     1.927     2.171
    96   1 H      0.926     0.097     1.817     2.108
    97   1 H      0.925     0.128     1.552     1.948
    98   1 H      0.925     0.132     1.522     1.929
    99   6 C      1.983    -0.005    31.189     9.019
   100   6 C      1.980    -0.029    31.836     9.112
   101   6 C      2.965     0.050    26.883     8.505
   102   6 C      2.928    -0.004    28.116     8.696
   103   6 C      2.912    -0.027    28.667     8.780
   104   6 C      2.902     0.057    26.726     8.477
   105   7 N      2.668    -0.100    23.199     7.153
   106   6 C      2.919     0.045    26.993     8.520
   107   1 H      0.926     0.089     1.884     2.147
   108   1 H      0.926     0.094     1.843     2.123
   109   1 H      0.925     0.126     1.566     1.957
   110   1 H      0.925     0.141     1.452     1.884
   111   6 C      2.971     0.040    27.094     8.538
   112   6 C      2.926    -0.022    28.559     8.764
   113   6 C      2.916    -0.025    28.617     8.772
   114   6 C      2.923    -0.025    28.626     8.774
   115   6 C      2.974    -0.001    28.050     8.687
   116   6 C      2.931    -0.040    29.003     8.832
   117   1 H      0.926     0.056     2.246     2.344
   118   1 H      0.926     0.046     2.366     2.406
   119   1 H      0.926     0.054     2.265     2.353
   120   1 H      0.926     0.086     1.915     2.164
   121   6 C      2.970     0.010    27.795     8.648
   122   6 C      2.930    -0.003    28.091     8.692
   123   6 C      2.911    -0.028    28.689     8.783
   124   6 C      2.909     0.057    26.717     8.476
   125   7 N      2.666    -0.102    23.255     7.162
   126   6 C      2.905     0.046    26.957     8.513
   127   1 H      0.926     0.086     1.917     2.165
   128   1 H      0.926     0.098     1.801     2.099
   129   1 H      0.925     0.129     1.546     1.945
   130   1 H      0.925     0.134     1.504     1.918

 Mol. C6AA /au·bohr⁶  :     269145.097348
 Mol. C8AA /au·bohr⁸  :    7711579.395925
 Mol. α(0) /au        :        853.890529


Wiberg/Mayer (AO) data.
largest (>0.10) Wiberg bond orders for each atom
          total WBO             WBO to atom ...
     1  Pd  3.501        N  105 0.597    N   73 0.592    N   29 0.591    N   61 0.586
     2  Pd  3.501        N   41 0.597    N    9 0.592    N   93 0.591    N  125 0.586
     3  C   3.948        C    4 2.652    C   15 1.126
     4  C   3.952        C    3 2.652    C    5 1.133
     5  C   3.986        C   10 1.356    C    6 1.339    C    4 1.133
     6  C   3.965        C    7 1.455    C    5 1.339    H   11 0.963
     7  C   3.980        C    6 1.455    C    8 1.422    H   12 0.961
     8  C   3.933        C    7 1.422    N    9 1.345    H   13 0.911
     9  N   3.535        C   10 1.359    C    8 1.345    Pd   2 0.592
    10  C   3.950        N    9 1.359    C    5 1.356    H   14 0.905
    11  H   0.990        C    6 0.963
    12  H   0.989        C    7 0.961
    13  H   0.984        C    8 0.911
    14  H   0.979        C   10 0.905
    15  C   3.988        C   20 1.366    C   16 1.349    C    3 1.126
    16  C   3.969        C   17 1.450    C   15 1.349    H   21 0.969
    17  C   3.990        C   16 1.450    C   18 1.442    H   22 0.968    C   20 0.101
    18  C   3.955        C   17 1.442    C   19 1.372    H   23 0.966
    19  C   3.985        C   20 1.399    C   18 1.372    C   25 1.054
    20  C   3.971        C   19 1.399    C   15 1.366    H   24 0.961    C   17 0.101
    21  H   0.996        C   16 0.969
    22  H   0.996        C   17 0.968
    23  H   0.997        C   18 0.966
    24  H   0.993        C   20 0.961
    25  C   3.983        C   30 1.387    C   26 1.368    C   19 1.054
    26  C   3.979        C   27 1.449    C   25 1.368    H   31 0.961
    27  C   3.980        C   26 1.449    C   28 1.427    H   32 0.961
    28  C   3.962        C   27 1.427    N   29 1.350    H   33 0.912
    29  N   3.535        C   30 1.355    C   28 1.350    Pd   1 0.591
    30  C   3.966        C   25 1.387    N   29 1.355    H   34 0.906
    31  H   0.991        C   26 0.961
    32  H   0.990        C   27 0.961
    33  H   0.982        C   28 0.912
    34  H   0.982        C   30 0.906
    35  C   3.949        C   36 2.651    C   47 1.128
    36  C   3.954        C   35 2.651    C   37 1.135
    37  C   3.986        C   42 1.355    C   38 1.338    C   36 1.135
    38  C   3.965        C   39 1.457    C   37 1.338    H   43 0.963
    39  C   3.980        C   38 1.457    C   40 1.420    H   44 0.961
    40  C   3.931        C   39 1.420    N   41 1.347    H   45 0.913
    41  N   3.539        C   42 1.357    C   40 1.347    Pd   2 0.597
    42  C   3.950        N   41 1.357    C   37 1.355    H   46 0.902
    43  H   0.990        C   38 0.963
    44  H   0.989        C   39 0.961
    45  H   0.983        C   40 0.913
    46  H   0.979        C   42 0.902
    47  C   3.988        C   52 1.364    C   48 1.349    C   35 1.128
    48  C   3.969        C   49 1.450    C   47 1.349    H   53 0.969
    49  C   3.990        C   48 1.450    C   50 1.442    H   54 0.968    C   52 0.101
    50  C   3.954        C   49 1.442    C   51 1.372    H   55 0.966
    51  C   3.985        C   52 1.401    C   50 1.372    C   57 1.052
    52  C   3.970        C   51 1.401    C   47 1.364    H   56 0.961    C   49 0.101
    53  H   0.996        C   48 0.969
    54  H   0.996        C   49 0.968
    55  H   0.997        C   50 0.966
    56  H   0.993        C   52 0.961
    57  C   3.983        C   62 1.387    C   58 1.370    C   51 1.052
    58  C   3.978        C   59 1.447    C   57 1.370    H   63 0.961
    59  C   3.980        C   58 1.447    C   60 1.429    H   64 0.960
    60  C   3.962        C   59 1.429    N   61 1.348    H   65 0.908
    61  N   3.530        C   62 1.356    C   60 1.348    Pd   1 0.586
    62  C   3.965        C   57 1.387    N   61 1.356    H   66 0.908
    63  H   0.991        C   58 0.961
    64  H   0.989        C   59 0.960
    65  H   0.982        C   60 0.908
    66  H   0.981        C   62 0.908
    67  C   3.948        C   68 2.652    C   79 1.126
    68  C   3.952        C   67 2.652    C   69 1.133
    69  C   3.986        C   74 1.356    C   70 1.339    C   68 1.133
    70  C   3.965        C   71 1.455    C   69 1.339    H   75 0.963
    71  C   3.980        C   70 1.455    C   72 1.422    H   76 0.961
    72  C   3.933        C   71 1.422    N   73 1.345    H   77 0.911
    73  N   3.534        C   74 1.359    C   72 1.345    Pd   1 0.592
    74  C   3.950        N   73 1.359    C   69 1.356    H   78 0.905
    75  H   0.990        C   70 0.963
    76  H   0.989        C   71 0.961
    77  H   0.984        C   72 0.911
    78  H   0.979        C   74 0.905
    79  C   3.988        C   84 1.367    C   80 1.349    C   67 1.126
    80  C   3.969        C   81 1.450    C   79 1.349    H   85 0.969
    81  C   3.990        C   80 1.450    C   82 1.442    H   86 0.968    C   84 0.101
    82  C   3.955        C   81 1.442    C   83 1.372    H   87 0.966
    83  C   3.985        C   84 1.399    C   82 1.372    C   89 1.054
    84  C   3.971        C   83 1.399    C   79 1.367    H   88 0.961    C   81 0.101
    85  H   0.996        C   80 0.969
    86  H   0.996        C   81 0.968
    87  H   0.997        C   82 0.966
    88  H   0.993        C   84 0.961
    89  C   3.983        C   94 1.387    C   90 1.368    C   83 1.054
    90  C   3.979        C   91 1.449    C   89 1.368    H   95 0.961
    91  C   3.980        C   90 1.449    C   92 1.427    H   96 0.961
    92  C   3.962        C   91 1.427    N   93 1.350    H   97 0.912
    93  N   3.535        C   94 1.355    C   92 1.350    Pd   2 0.591
    94  C   3.966        C   89 1.387    N   93 1.355    H   98 0.906
    95  H   0.991        C   90 0.961
    96  H   0.990        C   91 0.961
    97  H   0.982        C   92 0.912
    98  H   0.982        C   94 0.906
    99  C   3.949        C  100 2.651    C  111 1.128
   100  C   3.954        C   99 2.651    C  101 1.135
   101  C   3.986        C  106 1.355    C  102 1.338    C  100 1.135
   102  C   3.965        C  103 1.457    C  101 1.338    H  107 0.963
   103  C   3.980        C  102 1.457    C  104 1.420    H  108 0.961
   104  C   3.931        C  103 1.420    N  105 1.347    H  109 0.913
   105  N   3.539        C  106 1.357    C  104 1.347    Pd   1 0.597
   106  C   3.950        N  105 1.357    C  101 1.355    H  110 0.902
   107  H   0.990        C  102 0.963
   108  H   0.989        C  103 0.961
   109  H   0.983        C  104 0.913
   110  H   0.979        C  106 0.902
   111  C   3.988        C  116 1.364    C  112 1.349    C   99 1.128
   112  C   3.969        C  113 1.450    C  111 1.349    H  117 0.969
   113  C   3.990        C  112 1.450    C  114 1.442    H  118 0.968    C  116 0.101
   114  C   3.954        C  113 1.442    C  115 1.372    H  119 0.966
   115  C   3.985        C  116 1.401    C  114 1.372    C  121 1.052
   116  C   3.970        C  115 1.401    C  111 1.364    H  120 0.961    C  113 0.101
   117  H   0.996        C  112 0.969
   118  H   0.996        C  113 0.968
   119  H   0.997        C  114 0.966
   120  H   0.993        C  116 0.961
   121  C   3.983        C  126 1.387    C  122 1.370    C  115 1.052
   122  C   3.978        C  123 1.447    C  121 1.370    H  127 0.961
   123  C   3.980        C  122 1.447    C  124 1.429    H  128 0.960
   124  C   3.962        C  123 1.429    N  125 1.348    H  129 0.908
   125  N   3.530        C  126 1.356    C  124 1.348    Pd   2 0.586
   126  C   3.965        C  121 1.387    N  125 1.356    H  130 0.908
   127  H   0.991        C  122 0.961
   128  H   0.989        C  123 0.960
   129  H   0.982        C  124 0.908
   130  H   0.981        C  126 0.908

molecular dipole:
                 x           y           z       tot (Debye)
 q only:       -3.570     -14.361       1.239
   full:       -3.571     -14.361       1.242      37.747
molecular quadrupole (traceless):
                xx          xy          yy          xz          yz          zz
 q only:     -141.661      48.080     289.684       2.077       8.436    -148.023
  q+dip:     -151.862      55.679     310.864       2.975      12.735    -159.002
   full:     -141.511      53.259     289.890       2.245      11.098    -148.379

           -------------------------------------------------
          |               Frequency Printout                |
           -------------------------------------------------
 projected vibrational frequencies (cm-1)
eigval :       -0.00    -0.00    -0.00    -0.00     0.00     0.00
eigval :        9.89    11.08    12.17    15.05    23.96    28.15
eigval :       28.72    30.95    31.15    32.67    36.09    40.78
eigval :       42.44    45.69    48.86    54.48    55.79    61.32
eigval :       63.81    71.87    76.89    79.67    83.68    85.28
eigval :       85.59    92.68    92.99    97.55    99.84   119.21
eigval :      123.84   125.81   128.64   134.58   135.71   136.58
eigval :      137.62   139.38   140.29   146.55   155.05   157.80
eigval :      172.31   173.82   176.04   176.79   182.03   182.09
eigval :      191.46   192.25   221.60   227.52   236.48   240.08
eigval :      243.67   246.34   254.70   255.17   258.59   259.33
eigval :      264.71   264.95   269.18   272.75   277.67   278.68
eigval :      280.03   283.49   315.46   317.12   317.17   319.59
eigval :      337.04   338.95   339.58   340.63   346.42   347.17
eigval :      348.52   349.30   372.38   372.69   390.59   390.79
eigval :      400.38   400.88   400.98   401.55   423.71   423.89
eigval :      425.71   425.84   453.31   453.71   454.59   455.06
eigval :      470.01   471.76   472.58   473.68   508.26   508.72
eigval :      514.10   515.24   517.54   519.30   521.13   522.69
eigval :      524.63   525.56   525.75   525.78   590.69   592.35
eigval :      592.74   593.20   599.80   599.89   600.18   600.21
eigval :      617.94   618.56   623.05   623.79   627.35   627.52
eigval :      627.89   628.08   657.68   658.18   658.74   658.98
eigval :      665.26   665.42   672.25   672.28   677.08   677.31
eigval :      679.61   679.68   693.83   696.70   697.82   698.20
eigval :      769.71   772.83   773.98   775.03   775.39   778.78
eigval :      781.04   782.87   790.38   794.31   796.19   796.68
eigval :      802.48   803.03   804.14   804.43   844.65   844.85
eigval :      854.12   854.70   856.44   857.07   861.36   862.14
eigval :      867.79   867.89   869.51   869.72   891.72   891.94
eigval :      895.66   895.83   896.91   897.04   900.50   900.66
eigval :      904.30   904.40   905.66   906.06   911.27   913.93
eigval :      916.80   916.96   931.56   931.88   932.70   932.81
eigval :      935.62   935.66   935.68   935.72   938.66   938.71
eigval :      939.30   939.49   983.22   985.09   985.35   986.10
eigval :      996.35   997.83   999.93  1000.00  1002.82  1004.21
eigval :     1005.83  1007.03  1082.20  1082.36  1083.11  1083.70
eigval :     1085.84  1085.91  1088.77  1089.27  1093.66  1093.80
eigval :     1096.47  1096.70  1117.76  1117.91  1119.76  1119.96
eigval :     1123.08  1123.31  1124.52  1125.02  1132.27  1132.57
eigval :     1134.27  1134.79  1155.55  1155.95  1157.91  1158.02
eigval :     1167.10  1168.09  1169.65  1171.46  1173.73  1174.57
eigval :     1177.75  1179.27  1191.79  1191.95  1193.48  1193.53
eigval :     1224.60  1225.00  1230.16  1232.27  1235.65  1236.79
eigval :     1240.35  1243.54  1246.54  1247.11  1252.56  1253.30
eigval :     1271.23  1271.54  1271.81  1272.08  1294.23  1294.41
eigval :     1294.67  1294.87  1296.58  1297.08  1297.70  1298.36
eigval :     1314.27  1314.38  1314.58  1314.72  1319.74  1320.33
eigval :     1320.60  1321.67  1371.29  1371.86  1372.69  1374.55
eigval :     1378.55  1378.90  1379.79  1380.24  1402.15  1402.28
eigval :     1402.33  1402.80  1421.93  1422.51  1422.87  1422.92
eigval :     1450.13  1450.31  1450.70  1451.00  1470.74  1471.12
eigval :     1471.26  1471.67  1526.36  1526.51  1527.60  1527.75
eigval :     1537.60  1538.54  1538.81  1539.36  1545.15  1545.76
eigval :     1546.23  1546.70  1550.38  1550.52  1550.87  1551.05
eigval :     1559.43  1559.60  1559.68  1559.86  1576.63  1576.67
eigval :     1576.74  1576.76  2313.35  2313.55  2313.80  2314.24
eigval :     2968.96  2969.41  2979.89  2980.66  2986.77  2987.59
eigval :     2990.11  2990.34  2992.28  2992.66  2997.83  2997.89
eigval :     3001.35  3001.57  3004.38  3004.51  3090.40  3090.49
eigval :     3090.67  3091.12  3102.05  3102.63  3102.76  3102.78
eigval :     3107.29  3107.39  3107.47  3107.62  3107.99  3108.28
eigval :     3108.54  3108.55  3108.59  3108.79  3108.86  3108.94
eigval :     3109.96  3110.25  3110.35  3110.52  3119.12  3119.14
eigval :     3119.41  3119.43  3119.65  3119.81  3119.93  3119.98
 reduced masses (amu)
   1: 25.35   2: 27.03   3: 23.49   4: 23.05   5: 24.45   6: 24.55   7: 13.42   8: 11.55
   9: 17.01  10: 15.44  11: 12.88  12: 11.59  13: 11.43  14: 17.18  15: 33.41  16: 23.99
  17: 19.05  18: 11.59  19: 12.29  20: 11.38  21: 12.15  22: 14.40  23: 12.46  24: 12.88
  25: 11.61  26: 18.47  27: 15.69  28: 15.09  29: 10.97  30: 11.29  31: 27.69  32: 10.55
  33: 11.16  34: 11.30  35: 14.20  36: 23.91  37: 11.41  38: 11.93  39: 16.25  40: 13.37
  41: 12.56  42: 11.33  43: 11.28  44: 11.63  45: 10.87  46: 11.52  47: 11.14  48: 12.16
  49: 15.40  50: 15.01  51: 15.51  52: 14.97  53: 11.39  54: 11.27  55: 11.24  56: 10.89
  57: 28.24  58: 27.28  59: 19.80  60: 24.50  61: 21.61  62: 23.19  63: 11.17  64: 11.61
  65: 32.88  66: 36.60  67: 35.33  68: 28.62  69: 33.29  70: 29.77  71: 23.79  72: 24.05
  73: 40.06  74: 36.85  75: 12.80  76: 13.31  77: 12.21  78: 13.18  79: 10.92  80: 11.19
  81: 11.03  82: 11.37  83: 11.13  84: 11.26  85: 11.09  86: 11.06  87: 10.06  88: 10.06
  89: 10.02  90: 10.07  91: 13.63  92: 13.87  93: 13.70  94: 14.12  95: 10.63  96: 10.63
  97: 10.54  98: 10.63  99: 11.52 100: 11.47 101: 11.70 102: 11.70 103: 11.21 104: 11.38
 105: 11.29 106: 11.43 107: 11.03 108: 11.06 109: 11.06 110: 11.28 111: 11.70 112: 11.59
 113: 11.89 114: 11.89 115: 11.63 116: 11.81 117: 11.67 118: 11.82 119: 11.33 120: 11.35
 121: 11.41 122: 11.42 123: 11.44 124: 11.44 125: 11.44 126: 11.44 127: 11.83 128: 11.85
 129: 11.83 130: 11.84 131: 12.79 132: 12.84 133: 12.73 134: 12.78 135:  9.41 136:  9.34
 137:  9.39 138:  9.39 139:  9.10 140:  9.05 141:  9.69 142:  9.70 143:  8.80 144:  8.81
 145:  9.12 146:  9.12 147: 11.37 148: 11.48 149: 11.83 150: 11.78 151:  4.78 152:  4.85
 153:  4.71 154:  4.72 155:  4.58 156:  4.93 157:  4.66 158:  4.61 159: 11.43 160: 11.21
 161: 11.09 162: 11.21 163:  5.56 164:  5.94 165:  5.28 166:  5.74 167:  4.00 168:  4.00
 169:  3.88 170:  3.89 171:  3.84 172:  3.85 173:  3.72 174:  3.73 175:  3.74 176:  3.75
 177:  3.74 178:  3.75 179:  3.84 180:  3.84 181:  3.77 182:  3.77 183:  3.81 184:  3.81
 185:  3.78 186:  3.78 187:  4.00 188:  4.00 189:  3.96 190:  3.97 191: 11.41 192: 11.44
 193: 11.47 194: 11.48 195:  3.85 196:  3.84 197:  3.82 198:  3.83 199:  3.74 200:  3.76
 201:  3.73 202:  3.73 203:  3.71 204:  3.72 205:  3.70 206:  3.68 207: 11.19 208: 11.21
 209: 11.23 210: 11.23 211: 10.93 212: 10.80 213: 10.96 214: 10.99 215: 10.64 216: 10.60
 217: 10.66 218: 10.53 219:  6.25 220:  6.19 221:  6.38 222:  6.52 223:  6.42 224:  6.52
 225:  6.65 226:  6.99 227:  7.78 228:  7.78 229:  7.56 230:  7.49 231:  3.72 232:  3.72
 233:  3.69 234:  3.71 235:  3.73 236:  3.72 237:  3.71 238:  3.68 239:  4.49 240:  4.45
 241:  4.44 242:  4.42 243:  7.15 244:  7.02 245:  7.49 246:  7.13 247:  2.21 248:  2.53
 249:  1.89 250:  2.51 251:  2.33 252:  2.43 253:  2.06 254:  2.44 255:  1.90 256:  1.90
 257:  1.87 258:  1.88 259:  3.16 260:  3.15 261:  3.15 262:  3.02 263:  3.22 264:  3.09
 265:  3.70 266:  3.39 267:  4.43 268:  4.38 269:  4.08 270:  4.01 271:  7.30 272:  7.37
 273:  7.11 274:  7.15 275: 12.23 276: 12.22 277: 12.24 278: 12.23 279: 12.25 280: 12.25
 281: 12.16 282: 12.17 283: 11.81 284: 11.81 285: 11.78 286: 11.77 287:  9.22 288:  9.29
 289:  9.16 290:  9.22 291: 10.11 292: 10.09 293: 10.16 294: 10.06 295: 10.26 296: 10.30
 297: 10.20 298: 10.07 299:  9.58 300:  9.58 301:  9.59 302:  9.58 303:  9.41 304:  9.42
 305:  9.34 306:  9.41 307: 10.70 308: 10.68 309: 10.72 310: 10.68 311: 10.42 312: 10.36
 313: 10.42 314: 10.37 315: 11.57 316: 11.56 317: 11.59 318: 11.59 319: 11.58 320: 11.60
 321: 11.60 322: 11.61 323: 11.71 324: 11.72 325: 11.76 326: 11.77 327: 11.64 328: 11.63
 329: 11.64 330: 11.64 331: 11.53 332: 11.53 333: 11.53 334: 11.53 335: 11.57 336: 11.57
 337: 11.58 338: 11.58 339: 12.01 340: 12.01 341: 12.01 342: 12.01 343:  1.86 344:  1.86
 345:  1.85 346:  1.85 347:  1.85 348:  1.85 349:  1.85 350:  1.86 351:  1.84 352:  1.84
 353:  1.85 354:  1.85 355:  1.85 356:  1.85 357:  1.85 358:  1.85 359:  1.78 360:  1.78
 361:  1.78 362:  1.78 363:  1.84 364:  1.84 365:  1.84 366:  1.84 367:  1.85 368:  1.87
 369:  1.84 370:  1.85 371:  1.82 372:  1.82 373:  1.84 374:  1.82 375:  1.82 376:  1.86
 377:  1.87 378:  1.86 379:  1.83 380:  1.83 381:  1.83 382:  1.83 383:  1.90 384:  1.90
 385:  1.90 386:  1.90 387:  1.90 388:  1.90 389:  1.90 390:  1.90
 IR intensities (amu)
   1:  0.67   2:  0.54   3:  0.35   4:  0.67   5:  0.40   6:  0.22   7:  0.32   8:  0.02
   9:  0.51  10:  0.40  11:  0.00  12:  0.00  13:  0.12  14:  0.00  15:  0.01  16:  0.00
  17:  0.00  18:  0.08  19:  0.16  20:  0.12  21:  0.00  22:  0.00  23:  0.14  24:  0.15
  25:  0.00  26:  0.11  27:  0.32  28:  0.35  29:  0.01  30:  0.00  31:  0.09  32:  0.05
  33:  0.00  34:  0.01  35:  0.13  36:  0.01  37:  0.01  38:  0.00  39:  0.01  40:  0.01
  41:  0.07  42:  0.17  43:  0.18  44:  0.00  45:  0.00  46:  0.00  47:  0.26  48:  0.19
  49:  0.69  50:  0.07  51:  0.73  52:  0.01  53:  0.03  54:  0.19  55:  0.15  56:  0.01
  57:  0.01  58:  0.28  59:  0.46  60:  0.37  61:  0.00  62:  0.01  63:  0.03  64:  0.19
  65:  0.07  66:  0.85  67:  0.18  68:  0.88  69:  0.99  70:  0.01  71:  0.91  72:  0.08
  73:  1.23  74:  0.03  75:  0.01  76:  0.07  77:  0.22  78:  0.21  79:  0.01  80:  0.18
  81:  0.03  82:  0.13  83:  0.23  84:  0.01  85:  0.23  86:  0.00  87:  0.02  88:  0.13
  89:  0.10  90:  0.00  91:  0.00  92:  0.03  93:  0.38  94:  0.41  95:  0.11  96:  0.11
  97:  0.04  98:  0.14  99:  0.02 100:  0.12 101:  0.00 102:  0.18 103:  0.00 104:  0.11
 105:  0.01 106:  0.12 107:  0.10 108:  0.00 109:  0.01 110:  0.11 111:  0.18 112:  0.12
 113:  0.00 114:  0.00 115:  0.11 116:  0.01 117:  0.47 118:  0.07 119:  0.00 120:  0.01
 121:  0.11 122:  0.09 123:  0.19 124:  0.02 125:  0.07 126:  0.31 127:  0.03 128:  0.00
 129:  0.29 130:  0.01 131:  0.01 132:  0.01 133:  0.57 134:  0.59 135:  0.06 136:  0.00
 137:  0.11 138:  0.03 139:  0.03 140:  0.22 141:  0.04 142:  0.24 143:  0.18 144:  0.27
 145:  0.21 146:  0.19 147:  0.00 148:  0.00 149:  0.50 150:  0.50 151:  0.16 152:  0.01
 153:  0.01 154:  0.03 155:  0.32 156:  0.48 157:  0.34 158:  0.01 159:  0.09 160:  0.20
 161:  0.00 162:  0.00 163:  0.14 164:  0.01 165:  0.08 166:  0.03 167:  0.04 168:  0.06
 169:  0.01 170:  0.09 171:  0.00 172:  0.10 173:  0.09 174:  0.00 175:  0.11 176:  0.09
 177:  0.11 178:  0.06 179:  0.02 180:  0.02 181:  0.03 182:  0.02 183:  0.09 184:  0.04
 185:  0.01 186:  0.03 187:  0.09 188:  0.08 189:  0.06 190:  0.06 191:  0.00 192:  0.00
 193:  0.66 194:  0.69 195:  0.03 196:  0.03 197:  0.03 198:  0.03 199:  0.05 200:  0.07
 201:  0.05 202:  0.06 203:  0.06 204:  0.07 205:  0.06 206:  0.07 207:  0.23 208:  0.27
 209:  0.01 210:  0.00 211:  0.22 212:  0.00 213:  0.47 214:  0.15 215:  0.00 216:  0.20
 217:  0.18 218:  0.00 219:  0.17 220:  0.09 221:  0.00 222:  0.09 223:  0.19 224:  0.45
 225:  0.76 226:  0.01 227:  0.60 228:  0.02 229:  0.56 230:  0.08 231:  0.01 232:  0.33
 233:  0.46 234:  0.08 235:  0.42 236:  0.06 237:  0.01 238:  0.26 239:  0.01 240:  0.07
 241:  0.21 242:  0.02 243:  0.62 244:  0.04 245:  0.21 246:  1.26 247:  0.11 248:  0.00
 249:  0.01 250:  0.26 251:  0.01 252:  0.30 253:  0.47 254:  0.00 255:  0.11 256:  0.12
 257:  0.03 258:  0.18 259:  0.18 260:  0.01 261:  0.00 262:  0.24 263:  0.01 264:  0.09
 265:  0.36 266:  0.00 267:  0.04 268:  0.50 269:  0.03 270:  0.45 271:  0.11 272:  0.89
 273:  0.17 274:  0.86 275:  0.01 276:  0.02 277:  0.35 278:  0.35 279:  0.12 280:  0.00
 281:  0.46 282:  0.01 283:  0.09 284:  0.12 285:  0.12 286:  0.13 287:  0.00 288:  0.15
 289:  0.01 290:  0.11 291:  0.53 292:  0.53 293:  0.02 294:  0.01 295:  0.16 296:  0.01
 297:  0.05 298:  0.60 299:  0.02 300:  0.03 301:  0.26 302:  0.85 303:  0.00 304:  0.47
 305:  0.13 306:  0.40 307:  0.03 308:  0.05 309:  0.10 310:  1.96 311:  0.27 312:  0.29
 313:  0.02 314:  0.01 315:  0.08 316:  0.58 317:  0.04 318:  0.58 319:  1.12 320:  0.73
 321:  0.05 322:  0.06 323:  0.03 324:  0.16 325:  2.14 326:  1.10 327:  0.21 328:  0.83
 329:  0.40 330:  0.12 331:  0.21 332:  0.16 333:  0.19 334:  0.12 335:  0.25 336:  0.11
 337:  0.19 338:  0.16 339:  1.13 340:  0.93 341:  2.18 342:  3.08 343:  0.06 344:  0.05
 345:  0.08 346:  0.08 347:  0.04 348:  0.05 349:  0.02 350:  0.03 351:  0.09 352:  0.10
 353:  0.05 354:  0.09 355:  0.05 356:  0.05 357:  0.04 358:  0.16 359:  0.16 360:  0.16
 361:  0.16 362:  0.16 363:  0.16 364:  0.14 365:  0.16 366:  0.16 367:  0.19 368:  0.23
 369:  0.19 370:  0.21 371:  0.06 372:  0.04 373:  0.16 374:  0.10 375:  0.04 376:  0.18
 377:  0.38 378:  0.39 379:  0.03 380:  0.03 381:  0.03 382:  0.02 383:  0.01 384:  0.04
 385:  0.02 386:  0.01 387:  0.02 388:  0.01 389:  0.01 390:  0.01
 Raman intensities (amu)
   1:  0.00   2:  0.00   3:  0.00   4:  0.00   5:  0.00   6:  0.00   7:  0.00   8:  0.00
   9:  0.00  10:  0.00  11:  0.00  12:  0.00  13:  0.00  14:  0.00  15:  0.00  16:  0.00
  17:  0.00  18:  0.00  19:  0.00  20:  0.00  21:  0.00  22:  0.00  23:  0.00  24:  0.00
  25:  0.00  26:  0.00  27:  0.00  28:  0.00  29:  0.00  30:  0.00  31:  0.00  32:  0.00
  33:  0.00  34:  0.00  35:  0.00  36:  0.00  37:  0.00  38:  0.00  39:  0.00  40:  0.00
  41:  0.00  42:  0.00  43:  0.00  44:  0.00  45:  0.00  46:  0.00  47:  0.00  48:  0.00
  49:  0.00  50:  0.00  51:  0.00  52:  0.00  53:  0.00  54:  0.00  55:  0.00  56:  0.00
  57:  0.00  58:  0.00  59:  0.00  60:  0.00  61:  0.00  62:  0.00  63:  0.00  64:  0.00
  65:  0.00  66:  0.00  67:  0.00  68:  0.00  69:  0.00  70:  0.00  71:  0.00  72:  0.00
  73:  0.00  74:  0.00  75:  0.00  76:  0.00  77:  0.00  78:  0.00  79:  0.00  80:  0.00
  81:  0.00  82:  0.00  83:  0.00  84:  0.00  85:  0.00  86:  0.00  87:  0.00  88:  0.00
  89:  0.00  90:  0.00  91:  0.00  92:  0.00  93:  0.00  94:  0.00  95:  0.00  96:  0.00
  97:  0.00  98:  0.00  99:  0.00 100:  0.00 101:  0.00 102:  0.00 103:  0.00 104:  0.00
 105:  0.00 106:  0.00 107:  0.00 108:  0.00 109:  0.00 110:  0.00 111:  0.00 112:  0.00
 113:  0.00 114:  0.00 115:  0.00 116:  0.00 117:  0.00 118:  0.00 119:  0.00 120:  0.00
 121:  0.00 122:  0.00 123:  0.00 124:  0.00 125:  0.00 126:  0.00 127:  0.00 128:  0.00
 129:  0.00 130:  0.00 131:  0.00 132:  0.00 133:  0.00 134:  0.00 135:  0.00 136:  0.00
 137:  0.00 138:  0.00 139:  0.00 140:  0.00 141:  0.00 142:  0.00 143:  0.00 144:  0.00
 145:  0.00 146:  0.00 147:  0.00 148:  0.00 149:  0.00 150:  0.00 151:  0.00 152:  0.00
 153:  0.00 154:  0.00 155:  0.00 156:  0.00 157:  0.00 158:  0.00 159:  0.00 160:  0.00
 161:  0.00 162:  0.00 163:  0.00 164:  0.00 165:  0.00 166:  0.00 167:  0.00 168:  0.00
 169:  0.00 170:  0.00 171:  0.00 172:  0.00 173:  0.00 174:  0.00 175:  0.00 176:  0.00
 177:  0.00 178:  0.00 179:  0.00 180:  0.00 181:  0.00 182:  0.00 183:  0.00 184:  0.00
 185:  0.00 186:  0.00 187:  0.00 188:  0.00 189:  0.00 190:  0.00 191:  0.00 192:  0.00
 193:  0.00 194:  0.00 195:  0.00 196:  0.00 197:  0.00 198:  0.00 199:  0.00 200:  0.00
 201:  0.00 202:  0.00 203:  0.00 204:  0.00 205:  0.00 206:  0.00 207:  0.00 208:  0.00
 209:  0.00 210:  0.00 211:  0.00 212:  0.00 213:  0.00 214:  0.00 215:  0.00 216:  0.00
 217:  0.00 218:  0.00 219:  0.00 220:  0.00 221:  0.00 222:  0.00 223:  0.00 224:  0.00
 225:  0.00 226:  0.00 227:  0.00 228:  0.00 229:  0.00 230:  0.00 231:  0.00 232:  0.00
 233:  0.00 234:  0.00 235:  0.00 236:  0.00 237:  0.00 238:  0.00 239:  0.00 240:  0.00
 241:  0.00 242:  0.00 243:  0.00 244:  0.00 245:  0.00 246:  0.00 247:  0.00 248:  0.00
 249:  0.00 250:  0.00 251:  0.00 252:  0.00 253:  0.00 254:  0.00 255:  0.00 256:  0.00
 257:  0.00 258:  0.00 259:  0.00 260:  0.00 261:  0.00 262:  0.00 263:  0.00 264:  0.00
 265:  0.00 266:  0.00 267:  0.00 268:  0.00 269:  0.00 270:  0.00 271:  0.00 272:  0.00
 273:  0.00 274:  0.00 275:  0.00 276:  0.00 277:  0.00 278:  0.00 279:  0.00 280:  0.00
 281:  0.00 282:  0.00 283:  0.00 284:  0.00 285:  0.00 286:  0.00 287:  0.00 288:  0.00
 289:  0.00 290:  0.00 291:  0.00 292:  0.00 293:  0.00 294:  0.00 295:  0.00 296:  0.00
 297:  0.00 298:  0.00 299:  0.00 300:  0.00 301:  0.00 302:  0.00 303:  0.00 304:  0.00
 305:  0.00 306:  0.00 307:  0.00 308:  0.00 309:  0.00 310:  0.00 311:  0.00 312:  0.00
 313:  0.00 314:  0.00 315:  0.00 316:  0.00 317:  0.00 318:  0.00 319:  0.00 320:  0.00
 321:  0.00 322:  0.00 323:  0.00 324:  0.00 325:  0.00 326:  0.00 327:  0.00 328:  0.00
 329:  0.00 330:  0.00 331:  0.00 332:  0.00 333:  0.00 334:  0.00 335:  0.00 336:  0.00
 337:  0.00 338:  0.00 339:  0.00 340:  0.00 341:  0.00 342:  0.00 343:  0.00 344:  0.00
 345:  0.00 346:  0.00 347:  0.00 348:  0.00 349:  0.00 350:  0.00 351:  0.00 352:  0.00
 353:  0.00 354:  0.00 355:  0.00 356:  0.00 357:  0.00 358:  0.00 359:  0.00 360:  0.00
 361:  0.00 362:  0.00 363:  0.00 364:  0.00 365:  0.00 366:  0.00 367:  0.00 368:  0.00
 369:  0.00 370:  0.00 371:  0.00 372:  0.00 373:  0.00 374:  0.00 375:  0.00 376:  0.00
 377:  0.00 378:  0.00 379:  0.00 380:  0.00 381:  0.00 382:  0.00 383:  0.00 384:  0.00
 385:  0.00 386:  0.00 387:  0.00 388:  0.00 389:  0.00 390:  0.00
 output can be read by thermo (or use thermo option).
 writing <g98.out> molden fake output.
 recommended (thermochemical) frequency scaling factor: 1.0
           -------------------------------------------------
          |             Thermodynamic Functions             |
           -------------------------------------------------

Refinement of some symmetry elements was terminated before convergence was reached.
Some symmetry elements may remain unidentified.
Molecule has no symmetry elements
It seems to be the C1 point group
c1  symmetry found (for desy threshold:  0.10E+00) used in thermo

          ...................................................
          :                      SETUP                      :
          :.................................................:
          :  # frequencies                         384      :
          :  # imaginary freq.                       0      :
          :  linear?                             false      :
          :  only rotor calc.                    false      :
          :  symmetry                               c1      :
          :  rotational number                       1      :
          :  scaling factor                  1.0000000      :
          :  rotor cutoff                   50.0000000 cm⁻¹ :
          :  imag. cutoff                  -20.0000000 cm⁻¹ :
          :.................................................:

    mode    ω/cm⁻¹     T·S(HO)/kcal·mol⁻¹    T·S(FR)/kcal·mol⁻¹   T·S(vib)
   ------------------------------------------------------------------------
       1      9.89    -2.39517 (  0.15%)    -1.53666 ( 99.85%)    -1.53797
       2     11.08    -2.32772 (  0.24%)    -1.50293 ( 99.76%)    -1.50491
       3     12.17    -2.27232 (  0.35%)    -1.47522 ( 99.65%)    -1.47800
       4     15.05    -2.14623 (  0.81%)    -1.41215 ( 99.19%)    -1.41814
       5     23.96    -1.87110 (  5.01%)    -1.27450 ( 94.99%)    -1.30437
       6     28.15    -1.77564 (  9.13%)    -1.22671 ( 90.87%)    -1.27684
       7     28.72    -1.76386 (  9.82%)    -1.22081 ( 90.18%)    -1.27411
       8     30.95    -1.71964 ( 12.80%)    -1.19866 ( 87.20%)    -1.26534
       9     31.15    -1.71586 ( 13.09%)    -1.19676 ( 86.91%)    -1.26470
      10     32.67    -1.68759 ( 15.42%)    -1.18260 ( 84.58%)    -1.26047
      11     36.09    -1.62871 ( 21.36%)    -1.15309 ( 78.64%)    -1.25466
      12     40.78    -1.55665 ( 30.67%)    -1.11696 ( 69.33%)    -1.25180
      13     42.44    -1.53308 ( 34.16%)    -1.10513 ( 65.84%)    -1.25133
      14     45.69    -1.48942 ( 41.09%)    -1.08323 ( 58.91%)    -1.25013
      15     48.86    -1.44989 ( 47.70%)    -1.06337 ( 52.30%)    -1.24773
      16     54.48    -1.38570 ( 58.50%)    -1.03111 ( 41.50%)    -1.23855
      17     55.79    -1.37174 ( 60.78%)    -1.02409 ( 39.22%)    -1.23540
      18     61.32    -1.31607 ( 69.35%)    -0.99607 ( 30.65%)    -1.21800
      19     63.81    -1.29269 ( 72.62%)    -0.98429 ( 27.38%)    -1.20826
      20     71.87    -1.22285 ( 81.02%)    -0.94906 ( 18.98%)    -1.17089
      21     76.89    -1.18331 ( 84.83%)    -0.92907 ( 15.17%)    -1.14474
      22     79.67    -1.16251 ( 86.57%)    -0.91855 ( 13.43%)    -1.12974
      23     83.68    -1.13378 ( 88.69%)    -0.90400 ( 11.31%)    -1.10780
      24     85.28    -1.12267 ( 89.43%)    -0.89837 ( 10.57%)    -1.09897
      25     85.59    -1.12055 ( 89.57%)    -0.89729 ( 10.43%)    -1.09727
      26     92.68    -1.07412 ( 92.19%)    -0.87372 (  7.81%)    -1.05848
      27     92.99    -1.07220 ( 92.29%)    -0.87274 (  7.71%)    -1.05681
      28     97.55    -1.04433 ( 93.54%)    -0.85856 (  6.46%)    -1.03233
      29     99.84    -1.03084 ( 94.08%)    -0.85169 (  5.92%)    -1.02024
      30    119.21    -0.92820 ( 97.00%)    -0.79916 (  3.00%)    -0.92432
      31    123.84    -0.90622 ( 97.41%)    -0.78786 (  2.59%)    -0.90316
      32    125.81    -0.89715 ( 97.57%)    -0.78318 (  2.43%)    -0.89438
      33    128.64    -0.88440 ( 97.77%)    -0.77661 (  2.23%)    -0.88200
      34    134.58    -0.85854 ( 98.13%)    -0.76323 (  1.87%)    -0.85675
      35    135.71    -0.85374 ( 98.19%)    -0.76075 (  1.81%)    -0.85206
      36    136.58    -0.85011 ( 98.24%)    -0.75887 (  1.76%)    -0.84850
      37    137.62    -0.84575 ( 98.29%)    -0.75661 (  1.71%)    -0.84422
      38    139.38    -0.83852 ( 98.37%)    -0.75285 (  1.63%)    -0.83712
      39    140.29    -0.83479 ( 98.41%)    -0.75092 (  1.59%)    -0.83346
      40    146.55    -0.80993 ( 98.66%)    -0.73799 (  1.34%)    -0.80897
      41    155.05    -0.77797 ( 98.93%)    -0.72129 (  1.07%)    -0.77736
      42    157.80    -0.76801 ( 99.00%)    -0.71607 (  1.00%)    -0.76750
      43    172.31    -0.71857 ( 99.30%)    -0.69001 (  0.70%)    -0.71836
      44    173.82    -0.71372 ( 99.32%)    -0.68744 (  0.68%)    -0.71354
      45    176.04    -0.70661 ( 99.35%)    -0.68367 (  0.65%)    -0.70647
      46    176.79    -0.70424 ( 99.36%)    -0.68241 (  0.64%)    -0.70410
      47    182.03    -0.68798 ( 99.43%)    -0.67376 (  0.57%)    -0.68790
      48    182.09    -0.68779 ( 99.43%)    -0.67366 (  0.57%)    -0.68771
      49    191.46    -0.66000 ( 99.54%)    -0.65880 (  0.46%)    -0.65999
      50    192.25    -0.65772 ( 99.54%)    -0.65758 (  0.46%)    -0.65772
      51    221.60    -0.58020 ( 99.74%)    -0.61549 (  0.26%)    -0.58029
      52    227.52    -0.56601 ( 99.77%)    -0.60768 (  0.23%)    -0.56611
      53    236.48    -0.54538 ( 99.80%)    -0.59624 (  0.20%)    -0.54549
      54    240.08    -0.53735 ( 99.81%)    -0.59176 (  0.19%)    -0.53746
      55    243.67    -0.52948 ( 99.82%)    -0.58736 (  0.18%)    -0.52959
      56    246.34    -0.52373 ( 99.83%)    -0.58413 (  0.17%)    -0.52383
      57    254.70    -0.50621 ( 99.85%)    -0.57425 (  0.15%)    -0.50631
      58    255.17    -0.50524 ( 99.85%)    -0.57370 (  0.15%)    -0.50534
      59    258.59    -0.49830 ( 99.86%)    -0.56976 (  0.14%)    -0.49840
      60    259.33    -0.49680 ( 99.86%)    -0.56891 (  0.14%)    -0.49690
      61    264.71    -0.48613 ( 99.87%)    -0.56283 (  0.13%)    -0.48622
      62    264.95    -0.48566 ( 99.87%)    -0.56256 (  0.13%)    -0.48576
      63    269.18    -0.47747 ( 99.88%)    -0.55787 (  0.12%)    -0.47757
      64    272.75    -0.47070 ( 99.89%)    -0.55397 (  0.11%)    -0.47079
      65    277.67    -0.46153 ( 99.89%)    -0.54867 (  0.11%)    -0.46162
      66    278.68    -0.45968 ( 99.90%)    -0.54760 (  0.10%)    -0.45977
      67    280.03    -0.45721 ( 99.90%)    -0.54616 (  0.10%)    -0.45730
      68    283.49    -0.45095 ( 99.90%)    -0.54252 (  0.10%)    -0.45104
   ------------------------------------------------------------------------

   temp. (K)  partition function   enthalpy   heat capacity  entropy
                                   cal/mol     cal/K/mol   cal/K/mol   J/K/mol
 298.15  VIB  0.591E+34            43140.387    275.385    271.625
         ROT  0.349E+09              888.752      2.981     42.072
         INT  0.206E+43            44029.139    278.366    313.697
         TR   0.421E+29             1481.254      4.968     47.197
         TOT                       45510.3929   283.3342   360.8938  1509.9799

       T/K    H(0)-H(T)+PV         H(T)/Eh          T*S/Eh         G(T)/Eh
   ------------------------------------------------------------------------
    298.15    0.725254E-01    0.103679E+01    0.171472E+00    0.865322E+00
   ------------------------------------------------------------------------

         :::::::::::::::::::::::::::::::::::::::::::::::::::::
         ::                  THERMODYNAMIC                  ::
         :::::::::::::::::::::::::::::::::::::::::::::::::::::
         :: total free energy        -208.984406088936 Eh   ::
         ::.................................................::
         :: total energy             -209.849728248688 Eh   ::
         :: zero point energy           0.964269044843 Eh   ::
         :: G(RRHO) w/o ZPVE           -0.098946885091 Eh   ::
         :: G(RRHO) contrib.            0.865322159752 Eh   ::
         :::::::::::::::::::::::::::::::::::::::::::::::::::::

           -------------------------------------------------
          | TOTAL ENERGY             -209.849728248688 Eh   |
          | TOTAL ENTHALPY           -208.812933776257 Eh   |
          | TOTAL FREE ENERGY        -208.984406088936 Eh   |
          | GRADIENT NORM               0.000585912238 Eh/α |
          | HOMO-LUMO GAP               2.704678123768 eV   |
           -------------------------------------------------

------------------------------------------------------------------------
 * finished run on 2021/06/21 at 20:46:23.851     
------------------------------------------------------------------------
 total:
 * wall-time:     0 d,  0 h,  6 min, 24.355 sec
 *  cpu-time:     0 d,  0 h, 24 min, 20.658 sec
 * ratio c/w:     3.800 speedup
 SCF:
 * wall-time:     0 d,  0 h,  0 min,  1.143 sec
 *  cpu-time:     0 d,  0 h,  0 min,  4.240 sec
 * ratio c/w:     3.709 speedup
 numerical hessian:
 * wall-time:     0 d,  0 h,  6 min, 22.305 sec
 *  cpu-time:     0 d,  0 h, 24 min, 15.323 sec
 * ratio c/w:     3.807 speedup

