      -----------------------------------------------------------      
     |                   =====================                   |     
     |                           x T B                           |     
     |                   =====================                   |     
     |                         S. Grimme                         |     
     |          Mulliken Center for Theoretical Chemistry        |     
     |                    University of Bonn                     |     
     |                Version 6.2 RC2 (SAW190805)                |     
      -----------------------------------------------------------      

   This program is distributed in the hope that it will be useful,
   but WITHOUT ANY WARRANTY; without even the implied warranty of
   MERCHANTABILITY or FITNESS FOR A PARTICULAR PURPOSE.
   
   FOR NON-COMMERCIAL, ACADEMIA USE ONLY.
   
   Cite this work as:
   * S. Grimme, C. Bannwarth, P. Shushkov, J. Chem. Theory Comput., 2017,
     13, 1989-2009. DOI: 10.1021/acs.jctc.7b00118
   * C. Bannwarth, S. Ehlert and S. Grimme., J. Chem. Theory Comput., 2019,
     15, 1652-1671. DOI: 10.1021/acs.jctc.8b01176
   * P. Pracht, E. Caldeweyher, S. Ehlert, S. Grimme, ChemRxiv, 2019, preprint.
     DOI: 10.26434/chemrxiv.8326202.v1
   
   for DFT-D4:
   * E. Caldeweyher, C. Bannwarth and S. Grimme, J. Chem. Phys., 2017,
     147, 034112. DOI: 10.1063/1.4993215
   * E. Caldeweyher, S. Ehlert, A. Hansen, H. Neugebauer, S. Spicher,
     C. Bannwarth and S. Grimme, J. Chem. Phys., 2019, 150, 154122.
     DOI: 10.1063/1.5090222
   
   for sTDA-xTB:
   * S. Grimme and C. Bannwarth, J. Chem. Phys., 2016, 145, 054103.
     DOI: 10.1063/1.4959605
   
   in the mass-spec context:
   * V. Asgeirsson, C. Bauer and S. Grimme, Chem. Sci., 2017, 8, 4879.
     DOI: 10.1039/c7sc00601b
   
   for metadynamics refer to:
   * S. Grimme, J. Chem. Theory Comput., 2019, 155, 2847-2862
     DOI: 10.1021/acs.jctc.9b00143
   
   with help from (in alphabetical order)
   C. Bannwarth, F. Bohle, G. Brandenburg, E. Caldeweyher, M. Checinski,
   S. Dohm, S. Ehlert, S. Ehrlich, F. März, H. Neugebauer, J. Pisarek,
   P. Pracht, P. Shushkov, and S. Spicher.
   
 * started run on 2021/06/21 at 21:31:45.874     

           -------------------------------------------------
          |                Calculation Setup                |
           -------------------------------------------------

          program call               : /home/atarzia/software/xtb-190806/bin/xtb /data/atarzia/projects/unsymm/screening/production/free_energy_calculations/fe_4b3_d/input_structure.xyz --gfn 2 --hess --parallel 6 --etemp 300 --gbsa dmso --chrg 4 --uhf 0 -I det_control.in
          coordinate file            : /data/atarzia/projects/unsymm/screening/production/free_energy_calculations/fe_4b3_d/input_structure.xyz
          omp threads                :                     6
          number of atoms            :                   162
          number of electrons        :                   496
          charge                     :                     4
          spin                       :                   0.0
          first test random number   :      0.13483464646197


########################################################################
# WARNING! Please study the warnings concerning your input carefully
#  - XTBHOME is not set, using HOME instead
#  - XTBPATH is not set, using XTBHOME instead
#  - Process number higher than OMP_NUM_THREADS, I hope you know what you are doing.
########################################################################

           ------------------------------------------------- 
          |                 G F N 2 - x T B                 |
          | Geometry, Frequencies, Noncovalent interactions |
          |            JCTC 2019 parametrisation            |
           ------------------------------------------------- 
             k(s)              :                1.8500
             k(p)              :                2.2300
             k(d)              :                2.2300
             k(f)              :                2.0000
             kEN (H0ij)        :               -2.0000
             D4 a1             :                0.5200
             D4 a2             :                5.0000
             D4 s6             :                1.0000
             D4 s8             :                2.7000
             D4 s9             :                5.0000
             alphaj            :                2.0000

  Z AO/shell   Hii/eV     exponent
  1     Wed Apr 25 08:07:45 CEST 2018   EN: 2.200 GM2: 0.406  GM3: 0.0800  RAES: 1.40
     1s    -10.707211    1.230000
  6     Wed Apr 25 08:07:45 CEST 2018   EN: 2.550 GM2: 0.538  GM3: 0.1500  RAES: 3.00
     2s    -13.970922    2.096432
     2p    -10.063292    1.800000
  7     Wed Apr 25 08:07:45 CEST 2018   EN: 3.040 GM2: 0.461  GM3:-0.0640  RAES: 1.90
     2s    -16.686243    2.339881
     2p    -12.523956    2.014332
 46     Wed Apr 25 16:26:58 CEST 2018   EN: 2.200 GM2: 0.273  GM3: 0.0800  RAES: 5.00
     4d    -11.963518    2.353691
     5s     -9.714059    1.828354
     5p     -2.035281    1.333352

 Solvent             : dmso
 Using internal parameter file: .param_gbsa2_dmso
 Gsolv ref. state (COSMO-RS): gsolv [1 M gas/solution]
 temperature (mdtemp)       :    298.150000000000     
 dielectric constant        :    46.6800000000000     
 rho                        :    1.10000000000000     
 mass                       :    78.1300000000000     
 surface tension            :    15.5689454083859     
 probe radius               :   0.949087640000000     
 vdW radii scaling          :    1.00000000000000     
 Gshift (Eh)                :   5.161738145414381E-003
 c1                         :    1.63948621000000     
 soset                      :   1.179665000000000E-002
 HB correction              :  T
           ------------------------------------------------- 
          |        Self-Consistent Charge Iterations        |
           ------------------------------------------------- 

          ...................................................
          :                      SETUP                      :
          :.................................................:
          :  # basis functions                 492          :
          :  # atomic orbitals                 490          :
          :  # shells                          270          :
          :  # electrons                       496          :
          :  max. iterations                   250          :
          :  Hamiltonian                  GFN2-xTB          :
          :  restarted?                      false          :
          :  GBSA solvation                   true          :
          :  PC potential                    false          :
          :  electronic temp.          300.0000000     K    :
          :  accuracy                    1.0000000          :
          :  -> integral cutoff          0.2500000E+02      :
          :  -> integral neglect         0.1000000E-07      :
          :  -> SCF convergence          0.1000000E-05 Eh   :
          :  -> wf. convergence          0.1000000E-03 e    :
          :  Broyden damping             0.4000000          :
          ...................................................

 iter      E             dE          RMSdq      gap      omega  full diag
   1   -269.6557325 -0.269656E+03  0.661E+00    2.19       0.0  T
   2   -270.0376185 -0.381886E+00  0.444E+00    1.63       1.0  T
   3   -269.6181645  0.419454E+00  0.240E+00    1.63       1.0  T
   4   -270.1958974 -0.577733E+00  0.101E+00    1.91       1.0  T
   5   -270.2749315 -0.790341E-01  0.517E-01    1.89       1.0  T
   6   -270.3022316 -0.273001E-01  0.243E-01    1.90       1.0  T
   7   -270.3053255 -0.309395E-02  0.112E-01    1.91       1.0  T
   8   -270.3054607 -0.135127E-03  0.408E-02    1.92       1.0  T
   9   -270.3056213 -0.160667E-03  0.139E-02    1.91       1.0  T
  10   -270.3056306 -0.923739E-05  0.658E-03    1.91       1.2  T
  11   -270.3056313 -0.738144E-06  0.474E-03    1.92       1.7  T
  12   -270.3056327 -0.136969E-05  0.269E-03    1.91       2.9  T
  13   -270.3056331 -0.407003E-06  0.137E-03    1.91       5.7  T
  14   -270.3056331 -0.223312E-07  0.758E-04    1.91      10.4  T
  15   -270.3056331 -0.193886E-07  0.347E-04    1.91      22.6  T

   *** convergence criteria satisfied after 15 iterations ***

         #    Occupation            Energy/Eh            Energy/eV
      -------------------------------------------------------------
         1        2.0000           -0.7317177             -19.9111
       ...           ...                  ...                  ...
       242        2.0000           -0.4203092             -11.4372
       243        2.0000           -0.4190210             -11.4021
       244        2.0000           -0.4174318             -11.3589
       245        2.0000           -0.3952671             -10.7558
       246        2.0000           -0.3949647             -10.7475
       247        2.0000           -0.3944480             -10.7335
       248        2.0000           -0.3940429             -10.7225 (HOMO)
       249                         -0.3236744              -8.8076 (LUMO)
       250                         -0.3231986              -8.7947
       251                         -0.3210739              -8.7369
       252                         -0.3196816              -8.6990
       253                         -0.3093530              -8.4179
       ...                                ...                  ...
       490                          1.4034536              38.1899
      -------------------------------------------------------------
                  HL-Gap            0.0703686 Eh            1.9148 eV
             Fermi-level           -0.3588587 Eh           -9.7650 eV

 SCC (total)                   0 d,  0 h,  0 min,  1.156 sec
 SCC setup                      ...        0 min,  0.070 sec (  6.041%)
 Dispersion                     ...        0 min,  0.021 sec (  1.818%)
 integral evaluation            ...        0 min,  0.195 sec ( 16.891%)
 zeroth order Hamiltonian       ...        0 min,  0.004 sec (  0.308%)
 iterations                     ...        0 min,  0.704 sec ( 60.887%)
 molecular gradient             ...        0 min,  0.156 sec ( 13.530%)
 printout                       ...        0 min,  0.006 sec (  0.518%)

         :::::::::::::::::::::::::::::::::::::::::::::::::::::
         ::                     SUMMARY                     ::
         :::::::::::::::::::::::::::::::::::::::::::::::::::::
         :: total energy            -265.171685762954 Eh    ::
         :: total w/o Gsasa/hb      -265.047588213476 Eh    ::
         :: gradient norm              0.000662955805 Eh/a0 ::
         :: HOMO-LUMO gap              1.914826362606 eV    ::
         ::.................................................::
         :: SCC energy              -270.416299065883 Eh    ::
         :: -> isotropic ES            0.597659774748 Eh    ::
         :: -> anisotropic ES         -0.084732934136 Eh    ::
         :: -> anisotropic XC          0.189873631905 Eh    ::
         :: -> dispersion             -0.239456096512 Eh    ::
         :: -> Gsolv                  -0.630581723221 Eh    ::
         ::    -> Gborn               -0.506484173743 Eh    ::
         ::    -> Gsasa               -0.115827679945 Eh    ::
         ::    -> Ghb                 -0.013431607678 Eh    ::
         ::    -> Gshift               0.005161738145 Eh    ::
         :: repulsion energy           5.239511625837 Eh    ::
         :: add. restraining           0.000000000000 Eh    ::
         :::::::::::::::::::::::::::::::::::::::::::::::::::::

           ------------------------------------------------- 
          |                Numerical Hessian                |
           ------------------------------------------------- 
step length          :   0.00500
SCC accuracy         :   0.30000
Hessian scale factor :   1.00000
frozen atoms in %    :   0.00000    0
RMS gradient         :   0.00066
estimated CPU  time     87.55 min
estimated wall time     14.68 min

writing file <hessian>.

 projected vibrational frequencies (cm-1)
eigval :       -0.00    -0.00    -0.00     0.00     0.00     0.00
eigval :        5.70     6.74     7.60     9.21     9.59    14.87
eigval :       16.05    16.79    18.10    20.51    20.56    21.22
eigval :       21.70    27.38    29.46    29.90    30.98    38.27
eigval :       43.09    44.27    47.45    49.48    53.68    53.96
eigval :       54.72    55.15    58.20    61.74    66.81    76.70
eigval :       77.42    79.28    81.10    83.73    83.90    95.13
eigval :       95.96   111.56   112.33   113.86   114.24   119.26
eigval :      121.87   126.91   131.17   133.73   141.34   141.83
eigval :      146.62   147.03   150.51   151.24   152.93   157.47
eigval :      157.87   159.45   167.75   168.73   169.11   170.72
eigval :      170.96   171.23   176.43   177.06   208.91   209.49
eigval :      209.59   211.05   236.26   241.51   245.99   247.43
eigval :      251.04   253.30   257.62   257.87   271.37   286.65
eigval :      287.06   294.93   298.36   298.83   301.26   302.01
eigval :      309.83   310.22   320.14   327.14   330.30   330.61
eigval :      332.76   336.22   344.99   345.63   361.83   363.01
eigval :      363.84   364.34   365.76   366.31   379.57   380.21
eigval :      394.71   394.76   394.97   395.33   402.07   402.24
eigval :      431.78   431.89   432.07   432.79   438.28   438.68
eigval :      439.01   439.14   441.18   441.54   452.62   453.00
eigval :      454.18   454.24   460.91   461.24   472.28   472.37
eigval :      476.31   477.74   477.81   478.42   484.16   485.82
eigval :      490.52   490.58   495.76   501.58   502.62   505.42
eigval :      507.20   507.85   514.57   515.44   517.93   518.39
eigval :      520.16   520.72   523.49   523.90   533.55   534.26
eigval :      536.10   536.35   573.06   573.14   586.06   602.69
eigval :      611.53   611.76   611.88   612.64   619.36   619.72
eigval :      620.83   622.81   622.88   626.39   626.63   629.54
eigval :      635.44   635.54   651.97   664.65   664.96   668.89
eigval :      669.11   671.19   675.71   675.99   676.24   676.66
eigval :      715.02   715.22   724.94   725.03   725.35   725.46
eigval :      731.34   732.97   768.29   768.75   773.97   774.36
eigval :      775.35   775.79   775.90   776.10   801.03   801.12
eigval :      801.25   805.53   807.13   807.34   809.02   809.91
eigval :      810.38   811.46   814.10   819.15   820.35   820.78
eigval :      824.53   824.89   836.27   836.94   843.32   843.60
eigval :      856.30   857.09   858.41   859.84   860.09   861.28
eigval :      861.57   862.26   876.13   877.21   877.32   881.59
eigval :      890.40   890.51   892.21   892.39   892.59   893.14
eigval :      893.93   894.10   900.93   901.14   901.25   901.65
eigval :      901.76   902.08   903.44   903.54   904.94   906.37
eigval :      909.58   911.32   923.34   923.61   923.81   923.97
eigval :      930.57   930.67   930.71   930.94   934.88   934.95
eigval :      935.23   935.50   997.50   997.66   997.80   998.14
eigval :     1007.66  1007.70  1009.96  1012.12  1049.11  1049.71
eigval :     1049.75  1049.96  1074.52  1074.59  1075.09  1075.39
eigval :     1090.60  1090.76  1094.08  1094.22  1109.78  1110.18
eigval :     1110.20  1110.24  1119.90  1120.07  1120.84  1121.16
eigval :     1126.25  1126.94  1127.54  1129.26  1156.88  1157.03
eigval :     1159.08  1159.31  1159.57  1160.02  1164.75  1165.86
eigval :     1169.45  1169.66  1172.10  1172.29  1172.39  1172.41
eigval :     1178.38  1178.62  1186.30  1186.40  1187.32  1189.23
eigval :     1198.92  1199.05  1200.57  1200.62  1214.59  1214.65
eigval :     1216.86  1217.53  1224.66  1224.86  1225.06  1225.34
eigval :     1228.69  1229.14  1237.92  1238.39  1253.51  1253.73
eigval :     1254.02  1254.63  1289.28  1289.39  1292.23  1292.49
eigval :     1293.72  1293.96  1304.43  1305.31  1306.62  1307.46
eigval :     1307.59  1308.47  1309.14  1309.48  1314.03  1319.70
eigval :     1330.47  1330.88  1334.57  1342.32  1360.34  1360.76
eigval :     1363.60  1363.96  1370.79  1370.91  1373.01  1375.19
eigval :     1375.48  1376.04  1378.20  1384.73  1394.23  1394.80
eigval :     1395.15  1395.87  1401.97  1402.12  1404.83  1405.45
eigval :     1423.30  1423.41  1425.35  1426.88  1444.63  1445.10
eigval :     1446.90  1448.36  1466.26  1466.35  1482.51  1482.86
eigval :     1489.06  1489.28  1489.87  1490.58  1526.22  1526.53
eigval :     1527.73  1528.38  1529.41  1529.69  1529.87  1529.93
eigval :     1530.11  1530.67  1531.73  1532.87  1544.86  1545.07
eigval :     1552.06  1553.44  1558.21  1558.28  1560.27  1561.84
eigval :     1568.21  1568.30  1577.15  1577.65  1577.82  1578.29
eigval :     1608.96  1609.33  2293.66  2293.99  2294.67  2294.79
eigval :     2303.96  2304.62  2304.90  2305.30  2896.70  2898.06
eigval :     2902.77  2903.07  2904.66  2905.62  2912.75  2912.98
eigval :     3028.09  3028.89  3028.96  3030.53  3042.66  3042.83
eigval :     3043.51  3043.95  3088.41  3088.60  3089.15  3090.38
eigval :     3094.01  3094.30  3094.42  3094.52  3099.86  3099.95
eigval :     3100.49  3101.67  3101.86  3103.34  3103.39  3103.81
eigval :     3104.36  3104.54  3106.40  3106.83  3107.07  3107.11
eigval :     3107.23  3109.22  3109.41  3109.43  3109.51  3109.66
eigval :     3110.67  3110.86  3111.12  3111.25  3113.18  3116.15
eigval :     3117.90  3118.92  3119.27  3119.37  3119.53  3121.68
           -------------------------------------------------
          |                Property Printout                |
           -------------------------------------------------

    * Orbital Energies and Occupations

         #    Occupation            Energy/Eh            Energy/eV
      -------------------------------------------------------------
         1        2.0000           -0.7317192             -19.9111
       ...           ...                  ...                  ...
       236        2.0000           -0.4246160             -11.5544
       237        2.0000           -0.4235205             -11.5246
       238        2.0000           -0.4230634             -11.5121
       239        2.0000           -0.4221834             -11.4882
       240        2.0000           -0.4219168             -11.4809
       241        2.0000           -0.4210949             -11.4586
       242        2.0000           -0.4203114             -11.4373
       243        2.0000           -0.4190232             -11.4022
       244        2.0000           -0.4174345             -11.3590
       245        2.0000           -0.3952696             -10.7558
       246        2.0000           -0.3949673             -10.7476
       247        2.0000           -0.3944506             -10.7335
       248        2.0000           -0.3940456             -10.7225 (HOMO)
       249                         -0.3236769              -8.8077 (LUMO)
       250                         -0.3232012              -8.7948
       251                         -0.3210764              -8.7369
       252                         -0.3196841              -8.6990
       253                         -0.3093550              -8.4180
       254                         -0.3092857              -8.4161
       255                         -0.3059299              -8.3248
       256                         -0.3037366              -8.2651
       257                         -0.2997473              -8.1565
       258                         -0.2993934              -8.1469
       259                         -0.2976699              -8.1000
       ...                                ...                  ...
       490                          1.4034514              38.1899
      -------------------------------------------------------------
                  HL-Gap            0.0703687 Eh            1.9148 eV
             Fermi-level           -0.3588612 Eh           -9.7651 eV

     #   Z        covCN         q      C6AA      α(0)
     1  46 Pd     3.767    -0.132   358.405    35.091
     2  46 Pd     3.767    -0.132   358.574    35.093
     3   6 C      1.982    -0.019    31.554     9.072
     4   6 C      1.982    -0.036    32.006     9.136
     5   6 C      2.965     0.044    27.007     8.524
     6   6 C      2.928    -0.022    28.554     8.763
     7   6 C      2.914    -0.016    28.409     8.740
     8   6 C      2.915    -0.031    28.773     8.796
     9   6 C      2.990     0.027    27.400     8.586
    10   6 C      2.912    -0.033    28.824     8.804
    11   6 C      2.978     0.050    26.875     8.504
    12   7 N      2.671    -0.102    23.242     7.160
    13   6 C      2.884     0.061    26.626     8.460
    14   6 C      2.985    -0.005    28.129     8.700
    15   1 H      0.926     0.065     2.141     2.288
    16   1 H      0.926     0.059     2.214     2.327
    17   1 H      0.926     0.065     2.146     2.291
    18   1 H      0.926     0.092     1.860     2.132
    19   1 H      0.924     0.132     1.517     1.926
    20   1 H      0.925     0.117     1.640     2.003
    21   6 C      2.971     0.039    27.112     8.541
    22   6 C      2.926    -0.025    28.630     8.775
    23   6 C      2.923    -0.024    28.615     8.772
    24   6 C      2.971     0.037    27.162     8.549
    25   6 C      2.926    -0.031    28.776     8.797
    26   6 C      2.924    -0.033    28.823     8.804
    27   1 H      0.926     0.044     2.402     2.424
    28   1 H      0.926     0.047     2.357     2.401
    29   1 H      0.926     0.070     2.086     2.258
    30   1 H      0.926     0.069     2.094     2.263
    31   6 C      1.983    -0.007    31.241     9.026
    32   6 C      1.980    -0.035    31.985     9.133
    33   6 C      2.965     0.048    26.920     8.510
    34   6 C      2.927    -0.006    28.165     8.703
    35   6 C      2.913    -0.028    28.697     8.784
    36   6 C      2.890     0.054    26.787     8.485
    37   7 N      2.673    -0.090    22.994     7.122
    38   6 C      2.987     0.050    26.859     8.501
    39   1 H      0.926     0.089     1.888     2.148
    40   1 H      0.926     0.092     1.856     2.130
    41   1 H      0.925     0.116     1.644     2.005
    42   1 H      0.924     0.141     1.456     1.887
    43   6 C      1.983    -0.019    31.561     9.072
    44   6 C      1.982    -0.036    32.015     9.137
    45   6 C      2.965     0.044    27.007     8.524
    46   6 C      2.928    -0.022    28.552     8.763
    47   6 C      2.914    -0.016    28.408     8.740
    48   6 C      2.915    -0.031    28.774     8.796
    49   6 C      2.990     0.027    27.401     8.587
    50   6 C      2.912    -0.033    28.827     8.804
    51   6 C      2.979     0.050    26.871     8.503
    52   7 N      2.671    -0.105    23.309     7.170
    53   6 C      2.884     0.062    26.611     8.457
    54   6 C      2.985    -0.005    28.135     8.701
    55   1 H      0.926     0.065     2.145     2.290
    56   1 H      0.926     0.059     2.214     2.327
    57   1 H      0.926     0.065     2.145     2.290
    58   1 H      0.926     0.092     1.857     2.131
    59   1 H      0.924     0.132     1.517     1.926
    60   1 H      0.925     0.116     1.648     2.008
    61   6 C      2.971     0.040    27.107     8.540
    62   6 C      2.926    -0.025    28.628     8.774
    63   6 C      2.922    -0.024    28.610     8.771
    64   6 C      2.971     0.037    27.159     8.548
    65   6 C      2.927    -0.034    28.842     8.807
    66   6 C      2.923    -0.034    28.857     8.809
    67   1 H      0.926     0.042     2.423     2.434
    68   1 H      0.926     0.045     2.378     2.411
    69   1 H      0.926     0.077     2.009     2.216
    70   1 H      0.926     0.074     2.038     2.233
    71   6 C      1.983    -0.008    31.259     9.029
    72   6 C      1.981    -0.035    31.999     9.135
    73   6 C      2.965     0.048    26.923     8.511
    74   6 C      2.927    -0.006    28.168     8.704
    75   6 C      2.913    -0.028    28.701     8.785
    76   6 C      2.890     0.054    26.794     8.487
    77   7 N      2.673    -0.092    23.033     7.128
    78   6 C      2.987     0.051    26.856     8.501
    79   1 H      0.926     0.088     1.894     2.152
    80   1 H      0.926     0.092     1.860     2.133
    81   1 H      0.925     0.116     1.647     2.007
    82   1 H      0.924     0.141     1.456     1.887
    83   6 C      1.982    -0.019    31.557     9.072
    84   6 C      1.982    -0.036    32.008     9.136
    85   6 C      2.965     0.044    27.008     8.524
    86   6 C      2.928    -0.022    28.552     8.763
    87   6 C      2.914    -0.016    28.409     8.740
    88   6 C      2.915    -0.031    28.773     8.796
    89   6 C      2.990     0.027    27.400     8.586
    90   6 C      2.912    -0.033    28.825     8.804
    91   6 C      2.977     0.050    26.873     8.503
    92   7 N      2.671    -0.104    23.287     7.167
    93   6 C      2.884     0.062    26.616     8.458
    94   6 C      2.985    -0.005    28.133     8.701
    95   1 H      0.926     0.065     2.142     2.289
    96   1 H      0.926     0.059     2.213     2.326
    97   1 H      0.926     0.065     2.145     2.290
    98   1 H      0.926     0.092     1.858     2.132
    99   1 H      0.924     0.132     1.518     1.927
   100   1 H      0.925     0.116     1.647     2.007
   101   6 C      2.971     0.040    27.109     8.540
   102   6 C      2.926    -0.025    28.625     8.774
   103   6 C      2.923    -0.024    28.610     8.772
   104   6 C      2.971     0.037    27.159     8.548
   105   6 C      2.926    -0.031    28.785     8.798
   106   6 C      2.924    -0.033    28.825     8.805
   107   1 H      0.926     0.043     2.412     2.429
   108   1 H      0.926     0.046     2.366     2.406
   109   1 H      0.926     0.072     2.061     2.245
   110   1 H      0.926     0.071     2.078     2.254
   111   6 C      1.983    -0.007    31.245     9.027
   112   6 C      1.980    -0.035    31.987     9.134
   113   6 C      2.965     0.048    26.922     8.511
   114   6 C      2.927    -0.006    28.166     8.703
   115   6 C      2.913    -0.028    28.699     8.784
   116   6 C      2.890     0.054    26.788     8.486
   117   7 N      2.673    -0.091    23.012     7.125
   118   6 C      2.987     0.050    26.859     8.501
   119   1 H      0.926     0.089     1.890     2.150
   120   1 H      0.926     0.092     1.857     2.131
   121   1 H      0.925     0.116     1.644     2.005
   122   1 H      0.924     0.141     1.455     1.887
   123   6 C      1.982    -0.019    31.564     9.073
   124   6 C      1.982    -0.035    31.989     9.134
   125   6 C      2.965     0.044    27.012     8.525
   126   6 C      2.927    -0.022    28.547     8.762
   127   6 C      2.914    -0.016    28.409     8.740
   128   6 C      2.915    -0.031    28.767     8.795
   129   6 C      2.990     0.027    27.397     8.586
   130   6 C      2.912    -0.033    28.823     8.803
   131   6 C      2.976     0.050    26.873     8.503
   132   7 N      2.672    -0.101    23.230     7.158
   133   6 C      2.884     0.061    26.620     8.459
   134   6 C      2.985    -0.005    28.132     8.700
   135   1 H      0.926     0.065     2.137     2.286
   136   1 H      0.926     0.059     2.212     2.326
   137   1 H      0.926     0.065     2.145     2.290
   138   1 H      0.926     0.092     1.858     2.132
   139   1 H      0.924     0.132     1.517     1.926
   140   1 H      0.925     0.116     1.650     2.009
   141   6 C      2.971     0.040    27.104     8.540
   142   6 C      2.926    -0.024    28.612     8.772
   143   6 C      2.923    -0.024    28.595     8.769
   144   6 C      2.971     0.037    27.161     8.549
   145   6 C      2.926    -0.031    28.785     8.798
   146   6 C      2.924    -0.033    28.822     8.804
   147   1 H      0.926     0.043     2.407     2.426
   148   1 H      0.926     0.047     2.358     2.401
   149   1 H      0.926     0.070     2.087     2.259
   150   1 H      0.926     0.068     2.111     2.272
   151   6 C      1.983    -0.008    31.255     9.028
   152   6 C      1.980    -0.034    31.976     9.132
   153   6 C      2.965     0.048    26.928     8.512
   154   6 C      2.927    -0.006    28.165     8.703
   155   6 C      2.913    -0.028    28.695     8.784
   156   6 C      2.890     0.054    26.785     8.485
   157   7 N      2.673    -0.088    22.971     7.118
   158   6 C      2.988     0.050    26.860     8.501
   159   1 H      0.926     0.089     1.885     2.147
   160   1 H      0.926     0.092     1.856     2.131
   161   1 H      0.925     0.116     1.644     2.005
   162   1 H      0.924     0.141     1.458     1.888

 Mol. C6AA /au·bohr⁶  :     443733.533843
 Mol. C8AA /au·bohr⁸  :   12719501.540734
 Mol. α(0) /au        :       1087.115969


Wiberg/Mayer (AO) data.
largest (>0.10) Wiberg bond orders for each atom
          total WBO             WBO to atom ...
     1  Pd  3.602        N   37 0.594    N  117 0.594    N  132 0.594    N   52 0.590    C  118 0.119    C   38 0.119    C   51 0.113    C  131 0.112
     2  Pd  3.602        N  157 0.596    N   12 0.592    N   77 0.592    N   92 0.591    C  158 0.119    C   78 0.118    C   11 0.112    C   91 0.112
     3  C   3.941        C    4 2.628    C   21 1.139
     4  C   3.942        C    3 2.628    C    5 1.146
     5  C   3.983        C    6 1.438    C   14 1.204    C    4 1.146
     6  C   3.966        C    5 1.438    C    7 1.355    H   15 0.967
     7  C   3.982        C    8 1.515    C    6 1.355    H   16 0.967
     8  C   3.946        C    7 1.515    C    9 1.296    H   17 0.965
     9  C   3.988        C    8 1.296    C   10 1.268    C   14 1.232
    10  C   3.978        C   11 1.561    C    9 1.268    H   18 0.960    C   13 0.102
    11  C   3.971        C   10 1.561    N   12 1.234    H   19 0.880    Pd   2 0.112
    12  N   3.528        C   13 1.438    C   11 1.234    Pd   2 0.592
    13  C   3.964        N   12 1.438    C   14 1.313    H   20 0.924    C   10 0.102
    14  C   3.979        C   13 1.313    C    9 1.232    C    5 1.204
    15  H   0.995        C    6 0.967
    16  H   0.995        C    7 0.967
    17  H   0.995        C    8 0.965
    18  H   0.991        C   10 0.960
    19  H   0.982        C   11 0.880
    20  H   0.985        C   13 0.924
    21  C   3.955        C   22 1.339    C   26 1.339    C    3 1.139
    22  C   3.974        C   23 1.481    C   21 1.339    H   27 0.969
    23  C   3.976        C   22 1.481    C   24 1.341    H   28 0.969
    24  C   3.954        C   23 1.341    C   25 1.336    C   31 1.139
    25  C   3.973        C   26 1.485    C   24 1.336    H   29 0.966
    26  C   3.972        C   25 1.485    C   21 1.339    H   30 0.966
    27  H   0.997        C   22 0.969
    28  H   0.997        C   23 0.969
    29  H   0.994        C   25 0.966
    30  H   0.994        C   26 0.966
    31  C   3.947        C   32 2.638    C   24 1.139
    32  C   3.943        C   31 2.638    C   33 1.138
    33  C   3.985        C   38 1.356    C   34 1.331    C   32 1.138
    34  C   3.964        C   35 1.466    C   33 1.331    H   39 0.963
    35  C   3.980        C   34 1.466    C   36 1.410    H   40 0.961
    36  C   3.928        C   35 1.410    N   37 1.357    H   41 0.927
    37  N   3.543        C   36 1.357    C   38 1.350    Pd   1 0.594
    38  C   3.953        C   33 1.356    N   37 1.350    H   42 0.880    Pd   1 0.119
    39  H   0.990        C   34 0.963
    40  H   0.990        C   35 0.961
    41  H   0.986        C   36 0.927
    42  H   0.980        C   38 0.880
    43  C   3.942        C   44 2.626    C   61 1.142
    44  C   3.943        C   43 2.626    C   45 1.149
    45  C   3.983        C   46 1.436    C   54 1.203    C   44 1.149
    46  C   3.972        C   45 1.436    C   47 1.356    H   55 0.967
    47  C   3.982        C   48 1.514    C   46 1.356    H   56 0.968
    48  C   3.945        C   47 1.514    C   49 1.297    H   57 0.965
    49  C   3.988        C   48 1.297    C   50 1.268    C   54 1.232
    50  C   3.978        C   51 1.561    C   49 1.268    H   58 0.960    C   53 0.101
    51  C   3.971        C   50 1.561    N   52 1.233    H   59 0.879    Pd   1 0.113
    52  N   3.525        C   53 1.438    C   51 1.233    Pd   1 0.590
    53  C   3.965        N   52 1.438    C   54 1.314    H   60 0.925    C   50 0.101
    54  C   3.978        C   53 1.314    C   49 1.232    C   45 1.203
    55  H   0.995        C   46 0.967
    56  H   0.995        C   47 0.968
    57  H   0.995        C   48 0.965
    58  H   0.990        C   50 0.960
    59  H   0.982        C   51 0.879
    60  H   0.985        C   53 0.925
    61  C   3.954        C   62 1.337    C   66 1.337    C   43 1.142
    62  C   3.980        C   63 1.483    C   61 1.337    H   67 0.969
    63  C   3.975        C   62 1.483    C   64 1.340    H   68 0.969
    64  C   3.952        C   63 1.340    C   65 1.333    C   71 1.141
    65  C   3.977        C   66 1.486    C   64 1.333    H   69 0.965
    66  C   3.970        C   65 1.486    C   61 1.337    H   70 0.965
    67  H   0.997        C   62 0.969
    68  H   0.997        C   63 0.969
    69  H   0.993        C   65 0.965
    70  H   0.993        C   66 0.965
    71  C   3.947        C   72 2.637    C   64 1.141
    72  C   3.943        C   71 2.637    C   73 1.141
    73  C   3.985        C   78 1.353    C   74 1.331    C   72 1.141
    74  C   3.963        C   75 1.466    C   73 1.331    H   79 0.963
    75  C   3.980        C   74 1.466    C   76 1.410    H   80 0.961
    76  C   3.927        C   75 1.410    N   77 1.356    H   81 0.927
    77  N   3.541        C   76 1.356    C   78 1.352    Pd   2 0.592
    78  C   3.957        C   73 1.353    N   77 1.352    H   82 0.880    Pd   2 0.118
    79  H   0.990        C   74 0.963
    80  H   0.990        C   75 0.961
    81  H   0.986        C   76 0.927
    82  H   0.980        C   78 0.880
    83  C   3.942        C   84 2.627    C  101 1.141
    84  C   3.943        C   83 2.627    C   85 1.148
    85  C   3.983        C   86 1.436    C   94 1.203    C   84 1.148
    86  C   3.965        C   85 1.436    C   87 1.356    H   95 0.967
    87  C   3.982        C   88 1.514    C   86 1.356    H   96 0.968
    88  C   3.945        C   87 1.514    C   89 1.296    H   97 0.965
    89  C   3.988        C   88 1.296    C   90 1.268    C   94 1.232
    90  C   3.978        C   91 1.561    C   89 1.268    H   98 0.960    C   93 0.101
    91  C   3.971        C   90 1.561    N   92 1.234    H   99 0.880    Pd   2 0.112
    92  N   3.526        C   93 1.438    C   91 1.234    Pd   2 0.591
    93  C   3.965        N   92 1.438    C   94 1.313    H  100 0.924    C   90 0.101
    94  C   3.978        C   93 1.313    C   89 1.232    C   85 1.203
    95  H   0.995        C   86 0.967
    96  H   0.995        C   87 0.968
    97  H   0.995        C   88 0.965
    98  H   0.990        C   90 0.960
    99  H   0.982        C   91 0.880
   100  H   0.985        C   93 0.924
   101  C   3.954        C  102 1.338    C  106 1.337    C   83 1.141
   102  C   3.973        C  103 1.482    C  101 1.338    H  107 0.969
   103  C   3.975        C  102 1.482    C  104 1.340    H  108 0.969
   104  C   3.953        C  103 1.340    C  105 1.334    C  111 1.140
   105  C   3.972        C  106 1.486    C  104 1.334    H  109 0.966
   106  C   3.971        C  105 1.486    C  101 1.337    H  110 0.966
   107  H   0.997        C  102 0.969
   108  H   0.997        C  103 0.969
   109  H   0.994        C  105 0.966
   110  H   0.994        C  106 0.966
   111  C   3.947        C  112 2.637    C  104 1.140
   112  C   3.943        C  111 2.637    C  113 1.140
   113  C   3.985        C  118 1.355    C  114 1.331    C  112 1.140
   114  C   3.963        C  115 1.466    C  113 1.331    H  119 0.963
   115  C   3.980        C  114 1.466    C  116 1.410    H  120 0.961
   116  C   3.927        C  115 1.410    N  117 1.356    H  121 0.927
   117  N   3.542        C  116 1.356    C  118 1.351    Pd   1 0.594
   118  C   3.952        C  113 1.355    N  117 1.351    H  122 0.880    Pd   1 0.119
   119  H   0.990        C  114 0.963
   120  H   0.990        C  115 0.961
   121  H   0.986        C  116 0.927
   122  H   0.980        C  118 0.880
   123  C   3.942        C  124 2.627    C  141 1.142
   124  C   3.943        C  123 2.627    C  125 1.148
   125  C   3.983        C  126 1.437    C  134 1.202    C  124 1.148
   126  C   3.964        C  125 1.437    C  127 1.355    H  135 0.967
   127  C   3.982        C  128 1.515    C  126 1.355    H  136 0.968
   128  C   3.945        C  127 1.515    C  129 1.296    H  137 0.965
   129  C   3.988        C  128 1.296    C  130 1.268    C  134 1.232
   130  C   3.978        C  131 1.561    C  129 1.268    H  138 0.960    C  133 0.102
   131  C   3.971        C  130 1.561    N  132 1.234    H  139 0.880    Pd   1 0.112
   132  N   3.529        C  133 1.438    C  131 1.234    Pd   1 0.594
   133  C   3.965        N  132 1.438    C  134 1.313    H  140 0.924    C  130 0.102
   134  C   3.978        C  133 1.313    C  129 1.232    C  125 1.202
   135  H   0.995        C  126 0.967
   136  H   0.995        C  127 0.968
   137  H   0.995        C  128 0.965
   138  H   0.990        C  130 0.960
   139  H   0.982        C  131 0.880
   140  H   0.985        C  133 0.924
   141  C   3.954        C  142 1.338    C  146 1.336    C  123 1.142
   142  C   3.972        C  143 1.482    C  141 1.338    H  147 0.969
   143  C   3.975        C  142 1.482    C  144 1.340    H  148 0.969
   144  C   3.952        C  143 1.340    C  145 1.333    C  151 1.141
   145  C   3.972        C  146 1.487    C  144 1.333    H  149 0.966
   146  C   3.971        C  145 1.487    C  141 1.336    H  150 0.966
   147  H   0.997        C  142 0.969
   148  H   0.997        C  143 0.969
   149  H   0.994        C  145 0.966
   150  H   0.994        C  146 0.966
   151  C   3.948        C  152 2.638    C  144 1.141
   152  C   3.943        C  151 2.638    C  153 1.140
   153  C   3.985        C  158 1.355    C  154 1.330    C  152 1.140
   154  C   3.963        C  155 1.466    C  153 1.330    H  159 0.963
   155  C   3.980        C  154 1.466    C  156 1.410    H  160 0.961
   156  C   3.927        C  155 1.410    N  157 1.357    H  161 0.927
   157  N   3.544        C  156 1.357    C  158 1.350    Pd   2 0.596
   158  C   3.952        C  153 1.355    N  157 1.350    H  162 0.880    Pd   2 0.119
   159  H   0.990        C  154 0.963
   160  H   0.990        C  155 0.961
   161  H   0.986        C  156 0.927
   162  H   0.980        C  158 0.880

molecular dipole:
                 x           y           z       tot (Debye)
 q only:       -0.233      -0.015       0.015
   full:       -0.269      -0.020       0.112       0.742
molecular quadrupole (traceless):
                xx          xy          yy          xz          yz          zz
 q only:     -274.256     -64.405     552.063      -2.091       2.188    -277.806
  q+dip:     -297.234     -69.579     595.079      -2.577       2.359    -297.845
   full:     -277.984     -65.248     558.247      -2.256       1.797    -280.262

           -------------------------------------------------
          |               Frequency Printout                |
           -------------------------------------------------
 projected vibrational frequencies (cm-1)
eigval :       -0.00    -0.00    -0.00     0.00     0.00     0.00
eigval :        5.70     6.74     7.60     9.21     9.59    14.87
eigval :       16.05    16.79    18.10    20.51    20.56    21.22
eigval :       21.70    27.38    29.46    29.90    30.98    38.27
eigval :       43.09    44.27    47.45    49.48    53.68    53.96
eigval :       54.72    55.15    58.20    61.74    66.81    76.70
eigval :       77.42    79.28    81.10    83.73    83.90    95.13
eigval :       95.96   111.56   112.33   113.86   114.24   119.26
eigval :      121.87   126.91   131.17   133.73   141.34   141.83
eigval :      146.62   147.03   150.51   151.24   152.93   157.47
eigval :      157.87   159.45   167.75   168.73   169.11   170.72
eigval :      170.96   171.23   176.43   177.06   208.91   209.49
eigval :      209.59   211.05   236.26   241.51   245.99   247.43
eigval :      251.04   253.30   257.62   257.87   271.37   286.65
eigval :      287.06   294.93   298.36   298.83   301.26   302.01
eigval :      309.83   310.22   320.14   327.14   330.30   330.61
eigval :      332.76   336.22   344.99   345.63   361.83   363.01
eigval :      363.84   364.34   365.76   366.31   379.57   380.21
eigval :      394.71   394.76   394.97   395.33   402.07   402.24
eigval :      431.78   431.89   432.07   432.79   438.28   438.68
eigval :      439.01   439.14   441.18   441.54   452.62   453.00
eigval :      454.18   454.24   460.91   461.24   472.28   472.37
eigval :      476.31   477.74   477.81   478.42   484.16   485.82
eigval :      490.52   490.58   495.76   501.58   502.62   505.42
eigval :      507.20   507.85   514.57   515.44   517.93   518.39
eigval :      520.16   520.72   523.49   523.90   533.55   534.26
eigval :      536.10   536.35   573.06   573.14   586.06   602.69
eigval :      611.53   611.76   611.88   612.64   619.36   619.72
eigval :      620.83   622.81   622.88   626.39   626.63   629.54
eigval :      635.44   635.54   651.97   664.65   664.96   668.89
eigval :      669.11   671.19   675.71   675.99   676.24   676.66
eigval :      715.02   715.22   724.94   725.03   725.35   725.46
eigval :      731.34   732.97   768.29   768.75   773.97   774.36
eigval :      775.35   775.79   775.90   776.10   801.03   801.12
eigval :      801.25   805.53   807.13   807.34   809.02   809.91
eigval :      810.38   811.46   814.10   819.15   820.35   820.78
eigval :      824.53   824.89   836.27   836.94   843.32   843.60
eigval :      856.30   857.09   858.41   859.84   860.09   861.28
eigval :      861.57   862.26   876.13   877.21   877.32   881.59
eigval :      890.40   890.51   892.21   892.39   892.59   893.14
eigval :      893.93   894.10   900.93   901.14   901.25   901.65
eigval :      901.76   902.08   903.44   903.54   904.94   906.37
eigval :      909.58   911.32   923.34   923.61   923.81   923.97
eigval :      930.57   930.67   930.71   930.94   934.88   934.95
eigval :      935.23   935.50   997.50   997.66   997.80   998.14
eigval :     1007.66  1007.70  1009.96  1012.12  1049.11  1049.71
eigval :     1049.75  1049.96  1074.52  1074.59  1075.09  1075.39
eigval :     1090.60  1090.76  1094.08  1094.22  1109.78  1110.18
eigval :     1110.20  1110.24  1119.90  1120.07  1120.84  1121.16
eigval :     1126.25  1126.94  1127.54  1129.26  1156.88  1157.03
eigval :     1159.08  1159.31  1159.57  1160.02  1164.75  1165.86
eigval :     1169.45  1169.66  1172.10  1172.29  1172.39  1172.41
eigval :     1178.38  1178.62  1186.30  1186.40  1187.32  1189.23
eigval :     1198.92  1199.05  1200.57  1200.62  1214.59  1214.65
eigval :     1216.86  1217.53  1224.66  1224.86  1225.06  1225.34
eigval :     1228.69  1229.14  1237.92  1238.39  1253.51  1253.73
eigval :     1254.02  1254.63  1289.28  1289.39  1292.23  1292.49
eigval :     1293.72  1293.96  1304.43  1305.31  1306.62  1307.46
eigval :     1307.59  1308.47  1309.14  1309.48  1314.03  1319.70
eigval :     1330.47  1330.88  1334.57  1342.32  1360.34  1360.76
eigval :     1363.60  1363.96  1370.79  1370.91  1373.01  1375.19
eigval :     1375.48  1376.04  1378.20  1384.73  1394.23  1394.80
eigval :     1395.15  1395.87  1401.97  1402.12  1404.83  1405.45
eigval :     1423.30  1423.41  1425.35  1426.88  1444.63  1445.10
eigval :     1446.90  1448.36  1466.26  1466.35  1482.51  1482.86
eigval :     1489.06  1489.28  1489.87  1490.58  1526.22  1526.53
eigval :     1527.73  1528.38  1529.41  1529.69  1529.87  1529.93
eigval :     1530.11  1530.67  1531.73  1532.87  1544.86  1545.07
eigval :     1552.06  1553.44  1558.21  1558.28  1560.27  1561.84
eigval :     1568.21  1568.30  1577.15  1577.65  1577.82  1578.29
eigval :     1608.96  1609.33  2293.66  2293.99  2294.67  2294.79
eigval :     2303.96  2304.62  2304.90  2305.30  2896.70  2898.06
eigval :     2902.77  2903.07  2904.66  2905.62  2912.75  2912.98
eigval :     3028.09  3028.89  3028.96  3030.53  3042.66  3042.83
eigval :     3043.51  3043.95  3088.41  3088.60  3089.15  3090.38
eigval :     3094.01  3094.30  3094.42  3094.52  3099.86  3099.95
eigval :     3100.49  3101.67  3101.86  3103.34  3103.39  3103.81
eigval :     3104.36  3104.54  3106.40  3106.83  3107.07  3107.11
eigval :     3107.23  3109.22  3109.41  3109.43  3109.51  3109.66
eigval :     3110.67  3110.86  3111.12  3111.25  3113.18  3116.15
eigval :     3117.90  3118.92  3119.27  3119.37  3119.53  3121.68
 reduced masses (amu)
   1: 21.35   2: 25.27   3: 21.33   4: 22.94   5: 23.36   6: 24.16   7: 11.34   8: 11.02
   9: 12.00  10: 17.52  11: 16.41  12: 11.31  13: 13.19  14: 13.94  15: 10.51  16: 15.78
  17: 11.92  18: 18.30  19: 18.39  20: 11.09  21: 12.14  22: 12.11  23: 11.79  24: 17.81
  25: 16.21  26: 17.34  27: 11.44  28: 16.27  29: 17.85  30: 11.96  31: 11.15  32: 18.14
  33: 11.09  34: 11.39  35: 12.57  36: 12.27  37: 12.71  38: 33.47  39: 12.06  40: 14.43
  41: 13.43  42: 13.51  43: 11.41  44: 11.94  45: 12.03  46: 11.58  47: 11.62  48: 11.59
  49: 21.84  50: 14.39  51: 11.06  52: 11.95  53: 11.10  54: 11.16  55: 12.20  56: 12.28
  57: 11.82  58: 11.26  59: 10.75  60: 15.66  61: 15.25  62: 13.22  63:  9.83  64: 14.02
  65: 13.93  66: 11.89  67: 11.92  68: 10.22  69: 20.10  70: 19.51  71: 19.25  72: 13.31
  73: 20.38  74: 12.61  75: 45.29  76: 44.89  77: 22.26  78: 26.11  79: 10.95  80: 11.53
  81: 60.61  82: 59.67  83: 11.39  84: 34.31  85: 34.17  86: 13.04  87: 10.70  88: 10.65
  89: 11.76  90: 11.75  91: 25.10  92: 25.52  93: 14.55  94: 11.67  95: 11.87  96: 11.73
  97: 12.73  98: 11.68  99: 11.62 100: 11.57 101:  8.91 102:  8.95 103: 10.14 104: 12.96
 105:  8.98 106: 12.96 107:  9.88 108:  9.96 109:  9.57 110:  9.56 111:  9.51 112:  9.57
 113: 13.59 114: 13.58 115: 11.89 116: 11.89 117: 11.89 118: 11.89 119: 11.42 120: 11.45
 121: 11.52 122: 11.49 123: 10.33 124: 10.49 125: 11.54 126: 11.55 127: 12.11 128: 12.10
 129: 11.57 130: 11.56 131: 11.24 132: 11.24 133: 11.14 134: 11.09 135: 11.08 136: 11.11
 137: 11.42 138: 11.57 139: 12.37 140: 12.38 141: 11.41 142: 10.50 143: 10.56 144: 11.48
 145: 10.09 146: 10.08 147: 10.08 148:  9.90 149: 11.42 150: 11.08 151: 11.40 152: 11.35
 153: 11.96 154: 11.84 155: 10.07 156: 10.05 157: 10.30 158: 10.31 159: 13.19 160: 13.19
 161: 11.72 162: 11.72 163: 11.42 164: 11.42 165: 11.42 166: 11.42 167: 11.34 168: 11.35
 169: 11.56 170: 11.80 171: 11.81 172: 11.87 173: 11.87 174: 11.41 175: 12.47 176: 12.47
 177: 11.60 178:  9.30 179:  9.29 180:  9.59 181:  9.57 182: 11.49 183: 11.10 184: 11.11
 185: 11.10 186: 11.13 187: 11.56 188: 11.56 189: 10.58 190: 10.60 191: 10.59 192: 10.60
 193: 11.42 194: 11.33 195:  4.67 196:  4.71 197:  4.95 198:  4.94 199:  4.01 200:  4.08
 201:  3.84 202:  4.15 203: 11.48 204: 11.52 205: 11.55 206: 11.39 207: 11.24 208: 11.36
 209:  5.02 210: 10.13 211:  5.25 212:  5.75 213:  4.89 214: 11.05 215:  4.09 216:  4.10
 217:  4.02 218:  4.03 219:  3.94 220:  3.94 221:  3.93 222:  3.94 223:  3.39 224:  3.47
 225:  3.35 226:  3.65 227:  4.19 228:  4.24 229:  4.29 230:  4.07 231: 10.95 232: 11.25
 233: 11.26 234: 11.08 235:  3.70 236:  3.73 237:  3.94 238:  3.93 239:  3.64 240:  3.61
 241:  3.79 242:  3.74 243: 10.11 244: 10.51 245:  4.01 246:  3.97 247:  5.13 248:  4.74
 249:  7.78 250:  7.11 251:  3.29 252:  3.22 253:  3.09 254: 11.66 255:  3.76 256:  3.74
 257:  3.76 258:  3.76 259:  3.79 260:  3.79 261:  3.79 262:  3.79 263:  3.70 264:  3.70
 265:  3.70 266:  3.70 267: 10.79 268: 10.79 269: 10.56 270: 10.43 271:  9.45 272:  9.46
 273:  9.81 274:  9.47 275:  9.56 276:  9.35 277:  9.35 278:  9.33 279:  7.37 280:  7.41
 281:  7.63 282:  7.57 283:  6.24 284:  6.25 285:  6.30 286:  6.30 287:  6.14 288:  6.13
 289:  6.13 290:  6.16 291:  3.74 292:  3.74 293:  3.85 294:  3.87 295:  3.15 296:  3.15
 297:  3.17 298:  3.22 299:  3.21 300:  3.23 301:  7.02 302:  7.05 303:  6.55 304:  6.40
 305:  3.95 306:  4.73 307:  2.42 308:  2.38 309:  3.89 310:  3.98 311:  3.95 312:  3.93
 313:  2.22 314:  2.15 315:  3.27 316:  3.25 317:  3.24 318:  3.20 319:  5.17 320:  5.15
 321:  5.08 322:  5.09 323:  6.11 324:  6.14 325:  5.81 326:  6.19 327:  5.40 328:  5.41
 329:  5.33 330:  5.61 331:  3.15 332:  3.14 333:  3.14 334:  3.15 335:  3.19 336:  3.19
 337:  3.19 338:  3.19 339:  7.61 340:  7.64 341:  7.41 342:  7.53 343: 12.30 344: 12.27
 345: 11.44 346: 11.46 347: 11.25 348: 11.24 349: 11.19 350: 11.24 351:  9.52 352:  9.57
 353:  9.67 354:  9.75 355:  9.56 356:  9.54 357:  9.92 358: 10.23 359: 10.53 360: 10.52
 361: 10.57 362: 10.55 363:  9.86 364:  9.86 365:  9.69 366: 10.26 367: 10.27 368: 10.31
 369:  8.95 370:  9.78 371: 10.29 372: 10.31 373: 10.31 374: 10.28 375: 10.88 376: 10.89
 377: 11.22 378: 11.29 379: 10.10 380: 10.12 381: 10.25 382: 10.07 383: 11.09 384: 11.11
 385: 11.05 386: 10.83 387: 11.03 388: 11.03 389: 11.12 390: 11.25 391: 10.71 392: 10.75
 393: 10.77 394: 10.80 395: 11.60 396: 11.60 397: 11.61 398: 11.60 399: 11.64 400: 11.65
 401: 11.67 402: 11.75 403: 11.76 404: 11.68 405: 11.80 406: 11.85 407: 11.71 408: 11.71
 409: 11.73 410: 11.72 411: 11.53 412: 11.52 413: 11.39 414: 11.40 415: 11.53 416: 11.53
 417: 11.50 418: 11.49 419: 11.50 420: 11.49 421: 11.66 422: 11.66 423: 12.01 424: 12.01
 425: 12.01 426: 12.01 427: 12.01 428: 12.01 429: 12.01 430: 12.01 431:  1.86 432:  1.86
 433:  1.87 434:  1.87 435:  1.86 436:  1.86 437:  1.86 438:  1.86 439:  1.83 440:  1.83
 441:  1.83 442:  1.83 443:  1.84 444:  1.84 445:  1.84 446:  1.84 447:  1.78 448:  1.79
 449:  1.79 450:  1.79 451:  1.78 452:  1.78 453:  1.78 454:  1.78 455:  1.88 456:  1.88
 457:  1.88 458:  1.88 459:  1.78 460:  1.84 461:  1.84 462:  1.84 463:  1.84 464:  1.79
 465:  1.82 466:  1.82 467:  1.78 468:  1.82 469:  1.82 470:  1.89 471:  1.88 472:  1.87
 473:  1.82 474:  1.89 475:  1.87 476:  1.87 477:  1.87 478:  1.86 479:  1.88 480:  1.88
 481:  1.89 482:  1.90 483:  1.90 484:  1.90 485:  1.89 486:  1.88
 IR intensities (amu)
   1:  0.43   2:  0.37   3:  0.48   4:  0.29   5:  0.44   6:  0.58   7:  0.02   8:  0.04
   9:  0.21  10:  0.46  11:  0.43  12:  0.02  13:  0.04  14:  0.12  15:  0.06  16:  0.02
  17:  0.09  18:  0.03  19:  0.07  20:  0.07  21:  0.05  22:  0.07  23:  0.06  24:  0.27
  25:  0.05  26:  0.31  27:  0.07  28:  0.18  29:  0.13  30:  0.15  31:  0.05  32:  0.07
  33:  0.01  34:  0.01  35:  0.03  36:  0.10  37:  0.09  38:  0.06  39:  0.03  40:  0.06
  41:  0.06  42:  0.00  43:  0.01  44:  0.03  45:  0.06  46:  0.10  47:  0.12  48:  0.02
  49:  0.02  50:  0.09  51:  0.01  52:  0.01  53:  0.01  54:  0.01  55:  0.01  56:  0.02
  57:  0.03  58:  0.03  59:  0.01  60:  0.23  61:  0.24  62:  0.03  63:  0.03  64:  0.48
  65:  0.47  66:  0.30  67:  0.30  68:  0.12  69:  0.11  70:  0.07  71:  0.57  72:  0.28
  73:  0.62  74:  0.23  75:  0.48  76:  0.14  77:  0.21  78:  0.13  79:  0.02  80:  0.07
  81:  0.97  82:  0.98  83:  0.03  84:  0.45  85:  0.44  86:  0.06  87:  0.03  88:  0.01
  89:  0.19  90:  0.18  91:  0.50  92:  0.50  93:  0.03  94:  0.14  95:  0.17  96:  0.14
  97:  0.23  98:  0.06  99:  0.10 100:  0.10 101:  0.01 102:  0.12 103:  0.12 104:  0.08
 105:  0.06 106:  0.01 107:  0.02 108:  0.03 109:  0.05 110:  0.07 111:  0.04 112:  0.01
 113:  0.11 114:  0.11 115:  0.13 116:  0.08 117:  0.13 118:  0.11 119:  0.03 120:  0.02
 121:  0.02 122:  0.03 123:  0.01 124:  0.02 125:  0.12 126:  0.11 127:  0.17 128:  0.18
 129:  0.11 130:  0.16 131:  0.05 132:  0.05 133:  0.16 134:  0.01 135:  0.02 136:  0.00
 137:  0.01 138:  0.15 139:  0.11 140:  0.11 141:  0.11 142:  0.01 143:  0.01 144:  0.01
 145:  0.09 146:  0.09 147:  0.07 148:  0.07 149:  0.17 150:  0.16 151:  0.08 152:  0.17
 153:  0.06 154:  0.06 155:  0.01 156:  0.01 157:  0.12 158:  0.13 159:  0.55 160:  0.55
 161:  0.03 162:  0.37 163:  0.01 164:  0.02 165:  0.02 166:  0.02 167:  0.02 168:  0.02
 169:  0.01 170:  0.19 171:  0.19 172:  0.13 173:  0.15 174:  0.90 175:  0.29 176:  0.29
 177:  0.19 178:  0.03 179:  0.01 180:  0.20 181:  0.21 182:  0.01 183:  0.04 184:  0.03
 185:  0.05 186:  0.04 187:  0.40 188:  0.40 189:  0.02 190:  0.04 191:  0.12 192:  0.11
 193:  0.21 194:  0.01 195:  0.03 196:  0.03 197:  0.32 198:  0.33 199:  0.07 200:  0.06
 201:  0.03 202:  0.06 203:  0.44 204:  0.33 205:  0.25 206:  0.04 207:  0.45 208:  0.45
 209:  0.15 210:  0.13 211:  0.33 212:  0.22 213:  0.16 214:  0.29 215:  0.03 216:  0.04
 217:  0.43 218:  0.42 219:  0.02 220:  0.02 221:  0.08 222:  0.08 223:  0.01 224:  0.02
 225:  0.02 226:  0.01 227:  0.06 228:  0.06 229:  0.03 230:  0.04 231:  0.02 232:  0.17
 233:  0.17 234:  0.52 235:  0.01 236:  0.01 237:  0.01 238:  0.01 239:  0.03 240:  0.03
 241:  0.01 242:  0.01 243:  0.21 244:  0.22 245:  0.03 246:  0.04 247:  0.17 248:  0.15
 249:  0.10 250:  0.10 251:  0.02 252:  0.05 253:  0.02 254:  0.03 255:  0.01 256:  0.01
 257:  0.07 258:  0.05 259:  0.03 260:  0.01 261:  0.03 262:  0.03 263:  0.02 264:  0.01
 265:  0.02 266:  0.02 267:  0.13 268:  0.14 269:  0.42 270:  0.01 271:  0.04 272:  0.04
 273:  0.01 274:  0.05 275:  0.57 276:  0.17 277:  0.16 278:  0.05 279:  0.18 280:  0.33
 281:  0.64 282:  0.60 283:  0.48 284:  0.48 285:  0.55 286:  0.40 287:  0.41 288:  0.38
 289:  0.42 290:  0.43 291:  0.33 292:  0.34 293:  0.06 294:  0.09 295:  0.05 296:  0.03
 297:  0.04 298:  0.04 299:  0.37 300:  0.35 301:  1.05 302:  0.78 303:  1.62 304:  0.40
 305:  0.10 306:  0.02 307:  0.24 308:  0.24 309:  0.18 310:  0.26 311:  0.22 312:  0.19
 313:  0.10 314:  0.04 315:  0.42 316:  0.42 317:  0.62 318:  0.05 319:  0.35 320:  0.35
 321:  0.11 322:  0.09 323:  0.03 324:  0.03 325:  0.42 326:  0.01 327:  0.13 328:  0.14
 329:  0.15 330:  0.52 331:  0.03 332:  0.03 333:  0.05 334:  0.03 335:  0.08 336:  0.08
 337:  0.09 338:  0.03 339:  0.01 340:  0.02 341:  0.04 342:  0.03 343:  0.28 344:  0.28
 345:  0.35 346:  0.02 347:  0.12 348:  0.10 349:  0.13 350:  0.10 351:  0.27 352:  0.26
 353:  0.15 354:  0.01 355:  0.04 356:  0.04 357:  0.01 358:  1.23 359:  0.46 360:  0.45
 361:  1.88 362:  2.11 363:  0.62 364:  0.62 365:  0.02 366:  0.10 367:  0.09 368:  0.63
 369:  0.14 370:  0.00 371:  0.24 372:  0.33 373:  0.23 374:  0.14 375:  1.56 376:  1.56
 377:  0.08 378:  0.29 379:  0.18 380:  0.15 381:  2.56 382:  0.06 383:  0.14 384:  0.14
 385:  0.08 386:  0.57 387:  0.54 388:  0.54 389:  0.13 390:  0.65 391:  0.15 392:  0.14
 393:  0.14 394:  0.08 395:  0.46 396:  0.48 397:  0.05 398:  0.24 399:  0.32 400:  0.29
 401:  0.15 402:  0.36 403:  0.30 404:  1.54 405:  0.53 406:  0.02 407:  0.12 408:  0.17
 409:  3.39 410:  0.17 411:  1.35 412:  1.35 413:  0.06 414:  0.88 415:  0.70 416:  0.68
 417:  0.43 418:  0.08 419:  0.07 420:  0.12 421:  0.64 422:  0.78 423:  0.89 424:  0.64
 425:  0.86 426:  0.20 427:  2.09 428:  1.30 429:  0.58 430:  5.79 431:  0.09 432:  0.09
 433:  0.11 434:  0.11 435:  0.07 436:  0.08 437:  0.07 438:  0.11 439:  0.11 440:  0.10
 441:  0.12 442:  0.10 443:  0.08 444:  0.08 445:  0.08 446:  0.08 447:  0.13 448:  0.12
 449:  0.12 450:  0.13 451:  0.14 452:  0.14 453:  0.15 454:  0.13 455:  0.27 456:  0.35
 457:  0.34 458:  0.33 459:  0.10 460:  0.17 461:  0.18 462:  0.17 463:  0.18 464:  0.06
 465:  0.05 466:  0.05 467:  0.06 468:  0.05 469:  0.05 470:  0.28 471:  0.23 472:  0.25
 473:  0.19 474:  0.27 475:  0.20 476:  0.23 477:  0.22 478:  0.16 479:  0.11 480:  0.15
 481:  0.12 482:  0.03 483:  0.04 484:  0.03 485:  0.04 486:  0.14
 Raman intensities (amu)
   1:  0.00   2:  0.00   3:  0.00   4:  0.00   5:  0.00   6:  0.00   7:  0.00   8:  0.00
   9:  0.00  10:  0.00  11:  0.00  12:  0.00  13:  0.00  14:  0.00  15:  0.00  16:  0.00
  17:  0.00  18:  0.00  19:  0.00  20:  0.00  21:  0.00  22:  0.00  23:  0.00  24:  0.00
  25:  0.00  26:  0.00  27:  0.00  28:  0.00  29:  0.00  30:  0.00  31:  0.00  32:  0.00
  33:  0.00  34:  0.00  35:  0.00  36:  0.00  37:  0.00  38:  0.00  39:  0.00  40:  0.00
  41:  0.00  42:  0.00  43:  0.00  44:  0.00  45:  0.00  46:  0.00  47:  0.00  48:  0.00
  49:  0.00  50:  0.00  51:  0.00  52:  0.00  53:  0.00  54:  0.00  55:  0.00  56:  0.00
  57:  0.00  58:  0.00  59:  0.00  60:  0.00  61:  0.00  62:  0.00  63:  0.00  64:  0.00
  65:  0.00  66:  0.00  67:  0.00  68:  0.00  69:  0.00  70:  0.00  71:  0.00  72:  0.00
  73:  0.00  74:  0.00  75:  0.00  76:  0.00  77:  0.00  78:  0.00  79:  0.00  80:  0.00
  81:  0.00  82:  0.00  83:  0.00  84:  0.00  85:  0.00  86:  0.00  87:  0.00  88:  0.00
  89:  0.00  90:  0.00  91:  0.00  92:  0.00  93:  0.00  94:  0.00  95:  0.00  96:  0.00
  97:  0.00  98:  0.00  99:  0.00 100:  0.00 101:  0.00 102:  0.00 103:  0.00 104:  0.00
 105:  0.00 106:  0.00 107:  0.00 108:  0.00 109:  0.00 110:  0.00 111:  0.00 112:  0.00
 113:  0.00 114:  0.00 115:  0.00 116:  0.00 117:  0.00 118:  0.00 119:  0.00 120:  0.00
 121:  0.00 122:  0.00 123:  0.00 124:  0.00 125:  0.00 126:  0.00 127:  0.00 128:  0.00
 129:  0.00 130:  0.00 131:  0.00 132:  0.00 133:  0.00 134:  0.00 135:  0.00 136:  0.00
 137:  0.00 138:  0.00 139:  0.00 140:  0.00 141:  0.00 142:  0.00 143:  0.00 144:  0.00
 145:  0.00 146:  0.00 147:  0.00 148:  0.00 149:  0.00 150:  0.00 151:  0.00 152:  0.00
 153:  0.00 154:  0.00 155:  0.00 156:  0.00 157:  0.00 158:  0.00 159:  0.00 160:  0.00
 161:  0.00 162:  0.00 163:  0.00 164:  0.00 165:  0.00 166:  0.00 167:  0.00 168:  0.00
 169:  0.00 170:  0.00 171:  0.00 172:  0.00 173:  0.00 174:  0.00 175:  0.00 176:  0.00
 177:  0.00 178:  0.00 179:  0.00 180:  0.00 181:  0.00 182:  0.00 183:  0.00 184:  0.00
 185:  0.00 186:  0.00 187:  0.00 188:  0.00 189:  0.00 190:  0.00 191:  0.00 192:  0.00
 193:  0.00 194:  0.00 195:  0.00 196:  0.00 197:  0.00 198:  0.00 199:  0.00 200:  0.00
 201:  0.00 202:  0.00 203:  0.00 204:  0.00 205:  0.00 206:  0.00 207:  0.00 208:  0.00
 209:  0.00 210:  0.00 211:  0.00 212:  0.00 213:  0.00 214:  0.00 215:  0.00 216:  0.00
 217:  0.00 218:  0.00 219:  0.00 220:  0.00 221:  0.00 222:  0.00 223:  0.00 224:  0.00
 225:  0.00 226:  0.00 227:  0.00 228:  0.00 229:  0.00 230:  0.00 231:  0.00 232:  0.00
 233:  0.00 234:  0.00 235:  0.00 236:  0.00 237:  0.00 238:  0.00 239:  0.00 240:  0.00
 241:  0.00 242:  0.00 243:  0.00 244:  0.00 245:  0.00 246:  0.00 247:  0.00 248:  0.00
 249:  0.00 250:  0.00 251:  0.00 252:  0.00 253:  0.00 254:  0.00 255:  0.00 256:  0.00
 257:  0.00 258:  0.00 259:  0.00 260:  0.00 261:  0.00 262:  0.00 263:  0.00 264:  0.00
 265:  0.00 266:  0.00 267:  0.00 268:  0.00 269:  0.00 270:  0.00 271:  0.00 272:  0.00
 273:  0.00 274:  0.00 275:  0.00 276:  0.00 277:  0.00 278:  0.00 279:  0.00 280:  0.00
 281:  0.00 282:  0.00 283:  0.00 284:  0.00 285:  0.00 286:  0.00 287:  0.00 288:  0.00
 289:  0.00 290:  0.00 291:  0.00 292:  0.00 293:  0.00 294:  0.00 295:  0.00 296:  0.00
 297:  0.00 298:  0.00 299:  0.00 300:  0.00 301:  0.00 302:  0.00 303:  0.00 304:  0.00
 305:  0.00 306:  0.00 307:  0.00 308:  0.00 309:  0.00 310:  0.00 311:  0.00 312:  0.00
 313:  0.00 314:  0.00 315:  0.00 316:  0.00 317:  0.00 318:  0.00 319:  0.00 320:  0.00
 321:  0.00 322:  0.00 323:  0.00 324:  0.00 325:  0.00 326:  0.00 327:  0.00 328:  0.00
 329:  0.00 330:  0.00 331:  0.00 332:  0.00 333:  0.00 334:  0.00 335:  0.00 336:  0.00
 337:  0.00 338:  0.00 339:  0.00 340:  0.00 341:  0.00 342:  0.00 343:  0.00 344:  0.00
 345:  0.00 346:  0.00 347:  0.00 348:  0.00 349:  0.00 350:  0.00 351:  0.00 352:  0.00
 353:  0.00 354:  0.00 355:  0.00 356:  0.00 357:  0.00 358:  0.00 359:  0.00 360:  0.00
 361:  0.00 362:  0.00 363:  0.00 364:  0.00 365:  0.00 366:  0.00 367:  0.00 368:  0.00
 369:  0.00 370:  0.00 371:  0.00 372:  0.00 373:  0.00 374:  0.00 375:  0.00 376:  0.00
 377:  0.00 378:  0.00 379:  0.00 380:  0.00 381:  0.00 382:  0.00 383:  0.00 384:  0.00
 385:  0.00 386:  0.00 387:  0.00 388:  0.00 389:  0.00 390:  0.00 391:  0.00 392:  0.00
 393:  0.00 394:  0.00 395:  0.00 396:  0.00 397:  0.00 398:  0.00 399:  0.00 400:  0.00
 401:  0.00 402:  0.00 403:  0.00 404:  0.00 405:  0.00 406:  0.00 407:  0.00 408:  0.00
 409:  0.00 410:  0.00 411:  0.00 412:  0.00 413:  0.00 414:  0.00 415:  0.00 416:  0.00
 417:  0.00 418:  0.00 419:  0.00 420:  0.00 421:  0.00 422:  0.00 423:  0.00 424:  0.00
 425:  0.00 426:  0.00 427:  0.00 428:  0.00 429:  0.00 430:  0.00 431:  0.00 432:  0.00
 433:  0.00 434:  0.00 435:  0.00 436:  0.00 437:  0.00 438:  0.00 439:  0.00 440:  0.00
 441:  0.00 442:  0.00 443:  0.00 444:  0.00 445:  0.00 446:  0.00 447:  0.00 448:  0.00
 449:  0.00 450:  0.00 451:  0.00 452:  0.00 453:  0.00 454:  0.00 455:  0.00 456:  0.00
 457:  0.00 458:  0.00 459:  0.00 460:  0.00 461:  0.00 462:  0.00 463:  0.00 464:  0.00
 465:  0.00 466:  0.00 467:  0.00 468:  0.00 469:  0.00 470:  0.00 471:  0.00 472:  0.00
 473:  0.00 474:  0.00 475:  0.00 476:  0.00 477:  0.00 478:  0.00 479:  0.00 480:  0.00
 481:  0.00 482:  0.00 483:  0.00 484:  0.00 485:  0.00 486:  0.00
 output can be read by thermo (or use thermo option).
 writing <g98.out> molden fake output.
 recommended (thermochemical) frequency scaling factor: 1.0
           -------------------------------------------------
          |             Thermodynamic Functions             |
           -------------------------------------------------

Refinement of some symmetry elements was terminated before convergence was reached.
Some symmetry elements may remain unidentified.
Molecule has no symmetry elements
It seems to be the C1 point group
c1  symmetry found (for desy threshold:  0.10E+00) used in thermo

          ...................................................
          :                      SETUP                      :
          :.................................................:
          :  # frequencies                         480      :
          :  # imaginary freq.                       0      :
          :  linear?                             false      :
          :  only rotor calc.                    false      :
          :  symmetry                               c1      :
          :  rotational number                       1      :
          :  scaling factor                  1.0000000      :
          :  rotor cutoff                   50.0000000 cm⁻¹ :
          :  imag. cutoff                  -20.0000000 cm⁻¹ :
          :.................................................:

    mode    ω/cm⁻¹     T·S(HO)/kcal·mol⁻¹    T·S(FR)/kcal·mol⁻¹   T·S(vib)
   ------------------------------------------------------------------------
       1      5.70    -2.72190 (  0.02%)    -1.70004 ( 99.98%)    -1.70022
       2      6.74    -2.62260 (  0.03%)    -1.65039 ( 99.97%)    -1.65071
       3      7.60    -2.55111 (  0.05%)    -1.61464 ( 99.95%)    -1.61514
       4      9.21    -2.43756 (  0.11%)    -1.55786 ( 99.89%)    -1.55887
       5      9.59    -2.41347 (  0.13%)    -1.54582 ( 99.87%)    -1.54699
       6     14.87    -2.15361 (  0.78%)    -1.41585 ( 99.22%)    -1.42157
       7     16.05    -2.10824 (  1.05%)    -1.39316 ( 98.95%)    -1.40067
       8     16.79    -2.08141 (  1.26%)    -1.37974 ( 98.74%)    -1.38855
       9     18.10    -2.03720 (  1.69%)    -1.35762 ( 98.31%)    -1.36908
      10     20.51    -1.96310 (  2.75%)    -1.32054 ( 97.25%)    -1.33823
      11     20.56    -1.96150 (  2.78%)    -1.31974 ( 97.22%)    -1.33759
      12     21.22    -1.94305 (  3.14%)    -1.31051 ( 96.86%)    -1.33037
      13     21.70    -1.92968 (  3.43%)    -1.30382 ( 96.57%)    -1.32526
      14     27.38    -1.79209 (  8.25%)    -1.23494 ( 91.75%)    -1.28091
      15     29.46    -1.74887 ( 10.75%)    -1.21330 ( 89.25%)    -1.27087
      16     29.90    -1.74010 ( 11.33%)    -1.20891 ( 88.67%)    -1.26910
      17     30.98    -1.71909 ( 12.84%)    -1.19838 ( 87.16%)    -1.26524
      18     38.27    -1.59406 ( 25.56%)    -1.13573 ( 74.44%)    -1.25287
      19     43.09    -1.52408 ( 35.55%)    -1.10062 ( 64.45%)    -1.25115
      20     44.27    -1.50810 ( 38.06%)    -1.09260 ( 61.94%)    -1.25076
      21     47.45    -1.46712 ( 44.79%)    -1.07203 ( 55.21%)    -1.24900
      22     49.48    -1.44248 ( 48.95%)    -1.05965 ( 51.05%)    -1.24706
      23     53.68    -1.39447 ( 57.05%)    -1.03552 ( 42.95%)    -1.24030
      24     53.96    -1.39138 ( 57.56%)    -1.03397 ( 42.44%)    -1.23971
      25     54.72    -1.38315 ( 58.92%)    -1.02983 ( 41.08%)    -1.23801
      26     55.15    -1.37848 ( 59.69%)    -1.02748 ( 40.31%)    -1.23698
      27     58.20    -1.34686 ( 64.73%)    -1.01158 ( 35.27%)    -1.22861
      28     61.74    -1.31207 ( 69.93%)    -0.99406 ( 30.07%)    -1.21643
      29     66.81    -1.26573 ( 76.12%)    -0.97070 ( 23.88%)    -1.19527
      30     76.70    -1.18474 ( 84.70%)    -0.92980 ( 15.30%)    -1.14574
      31     77.42    -1.17922 ( 85.18%)    -0.92701 ( 14.82%)    -1.14186
      32     79.28    -1.16537 ( 86.34%)    -0.92000 ( 13.66%)    -1.13185
      33     81.10    -1.15204 ( 87.38%)    -0.91325 ( 12.62%)    -1.12191
      34     83.73    -1.13344 ( 88.72%)    -0.90383 ( 11.28%)    -1.10753
      35     83.90    -1.13219 ( 88.80%)    -0.90320 ( 11.20%)    -1.10655
      36     95.13    -1.05895 ( 92.91%)    -0.86600 (  7.09%)    -1.04527
      37     95.96    -1.05386 ( 93.14%)    -0.86341 (  6.86%)    -1.04079
      38    111.56    -0.96648 ( 96.12%)    -0.81880 (  3.88%)    -0.96075
      39    112.33    -0.96248 ( 96.22%)    -0.81676 (  3.78%)    -0.95698
      40    113.86    -0.95470 ( 96.41%)    -0.81277 (  3.59%)    -0.94961
      41    114.24    -0.95276 ( 96.46%)    -0.81178 (  3.54%)    -0.94777
      42    119.26    -0.92796 ( 97.00%)    -0.79904 (  3.00%)    -0.92410
      43    121.87    -0.91549 ( 97.24%)    -0.79263 (  2.76%)    -0.91210
      44    126.91    -0.89218 ( 97.65%)    -0.78062 (  2.35%)    -0.88956
      45    131.17    -0.87323 ( 97.93%)    -0.77083 (  2.07%)    -0.87111
      46    133.73    -0.86214 ( 98.08%)    -0.76510 (  1.92%)    -0.86028
      47    141.34    -0.83055 ( 98.46%)    -0.74871 (  1.54%)    -0.82929
      48    141.83    -0.82855 ( 98.48%)    -0.74768 (  1.52%)    -0.82732
      49    146.62    -0.80967 ( 98.67%)    -0.73785 (  1.33%)    -0.80871
      50    147.03    -0.80806 ( 98.68%)    -0.73701 (  1.32%)    -0.80713
      51    150.51    -0.79479 ( 98.80%)    -0.73008 (  1.20%)    -0.79401
      52    151.24    -0.79205 ( 98.82%)    -0.72865 (  1.18%)    -0.79130
      53    152.93    -0.78577 ( 98.87%)    -0.72537 (  1.13%)    -0.78509
      54    157.47    -0.76920 ( 98.99%)    -0.71669 (  1.01%)    -0.76867
      55    157.87    -0.76779 ( 99.00%)    -0.71595 (  1.00%)    -0.76727
      56    159.45    -0.76217 ( 99.04%)    -0.71300 (  0.96%)    -0.76170
      57    167.75    -0.73362 ( 99.22%)    -0.69797 (  0.78%)    -0.73334
      58    168.73    -0.73034 ( 99.23%)    -0.69624 (  0.77%)    -0.73008
      59    169.11    -0.72909 ( 99.24%)    -0.69558 (  0.76%)    -0.72884
      60    170.72    -0.72377 ( 99.27%)    -0.69276 (  0.73%)    -0.72355
      61    170.96    -0.72300 ( 99.27%)    -0.69235 (  0.73%)    -0.72277
      62    171.23    -0.72211 ( 99.28%)    -0.69189 (  0.72%)    -0.72189
      63    176.43    -0.70538 ( 99.36%)    -0.68302 (  0.64%)    -0.70524
      64    177.06    -0.70340 ( 99.37%)    -0.68197 (  0.63%)    -0.70327
      65    208.91    -0.61215 ( 99.67%)    -0.63296 (  0.33%)    -0.61221
      66    209.49    -0.61066 ( 99.68%)    -0.63214 (  0.32%)    -0.61072
      67    209.59    -0.61039 ( 99.68%)    -0.63200 (  0.32%)    -0.61046
      68    211.05    -0.60661 ( 99.69%)    -0.62994 (  0.31%)    -0.60668
      69    236.26    -0.54587 ( 99.80%)    -0.59651 (  0.20%)    -0.54597
      70    241.51    -0.53421 ( 99.82%)    -0.59001 (  0.18%)    -0.53432
      71    245.99    -0.52448 ( 99.83%)    -0.58455 (  0.17%)    -0.52458
      72    247.43    -0.52142 ( 99.83%)    -0.58283 (  0.17%)    -0.52152
      73    251.04    -0.51379 ( 99.84%)    -0.57854 (  0.16%)    -0.51390
      74    253.30    -0.50910 ( 99.85%)    -0.57589 (  0.15%)    -0.50920
      75    257.62    -0.50025 ( 99.86%)    -0.57087 (  0.14%)    -0.50035
      76    257.87    -0.49975 ( 99.86%)    -0.57059 (  0.14%)    -0.49985
      77    271.37    -0.47330 ( 99.88%)    -0.55547 (  0.12%)    -0.47340
      78    286.65    -0.44534 ( 99.91%)    -0.53924 (  0.09%)    -0.44543
      79    287.06    -0.44460 ( 99.91%)    -0.53881 (  0.09%)    -0.44469
      80    294.93    -0.43098 ( 99.92%)    -0.53080 (  0.08%)    -0.43106
      81    298.36    -0.42518 ( 99.92%)    -0.52738 (  0.08%)    -0.42526
      82    298.83    -0.42439 ( 99.92%)    -0.52691 (  0.08%)    -0.42447
   ------------------------------------------------------------------------

   temp. (K)  partition function   enthalpy   heat capacity  entropy
                                   cal/mol     cal/K/mol   cal/K/mol   J/K/mol
 298.15  VIB  0.303E+48            55881.113    353.326    356.811
         ROT  0.824E+09              888.752      2.981     43.778
         INT  0.250E+57            56769.866    356.306    400.589
         TR   0.581E+29             1481.254      4.968     47.836
         TOT                       58251.1195   361.2745   448.4246  1876.2083

       T/K    H(0)-H(T)+PV         H(T)/Eh          T*S/Eh         G(T)/Eh
   ------------------------------------------------------------------------
    298.15    0.928291E-01    0.127569E+01    0.213061E+00    0.106263E+01
   ------------------------------------------------------------------------

         :::::::::::::::::::::::::::::::::::::::::::::::::::::
         ::                  THERMODYNAMIC                  ::
         :::::::::::::::::::::::::::::::::::::::::::::::::::::
         :: total free energy        -264.109056363102 Eh   ::
         ::.................................................::
         :: total energy             -265.171686186425 Eh   ::
         :: zero point energy           1.182861729326 Eh   ::
         :: G(RRHO) w/o ZPVE           -0.120231906004 Eh   ::
         :: G(RRHO) contrib.            1.062629823322 Eh   ::
         :::::::::::::::::::::::::::::::::::::::::::::::::::::

           -------------------------------------------------
          | TOTAL ENERGY             -265.171686186425 Eh   |
          | TOTAL ENTHALPY           -263.895995389321 Eh   |
          | TOTAL FREE ENERGY        -264.109056363102 Eh   |
          | GRADIENT NORM               0.000662922093 Eh/α |
          | HOMO-LUMO GAP               1.914830616895 eV   |
           -------------------------------------------------

------------------------------------------------------------------------
 * finished run on 2021/06/21 at 21:39:30.937     
------------------------------------------------------------------------
 total:
 * wall-time:     0 d,  0 h,  7 min, 45.062 sec
 *  cpu-time:     0 d,  0 h, 45 min, 14.366 sec
 * ratio c/w:     5.837 speedup
 SCF:
 * wall-time:     0 d,  0 h,  0 min,  1.159 sec
 *  cpu-time:     0 d,  0 h,  0 min,  5.853 sec
 * ratio c/w:     5.048 speedup
 numerical hessian:
 * wall-time:     0 d,  0 h,  7 min, 43.101 sec
 *  cpu-time:     0 d,  0 h, 45 min,  7.494 sec
 * ratio c/w:     5.846 speedup

