      -----------------------------------------------------------      
     |                   =====================                   |     
     |                           x T B                           |     
     |                   =====================                   |     
     |                         S. Grimme                         |     
     |          Mulliken Center for Theoretical Chemistry        |     
     |                    University of Bonn                     |     
     |                Version 6.2 RC2 (SAW190805)                |     
      -----------------------------------------------------------      

   This program is distributed in the hope that it will be useful,
   but WITHOUT ANY WARRANTY; without even the implied warranty of
   MERCHANTABILITY or FITNESS FOR A PARTICULAR PURPOSE.
   
   FOR NON-COMMERCIAL, ACADEMIA USE ONLY.
   
   Cite this work as:
   * S. Grimme, C. Bannwarth, P. Shushkov, J. Chem. Theory Comput., 2017,
     13, 1989-2009. DOI: 10.1021/acs.jctc.7b00118
   * C. Bannwarth, S. Ehlert and S. Grimme., J. Chem. Theory Comput., 2019,
     15, 1652-1671. DOI: 10.1021/acs.jctc.8b01176
   * P. Pracht, E. Caldeweyher, S. Ehlert, S. Grimme, ChemRxiv, 2019, preprint.
     DOI: 10.26434/chemrxiv.8326202.v1
   
   for DFT-D4:
   * E. Caldeweyher, C. Bannwarth and S. Grimme, J. Chem. Phys., 2017,
     147, 034112. DOI: 10.1063/1.4993215
   * E. Caldeweyher, S. Ehlert, A. Hansen, H. Neugebauer, S. Spicher,
     C. Bannwarth and S. Grimme, J. Chem. Phys., 2019, 150, 154122.
     DOI: 10.1063/1.5090222
   
   for sTDA-xTB:
   * S. Grimme and C. Bannwarth, J. Chem. Phys., 2016, 145, 054103.
     DOI: 10.1063/1.4959605
   
   in the mass-spec context:
   * V. Asgeirsson, C. Bauer and S. Grimme, Chem. Sci., 2017, 8, 4879.
     DOI: 10.1039/c7sc00601b
   
   for metadynamics refer to:
   * S. Grimme, J. Chem. Theory Comput., 2019, 155, 2847-2862
     DOI: 10.1021/acs.jctc.9b00143
   
   with help from (in alphabetical order)
   C. Bannwarth, F. Bohle, G. Brandenburg, E. Caldeweyher, M. Checinski,
   S. Dohm, S. Ehlert, S. Ehrlich, F. März, H. Neugebauer, J. Pisarek,
   P. Pracht, P. Shushkov, and S. Spicher.
   
 * started run on 2021/06/21 at 21:18:29.361     

           -------------------------------------------------
          |                Calculation Setup                |
           -------------------------------------------------

          program call               : /home/atarzia/software/xtb-190806/bin/xtb /data/atarzia/projects/unsymm/screening/production/free_energy_calculations/fe_4b3_c/input_structure.xyz --gfn 2 --hess --parallel 6 --etemp 300 --gbsa dmso --chrg 4 --uhf 0 -I det_control.in
          coordinate file            : /data/atarzia/projects/unsymm/screening/production/free_energy_calculations/fe_4b3_c/input_structure.xyz
          omp threads                :                     6
          number of atoms            :                   162
          number of electrons        :                   496
          charge                     :                     4
          spin                       :                   0.0
          first test random number   :      0.75667654132354


########################################################################
# WARNING! Please study the warnings concerning your input carefully
#  - XTBHOME is not set, using HOME instead
#  - XTBPATH is not set, using XTBHOME instead
#  - Process number higher than OMP_NUM_THREADS, I hope you know what you are doing.
########################################################################

           ------------------------------------------------- 
          |                 G F N 2 - x T B                 |
          | Geometry, Frequencies, Noncovalent interactions |
          |            JCTC 2019 parametrisation            |
           ------------------------------------------------- 
             k(s)              :                1.8500
             k(p)              :                2.2300
             k(d)              :                2.2300
             k(f)              :                2.0000
             kEN (H0ij)        :               -2.0000
             D4 a1             :                0.5200
             D4 a2             :                5.0000
             D4 s6             :                1.0000
             D4 s8             :                2.7000
             D4 s9             :                5.0000
             alphaj            :                2.0000

  Z AO/shell   Hii/eV     exponent
  1     Wed Apr 25 08:07:45 CEST 2018   EN: 2.200 GM2: 0.406  GM3: 0.0800  RAES: 1.40
     1s    -10.707211    1.230000
  6     Wed Apr 25 08:07:45 CEST 2018   EN: 2.550 GM2: 0.538  GM3: 0.1500  RAES: 3.00
     2s    -13.970922    2.096432
     2p    -10.063292    1.800000
  7     Wed Apr 25 08:07:45 CEST 2018   EN: 3.040 GM2: 0.461  GM3:-0.0640  RAES: 1.90
     2s    -16.686243    2.339881
     2p    -12.523956    2.014332
 46     Wed Apr 25 16:26:58 CEST 2018   EN: 2.200 GM2: 0.273  GM3: 0.0800  RAES: 5.00
     4d    -11.963518    2.353691
     5s     -9.714059    1.828354
     5p     -2.035281    1.333352

 Solvent             : dmso
 Using internal parameter file: .param_gbsa2_dmso
 Gsolv ref. state (COSMO-RS): gsolv [1 M gas/solution]
 temperature (mdtemp)       :    298.150000000000     
 dielectric constant        :    46.6800000000000     
 rho                        :    1.10000000000000     
 mass                       :    78.1300000000000     
 surface tension            :    15.5689454083859     
 probe radius               :   0.949087640000000     
 vdW radii scaling          :    1.00000000000000     
 Gshift (Eh)                :   5.161738145414381E-003
 c1                         :    1.63948621000000     
 soset                      :   1.179665000000000E-002
 HB correction              :  T
           ------------------------------------------------- 
          |        Self-Consistent Charge Iterations        |
           ------------------------------------------------- 

          ...................................................
          :                      SETUP                      :
          :.................................................:
          :  # basis functions                 492          :
          :  # atomic orbitals                 490          :
          :  # shells                          270          :
          :  # electrons                       496          :
          :  max. iterations                   250          :
          :  Hamiltonian                  GFN2-xTB          :
          :  restarted?                      false          :
          :  GBSA solvation                   true          :
          :  PC potential                    false          :
          :  electronic temp.          300.0000000     K    :
          :  accuracy                    1.0000000          :
          :  -> integral cutoff          0.2500000E+02      :
          :  -> integral neglect         0.1000000E-07      :
          :  -> SCF convergence          0.1000000E-05 Eh   :
          :  -> wf. convergence          0.1000000E-03 e    :
          :  Broyden damping             0.4000000          :
          ...................................................

 iter      E             dE          RMSdq      gap      omega  full diag
   1   -269.6559052 -0.269656E+03  0.632E+00    2.20       0.0  T
   2   -270.0418346 -0.385929E+00  0.416E+00    1.67       1.0  T
   3   -269.7275654  0.314269E+00  0.222E+00    1.79       1.0  T
   4   -270.1989890 -0.471424E+00  0.972E-01    1.95       1.0  T
   5   -270.2755524 -0.765635E-01  0.454E-01    1.93       1.0  T
   6   -270.3006791 -0.251267E-01  0.197E-01    1.95       1.0  T
   7   -270.3032069 -0.252781E-02  0.924E-02    1.96       1.0  T
   8   -270.3032915 -0.846377E-04  0.394E-02    1.96       1.0  T
   9   -270.3034057 -0.114175E-03  0.148E-02    1.96       1.0  T
  10   -270.3034156 -0.987615E-05  0.656E-03    1.96       1.2  T
  11   -270.3034158 -0.178594E-06  0.417E-03    1.96       1.9  T
  12   -270.3034164 -0.646682E-06  0.235E-03    1.96       3.3  T
  13   -270.3034170 -0.549439E-06  0.980E-04    1.96       8.0  T
  14   -270.3034170 -0.511939E-07  0.516E-04    1.96      15.2  T

   *** convergence criteria satisfied after 14 iterations ***

         #    Occupation            Energy/Eh            Energy/eV
      -------------------------------------------------------------
         1        2.0000           -0.7311514             -19.8956
       ...           ...                  ...                  ...
       242        2.0000           -0.4190143             -11.4020
       243        2.0000           -0.4130913             -11.2408
       244        2.0000           -0.4126926             -11.2299
       245        2.0000           -0.3958859             -10.7726
       246        2.0000           -0.3956221             -10.7654
       247        2.0000           -0.3947380             -10.7414
       248        2.0000           -0.3945866             -10.7372 (HOMO)
       249                         -0.3226742              -8.7804 (LUMO)
       250                         -0.3217959              -8.7565
       251                         -0.3208432              -8.7306
       252                         -0.3201942              -8.7129
       253                         -0.3094246              -8.4199
       ...                                ...                  ...
       490                          1.4642793              39.8451
      -------------------------------------------------------------
                  HL-Gap            0.0719124 Eh            1.9568 eV
             Fermi-level           -0.3586304 Eh           -9.7588 eV

 SCC (total)                   0 d,  0 h,  0 min,  1.950 sec
 SCC setup                      ...        0 min,  0.186 sec (  9.518%)
 Dispersion                     ...        0 min,  0.052 sec (  2.675%)
 integral evaluation            ...        0 min,  0.350 sec ( 17.940%)
 zeroth order Hamiltonian       ...        0 min,  0.006 sec (  0.320%)
 iterations                     ...        0 min,  1.085 sec ( 55.667%)
 molecular gradient             ...        0 min,  0.262 sec ( 13.443%)
 printout                       ...        0 min,  0.008 sec (  0.433%)

         :::::::::::::::::::::::::::::::::::::::::::::::::::::
         ::                     SUMMARY                     ::
         :::::::::::::::::::::::::::::::::::::::::::::::::::::
         :: total energy            -265.173889391357 Eh    ::
         :: total w/o Gsasa/hb      -265.047673670134 Eh    ::
         :: gradient norm              0.000654182894 Eh/a0 ::
         :: HOMO-LUMO gap              1.956836530125 eV    ::
         ::.................................................::
         :: SCC energy              -270.415672610103 Eh    ::
         :: -> isotropic ES            0.591434070733 Eh    ::
         :: -> anisotropic ES         -0.081340406762 Eh    ::
         :: -> anisotropic XC          0.194251404491 Eh    ::
         :: -> dispersion             -0.234767244928 Eh    ::
         :: -> Gsolv                  -0.631200249502 Eh    ::
         ::    -> Gborn               -0.504984528280 Eh    ::
         ::    -> Gsasa               -0.117417327867 Eh    ::
         ::    -> Ghb                 -0.013960131501 Eh    ::
         ::    -> Gshift               0.005161738145 Eh    ::
         :: repulsion energy           5.236046036457 Eh    ::
         :: add. restraining           0.000000000000 Eh    ::
         :::::::::::::::::::::::::::::::::::::::::::::::::::::

           ------------------------------------------------- 
          |                Numerical Hessian                |
           ------------------------------------------------- 
step length          :   0.00500
SCC accuracy         :   0.30000
Hessian scale factor :   1.00000
frozen atoms in %    :   0.00000    0
RMS gradient         :   0.00065
estimated CPU  time    104.75 min
estimated wall time     28.05 min

writing file <hessian>.

 projected vibrational frequencies (cm-1)
eigval :       -0.00    -0.00    -0.00    -0.00     0.00     0.00
eigval :        4.64     7.99     9.33    15.68    16.02    16.32
eigval :       17.07    18.25    19.15    19.48    21.65    23.97
eigval :       24.51    26.63    31.21    32.86    34.23    40.58
eigval :       43.48    44.33    47.09    47.78    48.18    51.67
eigval :       55.88    58.23    60.01    63.54    64.21    73.13
eigval :       79.97    85.12    86.43    87.07    89.95    90.25
eigval :       96.85   110.59   112.36   114.49   115.00   117.17
eigval :      120.70   121.85   128.81   130.15   132.63   136.51
eigval :      137.36   143.46   146.12   148.87   149.34   152.68
eigval :      153.50   161.49   161.75   167.36   169.09   173.13
eigval :      178.16   179.07   189.51   190.85   193.59   194.22
eigval :      196.12   199.92   213.22   215.76   236.02   237.85
eigval :      245.31   249.44   254.45   257.22   265.53   273.78
eigval :      276.65   282.35   297.67   303.22   304.71   306.21
eigval :      307.61   311.45   314.14   316.44   320.91   321.48
eigval :      333.41   333.86   346.88   350.07   352.87   355.51
eigval :      362.07   362.36   364.51   364.84   385.27   385.93
eigval :      393.97   394.39   395.34   395.68   397.46   397.57
eigval :      431.73   431.78   434.33   434.40   437.47   437.58
eigval :      439.34   439.53   444.06   444.22   450.13   450.20
eigval :      452.09   452.20   454.06   454.16   471.74   471.88
eigval :      473.95   474.36   477.49   477.60   477.80   478.34
eigval :      487.01   488.80   489.56   489.92   506.52   506.76
eigval :      508.44   508.85   515.90   516.32   516.92   517.58
eigval :      519.96   521.46   522.86   523.32   534.52   535.13
eigval :      537.96   538.28   564.09   565.79   566.57   568.32
eigval :      611.22   611.35   611.69   611.82   620.61   621.16
eigval :      621.29   621.51   623.29   623.80   626.27   626.32
eigval :      629.02   630.34   630.71   632.36   665.72   665.87
eigval :      673.52   673.79   676.26   676.33   676.84   677.06
eigval :      711.75   712.15   712.81   713.76   724.70   724.85
eigval :      725.61   725.73   770.64   771.05   776.43   776.89
eigval :      778.66   779.05   780.97   781.47   795.28   798.06
eigval :      799.08   800.04   803.69   805.87   806.29   806.79
eigval :      812.26   812.57   813.83   814.17   825.25   825.48
eigval :      835.61   835.88   844.54   844.73   857.43   857.83
eigval :      859.19   859.53   861.12   861.33   862.27   862.69
eigval :      868.02   868.76   869.28   873.43   874.99   876.57
eigval :      888.50   888.92   892.68   893.11   893.32   893.80
eigval :      894.02   895.93   896.32   896.92   898.93   899.50
eigval :      901.31   901.45   905.29   905.62   909.43   909.64
eigval :      911.93   912.40   922.11   922.15   923.11   923.90
eigval :      930.21   930.45   930.47   930.88   934.83   934.87
eigval :      935.12   935.32   994.01   995.50   997.72   998.52
eigval :     1006.65  1007.31  1008.67  1008.90  1047.63  1047.80
eigval :     1048.49  1048.52  1076.06  1076.11  1077.46  1077.70
eigval :     1085.35  1085.44  1088.70  1088.79  1108.93  1108.96
eigval :     1109.20  1109.23  1118.49  1118.52  1119.97  1120.18
eigval :     1126.58  1126.84  1127.63  1128.00  1154.28  1154.73
eigval :     1158.17  1158.79  1159.99  1160.56  1164.02  1164.15
eigval :     1169.19  1169.45  1171.72  1172.28  1172.92  1173.27
eigval :     1174.00  1174.30  1185.52  1186.07  1187.60  1188.26
eigval :     1198.14  1199.32  1200.60  1201.29  1214.03  1214.64
eigval :     1216.56  1217.25  1221.91  1222.20  1224.42  1224.69
eigval :     1228.99  1229.05  1238.09  1238.19  1252.45  1252.72
eigval :     1253.96  1254.23  1289.49  1290.27  1291.32  1292.60
eigval :     1293.60  1294.58  1294.87  1296.14  1303.23  1303.40
eigval :     1306.16  1306.30  1307.61  1308.04  1308.58  1309.38
eigval :     1329.41  1330.34  1330.87  1331.49  1360.56  1361.74
eigval :     1362.07  1364.24  1370.84  1372.19  1372.42  1373.27
eigval :     1376.02  1376.84  1377.73  1378.33  1392.71  1392.95
eigval :     1394.23  1394.52  1399.13  1399.24  1400.61  1400.70
eigval :     1420.26  1421.25  1422.13  1423.38  1440.84  1442.57
eigval :     1442.81  1444.56  1468.77  1468.89  1469.14  1469.31
eigval :     1486.52  1487.07  1487.76  1488.34  1524.80  1525.24
eigval :     1526.09  1526.57  1527.73  1528.10  1528.67  1529.28
eigval :     1529.37  1529.47  1530.04  1530.25  1545.34  1545.56
eigval :     1545.98  1546.26  1559.62  1559.68  1559.81  1559.91
eigval :     1569.07  1569.13  1570.14  1570.17  1577.28  1577.43
eigval :     1577.54  1577.71  2293.64  2294.02  2296.23  2296.39
eigval :     2305.43  2305.47  2305.97  2306.38  2971.68  2972.33
eigval :     2976.40  2976.86  2981.37  2981.40  2983.23  2983.31
eigval :     2988.34  2988.77  2993.12  2993.73  3001.62  3001.63
eigval :     3005.51  3005.56  3089.38  3089.74  3090.89  3091.12
eigval :     3093.41  3093.76  3093.93  3094.49  3100.77  3101.10
eigval :     3101.71  3102.21  3102.28  3102.45  3103.16  3103.17
eigval :     3103.29  3103.39  3104.77  3105.76  3106.72  3106.96
eigval :     3106.99  3107.77  3109.07  3109.23  3109.26  3109.50
eigval :     3111.80  3111.93  3112.43  3112.54  3113.00  3113.46
eigval :     3115.67  3116.66  3118.66  3119.05  3119.15  3119.32
           -------------------------------------------------
          |                Property Printout                |
           -------------------------------------------------

    * Orbital Energies and Occupations

         #    Occupation            Energy/Eh            Energy/eV
      -------------------------------------------------------------
         1        2.0000           -0.7311519             -19.8957
       ...           ...                  ...                  ...
       236        2.0000           -0.4240293             -11.5384
       237        2.0000           -0.4238170             -11.5326
       238        2.0000           -0.4235973             -11.5267
       239        2.0000           -0.4214022             -11.4669
       240        2.0000           -0.4213283             -11.4649
       241        2.0000           -0.4200577             -11.4304
       242        2.0000           -0.4190121             -11.4019
       243        2.0000           -0.4130890             -11.2407
       244        2.0000           -0.4126902             -11.2299
       245        2.0000           -0.3958835             -10.7725
       246        2.0000           -0.3956196             -10.7654
       247        2.0000           -0.3947359             -10.7413
       248        2.0000           -0.3945845             -10.7372 (HOMO)
       249                         -0.3226730              -8.7804 (LUMO)
       250                         -0.3217949              -8.7565
       251                         -0.3208417              -8.7305
       252                         -0.3201929              -8.7129
       253                         -0.3094215              -8.4198
       254                         -0.3090494              -8.4097
       255                         -0.3082851              -8.3889
       256                         -0.3064668              -8.3394
       257                         -0.3003927              -8.1741
       258                         -0.2990222              -8.1368
       259                         -0.2972859              -8.0896
       ...                                ...                  ...
       490                          1.4642775              39.8450
      -------------------------------------------------------------
                  HL-Gap            0.0719115 Eh            1.9568 eV
             Fermi-level           -0.3586287 Eh           -9.7588 eV

     #   Z        covCN         q      C6AA      α(0)
     1  46 Pd     3.511    -0.087   274.516    34.170
     2  46 Pd     3.511    -0.087   274.511    34.169
     3   6 C      1.982    -0.020    31.582     9.075
     4   6 C      1.982    -0.036    32.011     9.137
     5   6 C      2.965     0.043    27.024     8.527
     6   6 C      2.926    -0.022    28.560     8.764
     7   6 C      2.914    -0.016    28.418     8.741
     8   6 C      2.915    -0.031    28.781     8.797
     9   6 C      2.990     0.027    27.389     8.585
    10   6 C      2.912    -0.033    28.819     8.803
    11   6 C      2.906     0.044    27.008     8.521
    12   7 N      2.667    -0.093    23.070     7.134
    13   6 C      2.896     0.061    26.638     8.462
    14   6 C      2.985    -0.004    28.125     8.699
    15   1 H      0.926     0.065     2.139     2.287
    16   1 H      0.926     0.058     2.217     2.328
    17   1 H      0.926     0.064     2.156     2.296
    18   1 H      0.926     0.090     1.876     2.142
    19   1 H      0.925     0.122     1.600     1.978
    20   1 H      0.925     0.120     1.610     1.984
    21   6 C      2.971     0.039    27.114     8.541
    22   6 C      2.923    -0.035    28.860     8.810
    23   6 C      2.926    -0.034    28.856     8.809
    24   6 C      2.972     0.037    27.168     8.550
    25   6 C      2.923    -0.024    28.615     8.772
    26   6 C      2.926    -0.025    28.631     8.775
    27   1 H      0.926     0.071     2.071     2.251
    28   1 H      0.926     0.076     2.017     2.221
    29   1 H      0.926     0.047     2.360     2.402
    30   1 H      0.926     0.043     2.411     2.428
    31   6 C      1.983    -0.008    31.260     9.029
    32   6 C      1.980    -0.035    31.990     9.134
    33   6 C      2.965     0.048    26.928     8.512
    34   6 C      2.929    -0.006    28.169     8.704
    35   6 C      2.912    -0.028    28.710     8.786
    36   6 C      2.902     0.055    26.775     8.484
    37   7 N      2.666    -0.099    23.183     7.151
    38   6 C      2.919     0.046    26.972     8.516
    39   1 H      0.926     0.090     1.882     2.145
    40   1 H      0.926     0.094     1.838     2.120
    41   1 H      0.925     0.121     1.603     1.980
    42   1 H      0.925     0.132     1.521     1.929
    43   6 C      1.982    -0.019    31.549     9.071
    44   6 C      1.982    -0.036    32.018     9.138
    45   6 C      2.965     0.044    27.013     8.525
    46   6 C      2.927    -0.022    28.565     8.765
    47   6 C      2.914    -0.016    28.413     8.741
    48   6 C      2.915    -0.031    28.783     8.798
    49   6 C      2.990     0.027    27.393     8.585
    50   6 C      2.912    -0.033    28.816     8.802
    51   6 C      2.910     0.044    27.008     8.522
    52   7 N      2.666    -0.094    23.082     7.135
    53   6 C      2.893     0.060    26.658     8.465
    54   6 C      2.985    -0.004    28.124     8.699
    55   1 H      0.926     0.065     2.136     2.285
    56   1 H      0.926     0.059     2.214     2.327
    57   1 H      0.926     0.064     2.155     2.295
    58   1 H      0.926     0.090     1.874     2.141
    59   1 H      0.925     0.122     1.595     1.975
    60   1 H      0.925     0.123     1.589     1.971
    61   6 C      2.971     0.038    27.134     8.544
    62   6 C      2.924    -0.034    28.839     8.807
    63   6 C      2.925    -0.031    28.777     8.797
    64   6 C      2.971     0.036    27.183     8.552
    65   6 C      2.924    -0.026    28.656     8.779
    66   6 C      2.925    -0.027    28.670     8.781
    67   1 H      0.926     0.067     2.113     2.273
    68   1 H      0.926     0.067     2.114     2.274
    69   1 H      0.926     0.050     2.319     2.381
    70   1 H      0.926     0.047     2.356     2.400
    71   6 C      1.983    -0.007    31.244     9.027
    72   6 C      1.980    -0.035    31.996     9.135
    73   6 C      2.965     0.048    26.918     8.510
    74   6 C      2.929    -0.006    28.172     8.705
    75   6 C      2.912    -0.029    28.713     8.787
    76   6 C      2.904     0.054    26.785     8.486
    77   7 N      2.666    -0.097    23.136     7.144
    78   6 C      2.919     0.046    26.958     8.514
    79   1 H      0.926     0.090     1.882     2.145
    80   1 H      0.926     0.094     1.838     2.120
    81   1 H      0.925     0.122     1.599     1.977
    82   1 H      0.925     0.131     1.527     1.932
    83   6 C      1.982    -0.020    31.581     9.075
    84   6 C      1.982    -0.036    32.010     9.137
    85   6 C      2.965     0.043    27.024     8.527
    86   6 C      2.926    -0.022    28.560     8.764
    87   6 C      2.914    -0.016    28.418     8.741
    88   6 C      2.915    -0.031    28.780     8.797
    89   6 C      2.990     0.027    27.389     8.585
    90   6 C      2.912    -0.033    28.820     8.803
    91   6 C      2.906     0.044    27.008     8.522
    92   7 N      2.667    -0.093    23.067     7.133
    93   6 C      2.896     0.061    26.639     8.462
    94   6 C      2.985    -0.004    28.125     8.699
    95   1 H      0.926     0.065     2.139     2.287
    96   1 H      0.926     0.058     2.217     2.328
    97   1 H      0.926     0.064     2.156     2.296
    98   1 H      0.926     0.090     1.876     2.142
    99   1 H      0.925     0.122     1.600     1.978
   100   1 H      0.925     0.120     1.609     1.984
   101   6 C      2.971     0.039    27.114     8.541
   102   6 C      2.923    -0.035    28.859     8.810
   103   6 C      2.926    -0.034    28.857     8.809
   104   6 C      2.971     0.037    27.168     8.550
   105   6 C      2.923    -0.024    28.614     8.772
   106   6 C      2.926    -0.025    28.632     8.775
   107   1 H      0.926     0.071     2.071     2.250
   108   1 H      0.926     0.076     2.016     2.220
   109   1 H      0.926     0.047     2.360     2.402
   110   1 H      0.926     0.043     2.411     2.428
   111   6 C      1.983    -0.008    31.261     9.029
   112   6 C      1.980    -0.035    31.991     9.134
   113   6 C      2.965     0.048    26.930     8.512
   114   6 C      2.929    -0.006    28.170     8.704
   115   6 C      2.912    -0.028    28.710     8.786
   116   6 C      2.902     0.055    26.777     8.485
   117   7 N      2.666    -0.099    23.179     7.150
   118   6 C      2.919     0.046    26.975     8.517
   119   1 H      0.926     0.090     1.882     2.145
   120   1 H      0.926     0.094     1.839     2.121
   121   1 H      0.925     0.121     1.603     1.980
   122   1 H      0.925     0.132     1.522     1.929
   123   6 C      1.982    -0.019    31.548     9.071
   124   6 C      1.982    -0.036    32.016     9.138
   125   6 C      2.965     0.044    27.013     8.525
   126   6 C      2.927    -0.022    28.565     8.765
   127   6 C      2.914    -0.016    28.413     8.741
   128   6 C      2.915    -0.031    28.783     8.797
   129   6 C      2.990     0.027    27.393     8.585
   130   6 C      2.912    -0.033    28.815     8.802
   131   6 C      2.910     0.044    27.007     8.521
   132   7 N      2.666    -0.095    23.094     7.137
   133   6 C      2.893     0.060    26.657     8.465
   134   6 C      2.985    -0.004    28.125     8.699
   135   1 H      0.926     0.065     2.136     2.285
   136   1 H      0.926     0.059     2.213     2.326
   137   1 H      0.926     0.064     2.154     2.295
   138   1 H      0.926     0.091     1.873     2.140
   139   1 H      0.925     0.122     1.595     1.975
   140   1 H      0.925     0.123     1.590     1.972
   141   6 C      2.971     0.039    27.133     8.544
   142   6 C      2.925    -0.027    28.670     8.781
   143   6 C      2.924    -0.026    28.654     8.778
   144   6 C      2.971     0.036    27.182     8.552
   145   6 C      2.926    -0.031    28.777     8.797
   146   6 C      2.924    -0.034    28.840     8.807
   147   1 H      0.926     0.047     2.356     2.400
   148   1 H      0.926     0.050     2.320     2.382
   149   1 H      0.926     0.068     2.112     2.273
   150   1 H      0.926     0.068     2.112     2.272
   151   6 C      1.983    -0.007    31.245     9.027
   152   6 C      1.980    -0.035    31.997     9.135
   153   6 C      2.965     0.048    26.919     8.510
   154   6 C      2.929    -0.006    28.173     8.705
   155   6 C      2.912    -0.029    28.713     8.787
   156   6 C      2.904     0.054    26.784     8.486
   157   7 N      2.666    -0.097    23.152     7.146
   158   6 C      2.919     0.046    26.958     8.514
   159   1 H      0.926     0.090     1.882     2.145
   160   1 H      0.926     0.094     1.838     2.120
   161   1 H      0.925     0.122     1.600     1.978
   162   1 H      0.925     0.131     1.526     1.932

 Mol. C6AA /au·bohr⁶  :     437327.940587
 Mol. C8AA /au·bohr⁸  :   12386503.818699
 Mol. α(0) /au        :       1085.587837


Wiberg/Mayer (AO) data.
largest (>0.10) Wiberg bond orders for each atom
          total WBO             WBO to atom ...
     1  Pd  3.517        N   92 0.599    N  132 0.599    N   37 0.593    N   77 0.592
     2  Pd  3.517        N   52 0.600    N   12 0.599    N  117 0.593    N  157 0.591
     3  C   3.942        C    4 2.627    C   21 1.141
     4  C   3.943        C    3 2.627    C    5 1.148
     5  C   3.983        C    6 1.440    C   14 1.199    C    4 1.148
     6  C   3.964        C    5 1.440    C    7 1.353    H   15 0.967
     7  C   3.982        C    8 1.518    C    6 1.353    H   16 0.968
     8  C   3.945        C    7 1.518    C    9 1.294    H   17 0.966
     9  C   3.988        C    8 1.294    C   10 1.272    C   14 1.231
    10  C   3.978        C   11 1.555    C    9 1.272    H   18 0.960    C   13 0.104
    11  C   3.969        C   10 1.555    N   12 1.245    H   19 0.905
    12  N   3.534        C   13 1.431    C   11 1.245    Pd   2 0.599
    13  C   3.967        N   12 1.431    C   14 1.319    H   20 0.912    C   10 0.104
    14  C   3.979        C   13 1.319    C    9 1.231    C    5 1.199
    15  H   0.995        C    6 0.967
    16  H   0.995        C    7 0.968
    17  H   0.995        C    8 0.966
    18  H   0.991        C   10 0.960
    19  H   0.984        C   11 0.905
    20  H   0.984        C   13 0.912
    21  C   3.955        C   22 1.338    C   26 1.337    C    3 1.141
    22  C   3.970        C   23 1.485    C   21 1.338    H   27 0.965
    23  C   3.972        C   22 1.485    C   24 1.335    H   28 0.965
    24  C   3.953        C   25 1.340    C   23 1.335    C   31 1.140
    25  C   3.975        C   26 1.482    C   24 1.340    H   29 0.969
    26  C   3.973        C   25 1.482    C   21 1.337    H   30 0.969
    27  H   0.994        C   22 0.965
    28  H   0.993        C   23 0.965
    29  H   0.997        C   25 0.969
    30  H   0.997        C   26 0.969
    31  C   3.947        C   32 2.637    C   24 1.140
    32  C   3.943        C   31 2.637    C   33 1.140
    33  C   3.985        C   38 1.350    C   34 1.336    C   32 1.140
    34  C   3.962        C   35 1.458    C   33 1.336    H   39 0.963
    35  C   3.980        C   34 1.458    C   36 1.419    H   40 0.961
    36  C   3.929        C   35 1.419    N   37 1.345    H   41 0.914
    37  N   3.537        C   38 1.361    C   36 1.345    Pd   1 0.593
    38  C   3.949        N   37 1.361    C   33 1.350    H   42 0.905
    39  H   0.990        C   34 0.963
    40  H   0.989        C   35 0.961
    41  H   0.985        C   36 0.914
    42  H   0.982        C   38 0.905
    43  C   3.940        C   44 2.631    C   61 1.132
    44  C   3.941        C   43 2.631    C   45 1.139
    45  C   3.983        C   46 1.445    C   54 1.203    C   44 1.139
    46  C   3.972        C   45 1.445    C   47 1.350    H   55 0.967
    47  C   3.982        C   48 1.520    C   46 1.350    H   56 0.967
    48  C   3.950        C   47 1.520    C   49 1.294    H   57 0.965
    49  C   3.988        C   48 1.294    C   50 1.272    C   54 1.230
    50  C   3.979        C   51 1.556    C   49 1.272    H   58 0.960    C   53 0.104
    51  C   3.969        C   50 1.556    N   52 1.243    H   59 0.903
    52  N   3.535        C   53 1.433    C   51 1.243    Pd   2 0.600
    53  C   3.966        N   52 1.433    C   54 1.317    H   60 0.913    C   50 0.104
    54  C   3.980        C   53 1.317    C   49 1.230    C   45 1.203
    55  H   0.995        C   46 0.967
    56  H   0.995        C   47 0.967
    57  H   0.995        C   48 0.965
    58  H   0.991        C   50 0.960
    59  H   0.984        C   51 0.903
    60  H   0.984        C   53 0.913
    61  C   3.956        C   66 1.343    C   62 1.342    C   43 1.132
    62  C   3.975        C   63 1.481    C   61 1.342    H   67 0.966
    63  C   3.975        C   62 1.481    C   64 1.340    H   68 0.966
    64  C   3.957        C   65 1.343    C   63 1.340    C   71 1.135
    65  C   3.977        C   66 1.478    C   64 1.343    H   69 0.968
    66  C   3.977        C   65 1.478    C   61 1.343    H   70 0.969
    67  H   0.994        C   62 0.966
    68  H   0.994        C   63 0.966
    69  H   0.996        C   65 0.968
    70  H   0.996        C   66 0.969
    71  C   3.946        C   72 2.639    C   64 1.135
    72  C   3.944        C   71 2.639    C   73 1.136
    73  C   3.985        C   78 1.352    C   74 1.338    C   72 1.136
    74  C   3.965        C   75 1.457    C   73 1.338    H   79 0.963
    75  C   3.980        C   74 1.457    C   76 1.420    H   80 0.961
    76  C   3.931        C   75 1.420    N   77 1.345    H   81 0.913
    77  N   3.536        C   78 1.361    C   76 1.345    Pd   1 0.592
    78  C   3.952        N   77 1.361    C   73 1.352    H   82 0.906
    79  H   0.990        C   74 0.963
    80  H   0.989        C   75 0.961
    81  H   0.984        C   76 0.913
    82  H   0.982        C   78 0.906
    83  C   3.942        C   84 2.627    C  101 1.141
    84  C   3.943        C   83 2.627    C   85 1.148
    85  C   3.983        C   86 1.440    C   94 1.199    C   84 1.148
    86  C   3.964        C   85 1.440    C   87 1.353    H   95 0.967
    87  C   3.982        C   88 1.518    C   86 1.353    H   96 0.968
    88  C   3.945        C   87 1.518    C   89 1.294    H   97 0.966
    89  C   3.988        C   88 1.294    C   90 1.272    C   94 1.231
    90  C   3.978        C   91 1.554    C   89 1.272    H   98 0.960    C   93 0.104
    91  C   3.969        C   90 1.554    N   92 1.246    H   99 0.905
    92  N   3.534        C   93 1.431    C   91 1.246    Pd   1 0.599
    93  C   3.967        N   92 1.431    C   94 1.319    H  100 0.912    C   90 0.104
    94  C   3.979        C   93 1.319    C   89 1.231    C   85 1.199
    95  H   0.995        C   86 0.967
    96  H   0.995        C   87 0.968
    97  H   0.995        C   88 0.966
    98  H   0.991        C   90 0.960
    99  H   0.984        C   91 0.905
   100  H   0.984        C   93 0.912
   101  C   3.954        C  102 1.338    C  106 1.337    C   83 1.141
   102  C   3.970        C  103 1.486    C  101 1.338    H  107 0.965
   103  C   3.972        C  102 1.486    C  104 1.335    H  108 0.965
   104  C   3.953        C  105 1.340    C  103 1.335    C  111 1.140
   105  C   3.975        C  106 1.483    C  104 1.340    H  109 0.969
   106  C   3.973        C  105 1.483    C  101 1.337    H  110 0.969
   107  H   0.994        C  102 0.965
   108  H   0.993        C  103 0.965
   109  H   0.997        C  105 0.969
   110  H   0.997        C  106 0.969
   111  C   3.947        C  112 2.637    C  104 1.140
   112  C   3.943        C  111 2.637    C  113 1.140
   113  C   3.985        C  118 1.350    C  114 1.335    C  112 1.140
   114  C   3.962        C  115 1.458    C  113 1.335    H  119 0.963
   115  C   3.980        C  114 1.458    C  116 1.419    H  120 0.961
   116  C   3.929        C  115 1.419    N  117 1.345    H  121 0.914
   117  N   3.537        C  118 1.361    C  116 1.345    Pd   2 0.593
   118  C   3.949        N  117 1.361    C  113 1.350    H  122 0.905
   119  H   0.990        C  114 0.963
   120  H   0.989        C  115 0.961
   121  H   0.985        C  116 0.914
   122  H   0.982        C  118 0.905
   123  C   3.940        C  124 2.630    C  141 1.132
   124  C   3.941        C  123 2.630    C  125 1.139
   125  C   3.983        C  126 1.445    C  134 1.203    C  124 1.139
   126  C   3.972        C  125 1.445    C  127 1.350    H  135 0.967
   127  C   3.982        C  128 1.520    C  126 1.350    H  136 0.967
   128  C   3.950        C  127 1.520    C  129 1.294    H  137 0.965
   129  C   3.988        C  128 1.294    C  130 1.272    C  134 1.230
   130  C   3.979        C  131 1.556    C  129 1.272    H  138 0.960    C  133 0.104
   131  C   3.969        C  130 1.556    N  132 1.243    H  139 0.903
   132  N   3.535        C  133 1.434    C  131 1.243    Pd   1 0.599
   133  C   3.966        N  132 1.434    C  134 1.316    H  140 0.913    C  130 0.104
   134  C   3.980        C  133 1.316    C  129 1.230    C  125 1.203
   135  H   0.995        C  126 0.967
   136  H   0.995        C  127 0.967
   137  H   0.995        C  128 0.965
   138  H   0.991        C  130 0.960
   139  H   0.984        C  131 0.903
   140  H   0.984        C  133 0.913
   141  C   3.956        C  142 1.344    C  146 1.342    C  123 1.132
   142  C   3.977        C  143 1.478    C  141 1.344    H  147 0.969
   143  C   3.977        C  142 1.478    C  144 1.343    H  148 0.968
   144  C   3.957        C  143 1.343    C  145 1.340    C  151 1.135
   145  C   3.975        C  146 1.481    C  144 1.340    H  149 0.966
   146  C   3.975        C  145 1.481    C  141 1.342    H  150 0.966
   147  H   0.996        C  142 0.969
   148  H   0.996        C  143 0.968
   149  H   0.994        C  145 0.966
   150  H   0.994        C  146 0.966
   151  C   3.946        C  152 2.639    C  144 1.135
   152  C   3.944        C  151 2.639    C  153 1.136
   153  C   3.985        C  158 1.352    C  154 1.338    C  152 1.136
   154  C   3.965        C  155 1.457    C  153 1.338    H  159 0.963
   155  C   3.980        C  154 1.457    C  156 1.420    H  160 0.961
   156  C   3.931        C  155 1.420    N  157 1.345    H  161 0.913
   157  N   3.536        C  158 1.361    C  156 1.345    Pd   2 0.591
   158  C   3.952        N  157 1.361    C  153 1.352    H  162 0.906
   159  H   0.990        C  154 0.963
   160  H   0.989        C  155 0.961
   161  H   0.985        C  156 0.913
   162  H   0.982        C  158 0.906

molecular dipole:
                 x           y           z       tot (Debye)
 q only:        1.197       9.253      -5.257
   full:        1.201       9.253      -5.266      27.233
molecular quadrupole (traceless):
                xx          xy          yy          xz          yz          zz
 q only:     -273.530    -137.316     529.962      43.128    -158.477    -256.432
  q+dip:     -288.459    -150.194     567.275      59.923    -175.162    -278.816
   full:     -273.976    -145.151     533.877      49.757    -169.098    -259.902

           -------------------------------------------------
          |               Frequency Printout                |
           -------------------------------------------------
 projected vibrational frequencies (cm-1)
eigval :       -0.00    -0.00    -0.00    -0.00     0.00     0.00
eigval :        4.64     7.99     9.33    15.68    16.02    16.32
eigval :       17.07    18.25    19.15    19.48    21.65    23.97
eigval :       24.51    26.63    31.21    32.86    34.23    40.58
eigval :       43.48    44.33    47.09    47.78    48.18    51.67
eigval :       55.88    58.23    60.01    63.54    64.21    73.13
eigval :       79.97    85.12    86.43    87.07    89.95    90.25
eigval :       96.85   110.59   112.36   114.49   115.00   117.17
eigval :      120.70   121.85   128.81   130.15   132.63   136.51
eigval :      137.36   143.46   146.12   148.87   149.34   152.68
eigval :      153.50   161.49   161.75   167.36   169.09   173.13
eigval :      178.16   179.07   189.51   190.85   193.59   194.22
eigval :      196.12   199.92   213.22   215.76   236.02   237.85
eigval :      245.31   249.44   254.45   257.22   265.53   273.78
eigval :      276.65   282.35   297.67   303.22   304.71   306.21
eigval :      307.61   311.45   314.14   316.44   320.91   321.48
eigval :      333.41   333.86   346.88   350.07   352.87   355.51
eigval :      362.07   362.36   364.51   364.84   385.27   385.93
eigval :      393.97   394.39   395.34   395.68   397.46   397.57
eigval :      431.73   431.78   434.33   434.40   437.47   437.58
eigval :      439.34   439.53   444.06   444.22   450.13   450.20
eigval :      452.09   452.20   454.06   454.16   471.74   471.88
eigval :      473.95   474.36   477.49   477.60   477.80   478.34
eigval :      487.01   488.80   489.56   489.92   506.52   506.76
eigval :      508.44   508.85   515.90   516.32   516.92   517.58
eigval :      519.96   521.46   522.86   523.32   534.52   535.13
eigval :      537.96   538.28   564.09   565.79   566.57   568.32
eigval :      611.22   611.35   611.69   611.82   620.61   621.16
eigval :      621.29   621.51   623.29   623.80   626.27   626.32
eigval :      629.02   630.34   630.71   632.36   665.72   665.87
eigval :      673.52   673.79   676.26   676.33   676.84   677.06
eigval :      711.75   712.15   712.81   713.76   724.70   724.85
eigval :      725.61   725.73   770.64   771.05   776.43   776.89
eigval :      778.66   779.05   780.97   781.47   795.28   798.06
eigval :      799.08   800.04   803.69   805.87   806.29   806.79
eigval :      812.26   812.57   813.83   814.17   825.25   825.48
eigval :      835.61   835.88   844.54   844.73   857.43   857.83
eigval :      859.19   859.53   861.12   861.33   862.27   862.69
eigval :      868.02   868.76   869.28   873.43   874.99   876.57
eigval :      888.50   888.92   892.68   893.11   893.32   893.80
eigval :      894.02   895.93   896.32   896.92   898.93   899.50
eigval :      901.31   901.45   905.29   905.62   909.43   909.64
eigval :      911.93   912.40   922.11   922.15   923.11   923.90
eigval :      930.21   930.45   930.47   930.88   934.83   934.87
eigval :      935.12   935.32   994.01   995.50   997.72   998.52
eigval :     1006.65  1007.31  1008.67  1008.90  1047.63  1047.80
eigval :     1048.49  1048.52  1076.06  1076.11  1077.46  1077.70
eigval :     1085.35  1085.44  1088.70  1088.79  1108.93  1108.96
eigval :     1109.20  1109.23  1118.49  1118.52  1119.97  1120.18
eigval :     1126.58  1126.84  1127.63  1128.00  1154.28  1154.73
eigval :     1158.17  1158.79  1159.99  1160.56  1164.02  1164.15
eigval :     1169.19  1169.45  1171.72  1172.28  1172.92  1173.27
eigval :     1174.00  1174.30  1185.52  1186.07  1187.60  1188.26
eigval :     1198.14  1199.32  1200.60  1201.29  1214.03  1214.64
eigval :     1216.56  1217.25  1221.91  1222.20  1224.42  1224.69
eigval :     1228.99  1229.05  1238.09  1238.19  1252.45  1252.72
eigval :     1253.96  1254.23  1289.49  1290.27  1291.32  1292.60
eigval :     1293.60  1294.58  1294.87  1296.14  1303.23  1303.40
eigval :     1306.16  1306.30  1307.61  1308.04  1308.58  1309.38
eigval :     1329.41  1330.34  1330.87  1331.49  1360.56  1361.74
eigval :     1362.07  1364.24  1370.84  1372.19  1372.42  1373.27
eigval :     1376.02  1376.84  1377.73  1378.33  1392.71  1392.95
eigval :     1394.23  1394.52  1399.13  1399.24  1400.61  1400.70
eigval :     1420.26  1421.25  1422.13  1423.38  1440.84  1442.57
eigval :     1442.81  1444.56  1468.77  1468.89  1469.14  1469.31
eigval :     1486.52  1487.07  1487.76  1488.34  1524.80  1525.24
eigval :     1526.09  1526.57  1527.73  1528.10  1528.67  1529.28
eigval :     1529.37  1529.47  1530.04  1530.25  1545.34  1545.56
eigval :     1545.98  1546.26  1559.62  1559.68  1559.81  1559.91
eigval :     1569.07  1569.13  1570.14  1570.17  1577.28  1577.43
eigval :     1577.54  1577.71  2293.64  2294.02  2296.23  2296.39
eigval :     2305.43  2305.47  2305.97  2306.38  2971.68  2972.33
eigval :     2976.40  2976.86  2981.37  2981.40  2983.23  2983.31
eigval :     2988.34  2988.77  2993.12  2993.73  3001.62  3001.63
eigval :     3005.51  3005.56  3089.38  3089.74  3090.89  3091.12
eigval :     3093.41  3093.76  3093.93  3094.49  3100.77  3101.10
eigval :     3101.71  3102.21  3102.28  3102.45  3103.16  3103.17
eigval :     3103.29  3103.39  3104.77  3105.76  3106.72  3106.96
eigval :     3106.99  3107.77  3109.07  3109.23  3109.26  3109.50
eigval :     3111.80  3111.93  3112.43  3112.54  3113.00  3113.46
eigval :     3115.67  3116.66  3118.66  3119.05  3119.15  3119.32
 reduced masses (amu)
   1: 25.07   2: 25.83   3: 15.14   4: 24.34   5: 25.20   6: 22.89   7: 12.07   8: 14.97
   9: 12.16  10: 12.84  11: 18.49  12: 11.16  13: 12.30  14: 14.14  15: 17.05  16: 17.53
  17: 10.48  18: 18.01  19: 11.40  20: 11.27  21: 15.49  22: 11.65  23: 11.17  24: 18.20
  25: 11.92  26: 13.06  27: 16.83  28: 17.81  29: 19.77  30: 12.22  31: 12.73  32: 11.04
  33: 12.01  34: 11.96  35: 11.51  36: 29.30  37: 13.07  38: 11.89  39: 15.66  40: 18.14
  41: 12.28  42: 12.28  43: 11.47  44: 20.12  45: 13.15  46: 11.48  47: 12.81  48: 11.49
  49: 11.42  50: 11.78  51: 12.91  52: 11.78  53: 13.16  54: 12.72  55: 11.09  56: 11.31
  57: 12.62  58: 13.71  59: 11.89  60: 11.58  61: 12.81  62: 15.24  63: 13.03  64: 10.19
  65: 10.57  66: 14.55  67:  9.91  68:  9.92  69: 16.01  70: 11.55  71: 12.14  72: 11.61
  73: 20.73  74: 15.62  75: 24.13  76: 22.21  77: 49.82  78: 42.54  79: 25.39  80: 19.17
  81: 22.09  82: 34.54  83: 45.03  84: 38.53  85: 41.47  86: 42.24  87: 10.96  88: 14.06
  89: 11.44  90: 13.11  91: 13.28  92: 14.74  93: 14.62  94: 15.58  95: 12.87  96: 14.93
  97: 12.06  98: 11.82  99: 12.05 100: 12.49 101: 11.90 102: 13.86 103:  9.02 104:  8.97
 105:  8.95 106:  8.96 107: 12.08 108: 12.31 109:  9.80 110:  9.92 111:  9.62 112:  9.56
 113: 11.32 114: 11.20 115: 11.89 116: 11.89 117: 11.86 118: 11.86 119: 11.50 120: 11.50
 121: 11.49 122: 11.52 123: 11.19 124: 11.24 125: 11.12 126: 11.11 127: 11.52 128: 11.54
 129: 11.68 130: 11.69 131: 11.14 132: 11.14 133: 11.28 134: 11.35 135: 11.10 136: 11.08
 137: 11.11 138: 11.15 139: 11.88 140: 11.92 141: 12.31 142: 12.26 143: 10.50 144: 10.51
 145: 10.18 146: 10.17 147: 11.15 148: 11.27 149: 11.50 150: 11.68 151: 10.88 152: 10.69
 153: 11.05 154: 10.99 155: 10.22 156: 10.24 157: 10.37 158: 10.39 159: 12.11 160: 12.32
 161: 12.18 162: 12.55 163: 11.42 164: 11.42 165: 11.42 166: 11.42 167: 11.97 168: 11.46
 169: 11.49 170: 12.20 171: 11.80 172: 11.93 173: 11.78 174: 11.77 175: 11.52 176: 11.78
 177: 11.86 178: 12.12 179:  9.35 180:  9.35 181: 10.36 182: 10.38 183: 11.11 184: 11.05
 185: 10.82 186: 10.78 187: 11.42 188: 11.41 189: 11.44 190: 11.46 191: 10.53 192: 10.54
 193: 10.66 194: 10.66 195:  4.74 196:  4.77 197:  4.11 198:  4.16 199:  4.24 200:  4.28
 201:  3.86 202:  3.95 203: 11.38 204: 11.38 205: 11.49 206: 11.50 207: 11.19 208: 11.19
 209: 11.21 210: 11.30 211:  4.94 212:  4.91 213:  4.99 214:  4.92 215:  4.07 216:  4.07
 217:  4.04 218:  4.05 219:  4.12 220:  4.12 221:  4.04 222:  4.14 223:  3.48 224:  3.56
 225:  3.53 226:  3.42 227:  4.09 228:  3.93 229:  5.05 230:  4.03 231: 10.73 232:  9.96
 233: 11.03 234: 10.95 235:  3.86 236:  3.85 237:  3.92 238:  5.05 239:  6.99 240:  5.35
 241:  5.52 242:  4.11 243:  4.35 244: 10.13 245: 10.96 246: 10.50 247:  4.00 248:  4.01
 249:  3.74 250:  4.22 251:  3.15 252:  3.12 253:  2.98 254:  2.96 255:  3.95 256:  3.96
 257:  3.82 258:  3.79 259:  3.81 260:  3.82 261:  3.82 262:  3.81 263:  3.69 264:  3.69
 265:  3.70 266:  3.69 267: 10.70 268: 10.71 269: 10.52 270: 10.54 271:  9.42 272:  9.46
 273:  9.67 274:  9.70 275:  9.50 276:  9.46 277:  9.49 278:  9.47 279:  7.17 280:  7.17
 281:  7.12 282:  7.11 283:  6.53 284:  6.53 285:  6.68 286:  6.68 287:  6.16 288:  6.16
 289:  6.17 290:  6.18 291:  3.71 292:  3.71 293:  3.71 294:  3.72 295:  3.15 296:  3.14
 297:  3.15 298:  3.16 299:  3.51 300:  3.38 301:  6.71 302:  6.51 303:  7.03 304:  6.95
 305:  3.59 306:  3.61 307:  2.68 308:  2.65 309:  3.67 310:  3.68 311:  3.74 312:  3.62
 313:  2.75 314:  2.46 315:  3.15 316:  3.30 317:  3.23 318:  3.31 319:  5.08 320:  5.20
 321:  5.27 322:  5.29 323:  5.44 324:  5.76 325:  5.61 326:  5.97 327:  5.96 328:  6.25
 329:  5.64 330:  5.91 331:  3.22 332:  3.21 333:  3.09 334:  3.06 335:  3.20 336:  3.20
 337:  3.16 338:  3.16 339:  7.95 340:  7.50 341:  8.27 342:  7.35 343: 12.04 344: 11.61
 345: 12.03 346: 11.30 347: 11.25 348: 11.32 349: 10.91 350: 11.19 351:  9.84 352:  9.69
 353:  9.95 354:  9.67 355:  9.66 356:  9.73 357:  9.53 358:  9.67 359: 10.57 360: 10.63
 361: 10.52 362: 10.52 363:  9.66 364:  9.61 365:  9.48 366:  9.56 367: 10.39 368: 10.21
 369: 10.21 370: 10.31 371: 10.25 372: 10.25 373: 10.32 374: 10.32 375: 10.95 376: 10.94
 377: 10.88 378: 10.89 379: 10.12 380: 10.16 381: 10.19 382: 10.22 383: 10.98 384: 11.00
 385: 11.01 386: 11.04 387: 11.03 388: 11.02 389: 11.03 390: 11.01 391: 10.63 392: 10.65
 393: 10.72 394: 10.74 395: 11.58 396: 11.54 397: 11.60 398: 11.56 399: 11.68 400: 11.78
 401: 11.62 402: 11.67 403: 11.76 404: 11.70 405: 11.66 406: 11.69 407: 11.69 408: 11.69
 409: 11.71 410: 11.71 411: 11.53 412: 11.53 413: 11.54 414: 11.53 415: 11.50 416: 11.50
 417: 11.49 418: 11.49 419: 11.50 420: 11.50 421: 11.49 422: 11.49 423: 12.01 424: 12.01
 425: 12.01 426: 12.01 427: 12.01 428: 12.01 429: 12.01 430: 12.01 431:  1.86 432:  1.86
 433:  1.85 434:  1.85 435:  1.85 436:  1.85 437:  1.85 438:  1.84 439:  1.84 440:  1.84
 441:  1.84 442:  1.84 443:  1.85 444:  1.85 445:  1.85 446:  1.85 447:  1.79 448:  1.79
 449:  1.79 450:  1.79 451:  1.78 452:  1.78 453:  1.78 454:  1.78 455:  1.88 456:  1.88
 457:  1.79 458:  1.88 459:  1.80 460:  1.88 461:  1.84 462:  1.84 463:  1.84 464:  1.84
 465:  1.79 466:  1.79 467:  1.82 468:  1.82 469:  1.82 470:  1.82 471:  1.90 472:  1.90
 473:  1.90 474:  1.90 475:  1.86 476:  1.86 477:  1.86 478:  1.86 479:  1.88 480:  1.88
 481:  1.89 482:  1.89 483:  1.89 484:  1.89 485:  1.89 486:  1.90
 IR intensities (amu)
   1:  0.61   2:  0.57   3:  0.20   4:  0.56   5:  0.45   6:  0.39   7:  0.21   8:  0.42
   9:  0.07  10:  0.03  11:  0.47  12:  0.05  13:  0.02  14:  0.01  15:  0.01  16:  0.01
  17:  0.09  18:  0.01  19:  0.06  20:  0.12  21:  0.00  22:  0.14  23:  0.02  24:  0.43
  25:  0.02  26:  0.18  27:  0.34  28:  0.09  29:  0.07  30:  0.03  31:  0.21  32:  0.01
  33:  0.15  34:  0.02  35:  0.09  36:  0.01  37:  0.01  38:  0.11  39:  0.01  40:  0.00
  41:  0.06  42:  0.08  43:  0.04  44:  0.14  45:  0.16  46:  0.03  47:  0.08  48:  0.11
  49:  0.08  50:  0.00  51:  0.00  52:  0.04  53:  0.00  54:  0.07  55:  0.01  56:  0.01
  57:  0.00  58:  0.03  59:  0.30  60:  0.22  61:  0.02  62:  0.03  63:  0.29  64:  0.01
  65:  0.04  66:  0.43  67:  0.02  68:  0.00  69:  0.01  70:  0.03  71:  0.40  72:  0.02
  73:  0.85  74:  0.00  75:  1.06  76:  0.06  77:  0.40  78:  0.01  79:  0.01  80:  0.61
  81:  0.74  82:  0.04  83:  1.15  84:  1.16  85:  0.02  86:  0.02  87:  0.00  88:  0.30
  89:  0.01  90:  0.00  91:  0.01  92:  0.33  93:  0.41  94:  0.42  95:  0.05  96:  0.29
  97:  0.22  98:  0.00  99:  0.14 100:  0.17 101:  0.00 102:  0.00 103:  0.08 104:  0.31
 105:  0.10 106:  0.00 107:  0.29 108:  0.00 109:  0.05 110:  0.17 111:  0.04 112:  0.07
 113:  0.16 114:  0.04 115:  0.07 116:  0.15 117:  0.12 118:  0.06 119:  0.07 120:  0.12
 121:  0.01 122:  0.03 123:  0.16 124:  0.05 125:  0.13 126:  0.06 127:  0.13 128:  0.05
 129:  0.17 130:  0.06 131:  0.02 132:  0.10 133:  0.01 134:  0.20 135:  0.02 136:  0.11
 137:  0.02 138:  0.00 139:  0.00 140:  0.01 141:  0.18 142:  0.32 143:  0.05 144:  0.19
 145:  0.03 146:  0.19 147:  0.29 148:  0.01 149:  0.22 150:  0.02 151:  0.25 152:  0.00
 153:  0.02 154:  0.15 155:  0.01 156:  0.13 157:  0.06 158:  0.21 159:  0.50 160:  0.01
 161:  0.72 162:  0.01 163:  0.05 164:  0.01 165:  0.00 166:  0.05 167:  0.38 168:  0.01
 169:  0.03 170:  0.01 171:  0.77 172:  0.03 173:  0.11 174:  0.14 175:  0.01 176:  0.30
 177:  0.00 178:  0.59 179:  0.24 180:  0.22 181:  0.02 182:  0.13 183:  0.06 184:  0.08
 185:  0.07 186:  0.02 187:  0.41 188:  0.01 189:  0.39 190:  0.00 191:  0.07 192:  0.07
 193:  0.14 194:  0.11 195:  0.24 196:  0.12 197:  0.05 198:  0.15 199:  0.10 200:  0.21
 201:  0.25 202:  0.09 203:  0.00 204:  0.01 205:  0.30 206:  0.42 207:  0.31 208:  0.00
 209:  0.43 210:  0.01 211:  0.39 212:  0.20 213:  0.05 214:  0.18 215:  0.25 216:  0.42
 217:  0.22 218:  0.25 219:  0.04 220:  0.03 221:  0.01 222:  0.02 223:  0.06 224:  0.04
 225:  0.04 226:  0.02 227:  0.01 228:  0.03 229:  0.22 230:  0.05 231:  0.29 232:  0.58
 233:  0.01 234:  0.00 235:  0.03 236:  0.02 237:  0.02 238:  0.02 239:  0.01 240:  0.04
 241:  0.03 242:  0.07 243:  0.04 244:  0.01 245:  0.28 246:  0.29 247:  0.07 248:  0.09
 249:  0.02 250:  0.10 251:  0.03 252:  0.00 253:  0.03 254:  0.04 255:  0.10 256:  0.16
 257:  0.07 258:  0.07 259:  0.02 260:  0.03 261:  0.02 262:  0.03 263:  0.02 264:  0.02
 265:  0.03 266:  0.03 267:  0.15 268:  0.00 269:  0.36 270:  0.01 271:  0.00 272:  0.07
 273:  0.01 274:  0.08 275:  0.07 276:  0.32 277:  0.13 278:  0.45 279:  0.08 280:  0.66
 281:  0.41 282:  0.48 283:  0.34 284:  0.42 285:  0.72 286:  0.25 287:  0.34 288:  0.27
 289:  0.65 290:  0.04 291:  0.30 292:  0.01 293:  0.47 294:  0.15 295:  0.08 296:  0.05
 297:  0.04 298:  0.08 299:  0.15 300:  0.48 301:  0.49 302:  0.08 303:  0.37 304:  1.86
 305:  0.58 306:  0.23 307:  0.28 308:  0.05 309:  0.04 310:  0.21 311:  0.02 312:  0.12
 313:  0.30 314:  0.04 315:  0.08 316:  0.45 317:  0.78 318:  0.06 319:  0.27 320:  0.01
 321:  0.01 322:  0.31 323:  0.01 324:  0.05 325:  0.37 326:  0.02 327:  0.05 328:  0.01
 329:  0.00 330:  0.51 331:  0.01 332:  0.01 333:  0.02 334:  0.06 335:  0.09 336:  0.06
 337:  0.03 338:  0.03 339:  0.00 340:  0.08 341:  0.00 342:  0.07 343:  0.24 344:  0.02
 345:  0.34 346:  0.01 347:  0.11 348:  0.05 349:  0.25 350:  0.03 351:  0.28 352:  0.02
 353:  0.34 354:  0.01 355:  0.02 356:  0.46 357:  0.07 358:  0.91 359:  0.02 360:  0.85
 361:  0.02 362:  2.44 363:  0.48 364:  0.80 365:  0.07 366:  0.01 367:  0.04 368:  0.44
 369:  0.94 370:  0.05 371:  0.19 372:  0.18 373:  0.26 374:  0.12 375:  1.25 376:  0.77
 377:  0.83 378:  1.34 379:  1.60 380:  1.78 381:  0.03 382:  0.01 383:  0.00 384:  0.01
 385:  0.27 386:  0.38 387:  0.50 388:  0.07 389:  0.52 390:  0.15 391:  0.16 392:  0.00
 393:  0.19 394:  0.01 395:  0.10 396:  0.55 397:  0.03 398:  0.43 399:  0.19 400:  1.33
 401:  0.30 402:  0.04 403:  1.06 404:  0.12 405:  0.54 406:  0.02 407:  1.54 408:  2.27
 409:  1.43 410:  1.30 411:  1.31 412:  0.31 413:  1.38 414:  0.08 415:  0.30 416:  0.81
 417:  0.32 418:  0.55 419:  0.24 420:  0.09 421:  0.22 422:  0.19 423:  0.77 424:  0.72
 425:  0.80 426:  0.67 427:  0.82 428:  1.68 429:  1.59 430:  5.50 431:  0.02 432:  0.02
 433:  0.01 434:  0.01 435:  0.02 436:  0.03 437:  0.01 438:  0.05 439:  0.10 440:  0.10
 441:  0.11 442:  0.12 443:  0.05 444:  0.06 445:  0.09 446:  0.15 447:  0.13 448:  0.13
 449:  0.11 450:  0.11 451:  0.14 452:  0.14 453:  0.13 454:  0.12 455:  0.27 456:  0.36
 457:  0.11 458:  0.25 459:  0.16 460:  0.33 461:  0.18 462:  0.15 463:  0.21 464:  0.17
 465:  0.07 466:  0.07 467:  0.05 468:  0.05 469:  0.06 470:  0.06 471:  0.29 472:  0.28
 473:  0.37 474:  0.36 475:  0.10 476:  0.11 477:  0.11 478:  0.12 479:  0.21 480:  0.12
 481:  0.13 482:  0.12 483:  0.02 484:  0.02 485:  0.02 486:  0.03
 Raman intensities (amu)
   1:  0.00   2:  0.00   3:  0.00   4:  0.00   5:  0.00   6:  0.00   7:  0.00   8:  0.00
   9:  0.00  10:  0.00  11:  0.00  12:  0.00  13:  0.00  14:  0.00  15:  0.00  16:  0.00
  17:  0.00  18:  0.00  19:  0.00  20:  0.00  21:  0.00  22:  0.00  23:  0.00  24:  0.00
  25:  0.00  26:  0.00  27:  0.00  28:  0.00  29:  0.00  30:  0.00  31:  0.00  32:  0.00
  33:  0.00  34:  0.00  35:  0.00  36:  0.00  37:  0.00  38:  0.00  39:  0.00  40:  0.00
  41:  0.00  42:  0.00  43:  0.00  44:  0.00  45:  0.00  46:  0.00  47:  0.00  48:  0.00
  49:  0.00  50:  0.00  51:  0.00  52:  0.00  53:  0.00  54:  0.00  55:  0.00  56:  0.00
  57:  0.00  58:  0.00  59:  0.00  60:  0.00  61:  0.00  62:  0.00  63:  0.00  64:  0.00
  65:  0.00  66:  0.00  67:  0.00  68:  0.00  69:  0.00  70:  0.00  71:  0.00  72:  0.00
  73:  0.00  74:  0.00  75:  0.00  76:  0.00  77:  0.00  78:  0.00  79:  0.00  80:  0.00
  81:  0.00  82:  0.00  83:  0.00  84:  0.00  85:  0.00  86:  0.00  87:  0.00  88:  0.00
  89:  0.00  90:  0.00  91:  0.00  92:  0.00  93:  0.00  94:  0.00  95:  0.00  96:  0.00
  97:  0.00  98:  0.00  99:  0.00 100:  0.00 101:  0.00 102:  0.00 103:  0.00 104:  0.00
 105:  0.00 106:  0.00 107:  0.00 108:  0.00 109:  0.00 110:  0.00 111:  0.00 112:  0.00
 113:  0.00 114:  0.00 115:  0.00 116:  0.00 117:  0.00 118:  0.00 119:  0.00 120:  0.00
 121:  0.00 122:  0.00 123:  0.00 124:  0.00 125:  0.00 126:  0.00 127:  0.00 128:  0.00
 129:  0.00 130:  0.00 131:  0.00 132:  0.00 133:  0.00 134:  0.00 135:  0.00 136:  0.00
 137:  0.00 138:  0.00 139:  0.00 140:  0.00 141:  0.00 142:  0.00 143:  0.00 144:  0.00
 145:  0.00 146:  0.00 147:  0.00 148:  0.00 149:  0.00 150:  0.00 151:  0.00 152:  0.00
 153:  0.00 154:  0.00 155:  0.00 156:  0.00 157:  0.00 158:  0.00 159:  0.00 160:  0.00
 161:  0.00 162:  0.00 163:  0.00 164:  0.00 165:  0.00 166:  0.00 167:  0.00 168:  0.00
 169:  0.00 170:  0.00 171:  0.00 172:  0.00 173:  0.00 174:  0.00 175:  0.00 176:  0.00
 177:  0.00 178:  0.00 179:  0.00 180:  0.00 181:  0.00 182:  0.00 183:  0.00 184:  0.00
 185:  0.00 186:  0.00 187:  0.00 188:  0.00 189:  0.00 190:  0.00 191:  0.00 192:  0.00
 193:  0.00 194:  0.00 195:  0.00 196:  0.00 197:  0.00 198:  0.00 199:  0.00 200:  0.00
 201:  0.00 202:  0.00 203:  0.00 204:  0.00 205:  0.00 206:  0.00 207:  0.00 208:  0.00
 209:  0.00 210:  0.00 211:  0.00 212:  0.00 213:  0.00 214:  0.00 215:  0.00 216:  0.00
 217:  0.00 218:  0.00 219:  0.00 220:  0.00 221:  0.00 222:  0.00 223:  0.00 224:  0.00
 225:  0.00 226:  0.00 227:  0.00 228:  0.00 229:  0.00 230:  0.00 231:  0.00 232:  0.00
 233:  0.00 234:  0.00 235:  0.00 236:  0.00 237:  0.00 238:  0.00 239:  0.00 240:  0.00
 241:  0.00 242:  0.00 243:  0.00 244:  0.00 245:  0.00 246:  0.00 247:  0.00 248:  0.00
 249:  0.00 250:  0.00 251:  0.00 252:  0.00 253:  0.00 254:  0.00 255:  0.00 256:  0.00
 257:  0.00 258:  0.00 259:  0.00 260:  0.00 261:  0.00 262:  0.00 263:  0.00 264:  0.00
 265:  0.00 266:  0.00 267:  0.00 268:  0.00 269:  0.00 270:  0.00 271:  0.00 272:  0.00
 273:  0.00 274:  0.00 275:  0.00 276:  0.00 277:  0.00 278:  0.00 279:  0.00 280:  0.00
 281:  0.00 282:  0.00 283:  0.00 284:  0.00 285:  0.00 286:  0.00 287:  0.00 288:  0.00
 289:  0.00 290:  0.00 291:  0.00 292:  0.00 293:  0.00 294:  0.00 295:  0.00 296:  0.00
 297:  0.00 298:  0.00 299:  0.00 300:  0.00 301:  0.00 302:  0.00 303:  0.00 304:  0.00
 305:  0.00 306:  0.00 307:  0.00 308:  0.00 309:  0.00 310:  0.00 311:  0.00 312:  0.00
 313:  0.00 314:  0.00 315:  0.00 316:  0.00 317:  0.00 318:  0.00 319:  0.00 320:  0.00
 321:  0.00 322:  0.00 323:  0.00 324:  0.00 325:  0.00 326:  0.00 327:  0.00 328:  0.00
 329:  0.00 330:  0.00 331:  0.00 332:  0.00 333:  0.00 334:  0.00 335:  0.00 336:  0.00
 337:  0.00 338:  0.00 339:  0.00 340:  0.00 341:  0.00 342:  0.00 343:  0.00 344:  0.00
 345:  0.00 346:  0.00 347:  0.00 348:  0.00 349:  0.00 350:  0.00 351:  0.00 352:  0.00
 353:  0.00 354:  0.00 355:  0.00 356:  0.00 357:  0.00 358:  0.00 359:  0.00 360:  0.00
 361:  0.00 362:  0.00 363:  0.00 364:  0.00 365:  0.00 366:  0.00 367:  0.00 368:  0.00
 369:  0.00 370:  0.00 371:  0.00 372:  0.00 373:  0.00 374:  0.00 375:  0.00 376:  0.00
 377:  0.00 378:  0.00 379:  0.00 380:  0.00 381:  0.00 382:  0.00 383:  0.00 384:  0.00
 385:  0.00 386:  0.00 387:  0.00 388:  0.00 389:  0.00 390:  0.00 391:  0.00 392:  0.00
 393:  0.00 394:  0.00 395:  0.00 396:  0.00 397:  0.00 398:  0.00 399:  0.00 400:  0.00
 401:  0.00 402:  0.00 403:  0.00 404:  0.00 405:  0.00 406:  0.00 407:  0.00 408:  0.00
 409:  0.00 410:  0.00 411:  0.00 412:  0.00 413:  0.00 414:  0.00 415:  0.00 416:  0.00
 417:  0.00 418:  0.00 419:  0.00 420:  0.00 421:  0.00 422:  0.00 423:  0.00 424:  0.00
 425:  0.00 426:  0.00 427:  0.00 428:  0.00 429:  0.00 430:  0.00 431:  0.00 432:  0.00
 433:  0.00 434:  0.00 435:  0.00 436:  0.00 437:  0.00 438:  0.00 439:  0.00 440:  0.00
 441:  0.00 442:  0.00 443:  0.00 444:  0.00 445:  0.00 446:  0.00 447:  0.00 448:  0.00
 449:  0.00 450:  0.00 451:  0.00 452:  0.00 453:  0.00 454:  0.00 455:  0.00 456:  0.00
 457:  0.00 458:  0.00 459:  0.00 460:  0.00 461:  0.00 462:  0.00 463:  0.00 464:  0.00
 465:  0.00 466:  0.00 467:  0.00 468:  0.00 469:  0.00 470:  0.00 471:  0.00 472:  0.00
 473:  0.00 474:  0.00 475:  0.00 476:  0.00 477:  0.00 478:  0.00 479:  0.00 480:  0.00
 481:  0.00 482:  0.00 483:  0.00 484:  0.00 485:  0.00 486:  0.00
 output can be read by thermo (or use thermo option).
 writing <g98.out> molden fake output.
 recommended (thermochemical) frequency scaling factor: 1.0
           -------------------------------------------------
          |             Thermodynamic Functions             |
           -------------------------------------------------

Molecule has no symmetry elements
It seems to be the C1 point group
c1  symmetry found (for desy threshold:  0.10E+00) used in thermo

          ...................................................
          :                      SETUP                      :
          :.................................................:
          :  # frequencies                         480      :
          :  # imaginary freq.                       0      :
          :  linear?                             false      :
          :  only rotor calc.                    false      :
          :  symmetry                               c1      :
          :  rotational number                       1      :
          :  scaling factor                  1.0000000      :
          :  rotor cutoff                   50.0000000 cm⁻¹ :
          :  imag. cutoff                  -20.0000000 cm⁻¹ :
          :.................................................:

    mode    ω/cm⁻¹     T·S(HO)/kcal·mol⁻¹    T·S(FR)/kcal·mol⁻¹   T·S(vib)
   ------------------------------------------------------------------------
       1      4.64    -2.84397 (  0.01%)    -1.76107 ( 99.99%)    -1.76115
       2      7.99    -2.52168 (  0.07%)    -1.59993 ( 99.93%)    -1.60053
       3      9.33    -2.42977 (  0.12%)    -1.55397 ( 99.88%)    -1.55503
       4     15.68    -2.12226 (  0.96%)    -1.40017 ( 99.04%)    -1.40708
       5     16.02    -2.10937 (  1.04%)    -1.39373 ( 98.96%)    -1.40119
       6     16.32    -2.09846 (  1.12%)    -1.38826 ( 98.88%)    -1.39623
       7     17.07    -2.07170 (  1.34%)    -1.37488 ( 98.66%)    -1.38422
       8     18.25    -2.03225 (  1.74%)    -1.35514 ( 98.26%)    -1.36695
       9     19.15    -2.00371 (  2.11%)    -1.34086 ( 97.89%)    -1.35482
      10     19.48    -1.99356 (  2.25%)    -1.33578 ( 97.75%)    -1.35060
      11     21.65    -1.93113 (  3.39%)    -1.30454 ( 96.61%)    -1.32581
      12     23.97    -1.87069 (  5.02%)    -1.27429 ( 94.98%)    -1.30424
      13     24.51    -1.85752 (  5.46%)    -1.26770 ( 94.54%)    -1.29992
      14     26.63    -1.80842 (  7.45%)    -1.24312 ( 92.55%)    -1.28525
      15     31.21    -1.71466 ( 13.18%)    -1.19617 ( 86.82%)    -1.26450
      16     32.86    -1.68421 ( 15.72%)    -1.18091 ( 84.28%)    -1.26003
      17     34.23    -1.66007 ( 18.01%)    -1.16881 ( 81.99%)    -1.25728
      18     40.58    -1.55949 ( 30.26%)    -1.11838 ( 69.74%)    -1.25186
      19     43.48    -1.51874 ( 36.38%)    -1.09794 ( 63.62%)    -1.25103
      20     44.33    -1.50725 ( 38.20%)    -1.09218 ( 61.80%)    -1.25074
      21     47.09    -1.47167 ( 44.03%)    -1.07432 ( 55.97%)    -1.24928
      22     47.78    -1.46308 ( 45.47%)    -1.07000 ( 54.53%)    -1.24874
      23     48.18    -1.45817 ( 46.30%)    -1.06754 ( 53.70%)    -1.24839
      24     51.67    -1.41698 ( 53.27%)    -1.04684 ( 46.73%)    -1.24402
      25     55.88    -1.37083 ( 60.93%)    -1.02363 ( 39.07%)    -1.23519
      26     58.23    -1.34649 ( 64.79%)    -1.01139 ( 35.21%)    -1.22850
      27     60.01    -1.32880 ( 67.48%)    -1.00248 ( 32.52%)    -1.22269
      28     63.54    -1.29517 ( 72.29%)    -0.98554 ( 27.71%)    -1.20937
      29     64.21    -1.28907 ( 73.11%)    -0.98247 ( 26.89%)    -1.20663
      30     73.13    -1.21263 ( 82.07%)    -0.94390 ( 17.93%)    -1.16445
      31     79.97    -1.16031 ( 86.74%)    -0.91744 ( 13.26%)    -1.12811
      32     85.12    -1.12376 ( 89.36%)    -0.89892 ( 10.64%)    -1.09985
      33     86.43    -1.11488 ( 89.93%)    -0.89442 ( 10.07%)    -1.09267
      34     87.07    -1.11055 ( 90.19%)    -0.89222 (  9.81%)    -1.08914
      35     89.95    -1.09155 ( 91.29%)    -0.88257 (  8.71%)    -1.07334
      36     90.25    -1.08963 ( 91.39%)    -0.88160 (  8.61%)    -1.07172
      37     96.85    -1.04851 ( 93.37%)    -0.86069 (  6.63%)    -1.03605
      38    110.59    -0.97155 ( 95.99%)    -0.82140 (  4.01%)    -0.96553
      39    112.36    -0.96234 ( 96.23%)    -0.81668 (  3.77%)    -0.95684
      40    114.49    -0.95149 ( 96.49%)    -0.81112 (  3.51%)    -0.94657
      41    115.00    -0.94893 ( 96.55%)    -0.80981 (  3.45%)    -0.94413
      42    117.17    -0.93813 ( 96.79%)    -0.80427 (  3.21%)    -0.93384
      43    120.70    -0.92105 ( 97.14%)    -0.79549 (  2.86%)    -0.91745
      44    121.85    -0.91555 ( 97.24%)    -0.79266 (  2.76%)    -0.91216
      45    128.81    -0.88363 ( 97.78%)    -0.77621 (  2.22%)    -0.88124
      46    130.15    -0.87771 ( 97.87%)    -0.77315 (  2.13%)    -0.87548
      47    132.63    -0.86688 ( 98.02%)    -0.76755 (  1.98%)    -0.86491
      48    136.51    -0.85040 ( 98.23%)    -0.75902 (  1.77%)    -0.84879
      49    137.36    -0.84686 ( 98.27%)    -0.75718 (  1.73%)    -0.84531
      50    143.46    -0.82207 ( 98.55%)    -0.74431 (  1.45%)    -0.82094
      51    146.12    -0.81161 ( 98.65%)    -0.73886 (  1.35%)    -0.81063
      52    148.87    -0.80101 ( 98.74%)    -0.73333 (  1.26%)    -0.80016
      53    149.34    -0.79923 ( 98.76%)    -0.73240 (  1.24%)    -0.79840
      54    152.68    -0.78670 ( 98.86%)    -0.72586 (  1.14%)    -0.78601
      55    153.50    -0.78364 ( 98.89%)    -0.72426 (  1.11%)    -0.78298
      56    161.49    -0.75501 ( 99.09%)    -0.70924 (  0.91%)    -0.75459
      57    161.75    -0.75408 ( 99.10%)    -0.70875 (  0.90%)    -0.75367
      58    167.36    -0.73493 ( 99.21%)    -0.69866 (  0.79%)    -0.73464
      59    169.09    -0.72916 ( 99.24%)    -0.69561 (  0.76%)    -0.72890
      60    173.13    -0.71592 ( 99.31%)    -0.68861 (  0.69%)    -0.71573
      61    178.16    -0.69993 ( 99.38%)    -0.68013 (  0.62%)    -0.69981
      62    179.07    -0.69711 ( 99.40%)    -0.67863 (  0.60%)    -0.69700
      63    189.51    -0.66567 ( 99.52%)    -0.66184 (  0.48%)    -0.66565
      64    190.85    -0.66175 ( 99.53%)    -0.65974 (  0.47%)    -0.66174
      65    193.59    -0.65390 ( 99.56%)    -0.65553 (  0.44%)    -0.65391
      66    194.22    -0.65209 ( 99.56%)    -0.65455 (  0.44%)    -0.65210
      67    196.12    -0.64675 ( 99.58%)    -0.65168 (  0.42%)    -0.64677
      68    199.92    -0.63620 ( 99.61%)    -0.64599 (  0.39%)    -0.63623
      69    213.22    -0.60105 ( 99.70%)    -0.62691 (  0.30%)    -0.60112
      70    215.76    -0.59464 ( 99.71%)    -0.62341 (  0.29%)    -0.59472
      71    236.02    -0.54642 ( 99.80%)    -0.59682 (  0.20%)    -0.54653
      72    237.85    -0.54231 ( 99.81%)    -0.59453 (  0.19%)    -0.54241
      73    245.31    -0.52594 ( 99.83%)    -0.58537 (  0.17%)    -0.52604
      74    249.44    -0.51714 ( 99.84%)    -0.58043 (  0.16%)    -0.51725
      75    254.45    -0.50672 ( 99.85%)    -0.57454 (  0.15%)    -0.50682
      76    257.22    -0.50106 ( 99.86%)    -0.57134 (  0.14%)    -0.50116
      77    265.53    -0.48454 ( 99.87%)    -0.56192 (  0.13%)    -0.48463
      78    273.78    -0.46875 ( 99.89%)    -0.55285 (  0.11%)    -0.46885
      79    276.65    -0.46341 ( 99.89%)    -0.54976 (  0.11%)    -0.46350
      80    282.35    -0.45301 ( 99.90%)    -0.54372 (  0.10%)    -0.45310
      81    297.67    -0.42634 ( 99.92%)    -0.52806 (  0.08%)    -0.42642
   ------------------------------------------------------------------------

   temp. (K)  partition function   enthalpy   heat capacity  entropy
                                   cal/mol     cal/K/mol   cal/K/mol   J/K/mol
 298.15  VIB  0.804E+47            56112.763    354.174    357.220
         ROT  0.812E+09              888.752      2.981     43.749
         INT  0.653E+56            57001.515    357.155    400.969
         TR   0.581E+29             1481.254      4.968     47.836
         TOT                       58482.7690   362.1227   448.8051  1877.8003

       T/K    H(0)-H(T)+PV         H(T)/Eh          T*S/Eh         G(T)/Eh
   ------------------------------------------------------------------------
    298.15    0.931982E-01    0.127518E+01    0.213242E+00    0.106193E+01
   ------------------------------------------------------------------------

         :::::::::::::::::::::::::::::::::::::::::::::::::::::
         ::                  THERMODYNAMIC                  ::
         :::::::::::::::::::::::::::::::::::::::::::::::::::::
         :: total free energy        -264.111955058536 Eh   ::
         ::.................................................::
         :: total energy             -265.173889414375 Eh   ::
         :: zero point energy           1.181977894349 Eh   ::
         :: G(RRHO) w/o ZPVE           -0.120043538511 Eh   ::
         :: G(RRHO) contrib.            1.061934355839 Eh   ::
         :::::::::::::::::::::::::::::::::::::::::::::::::::::

           -------------------------------------------------
          | TOTAL ENERGY             -265.173889414375 Eh   |
          | TOTAL ENTHALPY           -263.898713295368 Eh   |
          | TOTAL FREE ENERGY        -264.111955058536 Eh   |
          | GRADIENT NORM               0.000651797217 Eh/α |
          | HOMO-LUMO GAP               1.956812205741 eV   |
           -------------------------------------------------

------------------------------------------------------------------------
 * finished run on 2021/06/21 at 21:31:45.741     
------------------------------------------------------------------------
 total:
 * wall-time:     0 d,  0 h, 13 min, 16.380 sec
 *  cpu-time:     0 d,  0 h, 50 min, 53.453 sec
 * ratio c/w:     3.834 speedup
 SCF:
 * wall-time:     0 d,  0 h,  0 min,  1.963 sec
 *  cpu-time:     0 d,  0 h,  0 min,  6.871 sec
 * ratio c/w:     3.500 speedup
 numerical hessian:
 * wall-time:     0 d,  0 h, 13 min, 13.564 sec
 *  cpu-time:     0 d,  0 h, 50 min, 45.656 sec
 * ratio c/w:     3.838 speedup

