      -----------------------------------------------------------      
     |                   =====================                   |     
     |                           x T B                           |     
     |                   =====================                   |     
     |                         S. Grimme                         |     
     |          Mulliken Center for Theoretical Chemistry        |     
     |                    University of Bonn                     |     
     |                Version 6.2 RC2 (SAW190805)                |     
      -----------------------------------------------------------      

   This program is distributed in the hope that it will be useful,
   but WITHOUT ANY WARRANTY; without even the implied warranty of
   MERCHANTABILITY or FITNESS FOR A PARTICULAR PURPOSE.
   
   FOR NON-COMMERCIAL, ACADEMIA USE ONLY.
   
   Cite this work as:
   * S. Grimme, C. Bannwarth, P. Shushkov, J. Chem. Theory Comput., 2017,
     13, 1989-2009. DOI: 10.1021/acs.jctc.7b00118
   * C. Bannwarth, S. Ehlert and S. Grimme., J. Chem. Theory Comput., 2019,
     15, 1652-1671. DOI: 10.1021/acs.jctc.8b01176
   * P. Pracht, E. Caldeweyher, S. Ehlert, S. Grimme, ChemRxiv, 2019, preprint.
     DOI: 10.26434/chemrxiv.8326202.v1
   
   for DFT-D4:
   * E. Caldeweyher, C. Bannwarth and S. Grimme, J. Chem. Phys., 2017,
     147, 034112. DOI: 10.1063/1.4993215
   * E. Caldeweyher, S. Ehlert, A. Hansen, H. Neugebauer, S. Spicher,
     C. Bannwarth and S. Grimme, J. Chem. Phys., 2019, 150, 154122.
     DOI: 10.1063/1.5090222
   
   for sTDA-xTB:
   * S. Grimme and C. Bannwarth, J. Chem. Phys., 2016, 145, 054103.
     DOI: 10.1063/1.4959605
   
   in the mass-spec context:
   * V. Asgeirsson, C. Bauer and S. Grimme, Chem. Sci., 2017, 8, 4879.
     DOI: 10.1039/c7sc00601b
   
   for metadynamics refer to:
   * S. Grimme, J. Chem. Theory Comput., 2019, 155, 2847-2862
     DOI: 10.1021/acs.jctc.9b00143
   
   with help from (in alphabetical order)
   C. Bannwarth, F. Bohle, G. Brandenburg, E. Caldeweyher, M. Checinski,
   S. Dohm, S. Ehlert, S. Ehrlich, F. März, H. Neugebauer, J. Pisarek,
   P. Pracht, P. Shushkov, and S. Spicher.
   
 * started run on 2021/06/21 at 18:42:43.870     

           -------------------------------------------------
          |                Calculation Setup                |
           -------------------------------------------------

          program call               : /home/atarzia/software/xtb-190806/bin/xtb /data/atarzia/projects/unsymm/screening/production/free_energy_calculations/fe_5d1_d/input_structure.xyz --gfn 2 --hess --parallel 6 --etemp 300 --gbsa dmso --chrg 4 --uhf 0 -I det_control.in
          coordinate file            : /data/atarzia/projects/unsymm/screening/production/free_energy_calculations/fe_5d1_d/input_structure.xyz
          omp threads                :                     6
          number of atoms            :                   154
          number of electrons        :                   464
          charge                     :                     4
          spin                       :                   0.0
          first test random number   :      0.01388758382781


molecular fragmentation (1/2 indicates fragments):
111111111111111111211111111111111111111111111111111111112111111111111111
111111111111111111111121111111111111111111112222222222222222222222222222
2222222222
# atoms in fragment 1/2:   113    41
 fragment masses (1/2) :     1128.87      309.39
CMA distance (Bohr)    :  11.315
constraining FC (au)   :  0.0500

########################################################################
# WARNING! Please study the warnings concerning your input carefully
#  - XTBHOME is not set, using HOME instead
#  - XTBPATH is not set, using XTBHOME instead
#  - Process number higher than OMP_NUM_THREADS, I hope you know what you are doing.
########################################################################

           ------------------------------------------------- 
          |                 G F N 2 - x T B                 |
          | Geometry, Frequencies, Noncovalent interactions |
          |            JCTC 2019 parametrisation            |
           ------------------------------------------------- 
             k(s)              :                1.8500
             k(p)              :                2.2300
             k(d)              :                2.2300
             k(f)              :                2.0000
             kEN (H0ij)        :               -2.0000
             D4 a1             :                0.5200
             D4 a2             :                5.0000
             D4 s6             :                1.0000
             D4 s8             :                2.7000
             D4 s9             :                5.0000
             alphaj            :                2.0000

  Z AO/shell   Hii/eV     exponent
  1     Wed Apr 25 08:07:45 CEST 2018   EN: 2.200 GM2: 0.406  GM3: 0.0800  RAES: 1.40
     1s    -10.707211    1.230000
  6     Wed Apr 25 08:07:45 CEST 2018   EN: 2.550 GM2: 0.538  GM3: 0.1500  RAES: 3.00
     2s    -13.970922    2.096432
     2p    -10.063292    1.800000
  7     Wed Apr 25 08:07:45 CEST 2018   EN: 3.040 GM2: 0.461  GM3:-0.0640  RAES: 1.90
     2s    -16.686243    2.339881
     2p    -12.523956    2.014332
 46     Wed Apr 25 16:26:58 CEST 2018   EN: 2.200 GM2: 0.273  GM3: 0.0800  RAES: 5.00
     4d    -11.963518    2.353691
     5s     -9.714059    1.828354
     5p     -2.035281    1.333352

 Solvent             : dmso
 Using internal parameter file: .param_gbsa2_dmso
 Gsolv ref. state (COSMO-RS): gsolv [1 M gas/solution]
 temperature (mdtemp)       :    298.150000000000     
 dielectric constant        :    46.6800000000000     
 rho                        :    1.10000000000000     
 mass                       :    78.1300000000000     
 surface tension            :    15.5689454083859     
 probe radius               :   0.949087640000000     
 vdW radii scaling          :    1.00000000000000     
 Gshift (Eh)                :   5.161738145414381E-003
 c1                         :    1.63948621000000     
 soset                      :   1.179665000000000E-002
 HB correction              :  T
           ------------------------------------------------- 
          |        Self-Consistent Charge Iterations        |
           ------------------------------------------------- 

          ...................................................
          :                      SETUP                      :
          :.................................................:
          :  # basis functions                 460          :
          :  # atomic orbitals                 458          :
          :  # shells                          254          :
          :  # electrons                       464          :
          :  max. iterations                   250          :
          :  Hamiltonian                  GFN2-xTB          :
          :  restarted?                      false          :
          :  GBSA solvation                   true          :
          :  PC potential                    false          :
          :  electronic temp.          300.0000000     K    :
          :  accuracy                    1.0000000          :
          :  -> integral cutoff          0.2500000E+02      :
          :  -> integral neglect         0.1000000E-07      :
          :  -> SCF convergence          0.1000000E-05 Eh   :
          :  -> wf. convergence          0.1000000E-03 e    :
          :  Broyden damping             0.4000000          :
          ...................................................

 iter      E             dE          RMSdq      gap      omega  full diag
   1   -252.0697859 -0.252070E+03  0.594E+00    2.32       0.0  T
   2   -252.5188933 -0.449107E+00  0.411E+00    1.85       1.0  T
   3   -252.3555218  0.163371E+00  0.228E+00    1.96       1.0  T
   4   -252.7176194 -0.362098E+00  0.105E+00    2.18       1.0  T
   5   -252.7990254 -0.814061E-01  0.489E-01    2.12       1.0  T
   6   -252.8172255 -0.182001E-01  0.257E-01    2.17       1.0  T
   7   -252.8204618 -0.323627E-02  0.120E-01    2.18       1.0  T
   8   -252.8209075 -0.445779E-03  0.346E-02    2.18       1.0  T
   9   -252.8209942 -0.866669E-04  0.165E-02    2.18       1.0  T
  10   -252.8210123 -0.180758E-04  0.748E-03    2.18       1.1  T
  11   -252.8210138 -0.154185E-05  0.443E-03    2.18       1.8  T
  12   -252.8210149 -0.103457E-05  0.172E-03    2.18       4.7  T
  13   -252.8210149 -0.408628E-07  0.116E-03    2.18       7.0  T
  14   -252.8210149 -0.148556E-07  0.671E-04    2.18      12.0  T
  15   -252.8210149 -0.165343E-08  0.309E-04    2.18      26.1  T

   *** convergence criteria satisfied after 15 iterations ***

         #    Occupation            Energy/Eh            Energy/eV
      -------------------------------------------------------------
         1        2.0000           -0.7311168             -19.8947
       ...           ...                  ...                  ...
       226        2.0000           -0.4198546             -11.4248
       227        2.0000           -0.4196326             -11.4188
       228        2.0000           -0.4187715             -11.3954
       229        2.0000           -0.4002537             -10.8915
       230        2.0000           -0.4002129             -10.8903
       231        2.0000           -0.4000955             -10.8872
       232        2.0000           -0.4000457             -10.8858 (HOMO)
       233                         -0.3198566              -8.7037 (LUMO)
       234                         -0.3198488              -8.7035
       235                         -0.3172985              -8.6341
       236                         -0.3172048              -8.6316
       237                         -0.3090209              -8.4089
       ...                                ...                  ...
       458                          1.4339270              39.0191
      -------------------------------------------------------------
                  HL-Gap            0.0801891 Eh            2.1821 eV
             Fermi-level           -0.3599511 Eh           -9.7948 eV

 SCC (total)                   0 d,  0 h,  0 min,  1.912 sec
 SCC setup                      ...        0 min,  0.098 sec (  5.142%)
 Dispersion                     ...        0 min,  0.029 sec (  1.538%)
 integral evaluation            ...        0 min,  0.296 sec ( 15.484%)
 zeroth order Hamiltonian       ...        0 min,  0.004 sec (  0.184%)
 iterations                     ...        0 min,  1.196 sec ( 62.548%)
 molecular gradient             ...        0 min,  0.278 sec ( 14.531%)
 printout                       ...        0 min,  0.011 sec (  0.568%)

         :::::::::::::::::::::::::::::::::::::::::::::::::::::
         ::                     SUMMARY                     ::
         :::::::::::::::::::::::::::::::::::::::::::::::::::::
         :: total energy            -248.249353194612 Eh    ::
         :: total w/o Gsasa/hb      -248.138660080773 Eh    ::
         :: gradient norm              0.000618760357 Eh/a0 ::
         :: HOMO-LUMO gap              2.182056855188 eV    ::
         ::.................................................::
         :: SCC energy              -252.917859842173 Eh    ::
         :: -> isotropic ES            0.661878182828 Eh    ::
         :: -> anisotropic ES         -0.096201715156 Eh    ::
         :: -> anisotropic XC          0.169007067250 Eh    ::
         :: -> dispersion             -0.229950534298 Eh    ::
         :: -> Gsolv                  -0.677837234152 Eh    ::
         ::    -> Gborn               -0.567144120313 Eh    ::
         ::    -> Gsasa               -0.102006655047 Eh    ::
         ::    -> Ghb                 -0.013848196937 Eh    ::
         ::    -> Gshift               0.005161738145 Eh    ::
         :: repulsion energy           4.663206220346 Eh    ::
         :: add. restraining           0.000000000000 Eh    ::
         :::::::::::::::::::::::::::::::::::::::::::::::::::::

           ------------------------------------------------- 
          |                Numerical Hessian                |
           ------------------------------------------------- 
step length          :   0.00500
SCC accuracy         :   0.30000
Hessian scale factor :   1.00000
frozen atoms in %    :   0.00000    0
RMS gradient         :   0.00062
estimated CPU  time     86.46 min
estimated wall time     23.33 min

writing file <hessian>.

 projected vibrational frequencies (cm-1)
eigval :       -0.00    -0.00    -0.00     0.00     0.00     0.00
eigval :        6.65     7.17     7.54    10.49    16.36    16.45
eigval :       16.62    23.60    26.32    26.50    30.26    33.06
eigval :       35.64    39.92    40.14    44.50    49.29    55.30
eigval :       56.76    56.87    67.18    71.08    71.19    75.80
eigval :       82.89    83.06    83.14    84.26    93.02    99.95
eigval :      100.07   106.51   106.57   108.96   112.63   118.53
eigval :      119.93   121.19   121.36   126.83   138.66   139.55
eigval :      146.14   146.41   148.05   149.52   165.99   166.09
eigval :      171.46   172.73   172.88   174.52   200.43   200.70
eigval :      207.81   211.02   217.00   219.28   220.62   220.67
eigval :      223.48   226.37   247.92   250.70   250.86   252.67
eigval :      255.02   255.25   272.18   272.30   274.97   277.13
eigval :      286.36   289.31   289.73   292.95   318.15   318.21
eigval :      318.43   324.19   329.96   330.21   332.61   333.85
eigval :      342.30   342.44   345.94   346.09   347.58   347.91
eigval :      380.06   380.17   392.44   392.52   392.55   392.74
eigval :      395.39   395.48   402.68   403.69   425.75   425.76
eigval :      426.31   427.21   443.46   443.96   454.10   454.11
eigval :      466.29   466.83   468.81   468.92   479.38   479.42
eigval :      486.40   487.41   489.09   489.16   490.81   491.31
eigval :      514.62   515.86   517.11   517.13   527.78   528.27
eigval :      528.48   528.52   539.49   540.39   543.03   543.06
eigval :      577.63   577.63   588.98   589.43   594.09   594.22
eigval :      594.62   599.08   599.83   599.85   601.18   602.40
eigval :      610.89   612.27   615.83   615.89   632.52   632.55
eigval :      657.66   658.55   660.10   660.19   663.12   667.56
eigval :      671.56   671.59   676.69   678.09   679.19   679.23
eigval :      690.69   697.23   723.96   724.01   724.97   725.00
eigval :      744.22   744.25   744.53   745.85   770.00   771.19
eigval :      771.31   771.65   776.05   777.18   777.28   777.72
eigval :      797.85   797.93   799.44   799.52   799.84   800.11
eigval :      800.40   800.53   806.21   806.71   807.00   807.31
eigval :      855.51   855.86   856.46   856.62   857.76   859.75
eigval :      859.80   862.19   863.55   863.75   863.93   864.05
eigval :      870.65   870.94   871.08   871.80   888.81   889.33
eigval :      889.50   889.90   893.02   893.05   893.42   893.80
eigval :      898.23   898.25   898.76   898.87   899.26   903.14
eigval :      903.27   903.30   904.45   904.52   904.58   904.63
eigval :      934.87   935.02   935.28   935.41   935.41   936.10
eigval :      936.11   936.17   939.55   939.70   939.76   939.94
eigval :      976.60   977.25   977.84   977.85   997.19   997.88
eigval :      999.89   999.96  1043.76  1043.83  1043.93  1044.29
eigval :     1068.22  1068.85  1069.25  1069.55  1082.97  1083.06
eigval :     1083.38  1083.57  1092.07  1092.29  1095.01  1095.29
eigval :     1107.10  1107.21  1107.64  1107.74  1125.05  1125.06
eigval :     1127.48  1127.65  1134.34  1134.44  1138.27  1138.59
eigval :     1154.61  1154.94  1164.47  1165.16  1171.34  1171.39
eigval :     1172.76  1174.03  1175.15  1175.21  1179.43  1179.72
eigval :     1188.37  1188.59  1190.73  1192.16  1193.96  1194.14
eigval :     1196.08  1196.81  1215.13  1215.25  1215.79  1216.02
eigval :     1218.05  1218.11  1220.86  1221.04  1234.17  1234.55
eigval :     1239.21  1240.31  1245.50  1245.53  1245.64  1246.95
eigval :     1269.18  1269.29  1269.37  1269.68  1293.28  1293.32
eigval :     1296.54  1296.68  1298.85  1299.00  1305.77  1305.99
eigval :     1313.18  1313.21  1313.27  1314.40  1318.57  1318.64
eigval :     1330.70  1331.63  1346.05  1346.15  1350.08  1350.52
eigval :     1369.56  1369.68  1369.90  1370.28  1381.61  1381.66
eigval :     1384.70  1386.85  1402.09  1402.15  1403.54  1404.40
eigval :     1404.67  1404.73  1408.98  1409.37  1426.31  1426.34
eigval :     1426.42  1428.75  1447.34  1447.36  1447.81  1448.46
eigval :     1459.51  1459.57  1465.30  1465.59  1470.61  1470.63
eigval :     1478.28  1480.51  1536.76  1536.78  1537.30  1539.15
eigval :     1539.19  1539.25  1549.16  1549.38  1549.93  1549.94
eigval :     1551.70  1552.93  1557.03  1557.09  1559.56  1559.59
eigval :     1559.71  1559.76  1565.30  1566.42  1568.93  1569.01
eigval :     1576.49  1577.97  1578.27  1578.29  1597.57  1597.95
eigval :     2306.11  2306.23  2306.38  2306.44  2879.14  2879.29
eigval :     2888.58  2889.51  2913.77  2915.09  2919.56  2920.87
eigval :     3038.51  3039.37  3039.70  3039.99  3040.94  3041.73
eigval :     3042.14  3042.18  3086.46  3086.84  3086.87  3087.11
eigval :     3093.88  3094.01  3094.01  3094.60  3098.28  3098.43
eigval :     3098.48  3098.49  3102.21  3102.58  3102.63  3103.28
eigval :     3104.07  3104.18  3104.27  3104.48  3104.64  3105.08
eigval :     3105.21  3105.80  3107.10  3107.15  3107.66  3108.12
eigval :     3109.96  3110.35  3110.45  3110.72  3113.74  3113.93
eigval :     3114.14  3114.28  3118.12  3118.22  3118.24  3118.88
           -------------------------------------------------
          |                Property Printout                |
           -------------------------------------------------

    * Orbital Energies and Occupations

         #    Occupation            Energy/Eh            Energy/eV
      -------------------------------------------------------------
         1        2.0000           -0.7311178             -19.8947
       ...           ...                  ...                  ...
       220        2.0000           -0.4242217             -11.5437
       221        2.0000           -0.4232984             -11.5185
       222        2.0000           -0.4232647             -11.5176
       223        2.0000           -0.4223845             -11.4937
       224        2.0000           -0.4216120             -11.4726
       225        2.0000           -0.4200009             -11.4288
       226        2.0000           -0.4198560             -11.4249
       227        2.0000           -0.4196341             -11.4188
       228        2.0000           -0.4187731             -11.3954
       229        2.0000           -0.4002555             -10.8915
       230        2.0000           -0.4002148             -10.8904
       231        2.0000           -0.4000975             -10.8872
       232        2.0000           -0.4000477             -10.8859 (HOMO)
       233                         -0.3198589              -8.7038 (LUMO)
       234                         -0.3198509              -8.7036
       235                         -0.3173005              -8.6342
       236                         -0.3172071              -8.6316
       237                         -0.3090226              -8.4089
       238                         -0.3090166              -8.4088
       239                         -0.3050286              -8.3002
       240                         -0.3046952              -8.2912
       241                         -0.2937782              -7.9941
       242                         -0.2937366              -7.9930
       243                         -0.2925503              -7.9607
       ...                                ...                  ...
       458                          1.4339254              39.0191
      -------------------------------------------------------------
                  HL-Gap            0.0801888 Eh            2.1820 eV
             Fermi-level           -0.3599533 Eh           -9.7948 eV

     #   Z        covCN         q      C6AA      α(0)
     1  46 Pd     3.776    -0.132   362.452    35.126
     2  46 Pd     3.775    -0.131   362.248    35.122
     3   6 C      1.983    -0.021    31.612     9.080
     4   6 C      1.981    -0.030    31.846     9.113
     5   6 C      2.966     0.045    26.997     8.523
     6   6 C      2.921    -0.016    28.418     8.742
     7   6 C      2.914    -0.018    28.455     8.747
     8   6 C      2.914    -0.029    28.724     8.788
     9   6 C      2.981     0.004    27.929     8.669
    10   6 C      2.883     0.065    26.548     8.447
    11   7 N      2.668    -0.108    23.369     7.180
    12   6 C      2.987     0.043    27.023     8.527
    13   6 C      2.911    -0.030    28.743     8.791
    14   6 C      3.000     0.012    27.736     8.639
    15   1 H      0.926     0.060     2.197     2.318
    16   1 H      0.926     0.057     2.238     2.340
    17   1 H      0.926     0.071     2.079     2.255
    18   1 H      0.925     0.113     1.668     2.019
    19   1 H      0.924     0.156     1.352     1.819
    20   1 H      0.926     0.108     1.713     2.047
    21   6 C      2.970     0.041    27.086     8.537
    22   6 C      2.926    -0.023    28.585     8.768
    23   6 C      2.916    -0.025    28.632     8.775
    24   6 C      2.924    -0.028    28.692     8.784
    25   6 C      2.974    -0.001    28.045     8.687
    26   6 C      2.930    -0.040    29.001     8.832
    27   1 H      0.926     0.047     2.357     2.401
    28   1 H      0.926     0.041     2.430     2.438
    29   1 H      0.926     0.052     2.296     2.369
    30   1 H      0.926     0.081     1.973     2.197
    31   6 C      2.971     0.010    27.792     8.647
    32   6 C      2.931    -0.003    28.107     8.695
    33   6 C      2.911    -0.028    28.712     8.786
    34   6 C      2.984     0.062    26.596     8.460
    35   7 N      2.668    -0.097    23.151     7.146
    36   6 C      2.890     0.047    26.938     8.509
    37   1 H      0.926     0.083     1.948     2.183
    38   1 H      0.926     0.097     1.812     2.105
    39   1 H      0.924     0.140     1.462     1.891
    40   1 H      0.925     0.130     1.534     1.937
    41   6 C      1.983    -0.021    31.612     9.080
    42   6 C      1.981    -0.030    31.847     9.113
    43   6 C      2.966     0.045    26.998     8.523
    44   6 C      2.921    -0.016    28.418     8.742
    45   6 C      2.914    -0.018    28.455     8.747
    46   6 C      2.914    -0.029    28.724     8.788
    47   6 C      2.981     0.004    27.927     8.669
    48   6 C      2.883     0.065    26.547     8.447
    49   7 N      2.668    -0.108    23.361     7.178
    50   6 C      2.988     0.043    27.024     8.527
    51   6 C      2.911    -0.030    28.743     8.791
    52   6 C      3.000     0.012    27.735     8.639
    53   1 H      0.926     0.060     2.197     2.318
    54   1 H      0.926     0.057     2.239     2.340
    55   1 H      0.926     0.071     2.079     2.255
    56   1 H      0.925     0.113     1.667     2.019
    57   1 H      0.924     0.156     1.352     1.818
    58   1 H      0.926     0.108     1.714     2.047
    59   6 C      2.970     0.041    27.085     8.537
    60   6 C      2.926    -0.023    28.585     8.768
    61   6 C      2.916    -0.025    28.633     8.775
    62   6 C      2.924    -0.028    28.694     8.784
    63   6 C      2.974    -0.001    28.048     8.687
    64   6 C      2.930    -0.040    28.998     8.831
    65   1 H      0.926     0.047     2.357     2.401
    66   1 H      0.926     0.042     2.428     2.437
    67   1 H      0.926     0.052     2.294     2.368
    68   1 H      0.926     0.080     1.975     2.198
    69   6 C      2.971     0.010    27.794     8.648
    70   6 C      2.931    -0.003    28.105     8.694
    71   6 C      2.911    -0.028    28.710     8.786
    72   6 C      2.982     0.063    26.592     8.459
    73   7 N      2.668    -0.098    23.168     7.149
    74   6 C      2.891     0.047    26.939     8.509
    75   1 H      0.926     0.083     1.947     2.182
    76   1 H      0.926     0.097     1.811     2.105
    77   1 H      0.924     0.140     1.463     1.892
    78   1 H      0.925     0.130     1.537     1.939
    79   6 C      1.983    -0.021    31.611     9.080
    80   6 C      1.981    -0.030    31.846     9.113
    81   6 C      2.966     0.045    26.996     8.523
    82   6 C      2.921    -0.016    28.417     8.742
    83   6 C      2.914    -0.018    28.454     8.747
    84   6 C      2.914    -0.029    28.722     8.788
    85   6 C      2.981     0.004    27.930     8.669
    86   6 C      2.883     0.065    26.544     8.446
    87   7 N      2.668    -0.109    23.390     7.183
    88   6 C      2.988     0.043    27.023     8.527
    89   6 C      2.911    -0.030    28.743     8.791
    90   6 C      3.000     0.012    27.738     8.639
    91   1 H      0.926     0.060     2.196     2.317
    92   1 H      0.926     0.057     2.237     2.339
    93   1 H      0.926     0.071     2.079     2.255
    94   1 H      0.925     0.113     1.667     2.019
    95   1 H      0.924     0.156     1.352     1.818
    96   1 H      0.926     0.108     1.713     2.047
    97   6 C      2.970     0.041    27.086     8.537
    98   6 C      2.926    -0.023    28.585     8.768
    99   6 C      2.916    -0.025    28.632     8.775
   100   6 C      2.924    -0.028    28.693     8.784
   101   6 C      2.974    -0.001    28.047     8.687
   102   6 C      2.930    -0.040    29.000     8.831
   103   1 H      0.926     0.047     2.356     2.400
   104   1 H      0.926     0.042     2.428     2.437
   105   1 H      0.926     0.052     2.294     2.369
   106   1 H      0.926     0.080     1.974     2.197
   107   6 C      2.971     0.010    27.795     8.648
   108   6 C      2.931    -0.003    28.106     8.694
   109   6 C      2.911    -0.029    28.712     8.786
   110   6 C      2.984     0.063    26.591     8.459
   111   7 N      2.668    -0.099    23.190     7.152
   112   6 C      2.890     0.047    26.934     8.509
   113   1 H      0.926     0.083     1.946     2.182
   114   1 H      0.926     0.097     1.810     2.104
   115   1 H      0.924     0.140     1.463     1.891
   116   1 H      0.925     0.130     1.535     1.937
   117   6 C      1.983    -0.021    31.611     9.080
   118   6 C      1.981    -0.030    31.846     9.113
   119   6 C      2.966     0.045    26.997     8.523
   120   6 C      2.921    -0.016    28.418     8.742
   121   6 C      2.914    -0.018    28.455     8.747
   122   6 C      2.914    -0.029    28.723     8.788
   123   6 C      2.981     0.004    27.930     8.669
   124   6 C      2.883     0.065    26.545     8.446
   125   7 N      2.668    -0.109    23.382     7.182
   126   6 C      2.988     0.043    27.022     8.527
   127   6 C      2.911    -0.030    28.744     8.791
   128   6 C      3.000     0.012    27.737     8.639
   129   1 H      0.926     0.060     2.196     2.317
   130   1 H      0.926     0.057     2.238     2.339
   131   1 H      0.926     0.071     2.079     2.255
   132   1 H      0.925     0.113     1.668     2.020
   133   1 H      0.924     0.156     1.353     1.819
   134   1 H      0.926     0.108     1.713     2.047
   135   6 C      2.970     0.041    27.086     8.537
   136   6 C      2.926    -0.023    28.585     8.768
   137   6 C      2.916    -0.025    28.632     8.775
   138   6 C      2.924    -0.028    28.693     8.784
   139   6 C      2.974    -0.001    28.048     8.687
   140   6 C      2.930    -0.040    29.000     8.831
   141   1 H      0.926     0.047     2.356     2.401
   142   1 H      0.926     0.042     2.428     2.437
   143   1 H      0.926     0.052     2.294     2.368
   144   1 H      0.926     0.081     1.973     2.197
   145   6 C      2.971     0.010    27.794     8.648
   146   6 C      2.931    -0.003    28.105     8.694
   147   6 C      2.911    -0.028    28.711     8.786
   148   6 C      2.983     0.063    26.591     8.459
   149   7 N      2.668    -0.099    23.184     7.151
   150   6 C      2.890     0.047    26.936     8.509
   151   1 H      0.926     0.083     1.946     2.182
   152   1 H      0.926     0.097     1.811     2.104
   153   1 H      0.924     0.140     1.462     1.891
   154   1 H      0.925     0.130     1.536     1.938

 Mol. C6AA /au·bohr⁶  :     386443.491888
 Mol. C8AA /au·bohr⁸  :   11080845.440326
 Mol. α(0) /au        :       1015.007071


Wiberg/Mayer (AO) data.
largest (>0.10) Wiberg bond orders for each atom
          total WBO             WBO to atom ...
     1  Pd  3.580        N   49 0.593    N  125 0.592    N   35 0.585    N  111 0.583    C   50 0.124    C  126 0.123    C  110 0.114    C   34 0.114
     2  Pd  3.580        N   11 0.593    N   87 0.592    N   73 0.584    N  149 0.584    C   88 0.124    C   12 0.123    C  148 0.114    C   72 0.114
     3  C   3.945        C    4 2.646    C   21 1.126
     4  C   3.952        C    3 2.646    C    5 1.136
     5  C   3.988        C    6 1.442    C   14 1.217    C    4 1.136
     6  C   3.968        C    5 1.442    C    7 1.348    H   15 0.968
     7  C   3.987        C    8 1.531    C    6 1.348    H   16 0.968
     8  C   3.944        C    7 1.531    C    9 1.275    H   17 0.965
     9  C   3.987        C   10 1.281    C    8 1.275    C   14 1.239
    10  C   3.962        N   11 1.462    C    9 1.281    H   18 0.929    C   13 0.100
    11  N   3.530        C   10 1.462    C   12 1.221    Pd   2 0.593
    12  C   3.964        C   13 1.556    N   11 1.221    H   19 0.867    Pd   2 0.123
    13  C   3.980        C   12 1.556    C   14 1.284    H   20 0.953    C   10 0.100
    14  C   3.981        C   13 1.284    C    9 1.239    C    5 1.217
    15  H   0.996        C    6 0.968
    16  H   0.995        C    7 0.968
    17  H   0.994        C    8 0.965
    18  H   0.986        C   10 0.929
    19  H   0.975        C   12 0.867
    20  H   0.987        C   13 0.953
    21  C   3.988        C   26 1.365    C   22 1.351    C    3 1.126
    22  C   3.970        C   23 1.449    C   21 1.351    H   27 0.970
    23  C   3.990        C   22 1.449    C   24 1.442    H   28 0.969    C   26 0.100
    24  C   3.955        C   23 1.442    C   25 1.372    H   29 0.966
    25  C   3.984        C   26 1.401    C   24 1.372    C   31 1.052
    26  C   3.971        C   25 1.401    C   21 1.365    H   30 0.963    C   23 0.100
    27  H   0.997        C   22 0.970
    28  H   0.996        C   23 0.969
    29  H   0.997        C   24 0.966
    30  H   0.993        C   26 0.963
    31  C   3.983        C   36 1.378    C   32 1.377    C   25 1.052
    32  C   3.979        C   33 1.440    C   31 1.377    H   37 0.961
    33  C   3.981        C   32 1.440    C   34 1.436    H   38 0.961
    34  C   3.967        C   33 1.436    N   35 1.337    H   39 0.882    Pd   1 0.114
    35  N   3.531        C   36 1.369    C   34 1.337    Pd   1 0.585
    36  C   3.963        C   31 1.378    N   35 1.369    H   40 0.924
    37  H   0.991        C   32 0.961
    38  H   0.989        C   33 0.961
    39  H   0.980        C   34 0.882
    40  H   0.982        C   36 0.924
    41  C   3.945        C   42 2.646    C   59 1.126
    42  C   3.952        C   41 2.646    C   43 1.136
    43  C   3.988        C   44 1.442    C   52 1.217    C   42 1.136
    44  C   3.967        C   43 1.442    C   45 1.348    H   53 0.968
    45  C   3.987        C   46 1.531    C   44 1.348    H   54 0.968
    46  C   3.944        C   45 1.531    C   47 1.275    H   55 0.965
    47  C   3.987        C   48 1.281    C   46 1.275    C   52 1.239
    48  C   3.962        N   49 1.462    C   47 1.281    H   56 0.929    C   51 0.100
    49  N   3.530        C   48 1.462    C   50 1.221    Pd   1 0.593
    50  C   3.964        C   51 1.556    N   49 1.221    H   57 0.867    Pd   1 0.124
    51  C   3.980        C   50 1.556    C   52 1.284    H   58 0.953    C   48 0.100
    52  C   3.981        C   51 1.284    C   47 1.239    C   43 1.217
    53  H   0.996        C   44 0.968
    54  H   0.995        C   45 0.968
    55  H   0.994        C   46 0.965
    56  H   0.986        C   48 0.929
    57  H   0.975        C   50 0.867
    58  H   0.987        C   51 0.953
    59  C   3.988        C   64 1.365    C   60 1.351    C   41 1.126
    60  C   3.970        C   61 1.449    C   59 1.351    H   65 0.970
    61  C   3.990        C   60 1.449    C   62 1.442    H   66 0.969    C   64 0.100
    62  C   3.955        C   61 1.442    C   63 1.372    H   67 0.966
    63  C   3.984        C   64 1.401    C   62 1.372    C   69 1.052
    64  C   3.971        C   63 1.401    C   59 1.365    H   68 0.963    C   61 0.100
    65  H   0.997        C   60 0.970
    66  H   0.996        C   61 0.969
    67  H   0.997        C   62 0.966
    68  H   0.993        C   64 0.963
    69  C   3.983        C   74 1.379    C   70 1.376    C   63 1.052
    70  C   3.979        C   71 1.440    C   69 1.376    H   75 0.961
    71  C   3.981        C   70 1.440    C   72 1.436    H   76 0.961
    72  C   3.967        C   71 1.436    N   73 1.337    H   77 0.883    Pd   2 0.114
    73  N   3.531        C   74 1.368    C   72 1.337    Pd   2 0.584
    74  C   3.963        C   69 1.379    N   73 1.368    H   78 0.924
    75  H   0.991        C   70 0.961
    76  H   0.989        C   71 0.961
    77  H   0.980        C   72 0.883
    78  H   0.983        C   74 0.924
    79  C   3.945        C   80 2.646    C   97 1.126
    80  C   3.952        C   79 2.646    C   81 1.136
    81  C   3.988        C   82 1.442    C   90 1.217    C   80 1.136
    82  C   3.968        C   81 1.442    C   83 1.348    H   91 0.968
    83  C   3.987        C   84 1.532    C   82 1.348    H   92 0.968
    84  C   3.944        C   83 1.532    C   85 1.275    H   93 0.965
    85  C   3.987        C   86 1.281    C   84 1.275    C   90 1.239
    86  C   3.962        N   87 1.462    C   85 1.281    H   94 0.929    C   89 0.100
    87  N   3.529        C   86 1.462    C   88 1.220    Pd   2 0.592
    88  C   3.964        C   89 1.556    N   87 1.220    H   95 0.867    Pd   2 0.124
    89  C   3.980        C   88 1.556    C   90 1.284    H   96 0.953    C   86 0.100
    90  C   3.981        C   89 1.284    C   85 1.239    C   81 1.217
    91  H   0.996        C   82 0.968
    92  H   0.995        C   83 0.968
    93  H   0.994        C   84 0.965
    94  H   0.986        C   86 0.929
    95  H   0.975        C   88 0.867
    96  H   0.987        C   89 0.953
    97  C   3.988        C  102 1.365    C   98 1.351    C   79 1.126
    98  C   3.970        C   99 1.449    C   97 1.351    H  103 0.970
    99  C   3.990        C   98 1.449    C  100 1.442    H  104 0.969    C  102 0.100
   100  C   3.955        C   99 1.442    C  101 1.372    H  105 0.966
   101  C   3.984        C  102 1.401    C  100 1.372    C  107 1.052
   102  C   3.971        C  101 1.401    C   97 1.365    H  106 0.963    C   99 0.100
   103  H   0.997        C   98 0.970
   104  H   0.996        C   99 0.969
   105  H   0.997        C  100 0.966
   106  H   0.993        C  102 0.963
   107  C   3.983        C  112 1.378    C  108 1.377    C  101 1.052
   108  C   3.979        C  109 1.440    C  107 1.377    H  113 0.961
   109  C   3.981        C  108 1.440    C  110 1.436    H  114 0.961
   110  C   3.967        C  109 1.436    N  111 1.337    H  115 0.882    Pd   1 0.114
   111  N   3.530        C  112 1.369    C  110 1.337    Pd   1 0.583
   112  C   3.963        C  107 1.378    N  111 1.369    H  116 0.924
   113  H   0.991        C  108 0.961
   114  H   0.989        C  109 0.961
   115  H   0.980        C  110 0.882
   116  H   0.983        C  112 0.924
   117  C   3.945        C  118 2.646    C  135 1.126
   118  C   3.952        C  117 2.646    C  119 1.136
   119  C   3.988        C  120 1.442    C  128 1.218    C  118 1.136
   120  C   3.968        C  119 1.442    C  121 1.348    H  129 0.968
   121  C   3.987        C  122 1.531    C  120 1.348    H  130 0.968
   122  C   3.944        C  121 1.531    C  123 1.275    H  131 0.965
   123  C   3.987        C  124 1.281    C  122 1.275    C  128 1.239
   124  C   3.962        N  125 1.462    C  123 1.281    H  132 0.929    C  127 0.100
   125  N   3.529        C  124 1.462    C  126 1.220    Pd   1 0.592
   126  C   3.964        C  127 1.556    N  125 1.220    H  133 0.867    Pd   1 0.123
   127  C   3.980        C  126 1.556    C  128 1.284    H  134 0.953    C  124 0.100
   128  C   3.981        C  127 1.284    C  123 1.239    C  119 1.218
   129  H   0.996        C  120 0.968
   130  H   0.995        C  121 0.968
   131  H   0.994        C  122 0.965
   132  H   0.986        C  124 0.929
   133  H   0.975        C  126 0.867
   134  H   0.987        C  127 0.953
   135  C   3.988        C  140 1.365    C  136 1.351    C  117 1.126
   136  C   3.970        C  137 1.449    C  135 1.351    H  141 0.970
   137  C   3.990        C  136 1.449    C  138 1.442    H  142 0.969    C  140 0.100
   138  C   3.955        C  137 1.442    C  139 1.372    H  143 0.966
   139  C   3.984        C  140 1.401    C  138 1.372    C  145 1.052
   140  C   3.971        C  139 1.401    C  135 1.365    H  144 0.963    C  137 0.100
   141  H   0.997        C  136 0.970
   142  H   0.996        C  137 0.969
   143  H   0.997        C  138 0.966
   144  H   0.993        C  140 0.963
   145  C   3.983        C  150 1.378    C  146 1.377    C  139 1.052
   146  C   3.979        C  147 1.440    C  145 1.377    H  151 0.961
   147  C   3.981        C  146 1.440    C  148 1.436    H  152 0.961
   148  C   3.967        C  147 1.436    N  149 1.337    H  153 0.882    Pd   2 0.114
   149  N   3.530        C  150 1.369    C  148 1.337    Pd   2 0.584
   150  C   3.963        C  145 1.378    N  149 1.369    H  154 0.924
   151  H   0.991        C  146 0.961
   152  H   0.989        C  147 0.961
   153  H   0.980        C  148 0.882
   154  H   0.983        C  150 0.924

molecular dipole:
                 x           y           z       tot (Debye)
 q only:       -3.911      -6.894      -5.177
   full:       -3.923      -6.892      -5.183      24.079
molecular quadrupole (traceless):
                xx          xy          yy          xz          yz          zz
 q only:     -106.970      14.242     209.186       5.423      16.438    -102.216
  q+dip:     -121.278      14.824     237.782       4.767      16.942    -116.504
   full:     -107.828      14.324     210.930       5.155      16.510    -103.102

           -------------------------------------------------
          |               Frequency Printout                |
           -------------------------------------------------
 projected vibrational frequencies (cm-1)
eigval :       -0.00    -0.00    -0.00     0.00     0.00     0.00
eigval :        6.65     7.17     7.54    10.49    16.36    16.45
eigval :       16.62    23.60    26.32    26.50    30.26    33.06
eigval :       35.64    39.92    40.14    44.50    49.29    55.30
eigval :       56.76    56.87    67.18    71.08    71.19    75.80
eigval :       82.89    83.06    83.14    84.26    93.02    99.95
eigval :      100.07   106.51   106.57   108.96   112.63   118.53
eigval :      119.93   121.19   121.36   126.83   138.66   139.55
eigval :      146.14   146.41   148.05   149.52   165.99   166.09
eigval :      171.46   172.73   172.88   174.52   200.43   200.70
eigval :      207.81   211.02   217.00   219.28   220.62   220.67
eigval :      223.48   226.37   247.92   250.70   250.86   252.67
eigval :      255.02   255.25   272.18   272.30   274.97   277.13
eigval :      286.36   289.31   289.73   292.95   318.15   318.21
eigval :      318.43   324.19   329.96   330.21   332.61   333.85
eigval :      342.30   342.44   345.94   346.09   347.58   347.91
eigval :      380.06   380.17   392.44   392.52   392.55   392.74
eigval :      395.39   395.48   402.68   403.69   425.75   425.76
eigval :      426.31   427.21   443.46   443.96   454.10   454.11
eigval :      466.29   466.83   468.81   468.92   479.38   479.42
eigval :      486.40   487.41   489.09   489.16   490.81   491.31
eigval :      514.62   515.86   517.11   517.13   527.78   528.27
eigval :      528.48   528.52   539.49   540.39   543.03   543.06
eigval :      577.63   577.63   588.98   589.43   594.09   594.22
eigval :      594.62   599.08   599.83   599.85   601.18   602.40
eigval :      610.89   612.27   615.83   615.89   632.52   632.55
eigval :      657.66   658.55   660.10   660.19   663.12   667.56
eigval :      671.56   671.59   676.69   678.09   679.19   679.23
eigval :      690.69   697.23   723.96   724.01   724.97   725.00
eigval :      744.22   744.25   744.53   745.85   770.00   771.19
eigval :      771.31   771.65   776.05   777.18   777.28   777.72
eigval :      797.85   797.93   799.44   799.52   799.84   800.11
eigval :      800.40   800.53   806.21   806.71   807.00   807.31
eigval :      855.51   855.86   856.46   856.62   857.76   859.75
eigval :      859.80   862.19   863.55   863.75   863.93   864.05
eigval :      870.65   870.94   871.08   871.80   888.81   889.33
eigval :      889.50   889.90   893.02   893.05   893.42   893.80
eigval :      898.23   898.25   898.76   898.87   899.26   903.14
eigval :      903.27   903.30   904.45   904.52   904.58   904.63
eigval :      934.87   935.02   935.28   935.41   935.41   936.10
eigval :      936.11   936.17   939.55   939.70   939.76   939.94
eigval :      976.60   977.25   977.84   977.85   997.19   997.88
eigval :      999.89   999.96  1043.76  1043.83  1043.93  1044.29
eigval :     1068.22  1068.85  1069.25  1069.55  1082.97  1083.06
eigval :     1083.38  1083.57  1092.07  1092.29  1095.01  1095.29
eigval :     1107.10  1107.21  1107.64  1107.74  1125.05  1125.06
eigval :     1127.48  1127.65  1134.34  1134.44  1138.27  1138.59
eigval :     1154.61  1154.94  1164.47  1165.16  1171.34  1171.39
eigval :     1172.76  1174.03  1175.15  1175.21  1179.43  1179.72
eigval :     1188.37  1188.59  1190.73  1192.16  1193.96  1194.14
eigval :     1196.08  1196.81  1215.13  1215.25  1215.79  1216.02
eigval :     1218.05  1218.11  1220.86  1221.04  1234.17  1234.55
eigval :     1239.21  1240.31  1245.50  1245.53  1245.64  1246.95
eigval :     1269.18  1269.29  1269.37  1269.68  1293.28  1293.32
eigval :     1296.54  1296.68  1298.85  1299.00  1305.77  1305.99
eigval :     1313.18  1313.21  1313.27  1314.40  1318.57  1318.64
eigval :     1330.70  1331.63  1346.05  1346.15  1350.08  1350.52
eigval :     1369.56  1369.68  1369.90  1370.28  1381.61  1381.66
eigval :     1384.70  1386.85  1402.09  1402.15  1403.54  1404.40
eigval :     1404.67  1404.73  1408.98  1409.37  1426.31  1426.34
eigval :     1426.42  1428.75  1447.34  1447.36  1447.81  1448.46
eigval :     1459.51  1459.57  1465.30  1465.59  1470.61  1470.63
eigval :     1478.28  1480.51  1536.76  1536.78  1537.30  1539.15
eigval :     1539.19  1539.25  1549.16  1549.38  1549.93  1549.94
eigval :     1551.70  1552.93  1557.03  1557.09  1559.56  1559.59
eigval :     1559.71  1559.76  1565.30  1566.42  1568.93  1569.01
eigval :     1576.49  1577.97  1578.27  1578.29  1597.57  1597.95
eigval :     2306.11  2306.23  2306.38  2306.44  2879.14  2879.29
eigval :     2888.58  2889.51  2913.77  2915.09  2919.56  2920.87
eigval :     3038.51  3039.37  3039.70  3039.99  3040.94  3041.73
eigval :     3042.14  3042.18  3086.46  3086.84  3086.87  3087.11
eigval :     3093.88  3094.01  3094.01  3094.60  3098.28  3098.43
eigval :     3098.48  3098.49  3102.21  3102.58  3102.63  3103.28
eigval :     3104.07  3104.18  3104.27  3104.48  3104.64  3105.08
eigval :     3105.21  3105.80  3107.10  3107.15  3107.66  3108.12
eigval :     3109.96  3110.35  3110.45  3110.72  3113.74  3113.93
eigval :     3114.14  3114.28  3118.12  3118.22  3118.24  3118.88
 reduced masses (amu)
   1: 21.15   2: 24.87   3: 20.30   4: 20.16   5: 21.31   6: 24.33   7: 11.52   8: 17.16
   9: 17.28  10: 11.20  11: 11.85  12: 13.38  13: 13.02  14: 39.49  15: 20.65  16: 20.58
  17: 15.04  18: 11.83  19: 11.01  20: 12.34  21: 12.30  22: 10.89  23: 18.49  24: 14.41
  25: 12.37  26: 12.38  27: 27.45  28: 12.99  29: 12.93  30: 11.69  31: 11.16  32: 11.18
  33: 11.11  34: 11.92  35: 11.40  36: 12.34  37: 12.34  38: 15.42  39: 15.33  40: 10.93
  41: 20.50  42: 10.80  43: 11.29  44: 11.51  45: 11.48  46: 11.47  47: 11.19  48: 11.19
  49: 13.73  50: 13.76  51: 11.34  52: 13.25  53: 15.82  54: 15.85  55: 10.33  56: 12.22
  57: 12.25  58: 10.33  59: 31.60  60: 31.44  61: 32.69  62: 32.85  63: 13.57  64: 22.67
  65: 13.48  66: 13.48  67: 21.70  68: 27.10  69: 10.46  70: 16.58  71: 16.13  72: 11.48
  73: 51.93  74: 51.61  75: 25.47  76: 25.29  77: 13.60  78: 11.38  79: 14.50  80: 30.25
  81: 30.37  82: 15.47  83: 17.49  84: 17.25  85: 11.50  86: 11.22  87: 12.58  88: 12.52
  89: 10.82  90: 10.84  91: 12.24  92: 12.19  93: 12.61  94: 12.71  95: 10.85  96: 10.82
  97:  9.92  98:  9.93  99:  9.54 100:  9.60 101:  9.55 102:  9.54 103: 12.64 104: 12.69
 105: 12.09 106: 12.11 107: 10.47 108: 10.47 109: 10.39 110: 10.33 111: 10.27 112: 10.26
 113: 11.67 114: 11.67 115: 11.12 116: 11.11 117: 11.37 118: 11.37 119: 11.84 120: 11.84
 121: 11.37 122: 11.37 123: 12.17 124: 12.17 125: 11.51 126: 11.56 127: 11.03 128: 11.00
 129: 11.64 130: 11.64 131: 11.42 132: 11.47 133: 12.09 134: 12.10 135: 10.81 136: 10.84
 137: 11.17 138: 11.17 139: 12.46 140: 12.46 141: 11.36 142: 11.26 143: 11.61 144: 11.61
 145: 11.58 146: 11.48 147: 11.46 148: 11.46 149: 11.56 150: 11.54 151: 10.43 152: 10.46
 153: 10.68 154: 10.69 155: 12.86 156: 12.86 157:  9.75 158:  9.51 159:  9.60 160:  9.61
 161: 11.19 162: 11.24 163: 11.32 164: 11.33 165:  8.70 166:  8.57 167:  8.65 168:  8.66
 169: 11.26 170: 11.63 171: 10.52 172: 10.54 173: 10.67 174: 10.66 175: 11.62 176: 11.63
 177: 11.47 178: 11.49 179:  4.74 180:  4.82 181:  4.82 182:  4.85 183:  4.62 184:  4.65
 185:  4.64 186:  4.68 187: 10.64 188: 10.60 189:  7.23 190:  7.23 191:  5.17 192:  5.24
 193:  8.74 194:  8.15 195:  4.16 196:  4.02 197:  3.89 198:  3.80 199:  7.63 200:  6.13
 201:  6.19 202:  6.40 203:  6.69 204:  8.87 205:  8.59 206:  9.05 207:  4.48 208:  4.53
 209:  4.47 210:  4.50 211:  4.15 212:  4.10 213:  4.16 214:  4.71 215:  3.67 216:  3.50
 217:  3.50 218:  3.53 219:  3.56 220:  3.55 221:  3.56 222:  3.56 223:  5.13 224:  9.86
 225:  4.06 226:  4.07 227:  4.05 228: 10.70 229: 10.76 230: 10.76 231:  4.35 232:  4.13
 233:  4.48 234:  4.30 235:  3.67 236:  3.66 237:  3.70 238:  3.68 239:  3.71 240:  3.70
 241:  3.70 242:  3.70 243:  3.75 244:  3.75 245:  3.71 246:  3.73 247: 11.22 248: 11.23
 249: 11.24 250: 11.24 251: 10.89 252: 10.85 253: 11.02 254: 11.02 255: 10.21 256: 10.21
 257: 10.10 258:  9.93 259:  7.62 260:  7.63 261:  7.55 262:  7.55 263:  5.57 264:  5.61
 265:  5.65 266:  5.73 267:  8.41 268:  8.36 269:  8.40 270:  8.38 271:  6.00 272:  6.00
 273:  5.99 274:  5.99 275:  3.57 276:  3.57 277:  3.71 278:  3.71 279:  4.41 280:  4.41
 281:  4.19 282:  4.18 283:  3.41 284:  3.44 285:  4.31 286:  4.93 287:  3.07 288:  2.98
 289:  2.60 290:  3.31 291:  2.90 292:  2.86 293:  1.96 294:  2.16 295:  2.77 296:  2.74
 297:  1.99 298:  1.81 299:  2.87 300:  2.89 301:  3.33 302:  3.69 303:  4.50 304:  4.49
 305:  5.56 306:  5.74 307:  6.59 308:  6.63 309:  5.66 310:  5.48 311:  3.01 312:  3.01
 313:  3.33 314:  3.17 315:  4.73 316:  4.72 317:  4.73 318:  4.46 319:  6.47 320:  6.48
 321:  6.46 322:  6.63 323: 12.22 324: 12.22 325:  8.11 326:  8.10 327:  8.82 328:  8.36
 329: 11.25 330: 10.83 331: 11.62 332: 11.62 333: 11.63 334: 11.75 335: 10.24 336: 10.24
 337: 10.73 338: 10.82 339:  9.67 340:  9.67 341:  9.57 342:  9.52 343: 10.16 344: 10.16
 345:  9.93 346:  9.81 347: 10.52 348: 10.53 349: 10.38 350: 10.33 351: 10.60 352: 10.57
 353:  9.81 354:  9.56 355: 10.31 356: 10.34 357: 11.27 358: 11.51 359:  9.90 360:  9.91
 361:  9.90 362:  9.83 363: 10.74 364: 10.74 365: 10.78 366: 10.70 367: 10.96 368: 10.96
 369: 10.23 370: 10.29 371: 10.56 372: 10.56 373: 11.34 374: 11.42 375: 11.58 376: 11.58
 377: 11.60 378: 11.65 379: 11.68 380: 11.67 381: 11.74 382: 11.74 383: 11.67 384: 11.67
 385: 11.84 386: 11.88 387: 11.70 388: 11.70 389: 11.51 390: 11.51 391: 11.52 392: 11.51
 393: 11.44 394: 11.44 395: 11.57 396: 11.56 397: 11.56 398: 11.56 399: 11.55 400: 11.55
 401: 11.64 402: 11.64 403: 12.01 404: 12.01 405: 12.01 406: 12.01 407:  1.88 408:  1.88
 409:  1.87 410:  1.87 411:  1.87 412:  1.87 413:  1.87 414:  1.87 415:  1.84 416:  1.84
 417:  1.84 418:  1.84 419:  1.84 420:  1.84 421:  1.84 422:  1.84 423:  1.78 424:  1.78
 425:  1.78 426:  1.77 427:  1.78 428:  1.78 429:  1.78 430:  1.78 431:  1.84 432:  1.83
 433:  1.83 434:  1.84 435:  1.84 436:  1.84 437:  1.84 438:  1.84 439:  1.86 440:  1.89
 441:  1.88 442:  1.89 443:  1.87 444:  1.84 445:  1.84 446:  1.84 447:  1.82 448:  1.82
 449:  1.82 450:  1.82 451:  1.90 452:  1.90 453:  1.90 454:  1.90 455:  1.85 456:  1.85
 457:  1.85 458:  1.85 459:  1.90 460:  1.90 461:  1.90 462:  1.90
 IR intensities (amu)
   1:  0.14   2:  0.69   3:  0.43   4:  0.41   5:  0.34   6:  0.67   7:  0.12   8:  0.50
   9:  0.50  10:  0.04  11:  0.09  12:  0.15  13:  0.13  14:  0.00  15:  0.04  16:  0.04
  17:  0.00  18:  0.00  19:  0.04  20:  0.08  21:  0.08  22:  0.00  23:  0.03  24:  0.02
  25:  0.10  26:  0.11  27:  0.07  28:  0.19  29:  0.19  30:  0.00  31:  0.01  32:  0.11
  33:  0.11  34:  0.04  35:  0.07  36:  0.05  37:  0.05  38:  0.39  39:  0.39  40:  0.02
  41:  0.00  42:  0.07  43:  0.02  44:  0.20  45:  0.20  46:  0.06  47:  0.05  48:  0.02
  49:  0.07  50:  0.06  51:  0.14  52:  0.01  53:  0.60  54:  0.58  55:  0.02  56:  0.31
  57:  0.32  58:  0.02  59:  0.83  60:  0.82  61:  0.01  62:  0.15  63:  0.02  64:  0.12
  65:  0.20  66:  0.19  67:  0.17  68:  0.00  69:  0.10  70:  0.39  71:  0.38  72:  0.01
  73:  0.95  74:  0.95  75:  0.26  76:  0.25  77:  0.01  78:  0.01  79:  0.06  80:  0.74
  81:  0.74  82:  0.16  83:  0.49  84:  0.48  85:  0.14  86:  0.00  87:  0.05  88:  0.05
  89:  0.01  90:  0.20  91:  0.12  92:  0.12  93:  0.28  94:  0.27  95:  0.03  96:  0.05
  97:  0.01  98:  0.05  99:  0.01 100:  0.02 101:  0.01 102:  0.01 103:  0.24 104:  0.24
 105:  0.02 106:  0.01 107:  0.16 108:  0.15 109:  0.07 110:  0.01 111:  0.07 112:  0.01
 113:  0.18 114:  0.17 115:  0.00 116:  0.03 117:  0.06 118:  0.05 119:  0.18 120:  0.18
 121:  0.00 122:  0.47 123:  0.31 124:  0.31 125:  0.30 126:  0.01 127:  0.01 128:  0.11
 129:  0.15 130:  0.15 131:  0.01 132:  0.29 133:  0.16 134:  0.16 135:  0.00 136:  0.02
 137:  0.02 138:  0.01 139:  0.60 140:  0.59 141:  0.00 142:  0.01 143:  0.20 144:  0.20
 145:  0.07 146:  0.00 147:  0.15 148:  0.15 149:  0.16 150:  0.01 151:  0.01 152:  0.05
 153:  0.22 154:  0.22 155:  0.38 156:  0.38 157:  0.00 158:  0.05 159:  0.10 160:  0.10
 161:  0.03 162:  0.01 163:  0.18 164:  0.18 165:  0.01 166:  0.13 167:  0.27 168:  0.27
 169:  0.01 170:  0.26 171:  0.02 172:  0.06 173:  0.08 174:  0.08 175:  0.14 176:  0.14
 177:  0.36 178:  0.01 179:  0.03 180:  0.34 181:  0.32 182:  0.13 183:  0.03 184:  0.11
 185:  0.10 186:  0.03 187:  0.06 188:  0.09 189:  0.08 190:  0.08 191:  0.02 192:  0.13
 193:  0.09 194:  0.09 195:  0.12 196:  0.22 197:  0.31 198:  0.36 199:  0.11 200:  0.06
 201:  0.50 202:  0.52 203:  0.06 204:  0.53 205:  0.50 206:  0.02 207:  0.07 208:  0.06
 209:  0.06 210:  0.04 211:  0.22 212:  0.28 213:  0.35 214:  0.04 215:  0.02 216:  0.06
 217:  0.07 218:  0.05 219:  0.03 220:  0.03 221:  0.07 222:  0.02 223:  0.01 224:  0.00
 225:  0.01 226:  0.01 227:  0.01 228:  0.15 229:  0.09 230:  0.09 231:  0.07 232:  0.05
 233:  0.08 234:  0.08 235:  0.05 236:  0.05 237:  0.04 238:  0.04 239:  0.03 240:  0.02
 241:  0.03 242:  0.02 243:  0.08 244:  0.08 245:  0.08 246:  0.08 247:  0.04 248:  0.02
 249:  0.39 250:  0.39 251:  0.35 252:  0.01 253:  0.23 254:  0.23 255:  0.09 256:  0.09
 257:  0.03 258:  0.08 259:  0.05 260:  0.12 261:  0.66 262:  0.67 263:  0.02 264:  0.04
 265:  0.12 266:  0.19 267:  0.57 268:  0.57 269:  0.32 270:  0.23 271:  0.32 272:  0.33
 273:  0.28 274:  0.27 275:  0.38 276:  0.38 277:  0.02 278:  0.02 279:  0.05 280:  0.05
 281:  0.23 282:  0.15 283:  0.29 284:  0.29 285:  0.63 286:  0.04 287:  0.10 288:  0.10
 289:  0.01 290:  0.32 291:  0.17 292:  0.17 293:  0.05 294:  0.38 295:  0.14 296:  0.14
 297:  0.30 298:  0.01 299:  0.06 300:  0.06 301:  0.27 302:  0.01 303:  0.12 304:  0.11
 305:  0.01 306:  0.02 307:  0.09 308:  0.09 309:  0.22 310:  0.00 311:  0.05 312:  0.05
 313:  0.01 314:  0.16 315:  0.39 316:  0.42 317:  0.19 318:  0.01 319:  0.36 320:  0.54
 321:  0.64 322:  0.06 323:  0.24 324:  0.24 325:  0.36 326:  0.37 327:  0.70 328:  0.03
 329:  0.03 330:  0.29 331:  0.09 332:  0.11 333:  0.05 334:  0.38 335:  0.43 336:  0.43
 337:  0.35 338:  0.01 339:  0.12 340:  0.12 341:  0.16 342:  0.02 343:  0.82 344:  0.82
 345:  0.13 346:  0.58 347:  0.33 348:  0.33 349:  0.82 350:  0.03 351:  1.32 352:  1.31
 353:  0.01 354:  0.50 355:  1.04 356:  1.05 357:  0.10 358:  0.47 359:  0.44 360:  0.49
 361:  0.22 362:  0.10 363:  0.13 364:  0.15 365:  1.50 366:  0.01 367:  0.14 368:  0.14
 369:  0.09 370:  0.80 371:  0.66 372:  0.66 373:  0.86 374:  0.02 375:  0.49 376:  0.50
 377:  0.02 378:  0.84 379:  0.49 380:  0.52 381:  0.05 382:  1.08 383:  0.38 384:  0.38
 385:  0.71 386:  0.01 387:  0.91 388:  0.90 389:  0.08 390:  0.08 391:  0.07 392:  0.05
 393:  0.02 394:  0.23 395:  0.66 396:  0.65 397:  0.13 398:  0.03 399:  0.19 400:  0.19
 401:  0.74 402:  0.69 403:  0.90 404:  1.04 405:  0.82 406:  1.51 407:  0.04 408:  0.04
 409:  0.04 410:  0.24 411:  0.07 412:  0.08 413:  0.17 414:  0.19 415:  0.11 416:  0.08
 417:  0.14 418:  0.07 419:  0.04 420:  0.04 421:  0.01 422:  0.01 423:  0.18 424:  0.17
 425:  0.17 426:  0.17 427:  0.14 428:  0.08 429:  0.19 430:  0.15 431:  0.20 432:  0.19
 433:  0.21 434:  0.19 435:  0.18 436:  0.18 437:  0.18 438:  0.16 439:  0.27 440:  0.30
 441:  0.44 442:  0.32 443:  0.36 444:  0.13 445:  0.14 446:  0.08 447:  0.15 448:  0.15
 449:  0.12 450:  0.13 451:  0.29 452:  0.26 453:  0.36 454:  0.34 455:  0.10 456:  0.06
 457:  0.10 458:  0.07 459:  0.02 460:  0.02 461:  0.03 462:  0.02
 Raman intensities (amu)
   1:  0.00   2:  0.00   3:  0.00   4:  0.00   5:  0.00   6:  0.00   7:  0.00   8:  0.00
   9:  0.00  10:  0.00  11:  0.00  12:  0.00  13:  0.00  14:  0.00  15:  0.00  16:  0.00
  17:  0.00  18:  0.00  19:  0.00  20:  0.00  21:  0.00  22:  0.00  23:  0.00  24:  0.00
  25:  0.00  26:  0.00  27:  0.00  28:  0.00  29:  0.00  30:  0.00  31:  0.00  32:  0.00
  33:  0.00  34:  0.00  35:  0.00  36:  0.00  37:  0.00  38:  0.00  39:  0.00  40:  0.00
  41:  0.00  42:  0.00  43:  0.00  44:  0.00  45:  0.00  46:  0.00  47:  0.00  48:  0.00
  49:  0.00  50:  0.00  51:  0.00  52:  0.00  53:  0.00  54:  0.00  55:  0.00  56:  0.00
  57:  0.00  58:  0.00  59:  0.00  60:  0.00  61:  0.00  62:  0.00  63:  0.00  64:  0.00
  65:  0.00  66:  0.00  67:  0.00  68:  0.00  69:  0.00  70:  0.00  71:  0.00  72:  0.00
  73:  0.00  74:  0.00  75:  0.00  76:  0.00  77:  0.00  78:  0.00  79:  0.00  80:  0.00
  81:  0.00  82:  0.00  83:  0.00  84:  0.00  85:  0.00  86:  0.00  87:  0.00  88:  0.00
  89:  0.00  90:  0.00  91:  0.00  92:  0.00  93:  0.00  94:  0.00  95:  0.00  96:  0.00
  97:  0.00  98:  0.00  99:  0.00 100:  0.00 101:  0.00 102:  0.00 103:  0.00 104:  0.00
 105:  0.00 106:  0.00 107:  0.00 108:  0.00 109:  0.00 110:  0.00 111:  0.00 112:  0.00
 113:  0.00 114:  0.00 115:  0.00 116:  0.00 117:  0.00 118:  0.00 119:  0.00 120:  0.00
 121:  0.00 122:  0.00 123:  0.00 124:  0.00 125:  0.00 126:  0.00 127:  0.00 128:  0.00
 129:  0.00 130:  0.00 131:  0.00 132:  0.00 133:  0.00 134:  0.00 135:  0.00 136:  0.00
 137:  0.00 138:  0.00 139:  0.00 140:  0.00 141:  0.00 142:  0.00 143:  0.00 144:  0.00
 145:  0.00 146:  0.00 147:  0.00 148:  0.00 149:  0.00 150:  0.00 151:  0.00 152:  0.00
 153:  0.00 154:  0.00 155:  0.00 156:  0.00 157:  0.00 158:  0.00 159:  0.00 160:  0.00
 161:  0.00 162:  0.00 163:  0.00 164:  0.00 165:  0.00 166:  0.00 167:  0.00 168:  0.00
 169:  0.00 170:  0.00 171:  0.00 172:  0.00 173:  0.00 174:  0.00 175:  0.00 176:  0.00
 177:  0.00 178:  0.00 179:  0.00 180:  0.00 181:  0.00 182:  0.00 183:  0.00 184:  0.00
 185:  0.00 186:  0.00 187:  0.00 188:  0.00 189:  0.00 190:  0.00 191:  0.00 192:  0.00
 193:  0.00 194:  0.00 195:  0.00 196:  0.00 197:  0.00 198:  0.00 199:  0.00 200:  0.00
 201:  0.00 202:  0.00 203:  0.00 204:  0.00 205:  0.00 206:  0.00 207:  0.00 208:  0.00
 209:  0.00 210:  0.00 211:  0.00 212:  0.00 213:  0.00 214:  0.00 215:  0.00 216:  0.00
 217:  0.00 218:  0.00 219:  0.00 220:  0.00 221:  0.00 222:  0.00 223:  0.00 224:  0.00
 225:  0.00 226:  0.00 227:  0.00 228:  0.00 229:  0.00 230:  0.00 231:  0.00 232:  0.00
 233:  0.00 234:  0.00 235:  0.00 236:  0.00 237:  0.00 238:  0.00 239:  0.00 240:  0.00
 241:  0.00 242:  0.00 243:  0.00 244:  0.00 245:  0.00 246:  0.00 247:  0.00 248:  0.00
 249:  0.00 250:  0.00 251:  0.00 252:  0.00 253:  0.00 254:  0.00 255:  0.00 256:  0.00
 257:  0.00 258:  0.00 259:  0.00 260:  0.00 261:  0.00 262:  0.00 263:  0.00 264:  0.00
 265:  0.00 266:  0.00 267:  0.00 268:  0.00 269:  0.00 270:  0.00 271:  0.00 272:  0.00
 273:  0.00 274:  0.00 275:  0.00 276:  0.00 277:  0.00 278:  0.00 279:  0.00 280:  0.00
 281:  0.00 282:  0.00 283:  0.00 284:  0.00 285:  0.00 286:  0.00 287:  0.00 288:  0.00
 289:  0.00 290:  0.00 291:  0.00 292:  0.00 293:  0.00 294:  0.00 295:  0.00 296:  0.00
 297:  0.00 298:  0.00 299:  0.00 300:  0.00 301:  0.00 302:  0.00 303:  0.00 304:  0.00
 305:  0.00 306:  0.00 307:  0.00 308:  0.00 309:  0.00 310:  0.00 311:  0.00 312:  0.00
 313:  0.00 314:  0.00 315:  0.00 316:  0.00 317:  0.00 318:  0.00 319:  0.00 320:  0.00
 321:  0.00 322:  0.00 323:  0.00 324:  0.00 325:  0.00 326:  0.00 327:  0.00 328:  0.00
 329:  0.00 330:  0.00 331:  0.00 332:  0.00 333:  0.00 334:  0.00 335:  0.00 336:  0.00
 337:  0.00 338:  0.00 339:  0.00 340:  0.00 341:  0.00 342:  0.00 343:  0.00 344:  0.00
 345:  0.00 346:  0.00 347:  0.00 348:  0.00 349:  0.00 350:  0.00 351:  0.00 352:  0.00
 353:  0.00 354:  0.00 355:  0.00 356:  0.00 357:  0.00 358:  0.00 359:  0.00 360:  0.00
 361:  0.00 362:  0.00 363:  0.00 364:  0.00 365:  0.00 366:  0.00 367:  0.00 368:  0.00
 369:  0.00 370:  0.00 371:  0.00 372:  0.00 373:  0.00 374:  0.00 375:  0.00 376:  0.00
 377:  0.00 378:  0.00 379:  0.00 380:  0.00 381:  0.00 382:  0.00 383:  0.00 384:  0.00
 385:  0.00 386:  0.00 387:  0.00 388:  0.00 389:  0.00 390:  0.00 391:  0.00 392:  0.00
 393:  0.00 394:  0.00 395:  0.00 396:  0.00 397:  0.00 398:  0.00 399:  0.00 400:  0.00
 401:  0.00 402:  0.00 403:  0.00 404:  0.00 405:  0.00 406:  0.00 407:  0.00 408:  0.00
 409:  0.00 410:  0.00 411:  0.00 412:  0.00 413:  0.00 414:  0.00 415:  0.00 416:  0.00
 417:  0.00 418:  0.00 419:  0.00 420:  0.00 421:  0.00 422:  0.00 423:  0.00 424:  0.00
 425:  0.00 426:  0.00 427:  0.00 428:  0.00 429:  0.00 430:  0.00 431:  0.00 432:  0.00
 433:  0.00 434:  0.00 435:  0.00 436:  0.00 437:  0.00 438:  0.00 439:  0.00 440:  0.00
 441:  0.00 442:  0.00 443:  0.00 444:  0.00 445:  0.00 446:  0.00 447:  0.00 448:  0.00
 449:  0.00 450:  0.00 451:  0.00 452:  0.00 453:  0.00 454:  0.00 455:  0.00 456:  0.00
 457:  0.00 458:  0.00 459:  0.00 460:  0.00 461:  0.00 462:  0.00
 output can be read by thermo (or use thermo option).
 writing <g98.out> molden fake output.
 recommended (thermochemical) frequency scaling factor: 1.0
           -------------------------------------------------
          |             Thermodynamic Functions             |
           -------------------------------------------------

Molecule has no symmetry elements
It seems to be the C1 point group
c1  symmetry found (for desy threshold:  0.10E+00) used in thermo

          ...................................................
          :                      SETUP                      :
          :.................................................:
          :  # frequencies                         456      :
          :  # imaginary freq.                       0      :
          :  linear?                             false      :
          :  only rotor calc.                    false      :
          :  symmetry                               c1      :
          :  rotational number                       1      :
          :  scaling factor                  1.0000000      :
          :  rotor cutoff                   50.0000000 cm⁻¹ :
          :  imag. cutoff                  -20.0000000 cm⁻¹ :
          :.................................................:

    mode    ω/cm⁻¹     T·S(HO)/kcal·mol⁻¹    T·S(FR)/kcal·mol⁻¹   T·S(vib)
   ------------------------------------------------------------------------
       1      6.65    -2.62998 (  0.03%)    -1.65407 ( 99.97%)    -1.65438
       2      7.17    -2.58525 (  0.04%)    -1.63171 ( 99.96%)    -1.63211
       3      7.54    -2.55567 (  0.05%)    -1.61692 ( 99.95%)    -1.61740
       4     10.49    -2.36008 (  0.19%)    -1.51911 ( 99.81%)    -1.52074
       5     16.36    -2.09693 (  1.13%)    -1.38750 ( 98.87%)    -1.39554
       6     16.45    -2.09385 (  1.16%)    -1.38596 ( 98.84%)    -1.39414
       7     16.62    -2.08771 (  1.21%)    -1.38289 ( 98.79%)    -1.39138
       8     23.60    -1.88007 (  4.73%)    -1.27899 ( 95.27%)    -1.30740
       9     26.32    -1.81538 (  7.13%)    -1.24660 ( 92.87%)    -1.28718
      10     26.50    -1.81148 (  7.31%)    -1.24465 ( 92.69%)    -1.28609
      11     30.26    -1.73302 ( 11.82%)    -1.20536 ( 88.18%)    -1.26774
      12     33.06    -1.68068 ( 16.04%)    -1.17914 ( 83.96%)    -1.25958
      13     35.64    -1.63613 ( 20.52%)    -1.15682 ( 79.48%)    -1.25519
      14     39.92    -1.56922 ( 28.89%)    -1.12327 ( 71.11%)    -1.25209
      15     40.14    -1.56597 ( 29.34%)    -1.12164 ( 70.66%)    -1.25201
      16     44.50    -1.50506 ( 38.55%)    -1.09108 ( 61.45%)    -1.25067
      17     49.29    -1.44472 ( 48.57%)    -1.06078 ( 51.43%)    -1.24727
      18     55.30    -1.37694 ( 59.94%)    -1.02671 ( 40.06%)    -1.23663
      19     56.76    -1.36159 ( 62.41%)    -1.01899 ( 37.59%)    -1.23282
      20     56.87    -1.36049 ( 62.59%)    -1.01843 ( 37.41%)    -1.23253
      21     67.18    -1.26250 ( 76.52%)    -0.96907 ( 23.48%)    -1.19359
      22     71.08    -1.22935 ( 80.33%)    -0.95234 ( 19.67%)    -1.17486
      23     71.19    -1.22843 ( 80.43%)    -0.95188 ( 19.57%)    -1.17431
      24     75.80    -1.19166 ( 84.08%)    -0.93330 ( 15.92%)    -1.15052
      25     82.89    -1.13928 ( 88.31%)    -0.90679 ( 11.69%)    -1.11210
      26     83.06    -1.13812 ( 88.39%)    -0.90620 ( 11.61%)    -1.11120
      27     83.14    -1.13755 ( 88.43%)    -0.90591 ( 11.57%)    -1.11076
      28     84.26    -1.12975 ( 88.97%)    -0.90196 ( 11.03%)    -1.10462
      29     93.02    -1.07202 ( 92.29%)    -0.87265 (  7.71%)    -1.05666
      30     99.95    -1.03020 ( 94.11%)    -0.85136 (  5.89%)    -1.01966
      31    100.07    -1.02949 ( 94.13%)    -0.85100 (  5.87%)    -1.01902
      32    106.51    -0.99327 ( 95.37%)    -0.83251 (  4.63%)    -0.98583
      33    106.57    -0.99295 ( 95.38%)    -0.83235 (  4.62%)    -0.98553
      34    108.96    -0.98011 ( 95.75%)    -0.82578 (  4.25%)    -0.97356
      35    112.63    -0.96097 ( 96.26%)    -0.81598 (  3.74%)    -0.95555
      36    118.53    -0.93149 ( 96.93%)    -0.80086 (  3.07%)    -0.92748
      37    119.93    -0.92469 ( 97.07%)    -0.79736 (  2.93%)    -0.92096
      38    121.19    -0.91867 ( 97.18%)    -0.79427 (  2.82%)    -0.91517
      39    121.36    -0.91790 ( 97.20%)    -0.79387 (  2.80%)    -0.91442
      40    126.83    -0.89251 ( 97.64%)    -0.78079 (  2.36%)    -0.88988
      41    138.66    -0.84147 ( 98.34%)    -0.75438 (  1.66%)    -0.84002
      42    139.55    -0.83783 ( 98.38%)    -0.75250 (  1.62%)    -0.83645
      43    146.14    -0.81153 ( 98.65%)    -0.73882 (  1.35%)    -0.81055
      44    146.41    -0.81049 ( 98.66%)    -0.73828 (  1.34%)    -0.80953
      45    148.05    -0.80415 ( 98.72%)    -0.73497 (  1.28%)    -0.80326
      46    149.52    -0.79855 ( 98.76%)    -0.73205 (  1.24%)    -0.79773
      47    165.99    -0.73952 ( 99.18%)    -0.70108 (  0.82%)    -0.73921
      48    166.09    -0.73921 ( 99.19%)    -0.70092 (  0.81%)    -0.73889
      49    171.46    -0.72134 ( 99.28%)    -0.69148 (  0.72%)    -0.72113
      50    172.73    -0.71723 ( 99.30%)    -0.68930 (  0.70%)    -0.71704
      51    172.88    -0.71673 ( 99.31%)    -0.68904 (  0.69%)    -0.71654
      52    174.52    -0.71146 ( 99.33%)    -0.68625 (  0.67%)    -0.71130
      53    200.43    -0.63482 ( 99.61%)    -0.64524 (  0.39%)    -0.63486
      54    200.70    -0.63407 ( 99.62%)    -0.64484 (  0.38%)    -0.63411
      55    207.81    -0.61502 ( 99.67%)    -0.63452 (  0.33%)    -0.61508
      56    211.02    -0.60669 ( 99.69%)    -0.62999 (  0.31%)    -0.60677
      57    217.00    -0.59153 ( 99.72%)    -0.62171 (  0.28%)    -0.59162
      58    219.28    -0.58587 ( 99.73%)    -0.61861 (  0.27%)    -0.58596
      59    220.62    -0.58259 ( 99.74%)    -0.61681 (  0.26%)    -0.58268
      60    220.67    -0.58246 ( 99.74%)    -0.61673 (  0.26%)    -0.58255
      61    223.48    -0.57564 ( 99.75%)    -0.61299 (  0.25%)    -0.57574
      62    226.37    -0.56873 ( 99.76%)    -0.60918 (  0.24%)    -0.56883
      63    247.92    -0.52037 ( 99.83%)    -0.58224 (  0.17%)    -0.52047
      64    250.70    -0.51450 ( 99.84%)    -0.57894 (  0.16%)    -0.51460
      65    250.86    -0.51418 ( 99.84%)    -0.57876 (  0.16%)    -0.51428
      66    252.67    -0.51040 ( 99.85%)    -0.57662 (  0.15%)    -0.51050
      67    255.02    -0.50554 ( 99.85%)    -0.57388 (  0.15%)    -0.50564
      68    255.25    -0.50508 ( 99.85%)    -0.57361 (  0.15%)    -0.50518
      69    272.18    -0.47177 ( 99.89%)    -0.55459 (  0.11%)    -0.47187
      70    272.30    -0.47154 ( 99.89%)    -0.55445 (  0.11%)    -0.47163
      71    274.97    -0.46654 ( 99.89%)    -0.55157 (  0.11%)    -0.46663
      72    277.13    -0.46252 ( 99.89%)    -0.54924 (  0.11%)    -0.46262
      73    286.36    -0.44585 ( 99.91%)    -0.53954 (  0.09%)    -0.44594
      74    289.31    -0.44065 ( 99.91%)    -0.53650 (  0.09%)    -0.44074
      75    289.73    -0.43994 ( 99.91%)    -0.53608 (  0.09%)    -0.44002
      76    292.95    -0.43435 ( 99.92%)    -0.53280 (  0.08%)    -0.43444
   ------------------------------------------------------------------------

   temp. (K)  partition function   enthalpy   heat capacity  entropy
                                   cal/mol     cal/K/mol   cal/K/mol   J/K/mol
 298.15  VIB  0.772E+40            49970.442    323.484    314.615
         ROT  0.550E+09              888.752      2.981     42.977
         INT  0.425E+49            50859.195    326.465    357.591
         TR   0.528E+29             1481.254      4.968     47.643
         TOT                       52340.4485   331.4329   405.2345  1695.5012

       T/K    H(0)-H(T)+PV         H(T)/Eh          T*S/Eh         G(T)/Eh
   ------------------------------------------------------------------------
    298.15    0.834098E-01    0.122890E+01    0.192540E+00    0.103636E+01
   ------------------------------------------------------------------------

         :::::::::::::::::::::::::::::::::::::::::::::::::::::
         ::                  THERMODYNAMIC                  ::
         :::::::::::::::::::::::::::::::::::::::::::::::::::::
         :: total free energy        -247.212997413448 Eh   ::
         ::.................................................::
         :: total energy             -248.249353334610 Eh   ::
         :: zero point energy           1.145486098433 Eh   ::
         :: G(RRHO) w/o ZPVE           -0.109130177270 Eh   ::
         :: G(RRHO) contrib.            1.036355921162 Eh   ::
         :::::::::::::::::::::::::::::::::::::::::::::::::::::

           -------------------------------------------------
          | TOTAL ENERGY             -248.249353334610 Eh   |
          | TOTAL ENTHALPY           -247.020457422308 Eh   |
          | TOTAL FREE ENERGY        -247.212997413448 Eh   |
          | GRADIENT NORM               0.000618995282 Eh/α |
          | HOMO-LUMO GAP               2.182047170235 eV   |
           -------------------------------------------------

------------------------------------------------------------------------
 * finished run on 2021/06/21 at 18:53:55.724     
------------------------------------------------------------------------
 total:
 * wall-time:     0 d,  0 h, 11 min, 11.853 sec
 *  cpu-time:     0 d,  0 h, 42 min,  6.824 sec
 * ratio c/w:     3.761 speedup
 SCF:
 * wall-time:     0 d,  0 h,  0 min,  1.914 sec
 *  cpu-time:     0 d,  0 h,  0 min,  6.651 sec
 * ratio c/w:     3.474 speedup
 numerical hessian:
 * wall-time:     0 d,  0 h, 11 min,  7.876 sec
 *  cpu-time:     0 d,  0 h, 41 min, 58.074 sec
 * ratio c/w:     3.770 speedup

