      -----------------------------------------------------------      
     |                   =====================                   |     
     |                           x T B                           |     
     |                   =====================                   |     
     |                         S. Grimme                         |     
     |          Mulliken Center for Theoretical Chemistry        |     
     |                    University of Bonn                     |     
     |                Version 6.2 RC2 (SAW190805)                |     
      -----------------------------------------------------------      

   This program is distributed in the hope that it will be useful,
   but WITHOUT ANY WARRANTY; without even the implied warranty of
   MERCHANTABILITY or FITNESS FOR A PARTICULAR PURPOSE.
   
   FOR NON-COMMERCIAL, ACADEMIA USE ONLY.
   
   Cite this work as:
   * S. Grimme, C. Bannwarth, P. Shushkov, J. Chem. Theory Comput., 2017,
     13, 1989-2009. DOI: 10.1021/acs.jctc.7b00118
   * C. Bannwarth, S. Ehlert and S. Grimme., J. Chem. Theory Comput., 2019,
     15, 1652-1671. DOI: 10.1021/acs.jctc.8b01176
   * P. Pracht, E. Caldeweyher, S. Ehlert, S. Grimme, ChemRxiv, 2019, preprint.
     DOI: 10.26434/chemrxiv.8326202.v1
   
   for DFT-D4:
   * E. Caldeweyher, C. Bannwarth and S. Grimme, J. Chem. Phys., 2017,
     147, 034112. DOI: 10.1063/1.4993215
   * E. Caldeweyher, S. Ehlert, A. Hansen, H. Neugebauer, S. Spicher,
     C. Bannwarth and S. Grimme, J. Chem. Phys., 2019, 150, 154122.
     DOI: 10.1063/1.5090222
   
   for sTDA-xTB:
   * S. Grimme and C. Bannwarth, J. Chem. Phys., 2016, 145, 054103.
     DOI: 10.1063/1.4959605
   
   in the mass-spec context:
   * V. Asgeirsson, C. Bauer and S. Grimme, Chem. Sci., 2017, 8, 4879.
     DOI: 10.1039/c7sc00601b
   
   for metadynamics refer to:
   * S. Grimme, J. Chem. Theory Comput., 2019, 155, 2847-2862
     DOI: 10.1021/acs.jctc.9b00143
   
   with help from (in alphabetical order)
   C. Bannwarth, F. Bohle, G. Brandenburg, E. Caldeweyher, M. Checinski,
   S. Dohm, S. Ehlert, S. Ehrlich, F. März, H. Neugebauer, J. Pisarek,
   P. Pracht, P. Shushkov, and S. Spicher.
   
 * started run on 2021/06/21 at 19:15:31.738     

           -------------------------------------------------
          |                Calculation Setup                |
           -------------------------------------------------

          program call               : /home/atarzia/software/xtb-190806/bin/xtb /data/atarzia/projects/unsymm/screening/production/free_energy_calculations/fe_4d2_c/input_structure.xyz --gfn 2 --hess --parallel 6 --etemp 300 --gbsa dmso --chrg 4 --uhf 0 -I det_control.in
          coordinate file            : /data/atarzia/projects/unsymm/screening/production/free_energy_calculations/fe_4d2_c/input_structure.xyz
          omp threads                :                     6
          number of atoms            :                   154
          number of electrons        :                   464
          charge                     :                     4
          spin                       :                   0.0
          first test random number   :      0.68726648130345


########################################################################
# WARNING! Please study the warnings concerning your input carefully
#  - XTBHOME is not set, using HOME instead
#  - XTBPATH is not set, using XTBHOME instead
#  - Process number higher than OMP_NUM_THREADS, I hope you know what you are doing.
########################################################################

           ------------------------------------------------- 
          |                 G F N 2 - x T B                 |
          | Geometry, Frequencies, Noncovalent interactions |
          |            JCTC 2019 parametrisation            |
           ------------------------------------------------- 
             k(s)              :                1.8500
             k(p)              :                2.2300
             k(d)              :                2.2300
             k(f)              :                2.0000
             kEN (H0ij)        :               -2.0000
             D4 a1             :                0.5200
             D4 a2             :                5.0000
             D4 s6             :                1.0000
             D4 s8             :                2.7000
             D4 s9             :                5.0000
             alphaj            :                2.0000

  Z AO/shell   Hii/eV     exponent
  1     Wed Apr 25 08:07:45 CEST 2018   EN: 2.200 GM2: 0.406  GM3: 0.0800  RAES: 1.40
     1s    -10.707211    1.230000
  6     Wed Apr 25 08:07:45 CEST 2018   EN: 2.550 GM2: 0.538  GM3: 0.1500  RAES: 3.00
     2s    -13.970922    2.096432
     2p    -10.063292    1.800000
  7     Wed Apr 25 08:07:45 CEST 2018   EN: 3.040 GM2: 0.461  GM3:-0.0640  RAES: 1.90
     2s    -16.686243    2.339881
     2p    -12.523956    2.014332
 46     Wed Apr 25 16:26:58 CEST 2018   EN: 2.200 GM2: 0.273  GM3: 0.0800  RAES: 5.00
     4d    -11.963518    2.353691
     5s     -9.714059    1.828354
     5p     -2.035281    1.333352

 Solvent             : dmso
 Using internal parameter file: .param_gbsa2_dmso
 Gsolv ref. state (COSMO-RS): gsolv [1 M gas/solution]
 temperature (mdtemp)       :    298.150000000000     
 dielectric constant        :    46.6800000000000     
 rho                        :    1.10000000000000     
 mass                       :    78.1300000000000     
 surface tension            :    15.5689454083859     
 probe radius               :   0.949087640000000     
 vdW radii scaling          :    1.00000000000000     
 Gshift (Eh)                :   5.161738145414381E-003
 c1                         :    1.63948621000000     
 soset                      :   1.179665000000000E-002
 HB correction              :  T
           ------------------------------------------------- 
          |        Self-Consistent Charge Iterations        |
           ------------------------------------------------- 

          ...................................................
          :                      SETUP                      :
          :.................................................:
          :  # basis functions                 460          :
          :  # atomic orbitals                 458          :
          :  # shells                          254          :
          :  # electrons                       464          :
          :  max. iterations                   250          :
          :  Hamiltonian                  GFN2-xTB          :
          :  restarted?                      false          :
          :  GBSA solvation                   true          :
          :  PC potential                    false          :
          :  electronic temp.          300.0000000     K    :
          :  accuracy                    1.0000000          :
          :  -> integral cutoff          0.2500000E+02      :
          :  -> integral neglect         0.1000000E-07      :
          :  -> SCF convergence          0.1000000E-05 Eh   :
          :  -> wf. convergence          0.1000000E-03 e    :
          :  Broyden damping             0.4000000          :
          ...................................................

 iter      E             dE          RMSdq      gap      omega  full diag
   1   -252.0871772 -0.252087E+03  0.592E+00    2.11       0.0  T
   2   -252.5596644 -0.472487E+00  0.393E+00    1.75       1.0  T
   3   -252.3799821  0.179682E+00  0.211E+00    1.91       1.0  T
   4   -252.7561058 -0.376124E+00  0.885E-01    2.08       1.0  T
   5   -252.8260653 -0.699595E-01  0.332E-01    2.08       1.0  T
   6   -252.8334396 -0.737427E-02  0.158E-01    2.11       1.0  T
   7   -252.8338204 -0.380828E-03  0.742E-02    2.12       1.0  T
   8   -252.8339857 -0.165251E-03  0.264E-02    2.12       1.0  T
   9   -252.8340035 -0.178110E-04  0.117E-02    2.12       1.0  T
  10   -252.8340091 -0.557872E-05  0.726E-03    2.12       1.1  T
  11   -252.8340100 -0.984210E-06  0.446E-03    2.12       1.8  T
  12   -252.8340119 -0.186780E-05  0.154E-03    2.12       5.2  T
  13   -252.8340121 -0.146638E-06  0.821E-04    2.12       9.8  T
  14   -252.8340121 -0.400811E-07  0.360E-04    2.12      22.4  T

   *** convergence criteria satisfied after 14 iterations ***

         #    Occupation            Energy/Eh            Energy/eV
      -------------------------------------------------------------
         1        2.0000           -0.7329541             -19.9447
       ...           ...                  ...                  ...
       226        2.0000           -0.4224342             -11.4950
       227        2.0000           -0.4193195             -11.4103
       228        2.0000           -0.4175479             -11.3621
       229        2.0000           -0.4008506             -10.9077
       230        2.0000           -0.4008394             -10.9074
       231        2.0000           -0.4008101             -10.9066
       232        2.0000           -0.3998289             -10.8799 (HOMO)
       233                         -0.3220795              -8.7642 (LUMO)
       234                         -0.3212258              -8.7410
       235                         -0.3211119              -8.7379
       236                         -0.3206977              -8.7266
       237                         -0.3164900              -8.6121
       ...                                ...                  ...
       458                          1.4930792              40.6288
      -------------------------------------------------------------
                  HL-Gap            0.0777493 Eh            2.1157 eV
             Fermi-level           -0.3609542 Eh           -9.8221 eV

 SCC (total)                   0 d,  0 h,  0 min,  0.984 sec
 SCC setup                      ...        0 min,  0.087 sec (  8.882%)
 Dispersion                     ...        0 min,  0.021 sec (  2.111%)
 integral evaluation            ...        0 min,  0.164 sec ( 16.702%)
 zeroth order Hamiltonian       ...        0 min,  0.003 sec (  0.344%)
 iterations                     ...        0 min,  0.554 sec ( 56.316%)
 molecular gradient             ...        0 min,  0.149 sec ( 15.180%)
 printout                       ...        0 min,  0.004 sec (  0.456%)

         :::::::::::::::::::::::::::::::::::::::::::::::::::::
         ::                     SUMMARY                     ::
         :::::::::::::::::::::::::::::::::::::::::::::::::::::
         :: total energy            -248.256040299001 Eh    ::
         :: total w/o Gsasa/hb      -248.150202392892 Eh    ::
         :: gradient norm              0.000607189625 Eh/a0 ::
         :: HOMO-LUMO gap              2.115667266251 eV    ::
         ::.................................................::
         :: SCC energy              -252.928243776665 Eh    ::
         :: -> isotropic ES            0.661572325156 Eh    ::
         :: -> anisotropic ES         -0.091561338115 Eh    ::
         :: -> anisotropic XC          0.171127551216 Eh    ::
         :: -> dispersion             -0.229480727346 Eh    ::
         :: -> Gsolv                  -0.675503174230 Eh    ::
         ::    -> Gborn               -0.569665268121 Eh    ::
         ::    -> Gsasa               -0.099393421628 Eh    ::
         ::    -> Ghb                 -0.011606222626 Eh    ::
         ::    -> Gshift               0.005161738145 Eh    ::
         :: repulsion energy           4.666395597117 Eh    ::
         :: add. restraining           0.000000000000 Eh    ::
         :::::::::::::::::::::::::::::::::::::::::::::::::::::

           ------------------------------------------------- 
          |                Numerical Hessian                |
           ------------------------------------------------- 
step length          :   0.00500
SCC accuracy         :   0.30000
Hessian scale factor :   1.00000
frozen atoms in %    :   0.00000    0
RMS gradient         :   0.00061
estimated CPU  time     82.68 min
estimated wall time     13.94 min

writing file <hessian>.

 projected vibrational frequencies (cm-1)
eigval :       -0.00    -0.00    -0.00    -0.00     0.00     0.00
eigval :        6.22     6.61    10.06    10.30    10.81    16.85
eigval :       17.40    18.41    25.21    29.20    32.58    32.81
eigval :       35.83    43.63    47.43    48.97    52.07    54.47
eigval :       56.50    62.68    63.72    69.30    69.42    70.90
eigval :       77.69    78.06    85.33    86.99    87.61    94.77
eigval :       96.14   101.84   102.75   103.55   111.80   113.53
eigval :      117.04   117.71   118.37   130.68   130.95   131.79
eigval :      135.25   139.43   141.27   144.33   163.05   163.61
eigval :      172.96   177.99   179.18   183.72   184.73   187.23
eigval :      189.07   194.02   194.91   199.51   210.21   214.42
eigval :      226.78   234.21   235.94   242.98   247.67   248.37
eigval :      254.02   256.69   271.54   276.16   279.59   287.92
eigval :      297.82   298.13   304.25   309.92   333.43   333.74
eigval :      336.24   338.41   340.59   341.99   343.05   344.96
eigval :      346.82   347.59   351.14   354.19   354.69   358.77
eigval :      359.44   360.14   366.67   367.58   377.49   378.09
eigval :      395.25   395.38   397.17   397.25   422.31   423.06
eigval :      423.92   424.02   443.07   443.83   449.23   449.41
eigval :      469.19   469.78   470.57   471.87   472.83   473.80
eigval :      476.59   477.48   497.29   497.30   498.34   499.31
eigval :      506.55   507.61   511.09   511.46   519.15   520.06
eigval :      521.40   521.87   533.28   534.68   537.60   537.68
eigval :      573.48   574.33   576.52   577.11   581.24   583.12
eigval :      585.52   586.06   599.97   600.30   601.97   602.14
eigval :      620.10   620.58   622.39   622.92   623.14   623.44
eigval :      627.38   627.51   655.09   655.30   655.83   655.93
eigval :      669.99   671.02   671.34   671.44   698.89   699.06
eigval :      700.97   701.36   724.46   724.57   725.11   725.39
eigval :      737.47   738.81   739.57   739.81   771.77   774.10
eigval :      777.90   777.98   778.67   779.68   782.82   782.96
eigval :      801.72   802.34   803.85   804.22   808.80   808.97
eigval :      815.41   817.09   823.62   823.80   836.62   836.70
eigval :      845.40   847.11   849.20   849.61   849.75   851.93
eigval :      856.50   857.02   858.26   859.75   860.85   861.23
eigval :      861.61   861.88   869.63   870.86   889.31   890.18
eigval :      892.71   893.40   893.60   894.61   895.94   896.79
eigval :      897.23   899.63   899.64   901.08   901.22   901.68
eigval :      901.79   902.08   902.29   903.35   907.18   907.83
eigval :      911.73   912.45   916.23   916.51   935.79   935.83
eigval :      935.88   936.51   936.52   936.71   936.90   936.92
eigval :      977.36   978.82   978.96   979.11  1005.27  1006.97
eigval :     1007.61  1007.78  1050.25  1051.27  1051.47  1052.09
eigval :     1076.49  1077.20  1077.29  1077.58  1078.15  1078.88
eigval :     1080.56  1080.67  1093.57  1094.12  1094.31  1094.55
eigval :     1108.90  1109.13  1109.45  1109.70  1113.65  1114.44
eigval :     1117.15  1117.98  1130.34  1130.60  1131.08  1131.22
eigval :     1153.06  1153.68  1164.23  1165.26  1170.63  1170.70
eigval :     1171.85  1172.27  1179.08  1181.97  1184.18  1185.41
eigval :     1187.44  1188.32  1190.78  1191.85  1193.19  1193.82
eigval :     1196.14  1196.16  1211.70  1211.87  1214.97  1215.65
eigval :     1222.78  1222.89  1224.53  1224.70  1237.82  1238.27
eigval :     1242.37  1242.83  1247.75  1248.81  1249.03  1250.95
eigval :     1270.14  1270.42  1271.28  1271.57  1291.87  1292.88
eigval :     1293.28  1293.71  1294.03  1295.55  1297.78  1299.70
eigval :     1315.19  1315.49  1315.74  1316.22  1317.47  1317.64
eigval :     1317.67  1317.96  1356.26  1356.56  1357.15  1357.48
eigval :     1370.98  1371.04  1371.54  1371.79  1382.32  1383.60
eigval :     1383.72  1384.29  1398.57  1398.65  1400.09  1400.16
eigval :     1404.90  1405.22  1405.82  1406.23  1419.66  1419.99
eigval :     1420.16  1420.78  1449.90  1450.15  1450.32  1450.37
eigval :     1468.73  1468.81  1469.00  1469.31  1470.47  1470.78
eigval :     1471.19  1471.39  1517.90  1518.19  1518.67  1519.01
eigval :     1527.40  1527.54  1528.02  1528.13  1548.67  1548.89
eigval :     1549.30  1549.63  1558.89  1559.03  1559.06  1559.18
eigval :     1562.71  1562.78  1563.34  1563.47  1568.96  1569.40
eigval :     1569.81  1569.97  1576.55  1576.76  1576.86  1577.00
eigval :     2299.46  2299.50  2299.79  2299.86  2970.71  2971.16
eigval :     2975.29  2975.65  2981.21  2981.64  2987.79  2988.11
eigval :     2994.20  2995.68  2998.35  2998.61  3008.96  3009.52
eigval :     3012.84  3013.32  3088.89  3089.08  3089.39  3089.52
eigval :     3092.74  3093.20  3093.52  3093.54  3101.61  3101.61
eigval :     3101.69  3101.73  3102.75  3103.10  3103.19  3103.28
eigval :     3107.40  3107.76  3107.96  3108.55  3108.61  3108.85
eigval :     3108.96  3109.05  3109.92  3110.33  3110.51  3110.90
eigval :     3111.70  3112.46  3112.66  3112.75  3114.62  3114.99
eigval :     3117.52  3117.72  3120.02  3120.08  3120.38  3120.96
           -------------------------------------------------
          |                Property Printout                |
           -------------------------------------------------

    * Orbital Energies and Occupations

         #    Occupation            Energy/Eh            Energy/eV
      -------------------------------------------------------------
         1        2.0000           -0.7329544             -19.9447
       ...           ...                  ...                  ...
       220        2.0000           -0.4280816             -11.6487
       221        2.0000           -0.4274568             -11.6317
       222        2.0000           -0.4273171             -11.6279
       223        2.0000           -0.4271272             -11.6227
       224        2.0000           -0.4266270             -11.6091
       225        2.0000           -0.4237971             -11.5321
       226        2.0000           -0.4224337             -11.4950
       227        2.0000           -0.4193197             -11.4103
       228        2.0000           -0.4175481             -11.3621
       229        2.0000           -0.4008522             -10.9077
       230        2.0000           -0.4008410             -10.9074
       231        2.0000           -0.4008116             -10.9066
       232        2.0000           -0.3998303             -10.8799 (HOMO)
       233                         -0.3220814              -8.7643 (LUMO)
       234                         -0.3212279              -8.7411
       235                         -0.3211139              -8.7380
       236                         -0.3206998              -8.7267
       237                         -0.3164913              -8.6122
       238                         -0.3160460              -8.6001
       239                         -0.3155217              -8.5858
       240                         -0.3141660              -8.5489
       241                         -0.2876467              -7.8273
       242                         -0.2876176              -7.8265
       243                         -0.2861189              -7.7857
       ...                                ...                  ...
       458                          1.4930757              40.6287
      -------------------------------------------------------------
                  HL-Gap            0.0777489 Eh            2.1157 eV
             Fermi-level           -0.3609558 Eh           -9.8221 eV

     #   Z        covCN         q      C6AA      α(0)
     1  46 Pd     3.521    -0.059   273.260    34.091
     2  46 Pd     3.521    -0.059   273.263    34.091
     3   6 C      1.983    -0.019    31.546     9.070
     4   6 C      1.982    -0.032    31.901     9.121
     5   6 C      2.965     0.044    27.013     8.525
     6   6 C      2.927    -0.021    28.536     8.761
     7   6 C      2.914    -0.016    28.402     8.739
     8   6 C      2.915    -0.030    28.757     8.794
     9   6 C      2.990     0.027    27.382     8.584
    10   6 C      2.912    -0.032    28.796     8.799
    11   6 C      2.911     0.046    26.970     8.516
    12   7 N      2.667    -0.102    23.245     7.161
    13   6 C      2.894     0.060    26.650     8.464
    14   6 C      2.985    -0.006    28.156     8.704
    15   1 H      0.926     0.063     2.162     2.299
    16   1 H      0.926     0.056     2.252     2.347
    17   1 H      0.926     0.062     2.170     2.304
    18   1 H      0.926     0.089     1.893     2.151
    19   1 H      0.925     0.125     1.574     1.962
    20   1 H      0.925     0.126     1.567     1.958
    21   6 C      2.969     0.041    27.071     8.534
    22   6 C      2.926    -0.020    28.512     8.757
    23   6 C      2.916    -0.024    28.614     8.772
    24   6 C      2.922    -0.024    28.612     8.772
    25   6 C      2.973    -0.000    28.025     8.684
    26   6 C      2.932    -0.038    28.937     8.822
    27   1 H      0.926     0.048     2.339     2.392
    28   1 H      0.926     0.044     2.391     2.418
    29   1 H      0.926     0.059     2.211     2.325
    30   1 H      0.926     0.082     1.961     2.190
    31   6 C      2.981     0.030    27.320     8.574
    32   6 C      2.918    -0.030    28.739     8.791
    33   6 C      2.901     0.063    26.590     8.455
    34   7 N      2.670    -0.127    23.752     7.238
    35   6 C      2.910     0.055    26.761     8.483
    36   6 C      2.919    -0.037    28.927     8.820
    37   1 H      0.926     0.096     1.825     2.113
    38   1 H      0.925     0.127     1.560     1.953
    39   1 H      0.925     0.137     1.485     1.906
    40   1 H      0.926     0.106     1.729     2.056
    41   6 C      1.983    -0.019    31.548     9.071
    42   6 C      1.982    -0.032    31.900     9.121
    43   6 C      2.965     0.044    27.014     8.525
    44   6 C      2.927    -0.021    28.537     8.761
    45   6 C      2.914    -0.016    28.403     8.739
    46   6 C      2.915    -0.030    28.757     8.794
    47   6 C      2.990     0.027    27.380     8.583
    48   6 C      2.912    -0.032    28.796     8.799
    49   6 C      2.909     0.046    26.972     8.516
    50   7 N      2.667    -0.101    23.234     7.159
    51   6 C      2.895     0.060    26.652     8.464
    52   6 C      2.985    -0.006    28.156     8.704
    53   1 H      0.926     0.063     2.162     2.299
    54   1 H      0.926     0.056     2.252     2.347
    55   1 H      0.926     0.062     2.171     2.304
    56   1 H      0.926     0.088     1.894     2.152
    57   1 H      0.925     0.125     1.575     1.963
    58   1 H      0.925     0.126     1.567     1.958
    59   6 C      2.969     0.041    27.071     8.534
    60   6 C      2.926    -0.020    28.511     8.757
    61   6 C      2.916    -0.024    28.613     8.772
    62   6 C      2.922    -0.024    28.613     8.772
    63   6 C      2.973    -0.000    28.025     8.684
    64   6 C      2.932    -0.038    28.937     8.822
    65   1 H      0.926     0.048     2.339     2.392
    66   1 H      0.926     0.044     2.390     2.417
    67   1 H      0.926     0.059     2.209     2.324
    68   1 H      0.926     0.082     1.961     2.190
    69   6 C      2.981     0.030    27.320     8.574
    70   6 C      2.918    -0.030    28.738     8.791
    71   6 C      2.901     0.063    26.586     8.454
    72   7 N      2.670    -0.127    23.767     7.241
    73   6 C      2.910     0.055    26.765     8.483
    74   6 C      2.919    -0.037    28.923     8.819
    75   1 H      0.926     0.096     1.825     2.113
    76   1 H      0.925     0.127     1.561     1.954
    77   1 H      0.925     0.138     1.477     1.901
    78   1 H      0.926     0.106     1.730     2.057
    79   6 C      1.983    -0.018    31.545     9.070
    80   6 C      1.982    -0.032    31.901     9.121
    81   6 C      2.965     0.044    27.013     8.525
    82   6 C      2.927    -0.021    28.537     8.761
    83   6 C      2.914    -0.016    28.402     8.739
    84   6 C      2.915    -0.030    28.757     8.794
    85   6 C      2.990     0.027    27.382     8.584
    86   6 C      2.912    -0.032    28.795     8.799
    87   6 C      2.911     0.046    26.970     8.516
    88   7 N      2.667    -0.102    23.240     7.160
    89   6 C      2.894     0.060    26.650     8.464
    90   6 C      2.985    -0.006    28.155     8.704
    91   1 H      0.926     0.063     2.162     2.299
    92   1 H      0.926     0.056     2.252     2.347
    93   1 H      0.926     0.062     2.170     2.304
    94   1 H      0.926     0.089     1.893     2.151
    95   1 H      0.925     0.125     1.574     1.962
    96   1 H      0.925     0.126     1.566     1.957
    97   6 C      2.969     0.041    27.071     8.534
    98   6 C      2.926    -0.020    28.512     8.757
    99   6 C      2.916    -0.024    28.614     8.772
   100   6 C      2.922    -0.024    28.613     8.772
   101   6 C      2.973     0.000    28.024     8.683
   102   6 C      2.932    -0.038    28.937     8.822
   103   1 H      0.926     0.048     2.340     2.392
   104   1 H      0.926     0.044     2.391     2.418
   105   1 H      0.926     0.059     2.211     2.326
   106   1 H      0.926     0.082     1.961     2.190
   107   6 C      2.981     0.030    27.319     8.574
   108   6 C      2.918    -0.030    28.740     8.791
   109   6 C      2.901     0.063    26.592     8.455
   110   7 N      2.670    -0.126    23.745     7.237
   111   6 C      2.910     0.055    26.760     8.482
   112   6 C      2.919    -0.037    28.928     8.820
   113   1 H      0.926     0.096     1.825     2.113
   114   1 H      0.925     0.127     1.561     1.954
   115   1 H      0.925     0.137     1.486     1.906
   116   1 H      0.926     0.106     1.728     2.056
   117   6 C      1.983    -0.019    31.548     9.071
   118   6 C      1.982    -0.032    31.900     9.121
   119   6 C      2.965     0.044    27.014     8.525
   120   6 C      2.927    -0.021    28.536     8.760
   121   6 C      2.914    -0.016    28.402     8.739
   122   6 C      2.915    -0.030    28.758     8.794
   123   6 C      2.990     0.027    27.380     8.583
   124   6 C      2.912    -0.032    28.796     8.799
   125   6 C      2.910     0.046    26.972     8.516
   126   7 N      2.667    -0.101    23.231     7.158
   127   6 C      2.895     0.060    26.653     8.464
   128   6 C      2.985    -0.006    28.155     8.704
   129   1 H      0.926     0.063     2.162     2.299
   130   1 H      0.926     0.056     2.252     2.347
   131   1 H      0.926     0.062     2.171     2.304
   132   1 H      0.926     0.088     1.894     2.152
   133   1 H      0.925     0.125     1.576     1.963
   134   1 H      0.925     0.126     1.567     1.958
   135   6 C      2.969     0.041    27.071     8.534
   136   6 C      2.926    -0.020    28.511     8.757
   137   6 C      2.916    -0.024    28.613     8.772
   138   6 C      2.922    -0.024    28.613     8.772
   139   6 C      2.973    -0.000    28.025     8.684
   140   6 C      2.932    -0.038    28.937     8.822
   141   1 H      0.926     0.048     2.340     2.392
   142   1 H      0.926     0.044     2.390     2.417
   143   1 H      0.926     0.059     2.209     2.324
   144   1 H      0.926     0.082     1.961     2.190
   145   6 C      2.981     0.030    27.319     8.574
   146   6 C      2.918    -0.029    28.737     8.791
   147   6 C      2.901     0.063    26.585     8.454
   148   7 N      2.670    -0.127    23.764     7.240
   149   6 C      2.911     0.055    26.766     8.483
   150   6 C      2.919    -0.037    28.923     8.819
   151   1 H      0.926     0.096     1.825     2.113
   152   1 H      0.925     0.127     1.561     1.954
   153   1 H      0.925     0.138     1.477     1.900
   154   1 H      0.926     0.106     1.732     2.058

 Mol. C6AA /au·bohr⁶  :     380263.776457
 Mol. C8AA /au·bohr⁸  :   10754481.979715
 Mol. α(0) /au        :       1013.420774


Wiberg/Mayer (AO) data.
largest (>0.10) Wiberg bond orders for each atom
          total WBO             WBO to atom ...
     1  Pd  3.509        N   72 0.601    N   34 0.601    N   88 0.590    N  126 0.590
     2  Pd  3.509        N  148 0.601    N  110 0.601    N   50 0.589    N   12 0.589
     3  C   3.943        C    4 2.640    C   21 1.130
     4  C   3.953        C    3 2.640    C    5 1.144
     5  C   3.984        C    6 1.443    C   14 1.200    C    4 1.144
     6  C   3.967        C    5 1.443    C    7 1.350    H   15 0.967
     7  C   3.982        C    8 1.520    C    6 1.350    H   16 0.968
     8  C   3.947        C    7 1.520    C    9 1.292    H   17 0.966
     9  C   3.987        C    8 1.292    C   10 1.273    C   14 1.231
    10  C   3.979        C   11 1.555    C    9 1.273    H   18 0.960    C   13 0.104
    11  C   3.969        C   10 1.555    N   12 1.246    H   19 0.904
    12  N   3.524        C   13 1.433    C   11 1.246    Pd   2 0.589
    13  C   3.966        N   12 1.433    C   14 1.318    H   20 0.913    C   10 0.104
    14  C   3.979        C   13 1.318    C    9 1.231    C    5 1.200
    15  H   0.995        C    6 0.967
    16  H   0.995        C    7 0.968
    17  H   0.995        C    8 0.966
    18  H   0.991        C   10 0.960
    19  H   0.983        C   11 0.904
    20  H   0.983        C   13 0.913
    21  C   3.987        C   26 1.370    C   22 1.342    C    3 1.130
    22  C   3.962        C   23 1.451    C   21 1.342    H   27 0.970
    23  C   3.989        C   22 1.451    C   24 1.442    H   28 0.969
    24  C   3.951        C   23 1.442    C   25 1.366    H   29 0.966
    25  C   3.986        C   26 1.388    C   24 1.366    C   31 1.071
    26  C   3.966        C   25 1.388    C   21 1.370    H   30 0.961
    27  H   0.997        C   22 0.970
    28  H   0.996        C   23 0.969
    29  H   0.996        C   24 0.966
    30  H   0.993        C   26 0.961
    31  C   3.979        C   32 1.370    C   36 1.355    C   25 1.071
    32  C   3.981        C   33 1.459    C   31 1.370    H   37 0.958
    33  C   3.964        C   32 1.459    N   34 1.339    H   38 0.914
    34  N   3.516        C   33 1.339    C   35 1.319    Pd   1 0.601
    35  C   3.961        C   36 1.476    N   34 1.319    H   39 0.902
    36  C   3.980        C   35 1.476    C   31 1.355    H   40 0.955
    37  H   0.990        C   32 0.958
    38  H   0.983        C   33 0.914
    39  H   0.980        C   35 0.902
    40  H   0.988        C   36 0.955
    41  C   3.943        C   42 2.640    C   59 1.130
    42  C   3.953        C   41 2.640    C   43 1.144
    43  C   3.984        C   44 1.444    C   52 1.200    C   42 1.144
    44  C   3.967        C   43 1.444    C   45 1.350    H   53 0.967
    45  C   3.982        C   46 1.520    C   44 1.350    H   54 0.968
    46  C   3.947        C   45 1.520    C   47 1.292    H   55 0.966
    47  C   3.987        C   46 1.292    C   48 1.273    C   52 1.231
    48  C   3.979        C   49 1.554    C   47 1.273    H   56 0.960    C   51 0.105
    49  C   3.969        C   48 1.554    N   50 1.247    H   57 0.905
    50  N   3.525        C   51 1.433    C   49 1.247    Pd   2 0.589
    51  C   3.966        N   50 1.433    C   52 1.318    H   58 0.912    C   48 0.105
    52  C   3.979        C   51 1.318    C   47 1.231    C   43 1.200
    53  H   0.995        C   44 0.967
    54  H   0.995        C   45 0.968
    55  H   0.995        C   46 0.966
    56  H   0.991        C   48 0.960
    57  H   0.983        C   49 0.905
    58  H   0.983        C   51 0.912
    59  C   3.987        C   64 1.371    C   60 1.342    C   41 1.130
    60  C   3.962        C   61 1.451    C   59 1.342    H   65 0.970
    61  C   3.989        C   60 1.451    C   62 1.442    H   66 0.969
    62  C   3.951        C   61 1.442    C   63 1.366    H   67 0.965
    63  C   3.986        C   64 1.388    C   62 1.366    C   69 1.071
    64  C   3.966        C   63 1.388    C   59 1.371    H   68 0.961
    65  H   0.997        C   60 0.970
    66  H   0.996        C   61 0.969
    67  H   0.996        C   62 0.965
    68  H   0.993        C   64 0.961
    69  C   3.979        C   70 1.369    C   74 1.355    C   63 1.071
    70  C   3.981        C   71 1.459    C   69 1.369    H   75 0.958
    71  C   3.964        C   70 1.459    N   72 1.339    H   76 0.914
    72  N   3.516        C   71 1.339    C   73 1.319    Pd   1 0.601
    73  C   3.961        C   74 1.476    N   72 1.319    H   77 0.901
    74  C   3.980        C   73 1.476    C   69 1.355    H   78 0.955
    75  H   0.990        C   70 0.958
    76  H   0.983        C   71 0.914
    77  H   0.980        C   73 0.901
    78  H   0.988        C   74 0.955
    79  C   3.943        C   80 2.640    C   97 1.130
    80  C   3.952        C   79 2.640    C   81 1.144
    81  C   3.984        C   82 1.443    C   90 1.200    C   80 1.144
    82  C   3.967        C   81 1.443    C   83 1.350    H   91 0.967
    83  C   3.982        C   84 1.520    C   82 1.350    H   92 0.968
    84  C   3.947        C   83 1.520    C   85 1.292    H   93 0.966
    85  C   3.987        C   84 1.292    C   86 1.273    C   90 1.231
    86  C   3.979        C   87 1.555    C   85 1.273    H   94 0.960    C   89 0.104
    87  C   3.969        C   86 1.555    N   88 1.246    H   95 0.904
    88  N   3.525        C   89 1.433    C   87 1.246    Pd   1 0.590
    89  C   3.966        N   88 1.433    C   90 1.318    H   96 0.913    C   86 0.104
    90  C   3.979        C   89 1.318    C   85 1.231    C   81 1.200
    91  H   0.995        C   82 0.967
    92  H   0.995        C   83 0.968
    93  H   0.995        C   84 0.966
    94  H   0.991        C   86 0.960
    95  H   0.983        C   87 0.904
    96  H   0.983        C   89 0.913
    97  C   3.987        C  102 1.371    C   98 1.342    C   79 1.130
    98  C   3.962        C   99 1.451    C   97 1.342    H  103 0.970
    99  C   3.989        C   98 1.451    C  100 1.441    H  104 0.969
   100  C   3.951        C   99 1.441    C  101 1.366    H  105 0.966
   101  C   3.986        C  102 1.388    C  100 1.366    C  107 1.071
   102  C   3.966        C  101 1.388    C   97 1.371    H  106 0.961
   103  H   0.997        C   98 0.970
   104  H   0.996        C   99 0.969
   105  H   0.996        C  100 0.966
   106  H   0.993        C  102 0.961
   107  C   3.979        C  108 1.370    C  112 1.355    C  101 1.071
   108  C   3.981        C  109 1.459    C  107 1.370    H  113 0.958
   109  C   3.964        C  108 1.459    N  110 1.339    H  114 0.914
   110  N   3.516        C  109 1.339    C  111 1.319    Pd   2 0.601
   111  C   3.961        C  112 1.476    N  110 1.319    H  115 0.902
   112  C   3.980        C  111 1.476    C  107 1.355    H  116 0.955
   113  H   0.990        C  108 0.958
   114  H   0.983        C  109 0.914
   115  H   0.980        C  111 0.902
   116  H   0.988        C  112 0.955
   117  C   3.943        C  118 2.640    C  135 1.130
   118  C   3.953        C  117 2.640    C  119 1.144
   119  C   3.984        C  120 1.444    C  128 1.200    C  118 1.144
   120  C   3.967        C  119 1.444    C  121 1.350    H  129 0.967
   121  C   3.983        C  122 1.520    C  120 1.350    H  130 0.968
   122  C   3.947        C  121 1.520    C  123 1.292    H  131 0.966
   123  C   3.987        C  122 1.292    C  124 1.273    C  128 1.231
   124  C   3.979        C  125 1.554    C  123 1.273    H  132 0.960    C  127 0.105
   125  C   3.969        C  124 1.554    N  126 1.247    H  133 0.904
   126  N   3.525        C  127 1.433    C  125 1.247    Pd   1 0.590
   127  C   3.966        N  126 1.433    C  128 1.318    H  134 0.912    C  124 0.105
   128  C   3.979        C  127 1.318    C  123 1.231    C  119 1.200
   129  H   0.995        C  120 0.967
   130  H   0.995        C  121 0.968
   131  H   0.995        C  122 0.966
   132  H   0.991        C  124 0.960
   133  H   0.983        C  125 0.904
   134  H   0.983        C  127 0.912
   135  C   3.987        C  140 1.371    C  136 1.342    C  117 1.130
   136  C   3.962        C  137 1.451    C  135 1.342    H  141 0.970
   137  C   3.989        C  136 1.451    C  138 1.442    H  142 0.969
   138  C   3.951        C  137 1.442    C  139 1.366    H  143 0.966
   139  C   3.986        C  140 1.388    C  138 1.366    C  145 1.071
   140  C   3.966        C  139 1.388    C  135 1.371    H  144 0.961
   141  H   0.997        C  136 0.970
   142  H   0.996        C  137 0.969
   143  H   0.996        C  138 0.966
   144  H   0.993        C  140 0.961
   145  C   3.979        C  146 1.370    C  150 1.355    C  139 1.071
   146  C   3.981        C  147 1.459    C  145 1.370    H  151 0.958
   147  C   3.964        C  146 1.459    N  148 1.339    H  152 0.914
   148  N   3.516        C  147 1.339    C  149 1.319    Pd   2 0.601
   149  C   3.961        C  150 1.476    N  148 1.319    H  153 0.901
   150  C   3.980        C  149 1.476    C  145 1.355    H  154 0.955
   151  H   0.990        C  146 0.958
   152  H   0.983        C  147 0.914
   153  H   0.980        C  149 0.901
   154  H   0.988        C  150 0.955

molecular dipole:
                 x           y           z       tot (Debye)
 q only:        6.896      -7.601       5.654
   full:        6.900      -7.601       5.653      29.787
molecular quadrupole (traceless):
                xx          xy          yy          xz          yz          zz
 q only:     -106.172    -100.376     220.090      39.050     -94.911    -113.919
  q+dip:     -119.951    -108.239     249.508      49.072    -102.678    -129.557
   full:     -108.036    -111.477     223.786      40.567    -104.899    -115.750

           -------------------------------------------------
          |               Frequency Printout                |
           -------------------------------------------------
 projected vibrational frequencies (cm-1)
eigval :       -0.00    -0.00    -0.00    -0.00     0.00     0.00
eigval :        6.22     6.61    10.06    10.30    10.81    16.85
eigval :       17.40    18.41    25.21    29.20    32.58    32.81
eigval :       35.83    43.63    47.43    48.97    52.07    54.47
eigval :       56.50    62.68    63.72    69.30    69.42    70.90
eigval :       77.69    78.06    85.33    86.99    87.61    94.77
eigval :       96.14   101.84   102.75   103.55   111.80   113.53
eigval :      117.04   117.71   118.37   130.68   130.95   131.79
eigval :      135.25   139.43   141.27   144.33   163.05   163.61
eigval :      172.96   177.99   179.18   183.72   184.73   187.23
eigval :      189.07   194.02   194.91   199.51   210.21   214.42
eigval :      226.78   234.21   235.94   242.98   247.67   248.37
eigval :      254.02   256.69   271.54   276.16   279.59   287.92
eigval :      297.82   298.13   304.25   309.92   333.43   333.74
eigval :      336.24   338.41   340.59   341.99   343.05   344.96
eigval :      346.82   347.59   351.14   354.19   354.69   358.77
eigval :      359.44   360.14   366.67   367.58   377.49   378.09
eigval :      395.25   395.38   397.17   397.25   422.31   423.06
eigval :      423.92   424.02   443.07   443.83   449.23   449.41
eigval :      469.19   469.78   470.57   471.87   472.83   473.80
eigval :      476.59   477.48   497.29   497.30   498.34   499.31
eigval :      506.55   507.61   511.09   511.46   519.15   520.06
eigval :      521.40   521.87   533.28   534.68   537.60   537.68
eigval :      573.48   574.33   576.52   577.11   581.24   583.12
eigval :      585.52   586.06   599.97   600.30   601.97   602.14
eigval :      620.10   620.58   622.39   622.92   623.14   623.44
eigval :      627.38   627.51   655.09   655.30   655.83   655.93
eigval :      669.99   671.02   671.34   671.44   698.89   699.06
eigval :      700.97   701.36   724.46   724.57   725.11   725.39
eigval :      737.47   738.81   739.57   739.81   771.77   774.10
eigval :      777.90   777.98   778.67   779.68   782.82   782.96
eigval :      801.72   802.34   803.85   804.22   808.80   808.97
eigval :      815.41   817.09   823.62   823.80   836.62   836.70
eigval :      845.40   847.11   849.20   849.61   849.75   851.93
eigval :      856.50   857.02   858.26   859.75   860.85   861.23
eigval :      861.61   861.88   869.63   870.86   889.31   890.18
eigval :      892.71   893.40   893.60   894.61   895.94   896.79
eigval :      897.23   899.63   899.64   901.08   901.22   901.68
eigval :      901.79   902.08   902.29   903.35   907.18   907.83
eigval :      911.73   912.45   916.23   916.51   935.79   935.83
eigval :      935.88   936.51   936.52   936.71   936.90   936.92
eigval :      977.36   978.82   978.96   979.11  1005.27  1006.97
eigval :     1007.61  1007.78  1050.25  1051.27  1051.47  1052.09
eigval :     1076.49  1077.20  1077.29  1077.58  1078.15  1078.88
eigval :     1080.56  1080.67  1093.57  1094.12  1094.31  1094.55
eigval :     1108.90  1109.13  1109.45  1109.70  1113.65  1114.44
eigval :     1117.15  1117.98  1130.34  1130.60  1131.08  1131.22
eigval :     1153.06  1153.68  1164.23  1165.26  1170.63  1170.70
eigval :     1171.85  1172.27  1179.08  1181.97  1184.18  1185.41
eigval :     1187.44  1188.32  1190.78  1191.85  1193.19  1193.82
eigval :     1196.14  1196.16  1211.70  1211.87  1214.97  1215.65
eigval :     1222.78  1222.89  1224.53  1224.70  1237.82  1238.27
eigval :     1242.37  1242.83  1247.75  1248.81  1249.03  1250.95
eigval :     1270.14  1270.42  1271.28  1271.57  1291.87  1292.88
eigval :     1293.28  1293.71  1294.03  1295.55  1297.78  1299.70
eigval :     1315.19  1315.49  1315.74  1316.22  1317.47  1317.64
eigval :     1317.67  1317.96  1356.26  1356.56  1357.15  1357.48
eigval :     1370.98  1371.04  1371.54  1371.79  1382.32  1383.60
eigval :     1383.72  1384.29  1398.57  1398.65  1400.09  1400.16
eigval :     1404.90  1405.22  1405.82  1406.23  1419.66  1419.99
eigval :     1420.16  1420.78  1449.90  1450.15  1450.32  1450.37
eigval :     1468.73  1468.81  1469.00  1469.31  1470.47  1470.78
eigval :     1471.19  1471.39  1517.90  1518.19  1518.67  1519.01
eigval :     1527.40  1527.54  1528.02  1528.13  1548.67  1548.89
eigval :     1549.30  1549.63  1558.89  1559.03  1559.06  1559.18
eigval :     1562.71  1562.78  1563.34  1563.47  1568.96  1569.40
eigval :     1569.81  1569.97  1576.55  1576.76  1576.86  1577.00
eigval :     2299.46  2299.50  2299.79  2299.86  2970.71  2971.16
eigval :     2975.29  2975.65  2981.21  2981.64  2987.79  2988.11
eigval :     2994.20  2995.68  2998.35  2998.61  3008.96  3009.52
eigval :     3012.84  3013.32  3088.89  3089.08  3089.39  3089.52
eigval :     3092.74  3093.20  3093.52  3093.54  3101.61  3101.61
eigval :     3101.69  3101.73  3102.75  3103.10  3103.19  3103.28
eigval :     3107.40  3107.76  3107.96  3108.55  3108.61  3108.85
eigval :     3108.96  3109.05  3109.92  3110.33  3110.51  3110.90
eigval :     3111.70  3112.46  3112.66  3112.75  3114.62  3114.99
eigval :     3117.52  3117.72  3120.02  3120.08  3120.38  3120.96
 reduced masses (amu)
   1: 24.36   2: 23.17   3: 15.88   4: 21.45   5: 22.08   6: 24.80   7: 11.44   8: 19.13
   9: 12.76  10: 17.74  11: 15.71  12: 11.38  13: 11.97  14: 11.77  15: 40.71  16: 13.71
  17: 15.07  18: 17.73  19: 11.15  20: 14.43  21: 11.29  22: 15.40  23: 21.98  24: 10.74
  25: 10.92  26: 11.30  27: 10.41  28: 12.99  29: 14.42  30: 19.04  31: 11.41  32: 11.14
  33: 11.31  34: 11.12  35: 12.69  36: 11.16  37: 10.29  38: 12.61  39: 13.05  40: 14.21
  41: 16.87  42: 11.71  43: 11.18  44: 12.75  45: 13.01  46: 13.49  47: 11.44  48: 11.03
  49: 15.04  50: 13.43  51: 14.86  52: 13.86  53: 11.51  54: 11.97  55: 19.90  56: 15.54
  57: 14.86  58: 27.98  59: 10.49  60: 11.26  61: 23.17  62: 13.83  63: 28.99  64: 36.61
  65: 14.27  66: 23.28  67: 21.23  68: 17.12  69: 20.58  70: 31.76  71: 20.43  72: 34.38
  73: 47.33  74: 38.21  75: 17.42  76: 10.91  77: 12.56  78: 12.10  79: 23.52  80: 20.81
  81: 21.16  82: 21.52  83: 11.35  84: 11.08  85: 11.92  86: 12.79  87: 11.32  88: 11.26
  89: 12.38  90: 13.80  91: 12.47  92: 11.27  93: 13.59  94: 14.77  95: 17.48  96: 19.13
  97: 16.13  98: 15.66  99:  9.86 100: 10.00 101: 13.42 102: 13.42 103:  9.64 104:  9.63
 105:  9.57 106:  9.55 107: 10.48 108: 10.42 109: 10.35 110: 10.43 111: 11.16 112: 11.25
 113: 11.13 114: 11.13 115: 11.37 116: 11.13 117: 11.08 118: 11.33 119: 11.16 120: 11.00
 121: 11.25 122: 11.40 123: 12.25 124: 12.18 125: 12.11 126: 12.60 127: 10.82 128: 10.93
 129: 10.74 130: 10.90 131: 11.08 132: 11.38 133: 11.12 134: 11.34 135: 10.36 136: 10.37
 137: 10.52 138: 10.51 139: 11.99 140: 12.02 141: 12.18 142: 12.38 143: 10.71 144: 10.77
 145: 10.71 146: 10.73 147: 11.94 148: 12.00 149: 12.11 150: 12.23 151: 11.42 152: 11.39
 153: 11.44 154: 11.37 155: 11.37 156: 11.48 157: 11.69 158: 11.69 159:  9.19 160:  9.20
 161:  9.19 162:  9.20 163: 11.32 164: 11.35 165: 11.44 166: 11.40 167: 10.97 168: 10.97
 169: 10.99 170: 11.03 171: 10.54 172: 10.54 173: 10.65 174: 10.65 175: 11.32 176: 11.34
 177: 11.38 178: 11.37 179:  3.97 180:  3.95 181:  4.00 182:  4.20 183:  4.26 184:  3.76
 185:  4.09 186:  4.24 187: 11.50 188: 11.44 189: 11.44 190: 11.44 191:  5.33 192:  5.21
 193:  5.05 194:  5.04 195:  4.12 196:  4.12 197:  4.17 198:  4.17 199:  9.15 200:  6.55
 201:  4.32 202:  9.50 203:  8.96 204:  6.39 205:  5.09 206:  3.85 207:  4.04 208:  4.26
 209:  4.00 210:  5.34 211:  5.00 212:  4.73 213:  3.63 214:  3.79 215:  3.48 216:  6.32
 217:  3.65 218:  4.59 219:  6.45 220:  5.79 221:  3.88 222:  6.79 223:  4.64 224:  7.70
 225: 10.27 226:  4.20 227:  4.02 228:  4.94 229:  4.25 230:  4.06 231:  4.09 232:  4.53
 233:  4.54 234:  5.08 235:  4.02 236:  4.08 237:  3.93 238:  3.96 239:  3.70 240:  3.69
 241:  3.69 242:  3.59 243:  3.67 244:  3.58 245:  3.59 246:  3.58 247: 11.24 248: 11.22
 249: 11.23 250: 11.21 251: 11.22 252: 11.29 253: 11.35 254: 11.23 255: 10.38 256: 10.40
 257: 10.28 258: 10.28 259:  6.42 260:  6.99 261:  6.65 262:  5.27 263:  7.08 264:  5.87
 265:  5.37 266:  5.74 267:  8.77 268:  8.74 269:  8.69 270:  8.57 271:  5.86 272:  5.90
 273:  6.09 274:  6.14 275:  3.94 276:  3.70 277:  4.04 278:  3.76 279:  4.62 280:  4.64
 281:  4.66 282:  4.67 283:  3.31 284:  3.27 285:  4.29 286:  4.27 287:  4.20 288:  4.00
 289:  3.47 290:  3.31 291:  2.19 292:  2.02 293:  2.15 294:  1.85 295:  3.57 296:  3.58
 297:  3.49 298:  3.94 299:  2.37 300:  2.38 301:  2.23 302:  2.58 303:  4.98 304:  5.01
 305:  5.15 306:  5.24 307:  5.71 308:  5.71 309:  5.53 310:  5.48 311:  3.39 312:  3.74
 313:  4.14 314:  3.77 315:  4.66 316:  4.32 317:  4.44 318:  3.97 319:  6.35 320:  6.36
 321:  6.49 322:  6.50 323: 10.18 324: 10.16 325: 11.00 326: 10.60 327:  8.96 328:  9.85
 329:  8.79 330:  9.41 331: 10.86 332: 11.11 333: 11.01 334: 11.13 335: 10.92 336: 10.95
 337: 10.71 338: 10.74 339: 10.41 340: 10.40 341: 10.34 342: 10.29 343:  9.44 344:  9.43
 345:  9.48 346:  9.42 347: 10.26 348: 10.21 349: 10.22 350: 10.14 351: 10.97 352: 10.98
 353: 10.88 354: 10.88 355:  9.86 356:  9.85 357:  9.84 358:  9.80 359: 10.15 360: 10.14
 361: 10.12 362: 10.08 363: 10.97 364: 11.03 365: 11.00 366: 10.97 367: 11.03 368: 11.02
 369: 11.01 370: 10.99 371: 10.20 372: 10.21 373: 10.23 374: 10.22 375: 12.05 376: 12.05
 377: 12.08 378: 12.08 379: 11.78 380: 11.79 381: 11.82 382: 11.83 383: 11.43 384: 11.41
 385: 11.42 386: 11.41 387: 11.53 388: 11.53 389: 11.52 390: 11.52 391: 11.51 392: 11.51
 393: 11.50 394: 11.49 395: 11.50 396: 11.51 397: 11.49 398: 11.50 399: 11.56 400: 11.56
 401: 11.56 402: 11.56 403: 12.01 404: 12.01 405: 12.01 406: 12.01 407:  1.86 408:  1.86
 409:  1.85 410:  1.85 411:  1.86 412:  1.86 413:  1.84 414:  1.84 415:  1.84 416:  1.84
 417:  1.84 418:  1.84 419:  1.85 420:  1.85 421:  1.85 422:  1.85 423:  1.78 424:  1.78
 425:  1.78 426:  1.78 427:  1.78 428:  1.78 429:  1.78 430:  1.78 431:  1.84 432:  1.84
 433:  1.85 434:  1.84 435:  1.84 436:  1.84 437:  1.84 438:  1.84 439:  1.89 440:  1.89
 441:  1.89 442:  1.90 443:  1.90 444:  1.89 445:  1.90 446:  1.90 447:  1.83 448:  1.83
 449:  1.83 450:  1.83 451:  1.86 452:  1.86 453:  1.86 454:  1.86 455:  1.85 456:  1.85
 457:  1.85 458:  1.85 459:  1.85 460:  1.85 461:  1.85 462:  1.85
 IR intensities (amu)
   1:  0.66   2:  0.33   3:  0.33   4:  0.28   5:  0.25   6:  0.71   7:  0.01   8:  0.00
   9:  0.03  10:  0.48  11:  0.41  12:  0.14  13:  0.02  14:  0.00  15:  0.00  16:  0.20
  17:  0.00  18:  0.00  19:  0.07  20:  0.00  21:  0.01  22:  0.18  23:  0.15  24:  0.01
  25:  0.17  26:  0.01  27:  0.00  28:  0.13  29:  0.18  30:  0.16  31:  0.01  32:  0.09
  33:  0.00  34:  0.00  35:  0.00  36:  0.00  37:  0.10  38:  0.24  39:  0.00  40:  0.01
  41:  0.00  42:  0.00  43:  0.09  44:  0.23  45:  0.01  46:  0.03  47:  0.20  48:  0.38
  49:  0.01  50:  0.09  51:  0.00  52:  0.31  53:  0.02  54:  0.26  55:  0.01  56:  0.50
  57:  0.53  58:  0.00  59:  0.01  60:  0.31  61:  0.75  62:  0.00  63:  0.02  64:  0.99
  65:  0.00  66:  0.17  67:  0.39  68:  0.01  69:  0.59  70:  0.00  71:  0.05  72:  1.10
  73:  0.00  74:  0.24  75:  0.00  76:  0.07  77:  0.00  78:  0.04  79:  0.57  80:  0.43
  81:  0.00  82:  0.00  83:  0.04  84:  0.26  85:  0.01  86:  0.33  87:  0.07  88:  0.00
  89:  0.18  90:  0.00  91:  0.01  92:  0.37  93:  0.00  94:  0.49  95:  0.02  96:  0.61
  97:  0.53  98:  0.00  99:  0.00 100:  0.19 101:  0.23 102:  0.00 103:  0.03 104:  0.13
 105:  0.09 106:  0.03 107:  0.01 108:  0.27 109:  0.02 110:  0.09 111:  0.14 112:  0.01
 113:  0.13 114:  0.04 115:  0.20 116:  0.01 117:  0.09 118:  0.00 119:  0.00 120:  0.01
 121:  0.00 122:  0.21 123:  0.05 124:  0.21 125:  0.00 126:  0.84 127:  0.23 128:  0.00
 129:  0.01 130:  0.22 131:  0.00 132:  0.20 133:  0.04 134:  0.00 135:  0.00 136:  0.16
 137:  0.22 138:  0.15 139:  0.48 140:  0.00 141:  0.50 142:  0.00 143:  0.02 144:  0.00
 145:  0.32 146:  0.01 147:  0.57 148:  0.01 149:  0.74 150:  0.02 151:  0.00 152:  0.01
 153:  0.00 154:  0.00 155:  0.06 156:  0.11 157:  0.18 158:  0.02 159:  0.03 160:  0.00
 161:  0.00 162:  0.09 163:  0.00 164:  0.02 165:  0.17 166:  0.00 167:  0.05 168:  0.23
 169:  0.25 170:  0.01 171:  0.13 172:  0.05 173:  0.02 174:  0.13 175:  0.23 176:  0.00
 177:  0.02 178:  0.71 179:  0.01 180:  0.04 181:  0.25 182:  0.44 183:  0.02 184:  0.01
 185:  0.26 186:  0.06 187:  0.00 188:  0.46 189:  0.00 190:  0.58 191:  0.07 192:  0.01
 193:  0.16 194:  0.00 195:  0.45 196:  0.27 197:  0.23 198:  0.10 199:  0.00 200:  0.07
 201:  0.01 202:  0.12 203:  0.01 204:  0.13 205:  0.01 206:  0.12 207:  0.36 208:  0.00
 209:  0.03 210:  0.25 211:  0.22 212:  0.12 213:  0.20 214:  0.01 215:  0.00 216:  0.05
 217:  0.00 218:  0.01 219:  0.01 220:  0.30 221:  0.11 222:  0.20 223:  0.01 224:  0.32
 225:  0.07 226:  0.04 227:  0.07 228:  0.03 229:  0.04 230:  0.20 231:  0.10 232:  0.00
 233:  0.12 234:  0.01 235:  0.00 236:  0.05 237:  0.12 238:  0.02 239:  0.01 240:  0.01
 241:  0.03 242:  0.08 243:  0.02 244:  0.09 245:  0.06 246:  0.10 247:  0.00 248:  0.02
 249:  0.31 250:  0.18 251:  0.00 252:  0.52 253:  0.04 254:  0.63 255:  0.17 256:  0.55
 257:  0.05 258:  0.00 259:  0.49 260:  0.10 261:  0.44 262:  0.03 263:  0.01 264:  0.56
 265:  0.12 266:  0.37 267:  0.02 268:  0.07 269:  0.80 270:  0.72 271:  0.13 272:  0.61
 273:  0.42 274:  0.07 275:  0.00 276:  0.16 277:  0.45 278:  0.00 279:  0.28 280:  0.00
 281:  0.01 282:  0.34 283:  0.01 284:  0.41 285:  0.73 286:  0.02 287:  0.03 288:  0.01
 289:  0.01 290:  0.19 291:  0.00 292:  0.20 293:  0.18 294:  0.00 295:  0.40 296:  0.01
 297:  0.99 298:  0.02 299:  0.01 300:  0.23 301:  0.10 302:  0.29 303:  0.01 304:  0.28
 305:  0.32 306:  0.01 307:  0.07 308:  0.06 309:  0.39 310:  0.14 311:  0.03 312:  0.29
 313:  0.05 314:  0.48 315:  0.03 316:  0.50 317:  0.86 318:  0.03 319:  0.82 320:  0.04
 321:  0.04 322:  1.24 323:  0.00 324:  0.02 325:  0.10 326:  0.08 327:  0.41 328:  0.00
 329:  0.62 330:  0.00 331:  0.02 332:  0.02 333:  0.46 334:  0.47 335:  0.38 336:  0.09
 337:  0.75 338:  0.07 339:  0.03 340:  0.29 341:  1.48 342:  0.12 343:  0.37 344:  0.41
 345:  0.05 346:  1.52 347:  0.00 348:  0.83 349:  0.60 350:  0.02 351:  0.83 352:  1.30
 353:  1.20 354:  1.01 355:  0.08 356:  0.42 357:  0.02 358:  0.00 359:  0.01 360:  0.01
 361:  0.18 362:  0.99 363:  1.48 364:  0.06 365:  0.02 366:  0.19 367:  0.70 368:  0.80
 369:  0.14 370:  0.05 371:  0.02 372:  0.03 373:  0.62 374:  0.50 375:  0.46 376:  0.08
 377:  0.01 378:  0.02 379:  0.16 380:  0.11 381:  1.79 382:  0.50 383:  0.15 384:  1.68
 385:  3.19 386:  0.17 387:  0.13 388:  0.73 389:  1.36 390:  1.80 391:  0.91 392:  1.61
 393:  0.05 394:  0.10 395:  0.03 396:  0.11 397:  1.28 398:  0.97 399:  0.86 400:  0.54
 401:  0.10 402:  0.05 403:  0.21 404:  1.31 405:  0.57 406:  1.98 407:  0.07 408:  0.06
 409:  0.06 410:  0.22 411:  0.04 412:  0.04 413:  0.02 414:  0.03 415:  0.11 416:  0.09
 417:  0.14 418:  0.13 419:  0.04 420:  0.04 421:  0.08 422:  0.13 423:  0.18 424:  0.18
 425:  0.18 426:  0.18 427:  0.15 428:  0.14 429:  0.14 430:  0.14 431:  0.17 432:  0.17
 433:  0.25 434:  0.23 435:  0.20 436:  0.16 437:  0.19 438:  0.18 439:  0.31 440:  0.35
 441:  0.34 442:  0.24 443:  0.34 444:  0.21 445:  0.48 446:  0.45 447:  0.09 448:  0.06
 449:  0.08 450:  0.08 451:  0.09 452:  0.05 453:  0.08 454:  0.13 455:  0.04 456:  0.01
 457:  0.01 458:  0.03 459:  0.01 460:  0.01 461:  0.01 462:  0.01
 Raman intensities (amu)
   1:  0.00   2:  0.00   3:  0.00   4:  0.00   5:  0.00   6:  0.00   7:  0.00   8:  0.00
   9:  0.00  10:  0.00  11:  0.00  12:  0.00  13:  0.00  14:  0.00  15:  0.00  16:  0.00
  17:  0.00  18:  0.00  19:  0.00  20:  0.00  21:  0.00  22:  0.00  23:  0.00  24:  0.00
  25:  0.00  26:  0.00  27:  0.00  28:  0.00  29:  0.00  30:  0.00  31:  0.00  32:  0.00
  33:  0.00  34:  0.00  35:  0.00  36:  0.00  37:  0.00  38:  0.00  39:  0.00  40:  0.00
  41:  0.00  42:  0.00  43:  0.00  44:  0.00  45:  0.00  46:  0.00  47:  0.00  48:  0.00
  49:  0.00  50:  0.00  51:  0.00  52:  0.00  53:  0.00  54:  0.00  55:  0.00  56:  0.00
  57:  0.00  58:  0.00  59:  0.00  60:  0.00  61:  0.00  62:  0.00  63:  0.00  64:  0.00
  65:  0.00  66:  0.00  67:  0.00  68:  0.00  69:  0.00  70:  0.00  71:  0.00  72:  0.00
  73:  0.00  74:  0.00  75:  0.00  76:  0.00  77:  0.00  78:  0.00  79:  0.00  80:  0.00
  81:  0.00  82:  0.00  83:  0.00  84:  0.00  85:  0.00  86:  0.00  87:  0.00  88:  0.00
  89:  0.00  90:  0.00  91:  0.00  92:  0.00  93:  0.00  94:  0.00  95:  0.00  96:  0.00
  97:  0.00  98:  0.00  99:  0.00 100:  0.00 101:  0.00 102:  0.00 103:  0.00 104:  0.00
 105:  0.00 106:  0.00 107:  0.00 108:  0.00 109:  0.00 110:  0.00 111:  0.00 112:  0.00
 113:  0.00 114:  0.00 115:  0.00 116:  0.00 117:  0.00 118:  0.00 119:  0.00 120:  0.00
 121:  0.00 122:  0.00 123:  0.00 124:  0.00 125:  0.00 126:  0.00 127:  0.00 128:  0.00
 129:  0.00 130:  0.00 131:  0.00 132:  0.00 133:  0.00 134:  0.00 135:  0.00 136:  0.00
 137:  0.00 138:  0.00 139:  0.00 140:  0.00 141:  0.00 142:  0.00 143:  0.00 144:  0.00
 145:  0.00 146:  0.00 147:  0.00 148:  0.00 149:  0.00 150:  0.00 151:  0.00 152:  0.00
 153:  0.00 154:  0.00 155:  0.00 156:  0.00 157:  0.00 158:  0.00 159:  0.00 160:  0.00
 161:  0.00 162:  0.00 163:  0.00 164:  0.00 165:  0.00 166:  0.00 167:  0.00 168:  0.00
 169:  0.00 170:  0.00 171:  0.00 172:  0.00 173:  0.00 174:  0.00 175:  0.00 176:  0.00
 177:  0.00 178:  0.00 179:  0.00 180:  0.00 181:  0.00 182:  0.00 183:  0.00 184:  0.00
 185:  0.00 186:  0.00 187:  0.00 188:  0.00 189:  0.00 190:  0.00 191:  0.00 192:  0.00
 193:  0.00 194:  0.00 195:  0.00 196:  0.00 197:  0.00 198:  0.00 199:  0.00 200:  0.00
 201:  0.00 202:  0.00 203:  0.00 204:  0.00 205:  0.00 206:  0.00 207:  0.00 208:  0.00
 209:  0.00 210:  0.00 211:  0.00 212:  0.00 213:  0.00 214:  0.00 215:  0.00 216:  0.00
 217:  0.00 218:  0.00 219:  0.00 220:  0.00 221:  0.00 222:  0.00 223:  0.00 224:  0.00
 225:  0.00 226:  0.00 227:  0.00 228:  0.00 229:  0.00 230:  0.00 231:  0.00 232:  0.00
 233:  0.00 234:  0.00 235:  0.00 236:  0.00 237:  0.00 238:  0.00 239:  0.00 240:  0.00
 241:  0.00 242:  0.00 243:  0.00 244:  0.00 245:  0.00 246:  0.00 247:  0.00 248:  0.00
 249:  0.00 250:  0.00 251:  0.00 252:  0.00 253:  0.00 254:  0.00 255:  0.00 256:  0.00
 257:  0.00 258:  0.00 259:  0.00 260:  0.00 261:  0.00 262:  0.00 263:  0.00 264:  0.00
 265:  0.00 266:  0.00 267:  0.00 268:  0.00 269:  0.00 270:  0.00 271:  0.00 272:  0.00
 273:  0.00 274:  0.00 275:  0.00 276:  0.00 277:  0.00 278:  0.00 279:  0.00 280:  0.00
 281:  0.00 282:  0.00 283:  0.00 284:  0.00 285:  0.00 286:  0.00 287:  0.00 288:  0.00
 289:  0.00 290:  0.00 291:  0.00 292:  0.00 293:  0.00 294:  0.00 295:  0.00 296:  0.00
 297:  0.00 298:  0.00 299:  0.00 300:  0.00 301:  0.00 302:  0.00 303:  0.00 304:  0.00
 305:  0.00 306:  0.00 307:  0.00 308:  0.00 309:  0.00 310:  0.00 311:  0.00 312:  0.00
 313:  0.00 314:  0.00 315:  0.00 316:  0.00 317:  0.00 318:  0.00 319:  0.00 320:  0.00
 321:  0.00 322:  0.00 323:  0.00 324:  0.00 325:  0.00 326:  0.00 327:  0.00 328:  0.00
 329:  0.00 330:  0.00 331:  0.00 332:  0.00 333:  0.00 334:  0.00 335:  0.00 336:  0.00
 337:  0.00 338:  0.00 339:  0.00 340:  0.00 341:  0.00 342:  0.00 343:  0.00 344:  0.00
 345:  0.00 346:  0.00 347:  0.00 348:  0.00 349:  0.00 350:  0.00 351:  0.00 352:  0.00
 353:  0.00 354:  0.00 355:  0.00 356:  0.00 357:  0.00 358:  0.00 359:  0.00 360:  0.00
 361:  0.00 362:  0.00 363:  0.00 364:  0.00 365:  0.00 366:  0.00 367:  0.00 368:  0.00
 369:  0.00 370:  0.00 371:  0.00 372:  0.00 373:  0.00 374:  0.00 375:  0.00 376:  0.00
 377:  0.00 378:  0.00 379:  0.00 380:  0.00 381:  0.00 382:  0.00 383:  0.00 384:  0.00
 385:  0.00 386:  0.00 387:  0.00 388:  0.00 389:  0.00 390:  0.00 391:  0.00 392:  0.00
 393:  0.00 394:  0.00 395:  0.00 396:  0.00 397:  0.00 398:  0.00 399:  0.00 400:  0.00
 401:  0.00 402:  0.00 403:  0.00 404:  0.00 405:  0.00 406:  0.00 407:  0.00 408:  0.00
 409:  0.00 410:  0.00 411:  0.00 412:  0.00 413:  0.00 414:  0.00 415:  0.00 416:  0.00
 417:  0.00 418:  0.00 419:  0.00 420:  0.00 421:  0.00 422:  0.00 423:  0.00 424:  0.00
 425:  0.00 426:  0.00 427:  0.00 428:  0.00 429:  0.00 430:  0.00 431:  0.00 432:  0.00
 433:  0.00 434:  0.00 435:  0.00 436:  0.00 437:  0.00 438:  0.00 439:  0.00 440:  0.00
 441:  0.00 442:  0.00 443:  0.00 444:  0.00 445:  0.00 446:  0.00 447:  0.00 448:  0.00
 449:  0.00 450:  0.00 451:  0.00 452:  0.00 453:  0.00 454:  0.00 455:  0.00 456:  0.00
 457:  0.00 458:  0.00 459:  0.00 460:  0.00 461:  0.00 462:  0.00
 output can be read by thermo (or use thermo option).
 writing <g98.out> molden fake output.
 recommended (thermochemical) frequency scaling factor: 1.0
           -------------------------------------------------
          |             Thermodynamic Functions             |
           -------------------------------------------------

Refinement of some symmetry elements was terminated before convergence was reached.
Some symmetry elements may remain unidentified.
Molecule has the following symmetry elements: (i) 
It seems to be the Ci point group
ci  symmetry found (for desy threshold:  0.10E+00) used in thermo

          ...................................................
          :                      SETUP                      :
          :.................................................:
          :  # frequencies                         456      :
          :  # imaginary freq.                       0      :
          :  linear?                             false      :
          :  only rotor calc.                    false      :
          :  symmetry                               ci      :
          :  rotational number                       1      :
          :  scaling factor                  1.0000000      :
          :  rotor cutoff                   50.0000000 cm⁻¹ :
          :  imag. cutoff                  -20.0000000 cm⁻¹ :
          :.................................................:

    mode    ω/cm⁻¹     T·S(HO)/kcal·mol⁻¹    T·S(FR)/kcal·mol⁻¹   T·S(vib)
   ------------------------------------------------------------------------
       1      6.22    -2.67017 (  0.02%)    -1.67417 ( 99.98%)    -1.67441
       2      6.61    -2.63412 (  0.03%)    -1.65615 ( 99.97%)    -1.65644
       3     10.06    -2.38510 (  0.16%)    -1.53162 ( 99.84%)    -1.53302
       4     10.30    -2.37092 (  0.18%)    -1.52454 ( 99.82%)    -1.52606
       5     10.81    -2.34248 (  0.22%)    -1.51031 ( 99.78%)    -1.51212
       6     16.85    -2.07959 (  1.27%)    -1.37882 ( 98.73%)    -1.38774
       7     17.40    -2.06039 (  1.45%)    -1.36922 ( 98.55%)    -1.37921
       8     18.41    -2.02692 (  1.81%)    -1.35247 ( 98.19%)    -1.36465
       9     25.21    -1.84103 (  6.07%)    -1.25944 ( 93.93%)    -1.29473
      10     29.20    -1.75408 ( 10.42%)    -1.21591 ( 89.58%)    -1.27197
      11     32.58    -1.68925 ( 15.27%)    -1.18343 ( 84.73%)    -1.26069
      12     32.81    -1.68514 ( 15.64%)    -1.18137 ( 84.36%)    -1.26015
      13     35.83    -1.63309 ( 20.86%)    -1.15529 ( 79.14%)    -1.25497
      14     43.63    -1.51670 ( 36.70%)    -1.09692 ( 63.30%)    -1.25098
      15     47.43    -1.46747 ( 44.73%)    -1.07220 ( 55.27%)    -1.24903
      16     48.97    -1.44854 ( 47.93%)    -1.06270 ( 52.07%)    -1.24761
      17     52.07    -1.41235 ( 54.05%)    -1.04451 ( 45.95%)    -1.24334
      18     54.47    -1.38588 ( 58.47%)    -1.03120 ( 41.53%)    -1.23859
      19     56.50    -1.36431 ( 61.98%)    -1.02036 ( 38.02%)    -1.23354
      20     62.68    -1.30322 ( 71.18%)    -0.98960 ( 28.82%)    -1.21282
      21     63.72    -1.29356 ( 72.51%)    -0.98473 ( 27.49%)    -1.20865
      22     69.30    -1.24424 ( 78.68%)    -0.95986 ( 21.32%)    -1.18360
      23     69.42    -1.24324 ( 78.79%)    -0.95935 ( 21.21%)    -1.18303
      24     70.90    -1.23080 ( 80.17%)    -0.95307 ( 19.83%)    -1.17574
      25     77.69    -1.17720 ( 85.36%)    -0.92599 ( 14.64%)    -1.14041
      26     78.06    -1.17442 ( 85.59%)    -0.92458 ( 14.41%)    -1.13843
      27     85.33    -1.12234 ( 89.46%)    -0.89820 ( 10.54%)    -1.09870
      28     86.99    -1.11109 ( 90.16%)    -0.89250 (  9.84%)    -1.08958
      29     87.61    -1.10694 ( 90.41%)    -0.89039 (  9.59%)    -1.08617
      30     94.77    -1.06113 ( 92.81%)    -0.86711 (  7.19%)    -1.04718
      31     96.14    -1.05280 ( 93.18%)    -0.86287 (  6.82%)    -1.03985
      32    101.84    -1.01932 ( 94.51%)    -0.84581 (  5.49%)    -1.00979
      33    102.75    -1.01414 ( 94.69%)    -0.84317 (  5.31%)    -1.00506
      34    103.55    -1.00962 ( 94.85%)    -0.84086 (  5.15%)    -1.00092
      35    111.80    -0.96521 ( 96.15%)    -0.81816 (  3.85%)    -0.95956
      36    113.53    -0.95633 ( 96.37%)    -0.81361 (  3.63%)    -0.95116
      37    117.04    -0.93875 ( 96.78%)    -0.80459 (  3.22%)    -0.93443
      38    117.71    -0.93546 ( 96.85%)    -0.80290 (  3.15%)    -0.93128
      39    118.37    -0.93225 ( 96.91%)    -0.80125 (  3.09%)    -0.92821
      40    130.68    -0.87537 ( 97.90%)    -0.77194 (  2.10%)    -0.87320
      41    130.95    -0.87417 ( 97.92%)    -0.77132 (  2.08%)    -0.87203
      42    131.79    -0.87054 ( 97.97%)    -0.76945 (  2.03%)    -0.86849
      43    135.25    -0.85569 ( 98.17%)    -0.76176 (  1.83%)    -0.85396
      44    139.43    -0.83831 ( 98.37%)    -0.75274 (  1.63%)    -0.83692
      45    141.27    -0.83084 ( 98.45%)    -0.74886 (  1.55%)    -0.82957
      46    144.33    -0.81861 ( 98.58%)    -0.74251 (  1.42%)    -0.81753
      47    163.05    -0.74959 ( 99.12%)    -0.70639 (  0.88%)    -0.74921
      48    163.61    -0.74764 ( 99.14%)    -0.70536 (  0.86%)    -0.74727
      49    172.96    -0.71649 ( 99.31%)    -0.68891 (  0.69%)    -0.71630
      50    177.99    -0.70046 ( 99.38%)    -0.68040 (  0.62%)    -0.70033
      51    179.18    -0.69676 ( 99.40%)    -0.67844 (  0.60%)    -0.69665
      52    183.72    -0.68284 ( 99.45%)    -0.67102 (  0.55%)    -0.68278
      53    184.73    -0.67980 ( 99.47%)    -0.66940 (  0.53%)    -0.67975
      54    187.23    -0.67236 ( 99.49%)    -0.66542 (  0.51%)    -0.67233
      55    189.07    -0.66693 ( 99.51%)    -0.66252 (  0.49%)    -0.66691
      56    194.02    -0.65267 ( 99.56%)    -0.65486 (  0.44%)    -0.65268
      57    194.91    -0.65015 ( 99.57%)    -0.65351 (  0.43%)    -0.65016
      58    199.51    -0.63734 ( 99.61%)    -0.64660 (  0.39%)    -0.63738
      59    210.21    -0.60877 ( 99.68%)    -0.63112 (  0.32%)    -0.60884
      60    214.42    -0.59800 ( 99.71%)    -0.62525 (  0.29%)    -0.59808
      61    226.78    -0.56777 ( 99.76%)    -0.60865 (  0.24%)    -0.56786
      62    234.21    -0.55052 ( 99.79%)    -0.59910 (  0.21%)    -0.55062
      63    235.94    -0.54658 ( 99.80%)    -0.59691 (  0.20%)    -0.54669
      64    242.98    -0.53099 ( 99.82%)    -0.58821 (  0.18%)    -0.53110
      65    247.67    -0.52089 ( 99.83%)    -0.58253 (  0.17%)    -0.52099
      66    248.37    -0.51942 ( 99.84%)    -0.58171 (  0.16%)    -0.51952
      67    254.02    -0.50760 ( 99.85%)    -0.57504 (  0.15%)    -0.50770
      68    256.69    -0.50213 ( 99.86%)    -0.57194 (  0.14%)    -0.50223
      69    271.54    -0.47299 ( 99.89%)    -0.55529 (  0.11%)    -0.47308
      70    276.16    -0.46432 ( 99.89%)    -0.55029 (  0.11%)    -0.46442
      71    279.59    -0.45801 ( 99.90%)    -0.54663 (  0.10%)    -0.45810
      72    287.92    -0.44309 ( 99.91%)    -0.53793 (  0.09%)    -0.44318
      73    297.82    -0.42610 ( 99.92%)    -0.52792 (  0.08%)    -0.42618
      74    298.13    -0.42558 ( 99.92%)    -0.52761 (  0.08%)    -0.42566
   ------------------------------------------------------------------------

   temp. (K)  partition function   enthalpy   heat capacity  entropy
                                   cal/mol     cal/K/mol   cal/K/mol   J/K/mol
 298.15  VIB  0.184E+41            50179.168    323.996    317.310
         ROT  0.555E+09              888.752      2.981     42.992
         INT  0.102E+50            51067.920    326.977    360.302
         TR   0.528E+29             1481.254      4.968     47.643
         TOT                       52549.1744   331.9454   407.9455  1706.8440

       T/K    H(0)-H(T)+PV         H(T)/Eh          T*S/Eh         G(T)/Eh
   ------------------------------------------------------------------------
    298.15    0.837424E-01    0.122901E+01    0.193828E+00    0.103518E+01
   ------------------------------------------------------------------------

         :::::::::::::::::::::::::::::::::::::::::::::::::::::
         ::                  THERMODYNAMIC                  ::
         :::::::::::::::::::::::::::::::::::::::::::::::::::::
         :: total free energy        -247.220857979736 Eh   ::
         ::.................................................::
         :: total energy             -248.256040429220 Eh   ::
         :: zero point energy           1.145268086663 Eh   ::
         :: G(RRHO) w/o ZPVE           -0.110085637179 Eh   ::
         :: G(RRHO) contrib.            1.035182449484 Eh   ::
         :::::::::::::::::::::::::::::::::::::::::::::::::::::

           -------------------------------------------------
          | TOTAL ENERGY             -248.256040429220 Eh   |
          | TOTAL ENTHALPY           -247.027029902761 Eh   |
          | TOTAL FREE ENERGY        -247.220857979736 Eh   |
          | GRADIENT NORM               0.000607484729 Eh/α |
          | HOMO-LUMO GAP               2.115656338585 eV   |
           -------------------------------------------------

------------------------------------------------------------------------
 * finished run on 2021/06/21 at 19:24:32.995     
------------------------------------------------------------------------
 total:
 * wall-time:     0 d,  0 h,  9 min,  1.257 sec
 *  cpu-time:     0 d,  0 h, 39 min, 49.586 sec
 * ratio c/w:     4.415 speedup
 SCF:
 * wall-time:     0 d,  0 h,  0 min,  0.986 sec
 *  cpu-time:     0 d,  0 h,  0 min,  5.083 sec
 * ratio c/w:     5.155 speedup
 numerical hessian:
 * wall-time:     0 d,  0 h,  8 min, 58.266 sec
 *  cpu-time:     0 d,  0 h, 39 min, 42.254 sec
 * ratio c/w:     4.426 speedup

