      -----------------------------------------------------------      
     |                   =====================                   |     
     |                           x T B                           |     
     |                   =====================                   |     
     |                         S. Grimme                         |     
     |          Mulliken Center for Theoretical Chemistry        |     
     |                    University of Bonn                     |     
     |                Version 6.2 RC2 (SAW190805)                |     
      -----------------------------------------------------------      

   This program is distributed in the hope that it will be useful,
   but WITHOUT ANY WARRANTY; without even the implied warranty of
   MERCHANTABILITY or FITNESS FOR A PARTICULAR PURPOSE.
   
   FOR NON-COMMERCIAL, ACADEMIA USE ONLY.
   
   Cite this work as:
   * S. Grimme, C. Bannwarth, P. Shushkov, J. Chem. Theory Comput., 2017,
     13, 1989-2009. DOI: 10.1021/acs.jctc.7b00118
   * C. Bannwarth, S. Ehlert and S. Grimme., J. Chem. Theory Comput., 2019,
     15, 1652-1671. DOI: 10.1021/acs.jctc.8b01176
   * P. Pracht, E. Caldeweyher, S. Ehlert, S. Grimme, ChemRxiv, 2019, preprint.
     DOI: 10.26434/chemrxiv.8326202.v1
   
   for DFT-D4:
   * E. Caldeweyher, C. Bannwarth and S. Grimme, J. Chem. Phys., 2017,
     147, 034112. DOI: 10.1063/1.4993215
   * E. Caldeweyher, S. Ehlert, A. Hansen, H. Neugebauer, S. Spicher,
     C. Bannwarth and S. Grimme, J. Chem. Phys., 2019, 150, 154122.
     DOI: 10.1063/1.5090222
   
   for sTDA-xTB:
   * S. Grimme and C. Bannwarth, J. Chem. Phys., 2016, 145, 054103.
     DOI: 10.1063/1.4959605
   
   in the mass-spec context:
   * V. Asgeirsson, C. Bauer and S. Grimme, Chem. Sci., 2017, 8, 4879.
     DOI: 10.1039/c7sc00601b
   
   for metadynamics refer to:
   * S. Grimme, J. Chem. Theory Comput., 2019, 155, 2847-2862
     DOI: 10.1021/acs.jctc.9b00143
   
   with help from (in alphabetical order)
   C. Bannwarth, F. Bohle, G. Brandenburg, E. Caldeweyher, M. Checinski,
   S. Dohm, S. Ehlert, S. Ehrlich, F. März, H. Neugebauer, J. Pisarek,
   P. Pracht, P. Shushkov, and S. Spicher.
   
 * started run on 2021/06/21 at 21:45:27.008     

           -------------------------------------------------
          |                Calculation Setup                |
           -------------------------------------------------

          program call               : /home/atarzia/software/xtb-190806/bin/xtb /data/atarzia/projects/unsymm/screening/production/free_energy_calculations/fe_4b1_b/input_structure.xyz --gfn 2 --hess --parallel 6 --etemp 300 --gbsa dmso --chrg 4 --uhf 0 -I det_control.in
          coordinate file            : /data/atarzia/projects/unsymm/screening/production/free_energy_calculations/fe_4b1_b/input_structure.xyz
          omp threads                :                     6
          number of atoms            :                   154
          number of electrons        :                   464
          charge                     :                     4
          spin                       :                   0.0
          first test random number   :      0.08512693375153


########################################################################
# WARNING! Please study the warnings concerning your input carefully
#  - XTBHOME is not set, using HOME instead
#  - XTBPATH is not set, using XTBHOME instead
#  - Process number higher than OMP_NUM_THREADS, I hope you know what you are doing.
########################################################################

           ------------------------------------------------- 
          |                 G F N 2 - x T B                 |
          | Geometry, Frequencies, Noncovalent interactions |
          |            JCTC 2019 parametrisation            |
           ------------------------------------------------- 
             k(s)              :                1.8500
             k(p)              :                2.2300
             k(d)              :                2.2300
             k(f)              :                2.0000
             kEN (H0ij)        :               -2.0000
             D4 a1             :                0.5200
             D4 a2             :                5.0000
             D4 s6             :                1.0000
             D4 s8             :                2.7000
             D4 s9             :                5.0000
             alphaj            :                2.0000

  Z AO/shell   Hii/eV     exponent
  1     Wed Apr 25 08:07:45 CEST 2018   EN: 2.200 GM2: 0.406  GM3: 0.0800  RAES: 1.40
     1s    -10.707211    1.230000
  6     Wed Apr 25 08:07:45 CEST 2018   EN: 2.550 GM2: 0.538  GM3: 0.1500  RAES: 3.00
     2s    -13.970922    2.096432
     2p    -10.063292    1.800000
  7     Wed Apr 25 08:07:45 CEST 2018   EN: 3.040 GM2: 0.461  GM3:-0.0640  RAES: 1.90
     2s    -16.686243    2.339881
     2p    -12.523956    2.014332
 46     Wed Apr 25 16:26:58 CEST 2018   EN: 2.200 GM2: 0.273  GM3: 0.0800  RAES: 5.00
     4d    -11.963518    2.353691
     5s     -9.714059    1.828354
     5p     -2.035281    1.333352

 Solvent             : dmso
 Using internal parameter file: .param_gbsa2_dmso
 Gsolv ref. state (COSMO-RS): gsolv [1 M gas/solution]
 temperature (mdtemp)       :    298.150000000000     
 dielectric constant        :    46.6800000000000     
 rho                        :    1.10000000000000     
 mass                       :    78.1300000000000     
 surface tension            :    15.5689454083859     
 probe radius               :   0.949087640000000     
 vdW radii scaling          :    1.00000000000000     
 Gshift (Eh)                :   5.161738145414381E-003
 c1                         :    1.63948621000000     
 soset                      :   1.179665000000000E-002
 HB correction              :  T
           ------------------------------------------------- 
          |        Self-Consistent Charge Iterations        |
           ------------------------------------------------- 

          ...................................................
          :                      SETUP                      :
          :.................................................:
          :  # basis functions                 460          :
          :  # atomic orbitals                 458          :
          :  # shells                          254          :
          :  # electrons                       464          :
          :  max. iterations                   250          :
          :  Hamiltonian                  GFN2-xTB          :
          :  restarted?                      false          :
          :  GBSA solvation                   true          :
          :  PC potential                    false          :
          :  electronic temp.          300.0000000     K    :
          :  accuracy                    1.0000000          :
          :  -> integral cutoff          0.2500000E+02      :
          :  -> integral neglect         0.1000000E-07      :
          :  -> SCF convergence          0.1000000E-05 Eh   :
          :  -> wf. convergence          0.1000000E-03 e    :
          :  Broyden damping             0.4000000          :
          ...................................................

 iter      E             dE          RMSdq      gap      omega  full diag
   1   -252.1795671 -0.252180E+03  0.586E+00    2.29       0.0  T
   2   -252.5686357 -0.389069E+00  0.394E+00    1.80       1.0  T
   3   -252.3856663  0.182969E+00  0.217E+00    1.90       1.0  T
   4   -252.7431049 -0.357439E+00  0.982E-01    2.12       1.0  T
   5   -252.8278316 -0.847267E-01  0.364E-01    2.09       1.0  T
   6   -252.8365919 -0.876024E-02  0.172E-01    2.13       1.0  T
   7   -252.8375249 -0.932989E-03  0.961E-02    2.13       1.0  T
   8   -252.8378436 -0.318699E-03  0.412E-02    2.14       1.0  T
   9   -252.8380396 -0.196046E-03  0.135E-02    2.13       1.0  T
  10   -252.8380509 -0.112711E-04  0.583E-03    2.13       1.4  T
  11   -252.8380515 -0.594469E-06  0.348E-03    2.13       2.3  T
  12   -252.8380517 -0.212955E-06  0.176E-03    2.13       4.6  T
  13   -252.8380518 -0.107842E-06  0.110E-03    2.13       7.3  T
  14   -252.8380519 -0.805414E-07  0.604E-04    2.13      13.3  T
  15   -252.8380519 -0.168699E-07  0.315E-04    2.13      25.6  T

   *** convergence criteria satisfied after 15 iterations ***

         #    Occupation            Energy/Eh            Energy/eV
      -------------------------------------------------------------
         1        2.0000           -0.7347286             -19.9930
       ...           ...                  ...                  ...
       226        2.0000           -0.4195997             -11.4179
       227        2.0000           -0.4177204             -11.3668
       228        2.0000           -0.4174814             -11.3602
       229        2.0000           -0.4041907             -10.9986
       230        2.0000           -0.4030788             -10.9683
       231        2.0000           -0.4028021             -10.9608
       232        2.0000           -0.4015546             -10.9269 (HOMO)
       233                         -0.3231507              -8.7934 (LUMO)
       234                         -0.3222575              -8.7691
       235                         -0.3216067              -8.7514
       236                         -0.3200722              -8.7096
       237                         -0.3139885              -8.5441
       ...                                ...                  ...
       458                          1.4028662              38.1739
      -------------------------------------------------------------
                  HL-Gap            0.0784038 Eh            2.1335 eV
             Fermi-level           -0.3623526 Eh           -9.8601 eV

 SCC (total)                   0 d,  0 h,  0 min,  0.842 sec
 SCC setup                      ...        0 min,  0.065 sec (  7.724%)
 Dispersion                     ...        0 min,  0.018 sec (  2.167%)
 integral evaluation            ...        0 min,  0.142 sec ( 16.904%)
 zeroth order Hamiltonian       ...        0 min,  0.003 sec (  0.413%)
 iterations                     ...        0 min,  0.480 sec ( 57.033%)
 molecular gradient             ...        0 min,  0.129 sec ( 15.294%)
 printout                       ...        0 min,  0.004 sec (  0.456%)

         :::::::::::::::::::::::::::::::::::::::::::::::::::::
         ::                     SUMMARY                     ::
         :::::::::::::::::::::::::::::::::::::::::::::::::::::
         :: total energy            -248.258768515963 Eh    ::
         :: total w/o Gsasa/hb      -248.151283275708 Eh    ::
         :: gradient norm              0.000580709977 Eh/a0 ::
         :: HOMO-LUMO gap              2.133476881375 eV    ::
         ::.................................................::
         :: SCC energy              -252.931949699523 Eh    ::
         :: -> isotropic ES            0.618948084879 Eh    ::
         :: -> anisotropic ES         -0.082908710677 Eh    ::
         :: -> anisotropic XC          0.172612697717 Eh    ::
         :: -> dispersion             -0.231832906282 Eh    ::
         :: -> Gsolv                  -0.639386459907 Eh    ::
         ::    -> Gborn               -0.531901219652 Eh    ::
         ::    -> Gsasa               -0.099059531173 Eh    ::
         ::    -> Ghb                 -0.013587447227 Eh    ::
         ::    -> Gshift               0.005161738145 Eh    ::
         :: repulsion energy           4.665146620618 Eh    ::
         :: add. restraining           0.000000000000 Eh    ::
         :::::::::::::::::::::::::::::::::::::::::::::::::::::

           ------------------------------------------------- 
          |                Numerical Hessian                |
           ------------------------------------------------- 
step length          :   0.00500
SCC accuracy         :   0.30000
Hessian scale factor :   1.00000
frozen atoms in %    :   0.00000    0
RMS gradient         :   0.00058
estimated CPU  time     67.22 min
estimated wall time     11.24 min

writing file <hessian>.

 projected vibrational frequencies (cm-1)
eigval :       -0.00    -0.00    -0.00    -0.00     0.00     0.00
eigval :        7.08     9.63    13.44    17.00    18.77    19.38
eigval :       23.22    24.85    27.57    28.67    30.35    32.08
eigval :       37.70    39.85    42.51    45.32    46.87    55.90
eigval :       58.33    58.93    61.05    63.64    66.74    69.49
eigval :       71.48    73.65    77.69    79.93    86.97    95.43
eigval :       99.22    99.62   102.97   104.89   105.74   115.51
eigval :      116.12   119.88   131.84   133.44   134.84   137.95
eigval :      143.04   148.70   151.47   153.57   161.96   163.54
eigval :      166.87   168.83   172.46   174.11   175.22   181.12
eigval :      181.56   186.83   188.74   196.71   200.34   203.62
eigval :      207.48   217.19   221.79   236.49   240.43   245.33
eigval :      249.44   257.55   261.68   270.26   277.41   280.48
eigval :      301.26   306.09   308.71   310.71   313.66   316.15
eigval :      321.96   325.92   331.92   333.21   333.68   335.99
eigval :      364.43   365.28   367.85   368.20   369.69   370.46
eigval :      372.24   372.69   382.85   390.60   394.73   395.31
eigval :      395.48   396.39   399.72   402.43   427.41   427.80
eigval :      428.60   430.21   439.36   447.04   449.27   452.51
eigval :      459.99   460.52   461.34   461.55   472.93   473.03
eigval :      474.79   476.64   502.02   503.77   504.49   504.83
eigval :      508.42   512.14   512.54   514.55   525.83   526.37
eigval :      527.07   527.67   532.50   536.15   537.18   537.89
eigval :      544.51   549.06   550.08   550.43   575.37   577.94
eigval :      579.05   580.26   607.15   607.64   608.08   608.51
eigval :      615.45   619.66   620.47   621.18   621.92   624.05
eigval :      626.60   627.36   662.38   663.01   663.82   664.23
eigval :      673.41   675.53   679.20   680.85   687.70   688.63
eigval :      689.96   692.47   725.12   725.42   725.88   726.15
eigval :      742.09   743.74   745.11   745.50   772.00   775.57
eigval :      777.95   778.62   779.84   781.40   781.73   784.93
eigval :      799.50   802.21   803.27   803.86   819.63   820.32
eigval :      820.46   820.97   821.44   821.59   822.12   822.98
eigval :      823.44   830.05   830.91   836.49   849.81   855.04
eigval :      860.27   860.48   861.54   863.72   864.65   866.32
eigval :      866.80   868.86   869.41   879.00   881.68   883.71
eigval :      884.67   885.01   892.62   895.04   895.61   896.95
eigval :      897.23   898.75   899.94   902.54   903.02   903.71
eigval :      904.16   906.57   912.75   913.25   915.97   918.63
eigval :      924.87   926.32   926.52   926.61   935.76   935.86
eigval :      935.94   936.07   936.15   936.46   936.64   936.68
eigval :      978.08   980.93   982.31   982.48  1002.39  1003.60
eigval :     1004.30  1006.44  1047.78  1048.19  1049.19  1049.88
eigval :     1067.62  1068.97  1076.09  1076.24  1077.10  1078.25
eigval :     1078.43  1080.09  1091.81  1092.48  1093.43  1096.61
eigval :     1107.90  1109.82  1110.16  1110.75  1118.95  1119.39
eigval :     1122.37  1125.41  1134.11  1135.57  1135.94  1136.42
eigval :     1156.58  1157.20  1158.25  1168.45  1168.61  1168.95
eigval :     1172.83  1173.00  1173.77  1174.28  1174.53  1175.70
eigval :     1186.09  1186.89  1187.60  1189.33  1199.14  1200.18
eigval :     1201.03  1202.98  1214.48  1214.59  1214.91  1218.67
eigval :     1219.21  1219.47  1222.92  1224.71  1234.43  1236.78
eigval :     1237.14  1249.88  1257.55  1258.29  1258.53  1259.98
eigval :     1274.34  1274.75  1275.05  1276.16  1293.29  1293.63
eigval :     1295.03  1295.44  1295.76  1298.70  1299.32  1302.33
eigval :     1307.33  1307.48  1308.47  1308.51  1316.42  1318.01
eigval :     1318.53  1320.20  1358.04  1358.86  1360.08  1361.36
eigval :     1367.93  1369.28  1370.75  1371.98  1372.40  1372.57
eigval :     1373.65  1374.92  1396.83  1397.20  1397.49  1397.75
eigval :     1398.64  1399.97  1399.99  1401.03  1418.95  1420.99
eigval :     1421.12  1422.29  1433.95  1436.83  1437.18  1438.55
eigval :     1467.12  1467.59  1468.03  1470.30  1484.23  1484.40
eigval :     1485.23  1485.98  1528.09  1528.93  1530.38  1530.99
eigval :     1532.85  1534.39  1534.80  1534.86  1543.89  1544.51
eigval :     1544.75  1545.09  1549.57  1550.53  1551.24  1553.19
eigval :     1559.01  1559.53  1559.63  1560.20  1569.42  1570.34
eigval :     1570.71  1571.59  1582.42  1582.71  1583.08  1583.13
eigval :     2298.93  2299.49  2300.80  2301.75  2924.22  2929.04
eigval :     2932.37  2944.11  2954.09  2964.68  2981.41  2986.93
eigval :     2988.92  3001.36  3007.93  3010.10  3024.99  3028.35
eigval :     3033.04  3033.71  3093.33  3094.29  3094.36  3094.44
eigval :     3094.73  3094.87  3095.03  3096.56  3096.78  3097.37
eigval :     3103.18  3103.32  3104.01  3104.09  3104.54  3105.13
eigval :     3105.59  3105.81  3106.09  3106.20  3106.36  3107.94
eigval :     3108.81  3108.87  3109.32  3109.39  3109.93  3110.10
eigval :     3111.45  3111.88  3112.27  3112.89  3117.75  3118.01
eigval :     3118.17  3118.27  3119.07  3119.55  3119.78  3119.94
           -------------------------------------------------
          |                Property Printout                |
           -------------------------------------------------

    * Orbital Energies and Occupations

         #    Occupation            Energy/Eh            Energy/eV
      -------------------------------------------------------------
         1        2.0000           -0.7347287             -19.9930
       ...           ...                  ...                  ...
       220        2.0000           -0.4286696             -11.6647
       221        2.0000           -0.4271933             -11.6245
       222        2.0000           -0.4256023             -11.5812
       223        2.0000           -0.4242753             -11.5451
       224        2.0000           -0.4237020             -11.5295
       225        2.0000           -0.4211322             -11.4596
       226        2.0000           -0.4196013             -11.4179
       227        2.0000           -0.4177217             -11.3668
       228        2.0000           -0.4174826             -11.3603
       229        2.0000           -0.4041919             -10.9986
       230        2.0000           -0.4030802             -10.9684
       231        2.0000           -0.4028036             -10.9608
       232        2.0000           -0.4015559             -10.9269 (HOMO)
       233                         -0.3231522              -8.7934 (LUMO)
       234                         -0.3222591              -8.7691
       235                         -0.3216082              -8.7514
       236                         -0.3200738              -8.7097
       237                         -0.3139883              -8.5441
       238                         -0.3106162              -8.4523
       239                         -0.3060756              -8.3287
       240                         -0.3051968              -8.3048
       241                         -0.2991374              -8.1399
       242                         -0.2971317              -8.0854
       243                         -0.2949733              -8.0266
       ...                                ...                  ...
       458                          1.4028647              38.1739
      -------------------------------------------------------------
                  HL-Gap            0.0784037 Eh            2.1335 eV
             Fermi-level           -0.3623540 Eh           -9.8602 eV

     #   Z        covCN         q      C6AA      α(0)
     1  46 Pd     3.530    -0.090   274.647    34.177
     2  46 Pd     3.555    -0.080   274.238    34.151
     3   6 C      1.982    -0.018    31.533     9.068
     4   6 C      1.981    -0.033    31.946     9.128
     5   6 C      2.965     0.043    27.025     8.527
     6   6 C      2.925    -0.021    28.543     8.761
     7   6 C      2.914    -0.016    28.407     8.740
     8   6 C      2.914    -0.030    28.758     8.794
     9   6 C      2.989     0.028    27.370     8.582
    10   6 C      2.912    -0.031    28.785     8.798
    11   6 C      2.910     0.045    26.983     8.518
    12   7 N      2.670    -0.084    22.874     7.103
    13   6 C      2.897     0.058    26.704     8.473
    14   6 C      2.986    -0.005    28.128     8.700
    15   1 H      0.926     0.067     2.116     2.275
    16   1 H      0.926     0.058     2.217     2.329
    17   1 H      0.926     0.063     2.159     2.298
    18   1 H      0.926     0.090     1.876     2.142
    19   1 H      0.925     0.132     1.523     1.930
    20   1 H      0.925     0.120     1.614     1.987
    21   6 C      2.971     0.039    27.122     8.543
    22   6 C      2.924    -0.026    28.663     8.780
    23   6 C      2.921    -0.027    28.680     8.782
    24   6 C      2.976    -0.005    28.153     8.703
    25   6 C      2.921    -0.037    28.913     8.818
    26   6 C      2.925    -0.034    28.836     8.806
    27   1 H      0.926     0.055     2.259     2.350
    28   1 H      0.926     0.055     2.253     2.347
    29   1 H      0.926     0.073     2.051     2.239
    30   1 H      0.926     0.075     2.034     2.230
    31   6 C      2.971     0.009    27.803     8.649
    32   6 C      2.929    -0.004    28.122     8.697
    33   6 C      2.911    -0.028    28.706     8.786
    34   6 C      2.902     0.055    26.755     8.481
    35   7 N      2.667    -0.089    22.975     7.119
    36   6 C      2.913     0.045    26.983     8.518
    37   1 H      0.926     0.088     1.894     2.152
    38   1 H      0.926     0.096     1.820     2.109
    39   1 H      0.925     0.119     1.620     1.990
    40   1 H      0.924     0.142     1.445     1.880
    41   6 C      1.982    -0.016    31.490     9.062
    42   6 C      1.982    -0.031    31.889     9.120
    43   6 C      2.965     0.044    27.005     8.524
    44   6 C      2.928    -0.022    28.543     8.762
    45   6 C      2.914    -0.015    28.397     8.738
    46   6 C      2.915    -0.030    28.750     8.793
    47   6 C      2.990     0.027    27.397     8.586
    48   6 C      2.912    -0.032    28.803     8.800
    49   6 C      2.937     0.047    26.952     8.514
    50   7 N      2.662    -0.104    23.281     7.166
    51   6 C      2.884     0.061    26.632     8.460
    52   6 C      2.984    -0.006    28.155     8.704
    53   1 H      0.926     0.068     2.105     2.269
    54   1 H      0.926     0.060     2.204     2.321
    55   1 H      0.926     0.065     2.145     2.290
    56   1 H      0.926     0.092     1.862     2.134
    57   1 H      0.924     0.122     1.598     1.977
    58   1 H      0.925     0.127     1.561     1.954
    59   6 C      2.972     0.039    27.115     8.541
    60   6 C      2.924    -0.027    28.683     8.783
    61   6 C      2.922    -0.028    28.709     8.787
    62   6 C      2.977    -0.010    28.271     8.722
    63   6 C      2.921    -0.037    28.927     8.820
    64   6 C      2.925    -0.033    28.817     8.803
    65   1 H      0.926     0.060     2.201     2.320
    66   1 H      0.926     0.057     2.229     2.335
    67   1 H      0.926     0.070     2.080     2.255
    68   1 H      0.926     0.077     2.013     2.218
    69   6 C      2.971     0.008    27.847     8.656
    70   6 C      2.928    -0.003    28.102     8.694
    71   6 C      2.912    -0.028    28.701     8.785
    72   6 C      2.894     0.057    26.711     8.474
    73   7 N      2.665    -0.100    23.206     7.155
    74   6 C      2.952     0.042    27.048     8.530
    75   1 H      0.926     0.091     1.870     2.138
    76   1 H      0.926     0.097     1.811     2.104
    77   1 H      0.925     0.125     1.574     1.962
    78   1 H      0.924     0.127     1.558     1.952
    79   6 C      1.982    -0.016    31.490     9.062
    80   6 C      1.982    -0.031    31.883     9.119
    81   6 C      2.965     0.044    27.019     8.526
    82   6 C      2.928    -0.022    28.545     8.762
    83   6 C      2.914    -0.016    28.405     8.740
    84   6 C      2.915    -0.030    28.753     8.793
    85   6 C      2.990     0.027    27.390     8.585
    86   6 C      2.912    -0.032    28.808     8.801
    87   6 C      2.900     0.044    27.012     8.522
    88   7 N      2.662    -0.103    23.257     7.162
    89   6 C      2.896     0.061    26.630     8.461
    90   6 C      2.984    -0.005    28.145     8.702
    91   1 H      0.926     0.068     2.107     2.270
    92   1 H      0.926     0.059     2.210     2.325
    93   1 H      0.926     0.064     2.158     2.297
    94   1 H      0.926     0.089     1.885     2.147
    95   1 H      0.925     0.115     1.658     2.014
    96   1 H      0.925     0.132     1.521     1.929
    97   6 C      2.972     0.041    27.074     8.535
    98   6 C      2.924    -0.031    28.783     8.798
    99   6 C      2.921    -0.035    28.867     8.811
   100   6 C      2.977    -0.009    28.229     8.715
   101   6 C      2.921    -0.025    28.635     8.775
   102   6 C      2.926    -0.025    28.639     8.776
   103   1 H      0.926     0.076     2.025     2.225
   104   1 H      0.926     0.060     2.195     2.317
   105   1 H      0.926     0.057     2.234     2.337
   106   1 H      0.926     0.057     2.234     2.337
   107   6 C      2.971     0.008    27.835     8.654
   108   6 C      2.928    -0.001    28.063     8.688
   109   6 C      2.912    -0.028    28.691     8.783
   110   6 C      2.902     0.062    26.611     8.458
   111   7 N      2.664    -0.124    23.693     7.229
   112   6 C      2.914     0.042    27.054     8.529
   113   1 H      0.926     0.092     1.855     2.130
   114   1 H      0.926     0.100     1.785     2.089
   115   1 H      0.925     0.130     1.533     1.936
   116   1 H      0.925     0.117     1.635     1.999
   117   6 C      1.982    -0.017    31.506     9.065
   118   6 C      1.983    -0.032    31.912     9.123
   119   6 C      2.965     0.044    27.006     8.524
   120   6 C      2.929    -0.022    28.545     8.762
   121   6 C      2.914    -0.016    28.401     8.739
   122   6 C      2.915    -0.030    28.754     8.793
   123   6 C      2.990     0.027    27.398     8.586
   124   6 C      2.912    -0.032    28.808     8.801
   125   6 C      2.941     0.046    26.957     8.515
   126   7 N      2.660    -0.100    23.207     7.155
   127   6 C      2.883     0.062    26.614     8.458
   128   6 C      2.983    -0.005    28.140     8.702
   129   1 H      0.926     0.067     2.118     2.276
   130   1 H      0.926     0.059     2.210     2.325
   131   1 H      0.926     0.065     2.144     2.290
   132   1 H      0.926     0.092     1.860     2.133
   133   1 H      0.924     0.122     1.596     1.976
   134   1 H      0.925     0.124     1.584     1.968
   135   6 C      2.972     0.041    27.087     8.537
   136   6 C      2.924    -0.034    28.849     8.808
   137   6 C      2.923    -0.037    28.912     8.818
   138   6 C      2.977    -0.006    28.169     8.706
   139   6 C      2.920    -0.025    28.629     8.774
   140   6 C      2.925    -0.025    28.628     8.774
   141   1 H      0.926     0.081     1.966     2.192
   142   1 H      0.926     0.063     2.160     2.298
   143   1 H      0.926     0.054     2.272     2.357
   144   1 H      0.926     0.054     2.272     2.357
   145   6 C      2.972     0.010    27.791     8.647
   146   6 C      2.927    -0.003    28.092     8.692
   147   6 C      2.912    -0.028    28.699     8.785
   148   6 C      2.892     0.057    26.728     8.476
   149   7 N      2.666    -0.091    23.030     7.127
   150   6 C      2.952     0.042    27.052     8.531
   151   1 H      0.926     0.090     1.877     2.143
   152   1 H      0.926     0.097     1.809     2.103
   153   1 H      0.925     0.125     1.574     1.962
   154   1 H      0.924     0.130     1.533     1.936

 Mol. C6AA /au·bohr⁶  :     380047.239834
 Mol. C8AA /au·bohr⁸  :   10754009.176547
 Mol. α(0) /au        :       1013.220667


Wiberg/Mayer (AO) data.
largest (>0.10) Wiberg bond orders for each atom
          total WBO             WBO to atom ...
     1  Pd  3.504        N   35 0.605    N   50 0.593    N  126 0.593    N   88 0.589
     2  Pd  3.526        N   12 0.614    N  149 0.596    N   73 0.586    N  111 0.573    C  150 0.105    C   74 0.105
     3  C   3.941        C    4 2.637    C   21 1.129
     4  C   3.945        C    3 2.637    C    5 1.137
     5  C   3.984        C    6 1.450    C   14 1.201    C    4 1.137
     6  C   3.972        C    5 1.450    C    7 1.346    H   15 0.967
     7  C   3.982        C    8 1.523    C    6 1.346    H   16 0.968
     8  C   3.950        C    7 1.523    C    9 1.292    H   17 0.966
     9  C   3.988        C    8 1.292    C   10 1.273    C   14 1.231
    10  C   3.978        C   11 1.553    C    9 1.273    H   18 0.960    C   13 0.105
    11  C   3.968        C   10 1.553    N   12 1.245    H   19 0.900
    12  N   3.546        C   13 1.431    C   11 1.245    Pd   2 0.614
    13  C   3.968        N   12 1.431    C   14 1.317    H   20 0.911    C   10 0.105
    14  C   3.980        C   13 1.317    C    9 1.231    C    5 1.201
    15  H   0.995        C    6 0.967
    16  H   0.995        C    7 0.968
    17  H   0.995        C    8 0.966
    18  H   0.991        C   10 0.960
    19  H   0.981        C   11 0.900
    20  H   0.984        C   13 0.911
    21  C   3.983        C   22 1.349    C   26 1.348    C    3 1.129
    22  C   3.977        C   23 1.469    C   21 1.349    H   27 0.968    C   25 0.100
    23  C   3.988        C   22 1.469    C   24 1.375    H   28 0.965    C   26 0.100
    24  C   3.953        C   23 1.375    C   25 1.372    C   31 1.052
    25  C   3.986        C   26 1.471    C   24 1.372    H   29 0.963    C   22 0.100
    26  C   3.974        C   25 1.471    C   21 1.348    H   30 0.965    C   23 0.100
    27  H   0.996        C   22 0.968
    28  H   0.996        C   23 0.965
    29  H   0.993        C   25 0.963
    30  H   0.994        C   26 0.965
    31  C   3.982        C   36 1.387    C   32 1.367    C   24 1.052
    32  C   3.976        C   33 1.450    C   31 1.367    H   37 0.961
    33  C   3.980        C   32 1.450    C   34 1.425    H   38 0.961    C   36 0.100
    34  C   3.961        C   33 1.425    N   35 1.353    H   39 0.915
    35  N   3.547        C   34 1.353    C   36 1.350    Pd   1 0.605
    36  C   3.961        C   31 1.387    N   35 1.350    H   40 0.898    C   33 0.100
    37  H   0.990        C   32 0.961
    38  H   0.989        C   33 0.961
    39  H   0.985        C   34 0.915
    40  H   0.979        C   36 0.898
    41  C   3.941        C   42 2.635    C   59 1.129
    42  C   3.944        C   41 2.635    C   43 1.137
    43  C   3.984        C   44 1.445    C   52 1.206    C   42 1.137
    44  C   3.972        C   43 1.445    C   45 1.350    H   53 0.967
    45  C   3.982        C   46 1.519    C   44 1.350    H   54 0.967
    46  C   3.951        C   45 1.519    C   47 1.295    H   55 0.965
    47  C   3.988        C   46 1.295    C   48 1.269    C   52 1.232
    48  C   3.979        C   49 1.561    C   47 1.269    H   56 0.959    C   51 0.102
    49  C   3.972        C   48 1.561    N   50 1.237    H   57 0.893
    50  N   3.529        C   51 1.440    C   49 1.237    Pd   1 0.593
    51  C   3.962        N   50 1.440    C   52 1.311    H   58 0.921    C   48 0.102
    52  C   3.980        C   51 1.311    C   47 1.232    C   43 1.206
    53  H   0.995        C   44 0.967
    54  H   0.995        C   45 0.967
    55  H   0.995        C   46 0.965
    56  H   0.991        C   48 0.959
    57  H   0.984        C   49 0.893
    58  H   0.983        C   51 0.921
    59  C   3.983        C   60 1.352    C   64 1.346    C   41 1.129
    60  C   3.976        C   61 1.467    C   59 1.352    H   65 0.968    C   63 0.100
    61  C   3.988        C   60 1.467    C   62 1.375    H   66 0.965
    62  C   3.954        C   61 1.375    C   63 1.371    C   69 1.051
    63  C   3.986        C   64 1.473    C   62 1.371    H   67 0.963    C   60 0.100
    64  C   3.974        C   63 1.473    C   59 1.346    H   68 0.965
    65  H   0.996        C   60 0.968
    66  H   0.995        C   61 0.965
    67  H   0.994        C   63 0.963
    68  H   0.993        C   64 0.965
    69  C   3.982        C   74 1.394    C   70 1.361    C   62 1.051
    70  C   3.974        C   71 1.456    C   69 1.361    H   75 0.961
    71  C   3.980        C   70 1.456    C   72 1.417    H   76 0.961    C   74 0.101
    72  C   3.957        C   71 1.417    N   73 1.359    H   77 0.922
    73  N   3.526        C   72 1.359    C   74 1.342    Pd   2 0.586
    74  C   3.967        C   69 1.394    N   73 1.342    H   78 0.892    Pd   2 0.105    C   71 0.101
    75  H   0.990        C   70 0.961
    76  H   0.989        C   71 0.961
    77  H   0.983        C   72 0.922
    78  H   0.983        C   74 0.892
    79  C   3.941        C   80 2.635    C   97 1.132
    80  C   3.945        C   79 2.635    C   81 1.139
    81  C   3.984        C   82 1.447    C   90 1.202    C   80 1.139
    82  C   3.970        C   81 1.447    C   83 1.348    H   91 0.967
    83  C   3.982        C   84 1.522    C   82 1.348    H   92 0.967
    84  C   3.949        C   83 1.522    C   85 1.292    H   93 0.965
    85  C   3.988        C   84 1.292    C   86 1.275    C   90 1.230
    86  C   3.979        C   87 1.552    C   85 1.275    H   94 0.960    C   89 0.106
    87  C   3.969        C   86 1.552    N   88 1.249    H   95 0.911
    88  N   3.527        C   89 1.431    C   87 1.249    Pd   1 0.589
    89  C   3.965        N   88 1.431    C   90 1.318    H   96 0.908    C   86 0.106
    90  C   3.980        C   89 1.318    C   85 1.230    C   81 1.202
    91  H   0.995        C   82 0.967
    92  H   0.995        C   83 0.967
    93  H   0.995        C   84 0.965
    94  H   0.991        C   86 0.960
    95  H   0.986        C   87 0.911
    96  H   0.982        C   89 0.908
    97  C   3.983        C  102 1.348    C   98 1.347    C   79 1.132
    98  C   3.973        C   99 1.474    C   97 1.347    H  103 0.965
    99  C   3.987        C   98 1.474    C  100 1.370    H  104 0.964    C  102 0.100
   100  C   3.951        C  101 1.375    C   99 1.370    C  107 1.053
   101  C   3.988        C  102 1.469    C  100 1.375    H  105 0.965
   102  C   3.975        C  101 1.469    C   97 1.348    H  106 0.968    C   99 0.100
   103  H   0.994        C   98 0.965
   104  H   0.995        C   99 0.964
   105  H   0.995        C  101 0.965
   106  H   0.996        C  102 0.968
   107  C   3.982        C  112 1.388    C  108 1.366    C  100 1.053
   108  C   3.975        C  109 1.450    C  107 1.366    H  113 0.961
   109  C   3.979        C  108 1.450    C  110 1.425    H  114 0.960
   110  C   3.958        C  109 1.425    N  111 1.349    H  115 0.911
   111  N   3.517        C  112 1.351    C  110 1.349    Pd   2 0.573
   112  C   3.964        C  107 1.388    N  111 1.351    H  116 0.907
   113  H   0.990        C  108 0.961
   114  H   0.989        C  109 0.960
   115  H   0.982        C  110 0.911
   116  H   0.985        C  112 0.907
   117  C   3.942        C  118 2.634    C  135 1.134
   118  C   3.946        C  117 2.634    C  119 1.142
   119  C   3.984        C  120 1.441    C  128 1.205    C  118 1.142
   120  C   3.968        C  119 1.441    C  121 1.353    H  129 0.967
   121  C   3.982        C  122 1.517    C  120 1.353    H  130 0.967
   122  C   3.948        C  121 1.517    C  123 1.295    H  131 0.965
   123  C   3.988        C  122 1.295    C  124 1.268    C  128 1.233
   124  C   3.979        C  125 1.562    C  123 1.268    H  132 0.959    C  127 0.102
   125  C   3.971        C  124 1.562    N  126 1.237    H  133 0.890
   126  N   3.529        C  127 1.442    C  125 1.237    Pd   1 0.593
   127  C   3.963        N  126 1.442    C  128 1.312    H  134 0.923    C  124 0.102
   128  C   3.979        C  127 1.312    C  123 1.233    C  119 1.205
   129  H   0.995        C  120 0.967
   130  H   0.995        C  121 0.967
   131  H   0.995        C  122 0.965
   132  H   0.991        C  124 0.959
   133  H   0.984        C  125 0.890
   134  H   0.984        C  127 0.923
   135  C   3.983        C  140 1.349    C  136 1.344    C  117 1.134
   136  C   3.971        C  137 1.476    C  135 1.344    H  141 0.964
   137  C   3.986        C  136 1.476    C  138 1.368    H  142 0.963    C  140 0.100
   138  C   3.951        C  139 1.379    C  137 1.368    C  145 1.050
   139  C   3.989        C  140 1.467    C  138 1.379    H  143 0.966
   140  C   3.973        C  139 1.467    C  135 1.349    H  144 0.968    C  137 0.100
   141  H   0.993        C  136 0.964
   142  H   0.995        C  137 0.963
   143  H   0.996        C  139 0.966
   144  H   0.996        C  140 0.968
   145  C   3.982        C  150 1.393    C  146 1.364    C  138 1.050
   146  C   3.974        C  147 1.455    C  145 1.364    H  151 0.961
   147  C   3.979        C  146 1.455    C  148 1.418    H  152 0.961    C  150 0.101
   148  C   3.958        C  147 1.418    N  149 1.361    H  153 0.923
   149  N   3.539        C  148 1.361    C  150 1.343    Pd   2 0.596
   150  C   3.966        C  145 1.393    N  149 1.343    H  154 0.891    Pd   2 0.105    C  147 0.101
   151  H   0.990        C  146 0.961
   152  H   0.989        C  147 0.961
   153  H   0.983        C  148 0.923
   154  H   0.982        C  150 0.891

molecular dipole:
                 x           y           z       tot (Debye)
 q only:       -5.379      12.007       1.688
   full:       -5.465      12.055       1.701      33.919
molecular quadrupole (traceless):
                xx          xy          yy          xz          yz          zz
 q only:     -186.268     -81.427     376.957     -15.912      53.166    -190.689
  q+dip:     -200.099     -89.893     406.130     -18.597      58.786    -206.031
   full:     -187.694     -88.843     379.827     -17.129      55.119    -192.133

           -------------------------------------------------
          |               Frequency Printout                |
           -------------------------------------------------
 projected vibrational frequencies (cm-1)
eigval :       -0.00    -0.00    -0.00    -0.00     0.00     0.00
eigval :        7.08     9.63    13.44    17.00    18.77    19.38
eigval :       23.22    24.85    27.57    28.67    30.35    32.08
eigval :       37.70    39.85    42.51    45.32    46.87    55.90
eigval :       58.33    58.93    61.05    63.64    66.74    69.49
eigval :       71.48    73.65    77.69    79.93    86.97    95.43
eigval :       99.22    99.62   102.97   104.89   105.74   115.51
eigval :      116.12   119.88   131.84   133.44   134.84   137.95
eigval :      143.04   148.70   151.47   153.57   161.96   163.54
eigval :      166.87   168.83   172.46   174.11   175.22   181.12
eigval :      181.56   186.83   188.74   196.71   200.34   203.62
eigval :      207.48   217.19   221.79   236.49   240.43   245.33
eigval :      249.44   257.55   261.68   270.26   277.41   280.48
eigval :      301.26   306.09   308.71   310.71   313.66   316.15
eigval :      321.96   325.92   331.92   333.21   333.68   335.99
eigval :      364.43   365.28   367.85   368.20   369.69   370.46
eigval :      372.24   372.69   382.85   390.60   394.73   395.31
eigval :      395.48   396.39   399.72   402.43   427.41   427.80
eigval :      428.60   430.21   439.36   447.04   449.27   452.51
eigval :      459.99   460.52   461.34   461.55   472.93   473.03
eigval :      474.79   476.64   502.02   503.77   504.49   504.83
eigval :      508.42   512.14   512.54   514.55   525.83   526.37
eigval :      527.07   527.67   532.50   536.15   537.18   537.89
eigval :      544.51   549.06   550.08   550.43   575.37   577.94
eigval :      579.05   580.26   607.15   607.64   608.08   608.51
eigval :      615.45   619.66   620.47   621.18   621.92   624.05
eigval :      626.60   627.36   662.38   663.01   663.82   664.23
eigval :      673.41   675.53   679.20   680.85   687.70   688.63
eigval :      689.96   692.47   725.12   725.42   725.88   726.15
eigval :      742.09   743.74   745.11   745.50   772.00   775.57
eigval :      777.95   778.62   779.84   781.40   781.73   784.93
eigval :      799.50   802.21   803.27   803.86   819.63   820.32
eigval :      820.46   820.97   821.44   821.59   822.12   822.98
eigval :      823.44   830.05   830.91   836.49   849.81   855.04
eigval :      860.27   860.48   861.54   863.72   864.65   866.32
eigval :      866.80   868.86   869.41   879.00   881.68   883.71
eigval :      884.67   885.01   892.62   895.04   895.61   896.95
eigval :      897.23   898.75   899.94   902.54   903.02   903.71
eigval :      904.16   906.57   912.75   913.25   915.97   918.63
eigval :      924.87   926.32   926.52   926.61   935.76   935.86
eigval :      935.94   936.07   936.15   936.46   936.64   936.68
eigval :      978.08   980.93   982.31   982.48  1002.39  1003.60
eigval :     1004.30  1006.44  1047.78  1048.19  1049.19  1049.88
eigval :     1067.62  1068.97  1076.09  1076.24  1077.10  1078.25
eigval :     1078.43  1080.09  1091.81  1092.48  1093.43  1096.61
eigval :     1107.90  1109.82  1110.16  1110.75  1118.95  1119.39
eigval :     1122.37  1125.41  1134.11  1135.57  1135.94  1136.42
eigval :     1156.58  1157.20  1158.25  1168.45  1168.61  1168.95
eigval :     1172.83  1173.00  1173.77  1174.28  1174.53  1175.70
eigval :     1186.09  1186.89  1187.60  1189.33  1199.14  1200.18
eigval :     1201.03  1202.98  1214.48  1214.59  1214.91  1218.67
eigval :     1219.21  1219.47  1222.92  1224.71  1234.43  1236.78
eigval :     1237.14  1249.88  1257.55  1258.29  1258.53  1259.98
eigval :     1274.34  1274.75  1275.05  1276.16  1293.29  1293.63
eigval :     1295.03  1295.44  1295.76  1298.70  1299.32  1302.33
eigval :     1307.33  1307.48  1308.47  1308.51  1316.42  1318.01
eigval :     1318.53  1320.20  1358.04  1358.86  1360.08  1361.36
eigval :     1367.93  1369.28  1370.75  1371.98  1372.40  1372.57
eigval :     1373.65  1374.92  1396.83  1397.20  1397.49  1397.75
eigval :     1398.64  1399.97  1399.99  1401.03  1418.95  1420.99
eigval :     1421.12  1422.29  1433.95  1436.83  1437.18  1438.55
eigval :     1467.12  1467.59  1468.03  1470.30  1484.23  1484.40
eigval :     1485.23  1485.98  1528.09  1528.93  1530.38  1530.99
eigval :     1532.85  1534.39  1534.80  1534.86  1543.89  1544.51
eigval :     1544.75  1545.09  1549.57  1550.53  1551.24  1553.19
eigval :     1559.01  1559.53  1559.63  1560.20  1569.42  1570.34
eigval :     1570.71  1571.59  1582.42  1582.71  1583.08  1583.13
eigval :     2298.93  2299.49  2300.80  2301.75  2924.22  2929.04
eigval :     2932.37  2944.11  2954.09  2964.68  2981.41  2986.93
eigval :     2988.92  3001.36  3007.93  3010.10  3024.99  3028.35
eigval :     3033.04  3033.71  3093.33  3094.29  3094.36  3094.44
eigval :     3094.73  3094.87  3095.03  3096.56  3096.78  3097.37
eigval :     3103.18  3103.32  3104.01  3104.09  3104.54  3105.13
eigval :     3105.59  3105.81  3106.09  3106.20  3106.36  3107.94
eigval :     3108.81  3108.87  3109.32  3109.39  3109.93  3110.10
eigval :     3111.45  3111.88  3112.27  3112.89  3117.75  3118.01
eigval :     3118.17  3118.27  3119.07  3119.55  3119.78  3119.94
 reduced masses (amu)
   1: 26.47   2: 24.35   3: 25.46   4: 25.04   5: 16.72   6: 21.45   7: 12.20   8: 13.58
   9: 16.05  10: 15.32  11: 12.96  12: 12.95  13: 17.29  14: 19.92  15: 16.46  16: 13.39
  17: 18.20  18: 12.02  19: 11.86  20: 15.96  21: 12.22  22: 12.67  23: 12.51  24: 13.39
  25: 14.45  26: 11.80  27: 12.44  28: 14.10  29: 15.66  30: 17.94  31: 11.58  32: 17.64
  33: 13.69  34: 11.62  35: 11.79  36: 21.80  37: 12.96  38: 14.14  39: 14.56  40: 11.69
  41: 12.38  42: 24.12  43: 14.48  44: 11.54  45: 11.13  46: 12.28  47: 11.05  48: 12.15
  49: 13.04  50: 11.79  51: 11.46  52: 12.40  53: 16.52  54: 13.30  55: 10.54  56: 14.41
  57: 13.04  58: 11.40  59: 11.21  60: 11.35  61: 16.16  62: 13.68  63: 20.42  64: 11.48
  65: 16.07  66: 20.65  67: 19.95  68: 32.07  69: 25.17  70: 31.47  71: 25.94  72: 29.05
  73: 27.07  74: 27.21  75: 58.81  76: 37.13  77: 41.27  78: 39.26  79: 11.53  80: 12.66
  81: 14.16  82: 11.96  83: 14.22  84: 16.02  85: 12.28  86: 14.22  87: 12.64  88: 11.03
  89: 13.92  90: 13.68  91: 11.37  92: 10.62  93:  9.53  94:  9.66  95: 10.16  96:  9.74
  97: 11.28  98: 12.15  99: 11.15 100: 10.83 101: 10.06 102:  9.69 103:  9.68 104:  9.48
 105: 10.65 106: 12.71 107: 11.42 108: 11.35 109: 11.46 110: 11.67 111: 10.57 112: 11.29
 113: 10.79 114: 11.66 115: 11.33 116: 11.38 117: 11.38 118: 11.36 119: 11.18 120: 11.11
 121: 11.29 122: 11.26 123: 10.59 124: 10.42 125: 10.55 126: 10.63 127: 11.42 128: 12.28
 129: 12.53 130: 12.37 131: 11.47 132: 11.53 133: 11.63 134: 11.44 135: 10.28 136: 10.30
 137: 10.53 138: 10.42 139:  9.83 140: 10.12 141: 10.24 142: 10.35 143: 11.88 144: 11.86
 145: 12.22 146: 12.55 147: 11.48 148: 11.48 149: 11.48 150: 11.51 151: 11.72 152: 11.45
 153: 12.28 154: 12.02 155: 12.12 156: 11.69 157: 11.67 158: 11.92 159: 11.38 160: 11.45
 161: 11.39 162: 11.46 163:  9.63 164:  9.75 165: 10.56 166: 10.88 167: 10.32 168: 10.29
 169: 10.00 170:  9.83 171: 10.54 172: 10.57 173: 10.62 174: 10.69 175: 11.36 176: 11.46
 177: 11.47 178: 11.58 179:  4.13 180:  4.86 181:  4.18 182:  4.04 183:  4.33 184:  4.28
 185:  4.46 186:  4.34 187: 11.45 188: 11.52 189: 11.44 190: 11.55 191:  6.56 192:  6.74
 193:  8.66 194:  9.81 195:  8.06 196:  8.22 197:  9.34 198:  6.22 199:  4.84 200:  4.04
 201:  4.25 202:  4.01 203:  4.10 204:  4.35 205:  4.04 206:  4.10 207:  3.58 208:  3.74
 209:  3.82 210:  3.63 211:  3.40 212:  3.72 213:  3.95 214:  8.79 215:  6.01 216: 10.71
 217: 10.54 218: 10.71 219:  3.63 220:  3.66 221:  3.84 222:  3.88 223:  3.83 224:  3.86
 225:  3.81 226:  3.95 227:  3.73 228:  3.89 229:  3.73 230:  3.63 231:  3.07 232:  3.01
 233:  2.87 234:  2.84 235:  4.00 236:  3.85 237:  3.86 238:  3.98 239:  3.71 240:  3.71
 241:  3.85 242:  3.69 243:  3.84 244:  3.70 245:  3.83 246:  3.88 247: 11.32 248: 11.27
 249: 11.23 250: 11.25 251: 10.18 252: 10.18 253: 10.28 254: 10.28 255: 10.07 256: 10.00
 257:  9.98 258:  9.99 259:  7.39 260:  7.30 261:  8.16 262:  8.03 263:  8.45 264:  7.56
 265:  8.23 266:  7.76 267:  6.39 268:  6.20 269:  6.92 270:  6.01 271:  6.22 272:  6.19
 273:  6.19 274:  6.15 275:  3.76 276:  3.71 277:  3.66 278:  3.48 279:  3.22 280:  3.29
 281:  3.29 282:  3.39 283:  3.03 284:  3.10 285:  3.10 286:  2.41 287:  2.72 288:  1.83
 289:  3.39 290:  3.58 291:  3.69 292:  3.58 293:  2.34 294:  2.41 295:  2.70 296:  2.76
 297:  2.90 298:  2.59 299:  4.05 300:  3.96 301:  3.91 302:  4.30 303:  5.71 304:  5.31
 305:  5.41 306:  5.33 307:  6.07 308:  6.35 309:  6.56 310:  5.32 311:  2.96 312:  3.11
 313:  3.08 314:  3.05 315:  3.23 316:  3.14 317:  3.21 318:  3.04 319:  7.95 320:  7.96
 321:  7.87 322:  8.00 323: 11.60 324:  9.17 325:  9.30 326: 11.73 327:  8.87 328: 11.97
 329:  8.77 330: 11.79 331: 11.37 332: 11.35 333: 11.32 334: 11.30 335: 10.17 336: 10.14
 337:  9.95 338: 10.04 339: 10.60 340: 10.60 341: 10.49 342: 10.53 343:  9.99 344:  9.82
 345:  9.69 346:  9.65 347:  9.65 348:  9.78 349:  9.92 350:  9.88 351: 10.20 352: 10.31
 353: 10.41 354: 10.22 355: 10.51 356: 10.96 357: 10.90 358: 10.89 359:  9.99 360: 10.01
 361: 10.03 362:  9.97 363: 10.71 364: 10.81 365: 10.72 366: 10.73 367: 11.00 368: 11.02
 369: 11.05 370: 11.02 371: 10.35 372: 10.41 373: 10.41 374: 10.47 375: 11.78 376: 11.78
 377: 11.81 378: 11.78 379: 11.61 380: 11.61 381: 11.61 382: 11.57 383: 11.73 384: 11.72
 385: 11.73 386: 11.72 387: 11.69 388: 11.67 389: 11.68 390: 11.66 391: 11.51 392: 11.53
 393: 11.59 394: 11.55 395: 11.45 396: 11.49 397: 11.49 398: 11.53 399: 11.53 400: 11.53
 401: 11.54 402: 11.53 403: 12.01 404: 12.01 405: 12.01 406: 12.01 407:  1.85 408:  1.85
 409:  1.85 410:  1.85 411:  1.86 412:  1.86 413:  1.85 414:  1.84 415:  1.84 416:  1.86
 417:  1.84 418:  1.84 419:  1.84 420:  1.84 421:  1.85 422:  1.85 423:  1.81 424:  1.78
 425:  1.79 426:  1.78 427:  1.79 428:  1.78 429:  1.78 430:  1.80 431:  1.80 432:  1.79
 433:  1.84 434:  1.84 435:  1.84 436:  1.84 437:  1.83 438:  1.86 439:  1.82 440:  1.82
 441:  1.88 442:  1.85 443:  1.80 444:  1.88 445:  1.79 446:  1.88 447:  1.90 448:  1.90
 449:  1.90 450:  1.90 451:  1.86 452:  1.86 453:  1.86 454:  1.86 455:  1.89 456:  1.89
 457:  1.87 458:  1.86 459:  1.89 460:  1.88 461:  1.89 462:  1.88
 IR intensities (amu)
   1:  0.64   2:  0.37   3:  0.73   4:  0.51   5:  0.13   6:  0.09   7:  0.20   8:  0.27
   9:  0.39  10:  0.27  11:  0.05  12:  0.14  13:  0.24  14:  0.10  15:  0.04  16:  0.16
  17:  0.07  18:  0.11  19:  0.03  20:  0.04  21:  0.07  22:  0.16  23:  0.11  24:  0.11
  25:  0.27  26:  0.13  27:  0.04  28:  0.36  29:  0.36  30:  0.08  31:  0.04  32:  0.18
  33:  0.12  34:  0.19  35:  0.13  36:  0.05  37:  0.09  38:  0.04  39:  0.05  40:  0.03
  41:  0.05  42:  0.04  43:  0.09  44:  0.04  45:  0.12  46:  0.08  47:  0.12  48:  0.11
  49:  0.08  50:  0.04  51:  0.06  52:  0.22  53:  0.09  54:  0.13  55:  0.04  56:  0.21
  57:  0.14  58:  0.06  59:  0.23  60:  0.25  61:  0.53  62:  0.40  63:  0.61  64:  0.18
  65:  0.32  66:  0.64  67:  0.61  68:  0.56  69:  0.18  70:  0.11  71:  0.78  72:  0.75
  73:  0.20  74:  0.35  75:  0.83  76:  0.29  77:  0.94  78:  0.86  79:  0.07  80:  0.20
  81:  0.31  82:  0.12  83:  0.19  84:  0.25  85:  0.09  86:  0.39  87:  0.22  88:  0.06
  89:  0.12  90:  0.09  91:  0.33  92:  0.20  93:  0.26  94:  0.14  95:  0.32  96:  0.17
  97:  0.04  98:  0.10  99:  0.22 100:  0.11 101:  0.11 102:  0.11 103:  0.09 104:  0.04
 105:  0.08 106:  0.27 107:  0.10 108:  0.06 109:  0.12 110:  0.10 111:  0.08 112:  0.13
 113:  0.08 114:  0.15 115:  0.11 116:  0.08 117:  0.08 118:  0.06 119:  0.07 120:  0.08
 121:  0.12 122:  0.08 123:  0.14 124:  0.09 125:  0.08 126:  0.13 127:  0.16 128:  0.36
 129:  0.33 130:  0.37 131:  0.06 132:  0.11 133:  0.19 134:  0.12 135:  0.13 136:  0.11
 137:  0.18 138:  0.09 139:  0.14 140:  0.06 141:  0.07 142:  0.10 143:  0.34 144:  0.36
 145:  0.13 146:  0.56 147:  0.08 148:  0.07 149:  0.15 150:  0.12 151:  0.15 152:  0.12
 153:  0.36 154:  0.27 155:  0.40 156:  0.10 157:  0.09 158:  0.16 159:  0.11 160:  0.03
 161:  0.46 162:  0.12 163:  0.20 164:  0.18 165:  0.22 166:  0.10 167:  0.06 168:  0.07
 169:  0.14 170:  0.09 171:  0.07 172:  0.09 173:  0.14 174:  0.07 175:  0.27 176:  0.40
 177:  0.18 178:  0.46 179:  0.04 180:  0.20 181:  0.18 182:  0.15 183:  0.10 184:  0.24
 185:  0.27 186:  0.16 187:  0.19 188:  0.54 189:  0.24 190:  0.51 191:  0.17 192:  0.16
 193:  0.07 194:  0.16 195:  0.16 196:  0.19 197:  0.23 198:  0.21 199:  0.18 200:  0.27
 201:  0.36 202:  0.16 203:  0.05 204:  0.02 205:  0.07 206:  0.04 207:  0.09 208:  0.07
 209:  0.08 210:  0.04 211:  0.14 212:  0.07 213:  0.04 214:  0.11 215:  0.13 216:  0.47
 217:  0.04 218:  0.08 219:  0.01 220:  0.02 221:  0.08 222:  0.03 223:  0.02 224:  0.02
 225:  0.03 226:  0.04 227:  0.04 228:  0.05 229:  0.03 230:  0.01 231:  0.08 232:  0.05
 233:  0.04 234:  0.02 235:  0.15 236:  0.16 237:  0.13 238:  0.22 239:  0.03 240:  0.03
 241:  0.03 242:  0.02 243:  0.05 244:  0.02 245:  0.04 246:  0.03 247:  0.21 248:  0.08
 249:  0.40 250:  0.24 251:  0.19 252:  0.18 253:  0.25 254:  0.28 255:  0.02 256:  0.28
 257:  0.25 258:  0.09 259:  0.57 260:  0.45 261:  0.17 262:  0.18 263:  0.34 264:  0.58
 265:  0.15 266:  0.51 267:  0.47 268:  0.25 269:  0.43 270:  0.44 271:  0.41 272:  0.29
 273:  0.46 274:  0.40 275:  0.27 276:  0.19 277:  0.29 278:  0.17 279:  0.06 280:  0.08
 281:  0.06 282:  0.07 283:  0.22 284:  0.35 285:  0.38 286:  0.27 287:  0.32 288:  0.13
 289:  0.06 290:  0.12 291:  0.13 292:  0.18 293:  0.18 294:  0.19 295:  0.12 296:  0.12
 297:  0.12 298:  0.18 299:  0.16 300:  0.07 301:  0.33 302:  0.50 303:  0.09 304:  0.11
 305:  0.13 306:  0.10 307:  0.08 308:  0.09 309:  0.31 310:  0.16 311:  0.11 312:  0.11
 313:  0.07 314:  0.10 315:  0.06 316:  0.07 317:  0.07 318:  0.08 319:  0.52 320:  0.69
 321:  0.53 322:  0.82 323:  0.19 324:  0.04 325:  0.15 326:  0.24 327:  0.09 328:  0.17
 329:  0.17 330:  0.23 331:  0.08 332:  0.05 333:  0.05 334:  0.04 335:  0.38 336:  0.17
 337:  0.23 338:  0.29 339:  0.35 340:  0.79 341:  1.50 342:  0.18 343:  0.21 344:  0.82
 345:  0.10 346:  0.29 347:  1.23 348:  0.50 349:  0.25 350:  0.18 351:  0.09 352:  0.47
 353:  0.47 354:  0.13 355:  0.70 356:  1.12 357:  1.56 358:  0.76 359:  0.08 360:  0.14
 361:  0.21 362:  0.34 363:  1.36 364:  0.34 365:  0.13 366:  1.60 367:  0.47 368:  0.35
 369:  0.19 370:  0.38 371:  0.44 372:  0.29 373:  0.51 374:  0.36 375:  0.85 376:  0.52
 377:  0.88 378:  0.65 379:  0.39 380:  0.37 381:  0.51 382:  0.35 383:  0.25 384:  0.36
 385:  0.10 386:  0.35 387:  0.88 388:  1.28 389:  1.00 390:  0.95 391:  0.86 392:  1.02
 393:  1.20 394:  0.71 395:  0.33 396:  0.47 397:  0.35 398:  0.67 399:  0.55 400:  0.51
 401:  0.18 402:  0.79 403:  1.00 404:  1.01 405:  0.86 406:  0.94 407:  0.10 408:  0.04
 409:  0.10 410:  0.06 411:  0.06 412:  0.04 413:  0.12 414:  0.10 415:  0.08 416:  0.10
 417:  0.03 418:  0.07 419:  0.10 420:  0.10 421:  0.07 422:  0.08 423:  0.10 424:  0.12
 425:  0.12 426:  0.08 427:  0.10 428:  0.12 429:  0.12 430:  0.12 431:  0.09 432:  0.07
 433:  0.15 434:  0.16 435:  0.13 436:  0.15 437:  0.07 438:  0.18 439:  0.03 440:  0.04
 441:  0.28 442:  0.18 443:  0.11 444:  0.24 445:  0.07 446:  0.21 447:  0.16 448:  0.42
 449:  0.31 450:  0.31 451:  0.14 452:  0.15 453:  0.10 454:  0.11 455:  0.01 456:  0.05
 457:  0.11 458:  0.09 459:  0.02 460:  0.14 461:  0.06 462:  0.08
 Raman intensities (amu)
   1:  0.00   2:  0.00   3:  0.00   4:  0.00   5:  0.00   6:  0.00   7:  0.00   8:  0.00
   9:  0.00  10:  0.00  11:  0.00  12:  0.00  13:  0.00  14:  0.00  15:  0.00  16:  0.00
  17:  0.00  18:  0.00  19:  0.00  20:  0.00  21:  0.00  22:  0.00  23:  0.00  24:  0.00
  25:  0.00  26:  0.00  27:  0.00  28:  0.00  29:  0.00  30:  0.00  31:  0.00  32:  0.00
  33:  0.00  34:  0.00  35:  0.00  36:  0.00  37:  0.00  38:  0.00  39:  0.00  40:  0.00
  41:  0.00  42:  0.00  43:  0.00  44:  0.00  45:  0.00  46:  0.00  47:  0.00  48:  0.00
  49:  0.00  50:  0.00  51:  0.00  52:  0.00  53:  0.00  54:  0.00  55:  0.00  56:  0.00
  57:  0.00  58:  0.00  59:  0.00  60:  0.00  61:  0.00  62:  0.00  63:  0.00  64:  0.00
  65:  0.00  66:  0.00  67:  0.00  68:  0.00  69:  0.00  70:  0.00  71:  0.00  72:  0.00
  73:  0.00  74:  0.00  75:  0.00  76:  0.00  77:  0.00  78:  0.00  79:  0.00  80:  0.00
  81:  0.00  82:  0.00  83:  0.00  84:  0.00  85:  0.00  86:  0.00  87:  0.00  88:  0.00
  89:  0.00  90:  0.00  91:  0.00  92:  0.00  93:  0.00  94:  0.00  95:  0.00  96:  0.00
  97:  0.00  98:  0.00  99:  0.00 100:  0.00 101:  0.00 102:  0.00 103:  0.00 104:  0.00
 105:  0.00 106:  0.00 107:  0.00 108:  0.00 109:  0.00 110:  0.00 111:  0.00 112:  0.00
 113:  0.00 114:  0.00 115:  0.00 116:  0.00 117:  0.00 118:  0.00 119:  0.00 120:  0.00
 121:  0.00 122:  0.00 123:  0.00 124:  0.00 125:  0.00 126:  0.00 127:  0.00 128:  0.00
 129:  0.00 130:  0.00 131:  0.00 132:  0.00 133:  0.00 134:  0.00 135:  0.00 136:  0.00
 137:  0.00 138:  0.00 139:  0.00 140:  0.00 141:  0.00 142:  0.00 143:  0.00 144:  0.00
 145:  0.00 146:  0.00 147:  0.00 148:  0.00 149:  0.00 150:  0.00 151:  0.00 152:  0.00
 153:  0.00 154:  0.00 155:  0.00 156:  0.00 157:  0.00 158:  0.00 159:  0.00 160:  0.00
 161:  0.00 162:  0.00 163:  0.00 164:  0.00 165:  0.00 166:  0.00 167:  0.00 168:  0.00
 169:  0.00 170:  0.00 171:  0.00 172:  0.00 173:  0.00 174:  0.00 175:  0.00 176:  0.00
 177:  0.00 178:  0.00 179:  0.00 180:  0.00 181:  0.00 182:  0.00 183:  0.00 184:  0.00
 185:  0.00 186:  0.00 187:  0.00 188:  0.00 189:  0.00 190:  0.00 191:  0.00 192:  0.00
 193:  0.00 194:  0.00 195:  0.00 196:  0.00 197:  0.00 198:  0.00 199:  0.00 200:  0.00
 201:  0.00 202:  0.00 203:  0.00 204:  0.00 205:  0.00 206:  0.00 207:  0.00 208:  0.00
 209:  0.00 210:  0.00 211:  0.00 212:  0.00 213:  0.00 214:  0.00 215:  0.00 216:  0.00
 217:  0.00 218:  0.00 219:  0.00 220:  0.00 221:  0.00 222:  0.00 223:  0.00 224:  0.00
 225:  0.00 226:  0.00 227:  0.00 228:  0.00 229:  0.00 230:  0.00 231:  0.00 232:  0.00
 233:  0.00 234:  0.00 235:  0.00 236:  0.00 237:  0.00 238:  0.00 239:  0.00 240:  0.00
 241:  0.00 242:  0.00 243:  0.00 244:  0.00 245:  0.00 246:  0.00 247:  0.00 248:  0.00
 249:  0.00 250:  0.00 251:  0.00 252:  0.00 253:  0.00 254:  0.00 255:  0.00 256:  0.00
 257:  0.00 258:  0.00 259:  0.00 260:  0.00 261:  0.00 262:  0.00 263:  0.00 264:  0.00
 265:  0.00 266:  0.00 267:  0.00 268:  0.00 269:  0.00 270:  0.00 271:  0.00 272:  0.00
 273:  0.00 274:  0.00 275:  0.00 276:  0.00 277:  0.00 278:  0.00 279:  0.00 280:  0.00
 281:  0.00 282:  0.00 283:  0.00 284:  0.00 285:  0.00 286:  0.00 287:  0.00 288:  0.00
 289:  0.00 290:  0.00 291:  0.00 292:  0.00 293:  0.00 294:  0.00 295:  0.00 296:  0.00
 297:  0.00 298:  0.00 299:  0.00 300:  0.00 301:  0.00 302:  0.00 303:  0.00 304:  0.00
 305:  0.00 306:  0.00 307:  0.00 308:  0.00 309:  0.00 310:  0.00 311:  0.00 312:  0.00
 313:  0.00 314:  0.00 315:  0.00 316:  0.00 317:  0.00 318:  0.00 319:  0.00 320:  0.00
 321:  0.00 322:  0.00 323:  0.00 324:  0.00 325:  0.00 326:  0.00 327:  0.00 328:  0.00
 329:  0.00 330:  0.00 331:  0.00 332:  0.00 333:  0.00 334:  0.00 335:  0.00 336:  0.00
 337:  0.00 338:  0.00 339:  0.00 340:  0.00 341:  0.00 342:  0.00 343:  0.00 344:  0.00
 345:  0.00 346:  0.00 347:  0.00 348:  0.00 349:  0.00 350:  0.00 351:  0.00 352:  0.00
 353:  0.00 354:  0.00 355:  0.00 356:  0.00 357:  0.00 358:  0.00 359:  0.00 360:  0.00
 361:  0.00 362:  0.00 363:  0.00 364:  0.00 365:  0.00 366:  0.00 367:  0.00 368:  0.00
 369:  0.00 370:  0.00 371:  0.00 372:  0.00 373:  0.00 374:  0.00 375:  0.00 376:  0.00
 377:  0.00 378:  0.00 379:  0.00 380:  0.00 381:  0.00 382:  0.00 383:  0.00 384:  0.00
 385:  0.00 386:  0.00 387:  0.00 388:  0.00 389:  0.00 390:  0.00 391:  0.00 392:  0.00
 393:  0.00 394:  0.00 395:  0.00 396:  0.00 397:  0.00 398:  0.00 399:  0.00 400:  0.00
 401:  0.00 402:  0.00 403:  0.00 404:  0.00 405:  0.00 406:  0.00 407:  0.00 408:  0.00
 409:  0.00 410:  0.00 411:  0.00 412:  0.00 413:  0.00 414:  0.00 415:  0.00 416:  0.00
 417:  0.00 418:  0.00 419:  0.00 420:  0.00 421:  0.00 422:  0.00 423:  0.00 424:  0.00
 425:  0.00 426:  0.00 427:  0.00 428:  0.00 429:  0.00 430:  0.00 431:  0.00 432:  0.00
 433:  0.00 434:  0.00 435:  0.00 436:  0.00 437:  0.00 438:  0.00 439:  0.00 440:  0.00
 441:  0.00 442:  0.00 443:  0.00 444:  0.00 445:  0.00 446:  0.00 447:  0.00 448:  0.00
 449:  0.00 450:  0.00 451:  0.00 452:  0.00 453:  0.00 454:  0.00 455:  0.00 456:  0.00
 457:  0.00 458:  0.00 459:  0.00 460:  0.00 461:  0.00 462:  0.00
 output can be read by thermo (or use thermo option).
 writing <g98.out> molden fake output.
 recommended (thermochemical) frequency scaling factor: 1.0
           -------------------------------------------------
          |             Thermodynamic Functions             |
           -------------------------------------------------

Refinement of some symmetry elements was terminated before convergence was reached.
Some symmetry elements may remain unidentified.
Molecule has no symmetry elements
It seems to be the C1 point group
c1  symmetry found (for desy threshold:  0.10E+00) used in thermo

          ...................................................
          :                      SETUP                      :
          :.................................................:
          :  # frequencies                         456      :
          :  # imaginary freq.                       0      :
          :  linear?                             false      :
          :  only rotor calc.                    false      :
          :  symmetry                               c1      :
          :  rotational number                       1      :
          :  scaling factor                  1.0000000      :
          :  rotor cutoff                   50.0000000 cm⁻¹ :
          :  imag. cutoff                  -20.0000000 cm⁻¹ :
          :.................................................:

    mode    ω/cm⁻¹     T·S(HO)/kcal·mol⁻¹    T·S(FR)/kcal·mol⁻¹   T·S(vib)
   ------------------------------------------------------------------------
       1      7.08    -2.59296 (  0.04%)    -1.63557 ( 99.96%)    -1.63595
       2      9.63    -2.41056 (  0.14%)    -1.54436 ( 99.86%)    -1.54555
       3     13.44    -2.21353 (  0.52%)    -1.44582 ( 99.48%)    -1.44980
       4     17.00    -2.07437 (  1.32%)    -1.37621 ( 98.68%)    -1.38541
       5     18.77    -2.01555 (  1.95%)    -1.34678 ( 98.05%)    -1.35981
       6     19.38    -1.99650 (  2.21%)    -1.33725 ( 97.79%)    -1.35182
       7     23.22    -1.88958 (  4.45%)    -1.28375 ( 95.55%)    -1.31068
       8     24.85    -1.84958 (  5.75%)    -1.26372 ( 94.25%)    -1.29739
       9     27.57    -1.78805 (  8.46%)    -1.23292 ( 91.54%)    -1.27988
      10     28.67    -1.76488 (  9.75%)    -1.22132 ( 90.25%)    -1.27434
      11     30.35    -1.73113 ( 11.96%)    -1.20441 ( 88.04%)    -1.26739
      12     32.08    -1.69847 ( 14.48%)    -1.18805 ( 85.52%)    -1.26198
      13     37.70    -1.60293 ( 24.43%)    -1.14017 ( 75.57%)    -1.25323
      14     39.85    -1.57015 ( 28.76%)    -1.12373 ( 71.24%)    -1.25211
      15     42.51    -1.53205 ( 34.32%)    -1.10462 ( 65.68%)    -1.25131
      16     45.32    -1.49425 ( 40.30%)    -1.08565 ( 59.70%)    -1.25032
      17     46.87    -1.47439 ( 43.58%)    -1.07568 ( 56.42%)    -1.24943
      18     55.90    -1.37059 ( 60.97%)    -1.02351 ( 39.03%)    -1.23513
      19     58.33    -1.34549 ( 64.94%)    -1.01088 ( 35.06%)    -1.22819
      20     58.93    -1.33947 ( 65.87%)    -1.00785 ( 34.13%)    -1.22629
      21     61.05    -1.31866 ( 68.98%)    -0.99737 ( 31.02%)    -1.21898
      22     63.64    -1.29429 ( 72.41%)    -0.98510 ( 27.59%)    -1.20898
      23     66.74    -1.26636 ( 76.04%)    -0.97102 ( 23.96%)    -1.19559
      24     69.49    -1.24260 ( 78.86%)    -0.95903 ( 21.14%)    -1.18266
      25     71.48    -1.22607 ( 80.68%)    -0.95069 ( 19.32%)    -1.17287
      26     73.65    -1.20853 ( 82.48%)    -0.94183 ( 17.52%)    -1.16180
      27     77.69    -1.17724 ( 85.35%)    -0.92601 ( 14.65%)    -1.14044
      28     79.93    -1.16058 ( 86.72%)    -0.91758 ( 13.28%)    -1.12831
      29     86.97    -1.11123 ( 90.15%)    -0.89257 (  9.85%)    -1.08970
      30     95.43    -1.05712 ( 92.99%)    -0.86507 (  7.01%)    -1.04366
      31     99.22    -1.03448 ( 93.94%)    -0.85354 (  6.06%)    -1.02351
      32     99.62    -1.03214 ( 94.03%)    -0.85235 (  5.97%)    -1.02141
      33    102.97    -1.01288 ( 94.73%)    -0.84253 (  5.27%)    -1.00391
      34    104.89    -1.00217 ( 95.09%)    -0.83706 (  4.91%)    -0.99406
      35    105.74    -0.99750 ( 95.24%)    -0.83467 (  4.76%)    -0.98974
      36    115.51    -0.94638 ( 96.61%)    -0.80850 (  3.39%)    -0.94170
      37    116.12    -0.94334 ( 96.68%)    -0.80694 (  3.32%)    -0.93881
      38    119.88    -0.92494 ( 97.06%)    -0.79749 (  2.94%)    -0.92119
      39    131.84    -0.87030 ( 97.97%)    -0.76932 (  2.03%)    -0.86825
      40    133.44    -0.86338 ( 98.07%)    -0.76574 (  1.93%)    -0.86149
      41    134.84    -0.85743 ( 98.14%)    -0.76266 (  1.86%)    -0.85567
      42    137.95    -0.84440 ( 98.30%)    -0.75591 (  1.70%)    -0.84290
      43    143.04    -0.82374 ( 98.53%)    -0.74517 (  1.47%)    -0.82258
      44    148.70    -0.80165 ( 98.74%)    -0.73366 (  1.26%)    -0.80079
      45    151.47    -0.79121 ( 98.83%)    -0.72821 (  1.17%)    -0.79047
      46    153.57    -0.78338 ( 98.89%)    -0.72412 (  1.11%)    -0.78273
      47    161.96    -0.75335 ( 99.10%)    -0.70837 (  0.90%)    -0.75295
      48    163.54    -0.74789 ( 99.13%)    -0.70549 (  0.87%)    -0.74753
      49    166.87    -0.73656 ( 99.20%)    -0.69952 (  0.80%)    -0.73626
      50    168.83    -0.73002 ( 99.24%)    -0.69607 (  0.76%)    -0.72977
      51    172.46    -0.71808 ( 99.30%)    -0.68975 (  0.70%)    -0.71788
      52    174.11    -0.71277 ( 99.32%)    -0.68694 (  0.68%)    -0.71260
      53    175.22    -0.70923 ( 99.34%)    -0.68506 (  0.66%)    -0.70907
      54    181.12    -0.69077 ( 99.42%)    -0.67525 (  0.58%)    -0.69068
      55    181.56    -0.68940 ( 99.43%)    -0.67452 (  0.57%)    -0.68932
      56    186.83    -0.67354 ( 99.49%)    -0.66605 (  0.51%)    -0.67350
      57    188.74    -0.66791 ( 99.51%)    -0.66304 (  0.49%)    -0.66789
      58    196.71    -0.64510 ( 99.58%)    -0.65079 (  0.42%)    -0.64513
      59    200.34    -0.63505 ( 99.61%)    -0.64537 (  0.39%)    -0.63509
      60    203.62    -0.62616 ( 99.64%)    -0.64056 (  0.36%)    -0.62622
      61    207.48    -0.61588 ( 99.66%)    -0.63499 (  0.34%)    -0.61595
      62    217.19    -0.59104 ( 99.72%)    -0.62144 (  0.28%)    -0.59113
      63    221.79    -0.57973 ( 99.74%)    -0.61524 (  0.26%)    -0.57983
      64    236.49    -0.54535 ( 99.80%)    -0.59622 (  0.20%)    -0.54545
      65    240.43    -0.53659 ( 99.81%)    -0.59134 (  0.19%)    -0.53669
      66    245.33    -0.52590 ( 99.83%)    -0.58535 (  0.17%)    -0.52600
      67    249.44    -0.51715 ( 99.84%)    -0.58043 (  0.16%)    -0.51725
      68    257.55    -0.50039 ( 99.86%)    -0.57095 (  0.14%)    -0.50049
      69    261.68    -0.49211 ( 99.87%)    -0.56624 (  0.13%)    -0.49221
      70    270.26    -0.47542 ( 99.88%)    -0.55668 (  0.12%)    -0.47551
      71    277.41    -0.46201 ( 99.89%)    -0.54895 (  0.11%)    -0.46210
      72    280.48    -0.45639 ( 99.90%)    -0.54569 (  0.10%)    -0.45648
   ------------------------------------------------------------------------

   temp. (K)  partition function   enthalpy   heat capacity  entropy
                                   cal/mol     cal/K/mol   cal/K/mol   J/K/mol
 298.15  VIB  0.359E+40            50248.577    324.023    316.070
         ROT  0.554E+09              888.752      2.981     42.990
         INT  0.199E+49            51137.330    327.003    359.061
         TR   0.528E+29             1481.254      4.968     47.643
         TOT                       52618.5837   331.9716   406.7037  1701.6485

       T/K    H(0)-H(T)+PV         H(T)/Eh          T*S/Eh         G(T)/Eh
   ------------------------------------------------------------------------
    298.15    0.838531E-01    0.122885E+01    0.193238E+00    0.103561E+01
   ------------------------------------------------------------------------

         :::::::::::::::::::::::::::::::::::::::::::::::::::::
         ::                  THERMODYNAMIC                  ::
         :::::::::::::::::::::::::::::::::::::::::::::::::::::
         :: total free energy        -247.223156423269 Eh   ::
         ::.................................................::
         :: total energy             -248.258768814121 Eh   ::
         :: zero point energy           1.144997415480 Eh   ::
         :: G(RRHO) w/o ZPVE           -0.109385024627 Eh   ::
         :: G(RRHO) contrib.            1.035612390852 Eh   ::
         :::::::::::::::::::::::::::::::::::::::::::::::::::::

           -------------------------------------------------
          | TOTAL ENERGY             -248.258768814121 Eh   |
          | TOTAL ENTHALPY           -247.029918348001 Eh   |
          | TOTAL FREE ENERGY        -247.223156423269 Eh   |
          | GRADIENT NORM               0.000580582130 Eh/α |
          | HOMO-LUMO GAP               2.133472768401 eV   |
           -------------------------------------------------

------------------------------------------------------------------------
 * finished run on 2021/06/21 at 21:51:27.299     
------------------------------------------------------------------------
 total:
 * wall-time:     0 d,  0 h,  6 min,  0.292 sec
 *  cpu-time:     0 d,  0 h, 35 min, 19.615 sec
 * ratio c/w:     5.883 speedup
 SCF:
 * wall-time:     0 d,  0 h,  0 min,  0.843 sec
 *  cpu-time:     0 d,  0 h,  0 min,  4.453 sec
 * ratio c/w:     5.280 speedup
 numerical hessian:
 * wall-time:     0 d,  0 h,  5 min, 58.688 sec
 *  cpu-time:     0 d,  0 h, 35 min, 14.157 sec
 * ratio c/w:     5.894 speedup

