      -----------------------------------------------------------      
     |                   =====================                   |     
     |                           x T B                           |     
     |                   =====================                   |     
     |                         S. Grimme                         |     
     |          Mulliken Center for Theoretical Chemistry        |     
     |                    University of Bonn                     |     
     |                Version 6.2 RC2 (SAW190805)                |     
      -----------------------------------------------------------      

   This program is distributed in the hope that it will be useful,
   but WITHOUT ANY WARRANTY; without even the implied warranty of
   MERCHANTABILITY or FITNESS FOR A PARTICULAR PURPOSE.
   
   FOR NON-COMMERCIAL, ACADEMIA USE ONLY.
   
   Cite this work as:
   * S. Grimme, C. Bannwarth, P. Shushkov, J. Chem. Theory Comput., 2017,
     13, 1989-2009. DOI: 10.1021/acs.jctc.7b00118
   * C. Bannwarth, S. Ehlert and S. Grimme., J. Chem. Theory Comput., 2019,
     15, 1652-1671. DOI: 10.1021/acs.jctc.8b01176
   * P. Pracht, E. Caldeweyher, S. Ehlert, S. Grimme, ChemRxiv, 2019, preprint.
     DOI: 10.26434/chemrxiv.8326202.v1
   
   for DFT-D4:
   * E. Caldeweyher, C. Bannwarth and S. Grimme, J. Chem. Phys., 2017,
     147, 034112. DOI: 10.1063/1.4993215
   * E. Caldeweyher, S. Ehlert, A. Hansen, H. Neugebauer, S. Spicher,
     C. Bannwarth and S. Grimme, J. Chem. Phys., 2019, 150, 154122.
     DOI: 10.1063/1.5090222
   
   for sTDA-xTB:
   * S. Grimme and C. Bannwarth, J. Chem. Phys., 2016, 145, 054103.
     DOI: 10.1063/1.4959605
   
   in the mass-spec context:
   * V. Asgeirsson, C. Bauer and S. Grimme, Chem. Sci., 2017, 8, 4879.
     DOI: 10.1039/c7sc00601b
   
   for metadynamics refer to:
   * S. Grimme, J. Chem. Theory Comput., 2019, 155, 2847-2862
     DOI: 10.1021/acs.jctc.9b00143
   
   with help from (in alphabetical order)
   C. Bannwarth, F. Bohle, G. Brandenburg, E. Caldeweyher, M. Checinski,
   S. Dohm, S. Ehlert, S. Ehrlich, F. März, H. Neugebauer, J. Pisarek,
   P. Pracht, P. Shushkov, and S. Spicher.
   
 * started run on 2021/06/22 at 00:59:01.714     

           -------------------------------------------------
          |                Calculation Setup                |
           -------------------------------------------------

          program call               : /home/atarzia/software/xtb-190806/bin/xtb /data/atarzia/projects/unsymm/screening/production/free_energy_calculations/fe_5a1_c/input_structure.xyz --gfn 2 --hess --parallel 6 --etemp 300 --gbsa dmso --chrg 4 --uhf 0 -I det_control.in
          coordinate file            : /data/atarzia/projects/unsymm/screening/production/free_energy_calculations/fe_5a1_c/input_structure.xyz
          omp threads                :                     6
          number of atoms            :                   178
          number of electrons        :                   536
          charge                     :                     4
          spin                       :                   0.0
          first test random number   :      0.54906204280922


########################################################################
# WARNING! Please study the warnings concerning your input carefully
#  - XTBHOME is not set, using HOME instead
#  - XTBPATH is not set, using XTBHOME instead
#  - Process number higher than OMP_NUM_THREADS, I hope you know what you are doing.
########################################################################

           ------------------------------------------------- 
          |                 G F N 2 - x T B                 |
          | Geometry, Frequencies, Noncovalent interactions |
          |            JCTC 2019 parametrisation            |
           ------------------------------------------------- 
             k(s)              :                1.8500
             k(p)              :                2.2300
             k(d)              :                2.2300
             k(f)              :                2.0000
             kEN (H0ij)        :               -2.0000
             D4 a1             :                0.5200
             D4 a2             :                5.0000
             D4 s6             :                1.0000
             D4 s8             :                2.7000
             D4 s9             :                5.0000
             alphaj            :                2.0000

  Z AO/shell   Hii/eV     exponent
  1     Wed Apr 25 08:07:45 CEST 2018   EN: 2.200 GM2: 0.406  GM3: 0.0800  RAES: 1.40
     1s    -10.707211    1.230000
  6     Wed Apr 25 08:07:45 CEST 2018   EN: 2.550 GM2: 0.538  GM3: 0.1500  RAES: 3.00
     2s    -13.970922    2.096432
     2p    -10.063292    1.800000
  7     Wed Apr 25 08:07:45 CEST 2018   EN: 3.040 GM2: 0.461  GM3:-0.0640  RAES: 1.90
     2s    -16.686243    2.339881
     2p    -12.523956    2.014332
 46     Wed Apr 25 16:26:58 CEST 2018   EN: 2.200 GM2: 0.273  GM3: 0.0800  RAES: 5.00
     4d    -11.963518    2.353691
     5s     -9.714059    1.828354
     5p     -2.035281    1.333352

 Solvent             : dmso
 Using internal parameter file: .param_gbsa2_dmso
 Gsolv ref. state (COSMO-RS): gsolv [1 M gas/solution]
 temperature (mdtemp)       :    298.150000000000     
 dielectric constant        :    46.6800000000000     
 rho                        :    1.10000000000000     
 mass                       :    78.1300000000000     
 surface tension            :    15.5689454083859     
 probe radius               :   0.949087640000000     
 vdW radii scaling          :    1.00000000000000     
 Gshift (Eh)                :   5.161738145414381E-003
 c1                         :    1.63948621000000     
 soset                      :   1.179665000000000E-002
 HB correction              :  T
           ------------------------------------------------- 
          |        Self-Consistent Charge Iterations        |
           ------------------------------------------------- 

          ...................................................
          :                      SETUP                      :
          :.................................................:
          :  # basis functions                 532          :
          :  # atomic orbitals                 530          :
          :  # shells                          294          :
          :  # electrons                       536          :
          :  max. iterations                   250          :
          :  Hamiltonian                  GFN2-xTB          :
          :  restarted?                      false          :
          :  GBSA solvation                   true          :
          :  PC potential                    false          :
          :  electronic temp.          300.0000000     K    :
          :  accuracy                    1.0000000          :
          :  -> integral cutoff          0.2500000E+02      :
          :  -> integral neglect         0.1000000E-07      :
          :  -> SCF convergence          0.1000000E-05 Eh   :
          :  -> wf. convergence          0.1000000E-03 e    :
          :  Broyden damping             0.4000000          :
          ...................................................

 iter      E             dE          RMSdq      gap      omega  full diag
   1   -291.2098023 -0.291210E+03  0.569E+00    2.22       0.0  T
   2   -291.6885641 -0.478762E+00  0.377E+00    1.63       1.0  T
   3   -291.4508705  0.237694E+00  0.203E+00    1.97       1.0  T
   4   -291.8943239 -0.443453E+00  0.862E-01    1.94       1.0  T
   5   -291.9672886 -0.729647E-01  0.373E-01    1.85       1.0  T
   6   -291.9807631 -0.134745E-01  0.181E-01    1.91       1.0  T
   7   -291.9827284 -0.196530E-02  0.951E-02    1.91       1.0  T
   8   -291.9830987 -0.370249E-03  0.393E-02    1.91       1.0  T
   9   -291.9832272 -0.128485E-03  0.174E-02    1.91       1.0  T
  10   -291.9832432 -0.160214E-04  0.775E-03    1.91       1.0  T
  11   -291.9832450 -0.185079E-05  0.451E-03    1.91       1.7  T
  12   -291.9832457 -0.702429E-06  0.171E-03    1.91       4.4  T
  13   -291.9832459 -0.198148E-06  0.858E-04    1.91       8.7  T
  14   -291.9832460 -0.271290E-07  0.431E-04    1.91      17.4  T

   *** convergence criteria satisfied after 14 iterations ***

         #    Occupation            Energy/Eh            Energy/eV
      -------------------------------------------------------------
         1        2.0000           -0.7274693             -19.7954
       ...           ...                  ...                  ...
       262        2.0000           -0.4024069             -10.9500
       263        2.0000           -0.4023463             -10.9484
       264        2.0000           -0.4023140             -10.9475
       265        2.0000           -0.3887105             -10.5774
       266        2.0000           -0.3886813             -10.5766
       267        2.0000           -0.3886507             -10.5757
       268        2.0000           -0.3885869             -10.5740 (HOMO)
       269                         -0.3182548              -8.6602 (LUMO)
       270                         -0.3182314              -8.6595
       271                         -0.3178206              -8.6483
       272                         -0.3177762              -8.6471
       273                         -0.3051924              -8.3047
       ...                                ...                  ...
       530                          1.4064089              38.2703
      -------------------------------------------------------------
                  HL-Gap            0.0703320 Eh            1.9138 eV
             Fermi-level           -0.3534209 Eh           -9.6171 eV

 SCC (total)                   0 d,  0 h,  0 min,  2.623 sec
 SCC setup                      ...        0 min,  0.150 sec (  5.722%)
 Dispersion                     ...        0 min,  0.052 sec (  1.972%)
 integral evaluation            ...        0 min,  0.360 sec ( 13.708%)
 zeroth order Hamiltonian       ...        0 min,  0.004 sec (  0.171%)
 iterations                     ...        0 min,  1.696 sec ( 64.650%)
 molecular gradient             ...        0 min,  0.344 sec ( 13.129%)
 printout                       ...        0 min,  0.017 sec (  0.644%)

         :::::::::::::::::::::::::::::::::::::::::::::::::::::
         ::                     SUMMARY                     ::
         :::::::::::::::::::::::::::::::::::::::::::::::::::::
         :: total energy            -286.663792093891 Eh    ::
         :: total w/o Gsasa/hb      -286.537104845176 Eh    ::
         :: gradient norm              0.000738801375 Eh/a0 ::
         :: HOMO-LUMO gap              1.913831776040 eV    ::
         ::.................................................::
         :: SCC energy              -292.096526202753 Eh    ::
         :: -> isotropic ES            0.621229658791 Eh    ::
         :: -> anisotropic ES         -0.088203651028 Eh    ::
         :: -> anisotropic XC          0.191836152202 Eh    ::
         :: -> dispersion             -0.262992146387 Eh    ::
         :: -> Gsolv                  -0.661217230963 Eh    ::
         ::    -> Gborn               -0.534529982248 Eh    ::
         ::    -> Gsasa               -0.118441979194 Eh    ::
         ::    -> Ghb                 -0.013407007666 Eh    ::
         ::    -> Gshift               0.005161738145 Eh    ::
         :: repulsion energy           5.429304907286 Eh    ::
         :: add. restraining           0.000000000000 Eh    ::
         :::::::::::::::::::::::::::::::::::::::::::::::::::::

           ------------------------------------------------- 
          |                Numerical Hessian                |
           ------------------------------------------------- 
step length          :   0.00500
SCC accuracy         :   0.30000
Hessian scale factor :   1.00000
frozen atoms in %    :   0.00000    0
RMS gradient         :   0.00074
estimated CPU  time    124.98 min
estimated wall time     30.87 min

writing file <hessian>.

 projected vibrational frequencies (cm-1)
eigval :       -0.00    -0.00    -0.00     0.00     0.00     0.00
eigval :        6.56     7.34     8.29     8.82    14.78    15.75
eigval :       16.21    19.01    21.42    25.13    26.70    27.07
eigval :       30.66    34.47    37.45    39.22    42.31    49.49
eigval :       50.06    50.18    52.66    55.15    57.90    60.77
eigval :       62.15    63.64    67.77    68.05    68.95    74.23
eigval :       83.64    85.38    88.32    91.39    98.69   100.64
eigval :      105.91   106.93   110.88   113.49   126.92   129.60
eigval :      131.16   132.32   137.56   141.64   143.29   147.61
eigval :      152.69   154.75   155.68   156.07   161.45   162.33
eigval :      163.90   166.37   176.77   180.30   190.10   193.90
eigval :      194.06   196.13   197.02   197.28   202.31   203.01
eigval :      207.32   207.66   218.95   220.52   237.21   242.83
eigval :      254.24   254.33   255.10   255.24   267.55   270.76
eigval :      275.69   276.27   287.31   287.43   288.70   289.09
eigval :      294.92   299.46   300.99   302.11   315.28   316.06
eigval :      317.72   319.52   339.40   342.09   342.33   343.31
eigval :      343.63   344.06   345.25   347.54   372.86   373.17
eigval :      374.63   375.16   389.79   390.53   394.37   394.63
eigval :      394.73   395.21   403.71   403.96   426.62   426.86
eigval :      427.11   427.32   442.19   442.53   442.63   442.76
eigval :      447.08   448.15   453.09   454.11   454.20   455.13
eigval :      455.23   456.02   473.22   473.71   474.00   474.96
eigval :      484.91   486.36   486.63   488.18   507.69   508.00
eigval :      510.63   511.96   519.28   519.39   521.17   521.56
eigval :      538.67   540.41   540.57   541.38   551.36   551.90
eigval :      552.23   552.31   561.69   562.54   564.33   564.54
eigval :      579.02   581.22   581.93   582.19   597.74   597.97
eigval :      598.11   598.16   609.90   613.34   616.17   616.85
eigval :      616.93   618.92   620.51   620.88   629.10   629.39
eigval :      631.36   631.60   642.43   643.55   643.65   643.70
eigval :      676.43   676.69   680.40   680.60   710.94   712.04
eigval :      712.33   713.26   721.21   721.33   721.41   721.48
eigval :      724.89   724.97   725.84   725.87   767.75   768.92
eigval :      770.02   770.21   771.95   774.28   775.83   777.05
eigval :      777.23   778.96   780.87   782.11   795.94   795.97
eigval :      797.99   798.12   798.24   798.53   799.28   799.44
eigval :      803.65   803.84   804.29   804.47   814.25   814.51
eigval :      829.48   829.67   845.39   845.86   847.06   847.21
eigval :      848.85   849.01   852.04   852.17   853.70   853.88
eigval :      859.02   859.49   860.51   860.53   864.34   865.09
eigval :      868.12   868.28   870.51   870.94   876.76   878.84
eigval :      879.60   879.72   890.03   890.30   894.74   895.08
eigval :      895.16   895.31   895.70   896.07   897.02   897.29
eigval :      899.36   899.49   916.17   916.80   916.91   917.28
eigval :      922.39   922.57   922.71   922.74   928.11   928.41
eigval :      928.52   928.53   933.62   934.09   934.30   934.52
eigval :      936.85   936.98   937.01   937.13   952.19   953.53
eigval :      953.89   954.12   996.21   997.17  1000.52  1000.62
eigval :     1044.64  1044.65  1045.32  1045.85  1076.29  1076.42
eigval :     1076.54  1076.56  1076.92  1077.11  1078.32  1078.46
eigval :     1093.85  1093.96  1096.16  1096.26  1109.46  1109.50
eigval :     1110.11  1110.15  1123.72  1123.85  1126.98  1127.04
eigval :     1143.98  1144.10  1146.28  1146.66  1150.78  1151.43
eigval :     1154.35  1155.74  1162.00  1162.57  1165.49  1166.53
eigval :     1169.44  1169.77  1172.94  1173.33  1180.33  1180.38
eigval :     1181.58  1181.65  1185.33  1185.51  1188.05  1188.15
eigval :     1202.23  1203.14  1203.70  1204.37  1215.94  1216.55
eigval :     1218.78  1219.09  1219.17  1219.37  1220.33  1220.80
eigval :     1225.00  1225.22  1226.33  1226.88  1237.02  1237.15
eigval :     1244.03  1244.12  1256.80  1256.84  1257.41  1257.58
eigval :     1267.51  1267.63  1267.68  1267.89  1286.15  1286.37
eigval :     1287.42  1287.85  1295.07  1295.33  1295.47  1296.50
eigval :     1303.48  1303.59  1303.80  1304.62  1317.87  1318.08
eigval :     1318.28  1318.46  1341.81  1341.85  1343.02  1343.06
eigval :     1367.61  1367.91  1368.06  1368.55  1373.11  1373.85
eigval :     1374.32  1374.70  1383.57  1384.22  1384.84  1385.46
eigval :     1396.33  1396.65  1396.70  1396.81  1398.89  1399.00
eigval :     1400.16  1400.21  1414.16  1414.25  1414.53  1414.67
eigval :     1422.90  1423.15  1423.43  1423.61  1446.13  1446.31
eigval :     1446.66  1446.84  1451.50  1451.56  1451.98  1452.16
eigval :     1468.14  1468.18  1468.19  1468.31  1494.26  1494.36
eigval :     1494.41  1494.43  1534.31  1534.40  1534.93  1535.02
eigval :     1537.53  1538.10  1538.27  1538.71  1546.38  1546.41
eigval :     1546.54  1546.60  1549.50  1549.80  1550.32  1550.40
eigval :     1556.15  1556.36  1556.66  1556.69  1566.30  1566.37
eigval :     1566.49  1566.57  1589.40  1589.52  1589.53  1589.56
eigval :     1595.74  1595.77  1595.94  1595.96  2302.45  2302.66
eigval :     2302.79  2303.13  2978.98  2979.11  2983.05  2983.23
eigval :     2983.74  2983.86  2985.87  2986.11  2986.81  2986.99
eigval :     2988.27  2988.59  2990.02  2990.21  2993.39  2993.59
eigval :     3074.21  3074.36  3074.43  3075.15  3080.07  3080.32
eigval :     3080.38  3080.66  3091.45  3091.55  3091.86  3092.46
eigval :     3093.28  3093.53  3093.68  3093.95  3097.70  3097.82
eigval :     3098.16  3098.25  3098.82  3098.96  3099.15  3099.21
eigval :     3100.57  3100.84  3101.06  3101.23  3101.92  3102.25
eigval :     3102.30  3102.41  3107.15  3107.41  3107.49  3107.59
eigval :     3109.75  3110.33  3110.47  3110.63  3114.65  3114.78
eigval :     3115.57  3115.72  3118.06  3118.27  3118.60  3118.86
           -------------------------------------------------
          |                Property Printout                |
           -------------------------------------------------

    * Orbital Energies and Occupations

         #    Occupation            Energy/Eh            Energy/eV
      -------------------------------------------------------------
         1        2.0000           -0.7274693             -19.7954
       ...           ...                  ...                  ...
       256        2.0000           -0.4195594             -11.4168
       257        2.0000           -0.4193337             -11.4106
       258        2.0000           -0.4191763             -11.4064
       259        2.0000           -0.4186983             -11.3934
       260        2.0000           -0.4177189             -11.3667
       261        2.0000           -0.4025730             -10.9546
       262        2.0000           -0.4024063             -10.9500
       263        2.0000           -0.4023456             -10.9484
       264        2.0000           -0.4023134             -10.9475
       265        2.0000           -0.3887099             -10.5773
       266        2.0000           -0.3886807             -10.5765
       267        2.0000           -0.3886502             -10.5757
       268        2.0000           -0.3885863             -10.5740 (HOMO)
       269                         -0.3182533              -8.6601 (LUMO)
       270                         -0.3182299              -8.6595
       271                         -0.3178189              -8.6483
       272                         -0.3177746              -8.6471
       273                         -0.3051913              -8.3047
       274                         -0.3048980              -8.2967
       275                         -0.3027172              -8.2374
       276                         -0.3021117              -8.2209
       277                         -0.2943571              -8.0099
       278                         -0.2939143              -7.9978
       279                         -0.2929375              -7.9712
       ...                                ...                  ...
       530                          1.4064074              38.2703
      -------------------------------------------------------------
                  HL-Gap            0.0703330 Eh            1.9139 eV
             Fermi-level           -0.3534198 Eh           -9.6170 eV

     #   Z        covCN         q      C6AA      α(0)
     1  46 Pd     3.522    -0.080   274.188    34.149
     2  46 Pd     3.522    -0.080   274.188    34.149
     3   6 C      1.983    -0.022    31.639     9.084
     4   6 C      1.981    -0.034    31.968     9.131
     5   6 C      2.965     0.044    27.006     8.524
     6   6 C      2.924    -0.018    28.465     8.749
     7   6 C      2.914    -0.019    28.477     8.751
     8   6 C      2.914    -0.032    28.790     8.799
     9   6 C      2.982     0.003    27.956     8.673
    10   6 C      2.902     0.062    26.619     8.460
    11   7 N      2.667    -0.112    23.456     7.193
    12   6 C      2.903     0.040    27.094     8.535
    13   6 C      2.911    -0.028    28.703     8.785
    14   6 C      2.996     0.016    27.647     8.625
    15   1 H      0.926     0.058     2.222     2.331
    16   1 H      0.926     0.057     2.231     2.335
    17   1 H      0.926     0.071     2.070     2.250
    18   1 H      0.925     0.118     1.632     1.998
    19   1 H      0.925     0.139     1.465     1.893
    20   1 H      0.926     0.105     1.738     2.061
    21   6 C      2.968     0.039    27.125     8.543
    22   6 C      2.922    -0.027    28.676     8.782
    23   6 C      2.916    -0.031    28.767     8.795
    24   6 C      2.986     0.015    27.677     8.630
    25   6 C      2.916    -0.030    28.757     8.794
    26   6 C      2.919    -0.032    28.788     8.799
    27   6 C      2.971    -0.002    28.061     8.689
    28   6 C      2.923    -0.044    29.093     8.845
    29   6 C      2.984     0.008    27.831     8.654
    30   6 C      2.928    -0.039    28.979     8.828
    31   1 H      0.926     0.039     2.464     2.454
    32   1 H      0.926     0.033     2.548     2.496
    33   1 H      0.926     0.038     2.480     2.463
    34   1 H      0.926     0.047     2.360     2.402
    35   1 H      0.926     0.078     1.999     2.211
    36   1 H      0.926     0.077     2.010     2.217
    37   6 C      2.970     0.012    27.747     8.640
    38   6 C      2.930    -0.005    28.139     8.699
    39   6 C      2.911    -0.029    28.726     8.789
    40   6 C      2.911     0.054    26.789     8.487
    41   7 N      2.669    -0.087    22.935     7.113
    42   6 C      2.910     0.045    26.991     8.519
    43   1 H      0.926     0.081     1.965     2.192
    44   1 H      0.926     0.094     1.841     2.122
    45   1 H      0.925     0.126     1.565     1.956
    46   1 H      0.925     0.131     1.526     1.932
    47   6 C      1.983    -0.022    31.639     9.084
    48   6 C      1.981    -0.034    31.969     9.131
    49   6 C      2.965     0.044    27.006     8.524
    50   6 C      2.924    -0.018    28.465     8.749
    51   6 C      2.914    -0.019    28.477     8.751
    52   6 C      2.915    -0.032    28.790     8.799
    53   6 C      2.982     0.003    27.956     8.673
    54   6 C      2.902     0.062    26.619     8.460
    55   7 N      2.667    -0.112    23.451     7.192
    56   6 C      2.903     0.040    27.097     8.535
    57   6 C      2.911    -0.028    28.704     8.785
    58   6 C      2.996     0.016    27.648     8.625
    59   1 H      0.926     0.058     2.222     2.331
    60   1 H      0.926     0.057     2.231     2.336
    61   1 H      0.926     0.071     2.070     2.250
    62   1 H      0.925     0.118     1.633     1.998
    63   1 H      0.925     0.140     1.464     1.892
    64   1 H      0.926     0.105     1.737     2.061
    65   6 C      2.968     0.039    27.125     8.543
    66   6 C      2.922    -0.027    28.675     8.781
    67   6 C      2.916    -0.031    28.766     8.795
    68   6 C      2.986     0.015    27.678     8.630
    69   6 C      2.916    -0.030    28.757     8.794
    70   6 C      2.919    -0.032    28.788     8.799
    71   6 C      2.971    -0.002    28.061     8.689
    72   6 C      2.924    -0.044    29.092     8.845
    73   6 C      2.984     0.008    27.831     8.654
    74   6 C      2.928    -0.039    28.980     8.828
    75   1 H      0.926     0.039     2.463     2.454
    76   1 H      0.926     0.033     2.548     2.496
    77   1 H      0.926     0.038     2.479     2.462
    78   1 H      0.926     0.047     2.360     2.402
    79   1 H      0.926     0.078     2.000     2.212
    80   1 H      0.926     0.077     2.011     2.217
    81   6 C      2.970     0.012    27.747     8.640
    82   6 C      2.930    -0.005    28.139     8.699
    83   6 C      2.911    -0.029    28.726     8.789
    84   6 C      2.912     0.054    26.791     8.487
    85   7 N      2.669    -0.087    22.932     7.112
    86   6 C      2.910     0.045    26.992     8.519
    87   1 H      0.926     0.081     1.966     2.193
    88   1 H      0.926     0.094     1.841     2.122
    89   1 H      0.925     0.126     1.563     1.955
    90   1 H      0.925     0.131     1.526     1.932
    91   6 C      1.983    -0.022    31.639     9.084
    92   6 C      1.981    -0.034    31.969     9.131
    93   6 C      2.965     0.044    27.006     8.524
    94   6 C      2.924    -0.018    28.465     8.749
    95   6 C      2.914    -0.019    28.477     8.751
    96   6 C      2.915    -0.032    28.790     8.799
    97   6 C      2.982     0.003    27.956     8.673
    98   6 C      2.902     0.062    26.619     8.460
    99   7 N      2.667    -0.112    23.451     7.192
   100   6 C      2.903     0.040    27.097     8.535
   101   6 C      2.911    -0.028    28.704     8.785
   102   6 C      2.996     0.016    27.648     8.625
   103   1 H      0.926     0.058     2.222     2.331
   104   1 H      0.926     0.057     2.231     2.336
   105   1 H      0.926     0.071     2.071     2.250
   106   1 H      0.925     0.118     1.633     1.998
   107   1 H      0.925     0.140     1.464     1.892
   108   1 H      0.926     0.105     1.737     2.061
   109   6 C      2.968     0.039    27.125     8.543
   110   6 C      2.922    -0.027    28.676     8.782
   111   6 C      2.916    -0.031    28.766     8.795
   112   6 C      2.986     0.015    27.677     8.630
   113   6 C      2.916    -0.030    28.758     8.794
   114   6 C      2.919    -0.032    28.788     8.799
   115   6 C      2.971    -0.002    28.061     8.689
   116   6 C      2.924    -0.044    29.093     8.845
   117   6 C      2.984     0.008    27.831     8.654
   118   6 C      2.928    -0.039    28.980     8.828
   119   1 H      0.926     0.039     2.463     2.454
   120   1 H      0.926     0.033     2.548     2.496
   121   1 H      0.926     0.038     2.479     2.462
   122   1 H      0.926     0.047     2.360     2.402
   123   1 H      0.926     0.078     2.000     2.212
   124   1 H      0.926     0.077     2.011     2.217
   125   6 C      2.970     0.012    27.746     8.640
   126   6 C      2.930    -0.005    28.139     8.699
   127   6 C      2.911    -0.029    28.726     8.789
   128   6 C      2.912     0.054    26.790     8.487
   129   7 N      2.669    -0.086    22.932     7.112
   130   6 C      2.910     0.045    26.992     8.519
   131   1 H      0.926     0.081     1.966     2.193
   132   1 H      0.926     0.094     1.841     2.122
   133   1 H      0.925     0.126     1.563     1.955
   134   1 H      0.925     0.131     1.526     1.932
   135   6 C      1.983    -0.022    31.639     9.084
   136   6 C      1.981    -0.034    31.969     9.131
   137   6 C      2.965     0.044    27.006     8.524
   138   6 C      2.924    -0.018    28.465     8.749
   139   6 C      2.914    -0.019    28.477     8.751
   140   6 C      2.915    -0.032    28.790     8.799
   141   6 C      2.981     0.003    27.956     8.673
   142   6 C      2.902     0.062    26.619     8.460
   143   7 N      2.667    -0.112    23.454     7.193
   144   6 C      2.903     0.040    27.094     8.535
   145   6 C      2.911    -0.028    28.703     8.785
   146   6 C      2.996     0.016    27.647     8.625
   147   1 H      0.926     0.058     2.222     2.331
   148   1 H      0.926     0.057     2.230     2.335
   149   1 H      0.926     0.071     2.070     2.250
   150   1 H      0.925     0.118     1.632     1.998
   151   1 H      0.925     0.139     1.465     1.893
   152   1 H      0.926     0.105     1.737     2.061
   153   6 C      2.968     0.039    27.125     8.543
   154   6 C      2.922    -0.027    28.675     8.781
   155   6 C      2.916    -0.031    28.766     8.795
   156   6 C      2.986     0.015    27.678     8.630
   157   6 C      2.916    -0.030    28.757     8.794
   158   6 C      2.919    -0.032    28.788     8.799
   159   6 C      2.971    -0.002    28.061     8.689
   160   6 C      2.923    -0.044    29.093     8.845
   161   6 C      2.984     0.008    27.831     8.654
   162   6 C      2.928    -0.039    28.980     8.828
   163   1 H      0.926     0.039     2.464     2.455
   164   1 H      0.926     0.033     2.549     2.497
   165   1 H      0.926     0.038     2.480     2.463
   166   1 H      0.926     0.047     2.360     2.403
   167   1 H      0.926     0.078     1.999     2.211
   168   1 H      0.926     0.077     2.010     2.217
   169   6 C      2.970     0.012    27.746     8.640
   170   6 C      2.930    -0.005    28.139     8.699
   171   6 C      2.911    -0.029    28.726     8.789
   172   6 C      2.911     0.054    26.789     8.487
   173   7 N      2.669    -0.087    22.935     7.113
   174   6 C      2.910     0.045    26.991     8.519
   175   1 H      0.926     0.081     1.966     2.192
   176   1 H      0.926     0.094     1.841     2.122
   177   1 H      0.925     0.126     1.565     1.956
   178   1 H      0.925     0.131     1.526     1.932

 Mol. C6AA /au·bohr⁶  :     510677.291261
 Mol. C8AA /au·bohr⁸  :   14308049.712009
 Mol. α(0) /au        :       1173.207914


Wiberg/Mayer (AO) data.
largest (>0.10) Wiberg bond orders for each atom
          total WBO             WBO to atom ...
     1  Pd  3.518        N   99 0.595    N  143 0.595    N   85 0.592    N   41 0.592
     2  Pd  3.518        N   55 0.595    N   11 0.595    N  129 0.592    N  173 0.592
     3  C   3.945        C    4 2.638    C   21 1.134
     4  C   3.950        C    3 2.638    C    5 1.143
     5  C   3.987        C    6 1.436    C   14 1.216    C    4 1.143
     6  C   3.963        C    5 1.436    C    7 1.349    H   15 0.968
     7  C   3.987        C    8 1.532    C    6 1.349    H   16 0.968
     8  C   3.940        C    7 1.532    C    9 1.272    H   17 0.965
     9  C   3.987        C   10 1.293    C    8 1.272    C   14 1.233
    10  C   3.965        N   11 1.444    C    9 1.293    H   18 0.912    C   13 0.104
    11  N   3.530        C   10 1.444    C   12 1.237    Pd   2 0.595
    12  C   3.959        C   13 1.544    N   11 1.237    H   19 0.901
    13  C   3.980        C   12 1.544    C   14 1.294    H   20 0.955    C   10 0.104
    14  C   3.980        C   13 1.294    C    9 1.233    C    5 1.216
    15  H   0.996        C    6 0.968
    16  H   0.995        C    7 0.968
    17  H   0.994        C    8 0.965
    18  H   0.985        C   10 0.912
    19  H   0.979        C   12 0.901
    20  H   0.988        C   13 0.955
    21  C   3.988        C   30 1.455    C   22 1.244    C    3 1.134
    22  C   3.973        C   23 1.577    C   21 1.244    H   31 0.970
    23  C   3.990        C   22 1.577    C   24 1.272    H   32 0.967    C   30 0.105
    24  C   3.966        C   25 1.280    C   23 1.272    C   29 1.240
    25  C   3.989        C   26 1.565    C   24 1.280    H   33 0.967    C   28 0.108
    26  C   3.978        C   25 1.565    C   27 1.271    H   34 0.966
    27  C   3.985        C   28 1.486    C   26 1.271    C   37 1.059
    28  C   3.973        C   27 1.486    C   29 1.287    H   35 0.960    C   25 0.108
    29  C   3.989        C   30 1.292    C   28 1.287    C   24 1.240
    30  C   3.957        C   21 1.455    C   29 1.292    H   36 0.963    C   23 0.105
    31  H   0.998        C   22 0.970
    32  H   0.997        C   23 0.967
    33  H   0.997        C   25 0.967
    34  H   0.997        C   26 0.966
    35  H   0.993        C   28 0.960
    36  H   0.994        C   30 0.963
    37  C   3.983        C   42 1.380    C   38 1.368    C   27 1.059
    38  C   3.974        C   39 1.448    C   37 1.368    H   43 0.962
    39  C   3.981        C   38 1.448    C   40 1.428    H   44 0.961
    40  C   3.961        C   39 1.428    N   41 1.348    H   45 0.909
    41  N   3.538        C   42 1.361    C   40 1.348    Pd   1 0.592
    42  C   3.965        C   37 1.380    N   41 1.361    H   46 0.906
    43  H   0.992        C   38 0.962
    44  H   0.990        C   39 0.961
    45  H   0.983        C   40 0.909
    46  H   0.982        C   42 0.906
    47  C   3.945        C   48 2.638    C   65 1.134
    48  C   3.950        C   47 2.638    C   49 1.143
    49  C   3.987        C   50 1.436    C   58 1.216    C   48 1.143
    50  C   3.963        C   49 1.436    C   51 1.349    H   59 0.968
    51  C   3.987        C   52 1.532    C   50 1.349    H   60 0.968
    52  C   3.941        C   51 1.532    C   53 1.272    H   61 0.965
    53  C   3.987        C   54 1.293    C   52 1.272    C   58 1.233
    54  C   3.965        N   55 1.444    C   53 1.293    H   62 0.912    C   57 0.104
    55  N   3.531        C   54 1.444    C   56 1.237    Pd   2 0.595
    56  C   3.959        C   57 1.544    N   55 1.237    H   63 0.901
    57  C   3.980        C   56 1.544    C   58 1.294    H   64 0.955    C   54 0.104
    58  C   3.980        C   57 1.294    C   53 1.233    C   49 1.216
    59  H   0.996        C   50 0.968
    60  H   0.995        C   51 0.968
    61  H   0.994        C   52 0.965
    62  H   0.985        C   54 0.912
    63  H   0.979        C   56 0.901
    64  H   0.988        C   57 0.955
    65  C   3.988        C   74 1.455    C   66 1.245    C   47 1.134
    66  C   3.973        C   67 1.577    C   65 1.245    H   75 0.970
    67  C   3.990        C   66 1.577    C   68 1.272    H   76 0.967    C   74 0.105
    68  C   3.966        C   69 1.280    C   67 1.272    C   73 1.240
    69  C   3.989        C   70 1.565    C   68 1.280    H   77 0.967    C   72 0.108
    70  C   3.978        C   69 1.565    C   71 1.271    H   78 0.966
    71  C   3.985        C   72 1.486    C   70 1.271    C   81 1.059
    72  C   3.974        C   71 1.486    C   73 1.287    H   79 0.960    C   69 0.108
    73  C   3.989        C   74 1.292    C   72 1.287    C   68 1.240
    74  C   3.957        C   65 1.455    C   73 1.292    H   80 0.963    C   67 0.105
    75  H   0.998        C   66 0.970
    76  H   0.997        C   67 0.967
    77  H   0.997        C   69 0.967
    78  H   0.997        C   70 0.966
    79  H   0.993        C   72 0.960
    80  H   0.994        C   74 0.963
    81  C   3.983        C   86 1.380    C   82 1.368    C   71 1.059
    82  C   3.974        C   83 1.448    C   81 1.368    H   87 0.962
    83  C   3.981        C   82 1.448    C   84 1.428    H   88 0.961
    84  C   3.962        C   83 1.428    N   85 1.348    H   89 0.908
    85  N   3.538        C   86 1.361    C   84 1.348    Pd   1 0.592
    86  C   3.965        C   81 1.380    N   85 1.361    H   90 0.906
    87  H   0.992        C   82 0.962
    88  H   0.990        C   83 0.961
    89  H   0.983        C   84 0.908
    90  H   0.982        C   86 0.906
    91  C   3.945        C   92 2.638    C  109 1.134
    92  C   3.950        C   91 2.638    C   93 1.143
    93  C   3.987        C   94 1.436    C  102 1.216    C   92 1.143
    94  C   3.963        C   93 1.436    C   95 1.349    H  103 0.968
    95  C   3.987        C   96 1.532    C   94 1.349    H  104 0.968
    96  C   3.941        C   95 1.532    C   97 1.272    H  105 0.965
    97  C   3.987        C   98 1.293    C   96 1.272    C  102 1.233
    98  C   3.964        N   99 1.444    C   97 1.293    H  106 0.912    C  101 0.104
    99  N   3.530        C   98 1.444    C  100 1.237    Pd   1 0.595
   100  C   3.959        C  101 1.544    N   99 1.237    H  107 0.901
   101  C   3.980        C  100 1.544    C  102 1.294    H  108 0.955    C   98 0.104
   102  C   3.980        C  101 1.294    C   97 1.233    C   93 1.216
   103  H   0.996        C   94 0.968
   104  H   0.995        C   95 0.968
   105  H   0.994        C   96 0.965
   106  H   0.985        C   98 0.912
   107  H   0.979        C  100 0.901
   108  H   0.988        C  101 0.955
   109  C   3.988        C  118 1.455    C  110 1.244    C   91 1.134
   110  C   3.973        C  111 1.577    C  109 1.244    H  119 0.970
   111  C   3.990        C  110 1.577    C  112 1.272    H  120 0.967    C  118 0.105
   112  C   3.966        C  113 1.280    C  111 1.272    C  117 1.240
   113  C   3.989        C  114 1.565    C  112 1.280    H  121 0.967    C  116 0.108
   114  C   3.978        C  113 1.565    C  115 1.271    H  122 0.966
   115  C   3.985        C  116 1.486    C  114 1.271    C  125 1.059
   116  C   3.974        C  115 1.486    C  117 1.287    H  123 0.960    C  113 0.108
   117  C   3.989        C  118 1.292    C  116 1.287    C  112 1.240
   118  C   3.957        C  109 1.455    C  117 1.292    H  124 0.963    C  111 0.105
   119  H   0.998        C  110 0.970
   120  H   0.997        C  111 0.967
   121  H   0.997        C  113 0.967
   122  H   0.997        C  114 0.966
   123  H   0.993        C  116 0.960
   124  H   0.994        C  118 0.963
   125  C   3.983        C  130 1.380    C  126 1.368    C  115 1.059
   126  C   3.974        C  127 1.448    C  125 1.368    H  131 0.962
   127  C   3.981        C  126 1.448    C  128 1.428    H  132 0.961
   128  C   3.962        C  127 1.428    N  129 1.348    H  133 0.908
   129  N   3.538        C  130 1.361    C  128 1.348    Pd   2 0.592
   130  C   3.965        C  125 1.380    N  129 1.361    H  134 0.906
   131  H   0.992        C  126 0.962
   132  H   0.990        C  127 0.961
   133  H   0.983        C  128 0.908
   134  H   0.982        C  130 0.906
   135  C   3.945        C  136 2.638    C  153 1.134
   136  C   3.950        C  135 2.638    C  137 1.143
   137  C   3.987        C  138 1.436    C  146 1.216    C  136 1.143
   138  C   3.963        C  137 1.436    C  139 1.349    H  147 0.968
   139  C   3.987        C  140 1.532    C  138 1.349    H  148 0.968
   140  C   3.940        C  139 1.532    C  141 1.272    H  149 0.965
   141  C   3.987        C  142 1.293    C  140 1.272    C  146 1.233
   142  C   3.965        N  143 1.443    C  141 1.293    H  150 0.912    C  145 0.104
   143  N   3.530        C  142 1.443    C  144 1.237    Pd   1 0.595
   144  C   3.959        C  145 1.544    N  143 1.237    H  151 0.901
   145  C   3.980        C  144 1.544    C  146 1.294    H  152 0.955    C  142 0.104
   146  C   3.980        C  145 1.294    C  141 1.233    C  137 1.216
   147  H   0.996        C  138 0.968
   148  H   0.995        C  139 0.968
   149  H   0.994        C  140 0.965
   150  H   0.985        C  142 0.912
   151  H   0.979        C  144 0.901
   152  H   0.988        C  145 0.955
   153  C   3.988        C  162 1.455    C  154 1.244    C  135 1.134
   154  C   3.973        C  155 1.577    C  153 1.244    H  163 0.970
   155  C   3.990        C  154 1.577    C  156 1.272    H  164 0.967    C  162 0.105
   156  C   3.966        C  157 1.280    C  155 1.272    C  161 1.240
   157  C   3.989        C  158 1.565    C  156 1.280    H  165 0.967    C  160 0.108
   158  C   3.978        C  157 1.565    C  159 1.271    H  166 0.966
   159  C   3.985        C  160 1.486    C  158 1.271    C  169 1.059
   160  C   3.973        C  159 1.486    C  161 1.287    H  167 0.960    C  157 0.108
   161  C   3.989        C  162 1.292    C  160 1.287    C  156 1.240
   162  C   3.957        C  153 1.455    C  161 1.292    H  168 0.963    C  155 0.105
   163  H   0.998        C  154 0.970
   164  H   0.997        C  155 0.967
   165  H   0.997        C  157 0.967
   166  H   0.997        C  158 0.966
   167  H   0.993        C  160 0.960
   168  H   0.994        C  162 0.963
   169  C   3.983        C  174 1.380    C  170 1.368    C  159 1.059
   170  C   3.974        C  171 1.448    C  169 1.368    H  175 0.962
   171  C   3.981        C  170 1.448    C  172 1.428    H  176 0.961
   172  C   3.962        C  171 1.428    N  173 1.348    H  177 0.909
   173  N   3.538        C  174 1.361    C  172 1.348    Pd   2 0.592
   174  C   3.965        C  169 1.380    N  173 1.361    H  178 0.906
   175  H   0.992        C  170 0.962
   176  H   0.990        C  171 0.961
   177  H   0.983        C  172 0.909
   178  H   0.982        C  174 0.906

molecular dipole:
                 x           y           z       tot (Debye)
 q only:        3.682     -14.578       3.230
   full:        3.682     -14.578       3.231      39.089
molecular quadrupole (traceless):
                xx          xy          yy          xz          yz          zz
 q only:     -202.628     -73.950     409.131      22.396     -56.696    -206.503
  q+dip:     -217.808     -75.770     439.865      44.503     -56.719    -222.056
   full:     -204.172     -70.486     412.194      33.584     -52.835    -208.022

           -------------------------------------------------
          |               Frequency Printout                |
           -------------------------------------------------
 projected vibrational frequencies (cm-1)
eigval :       -0.00    -0.00    -0.00     0.00     0.00     0.00
eigval :        6.56     7.34     8.29     8.82    14.78    15.75
eigval :       16.21    19.01    21.42    25.13    26.70    27.07
eigval :       30.66    34.47    37.45    39.22    42.31    49.49
eigval :       50.06    50.18    52.66    55.15    57.90    60.77
eigval :       62.15    63.64    67.77    68.05    68.95    74.23
eigval :       83.64    85.38    88.32    91.39    98.69   100.64
eigval :      105.91   106.93   110.88   113.49   126.92   129.60
eigval :      131.16   132.32   137.56   141.64   143.29   147.61
eigval :      152.69   154.75   155.68   156.07   161.45   162.33
eigval :      163.90   166.37   176.77   180.30   190.10   193.90
eigval :      194.06   196.13   197.02   197.28   202.31   203.01
eigval :      207.32   207.66   218.95   220.52   237.21   242.83
eigval :      254.24   254.33   255.10   255.24   267.55   270.76
eigval :      275.69   276.27   287.31   287.43   288.70   289.09
eigval :      294.92   299.46   300.99   302.11   315.28   316.06
eigval :      317.72   319.52   339.40   342.09   342.33   343.31
eigval :      343.63   344.06   345.25   347.54   372.86   373.17
eigval :      374.63   375.16   389.79   390.53   394.37   394.63
eigval :      394.73   395.21   403.71   403.96   426.62   426.86
eigval :      427.11   427.32   442.19   442.53   442.63   442.76
eigval :      447.08   448.15   453.09   454.11   454.20   455.13
eigval :      455.23   456.02   473.22   473.71   474.00   474.96
eigval :      484.91   486.36   486.63   488.18   507.69   508.00
eigval :      510.63   511.96   519.28   519.39   521.17   521.56
eigval :      538.67   540.41   540.57   541.38   551.36   551.90
eigval :      552.23   552.31   561.69   562.54   564.33   564.54
eigval :      579.02   581.22   581.93   582.19   597.74   597.97
eigval :      598.11   598.16   609.90   613.34   616.17   616.85
eigval :      616.93   618.92   620.51   620.88   629.10   629.39
eigval :      631.36   631.60   642.43   643.55   643.65   643.70
eigval :      676.43   676.69   680.40   680.60   710.94   712.04
eigval :      712.33   713.26   721.21   721.33   721.41   721.48
eigval :      724.89   724.97   725.84   725.87   767.75   768.92
eigval :      770.02   770.21   771.95   774.28   775.83   777.05
eigval :      777.23   778.96   780.87   782.11   795.94   795.97
eigval :      797.99   798.12   798.24   798.53   799.28   799.44
eigval :      803.65   803.84   804.29   804.47   814.25   814.51
eigval :      829.48   829.67   845.39   845.86   847.06   847.21
eigval :      848.85   849.01   852.04   852.17   853.70   853.88
eigval :      859.02   859.49   860.51   860.53   864.34   865.09
eigval :      868.12   868.28   870.51   870.94   876.76   878.84
eigval :      879.60   879.72   890.03   890.30   894.74   895.08
eigval :      895.16   895.31   895.70   896.07   897.02   897.29
eigval :      899.36   899.49   916.17   916.80   916.91   917.28
eigval :      922.39   922.57   922.71   922.74   928.11   928.41
eigval :      928.52   928.53   933.62   934.09   934.30   934.52
eigval :      936.85   936.98   937.01   937.13   952.19   953.53
eigval :      953.89   954.12   996.21   997.17  1000.52  1000.62
eigval :     1044.64  1044.65  1045.32  1045.85  1076.29  1076.42
eigval :     1076.54  1076.56  1076.92  1077.11  1078.32  1078.46
eigval :     1093.85  1093.96  1096.16  1096.26  1109.46  1109.50
eigval :     1110.11  1110.15  1123.72  1123.85  1126.98  1127.04
eigval :     1143.98  1144.10  1146.28  1146.66  1150.78  1151.43
eigval :     1154.35  1155.74  1162.00  1162.57  1165.49  1166.53
eigval :     1169.44  1169.77  1172.94  1173.33  1180.33  1180.38
eigval :     1181.58  1181.65  1185.33  1185.51  1188.05  1188.15
eigval :     1202.23  1203.14  1203.70  1204.37  1215.94  1216.55
eigval :     1218.78  1219.09  1219.17  1219.37  1220.33  1220.80
eigval :     1225.00  1225.22  1226.33  1226.88  1237.02  1237.15
eigval :     1244.03  1244.12  1256.80  1256.84  1257.41  1257.58
eigval :     1267.51  1267.63  1267.68  1267.89  1286.15  1286.37
eigval :     1287.42  1287.85  1295.07  1295.33  1295.47  1296.50
eigval :     1303.48  1303.59  1303.80  1304.62  1317.87  1318.08
eigval :     1318.28  1318.46  1341.81  1341.85  1343.02  1343.06
eigval :     1367.61  1367.91  1368.06  1368.55  1373.11  1373.85
eigval :     1374.32  1374.70  1383.57  1384.22  1384.84  1385.46
eigval :     1396.33  1396.65  1396.70  1396.81  1398.89  1399.00
eigval :     1400.16  1400.21  1414.16  1414.25  1414.53  1414.67
eigval :     1422.90  1423.15  1423.43  1423.61  1446.13  1446.31
eigval :     1446.66  1446.84  1451.50  1451.56  1451.98  1452.16
eigval :     1468.14  1468.18  1468.19  1468.31  1494.26  1494.36
eigval :     1494.41  1494.43  1534.31  1534.40  1534.93  1535.02
eigval :     1537.53  1538.10  1538.27  1538.71  1546.38  1546.41
eigval :     1546.54  1546.60  1549.50  1549.80  1550.32  1550.40
eigval :     1556.15  1556.36  1556.66  1556.69  1566.30  1566.37
eigval :     1566.49  1566.57  1589.40  1589.52  1589.53  1589.56
eigval :     1595.74  1595.77  1595.94  1595.96  2302.45  2302.66
eigval :     2302.79  2303.13  2978.98  2979.11  2983.05  2983.23
eigval :     2983.74  2983.86  2985.87  2986.11  2986.81  2986.99
eigval :     2988.27  2988.59  2990.02  2990.21  2993.39  2993.59
eigval :     3074.21  3074.36  3074.43  3075.15  3080.07  3080.32
eigval :     3080.38  3080.66  3091.45  3091.55  3091.86  3092.46
eigval :     3093.28  3093.53  3093.68  3093.95  3097.70  3097.82
eigval :     3098.16  3098.25  3098.82  3098.96  3099.15  3099.21
eigval :     3100.57  3100.84  3101.06  3101.23  3101.92  3102.25
eigval :     3102.30  3102.41  3107.15  3107.41  3107.49  3107.59
eigval :     3109.75  3110.33  3110.47  3110.63  3114.65  3114.78
eigval :     3115.57  3115.72  3118.06  3118.27  3118.60  3118.86
 reduced masses (amu)
   1: 18.69   2: 21.14   3: 22.91   4: 18.69   5: 23.77   6: 23.42   7: 11.31   8: 11.63
   9: 17.73  10: 16.11  11: 11.65  12: 18.53  13: 11.31  14: 23.19  15: 21.86  16: 11.86
  17: 11.90  18: 26.31  19: 11.20  20: 12.25  21: 10.80  22: 13.11  23: 10.61  24: 12.18
  25: 12.82  26: 11.92  27: 27.77  28: 11.72  29: 11.35  30: 10.83  31: 20.27  32: 11.40
  33: 12.67  34: 11.30  35: 13.33  36: 18.95  37: 10.85  38: 11.21  39: 11.88  40: 10.70
  41: 11.20  42: 12.20  43: 12.21  44: 14.18  45: 11.57  46: 14.65  47: 12.22  48: 13.33
  49: 12.04  50: 11.26  51: 12.59  52: 14.39  53: 11.96  54: 10.58  55: 12.04  56: 14.44
  57: 13.75  58: 10.87  59: 25.55  60: 13.81  61: 12.98  62: 23.95  63: 17.64  64: 17.56
  65: 13.62  66: 16.02  67: 12.00  68: 10.96  69: 10.95  70: 11.93  71: 11.34  72: 10.74
  73: 15.12  74: 15.97  75: 35.31  76: 37.58  77: 31.65  78: 32.71  79: 11.89  80: 11.44
  81: 19.64  82: 17.84  83: 32.99  84: 32.30  85: 39.00  86: 40.22  87: 16.19  88: 16.94
  89: 14.07  90: 18.82  91: 16.61  92: 19.96  93: 15.69  94: 17.17  95: 12.95  96: 16.17
  97: 12.04  98: 13.24  99: 13.20 100: 11.52 101: 14.82 102: 10.37 103: 10.65 104: 10.23
 105: 11.49 106: 16.46 107: 10.28 108: 10.04 109: 10.41 110: 10.23 111: 10.64 112: 10.32
 113: 10.69 114:  9.79 115: 10.32 116:  9.54 117: 12.51 118: 12.79 119: 10.76 120: 10.77
 121: 10.94 122: 11.00 123:  8.81 124:  8.74 125:  8.72 126:  8.73 127: 11.06 128: 10.98
 129: 10.84 130: 10.69 131: 11.31 132: 11.52 133: 11.43 134: 11.28 135: 11.15 136: 11.25
 137: 11.47 138: 11.58 139: 11.54 140: 12.05 141: 11.86 142: 12.31 143: 11.08 144: 11.32
 145: 11.17 146: 11.53 147: 11.64 148: 11.60 149: 11.95 150: 12.00 151: 11.01 152: 10.95
 153: 11.16 154: 11.08 155: 11.50 156: 11.59 157: 11.47 158: 11.48 159: 11.79 160: 11.94
 161: 11.97 162: 11.99 163: 11.05 164: 11.07 165: 11.25 166: 11.15 167: 11.43 168: 11.45
 169: 11.44 170: 11.44 171: 10.53 172: 10.61 173: 10.86 174: 11.27 175: 10.82 176: 11.42
 177: 10.92 178: 10.81 179: 10.95 180: 10.90 181: 11.26 182: 11.35 183: 11.33 184: 11.49
 185: 11.36 186: 11.48 187:  8.73 188:  8.70 189:  9.08 190:  9.06 191: 11.52 192: 11.51
 193: 11.50 194: 11.50 195: 11.27 196: 11.27 197: 11.28 198: 11.29 199: 10.66 200: 10.67
 201: 10.77 202: 10.75 203:  9.87 204: 10.13 205: 11.17 206: 10.75 207:  5.66 208:  6.25
 209:  4.44 210:  4.35 211:  4.96 212:  4.69 213:  4.30 214:  4.35 215: 10.55 216: 10.56
 217:  6.36 218: 10.20 219: 10.61 220:  6.56 221:  6.99 222:  6.94 223: 10.03 224:  9.90
 225:  9.54 226:  9.28 227:  3.78 228:  3.78 229:  3.84 230:  3.85 231:  4.56 232:  4.57
 233:  4.54 234:  4.57 235:  3.94 236:  3.93 237:  3.60 238:  3.62 239:  4.20 240:  4.25
 241:  4.13 242:  4.15 243:  4.35 244:  4.27 245:  4.00 246:  3.99 247:  4.20 248:  4.20
 249:  4.43 250:  4.07 251: 10.70 252: 10.74 253: 10.70 254: 10.29 255:  3.60 256:  3.62
 257:  3.82 258:  3.81 259:  3.82 260:  3.75 261:  3.94 262:  3.99 263:  3.92 264:  3.95
 265:  3.61 266:  3.61 267: 11.01 268: 11.01 269: 11.00 270: 11.00 271:  3.37 272:  3.37
 273:  3.36 274:  3.36 275:  3.54 276:  3.54 277:  3.53 278:  3.54 279:  3.70 280:  3.70
 281:  3.70 282:  3.69 283:  3.83 284:  3.83 285:  3.83 286:  3.83 287: 10.51 288: 10.49
 289: 10.49 290: 10.50 291: 10.77 292: 10.75 293: 10.82 294: 10.85 295:  9.27 296:  9.25
 297:  9.28 298:  9.21 299:  7.06 300:  7.01 301:  6.87 302:  7.06 303:  6.98 304:  6.84
 305:  7.22 306:  7.26 307:  7.66 308:  7.66 309:  7.43 310:  7.42 311:  5.99 312:  5.99
 313:  6.00 314:  6.01 315:  3.67 316:  3.68 317:  3.66 318:  3.66 319:  4.53 320:  4.55
 321:  4.86 322:  4.89 323:  3.89 324:  3.96 325:  4.34 326:  4.68 327:  3.32 328:  3.45
 329:  2.37 330:  2.71 331:  1.88 332:  1.95 333:  1.89 334:  1.99 335:  2.12 336:  2.12
 337:  2.14 338:  2.15 339:  2.63 340:  2.63 341:  2.72 342:  2.72 343:  5.11 344:  5.21
 345:  5.27 346:  5.35 347:  4.13 348:  4.25 349:  4.55 350:  5.67 351:  7.78 352:  7.91
 353:  7.31 354:  6.62 355:  5.56 356:  5.64 357:  5.98 358:  6.31 359:  3.80 360:  3.82
 361:  3.22 362:  3.29 363:  4.10 364:  4.10 365:  4.05 366:  4.04 367:  8.79 368:  8.84
 369:  8.84 370:  8.97 371:  7.80 372:  7.63 373:  7.52 374:  7.98 375: 10.65 376: 10.54
 377: 10.49 378:  9.89 379:  9.62 380:  9.59 381:  9.90 382:  9.58 383: 10.27 384: 10.24
 385: 10.26 386: 10.23 387: 10.18 388: 10.18 389: 10.09 390: 10.02 391:  9.92 392:  9.92
 393:  9.95 394:  9.84 395:  9.95 396:  9.93 397:  9.86 398:  9.91 399: 10.71 400: 10.63
 401: 10.77 402: 10.69 403: 10.05 404:  9.86 405:  9.90 406:  9.83 407: 11.24 408: 11.13
 409: 11.27 410: 11.26 411: 10.53 412: 10.53 413: 10.52 414: 10.52 415: 10.22 416: 10.18
 417: 10.19 418: 10.19 419: 10.83 420: 10.80 421: 10.80 422: 10.76 423: 10.81 424: 10.81
 425: 10.75 426: 10.75 427: 11.49 428: 11.49 429: 11.49 430: 11.48 431: 10.66 432: 10.66
 433: 10.66 434: 10.66 435: 11.63 436: 11.64 437: 11.66 438: 11.67 439: 11.58 440: 11.60
 441: 11.62 442: 11.63 443: 11.68 444: 11.68 445: 11.69 446: 11.69 447: 11.73 448: 11.73
 449: 11.74 450: 11.73 451: 11.69 452: 11.69 453: 11.69 454: 11.69 455: 11.48 456: 11.48
 457: 11.50 458: 11.50 459: 11.54 460: 11.54 461: 11.54 462: 11.54 463: 11.54 464: 11.54
 465: 11.54 466: 11.54 467: 12.01 468: 12.01 469: 12.01 470: 12.01 471:  1.87 472:  1.87
 473:  1.85 474:  1.85 475:  1.85 476:  1.85 477:  1.85 478:  1.85 479:  1.85 480:  1.85
 481:  1.84 482:  1.84 483:  1.84 484:  1.84 485:  1.84 486:  1.84 487:  1.79 488:  1.79
 489:  1.79 490:  1.79 491:  1.79 492:  1.79 493:  1.79 494:  1.79 495:  1.87 496:  1.87
 497:  1.87 498:  1.87 499:  1.78 500:  1.78 501:  1.78 502:  1.78 503:  1.83 504:  1.83
 505:  1.83 506:  1.83 507:  1.86 508:  1.86 509:  1.86 510:  1.86 511:  1.83 512:  1.83
 513:  1.83 514:  1.83 515:  1.84 516:  1.84 517:  1.84 518:  1.84 519:  1.81 520:  1.81
 521:  1.81 522:  1.81 523:  1.90 524:  1.90 525:  1.90 526:  1.90 527:  1.85 528:  1.85
 529:  1.85 530:  1.85 531:  1.90 532:  1.90 533:  1.90 534:  1.89
 IR intensities (amu)
   1:  0.41   2:  0.28   3:  0.47   4:  0.37   5:  0.68   6:  0.59   7:  0.05   8:  0.09
   9:  0.61  10:  0.49  11:  0.00  12:  0.01  13:  0.09  14:  0.00  15:  0.00  16:  0.13
  17:  0.00  18:  0.00  19:  0.05  20:  0.19  21:  0.00  22:  0.00  23:  0.03  24:  0.02
  25:  0.14  26:  0.09  27:  0.15  28:  0.10  29:  0.01  30:  0.00  31:  0.25  32:  0.01
  33:  0.07  34:  0.01  35:  0.28  36:  0.01  37:  0.01  38:  0.16  39:  0.01  40:  0.00
  41:  0.01  42:  0.21  43:  0.14  44:  0.01  45:  0.08  46:  0.01  47:  0.01  48:  0.43
  49:  0.01  50:  0.19  51:  0.01  52:  0.07  53:  0.22  54:  0.01  55:  0.01  56:  0.02
  57:  0.17  58:  0.17  59:  0.71  60:  0.02  61:  0.39  62:  0.01  63:  0.59  64:  0.01
  65:  0.37  66:  0.02  67:  0.11  68:  0.00  69:  0.23  70:  0.04  71:  0.02  72:  0.08
  73:  0.10  74:  0.72  75:  0.02  76:  0.71  77:  0.75  78:  0.01  79:  0.10  80:  0.32
  81:  0.09  82:  0.41  83:  0.01  84:  0.01  85:  1.03  86:  1.20  87:  0.08  88:  0.54
  89:  0.18  90:  0.01  91:  0.61  92:  0.01  93:  0.43  94:  0.01  95:  0.00  96:  0.01
  97:  0.23  98:  0.19  99:  0.31 100:  0.06 101:  0.18 102:  0.12 103:  0.01 104:  0.01
 105:  0.27 106:  0.00 107:  0.00 108:  0.03 109:  0.09 110:  0.00 111:  0.01 112:  0.13
 113:  0.04 114:  0.01 115:  0.01 116:  0.07 117:  0.01 118:  0.38 119:  0.01 120:  0.04
 121:  0.06 122:  0.24 123:  0.02 124:  0.04 125:  0.12 126:  0.10 127:  0.25 128:  0.01
 129:  0.25 130:  0.01 131:  0.01 132:  0.01 133:  0.02 134:  0.44 135:  0.18 136:  0.01
 137:  0.02 138:  0.33 139:  0.00 140:  0.33 141:  0.42 142:  0.00 143:  0.02 144:  0.00
 145:  0.00 146:  0.10 147:  0.19 148:  0.03 149:  0.29 150:  0.01 151:  0.03 152:  0.12
 153:  0.02 154:  0.00 155:  0.05 156:  0.01 157:  0.24 158:  0.02 159:  0.00 160:  0.52
 161:  0.64 162:  0.02 163:  0.01 164:  0.01 165:  0.17 166:  0.18 167:  0.07 168:  0.01
 169:  0.02 170:  0.24 171:  0.03 172:  0.01 173:  0.32 174:  0.01 175:  0.01 176:  0.48
 177:  0.01 178:  0.23 179:  0.01 180:  0.25 181:  0.00 182:  0.41 183:  0.12 184:  0.10
 185:  0.52 186:  0.03 187:  0.20 188:  0.00 189:  0.01 190:  0.28 191:  0.01 192:  0.04
 193:  0.61 194:  0.01 195:  0.07 196:  0.07 197:  0.10 198:  0.08 199:  0.03 200:  0.08
 201:  0.03 202:  0.10 203:  0.01 204:  0.53 205:  0.01 206:  0.47 207:  0.01 208:  0.00
 209:  0.01 210:  0.00 211:  0.41 212:  0.02 213:  0.03 214:  0.01 215:  0.03 216:  0.04
 217:  0.04 218:  0.01 219:  0.25 220:  0.01 221:  0.03 222:  0.53 223:  0.41 224:  0.03
 225:  0.02 226:  0.41 227:  0.03 228:  0.51 229:  0.28 230:  0.10 231:  0.03 232:  0.50
 233:  0.22 234:  0.09 235:  0.00 236:  0.01 237:  0.13 238:  0.12 239:  0.09 240:  0.03
 241:  0.01 242:  0.10 243:  0.05 244:  0.03 245:  0.18 246:  0.01 247:  0.04 248:  0.24
 249:  0.26 250:  0.01 251:  0.35 252:  0.01 253:  0.09 254:  0.49 255:  0.01 256:  0.02
 257:  0.06 258:  0.04 259:  0.02 260:  0.03 261:  0.02 262:  0.01 263:  0.05 264:  0.03
 265:  0.04 266:  0.03 267:  0.00 268:  0.36 269:  0.03 270:  0.38 271:  0.06 272:  0.06
 273:  0.07 274:  0.06 275:  0.07 276:  0.07 277:  0.09 278:  0.04 279:  0.02 280:  0.02
 281:  0.02 282:  0.02 283:  0.03 284:  0.06 285:  0.02 286:  0.06 287:  0.00 288:  0.01
 289:  0.18 290:  0.24 291:  0.06 292:  0.00 293:  0.39 294:  0.05 295:  0.21 296:  0.09
 297:  0.39 298:  0.00 299:  0.07 300:  0.23 301:  0.13 302:  0.53 303:  0.10 304:  0.54
 305:  0.30 306:  0.06 307:  0.45 308:  0.48 309:  0.36 310:  0.66 311:  0.24 312:  0.13
 313:  0.50 314:  0.12 315:  0.27 316:  0.13 317:  0.33 318:  0.17 319:  0.01 320:  0.01
 321:  0.02 322:  0.51 323:  0.02 324:  0.22 325:  0.76 326:  0.02 327:  0.18 328:  0.01
 329:  0.01 330:  0.35 331:  0.02 332:  0.14 333:  0.09 334:  0.01 335:  0.02 336:  0.01
 337:  0.21 338:  0.46 339:  0.15 340:  0.06 341:  0.32 342:  0.33 343:  0.04 344:  0.44
 345:  0.60 346:  0.03 347:  0.12 348:  0.00 349:  0.02 350:  0.25 351:  0.15 352:  0.03
 353:  0.01 354:  0.19 355:  0.01 356:  0.14 357:  0.16 358:  0.00 359:  0.01 360:  0.01
 361:  0.03 362:  0.10 363:  0.10 364:  0.25 365:  0.05 366:  0.48 367:  0.07 368:  0.42
 369:  0.39 370:  0.91 371:  0.01 372:  0.17 373:  0.24 374:  0.01 375:  0.43 376:  0.53
 377:  0.12 378:  0.02 379:  0.01 380:  0.04 381:  0.01 382:  0.26 383:  0.04 384:  0.19
 385:  0.86 386:  0.03 387:  0.10 388:  0.10 389:  0.69 390:  0.12 391:  0.08 392:  0.51
 393:  0.12 394:  1.35 395:  0.01 396:  0.07 397:  0.04 398:  0.75 399:  0.60 400:  0.95
 401:  0.02 402:  0.02 403:  0.62 404:  0.17 405:  0.45 406:  0.04 407:  0.13 408:  1.34
 409:  0.63 410:  1.65 411:  0.01 412:  0.07 413:  0.03 414:  0.27 415:  0.04 416:  0.06
 417:  0.50 418:  1.01 419:  0.03 420:  0.40 421:  0.08 422:  1.55 423:  0.27 424:  0.67
 425:  0.01 426:  0.01 427:  0.24 428:  0.26 429:  0.42 430:  1.66 431:  0.81 432:  0.37
 433:  0.13 434:  0.05 435:  0.05 436:  0.13 437:  1.28 438:  0.40 439:  1.16 440:  0.48
 441:  0.12 442:  0.04 443:  0.03 444:  0.10 445:  0.53 446:  0.64 447:  2.39 448:  0.06
 449:  0.35 450:  0.03 451:  0.73 452:  0.05 453:  0.46 454:  0.43 455:  0.27 456:  0.66
 457:  0.30 458:  0.42 459:  0.32 460:  0.17 461:  0.46 462:  0.05 463:  0.15 464:  0.54
 465:  0.01 466:  0.58 467:  1.27 468:  1.68 469:  1.74 470:  2.00 471:  0.04 472:  0.03
 473:  0.02 474:  0.03 475:  0.04 476:  0.05 477:  0.05 478:  0.04 479:  0.08 480:  0.10
 481:  0.04 482:  0.20 483:  0.07 484:  0.07 485:  0.08 486:  0.14 487:  0.18 488:  0.18
 489:  0.19 490:  0.17 491:  0.30 492:  0.30 493:  0.33 494:  0.32 495:  0.24 496:  0.52
 497:  0.42 498:  0.43 499:  0.15 500:  0.15 501:  0.16 502:  0.15 503:  0.06 504:  0.07
 505:  0.09 506:  0.04 507:  0.30 508:  0.37 509:  0.26 510:  0.53 511:  0.08 512:  0.05
 513:  0.08 514:  0.02 515:  0.22 516:  0.19 517:  0.23 518:  0.24 519:  0.11 520:  0.10
 521:  0.11 522:  0.11 523:  0.26 524:  0.16 525:  0.25 526:  0.43 527:  0.07 528:  0.06
 529:  0.07 530:  0.06 531:  0.05 532:  0.05 533:  0.05 534:  0.05
 Raman intensities (amu)
   1:  0.00   2:  0.00   3:  0.00   4:  0.00   5:  0.00   6:  0.00   7:  0.00   8:  0.00
   9:  0.00  10:  0.00  11:  0.00  12:  0.00  13:  0.00  14:  0.00  15:  0.00  16:  0.00
  17:  0.00  18:  0.00  19:  0.00  20:  0.00  21:  0.00  22:  0.00  23:  0.00  24:  0.00
  25:  0.00  26:  0.00  27:  0.00  28:  0.00  29:  0.00  30:  0.00  31:  0.00  32:  0.00
  33:  0.00  34:  0.00  35:  0.00  36:  0.00  37:  0.00  38:  0.00  39:  0.00  40:  0.00
  41:  0.00  42:  0.00  43:  0.00  44:  0.00  45:  0.00  46:  0.00  47:  0.00  48:  0.00
  49:  0.00  50:  0.00  51:  0.00  52:  0.00  53:  0.00  54:  0.00  55:  0.00  56:  0.00
  57:  0.00  58:  0.00  59:  0.00  60:  0.00  61:  0.00  62:  0.00  63:  0.00  64:  0.00
  65:  0.00  66:  0.00  67:  0.00  68:  0.00  69:  0.00  70:  0.00  71:  0.00  72:  0.00
  73:  0.00  74:  0.00  75:  0.00  76:  0.00  77:  0.00  78:  0.00  79:  0.00  80:  0.00
  81:  0.00  82:  0.00  83:  0.00  84:  0.00  85:  0.00  86:  0.00  87:  0.00  88:  0.00
  89:  0.00  90:  0.00  91:  0.00  92:  0.00  93:  0.00  94:  0.00  95:  0.00  96:  0.00
  97:  0.00  98:  0.00  99:  0.00 100:  0.00 101:  0.00 102:  0.00 103:  0.00 104:  0.00
 105:  0.00 106:  0.00 107:  0.00 108:  0.00 109:  0.00 110:  0.00 111:  0.00 112:  0.00
 113:  0.00 114:  0.00 115:  0.00 116:  0.00 117:  0.00 118:  0.00 119:  0.00 120:  0.00
 121:  0.00 122:  0.00 123:  0.00 124:  0.00 125:  0.00 126:  0.00 127:  0.00 128:  0.00
 129:  0.00 130:  0.00 131:  0.00 132:  0.00 133:  0.00 134:  0.00 135:  0.00 136:  0.00
 137:  0.00 138:  0.00 139:  0.00 140:  0.00 141:  0.00 142:  0.00 143:  0.00 144:  0.00
 145:  0.00 146:  0.00 147:  0.00 148:  0.00 149:  0.00 150:  0.00 151:  0.00 152:  0.00
 153:  0.00 154:  0.00 155:  0.00 156:  0.00 157:  0.00 158:  0.00 159:  0.00 160:  0.00
 161:  0.00 162:  0.00 163:  0.00 164:  0.00 165:  0.00 166:  0.00 167:  0.00 168:  0.00
 169:  0.00 170:  0.00 171:  0.00 172:  0.00 173:  0.00 174:  0.00 175:  0.00 176:  0.00
 177:  0.00 178:  0.00 179:  0.00 180:  0.00 181:  0.00 182:  0.00 183:  0.00 184:  0.00
 185:  0.00 186:  0.00 187:  0.00 188:  0.00 189:  0.00 190:  0.00 191:  0.00 192:  0.00
 193:  0.00 194:  0.00 195:  0.00 196:  0.00 197:  0.00 198:  0.00 199:  0.00 200:  0.00
 201:  0.00 202:  0.00 203:  0.00 204:  0.00 205:  0.00 206:  0.00 207:  0.00 208:  0.00
 209:  0.00 210:  0.00 211:  0.00 212:  0.00 213:  0.00 214:  0.00 215:  0.00 216:  0.00
 217:  0.00 218:  0.00 219:  0.00 220:  0.00 221:  0.00 222:  0.00 223:  0.00 224:  0.00
 225:  0.00 226:  0.00 227:  0.00 228:  0.00 229:  0.00 230:  0.00 231:  0.00 232:  0.00
 233:  0.00 234:  0.00 235:  0.00 236:  0.00 237:  0.00 238:  0.00 239:  0.00 240:  0.00
 241:  0.00 242:  0.00 243:  0.00 244:  0.00 245:  0.00 246:  0.00 247:  0.00 248:  0.00
 249:  0.00 250:  0.00 251:  0.00 252:  0.00 253:  0.00 254:  0.00 255:  0.00 256:  0.00
 257:  0.00 258:  0.00 259:  0.00 260:  0.00 261:  0.00 262:  0.00 263:  0.00 264:  0.00
 265:  0.00 266:  0.00 267:  0.00 268:  0.00 269:  0.00 270:  0.00 271:  0.00 272:  0.00
 273:  0.00 274:  0.00 275:  0.00 276:  0.00 277:  0.00 278:  0.00 279:  0.00 280:  0.00
 281:  0.00 282:  0.00 283:  0.00 284:  0.00 285:  0.00 286:  0.00 287:  0.00 288:  0.00
 289:  0.00 290:  0.00 291:  0.00 292:  0.00 293:  0.00 294:  0.00 295:  0.00 296:  0.00
 297:  0.00 298:  0.00 299:  0.00 300:  0.00 301:  0.00 302:  0.00 303:  0.00 304:  0.00
 305:  0.00 306:  0.00 307:  0.00 308:  0.00 309:  0.00 310:  0.00 311:  0.00 312:  0.00
 313:  0.00 314:  0.00 315:  0.00 316:  0.00 317:  0.00 318:  0.00 319:  0.00 320:  0.00
 321:  0.00 322:  0.00 323:  0.00 324:  0.00 325:  0.00 326:  0.00 327:  0.00 328:  0.00
 329:  0.00 330:  0.00 331:  0.00 332:  0.00 333:  0.00 334:  0.00 335:  0.00 336:  0.00
 337:  0.00 338:  0.00 339:  0.00 340:  0.00 341:  0.00 342:  0.00 343:  0.00 344:  0.00
 345:  0.00 346:  0.00 347:  0.00 348:  0.00 349:  0.00 350:  0.00 351:  0.00 352:  0.00
 353:  0.00 354:  0.00 355:  0.00 356:  0.00 357:  0.00 358:  0.00 359:  0.00 360:  0.00
 361:  0.00 362:  0.00 363:  0.00 364:  0.00 365:  0.00 366:  0.00 367:  0.00 368:  0.00
 369:  0.00 370:  0.00 371:  0.00 372:  0.00 373:  0.00 374:  0.00 375:  0.00 376:  0.00
 377:  0.00 378:  0.00 379:  0.00 380:  0.00 381:  0.00 382:  0.00 383:  0.00 384:  0.00
 385:  0.00 386:  0.00 387:  0.00 388:  0.00 389:  0.00 390:  0.00 391:  0.00 392:  0.00
 393:  0.00 394:  0.00 395:  0.00 396:  0.00 397:  0.00 398:  0.00 399:  0.00 400:  0.00
 401:  0.00 402:  0.00 403:  0.00 404:  0.00 405:  0.00 406:  0.00 407:  0.00 408:  0.00
 409:  0.00 410:  0.00 411:  0.00 412:  0.00 413:  0.00 414:  0.00 415:  0.00 416:  0.00
 417:  0.00 418:  0.00 419:  0.00 420:  0.00 421:  0.00 422:  0.00 423:  0.00 424:  0.00
 425:  0.00 426:  0.00 427:  0.00 428:  0.00 429:  0.00 430:  0.00 431:  0.00 432:  0.00
 433:  0.00 434:  0.00 435:  0.00 436:  0.00 437:  0.00 438:  0.00 439:  0.00 440:  0.00
 441:  0.00 442:  0.00 443:  0.00 444:  0.00 445:  0.00 446:  0.00 447:  0.00 448:  0.00
 449:  0.00 450:  0.00 451:  0.00 452:  0.00 453:  0.00 454:  0.00 455:  0.00 456:  0.00
 457:  0.00 458:  0.00 459:  0.00 460:  0.00 461:  0.00 462:  0.00 463:  0.00 464:  0.00
 465:  0.00 466:  0.00 467:  0.00 468:  0.00 469:  0.00 470:  0.00 471:  0.00 472:  0.00
 473:  0.00 474:  0.00 475:  0.00 476:  0.00 477:  0.00 478:  0.00 479:  0.00 480:  0.00
 481:  0.00 482:  0.00 483:  0.00 484:  0.00 485:  0.00 486:  0.00 487:  0.00 488:  0.00
 489:  0.00 490:  0.00 491:  0.00 492:  0.00 493:  0.00 494:  0.00 495:  0.00 496:  0.00
 497:  0.00 498:  0.00 499:  0.00 500:  0.00 501:  0.00 502:  0.00 503:  0.00 504:  0.00
 505:  0.00 506:  0.00 507:  0.00 508:  0.00 509:  0.00 510:  0.00 511:  0.00 512:  0.00
 513:  0.00 514:  0.00 515:  0.00 516:  0.00 517:  0.00 518:  0.00 519:  0.00 520:  0.00
 521:  0.00 522:  0.00 523:  0.00 524:  0.00 525:  0.00 526:  0.00 527:  0.00 528:  0.00
 529:  0.00 530:  0.00 531:  0.00 532:  0.00 533:  0.00 534:  0.00
 output can be read by thermo (or use thermo option).
 writing <g98.out> molden fake output.
 recommended (thermochemical) frequency scaling factor: 1.0
           -------------------------------------------------
          |             Thermodynamic Functions             |
           -------------------------------------------------

Refinement of some symmetry elements was terminated before convergence was reached.
Some symmetry elements may remain unidentified.
Molecule has the following symmetry elements: (C2) 
It seems to be the C2 point group
c2  symmetry found (for desy threshold:  0.10E+00) used in thermo

          ...................................................
          :                      SETUP                      :
          :.................................................:
          :  # frequencies                         528      :
          :  # imaginary freq.                       0      :
          :  linear?                             false      :
          :  only rotor calc.                    false      :
          :  symmetry                               c2      :
          :  rotational number                       2      :
          :  scaling factor                  1.0000000      :
          :  rotor cutoff                   50.0000000 cm⁻¹ :
          :  imag. cutoff                  -20.0000000 cm⁻¹ :
          :.................................................:

    mode    ω/cm⁻¹     T·S(HO)/kcal·mol⁻¹    T·S(FR)/kcal·mol⁻¹   T·S(vib)
   ------------------------------------------------------------------------
       1      6.56    -2.63798 (  0.03%)    -1.65808 ( 99.97%)    -1.65837
       2      7.34    -2.57152 (  0.05%)    -1.62485 ( 99.95%)    -1.62529
       3      8.29    -2.49949 (  0.08%)    -1.58883 ( 99.92%)    -1.58952
       4      8.82    -2.46267 (  0.10%)    -1.57042 ( 99.90%)    -1.57128
       5     14.78    -2.15699 (  0.76%)    -1.41754 ( 99.24%)    -1.42315
       6     15.75    -2.11939 (  0.98%)    -1.39873 ( 99.02%)    -1.40576
       7     16.21    -2.10243 (  1.09%)    -1.39025 ( 98.91%)    -1.39803
       8     19.01    -2.00811 (  2.05%)    -1.34307 ( 97.95%)    -1.35667
       9     21.42    -1.93739 (  3.26%)    -1.30768 ( 96.74%)    -1.32819
      10     25.13    -1.84274 (  6.00%)    -1.26030 ( 94.00%)    -1.29526
      11     26.70    -1.80692 (  7.52%)    -1.24237 ( 92.48%)    -1.28484
      12     27.07    -1.79882 (  7.91%)    -1.23831 ( 92.09%)    -1.28266
      13     30.66    -1.72521 ( 12.38%)    -1.20145 ( 87.62%)    -1.26631
      14     34.47    -1.65595 ( 18.42%)    -1.16675 ( 81.58%)    -1.25687
      15     37.45    -1.60683 ( 23.95%)    -1.14213 ( 76.05%)    -1.25341
      16     39.22    -1.57961 ( 27.46%)    -1.12848 ( 72.54%)    -1.25237
      17     42.31    -1.53490 ( 33.88%)    -1.10605 ( 66.12%)    -1.25137
      18     49.49    -1.44234 ( 48.98%)    -1.05958 ( 51.02%)    -1.24704
      19     50.06    -1.43560 ( 50.12%)    -1.05619 ( 49.88%)    -1.24635
      20     50.18    -1.43424 ( 50.35%)    -1.05551 ( 49.65%)    -1.24620
      21     52.66    -1.40575 ( 55.16%)    -1.04120 ( 44.84%)    -1.24230
      22     55.15    -1.37858 ( 59.67%)    -1.02753 ( 40.33%)    -1.23701
      23     57.90    -1.34990 ( 64.26%)    -1.01311 ( 35.74%)    -1.22953
      24     60.77    -1.32139 ( 68.58%)    -0.99875 ( 31.42%)    -1.22001
      25     62.15    -1.30816 ( 70.48%)    -0.99209 ( 29.52%)    -1.21486
      26     63.64    -1.29427 ( 72.41%)    -0.98509 ( 27.59%)    -1.20897
      27     67.77    -1.25731 ( 77.14%)    -0.96646 ( 22.86%)    -1.19084
      28     68.05    -1.25490 ( 77.43%)    -0.96524 ( 22.57%)    -1.18953
      29     68.95    -1.24720 ( 78.34%)    -0.96135 ( 21.66%)    -1.18528
      30     74.23    -1.20393 ( 82.93%)    -0.93950 ( 17.07%)    -1.15878
      31     83.64    -1.13407 ( 88.67%)    -0.90415 ( 11.33%)    -1.10803
      32     85.38    -1.12199 ( 89.48%)    -0.89803 ( 10.52%)    -1.09843
      33     88.32    -1.10224 ( 90.68%)    -0.88801 (  9.32%)    -1.08229
      34     91.39    -1.08230 ( 91.78%)    -0.87788 (  8.22%)    -1.06550
      35     98.69    -1.03759 ( 93.82%)    -0.85513 (  6.18%)    -1.02631
      36    100.64    -1.02619 ( 94.26%)    -0.84932 (  5.74%)    -1.01603
      37    105.91    -0.99656 ( 95.27%)    -0.83419 (  4.73%)    -0.98888
      38    106.93    -0.99104 ( 95.44%)    -0.83137 (  4.56%)    -0.98376
      39    110.88    -0.97000 ( 96.03%)    -0.82061 (  3.97%)    -0.96407
      40    113.49    -0.95656 ( 96.37%)    -0.81372 (  3.63%)    -0.95138
      41    126.92    -0.89211 ( 97.65%)    -0.78059 (  2.35%)    -0.88949
      42    129.60    -0.88013 ( 97.83%)    -0.77440 (  2.17%)    -0.87784
      43    131.16    -0.87327 ( 97.93%)    -0.77085 (  2.07%)    -0.87115
      44    132.32    -0.86824 ( 98.00%)    -0.76825 (  2.00%)    -0.86624
      45    137.56    -0.84601 ( 98.28%)    -0.75674 (  1.72%)    -0.84448
      46    141.64    -0.82932 ( 98.47%)    -0.74808 (  1.53%)    -0.82808
      47    143.29    -0.82274 ( 98.54%)    -0.74465 (  1.46%)    -0.82159
      48    147.61    -0.80583 ( 98.70%)    -0.73585 (  1.30%)    -0.80492
      49    152.69    -0.78664 ( 98.86%)    -0.72582 (  1.14%)    -0.78595
      50    154.75    -0.77906 ( 98.92%)    -0.72186 (  1.08%)    -0.77844
      51    155.68    -0.77569 ( 98.95%)    -0.72009 (  1.05%)    -0.77510
      52    156.07    -0.77426 ( 98.96%)    -0.71934 (  1.04%)    -0.77368
      53    161.45    -0.75515 ( 99.09%)    -0.70931 (  0.91%)    -0.75473
      54    162.33    -0.75207 ( 99.11%)    -0.70769 (  0.89%)    -0.75167
      55    163.90    -0.74665 ( 99.14%)    -0.70484 (  0.86%)    -0.74629
      56    166.37    -0.73824 ( 99.19%)    -0.70041 (  0.81%)    -0.73793
      57    176.77    -0.70430 ( 99.36%)    -0.68244 (  0.64%)    -0.70416
      58    180.30    -0.69330 ( 99.41%)    -0.67659 (  0.59%)    -0.69320
      59    190.10    -0.66394 ( 99.52%)    -0.66091 (  0.48%)    -0.66393
      60    193.90    -0.65302 ( 99.56%)    -0.65505 (  0.44%)    -0.65303
      61    194.06    -0.65255 ( 99.56%)    -0.65480 (  0.44%)    -0.65256
      62    196.13    -0.64672 ( 99.58%)    -0.65166 (  0.42%)    -0.64674
      63    197.02    -0.64423 ( 99.59%)    -0.65032 (  0.41%)    -0.64426
      64    197.28    -0.64351 ( 99.59%)    -0.64993 (  0.41%)    -0.64353
      65    202.31    -0.62969 ( 99.63%)    -0.64247 (  0.37%)    -0.62974
      66    203.01    -0.62780 ( 99.63%)    -0.64145 (  0.37%)    -0.62785
      67    207.32    -0.61632 ( 99.66%)    -0.63522 (  0.34%)    -0.61638
      68    207.66    -0.61542 ( 99.67%)    -0.63474 (  0.33%)    -0.61549
      69    218.95    -0.58668 ( 99.73%)    -0.61905 (  0.27%)    -0.58677
      70    220.52    -0.58282 ( 99.74%)    -0.61693 (  0.26%)    -0.58291
      71    237.21    -0.54374 ( 99.80%)    -0.59533 (  0.20%)    -0.54385
      72    242.83    -0.53132 ( 99.82%)    -0.58839 (  0.18%)    -0.53142
      73    254.24    -0.50716 ( 99.85%)    -0.57479 (  0.15%)    -0.50726
      74    254.33    -0.50696 ( 99.85%)    -0.57468 (  0.15%)    -0.50706
      75    255.10    -0.50538 ( 99.85%)    -0.57378 (  0.15%)    -0.50548
      76    255.24    -0.50510 ( 99.85%)    -0.57362 (  0.15%)    -0.50520
      77    267.55    -0.48062 ( 99.88%)    -0.55967 (  0.12%)    -0.48071
      78    270.76    -0.47447 ( 99.88%)    -0.55614 (  0.12%)    -0.47456
      79    275.69    -0.46519 ( 99.89%)    -0.55079 (  0.11%)    -0.46528
      80    276.27    -0.46411 ( 99.89%)    -0.55017 (  0.11%)    -0.46421
      81    287.31    -0.44416 ( 99.91%)    -0.53855 (  0.09%)    -0.44425
      82    287.43    -0.44396 ( 99.91%)    -0.53844 (  0.09%)    -0.44405
      83    288.70    -0.44173 ( 99.91%)    -0.53713 (  0.09%)    -0.44182
      84    289.09    -0.44105 ( 99.91%)    -0.53673 (  0.09%)    -0.44113
      85    294.92    -0.43100 ( 99.92%)    -0.53082 (  0.08%)    -0.43109
      86    299.46    -0.42335 ( 99.92%)    -0.52629 (  0.08%)    -0.42343
   ------------------------------------------------------------------------

   temp. (K)  partition function   enthalpy   heat capacity  entropy
                                   cal/mol     cal/K/mol   cal/K/mol   J/K/mol
 298.15  VIB  0.461E+46            57375.247    373.411    360.427
         ROT  0.475E+09              888.752      2.981     42.682
         INT  0.219E+55            58264.000    376.392    403.109
         TR   0.642E+29             1481.254      4.968     48.032
         TOT                       59745.2536   381.3605   451.1406  1887.5724

       T/K    H(0)-H(T)+PV         H(T)/Eh          T*S/Eh         G(T)/Eh
   ------------------------------------------------------------------------
    298.15    0.952101E-01    0.142028E+01    0.214351E+00    0.120593E+01
   ------------------------------------------------------------------------

         :::::::::::::::::::::::::::::::::::::::::::::::::::::
         ::                  THERMODYNAMIC                  ::
         :::::::::::::::::::::::::::::::::::::::::::::::::::::
         :: total free energy        -285.457862317349 Eh   ::
         ::.................................................::
         :: total energy             -286.663792143893 Eh   ::
         :: zero point energy           1.325071181461 Eh   ::
         :: G(RRHO) w/o ZPVE           -0.119141354917 Eh   ::
         :: G(RRHO) contrib.            1.205929826544 Eh   ::
         :::::::::::::::::::::::::::::::::::::::::::::::::::::

           -------------------------------------------------
          | TOTAL ENERGY             -286.663792143893 Eh   |
          | TOTAL ENTHALPY           -285.243510840495 Eh   |
          | TOTAL FREE ENERGY        -285.457862317349 Eh   |
          | GRADIENT NORM               0.000741315404 Eh/α |
          | HOMO-LUMO GAP               1.913858227836 eV   |
           -------------------------------------------------

------------------------------------------------------------------------
 * finished run on 2021/06/22 at 01:14:55.546     
------------------------------------------------------------------------
 total:
 * wall-time:     0 d,  0 h, 15 min, 53.832 sec
 *  cpu-time:     0 d,  1 h,  3 min, 22.103 sec
 * ratio c/w:     3.986 speedup
 SCF:
 * wall-time:     0 d,  0 h,  0 min,  2.626 sec
 *  cpu-time:     0 d,  0 h,  0 min,  8.617 sec
 * ratio c/w:     3.281 speedup
 numerical hessian:
 * wall-time:     0 d,  0 h, 15 min, 48.847 sec
 *  cpu-time:     0 d,  1 h,  3 min, 10.956 sec
 * ratio c/w:     3.995 speedup

