      -----------------------------------------------------------      
     |                   =====================                   |     
     |                           x T B                           |     
     |                   =====================                   |     
     |                         S. Grimme                         |     
     |          Mulliken Center for Theoretical Chemistry        |     
     |                    University of Bonn                     |     
     |                Version 6.2 RC2 (SAW190805)                |     
      -----------------------------------------------------------      

   This program is distributed in the hope that it will be useful,
   but WITHOUT ANY WARRANTY; without even the implied warranty of
   MERCHANTABILITY or FITNESS FOR A PARTICULAR PURPOSE.
   
   FOR NON-COMMERCIAL, ACADEMIA USE ONLY.
   
   Cite this work as:
   * S. Grimme, C. Bannwarth, P. Shushkov, J. Chem. Theory Comput., 2017,
     13, 1989-2009. DOI: 10.1021/acs.jctc.7b00118
   * C. Bannwarth, S. Ehlert and S. Grimme., J. Chem. Theory Comput., 2019,
     15, 1652-1671. DOI: 10.1021/acs.jctc.8b01176
   * P. Pracht, E. Caldeweyher, S. Ehlert, S. Grimme, ChemRxiv, 2019, preprint.
     DOI: 10.26434/chemrxiv.8326202.v1
   
   for DFT-D4:
   * E. Caldeweyher, C. Bannwarth and S. Grimme, J. Chem. Phys., 2017,
     147, 034112. DOI: 10.1063/1.4993215
   * E. Caldeweyher, S. Ehlert, A. Hansen, H. Neugebauer, S. Spicher,
     C. Bannwarth and S. Grimme, J. Chem. Phys., 2019, 150, 154122.
     DOI: 10.1063/1.5090222
   
   for sTDA-xTB:
   * S. Grimme and C. Bannwarth, J. Chem. Phys., 2016, 145, 054103.
     DOI: 10.1063/1.4959605
   
   in the mass-spec context:
   * V. Asgeirsson, C. Bauer and S. Grimme, Chem. Sci., 2017, 8, 4879.
     DOI: 10.1039/c7sc00601b
   
   for metadynamics refer to:
   * S. Grimme, J. Chem. Theory Comput., 2019, 155, 2847-2862
     DOI: 10.1021/acs.jctc.9b00143
   
   with help from (in alphabetical order)
   C. Bannwarth, F. Bohle, G. Brandenburg, E. Caldeweyher, M. Checinski,
   S. Dohm, S. Ehlert, S. Ehrlich, F. März, H. Neugebauer, J. Pisarek,
   P. Pracht, P. Shushkov, and S. Spicher.
   
 * started run on 2021/06/21 at 18:31:56.587     

           -------------------------------------------------
          |                Calculation Setup                |
           -------------------------------------------------

          program call               : /home/atarzia/software/xtb-190806/bin/xtb /data/atarzia/projects/unsymm/screening/production/free_energy_calculations/fe_5d1_c/input_structure.xyz --gfn 2 --hess --parallel 6 --etemp 300 --gbsa dmso --chrg 4 --uhf 0 -I det_control.in
          coordinate file            : /data/atarzia/projects/unsymm/screening/production/free_energy_calculations/fe_5d1_c/input_structure.xyz
          omp threads                :                     6
          number of atoms            :                   154
          number of electrons        :                   464
          charge                     :                     4
          spin                       :                   0.0
          first test random number   :      0.54702082858270


########################################################################
# WARNING! Please study the warnings concerning your input carefully
#  - XTBHOME is not set, using HOME instead
#  - XTBPATH is not set, using XTBHOME instead
#  - Process number higher than OMP_NUM_THREADS, I hope you know what you are doing.
########################################################################

           ------------------------------------------------- 
          |                 G F N 2 - x T B                 |
          | Geometry, Frequencies, Noncovalent interactions |
          |            JCTC 2019 parametrisation            |
           ------------------------------------------------- 
             k(s)              :                1.8500
             k(p)              :                2.2300
             k(d)              :                2.2300
             k(f)              :                2.0000
             kEN (H0ij)        :               -2.0000
             D4 a1             :                0.5200
             D4 a2             :                5.0000
             D4 s6             :                1.0000
             D4 s8             :                2.7000
             D4 s9             :                5.0000
             alphaj            :                2.0000

  Z AO/shell   Hii/eV     exponent
  1     Wed Apr 25 08:07:45 CEST 2018   EN: 2.200 GM2: 0.406  GM3: 0.0800  RAES: 1.40
     1s    -10.707211    1.230000
  6     Wed Apr 25 08:07:45 CEST 2018   EN: 2.550 GM2: 0.538  GM3: 0.1500  RAES: 3.00
     2s    -13.970922    2.096432
     2p    -10.063292    1.800000
  7     Wed Apr 25 08:07:45 CEST 2018   EN: 3.040 GM2: 0.461  GM3:-0.0640  RAES: 1.90
     2s    -16.686243    2.339881
     2p    -12.523956    2.014332
 46     Wed Apr 25 16:26:58 CEST 2018   EN: 2.200 GM2: 0.273  GM3: 0.0800  RAES: 5.00
     4d    -11.963518    2.353691
     5s     -9.714059    1.828354
     5p     -2.035281    1.333352

 Solvent             : dmso
 Using internal parameter file: .param_gbsa2_dmso
 Gsolv ref. state (COSMO-RS): gsolv [1 M gas/solution]
 temperature (mdtemp)       :    298.150000000000     
 dielectric constant        :    46.6800000000000     
 rho                        :    1.10000000000000     
 mass                       :    78.1300000000000     
 surface tension            :    15.5689454083859     
 probe radius               :   0.949087640000000     
 vdW radii scaling          :    1.00000000000000     
 Gshift (Eh)                :   5.161738145414381E-003
 c1                         :    1.63948621000000     
 soset                      :   1.179665000000000E-002
 HB correction              :  T
           ------------------------------------------------- 
          |        Self-Consistent Charge Iterations        |
           ------------------------------------------------- 

          ...................................................
          :                      SETUP                      :
          :.................................................:
          :  # basis functions                 460          :
          :  # atomic orbitals                 458          :
          :  # shells                          254          :
          :  # electrons                       464          :
          :  max. iterations                   250          :
          :  Hamiltonian                  GFN2-xTB          :
          :  restarted?                      false          :
          :  GBSA solvation                   true          :
          :  PC potential                    false          :
          :  electronic temp.          300.0000000     K    :
          :  accuracy                    1.0000000          :
          :  -> integral cutoff          0.2500000E+02      :
          :  -> integral neglect         0.1000000E-07      :
          :  -> SCF convergence          0.1000000E-05 Eh   :
          :  -> wf. convergence          0.1000000E-03 e    :
          :  Broyden damping             0.4000000          :
          ...................................................

 iter      E             dE          RMSdq      gap      omega  full diag
   1   -252.0779096 -0.252078E+03  0.586E+00    2.33       0.0  T
   2   -252.5204693 -0.442560E+00  0.396E+00    1.71       1.0  T
   3   -252.3502741  0.170195E+00  0.216E+00    2.01       1.0  T
   4   -252.7544552 -0.404181E+00  0.926E-01    2.11       1.0  T
   5   -252.8231693 -0.687142E-01  0.388E-01    2.06       1.0  T
   6   -252.8347218 -0.115525E-01  0.204E-01    2.11       1.0  T
   7   -252.8371573 -0.243553E-02  0.101E-01    2.12       1.0  T
   8   -252.8374873 -0.330022E-03  0.354E-02    2.12       1.0  T
   9   -252.8375643 -0.769271E-04  0.185E-02    2.12       1.0  T
  10   -252.8375891 -0.248730E-04  0.831E-03    2.12       1.0  T
  11   -252.8375899 -0.787416E-06  0.482E-03    2.12       1.7  T
  12   -252.8375911 -0.120944E-05  0.169E-03    2.12       4.8  T
  13   -252.8375913 -0.126085E-06  0.840E-04    2.12       9.6  T
  14   -252.8375913 -0.232230E-07  0.421E-04    2.12      19.2  T

   *** convergence criteria satisfied after 14 iterations ***

         #    Occupation            Energy/Eh            Energy/eV
      -------------------------------------------------------------
         1        2.0000           -0.7296365             -19.8544
       ...           ...                  ...                  ...
       226        2.0000           -0.4221836             -11.4882
       227        2.0000           -0.4210489             -11.4573
       228        2.0000           -0.4199513             -11.4275
       229        2.0000           -0.3986126             -10.8468
       230        2.0000           -0.3985956             -10.8463
       231        2.0000           -0.3985425             -10.8449
       232        2.0000           -0.3983975             -10.8409 (HOMO)
       233                         -0.3204538              -8.7200 (LUMO)
       234                         -0.3203621              -8.7175
       235                         -0.3196736              -8.6988
       236                         -0.3195963              -8.6967
       237                         -0.3069491              -8.3525
       ...                                ...                  ...
       458                          1.4029118              38.1752
      -------------------------------------------------------------
                  HL-Gap            0.0779437 Eh            2.1210 eV
             Fermi-level           -0.3594256 Eh           -9.7805 eV

 SCC (total)                   0 d,  0 h,  0 min,  1.725 sec
 SCC setup                      ...        0 min,  0.148 sec (  8.590%)
 Dispersion                     ...        0 min,  0.037 sec (  2.124%)
 integral evaluation            ...        0 min,  0.271 sec ( 15.697%)
 zeroth order Hamiltonian       ...        0 min,  0.005 sec (  0.278%)
 iterations                     ...        0 min,  0.952 sec ( 55.202%)
 molecular gradient             ...        0 min,  0.304 sec ( 17.635%)
 printout                       ...        0 min,  0.008 sec (  0.469%)

         :::::::::::::::::::::::::::::::::::::::::::::::::::::
         ::                     SUMMARY                     ::
         :::::::::::::::::::::::::::::::::::::::::::::::::::::
         :: total energy            -248.261285773794 Eh    ::
         :: total w/o Gsasa/hb      -248.151194916146 Eh    ::
         :: gradient norm              0.000677502948 Eh/a0 ::
         :: HOMO-LUMO gap              2.120956401707 eV    ::
         ::.................................................::
         :: SCC energy              -252.934400983673 Eh    ::
         :: -> isotropic ES            0.658519939528 Eh    ::
         :: -> anisotropic ES         -0.093890100809 Eh    ::
         :: -> anisotropic XC          0.171642819391 Eh    ::
         :: -> dispersion             -0.226884398571 Eh    ::
         :: -> Gsolv                  -0.678912857459 Eh    ::
         ::    -> Gborn               -0.568821999811 Eh    ::
         ::    -> Gsasa               -0.101971431211 Eh    ::
         ::    -> Ghb                 -0.013281164582 Eh    ::
         ::    -> Gshift               0.005161738145 Eh    ::
         :: repulsion energy           4.667663814288 Eh    ::
         :: add. restraining           0.000000000000 Eh    ::
         :::::::::::::::::::::::::::::::::::::::::::::::::::::

           ------------------------------------------------- 
          |                Numerical Hessian                |
           ------------------------------------------------- 
step length          :   0.00500
SCC accuracy         :   0.30000
Hessian scale factor :   1.00000
frozen atoms in %    :   0.00000    0
RMS gradient         :   0.00068
estimated CPU  time     71.47 min
estimated wall time     18.73 min

writing file <hessian>.

 projected vibrational frequencies (cm-1)
eigval :       -0.00    -0.00     0.00     0.00     0.00     0.00
eigval :        7.94     9.15     9.92    10.76    16.72    18.03
eigval :       18.54    25.06    25.68    30.27    32.56    34.29
eigval :       34.84    41.24    44.04    48.09    50.86    58.13
eigval :       59.69    60.39    60.81    68.76    71.45    73.17
eigval :       73.69    78.67    84.55    86.26    89.14    92.40
eigval :      104.76   104.95   106.76   110.92   114.57   115.23
eigval :      120.30   122.66   125.55   131.73   133.84   140.51
eigval :      142.64   143.53   146.52   150.40   166.25   167.95
eigval :      169.41   172.17   173.65   174.80   182.77   183.85
eigval :      198.47   199.48   213.72   215.16   218.84   221.38
eigval :      221.40   225.09   238.97   243.83   250.69   251.65
eigval :      255.88   257.16   265.43   271.24   271.38   273.85
eigval :      282.04   284.40   286.20   291.00   317.24   317.52
eigval :      318.58   319.32   334.39   336.84   338.34   338.63
eigval :      341.31   342.78   342.95   343.66   348.82   349.20
eigval :      353.29   353.90   386.09   386.22   392.06   392.43
eigval :      395.14   395.28   397.93   398.30   423.33   423.52
eigval :      425.17   425.26   447.01   447.93   453.49   453.86
eigval :      467.70   468.20   468.58   469.31   476.34   477.14
eigval :      477.34   478.57   489.91   490.05   491.70   492.07
eigval :      511.21   511.28   513.35   515.61   525.36   525.37
eigval :      526.90   528.26   539.92   541.30   542.11   542.31
eigval :      571.69   572.57   574.65   574.68   588.49   591.84
eigval :      592.71   593.06   599.73   599.81   600.39   600.43
eigval :      611.62   614.58   619.82   620.29   624.33   624.78
eigval :      627.06   627.15   658.51   658.63   659.04   659.16
eigval :      671.21   671.28   672.37   672.60   677.61   679.30
eigval :      681.60   682.42   724.52   724.62   725.38   725.53
eigval :      743.67   744.27   744.69   745.92   770.06   771.75
eigval :      774.55   775.35   777.04   778.99   781.59   782.58
eigval :      795.93   795.95   797.90   798.01   799.97   800.55
eigval :      802.27   802.57   813.80   814.16   829.99   830.94
eigval :      848.70   848.75   853.58   855.34   855.60   856.57
eigval :      857.01   857.27   858.52   859.66   862.84   864.31
eigval :      866.07   866.95   870.32   870.45   885.67   886.74
eigval :      891.15   892.03   894.49   894.78   897.10   897.26
eigval :      897.53   897.70   897.92   898.47   898.58   901.60
eigval :      903.01   903.30   903.64   903.83   904.04   904.84
eigval :      935.19   935.24   935.40   935.46   935.46   935.65
eigval :      935.79   935.84   938.61   938.66   938.77   938.97
eigval :      977.06   978.13   978.58   978.75   996.95   997.17
eigval :     1000.42  1000.93  1044.77  1045.25  1045.63  1046.34
eigval :     1075.69  1076.23  1076.87  1077.06  1082.66  1082.77
eigval :     1084.57  1084.75  1094.16  1094.32  1096.14  1096.43
eigval :     1110.03  1110.19  1110.81  1110.84  1122.59  1122.62
eigval :     1124.45  1124.46  1132.18  1132.20  1134.01  1134.05
eigval :     1148.60  1156.44  1158.54  1165.96  1168.94  1169.65
eigval :     1170.91  1172.70  1173.55  1174.28  1176.58  1177.65
eigval :     1188.30  1189.27  1190.51  1192.02  1193.69  1193.85
eigval :     1194.79  1196.06  1214.45  1214.59  1218.09  1218.28
eigval :     1218.98  1219.24  1219.69  1219.95  1233.25  1233.45
eigval :     1239.67  1241.45  1246.98  1247.13  1248.24  1249.94
eigval :     1270.66  1270.82  1270.86  1271.53  1295.80  1295.86
eigval :     1296.27  1297.22  1298.24  1299.87  1300.19  1302.36
eigval :     1315.33  1315.37  1315.43  1315.44  1320.01  1320.62
eigval :     1320.70  1320.80  1347.43  1347.48  1348.30  1350.58
eigval :     1368.31  1368.71  1368.89  1369.30  1379.65  1380.95
eigval :     1381.10  1382.43  1399.00  1399.17  1400.44  1400.48
eigval :     1403.96  1404.20  1404.29  1404.83  1425.42  1425.73
eigval :     1425.78  1426.11  1447.60  1447.85  1448.20  1448.65
eigval :     1460.86  1460.98  1461.89  1461.95  1474.49  1474.56
eigval :     1474.83  1474.98  1535.51  1535.76  1535.84  1535.96
eigval :     1539.84  1540.16  1540.40  1540.73  1549.77  1549.98
eigval :     1550.64  1550.73  1554.94  1555.98  1556.09  1556.27
eigval :     1559.52  1559.57  1559.70  1559.78  1565.67  1565.77
eigval :     1566.21  1566.54  1577.89  1577.96  1578.10  1578.19
eigval :     2306.94  2307.03  2307.40  2307.46  2977.76  2978.58
eigval :     2983.09  2983.51  2983.67  2984.03  2985.03  2985.16
eigval :     2985.55  2985.84  2988.95  2989.10  2993.54  2994.12
eigval :     2996.51  2997.13  3085.74  3085.94  3085.97  3086.19
eigval :     3094.82  3094.88  3095.27  3095.43  3098.35  3098.40
eigval :     3098.79  3098.84  3103.10  3103.34  3103.40  3103.55
eigval :     3103.97  3104.10  3104.24  3104.51  3106.86  3107.35
eigval :     3107.69  3107.90  3109.83  3110.02  3110.55  3110.88
eigval :     3111.01  3111.19  3111.24  3111.40  3115.34  3115.61
eigval :     3115.67  3116.94  3118.15  3118.62  3118.74  3119.02
           -------------------------------------------------
          |                Property Printout                |
           -------------------------------------------------

    * Orbital Energies and Occupations

         #    Occupation            Energy/Eh            Energy/eV
      -------------------------------------------------------------
         1        2.0000           -0.7296391             -19.8545
       ...           ...                  ...                  ...
       220        2.0000           -0.4242273             -11.5438
       221        2.0000           -0.4237746             -11.5315
       222        2.0000           -0.4236522             -11.5282
       223        2.0000           -0.4233576             -11.5201
       224        2.0000           -0.4229644             -11.5094
       225        2.0000           -0.4228051             -11.5051
       226        2.0000           -0.4221843             -11.4882
       227        2.0000           -0.4210493             -11.4573
       228        2.0000           -0.4199516             -11.4275
       229        2.0000           -0.3986138             -10.8468
       230        2.0000           -0.3985968             -10.8464
       231        2.0000           -0.3985438             -10.8449
       232        2.0000           -0.3983988             -10.8410 (HOMO)
       233                         -0.3204557              -8.7200 (LUMO)
       234                         -0.3203640              -8.7175
       235                         -0.3196754              -8.6988
       236                         -0.3195981              -8.6967
       237                         -0.3069493              -8.3525
       238                         -0.3065155              -8.3407
       239                         -0.3041939              -8.2775
       240                         -0.3033960              -8.2558
       241                         -0.2942567              -8.0071
       242                         -0.2939857              -7.9998
       243                         -0.2920857              -7.9481
       ...                                ...                  ...
       458                          1.4029093              38.1751
      -------------------------------------------------------------
                  HL-Gap            0.0779431 Eh            2.1209 eV
             Fermi-level           -0.3594272 Eh           -9.7805 eV

     #   Z        covCN         q      C6AA      α(0)
     1  46 Pd     3.531    -0.069   273.693    34.118
     2  46 Pd     3.531    -0.069   273.694    34.118
     3   6 C      1.983    -0.020    31.595     9.077
     4   6 C      1.981    -0.030    31.843     9.113
     5   6 C      2.965     0.045    26.996     8.522
     6   6 C      2.925    -0.016    28.422     8.743
     7   6 C      2.914    -0.018    28.453     8.747
     8   6 C      2.914    -0.030    28.738     8.791
     9   6 C      2.982     0.002    27.967     8.675
    10   6 C      2.902     0.066    26.522     8.444
    11   7 N      2.668    -0.125    23.729     7.235
    12   6 C      2.903     0.039    27.120     8.539
    13   6 C      2.911    -0.029    28.725     8.788
    14   6 C      2.996     0.013    27.716     8.636
    15   1 H      0.926     0.060     2.197     2.318
    16   1 H      0.926     0.058     2.225     2.333
    17   1 H      0.926     0.073     2.058     2.243
    18   1 H      0.925     0.119     1.620     1.991
    19   1 H      0.925     0.145     1.427     1.868
    20   1 H      0.926     0.111     1.689     2.032
    21   6 C      2.970     0.041    27.073     8.535
    22   6 C      2.926    -0.023    28.584     8.768
    23   6 C      2.916    -0.025    28.634     8.775
    24   6 C      2.923    -0.027    28.667     8.780
    25   6 C      2.973    -0.001    28.040     8.686
    26   6 C      2.931    -0.041    29.009     8.833
    27   1 H      0.926     0.048     2.351     2.398
    28   1 H      0.926     0.040     2.443     2.444
    29   1 H      0.926     0.050     2.316     2.380
    30   1 H      0.926     0.080     1.979     2.200
    31   6 C      2.970     0.011    27.774     8.645
    32   6 C      2.930    -0.003    28.111     8.695
    33   6 C      2.911    -0.028    28.703     8.785
    34   6 C      2.914     0.057    26.729     8.478
    35   7 N      2.669    -0.092    23.041     7.129
    36   6 C      2.908     0.045    26.981     8.517
    37   1 H      0.926     0.082     1.960     2.190
    38   1 H      0.926     0.095     1.833     2.117
    39   1 H      0.925     0.128     1.547     1.945
    40   1 H      0.925     0.135     1.500     1.915
    41   6 C      1.983    -0.020    31.596     9.077
    42   6 C      1.981    -0.030    31.843     9.113
    43   6 C      2.965     0.045    26.997     8.523
    44   6 C      2.925    -0.016    28.422     8.743
    45   6 C      2.914    -0.018    28.453     8.747
    46   6 C      2.914    -0.030    28.738     8.791
    47   6 C      2.982     0.002    27.966     8.675
    48   6 C      2.902     0.066    26.523     8.444
    49   7 N      2.668    -0.125    23.725     7.234
    50   6 C      2.903     0.039    27.123     8.539
    51   6 C      2.911    -0.029    28.726     8.789
    52   6 C      2.996     0.013    27.716     8.636
    53   1 H      0.926     0.060     2.197     2.318
    54   1 H      0.926     0.058     2.226     2.333
    55   1 H      0.926     0.073     2.058     2.243
    56   1 H      0.925     0.119     1.621     1.991
    57   1 H      0.925     0.145     1.426     1.868
    58   1 H      0.926     0.111     1.689     2.032
    59   6 C      2.970     0.041    27.073     8.535
    60   6 C      2.926    -0.023    28.584     8.768
    61   6 C      2.916    -0.025    28.634     8.775
    62   6 C      2.923    -0.027    28.667     8.780
    63   6 C      2.973    -0.001    28.041     8.686
    64   6 C      2.931    -0.041    29.009     8.833
    65   1 H      0.926     0.048     2.351     2.398
    66   1 H      0.926     0.040     2.443     2.444
    67   1 H      0.926     0.050     2.316     2.380
    68   1 H      0.926     0.080     1.979     2.200
    69   6 C      2.970     0.011    27.774     8.645
    70   6 C      2.930    -0.003    28.111     8.695
    71   6 C      2.911    -0.028    28.703     8.785
    72   6 C      2.914     0.057    26.730     8.478
    73   7 N      2.670    -0.092    23.037     7.128
    74   6 C      2.908     0.045    26.981     8.517
    75   1 H      0.926     0.082     1.961     2.190
    76   1 H      0.926     0.095     1.833     2.117
    77   1 H      0.925     0.129     1.546     1.945
    78   1 H      0.925     0.135     1.499     1.915
    79   6 C      1.983    -0.020    31.596     9.077
    80   6 C      1.981    -0.030    31.843     9.113
    81   6 C      2.965     0.045    26.997     8.523
    82   6 C      2.925    -0.016    28.422     8.743
    83   6 C      2.914    -0.018    28.453     8.747
    84   6 C      2.914    -0.030    28.738     8.791
    85   6 C      2.982     0.002    27.967     8.675
    86   6 C      2.902     0.066    26.523     8.444
    87   7 N      2.668    -0.125    23.724     7.234
    88   6 C      2.903     0.039    27.122     8.539
    89   6 C      2.911    -0.029    28.726     8.789
    90   6 C      2.996     0.013    27.716     8.636
    91   1 H      0.926     0.060     2.197     2.318
    92   1 H      0.926     0.058     2.226     2.333
    93   1 H      0.926     0.073     2.058     2.243
    94   1 H      0.925     0.119     1.620     1.991
    95   1 H      0.925     0.145     1.426     1.868
    96   1 H      0.926     0.111     1.689     2.032
    97   6 C      2.970     0.041    27.073     8.535
    98   6 C      2.926    -0.023    28.584     8.768
    99   6 C      2.916    -0.025    28.633     8.775
   100   6 C      2.923    -0.027    28.667     8.780
   101   6 C      2.973    -0.001    28.041     8.686
   102   6 C      2.931    -0.041    29.008     8.833
   103   1 H      0.926     0.048     2.351     2.398
   104   1 H      0.926     0.040     2.443     2.444
   105   1 H      0.926     0.050     2.316     2.380
   106   1 H      0.926     0.080     1.979     2.200
   107   6 C      2.970     0.011    27.774     8.645
   108   6 C      2.930    -0.003    28.111     8.695
   109   6 C      2.911    -0.028    28.703     8.785
   110   6 C      2.914     0.057    26.730     8.478
   111   7 N      2.670    -0.092    23.037     7.128
   112   6 C      2.908     0.045    26.981     8.517
   113   1 H      0.926     0.082     1.961     2.190
   114   1 H      0.926     0.095     1.833     2.117
   115   1 H      0.925     0.129     1.546     1.945
   116   1 H      0.925     0.135     1.499     1.915
   117   6 C      1.983    -0.020    31.595     9.077
   118   6 C      1.981    -0.030    31.843     9.113
   119   6 C      2.965     0.045    26.997     8.523
   120   6 C      2.925    -0.016    28.422     8.743
   121   6 C      2.914    -0.018    28.453     8.747
   122   6 C      2.914    -0.030    28.738     8.791
   123   6 C      2.982     0.002    27.967     8.675
   124   6 C      2.902     0.066    26.523     8.444
   125   7 N      2.668    -0.125    23.729     7.235
   126   6 C      2.903     0.039    27.119     8.539
   127   6 C      2.911    -0.029    28.725     8.788
   128   6 C      2.996     0.013    27.715     8.636
   129   1 H      0.926     0.060     2.197     2.318
   130   1 H      0.926     0.058     2.225     2.333
   131   1 H      0.926     0.073     2.058     2.243
   132   1 H      0.925     0.119     1.620     1.990
   133   1 H      0.925     0.145     1.427     1.868
   134   1 H      0.926     0.111     1.689     2.032
   135   6 C      2.970     0.041    27.073     8.535
   136   6 C      2.926    -0.023    28.584     8.768
   137   6 C      2.916    -0.025    28.633     8.775
   138   6 C      2.923    -0.027    28.667     8.780
   139   6 C      2.973    -0.001    28.040     8.686
   140   6 C      2.931    -0.041    29.009     8.833
   141   1 H      0.926     0.048     2.351     2.398
   142   1 H      0.926     0.040     2.443     2.444
   143   1 H      0.926     0.050     2.316     2.380
   144   1 H      0.926     0.080     1.979     2.200
   145   6 C      2.970     0.011    27.774     8.645
   146   6 C      2.930    -0.003    28.111     8.695
   147   6 C      2.911    -0.028    28.702     8.785
   148   6 C      2.914     0.057    26.730     8.478
   149   7 N      2.669    -0.092    23.039     7.129
   150   6 C      2.908     0.045    26.981     8.517
   151   1 H      0.926     0.082     1.961     2.190
   152   1 H      0.926     0.095     1.833     2.117
   153   1 H      0.925     0.128     1.547     1.945
   154   1 H      0.925     0.135     1.500     1.915

 Mol. C6AA /au·bohr⁶  :     380280.051006
 Mol. C8AA /au·bohr⁸  :   10756051.360358
 Mol. α(0) /au        :       1013.469318


Wiberg/Mayer (AO) data.
largest (>0.10) Wiberg bond orders for each atom
          total WBO             WBO to atom ...
     1  Pd  3.514        N   87 0.594    N  125 0.594    N   73 0.590    N   35 0.589
     2  Pd  3.514        N   49 0.594    N   11 0.594    N  111 0.590    N  149 0.589
     3  C   3.946        C    4 2.646    C   21 1.129
     4  C   3.953        C    3 2.646    C    5 1.140
     5  C   3.988        C    6 1.437    C   14 1.218    C    4 1.140
     6  C   3.963        C    5 1.437    C    7 1.348    H   15 0.968
     7  C   3.987        C    8 1.533    C    6 1.348    H   16 0.968
     8  C   3.942        C    7 1.533    C    9 1.272    H   17 0.964
     9  C   3.987        C   10 1.293    C    8 1.272    C   14 1.233
    10  C   3.964        N   11 1.443    C    9 1.293    H   18 0.912    C   13 0.103
    11  N   3.523        C   10 1.443    C   12 1.232    Pd   2 0.594
    12  C   3.957        C   13 1.547    N   11 1.232    H   19 0.899
    13  C   3.979        C   12 1.547    C   14 1.291    H   20 0.953    C   10 0.103
    14  C   3.980        C   13 1.291    C    9 1.233    C    5 1.218
    15  H   0.996        C    6 0.968
    16  H   0.995        C    7 0.968
    17  H   0.994        C    8 0.964
    18  H   0.985        C   10 0.912
    19  H   0.978        C   12 0.899
    20  H   0.987        C   13 0.953
    21  C   3.988        C   26 1.366    C   22 1.346    C    3 1.129
    22  C   3.967        C   23 1.452    C   21 1.346    H   27 0.970
    23  C   3.990        C   22 1.452    C   24 1.440    H   28 0.969
    24  C   3.953        C   23 1.440    C   25 1.373    H   29 0.967
    25  C   3.985        C   26 1.399    C   24 1.373    C   31 1.054
    26  C   3.968        C   25 1.399    C   21 1.366    H   30 0.962
    27  H   0.997        C   22 0.970
    28  H   0.997        C   23 0.969
    29  H   0.997        C   24 0.967
    30  H   0.994        C   26 0.962
    31  C   3.983        C   36 1.385    C   32 1.370    C   25 1.054
    32  C   3.978        C   33 1.447    C   31 1.370    H   37 0.962
    33  C   3.981        C   32 1.447    C   34 1.429    H   38 0.961
    34  C   3.963        C   33 1.429    N   35 1.349    H   39 0.907
    35  N   3.534        C   36 1.359    C   34 1.349    Pd   1 0.589
    36  C   3.966        C   31 1.385    N   35 1.359    H   40 0.907
    37  H   0.992        C   32 0.962
    38  H   0.990        C   33 0.961
    39  H   0.982        C   34 0.907
    40  H   0.981        C   36 0.907
    41  C   3.946        C   42 2.646    C   59 1.129
    42  C   3.953        C   41 2.646    C   43 1.140
    43  C   3.988        C   44 1.438    C   52 1.218    C   42 1.140
    44  C   3.964        C   43 1.438    C   45 1.347    H   53 0.968
    45  C   3.987        C   46 1.533    C   44 1.347    H   54 0.968
    46  C   3.942        C   45 1.533    C   47 1.272    H   55 0.964
    47  C   3.987        C   48 1.293    C   46 1.272    C   52 1.233
    48  C   3.965        N   49 1.443    C   47 1.293    H   56 0.912    C   51 0.103
    49  N   3.523        C   48 1.443    C   50 1.232    Pd   2 0.594
    50  C   3.957        C   51 1.547    N   49 1.232    H   57 0.899
    51  C   3.979        C   50 1.547    C   52 1.291    H   58 0.953    C   48 0.103
    52  C   3.980        C   51 1.291    C   47 1.233    C   43 1.218
    53  H   0.996        C   44 0.968
    54  H   0.995        C   45 0.968
    55  H   0.994        C   46 0.964
    56  H   0.985        C   48 0.912
    57  H   0.978        C   50 0.899
    58  H   0.987        C   51 0.953
    59  C   3.988        C   64 1.366    C   60 1.347    C   41 1.129
    60  C   3.967        C   61 1.452    C   59 1.347    H   65 0.970
    61  C   3.990        C   60 1.452    C   62 1.440    H   66 0.969
    62  C   3.953        C   61 1.440    C   63 1.373    H   67 0.967
    63  C   3.985        C   64 1.399    C   62 1.373    C   69 1.054
    64  C   3.968        C   63 1.399    C   59 1.366    H   68 0.962
    65  H   0.997        C   60 0.970
    66  H   0.997        C   61 0.969
    67  H   0.997        C   62 0.967
    68  H   0.994        C   64 0.962
    69  C   3.983        C   74 1.384    C   70 1.370    C   63 1.054
    70  C   3.979        C   71 1.447    C   69 1.370    H   75 0.962
    71  C   3.981        C   70 1.447    C   72 1.429    H   76 0.961
    72  C   3.963        C   71 1.429    N   73 1.349    H   77 0.907
    73  N   3.534        C   74 1.359    C   72 1.349    Pd   1 0.590
    74  C   3.966        C   69 1.384    N   73 1.359    H   78 0.907
    75  H   0.992        C   70 0.962
    76  H   0.990        C   71 0.961
    77  H   0.982        C   72 0.907
    78  H   0.981        C   74 0.907
    79  C   3.946        C   80 2.646    C   97 1.129
    80  C   3.953        C   79 2.646    C   81 1.140
    81  C   3.988        C   82 1.437    C   90 1.218    C   80 1.140
    82  C   3.964        C   81 1.437    C   83 1.348    H   91 0.968
    83  C   3.987        C   84 1.533    C   82 1.348    H   92 0.968
    84  C   3.942        C   83 1.533    C   85 1.272    H   93 0.964
    85  C   3.987        C   86 1.293    C   84 1.272    C   90 1.233
    86  C   3.965        N   87 1.443    C   85 1.293    H   94 0.912    C   89 0.103
    87  N   3.523        C   86 1.443    C   88 1.232    Pd   1 0.594
    88  C   3.957        C   89 1.547    N   87 1.232    H   95 0.899
    89  C   3.979        C   88 1.547    C   90 1.291    H   96 0.953    C   86 0.103
    90  C   3.980        C   89 1.291    C   85 1.233    C   81 1.218
    91  H   0.996        C   82 0.968
    92  H   0.995        C   83 0.968
    93  H   0.994        C   84 0.964
    94  H   0.985        C   86 0.912
    95  H   0.978        C   88 0.899
    96  H   0.987        C   89 0.953
    97  C   3.988        C  102 1.366    C   98 1.346    C   79 1.129
    98  C   3.967        C   99 1.452    C   97 1.346    H  103 0.970
    99  C   3.990        C   98 1.452    C  100 1.440    H  104 0.969
   100  C   3.953        C   99 1.440    C  101 1.373    H  105 0.967
   101  C   3.985        C  102 1.399    C  100 1.373    C  107 1.054
   102  C   3.968        C  101 1.399    C   97 1.366    H  106 0.962
   103  H   0.997        C   98 0.970
   104  H   0.997        C   99 0.969
   105  H   0.997        C  100 0.967
   106  H   0.994        C  102 0.962
   107  C   3.983        C  112 1.384    C  108 1.370    C  101 1.054
   108  C   3.979        C  109 1.447    C  107 1.370    H  113 0.962
   109  C   3.981        C  108 1.447    C  110 1.429    H  114 0.961
   110  C   3.963        C  109 1.429    N  111 1.349    H  115 0.907
   111  N   3.534        C  112 1.359    C  110 1.349    Pd   2 0.590
   112  C   3.966        C  107 1.384    N  111 1.359    H  116 0.907
   113  H   0.992        C  108 0.962
   114  H   0.990        C  109 0.961
   115  H   0.982        C  110 0.907
   116  H   0.981        C  112 0.907
   117  C   3.946        C  118 2.646    C  135 1.129
   118  C   3.953        C  117 2.646    C  119 1.140
   119  C   3.988        C  120 1.437    C  128 1.218    C  118 1.140
   120  C   3.964        C  119 1.437    C  121 1.347    H  129 0.968
   121  C   3.987        C  122 1.533    C  120 1.347    H  130 0.968
   122  C   3.942        C  121 1.533    C  123 1.272    H  131 0.964
   123  C   3.987        C  124 1.293    C  122 1.272    C  128 1.233
   124  C   3.964        N  125 1.443    C  123 1.293    H  132 0.912    C  127 0.103
   125  N   3.523        C  124 1.443    C  126 1.232    Pd   1 0.594
   126  C   3.957        C  127 1.547    N  125 1.232    H  133 0.899
   127  C   3.979        C  126 1.547    C  128 1.291    H  134 0.953    C  124 0.103
   128  C   3.980        C  127 1.291    C  123 1.233    C  119 1.218
   129  H   0.996        C  120 0.968
   130  H   0.995        C  121 0.968
   131  H   0.994        C  122 0.964
   132  H   0.985        C  124 0.912
   133  H   0.978        C  126 0.899
   134  H   0.987        C  127 0.953
   135  C   3.988        C  140 1.366    C  136 1.347    C  117 1.129
   136  C   3.967        C  137 1.452    C  135 1.347    H  141 0.970
   137  C   3.990        C  136 1.452    C  138 1.440    H  142 0.969
   138  C   3.953        C  137 1.440    C  139 1.373    H  143 0.967
   139  C   3.985        C  140 1.399    C  138 1.373    C  145 1.054
   140  C   3.968        C  139 1.399    C  135 1.366    H  144 0.962
   141  H   0.997        C  136 0.970
   142  H   0.997        C  137 0.969
   143  H   0.997        C  138 0.967
   144  H   0.994        C  140 0.962
   145  C   3.983        C  150 1.384    C  146 1.370    C  139 1.054
   146  C   3.979        C  147 1.447    C  145 1.370    H  151 0.962
   147  C   3.981        C  146 1.447    C  148 1.429    H  152 0.961
   148  C   3.963        C  147 1.429    N  149 1.349    H  153 0.907
   149  N   3.534        C  150 1.359    C  148 1.349    Pd   2 0.589
   150  C   3.966        C  145 1.384    N  149 1.359    H  154 0.907
   151  H   0.992        C  146 0.962
   152  H   0.990        C  147 0.961
   153  H   0.982        C  148 0.907
   154  H   0.981        C  150 0.907

molecular dipole:
                 x           y           z       tot (Debye)
 q only:       -2.987      -7.226       1.775
   full:       -2.989      -7.226       1.777      20.382
molecular quadrupole (traceless):
                xx          xy          yy          xz          yz          zz
 q only:     -112.950      35.503     229.573      19.221       1.115    -116.623
  q+dip:     -127.770      37.872     258.833      36.307      -0.327    -131.063
   full:     -114.906      38.962     233.655      27.362       3.710    -118.749

           -------------------------------------------------
          |               Frequency Printout                |
           -------------------------------------------------
 projected vibrational frequencies (cm-1)
eigval :       -0.00    -0.00     0.00     0.00     0.00     0.00
eigval :        7.94     9.15     9.92    10.76    16.72    18.03
eigval :       18.54    25.06    25.68    30.27    32.56    34.29
eigval :       34.84    41.24    44.04    48.09    50.86    58.13
eigval :       59.69    60.39    60.81    68.76    71.45    73.17
eigval :       73.69    78.67    84.55    86.26    89.14    92.40
eigval :      104.76   104.95   106.76   110.92   114.57   115.23
eigval :      120.30   122.66   125.55   131.73   133.84   140.51
eigval :      142.64   143.53   146.52   150.40   166.25   167.95
eigval :      169.41   172.17   173.65   174.80   182.77   183.85
eigval :      198.47   199.48   213.72   215.16   218.84   221.38
eigval :      221.40   225.09   238.97   243.83   250.69   251.65
eigval :      255.88   257.16   265.43   271.24   271.38   273.85
eigval :      282.04   284.40   286.20   291.00   317.24   317.52
eigval :      318.58   319.32   334.39   336.84   338.34   338.63
eigval :      341.31   342.78   342.95   343.66   348.82   349.20
eigval :      353.29   353.90   386.09   386.22   392.06   392.43
eigval :      395.14   395.28   397.93   398.30   423.33   423.52
eigval :      425.17   425.26   447.01   447.93   453.49   453.86
eigval :      467.70   468.20   468.58   469.31   476.34   477.14
eigval :      477.34   478.57   489.91   490.05   491.70   492.07
eigval :      511.21   511.28   513.35   515.61   525.36   525.37
eigval :      526.90   528.26   539.92   541.30   542.11   542.31
eigval :      571.69   572.57   574.65   574.68   588.49   591.84
eigval :      592.71   593.06   599.73   599.81   600.39   600.43
eigval :      611.62   614.58   619.82   620.29   624.33   624.78
eigval :      627.06   627.15   658.51   658.63   659.04   659.16
eigval :      671.21   671.28   672.37   672.60   677.61   679.30
eigval :      681.60   682.42   724.52   724.62   725.38   725.53
eigval :      743.67   744.27   744.69   745.92   770.06   771.75
eigval :      774.55   775.35   777.04   778.99   781.59   782.58
eigval :      795.93   795.95   797.90   798.01   799.97   800.55
eigval :      802.27   802.57   813.80   814.16   829.99   830.94
eigval :      848.70   848.75   853.58   855.34   855.60   856.57
eigval :      857.01   857.27   858.52   859.66   862.84   864.31
eigval :      866.07   866.95   870.32   870.45   885.67   886.74
eigval :      891.15   892.03   894.49   894.78   897.10   897.26
eigval :      897.53   897.70   897.92   898.47   898.58   901.60
eigval :      903.01   903.30   903.64   903.83   904.04   904.84
eigval :      935.19   935.24   935.40   935.46   935.46   935.65
eigval :      935.79   935.84   938.61   938.66   938.77   938.97
eigval :      977.06   978.13   978.58   978.75   996.95   997.17
eigval :     1000.42  1000.93  1044.77  1045.25  1045.63  1046.34
eigval :     1075.69  1076.23  1076.87  1077.06  1082.66  1082.77
eigval :     1084.57  1084.75  1094.16  1094.32  1096.14  1096.43
eigval :     1110.03  1110.19  1110.81  1110.84  1122.59  1122.62
eigval :     1124.45  1124.46  1132.18  1132.20  1134.01  1134.05
eigval :     1148.60  1156.44  1158.54  1165.96  1168.94  1169.65
eigval :     1170.91  1172.70  1173.55  1174.28  1176.58  1177.65
eigval :     1188.30  1189.27  1190.51  1192.02  1193.69  1193.85
eigval :     1194.79  1196.06  1214.45  1214.59  1218.09  1218.28
eigval :     1218.98  1219.24  1219.69  1219.95  1233.25  1233.45
eigval :     1239.67  1241.45  1246.98  1247.13  1248.24  1249.94
eigval :     1270.66  1270.82  1270.86  1271.53  1295.80  1295.86
eigval :     1296.27  1297.22  1298.24  1299.87  1300.19  1302.36
eigval :     1315.33  1315.37  1315.43  1315.44  1320.01  1320.62
eigval :     1320.70  1320.80  1347.43  1347.48  1348.30  1350.58
eigval :     1368.31  1368.71  1368.89  1369.30  1379.65  1380.95
eigval :     1381.10  1382.43  1399.00  1399.17  1400.44  1400.48
eigval :     1403.96  1404.20  1404.29  1404.83  1425.42  1425.73
eigval :     1425.78  1426.11  1447.60  1447.85  1448.20  1448.65
eigval :     1460.86  1460.98  1461.89  1461.95  1474.49  1474.56
eigval :     1474.83  1474.98  1535.51  1535.76  1535.84  1535.96
eigval :     1539.84  1540.16  1540.40  1540.73  1549.77  1549.98
eigval :     1550.64  1550.73  1554.94  1555.98  1556.09  1556.27
eigval :     1559.52  1559.57  1559.70  1559.78  1565.67  1565.77
eigval :     1566.21  1566.54  1577.89  1577.96  1578.10  1578.19
eigval :     2306.94  2307.03  2307.40  2307.46  2977.76  2978.58
eigval :     2983.09  2983.51  2983.67  2984.03  2985.03  2985.16
eigval :     2985.55  2985.84  2988.95  2989.10  2993.54  2994.12
eigval :     2996.51  2997.13  3085.74  3085.94  3085.97  3086.19
eigval :     3094.82  3094.88  3095.27  3095.43  3098.35  3098.40
eigval :     3098.79  3098.84  3103.10  3103.34  3103.40  3103.55
eigval :     3103.97  3104.10  3104.24  3104.51  3106.86  3107.35
eigval :     3107.69  3107.90  3109.83  3110.02  3110.55  3110.88
eigval :     3111.01  3111.19  3111.24  3111.40  3115.34  3115.61
eigval :     3115.67  3116.94  3118.15  3118.62  3118.74  3119.02
 reduced masses (amu)
   1: 11.82   2: 24.96   3: 24.94   4: 23.95   5: 22.79   6: 24.39   7: 11.41   8: 11.60
   9: 18.39  10: 16.04  11: 11.67  12: 15.35  13: 11.23  14: 30.20  15: 23.32  16: 12.15
  17: 11.04  18: 27.33  19: 11.14  20: 13.01  21: 11.71  22: 13.99  23: 10.80  24: 11.11
  25: 11.66  26: 30.19  27: 13.13  28: 12.78  29: 16.27  30: 11.37  31: 11.04  32: 13.43
  33: 10.88  34: 10.92  35: 11.34  36: 14.24  37: 11.41  38: 11.62  39: 11.51  40: 12.14
  41: 11.60  42: 11.29  43: 10.50  44: 11.05  45: 14.22  46: 12.08  47: 20.16  48: 11.52
  49: 11.78  50: 10.97  51: 11.93  52: 17.30  53: 21.04  54: 17.88  55: 13.87  56: 13.82
  57: 16.28  58: 18.56  59: 11.24  60: 10.57  61: 21.12  62: 18.94  63: 17.39  64: 16.10
  65: 10.98  66: 11.31  67: 38.54  68: 39.96  69: 25.11  70: 24.21  71: 10.10  72: 10.61
  73: 22.24  74: 17.99  75: 34.27  76: 25.73  77: 23.28  78: 37.97  79: 36.18  80: 19.15
  81: 33.84  82: 26.49  83: 14.53  84: 12.86  85: 12.22  86: 14.32  87: 10.92  88: 10.98
  89: 11.02  90: 12.77  91: 12.96  92: 13.60  93: 13.43  94: 12.29  95: 10.33  96: 10.26
  97: 14.47  98: 14.55  99: 11.00 100: 11.02 101:  9.46 102:  9.47 103:  9.60 104:  9.78
 105: 12.55 106: 12.48 107: 10.46 108: 10.45 109: 10.57 110: 10.60 111: 11.09 112: 11.10
 113: 10.64 114: 10.70 115: 11.24 116: 11.39 117: 11.32 118: 11.50 119: 11.30 120: 11.50
 121: 11.73 122: 11.82 123: 11.83 124: 11.84 125: 12.01 126: 12.26 127: 11.11 128: 11.40
 129: 11.14 130: 11.80 131: 11.54 132: 11.48 133: 11.74 134: 12.05 135: 11.19 136: 10.94
 137: 11.30 138: 11.07 139: 11.72 140: 11.87 141: 11.94 142: 12.03 143: 11.25 144: 11.27
 145: 11.58 146: 11.36 147: 11.45 148: 11.46 149: 11.46 150: 11.45 151: 10.58 152: 10.83
 153: 11.03 154: 10.92 155: 12.44 156: 12.45 157: 12.33 158: 12.21 159:  9.39 160:  9.40
 161:  9.44 162:  9.45 163: 11.29 164: 10.86 165: 11.11 166: 11.35 167:  8.63 168:  9.13
 169:  9.02 170:  9.19 171: 10.64 172: 10.66 173: 10.74 174: 10.74 175: 11.46 176: 11.51
 177: 11.42 178: 11.54 179:  4.73 180:  4.81 181:  4.51 182:  4.49 183:  4.44 184:  4.59
 185:  4.24 186:  4.28 187: 11.09 188: 11.09 189: 10.80 190: 11.05 191:  5.22 192:  5.17
 193:  5.37 194:  5.16 195:  3.78 196:  3.76 197:  3.86 198:  3.85 199:  4.34 200:  4.42
 201:  7.99 202:  9.35 203:  5.50 204:  4.68 205:  4.00 206:  6.49 207:  8.54 208:  8.42
 209:  5.68 210:  4.66 211:  4.28 212:  5.43 213:  4.27 214:  4.33 215:  3.60 216:  3.80
 217:  4.03 218:  4.25 219:  3.82 220:  3.92 221:  4.55 222:  4.12 223:  7.96 224:  6.12
 225:  4.14 226:  3.71 227:  3.88 228: 10.44 229:  6.27 230:  5.56 231:  6.90 232:  5.27
 233:  4.19 234:  9.26 235:  3.71 236:  3.71 237:  3.71 238:  3.71 239:  3.71 240:  3.70
 241:  3.71 242:  3.70 243:  3.67 244:  3.71 245:  3.73 246:  3.70 247: 11.23 248: 11.23
 249: 11.25 250: 11.23 251: 10.91 252: 10.88 253: 10.98 254: 10.96 255: 10.14 256: 10.15
 257: 10.19 258: 10.01 259:  7.18 260:  7.06 261:  7.12 262:  7.08 263:  5.70 264:  5.64
 265:  6.05 266:  6.28 267:  8.02 268:  8.01 269:  7.71 270:  7.71 271:  6.01 272:  5.97
 273:  6.02 274:  6.02 275:  3.68 276:  3.71 277:  3.69 278:  3.69 279:  4.45 280:  4.45
 281:  4.43 282:  4.44 283:  3.30 284:  3.78 285:  3.86 286:  5.22 287:  2.62 288:  2.69
 289:  2.41 290:  3.53 291:  3.54 292:  3.16 293:  2.40 294:  2.32 295:  2.91 296:  2.77
 297:  2.32 298:  1.88 299:  2.69 300:  2.76 301:  3.16 302:  3.57 303:  3.88 304:  3.79
 305:  3.85 306:  4.06 307:  7.67 308:  7.45 309:  7.73 310:  7.44 311:  3.13 312:  3.11
 313:  3.48 314:  3.39 315:  4.66 316:  4.73 317:  4.45 318:  4.22 319:  6.32 320:  6.37
 321:  6.32 322:  6.58 323: 11.50 324: 11.47 325: 11.99 326: 12.18 327:  8.40 328:  8.81
 329:  7.89 330:  8.89 331: 11.71 332: 11.71 333: 11.71 334: 11.72 335: 10.40 336: 10.44
 337: 10.37 338: 10.35 339:  9.88 340:  9.84 341:  9.97 342:  9.83 343:  9.82 344:  9.87
 345:  9.86 346:  9.73 347: 10.36 348: 10.24 349: 10.45 350: 10.35 351: 11.39 352: 11.37
 353: 11.35 354: 11.37 355:  9.55 356:  9.56 357:  9.56 358:  9.55 359:  9.81 360:  9.81
 361:  9.76 362:  9.80 363: 10.73 364: 10.71 365: 10.76 366: 10.74 367: 10.79 368: 10.77
 369: 10.79 370: 10.81 371: 10.82 372: 10.83 373: 10.82 374: 10.82 375: 11.64 376: 11.65
 377: 11.68 378: 11.67 379: 11.60 380: 11.64 381: 11.62 382: 11.65 383: 11.68 384: 11.64
 385: 11.66 386: 11.67 387: 11.66 388: 11.68 389: 11.63 390: 11.64 391: 11.50 392: 11.50
 393: 11.52 394: 11.52 395: 11.49 396: 11.51 397: 11.51 398: 11.54 399: 11.55 400: 11.55
 401: 11.56 402: 11.56 403: 12.01 404: 12.01 405: 12.01 406: 12.01 407:  1.87 408:  1.87
 409:  1.86 410:  1.85 411:  1.85 412:  1.85 413:  1.85 414:  1.85 415:  1.85 416:  1.85
 417:  1.84 418:  1.84 419:  1.84 420:  1.84 421:  1.84 422:  1.84 423:  1.78 424:  1.78
 425:  1.78 426:  1.78 427:  1.78 428:  1.78 429:  1.78 430:  1.78 431:  1.84 432:  1.83
 433:  1.83 434:  1.84 435:  1.84 436:  1.84 437:  1.84 438:  1.84 439:  1.89 440:  1.89
 441:  1.89 442:  1.89 443:  1.82 444:  1.82 445:  1.82 446:  1.82 447:  1.83 448:  1.83
 449:  1.83 450:  1.90 451:  1.90 452:  1.85 453:  1.89 454:  1.90 455:  1.86 456:  1.86
 457:  1.85 458:  1.85 459:  1.90 460:  1.90 461:  1.90 462:  1.89
 IR intensities (amu)
   1:  0.13   2:  0.63   3:  0.61   4:  0.47   5:  0.26   6:  0.60   7:  0.10   8:  0.03
   9:  0.58  10:  0.43  11:  0.01  12:  0.01  13:  0.06  14:  0.01  15:  0.00  16:  0.14
  17:  0.01  18:  0.00  19:  0.00  20:  0.18  21:  0.01  22:  0.00  23:  0.04  24:  0.02
  25:  0.01  26:  0.16  27:  0.19  28:  0.20  29:  0.18  30:  0.01  31:  0.01  32:  0.00
  33:  0.01  34:  0.08  35:  0.13  36:  0.00  37:  0.01  38:  0.11  39:  0.00  40:  0.24
  41:  0.28  42:  0.01  43:  0.09  44:  0.01  45:  0.26  46:  0.00  47:  0.00  48:  0.23
  49:  0.00  50:  0.01  51:  0.09  52:  0.26  53:  0.02  54:  0.71  55:  0.42  56:  0.01
  57:  0.47  58:  0.01  59:  0.00  60:  0.14  61:  0.81  62:  0.01  63:  0.49  64:  0.00
  65:  0.13  66:  0.01  67:  0.01  68:  0.54  69:  0.70  70:  0.01  71:  0.07  72:  0.01
  73:  0.01  74:  0.21  75:  1.01  76:  0.81  77:  0.28  78:  0.02  79:  0.01  80:  0.01
  81:  0.90  82:  0.86  83:  0.00  84:  0.00  85:  0.15  86:  0.40  87:  0.29  88:  0.01
  89:  0.18  90:  0.04  91:  0.31  92:  0.36  93:  0.03  94:  0.01  95:  0.00  96:  0.01
  97:  0.00  98:  0.11  99:  0.00 100:  0.04 101:  0.01 102:  0.10 103:  0.08 104:  0.01
 105:  0.47 106:  0.02 107:  0.00 108:  0.05 109:  0.04 110:  0.20 111:  0.24 112:  0.01
 113:  0.08 114:  0.01 115:  0.01 116:  0.11 117:  0.13 118:  0.00 119:  0.18 120:  0.00
 121:  0.01 122:  0.32 123:  0.01 124:  0.29 125:  0.02 126:  0.70 127:  0.02 128:  0.12
 129:  0.09 130:  0.00 131:  0.09 132:  0.12 133:  0.00 134:  0.24 135:  0.00 136:  0.00
 137:  0.10 138:  0.09 139:  0.00 140:  0.55 141:  0.03 142:  0.78 143:  0.02 144:  0.05
 145:  0.01 146:  0.00 147:  0.01 148:  0.11 149:  0.34 150:  0.04 151:  0.01 152:  0.31
 153:  0.01 154:  0.23 155:  0.42 156:  0.00 157:  0.41 158:  0.01 159:  0.03 160:  0.05
 161:  0.09 162:  0.11 163:  0.18 164:  0.00 165:  0.16 166:  0.00 167:  0.16 168:  0.00
 169:  0.00 170:  0.33 171:  0.08 172:  0.03 173:  0.15 174:  0.05 175:  0.00 176:  0.11
 177:  0.48 178:  0.00 179:  0.01 180:  0.44 181:  0.23 182:  0.01 183:  0.06 184:  0.00
 185:  0.00 186:  0.18 187:  0.00 188:  0.01 189:  0.14 190:  0.00 191:  0.01 192:  0.13
 193:  0.11 194:  0.01 195:  0.17 196:  0.49 197:  0.25 198:  0.04 199:  0.09 200:  0.23
 201:  0.01 202:  0.06 203:  0.18 204:  0.23 205:  0.03 206:  0.01 207:  0.45 208:  0.62
 209:  0.43 210:  0.02 211:  0.01 212:  0.47 213:  0.25 214:  0.17 215:  0.01 216:  0.03
 217:  0.08 218:  0.02 219:  0.01 220:  0.02 221:  0.01 222:  0.00 223:  0.05 224:  0.05
 225:  0.01 226:  0.02 227:  0.07 228:  0.16 229:  0.04 230:  0.08 231:  0.04 232:  0.03
 233:  0.08 234:  0.01 235:  0.03 236:  0.03 237:  0.03 238:  0.04 239:  0.06 240:  0.05
 241:  0.03 242:  0.06 243:  0.07 244:  0.05 245:  0.09 246:  0.07 247:  0.00 248:  0.01
 249:  0.34 250:  0.44 251:  0.01 252:  0.17 253:  0.55 254:  0.01 255:  0.00 256:  0.03
 257:  0.00 258:  0.20 259:  0.03 260:  0.57 261:  0.55 262:  0.07 263:  0.04 264:  0.01
 265:  0.01 266:  0.16 267:  0.60 268:  0.06 269:  0.72 270:  0.05 271:  0.25 272:  0.03
 273:  0.33 274:  0.37 275:  0.36 276:  0.02 277:  0.23 278:  0.40 279:  0.00 280:  0.01
 281:  0.20 282:  0.02 283:  0.01 284:  0.64 285:  0.24 286:  0.01 287:  0.04 288:  0.01
 289:  0.00 290:  0.40 291:  0.01 292:  0.21 293:  0.42 294:  0.01 295:  0.00 296:  0.05
 297:  0.49 298:  0.01 299:  0.02 300:  0.07 301:  0.28 302:  0.00 303:  0.07 304:  0.11
 305:  0.08 306:  0.20 307:  0.22 308:  0.03 309:  0.04 310:  0.33 311:  0.01 312:  0.00
 313:  0.00 314:  0.18 315:  0.35 316:  0.04 317:  0.50 318:  0.00 319:  0.55 320:  0.37
 321:  0.61 322:  0.04 323:  0.48 324:  0.50 325:  0.02 326:  0.00 327:  0.00 328:  0.24
 329:  0.02 330:  0.42 331:  0.13 332:  0.08 333:  0.11 334:  0.13 335:  0.08 336:  0.89
 337:  0.24 338:  0.14 339:  0.15 340:  0.24 341:  0.00 342:  0.00 343:  0.50 344:  0.03
 345:  0.02 346:  1.11 347:  0.01 348:  0.03 349:  0.10 350:  0.86 351:  0.11 352:  1.49
 353:  0.48 354:  1.93 355:  0.05 356:  0.05 357:  0.46 358:  0.01 359:  0.17 360:  0.04
 361:  0.35 362:  0.00 363:  0.07 364:  1.29 365:  0.01 366:  0.04 367:  0.01 368:  0.03
 369:  0.18 370:  1.35 371:  0.96 372:  0.56 373:  0.07 374:  0.03 375:  1.27 376:  0.15
 377:  0.10 378:  0.05 379:  0.08 380:  0.59 381:  0.15 382:  0.65 383:  1.86 384:  0.26
 385:  0.10 386:  0.22 387:  0.84 388:  0.09 389:  0.63 390:  0.05 391:  0.13 392:  0.12
 393:  0.00 394:  0.03 395:  0.01 396:  0.01 397:  0.77 398:  0.50 399:  0.27 400:  0.21
 401:  0.03 402:  0.08 403:  1.00 404:  1.14 405:  1.07 406:  1.48 407:  0.01 408:  0.06
 409:  0.05 410:  0.07 411:  0.03 412:  0.03 413:  0.04 414:  0.00 415:  0.17 416:  0.05
 417:  0.19 418:  0.20 419:  0.06 420:  0.06 421:  0.07 422:  0.12 423:  0.20 424:  0.19
 425:  0.19 426:  0.19 427:  0.12 428:  0.16 429:  0.14 430:  0.14 431:  0.20 432:  0.18
 433:  0.20 434:  0.19 435:  0.13 436:  0.12 437:  0.14 438:  0.10 439:  0.27 440:  0.38
 441:  0.45 442:  0.53 443:  0.17 444:  0.16 445:  0.14 446:  0.16 447:  0.03 448:  0.02
 449:  0.03 450:  0.17 451:  0.25 452:  0.07 453:  0.06 454:  0.48 455:  0.07 456:  0.05
 457:  0.08 458:  0.07 459:  0.04 460:  0.04 461:  0.05 462:  0.04
 Raman intensities (amu)
   1:  0.00   2:  0.00   3:  0.00   4:  0.00   5:  0.00   6:  0.00   7:  0.00   8:  0.00
   9:  0.00  10:  0.00  11:  0.00  12:  0.00  13:  0.00  14:  0.00  15:  0.00  16:  0.00
  17:  0.00  18:  0.00  19:  0.00  20:  0.00  21:  0.00  22:  0.00  23:  0.00  24:  0.00
  25:  0.00  26:  0.00  27:  0.00  28:  0.00  29:  0.00  30:  0.00  31:  0.00  32:  0.00
  33:  0.00  34:  0.00  35:  0.00  36:  0.00  37:  0.00  38:  0.00  39:  0.00  40:  0.00
  41:  0.00  42:  0.00  43:  0.00  44:  0.00  45:  0.00  46:  0.00  47:  0.00  48:  0.00
  49:  0.00  50:  0.00  51:  0.00  52:  0.00  53:  0.00  54:  0.00  55:  0.00  56:  0.00
  57:  0.00  58:  0.00  59:  0.00  60:  0.00  61:  0.00  62:  0.00  63:  0.00  64:  0.00
  65:  0.00  66:  0.00  67:  0.00  68:  0.00  69:  0.00  70:  0.00  71:  0.00  72:  0.00
  73:  0.00  74:  0.00  75:  0.00  76:  0.00  77:  0.00  78:  0.00  79:  0.00  80:  0.00
  81:  0.00  82:  0.00  83:  0.00  84:  0.00  85:  0.00  86:  0.00  87:  0.00  88:  0.00
  89:  0.00  90:  0.00  91:  0.00  92:  0.00  93:  0.00  94:  0.00  95:  0.00  96:  0.00
  97:  0.00  98:  0.00  99:  0.00 100:  0.00 101:  0.00 102:  0.00 103:  0.00 104:  0.00
 105:  0.00 106:  0.00 107:  0.00 108:  0.00 109:  0.00 110:  0.00 111:  0.00 112:  0.00
 113:  0.00 114:  0.00 115:  0.00 116:  0.00 117:  0.00 118:  0.00 119:  0.00 120:  0.00
 121:  0.00 122:  0.00 123:  0.00 124:  0.00 125:  0.00 126:  0.00 127:  0.00 128:  0.00
 129:  0.00 130:  0.00 131:  0.00 132:  0.00 133:  0.00 134:  0.00 135:  0.00 136:  0.00
 137:  0.00 138:  0.00 139:  0.00 140:  0.00 141:  0.00 142:  0.00 143:  0.00 144:  0.00
 145:  0.00 146:  0.00 147:  0.00 148:  0.00 149:  0.00 150:  0.00 151:  0.00 152:  0.00
 153:  0.00 154:  0.00 155:  0.00 156:  0.00 157:  0.00 158:  0.00 159:  0.00 160:  0.00
 161:  0.00 162:  0.00 163:  0.00 164:  0.00 165:  0.00 166:  0.00 167:  0.00 168:  0.00
 169:  0.00 170:  0.00 171:  0.00 172:  0.00 173:  0.00 174:  0.00 175:  0.00 176:  0.00
 177:  0.00 178:  0.00 179:  0.00 180:  0.00 181:  0.00 182:  0.00 183:  0.00 184:  0.00
 185:  0.00 186:  0.00 187:  0.00 188:  0.00 189:  0.00 190:  0.00 191:  0.00 192:  0.00
 193:  0.00 194:  0.00 195:  0.00 196:  0.00 197:  0.00 198:  0.00 199:  0.00 200:  0.00
 201:  0.00 202:  0.00 203:  0.00 204:  0.00 205:  0.00 206:  0.00 207:  0.00 208:  0.00
 209:  0.00 210:  0.00 211:  0.00 212:  0.00 213:  0.00 214:  0.00 215:  0.00 216:  0.00
 217:  0.00 218:  0.00 219:  0.00 220:  0.00 221:  0.00 222:  0.00 223:  0.00 224:  0.00
 225:  0.00 226:  0.00 227:  0.00 228:  0.00 229:  0.00 230:  0.00 231:  0.00 232:  0.00
 233:  0.00 234:  0.00 235:  0.00 236:  0.00 237:  0.00 238:  0.00 239:  0.00 240:  0.00
 241:  0.00 242:  0.00 243:  0.00 244:  0.00 245:  0.00 246:  0.00 247:  0.00 248:  0.00
 249:  0.00 250:  0.00 251:  0.00 252:  0.00 253:  0.00 254:  0.00 255:  0.00 256:  0.00
 257:  0.00 258:  0.00 259:  0.00 260:  0.00 261:  0.00 262:  0.00 263:  0.00 264:  0.00
 265:  0.00 266:  0.00 267:  0.00 268:  0.00 269:  0.00 270:  0.00 271:  0.00 272:  0.00
 273:  0.00 274:  0.00 275:  0.00 276:  0.00 277:  0.00 278:  0.00 279:  0.00 280:  0.00
 281:  0.00 282:  0.00 283:  0.00 284:  0.00 285:  0.00 286:  0.00 287:  0.00 288:  0.00
 289:  0.00 290:  0.00 291:  0.00 292:  0.00 293:  0.00 294:  0.00 295:  0.00 296:  0.00
 297:  0.00 298:  0.00 299:  0.00 300:  0.00 301:  0.00 302:  0.00 303:  0.00 304:  0.00
 305:  0.00 306:  0.00 307:  0.00 308:  0.00 309:  0.00 310:  0.00 311:  0.00 312:  0.00
 313:  0.00 314:  0.00 315:  0.00 316:  0.00 317:  0.00 318:  0.00 319:  0.00 320:  0.00
 321:  0.00 322:  0.00 323:  0.00 324:  0.00 325:  0.00 326:  0.00 327:  0.00 328:  0.00
 329:  0.00 330:  0.00 331:  0.00 332:  0.00 333:  0.00 334:  0.00 335:  0.00 336:  0.00
 337:  0.00 338:  0.00 339:  0.00 340:  0.00 341:  0.00 342:  0.00 343:  0.00 344:  0.00
 345:  0.00 346:  0.00 347:  0.00 348:  0.00 349:  0.00 350:  0.00 351:  0.00 352:  0.00
 353:  0.00 354:  0.00 355:  0.00 356:  0.00 357:  0.00 358:  0.00 359:  0.00 360:  0.00
 361:  0.00 362:  0.00 363:  0.00 364:  0.00 365:  0.00 366:  0.00 367:  0.00 368:  0.00
 369:  0.00 370:  0.00 371:  0.00 372:  0.00 373:  0.00 374:  0.00 375:  0.00 376:  0.00
 377:  0.00 378:  0.00 379:  0.00 380:  0.00 381:  0.00 382:  0.00 383:  0.00 384:  0.00
 385:  0.00 386:  0.00 387:  0.00 388:  0.00 389:  0.00 390:  0.00 391:  0.00 392:  0.00
 393:  0.00 394:  0.00 395:  0.00 396:  0.00 397:  0.00 398:  0.00 399:  0.00 400:  0.00
 401:  0.00 402:  0.00 403:  0.00 404:  0.00 405:  0.00 406:  0.00 407:  0.00 408:  0.00
 409:  0.00 410:  0.00 411:  0.00 412:  0.00 413:  0.00 414:  0.00 415:  0.00 416:  0.00
 417:  0.00 418:  0.00 419:  0.00 420:  0.00 421:  0.00 422:  0.00 423:  0.00 424:  0.00
 425:  0.00 426:  0.00 427:  0.00 428:  0.00 429:  0.00 430:  0.00 431:  0.00 432:  0.00
 433:  0.00 434:  0.00 435:  0.00 436:  0.00 437:  0.00 438:  0.00 439:  0.00 440:  0.00
 441:  0.00 442:  0.00 443:  0.00 444:  0.00 445:  0.00 446:  0.00 447:  0.00 448:  0.00
 449:  0.00 450:  0.00 451:  0.00 452:  0.00 453:  0.00 454:  0.00 455:  0.00 456:  0.00
 457:  0.00 458:  0.00 459:  0.00 460:  0.00 461:  0.00 462:  0.00
 output can be read by thermo (or use thermo option).
 writing <g98.out> molden fake output.
 recommended (thermochemical) frequency scaling factor: 1.0
           -------------------------------------------------
          |             Thermodynamic Functions             |
           -------------------------------------------------

Refinement of some symmetry elements was terminated before convergence was reached.
Some symmetry elements may remain unidentified.
Molecule has the following symmetry elements: (C2) 
It seems to be the C2 point group
c2  symmetry found (for desy threshold:  0.10E+00) used in thermo

          ...................................................
          :                      SETUP                      :
          :.................................................:
          :  # frequencies                         456      :
          :  # imaginary freq.                       0      :
          :  linear?                             false      :
          :  only rotor calc.                    false      :
          :  symmetry                               c2      :
          :  rotational number                       2      :
          :  scaling factor                  1.0000000      :
          :  rotor cutoff                   50.0000000 cm⁻¹ :
          :  imag. cutoff                  -20.0000000 cm⁻¹ :
          :.................................................:

    mode    ω/cm⁻¹     T·S(HO)/kcal·mol⁻¹    T·S(FR)/kcal·mol⁻¹   T·S(vib)
   ------------------------------------------------------------------------
       1      7.94    -2.52542 (  0.06%)    -1.60179 ( 99.94%)    -1.60238
       2      9.15    -2.44136 (  0.11%)    -1.55976 ( 99.89%)    -1.56074
       3      9.92    -2.39346 (  0.15%)    -1.53581 ( 99.85%)    -1.53713
       4     10.76    -2.34499 (  0.21%)    -1.51157 ( 99.79%)    -1.51335
       5     16.72    -2.08409 (  1.23%)    -1.38107 ( 98.77%)    -1.38975
       6     18.03    -2.03941 (  1.66%)    -1.35872 ( 98.34%)    -1.37004
       7     18.54    -2.02277 (  1.86%)    -1.35040 ( 98.14%)    -1.36288
       8     25.06    -1.84455 (  5.93%)    -1.26120 ( 94.07%)    -1.29582
       9     25.68    -1.82995 (  6.51%)    -1.25390 ( 93.49%)    -1.29139
      10     30.27    -1.73277 ( 11.84%)    -1.20523 ( 88.16%)    -1.26769
      11     32.56    -1.68971 ( 15.23%)    -1.18366 ( 84.77%)    -1.26075
      12     34.29    -1.65901 ( 18.11%)    -1.16828 ( 81.89%)    -1.25717
      13     34.84    -1.64961 ( 19.08%)    -1.16357 ( 80.92%)    -1.25629
      14     41.24    -1.55001 ( 31.63%)    -1.11363 ( 68.37%)    -1.25166
      15     44.04    -1.51116 ( 37.58%)    -1.09414 ( 62.42%)    -1.25084
      16     48.09    -1.45930 ( 46.11%)    -1.06810 ( 53.89%)    -1.24847
      17     50.86    -1.42619 ( 51.71%)    -1.05147 ( 48.29%)    -1.24525
      18     58.13    -1.34759 ( 64.62%)    -1.01194 ( 35.38%)    -1.22883
      19     59.69    -1.33194 ( 67.01%)    -1.00406 ( 32.99%)    -1.22378
      20     60.39    -1.32511 ( 68.03%)    -1.00063 ( 31.97%)    -1.22137
      21     60.81    -1.32098 ( 68.64%)    -0.99854 ( 31.36%)    -1.21985
      22     68.76    -1.24883 ( 78.15%)    -0.96217 ( 21.85%)    -1.18619
      23     71.45    -1.22626 ( 80.66%)    -0.95078 ( 19.34%)    -1.17298
      24     73.17    -1.21231 ( 82.10%)    -0.94374 ( 17.90%)    -1.16424
      25     73.69    -1.20817 ( 82.51%)    -0.94164 ( 17.49%)    -1.16156
      26     78.67    -1.16990 ( 85.97%)    -0.92229 ( 14.03%)    -1.13516
      27     84.55    -1.12772 ( 89.10%)    -0.90093 ( 10.90%)    -1.10301
      28     86.26    -1.11604 ( 89.85%)    -0.89501 ( 10.15%)    -1.09362
      29     89.14    -1.09685 ( 90.99%)    -0.88527 (  9.01%)    -1.07779
      30     92.40    -1.07593 ( 92.10%)    -0.87464 (  7.90%)    -1.06003
      31    104.76    -1.00290 ( 95.07%)    -0.83743 (  4.93%)    -0.99474
      32    104.95    -1.00183 ( 95.10%)    -0.83689 (  4.90%)    -0.99375
      33    106.76    -0.99193 ( 95.41%)    -0.83183 (  4.59%)    -0.98458
      34    110.92    -0.96981 ( 96.03%)    -0.82051 (  3.97%)    -0.96389
      35    114.57    -0.95108 ( 96.50%)    -0.81091 (  3.50%)    -0.94618
      36    115.23    -0.94778 ( 96.58%)    -0.80922 (  3.42%)    -0.94304
      37    120.30    -0.92296 ( 97.10%)    -0.79647 (  2.90%)    -0.91929
      38    122.66    -0.91175 ( 97.31%)    -0.79070 (  2.69%)    -0.90850
      39    125.55    -0.89836 ( 97.55%)    -0.78380 (  2.45%)    -0.89555
      40    131.73    -0.87079 ( 97.97%)    -0.76957 (  2.03%)    -0.86873
      41    133.84    -0.86170 ( 98.09%)    -0.76487 (  1.91%)    -0.85985
      42    140.51    -0.83389 ( 98.42%)    -0.75045 (  1.58%)    -0.83258
      43    142.64    -0.82531 ( 98.51%)    -0.74599 (  1.49%)    -0.82413
      44    143.53    -0.82177 ( 98.55%)    -0.74415 (  1.45%)    -0.82065
      45    146.52    -0.81006 ( 98.66%)    -0.73805 (  1.34%)    -0.80909
      46    150.40    -0.79521 ( 98.79%)    -0.73030 (  1.21%)    -0.79442
      47    166.25    -0.73866 ( 99.19%)    -0.70063 (  0.81%)    -0.73835
      48    167.95    -0.73293 ( 99.22%)    -0.69761 (  0.78%)    -0.73266
      49    169.41    -0.72808 ( 99.25%)    -0.69504 (  0.75%)    -0.72783
      50    172.17    -0.71903 ( 99.29%)    -0.69026 (  0.71%)    -0.71883
      51    173.65    -0.71424 ( 99.32%)    -0.68772 (  0.68%)    -0.71406
      52    174.80    -0.71056 ( 99.34%)    -0.68577 (  0.66%)    -0.71039
      53    182.77    -0.68573 ( 99.44%)    -0.67256 (  0.56%)    -0.68566
      54    183.85    -0.68246 ( 99.46%)    -0.67082 (  0.54%)    -0.68240
      55    198.47    -0.64020 ( 99.60%)    -0.64815 (  0.40%)    -0.64023
      56    199.48    -0.63742 ( 99.61%)    -0.64665 (  0.39%)    -0.63746
      57    213.72    -0.59978 ( 99.70%)    -0.62622 (  0.30%)    -0.59986
      58    215.16    -0.59613 ( 99.71%)    -0.62422 (  0.29%)    -0.59621
      59    218.84    -0.58696 ( 99.73%)    -0.61920 (  0.27%)    -0.58705
      60    221.38    -0.58073 ( 99.74%)    -0.61579 (  0.26%)    -0.58082
      61    221.40    -0.58068 ( 99.74%)    -0.61576 (  0.26%)    -0.58077
      62    225.09    -0.57177 ( 99.76%)    -0.61085 (  0.24%)    -0.57186
      63    238.97    -0.53980 ( 99.81%)    -0.59313 (  0.19%)    -0.53990
      64    243.83    -0.52915 ( 99.82%)    -0.58717 (  0.18%)    -0.52925
      65    250.69    -0.51453 ( 99.84%)    -0.57895 (  0.16%)    -0.51463
      66    251.65    -0.51251 ( 99.84%)    -0.57781 (  0.16%)    -0.51261
      67    255.88    -0.50378 ( 99.85%)    -0.57288 (  0.15%)    -0.50389
      68    257.16    -0.50118 ( 99.86%)    -0.57140 (  0.14%)    -0.50129
      69    265.43    -0.48473 ( 99.87%)    -0.56203 (  0.13%)    -0.48483
      70    271.24    -0.47356 ( 99.88%)    -0.55561 (  0.12%)    -0.47365
      71    271.38    -0.47328 ( 99.88%)    -0.55546 (  0.12%)    -0.47338
      72    273.85    -0.46862 ( 99.89%)    -0.55277 (  0.11%)    -0.46871
      73    282.04    -0.45356 ( 99.90%)    -0.54404 (  0.10%)    -0.45365
      74    284.40    -0.44933 ( 99.90%)    -0.54157 (  0.10%)    -0.44941
      75    286.20    -0.44613 ( 99.91%)    -0.53971 (  0.09%)    -0.44622
      76    291.00    -0.43773 ( 99.91%)    -0.53478 (  0.09%)    -0.43781
   ------------------------------------------------------------------------

   temp. (K)  partition function   enthalpy   heat capacity  entropy
                                   cal/mol     cal/K/mol   cal/K/mol   J/K/mol
 298.15  VIB  0.344E+40            50168.114    324.218    315.447
         ROT  0.273E+09              888.752      2.981     41.581
         INT  0.939E+48            51056.866    327.199    357.029
         TR   0.528E+29             1481.254      4.968     47.643
         TOT                       52538.1198   332.1670   404.6720  1693.1477

       T/K    H(0)-H(T)+PV         H(T)/Eh          T*S/Eh         G(T)/Eh
   ------------------------------------------------------------------------
    298.15    0.837248E-01    0.122874E+01    0.192273E+00    0.103647E+01
   ------------------------------------------------------------------------

         :::::::::::::::::::::::::::::::::::::::::::::::::::::
         ::                  THERMODYNAMIC                  ::
         :::::::::::::::::::::::::::::::::::::::::::::::::::::
         :: total free energy        -247.224818560189 Eh   ::
         ::.................................................::
         :: total energy             -248.261285958645 Eh   ::
         :: zero point energy           1.145015306719 Eh   ::
         :: G(RRHO) w/o ZPVE           -0.108547908262 Eh   ::
         :: G(RRHO) contrib.            1.036467398456 Eh   ::
         :::::::::::::::::::::::::::::::::::::::::::::::::::::

           -------------------------------------------------
          | TOTAL ENERGY             -248.261285958645 Eh   |
          | TOTAL ENTHALPY           -247.032545828742 Eh   |
          | TOTAL FREE ENERGY        -247.224818560189 Eh   |
          | GRADIENT NORM               0.000678419772 Eh/α |
          | HOMO-LUMO GAP               2.120939856615 eV   |
           -------------------------------------------------

------------------------------------------------------------------------
 * finished run on 2021/06/21 at 18:42:43.817     
------------------------------------------------------------------------
 total:
 * wall-time:     0 d,  0 h, 10 min, 47.230 sec
 *  cpu-time:     0 d,  0 h, 40 min, 26.847 sec
 * ratio c/w:     3.750 speedup
 SCF:
 * wall-time:     0 d,  0 h,  0 min,  1.748 sec
 *  cpu-time:     0 d,  0 h,  0 min,  6.387 sec
 * ratio c/w:     3.654 speedup
 numerical hessian:
 * wall-time:     0 d,  0 h, 10 min, 43.081 sec
 *  cpu-time:     0 d,  0 h, 40 min, 17.991 sec
 * ratio c/w:     3.760 speedup

