      -----------------------------------------------------------      
     |                   =====================                   |     
     |                           x T B                           |     
     |                   =====================                   |     
     |                         S. Grimme                         |     
     |          Mulliken Center for Theoretical Chemistry        |     
     |                    University of Bonn                     |     
     |                Version 6.2 RC2 (SAW190805)                |     
      -----------------------------------------------------------      

   This program is distributed in the hope that it will be useful,
   but WITHOUT ANY WARRANTY; without even the implied warranty of
   MERCHANTABILITY or FITNESS FOR A PARTICULAR PURPOSE.
   
   FOR NON-COMMERCIAL, ACADEMIA USE ONLY.
   
   Cite this work as:
   * S. Grimme, C. Bannwarth, P. Shushkov, J. Chem. Theory Comput., 2017,
     13, 1989-2009. DOI: 10.1021/acs.jctc.7b00118
   * C. Bannwarth, S. Ehlert and S. Grimme., J. Chem. Theory Comput., 2019,
     15, 1652-1671. DOI: 10.1021/acs.jctc.8b01176
   * P. Pracht, E. Caldeweyher, S. Ehlert, S. Grimme, ChemRxiv, 2019, preprint.
     DOI: 10.26434/chemrxiv.8326202.v1
   
   for DFT-D4:
   * E. Caldeweyher, C. Bannwarth and S. Grimme, J. Chem. Phys., 2017,
     147, 034112. DOI: 10.1063/1.4993215
   * E. Caldeweyher, S. Ehlert, A. Hansen, H. Neugebauer, S. Spicher,
     C. Bannwarth and S. Grimme, J. Chem. Phys., 2019, 150, 154122.
     DOI: 10.1063/1.5090222
   
   for sTDA-xTB:
   * S. Grimme and C. Bannwarth, J. Chem. Phys., 2016, 145, 054103.
     DOI: 10.1063/1.4959605
   
   in the mass-spec context:
   * V. Asgeirsson, C. Bauer and S. Grimme, Chem. Sci., 2017, 8, 4879.
     DOI: 10.1039/c7sc00601b
   
   for metadynamics refer to:
   * S. Grimme, J. Chem. Theory Comput., 2019, 155, 2847-2862
     DOI: 10.1021/acs.jctc.9b00143
   
   with help from (in alphabetical order)
   C. Bannwarth, F. Bohle, G. Brandenburg, E. Caldeweyher, M. Checinski,
   S. Dohm, S. Ehlert, S. Ehrlich, F. März, H. Neugebauer, J. Pisarek,
   P. Pracht, P. Shushkov, and S. Spicher.
   
 * started run on 2021/06/22 at 01:30:46.540     

           -------------------------------------------------
          |                Calculation Setup                |
           -------------------------------------------------

          program call               : /home/atarzia/software/xtb-190806/bin/xtb /data/atarzia/projects/unsymm/screening/production/free_energy_calculations/fe_4c1_a/input_structure.xyz --gfn 2 --hess --parallel 6 --etemp 300 --gbsa dmso --chrg 4 --uhf 0 -I det_control.in
          coordinate file            : /data/atarzia/projects/unsymm/screening/production/free_energy_calculations/fe_4c1_a/input_structure.xyz
          omp threads                :                     6
          number of atoms            :                   194
          number of electrons        :                   592
          charge                     :                     4
          spin                       :                   0.0
          first test random number   :      0.22900597353722


########################################################################
# WARNING! Please study the warnings concerning your input carefully
#  - XTBHOME is not set, using HOME instead
#  - XTBPATH is not set, using XTBHOME instead
#  - Process number higher than OMP_NUM_THREADS, I hope you know what you are doing.
########################################################################

           ------------------------------------------------- 
          |                 G F N 2 - x T B                 |
          | Geometry, Frequencies, Noncovalent interactions |
          |            JCTC 2019 parametrisation            |
           ------------------------------------------------- 
             k(s)              :                1.8500
             k(p)              :                2.2300
             k(d)              :                2.2300
             k(f)              :                2.0000
             kEN (H0ij)        :               -2.0000
             D4 a1             :                0.5200
             D4 a2             :                5.0000
             D4 s6             :                1.0000
             D4 s8             :                2.7000
             D4 s9             :                5.0000
             alphaj            :                2.0000

  Z AO/shell   Hii/eV     exponent
  1     Wed Apr 25 08:07:45 CEST 2018   EN: 2.200 GM2: 0.406  GM3: 0.0800  RAES: 1.40
     1s    -10.707211    1.230000
  6     Wed Apr 25 08:07:45 CEST 2018   EN: 2.550 GM2: 0.538  GM3: 0.1500  RAES: 3.00
     2s    -13.970922    2.096432
     2p    -10.063292    1.800000
  7     Wed Apr 25 08:07:45 CEST 2018   EN: 3.040 GM2: 0.461  GM3:-0.0640  RAES: 1.90
     2s    -16.686243    2.339881
     2p    -12.523956    2.014332
 46     Wed Apr 25 16:26:58 CEST 2018   EN: 2.200 GM2: 0.273  GM3: 0.0800  RAES: 5.00
     4d    -11.963518    2.353691
     5s     -9.714059    1.828354
     5p     -2.035281    1.333352

 Solvent             : dmso
 Using internal parameter file: .param_gbsa2_dmso
 Gsolv ref. state (COSMO-RS): gsolv [1 M gas/solution]
 temperature (mdtemp)       :    298.150000000000     
 dielectric constant        :    46.6800000000000     
 rho                        :    1.10000000000000     
 mass                       :    78.1300000000000     
 surface tension            :    15.5689454083859     
 probe radius               :   0.949087640000000     
 vdW radii scaling          :    1.00000000000000     
 Gshift (Eh)                :   5.161738145414381E-003
 c1                         :    1.63948621000000     
 soset                      :   1.179665000000000E-002
 HB correction              :  T
           ------------------------------------------------- 
          |        Self-Consistent Charge Iterations        |
           ------------------------------------------------- 

          ...................................................
          :                      SETUP                      :
          :.................................................:
          :  # basis functions                 584          :
          :  # atomic orbitals                 582          :
          :  # shells                          322          :
          :  # electrons                       592          :
          :  max. iterations                   250          :
          :  Hamiltonian                  GFN2-xTB          :
          :  restarted?                      false          :
          :  GBSA solvation                   true          :
          :  PC potential                    false          :
          :  electronic temp.          300.0000000     K    :
          :  accuracy                    1.0000000          :
          :  -> integral cutoff          0.2500000E+02      :
          :  -> integral neglect         0.1000000E-07      :
          :  -> SCF convergence          0.1000000E-05 Eh   :
          :  -> wf. convergence          0.1000000E-03 e    :
          :  Broyden damping             0.4000000          :
          ...................................................

 iter      E             dE          RMSdq      gap      omega  full diag
   1   -322.7646233 -0.322765E+03  0.496E+00    2.22       0.0  T
   2   -323.2810585 -0.516435E+00  0.319E+00    1.28       1.0  T
   3   -323.1873626  0.936960E-01  0.173E+00    1.81       1.0  T
   4   -323.3885468 -0.201184E+00  0.877E-01    1.44       1.0  T
   5   -323.5043443 -0.115797E+00  0.266E-01    1.56       1.0  T
   6   -323.5116015 -0.725725E-02  0.119E-01    1.57       1.0  T
   7   -323.5126852 -0.108370E-02  0.566E-02    1.58       1.0  T
   8   -323.5126903 -0.507803E-05  0.325E-02    1.57       1.0  T
   9   -323.5128096 -0.119330E-03  0.138E-02    1.57       1.0  T
  10   -323.5128364 -0.267506E-04  0.493E-03    1.57       1.5  T
  11   -323.5128375 -0.111917E-05  0.254E-03    1.57       2.8  T
  12   -323.5128378 -0.361266E-06  0.121E-03    1.57       5.9  T
  13   -323.5128380 -0.110962E-06  0.424E-04    1.57      16.9  T
  14   -323.5128380 -0.217257E-07  0.223E-04    1.57      32.2  T

   *** convergence criteria satisfied after 14 iterations ***

         #    Occupation            Energy/Eh            Energy/eV
      -------------------------------------------------------------
         1        2.0000           -0.7258104             -19.7503
       ...           ...                  ...                  ...
       290        2.0000           -0.3916336             -10.6569
       291        2.0000           -0.3916299             -10.6568
       292        2.0000           -0.3916017             -10.6560
       293        2.0000           -0.3766930             -10.2503
       294        2.0000           -0.3763993             -10.2423
       295        2.0000           -0.3763960             -10.2423
       296        2.0000           -0.3762361             -10.2379 (HOMO)
       297                         -0.3185581              -8.6684 (LUMO)
       298                         -0.3178394              -8.6489
       299                         -0.3178370              -8.6488
       300                         -0.3142707              -8.5517
       301                         -0.3011879              -8.1957
       ...                                ...                  ...
       582                          1.5216444              41.4061
      -------------------------------------------------------------
                  HL-Gap            0.0576780 Eh            1.5695 eV
             Fermi-level           -0.3470836 Eh           -9.4446 eV

 SCC (total)                   0 d,  0 h,  0 min,  3.009 sec
 SCC setup                      ...        0 min,  0.166 sec (  5.524%)
 Dispersion                     ...        0 min,  0.044 sec (  1.469%)
 integral evaluation            ...        0 min,  0.475 sec ( 15.793%)
 zeroth order Hamiltonian       ...        0 min,  0.006 sec (  0.189%)
 iterations                     ...        0 min,  1.878 sec ( 62.407%)
 molecular gradient             ...        0 min,  0.418 sec ( 13.903%)
 printout                       ...        0 min,  0.021 sec (  0.712%)

         :::::::::::::::::::::::::::::::::::::::::::::::::::::
         ::                     SUMMARY                     ::
         :::::::::::::::::::::::::::::::::::::::::::::::::::::
         :: total energy            -317.681833334531 Eh    ::
         :: total w/o Gsasa/hb      -317.552942656660 Eh    ::
         :: gradient norm              0.000692907398 Eh/a0 ::
         :: HOMO-LUMO gap              1.569498007164 eV    ::
         ::.................................................::
         :: SCC energy              -323.621841285162 Eh    ::
         :: -> isotropic ES            0.587221730057 Eh    ::
         :: -> anisotropic ES         -0.064184602018 Eh    ::
         :: -> anisotropic XC          0.198606442793 Eh    ::
         :: -> dispersion             -0.311873722350 Eh    ::
         :: -> Gsolv                  -0.627156948825 Eh    ::
         ::    -> Gborn               -0.498266270954 Eh    ::
         ::    -> Gsasa               -0.114165042512 Eh    ::
         ::    -> Ghb                 -0.019887373504 Eh    ::
         ::    -> Gshift               0.005161738145 Eh    ::
         :: repulsion energy           5.925516635130 Eh    ::
         :: add. restraining           0.000000000000 Eh    ::
         :::::::::::::::::::::::::::::::::::::::::::::::::::::

           ------------------------------------------------- 
          |                Numerical Hessian                |
           ------------------------------------------------- 
step length          :   0.00500
SCC accuracy         :   0.30000
Hessian scale factor :   1.00000
frozen atoms in %    :   0.00000    0
RMS gradient         :   0.00069
estimated CPU  time    179.25 min
estimated wall time     44.52 min

writing file <hessian>.

 projected vibrational frequencies (cm-1)
eigval :       -0.00    -0.00     0.00     0.00     0.00     0.00
eigval :       10.67    10.75    10.94    11.03    14.77    14.80
eigval :       16.29    19.11    24.46    24.58    24.70    25.46
eigval :       31.75    33.84    33.90    35.73    39.92    39.96
eigval :       40.03    48.97    54.24    57.90    57.95    59.60
eigval :       62.52    62.62    62.75    69.12    72.99    74.71
eigval :       74.79    77.16    87.32    87.37    91.38    97.74
eigval :       98.77   101.25   101.28   103.89   114.13   114.93
eigval :      116.23   116.26   119.57   124.69   128.71   128.73
eigval :      130.90   145.11   151.46   155.93   155.95   158.85
eigval :      161.64   165.19   165.28   166.09   168.90   177.87
eigval :      178.00   179.70   182.57   182.59   186.16   190.65
eigval :      196.61   196.68   196.82   206.03   209.51   216.66
eigval :      216.72   224.71   236.98   240.45   243.02   243.09
eigval :      252.60   253.48   253.51   257.42   264.56   264.61
eigval :      267.19   268.25   268.27   268.94   274.45   281.64
eigval :      281.68   282.45   303.52   308.07   312.49   312.92
eigval :      312.93   314.24   314.29   315.19   339.43   339.47
eigval :      344.71   344.77   373.60   388.23   388.39   388.47
eigval :      390.77   390.94   390.98   391.54   392.00   393.96
eigval :      394.57   394.60   395.31   396.00   402.57   402.57
eigval :      421.85   421.85   422.45   422.58   429.09   429.13
eigval :      429.34   429.40   439.96   441.59   441.75   441.79
eigval :      442.97   446.53   447.77   447.79   451.46   451.87
eigval :      454.48   454.49   471.67   472.60   472.73   472.75
eigval :      491.01   495.95   499.29   499.31   510.48   512.71
eigval :      514.16   514.18   519.32   520.24   520.30   520.71
eigval :      526.25   527.02   528.07   528.25   529.53   531.65
eigval :      533.45   533.55   538.78   539.15   540.26   540.29
eigval :      563.76   566.69   568.25   568.26   575.54   575.90
eigval :      576.52   576.59   608.54   609.13   609.49   609.51
eigval :      610.09   611.01   613.03   613.05   615.46   616.11
eigval :      616.29   616.29   622.77   624.09   625.08   626.37
eigval :      626.39   627.36   631.90   631.93   670.99   671.11
eigval :      671.40   671.41   672.75   679.33   679.36   680.83
eigval :      687.50   687.84   687.85   688.26   713.34   713.38
eigval :      713.50   713.52   721.01   722.11   722.92   722.94
eigval :      725.54   725.91   726.05   726.05   768.28   769.05
eigval :      769.82   769.83   774.43   780.67   780.80   780.84
eigval :      780.94   781.07   781.12   784.93   800.09   803.09
eigval :      805.45   805.48   816.91   816.93   817.00   817.16
eigval :      824.27   825.06   825.20   825.83   833.11   833.20
eigval :      833.33   833.55   837.66   838.12   838.32   838.34
eigval :      850.07   857.02   857.21   859.92   860.51   861.58
eigval :      861.95   862.25   862.67   863.50   863.68   865.80
eigval :      869.44   869.61   869.68   870.08   870.22   871.83
eigval :      871.89   873.04   879.65   880.05   881.40   881.41
eigval :      890.81   894.74   894.88   894.91   894.99   895.02
eigval :      895.13   899.09   903.26   903.32   903.46   903.76
eigval :      906.18   906.25   906.28   906.41   912.00   912.10
eigval :      912.74   912.91   919.92   920.91   922.69   922.70
eigval :      936.49   936.55   936.69   936.72   936.92   936.93
eigval :      936.94   937.16   988.17   994.72   995.27   995.30
eigval :     1013.15  1013.59  1013.59  1014.27  1044.65  1045.52
eigval :     1046.62  1046.67  1066.49  1067.50  1067.58  1068.82
eigval :     1080.32  1081.78  1081.97  1082.76  1092.02  1093.27
eigval :     1093.35  1095.34  1104.60  1104.77  1104.84  1104.91
eigval :     1123.62  1126.09  1126.26  1130.19  1139.87  1140.03
eigval :     1140.08  1140.48  1145.95  1145.99  1146.11  1146.21
eigval :     1157.59  1157.82  1157.88  1159.08  1159.57  1160.08
eigval :     1160.10  1162.70  1166.82  1167.50  1167.55  1168.62
eigval :     1171.98  1174.20  1174.33  1179.48  1185.97  1186.73
eigval :     1186.78  1187.25  1200.77  1200.92  1201.00  1201.02
eigval :     1212.65  1212.76  1212.84  1213.39  1219.17  1219.58
eigval :     1219.60  1220.01  1230.73  1231.92  1231.97  1232.47
eigval :     1232.88  1234.08  1234.69  1234.73  1236.90  1237.03
eigval :     1237.49  1245.36  1274.77  1275.08  1275.12  1275.16
eigval :     1285.48  1285.58  1285.61  1285.63  1298.81  1298.82
eigval :     1300.14  1300.82  1300.87  1301.24  1303.06  1304.45
eigval :     1316.25  1316.47  1316.51  1317.38  1326.90  1326.96
eigval :     1327.06  1327.68  1339.79  1339.83  1339.86  1340.10
eigval :     1359.57  1359.60  1359.81  1360.52  1370.73  1370.74
eigval :     1371.04  1371.49  1373.05  1373.84  1374.04  1374.06
eigval :     1387.48  1387.50  1387.71  1389.68  1399.67  1399.96
eigval :     1400.01  1400.35  1415.22  1415.56  1415.61  1415.83
eigval :     1416.37  1416.43  1416.49  1417.10  1429.19  1429.26
eigval :     1429.86  1430.16  1441.62  1441.71  1441.98  1442.48
eigval :     1467.76  1468.24  1468.28  1468.53  1481.82  1481.91
eigval :     1481.93  1482.30  1483.47  1483.54  1483.57  1483.62
eigval :     1529.78  1529.83  1529.87  1530.60  1536.50  1537.77
eigval :     1538.41  1538.47  1548.39  1548.77  1548.89  1548.95
eigval :     1560.10  1560.12  1560.15  1560.16  1562.14  1562.59
eigval :     1563.17  1563.20  1569.76  1570.15  1570.63  1570.72
eigval :     1571.58  1571.63  1571.65  1571.69  1590.58  1590.65
eigval :     1590.70  1590.93  1608.94  1608.96  1609.03  1609.18
eigval :     2298.65  2298.77  2298.92  2298.99  2981.40  2983.98
eigval :     2984.37  2984.58  2984.77  2984.97  2985.52  2988.17
eigval :     2988.36  2988.54  2989.00  2993.45  3016.16  3016.97
eigval :     3017.41  3018.25  3090.27  3090.45  3090.48  3090.56
eigval :     3090.60  3090.61  3090.73  3090.95  3091.64  3091.70
eigval :     3092.00  3092.19  3102.40  3102.48  3102.60  3102.65
eigval :     3103.26  3103.43  3103.45  3103.60  3105.20  3105.20
eigval :     3105.37  3105.55  3106.91  3107.02  3107.05  3107.12
eigval :     3108.67  3108.94  3109.07  3109.14  3109.76  3109.84
eigval :     3109.94  3109.98  3111.03  3111.12  3111.34  3111.39
eigval :     3111.46  3111.62  3111.69  3112.11  3118.45  3118.53
eigval :     3118.62  3119.07  3474.69  3474.81  3474.93  3475.29
           -------------------------------------------------
          |                Property Printout                |
           -------------------------------------------------

    * Orbital Energies and Occupations

         #    Occupation            Energy/Eh            Energy/eV
      -------------------------------------------------------------
         1        2.0000           -0.7258123             -19.7504
       ...           ...                  ...                  ...
       284        2.0000           -0.4103074             -11.1650
       285        2.0000           -0.4044843             -11.0066
       286        2.0000           -0.4044315             -11.0051
       287        2.0000           -0.4044268             -11.0050
       288        2.0000           -0.4031997             -10.9716
       289        2.0000           -0.3917223             -10.6593
       290        2.0000           -0.3916314             -10.6568
       291        2.0000           -0.3916279             -10.6567
       292        2.0000           -0.3915996             -10.6560
       293        2.0000           -0.3766912             -10.2503
       294        2.0000           -0.3763976             -10.2423
       295        2.0000           -0.3763941             -10.2422
       296        2.0000           -0.3762343             -10.2379 (HOMO)
       297                         -0.3185582              -8.6684 (LUMO)
       298                         -0.3178395              -8.6489
       299                         -0.3178370              -8.6488
       300                         -0.3142706              -8.5517
       301                         -0.3011843              -8.1956
       302                         -0.3011695              -8.1952
       303                         -0.2971887              -8.0869
       304                         -0.2943679              -8.0102
       305                         -0.2853507              -7.7648
       306                         -0.2842081              -7.7337
       307                         -0.2842060              -7.7336
       ...                                ...                  ...
       582                          1.5216425              41.4060
      -------------------------------------------------------------
                  HL-Gap            0.0576761 Eh            1.5694 eV
             Fermi-level           -0.3470831 Eh           -9.4446 eV

     #   Z        covCN         q      C6AA      α(0)
     1  46 Pd     3.465    -0.071   273.776    34.124
     2  46 Pd     3.522    -0.092   274.723    34.182
     3   6 C      1.985    -0.016    31.480     9.061
     4   6 C      1.980    -0.043    32.213     9.166
     5   6 C      2.966     0.044    27.021     8.526
     6   6 C      2.923    -0.023    28.588     8.768
     7   6 C      2.915    -0.016    28.413     8.741
     8   6 C      2.914    -0.032    28.804     8.801
     9   6 C      2.989     0.026    27.403     8.587
    10   6 C      2.912    -0.033    28.814     8.802
    11   6 C      2.892     0.043    27.037     8.525
    12   7 N      2.662    -0.097    23.142     7.145
    13   6 C      2.904     0.057    26.711     8.474
    14   6 C      2.989    -0.010    28.264     8.721
    15   1 H      0.926     0.069     2.097     2.265
    16   1 H      0.926     0.060     2.202     2.320
    17   1 H      0.926     0.064     2.157     2.297
    18   1 H      0.926     0.089     1.890     2.150
    19   1 H      0.925     0.117     1.635     1.999
    20   1 H      0.925     0.116     1.643     2.004
    21   6 C      2.973     0.022    27.515     8.604
    22   6 C      2.936    -0.034    28.846     8.808
    23   6 C      2.908    -0.051    29.270     8.871
    24   6 C      3.080     0.054    26.711     8.473
    25   7 N      2.753    -0.127    23.746     7.237
    26   6 C      3.078     0.058    26.615     8.458
    27   6 C      2.908    -0.050    29.244     8.867
    28   6 C      2.928    -0.033    28.824     8.805
    29   6 C      2.977    -0.016    28.398     8.741
    30   6 C      2.915    -0.038    28.935     8.821
    31   6 C      3.069    -0.020    28.427     8.742
    32   6 C      3.067    -0.020    28.436     8.744
    33   6 C      2.917    -0.032    28.808     8.801
    34   1 H      0.926     0.041     2.440     2.443
    35   1 H      0.926     0.036     2.502     2.473
    36   1 H      0.860     0.203     1.091     1.636
    37   1 H      0.926     0.042     2.422     2.434
    38   1 H      0.926     0.048     2.340     2.392
    39   1 H      0.926     0.070     2.085     2.258
    40   1 H      0.926     0.071     2.077     2.254
    41   6 C      2.972     0.013    27.720     8.636
    42   6 C      2.931    -0.007    28.198     8.709
    43   6 C      2.911    -0.030    28.744     8.791
    44   6 C      2.911     0.052    26.838     8.495
    45   7 N      2.669    -0.090    23.010     7.124
    46   6 C      2.909     0.045    26.998     8.520
    47   1 H      0.926     0.081     1.969     2.194
    48   1 H      0.926     0.091     1.869     2.138
    49   1 H      0.925     0.121     1.608     1.983
    50   1 H      0.925     0.127     1.556     1.951
    51   6 C      1.985    -0.016    31.480     9.061
    52   6 C      1.980    -0.043    32.213     9.166
    53   6 C      2.966     0.044    27.020     8.526
    54   6 C      2.923    -0.023    28.588     8.768
    55   6 C      2.915    -0.016    28.413     8.741
    56   6 C      2.914    -0.032    28.804     8.801
    57   6 C      2.989     0.026    27.404     8.587
    58   6 C      2.912    -0.033    28.814     8.802
    59   6 C      2.892     0.043    27.037     8.525
    60   7 N      2.662    -0.097    23.142     7.145
    61   6 C      2.904     0.057    26.711     8.474
    62   6 C      2.989    -0.010    28.264     8.721
    63   1 H      0.926     0.069     2.097     2.265
    64   1 H      0.926     0.060     2.201     2.320
    65   1 H      0.926     0.064     2.158     2.297
    66   1 H      0.926     0.089     1.890     2.150
    67   1 H      0.925     0.117     1.635     2.000
    68   1 H      0.925     0.116     1.643     2.004
    69   6 C      2.973     0.022    27.516     8.604
    70   6 C      2.936    -0.034    28.846     8.808
    71   6 C      2.908    -0.051    29.270     8.871
    72   6 C      3.079     0.054    26.711     8.473
    73   7 N      2.753    -0.127    23.747     7.238
    74   6 C      3.078     0.058    26.614     8.458
    75   6 C      2.908    -0.050    29.244     8.867
    76   6 C      2.928    -0.033    28.825     8.805
    77   6 C      2.977    -0.016    28.397     8.741
    78   6 C      2.915    -0.038    28.935     8.821
    79   6 C      3.069    -0.020    28.427     8.742
    80   6 C      3.067    -0.020    28.435     8.744
    81   6 C      2.917    -0.032    28.808     8.802
    82   1 H      0.926     0.041     2.441     2.443
    83   1 H      0.926     0.036     2.502     2.473
    84   1 H      0.860     0.203     1.091     1.636
    85   1 H      0.926     0.042     2.422     2.434
    86   1 H      0.926     0.048     2.340     2.392
    87   1 H      0.926     0.070     2.085     2.258
    88   1 H      0.926     0.071     2.077     2.254
    89   6 C      2.972     0.013    27.720     8.636
    90   6 C      2.930    -0.007    28.198     8.709
    91   6 C      2.911    -0.030    28.744     8.791
    92   6 C      2.911     0.052    26.838     8.495
    93   7 N      2.669    -0.090    23.010     7.124
    94   6 C      2.908     0.045    26.999     8.520
    95   1 H      0.926     0.081     1.969     2.195
    96   1 H      0.926     0.091     1.869     2.138
    97   1 H      0.925     0.121     1.607     1.983
    98   1 H      0.925     0.127     1.556     1.951
    99   6 C      1.985    -0.016    31.480     9.061
   100   6 C      1.980    -0.043    32.213     9.166
   101   6 C      2.966     0.044    27.021     8.526
   102   6 C      2.923    -0.023    28.588     8.768
   103   6 C      2.915    -0.016    28.413     8.741
   104   6 C      2.914    -0.032    28.804     8.801
   105   6 C      2.989     0.026    27.404     8.587
   106   6 C      2.912    -0.033    28.815     8.802
   107   6 C      2.892     0.043    27.037     8.525
   108   7 N      2.662    -0.097    23.142     7.145
   109   6 C      2.904     0.057    26.711     8.474
   110   6 C      2.989    -0.010    28.264     8.721
   111   1 H      0.926     0.069     2.097     2.265
   112   1 H      0.926     0.060     2.201     2.320
   113   1 H      0.926     0.064     2.158     2.297
   114   1 H      0.926     0.089     1.889     2.150
   115   1 H      0.925     0.117     1.635     1.999
   116   1 H      0.925     0.116     1.643     2.004
   117   6 C      2.973     0.022    27.516     8.604
   118   6 C      2.936    -0.034    28.846     8.808
   119   6 C      2.908    -0.051    29.270     8.871
   120   6 C      3.080     0.054    26.711     8.473
   121   7 N      2.753    -0.127    23.746     7.237
   122   6 C      3.078     0.058    26.615     8.458
   123   6 C      2.908    -0.050    29.245     8.867
   124   6 C      2.928    -0.033    28.825     8.805
   125   6 C      2.977    -0.016    28.397     8.741
   126   6 C      2.915    -0.038    28.935     8.821
   127   6 C      3.069    -0.020    28.427     8.742
   128   6 C      3.067    -0.020    28.435     8.744
   129   6 C      2.917    -0.032    28.808     8.802
   130   1 H      0.926     0.041     2.441     2.443
   131   1 H      0.926     0.036     2.502     2.473
   132   1 H      0.860     0.203     1.091     1.636
   133   1 H      0.926     0.042     2.422     2.434
   134   1 H      0.926     0.048     2.340     2.392
   135   1 H      0.926     0.070     2.085     2.258
   136   1 H      0.926     0.071     2.077     2.254
   137   6 C      2.972     0.013    27.720     8.636
   138   6 C      2.931    -0.007    28.198     8.709
   139   6 C      2.911    -0.030    28.744     8.791
   140   6 C      2.911     0.052    26.838     8.495
   141   7 N      2.669    -0.090    23.010     7.124
   142   6 C      2.909     0.045    26.999     8.520
   143   1 H      0.926     0.081     1.969     2.195
   144   1 H      0.926     0.091     1.869     2.138
   145   1 H      0.925     0.121     1.608     1.983
   146   1 H      0.925     0.127     1.556     1.951
   147   6 C      1.985    -0.016    31.480     9.061
   148   6 C      1.980    -0.043    32.213     9.166
   149   6 C      2.966     0.044    27.020     8.526
   150   6 C      2.923    -0.023    28.588     8.768
   151   6 C      2.915    -0.016    28.413     8.741
   152   6 C      2.914    -0.032    28.804     8.801
   153   6 C      2.989     0.026    27.404     8.587
   154   6 C      2.912    -0.033    28.814     8.802
   155   6 C      2.892     0.043    27.037     8.525
   156   7 N      2.662    -0.097    23.142     7.145
   157   6 C      2.904     0.057    26.711     8.474
   158   6 C      2.989    -0.010    28.264     8.721
   159   1 H      0.926     0.069     2.097     2.264
   160   1 H      0.926     0.060     2.201     2.320
   161   1 H      0.926     0.064     2.157     2.297
   162   1 H      0.926     0.089     1.890     2.150
   163   1 H      0.925     0.117     1.635     2.000
   164   1 H      0.925     0.116     1.643     2.004
   165   6 C      2.973     0.022    27.515     8.604
   166   6 C      2.936    -0.034    28.846     8.808
   167   6 C      2.908    -0.051    29.270     8.871
   168   6 C      3.079     0.054    26.711     8.473
   169   7 N      2.753    -0.127    23.746     7.237
   170   6 C      3.078     0.058    26.615     8.458
   171   6 C      2.908    -0.050    29.245     8.867
   172   6 C      2.928    -0.033    28.824     8.805
   173   6 C      2.977    -0.016    28.398     8.741
   174   6 C      2.915    -0.038    28.935     8.821
   175   6 C      3.069    -0.020    28.427     8.742
   176   6 C      3.067    -0.020    28.435     8.744
   177   6 C      2.917    -0.032    28.808     8.801
   178   1 H      0.926     0.041     2.441     2.443
   179   1 H      0.926     0.036     2.502     2.473
   180   1 H      0.860     0.203     1.091     1.636
   181   1 H      0.926     0.042     2.422     2.434
   182   1 H      0.926     0.048     2.340     2.392
   183   1 H      0.926     0.070     2.085     2.258
   184   1 H      0.926     0.071     2.077     2.254
   185   6 C      2.972     0.013    27.719     8.636
   186   6 C      2.930    -0.007    28.198     8.709
   187   6 C      2.911    -0.030    28.744     8.791
   188   6 C      2.911     0.052    26.838     8.495
   189   7 N      2.668    -0.090    23.010     7.124
   190   6 C      2.908     0.045    26.999     8.520
   191   1 H      0.926     0.081     1.969     2.195
   192   1 H      0.926     0.091     1.869     2.138
   193   1 H      0.925     0.121     1.607     1.983
   194   1 H      0.925     0.127     1.556     1.951

 Mol. C6AA /au·bohr⁶  :     610447.420067
 Mol. C8AA /au·bohr⁸  :   16966083.019188
 Mol. α(0) /au        :       1279.334896


Wiberg/Mayer (AO) data.
largest (>0.10) Wiberg bond orders for each atom
          total WBO             WBO to atom ...
     1  Pd  3.463        N  108 0.603    N   60 0.603    N  156 0.603    N   12 0.603
     2  Pd  3.527        N   45 0.594    N  189 0.594    N  141 0.594    N   93 0.594
     3  C   3.936        C    4 2.631    C   21 1.123
     4  C   3.945        C    3 2.631    C    5 1.136
     5  C   3.984        C    6 1.453    C   14 1.198    C    4 1.136
     6  C   3.978        C    5 1.453    C    7 1.347    H   15 0.967
     7  C   3.983        C    8 1.522    C    6 1.347    H   16 0.967
     8  C   3.952        C    7 1.522    C    9 1.293    H   17 0.966
     9  C   3.988        C    8 1.293    C   10 1.273    C   14 1.229
    10  C   3.979        C   11 1.553    C    9 1.273    H   18 0.960    C   13 0.105
    11  C   3.967        C   10 1.553    N   12 1.246    H   19 0.918
    12  N   3.535        C   13 1.426    C   11 1.246    Pd   1 0.603
    13  C   3.968        N   12 1.426    C   14 1.321    H   20 0.910    C   10 0.105
    14  C   3.981        C   13 1.321    C    9 1.229    C    5 1.198
    15  H   0.995        C    6 0.967
    16  H   0.995        C    7 0.967
    17  H   0.995        C    8 0.966
    18  H   0.991        C   10 0.960
    19  H   0.985        C   11 0.918
    20  H   0.985        C   13 0.910
    21  C   3.977        C   33 1.390    C   22 1.309    C    3 1.123
    22  C   3.961        C   23 1.493    C   21 1.309    H   34 0.970
    23  C   3.983        C   22 1.493    C   24 1.342    H   35 0.966
    24  C   3.940        C   23 1.342    C   32 1.250    N   25 1.167
    25  N   3.518        C   26 1.181    C   24 1.167    H   36 0.929
    26  C   3.958        C   27 1.340    C   31 1.243    N   25 1.181
    27  C   3.983        C   28 1.494    C   26 1.340    H   37 0.967
    28  C   3.969        C   27 1.494    C   29 1.331    H   38 0.967
    29  C   3.973        C   30 1.405    C   28 1.331    C   41 1.063
    30  C   3.977        C   29 1.405    C   31 1.387    H   39 0.963
    31  C   3.978        C   30 1.387    C   26 1.243    C   32 1.142
    32  C   3.979        C   33 1.382    C   24 1.250    C   31 1.142
    33  C   3.969        C   21 1.390    C   32 1.382    H   40 0.965
    34  H   0.998        C   22 0.970
    35  H   0.997        C   23 0.966
    36  H   0.958        N   25 0.929
    37  H   0.997        C   27 0.967
    38  H   0.997        C   28 0.967
    39  H   0.995        C   30 0.963
    40  H   0.994        C   33 0.965
    41  C   3.980        C   46 1.378    C   42 1.362    C   29 1.063
    42  C   3.976        C   43 1.453    C   41 1.362    H   47 0.962
    43  C   3.981        C   42 1.453    C   44 1.424    H   48 0.962
    44  C   3.960        C   43 1.424    N   45 1.347    H   49 0.910
    45  N   3.541        C   46 1.359    C   44 1.347    Pd   2 0.594
    46  C   3.962        C   41 1.378    N   45 1.359    H   50 0.908
    47  H   0.992        C   42 0.962
    48  H   0.990        C   43 0.962
    49  H   0.984        C   44 0.910
    50  H   0.983        C   46 0.908
    51  C   3.936        C   52 2.631    C   69 1.123
    52  C   3.945        C   51 2.631    C   53 1.136
    53  C   3.984        C   54 1.453    C   62 1.198    C   52 1.136
    54  C   3.978        C   53 1.453    C   55 1.347    H   63 0.967
    55  C   3.983        C   56 1.522    C   54 1.347    H   64 0.967
    56  C   3.952        C   55 1.522    C   57 1.293    H   65 0.966
    57  C   3.988        C   56 1.293    C   58 1.273    C   62 1.229
    58  C   3.979        C   59 1.553    C   57 1.273    H   66 0.960    C   61 0.105
    59  C   3.967        C   58 1.553    N   60 1.246    H   67 0.918
    60  N   3.535        C   61 1.426    C   59 1.246    Pd   1 0.603
    61  C   3.968        N   60 1.426    C   62 1.321    H   68 0.910    C   58 0.105
    62  C   3.981        C   61 1.321    C   57 1.229    C   53 1.198
    63  H   0.995        C   54 0.967
    64  H   0.995        C   55 0.967
    65  H   0.995        C   56 0.966
    66  H   0.991        C   58 0.960
    67  H   0.985        C   59 0.918
    68  H   0.985        C   61 0.910
    69  C   3.977        C   81 1.390    C   70 1.309    C   51 1.123
    70  C   3.961        C   71 1.493    C   69 1.309    H   82 0.970
    71  C   3.983        C   70 1.493    C   72 1.342    H   83 0.966
    72  C   3.940        C   71 1.342    C   80 1.250    N   73 1.167
    73  N   3.518        C   74 1.181    C   72 1.167    H   84 0.929
    74  C   3.958        C   75 1.340    C   79 1.243    N   73 1.181
    75  C   3.983        C   76 1.494    C   74 1.340    H   85 0.967
    76  C   3.969        C   75 1.494    C   77 1.331    H   86 0.967
    77  C   3.973        C   78 1.405    C   76 1.331    C   89 1.064
    78  C   3.977        C   77 1.405    C   79 1.387    H   87 0.963
    79  C   3.978        C   78 1.387    C   74 1.243    C   80 1.142
    80  C   3.979        C   81 1.382    C   72 1.250    C   79 1.142
    81  C   3.969        C   69 1.390    C   80 1.382    H   88 0.965
    82  H   0.998        C   70 0.970
    83  H   0.997        C   71 0.966
    84  H   0.958        N   73 0.929
    85  H   0.997        C   75 0.967
    86  H   0.997        C   76 0.967
    87  H   0.995        C   78 0.963
    88  H   0.994        C   81 0.965
    89  C   3.980        C   94 1.378    C   90 1.361    C   77 1.064
    90  C   3.976        C   91 1.453    C   89 1.361    H   95 0.962
    91  C   3.981        C   90 1.453    C   92 1.424    H   96 0.962
    92  C   3.960        C   91 1.424    N   93 1.347    H   97 0.909
    93  N   3.541        C   94 1.359    C   92 1.347    Pd   2 0.594
    94  C   3.962        C   89 1.378    N   93 1.359    H   98 0.908
    95  H   0.992        C   90 0.962
    96  H   0.990        C   91 0.962
    97  H   0.984        C   92 0.909
    98  H   0.983        C   94 0.908
    99  C   3.936        C  100 2.631    C  117 1.123
   100  C   3.945        C   99 2.631    C  101 1.136
   101  C   3.984        C  102 1.453    C  110 1.198    C  100 1.136
   102  C   3.978        C  101 1.453    C  103 1.347    H  111 0.967
   103  C   3.983        C  104 1.522    C  102 1.347    H  112 0.967
   104  C   3.952        C  103 1.522    C  105 1.293    H  113 0.966
   105  C   3.988        C  104 1.293    C  106 1.273    C  110 1.229
   106  C   3.979        C  107 1.553    C  105 1.273    H  114 0.960    C  109 0.105
   107  C   3.967        C  106 1.553    N  108 1.246    H  115 0.918
   108  N   3.535        C  109 1.426    C  107 1.246    Pd   1 0.603
   109  C   3.968        N  108 1.426    C  110 1.321    H  116 0.910    C  106 0.105
   110  C   3.981        C  109 1.321    C  105 1.229    C  101 1.198
   111  H   0.995        C  102 0.967
   112  H   0.995        C  103 0.967
   113  H   0.995        C  104 0.966
   114  H   0.991        C  106 0.960
   115  H   0.985        C  107 0.918
   116  H   0.985        C  109 0.910
   117  C   3.977        C  129 1.390    C  118 1.309    C   99 1.123
   118  C   3.961        C  119 1.493    C  117 1.309    H  130 0.970
   119  C   3.983        C  118 1.493    C  120 1.342    H  131 0.966
   120  C   3.940        C  119 1.342    C  128 1.250    N  121 1.167
   121  N   3.518        C  122 1.181    C  120 1.167    H  132 0.929
   122  C   3.958        C  123 1.340    C  127 1.243    N  121 1.181
   123  C   3.983        C  124 1.494    C  122 1.340    H  133 0.967
   124  C   3.969        C  123 1.494    C  125 1.331    H  134 0.967
   125  C   3.973        C  126 1.405    C  124 1.331    C  137 1.063
   126  C   3.977        C  125 1.405    C  127 1.387    H  135 0.963
   127  C   3.978        C  126 1.387    C  122 1.243    C  128 1.142
   128  C   3.979        C  129 1.382    C  120 1.250    C  127 1.142
   129  C   3.969        C  117 1.390    C  128 1.382    H  136 0.965
   130  H   0.998        C  118 0.970
   131  H   0.997        C  119 0.966
   132  H   0.958        N  121 0.929
   133  H   0.997        C  123 0.967
   134  H   0.997        C  124 0.967
   135  H   0.995        C  126 0.963
   136  H   0.994        C  129 0.965
   137  C   3.980        C  142 1.378    C  138 1.362    C  125 1.063
   138  C   3.976        C  139 1.453    C  137 1.362    H  143 0.962
   139  C   3.981        C  138 1.453    C  140 1.424    H  144 0.962
   140  C   3.960        C  139 1.424    N  141 1.347    H  145 0.910
   141  N   3.541        C  142 1.359    C  140 1.347    Pd   2 0.594
   142  C   3.962        C  137 1.378    N  141 1.359    H  146 0.908
   143  H   0.992        C  138 0.962
   144  H   0.990        C  139 0.962
   145  H   0.984        C  140 0.910
   146  H   0.983        C  142 0.908
   147  C   3.936        C  148 2.631    C  165 1.123
   148  C   3.945        C  147 2.631    C  149 1.136
   149  C   3.984        C  150 1.453    C  158 1.198    C  148 1.136
   150  C   3.978        C  149 1.453    C  151 1.347    H  159 0.967
   151  C   3.983        C  152 1.522    C  150 1.347    H  160 0.967
   152  C   3.952        C  151 1.522    C  153 1.293    H  161 0.966
   153  C   3.988        C  152 1.293    C  154 1.273    C  158 1.229
   154  C   3.979        C  155 1.553    C  153 1.273    H  162 0.960    C  157 0.105
   155  C   3.967        C  154 1.553    N  156 1.246    H  163 0.918
   156  N   3.535        C  157 1.426    C  155 1.246    Pd   1 0.603
   157  C   3.968        N  156 1.426    C  158 1.321    H  164 0.910    C  154 0.105
   158  C   3.981        C  157 1.321    C  153 1.229    C  149 1.198
   159  H   0.995        C  150 0.967
   160  H   0.995        C  151 0.967
   161  H   0.995        C  152 0.966
   162  H   0.991        C  154 0.960
   163  H   0.985        C  155 0.918
   164  H   0.985        C  157 0.910
   165  C   3.977        C  177 1.390    C  166 1.309    C  147 1.123
   166  C   3.961        C  167 1.493    C  165 1.309    H  178 0.970
   167  C   3.983        C  166 1.493    C  168 1.342    H  179 0.966
   168  C   3.940        C  167 1.342    C  176 1.250    N  169 1.167
   169  N   3.518        C  170 1.181    C  168 1.167    H  180 0.929
   170  C   3.958        C  171 1.340    C  175 1.243    N  169 1.181
   171  C   3.983        C  172 1.494    C  170 1.340    H  181 0.967
   172  C   3.969        C  171 1.494    C  173 1.331    H  182 0.967
   173  C   3.973        C  174 1.404    C  172 1.331    C  185 1.063
   174  C   3.977        C  173 1.404    C  175 1.387    H  183 0.963
   175  C   3.978        C  174 1.387    C  170 1.243    C  176 1.142
   176  C   3.979        C  177 1.382    C  168 1.250    C  175 1.142
   177  C   3.969        C  165 1.390    C  176 1.382    H  184 0.965
   178  H   0.998        C  166 0.970
   179  H   0.997        C  167 0.966
   180  H   0.958        N  169 0.929
   181  H   0.997        C  171 0.967
   182  H   0.997        C  172 0.967
   183  H   0.995        C  174 0.963
   184  H   0.994        C  177 0.965
   185  C   3.980        C  190 1.378    C  186 1.362    C  173 1.063
   186  C   3.976        C  187 1.453    C  185 1.362    H  191 0.962
   187  C   3.981        C  186 1.453    C  188 1.424    H  192 0.962
   188  C   3.960        C  187 1.424    N  189 1.347    H  193 0.910
   189  N   3.541        C  190 1.359    C  188 1.347    Pd   2 0.594
   190  C   3.962        C  185 1.378    N  189 1.359    H  194 0.908
   191  H   0.992        C  186 0.962
   192  H   0.990        C  187 0.962
   193  H   0.984        C  188 0.910
   194  H   0.983        C  190 0.908

molecular dipole:
                 x           y           z       tot (Debye)
 q only:       -0.075      -5.713       0.271
   full:       -0.061      -5.512       0.274      14.028
molecular quadrupole (traceless):
                xx          xy          yy          xz          yz          zz
 q only:     -163.731      33.793     329.747       0.332       3.036    -166.016
  q+dip:     -162.741      33.614     327.759       0.367       3.046    -165.018
   full:     -156.516      32.303     315.216       0.343       2.902    -158.700

           -------------------------------------------------
          |               Frequency Printout                |
           -------------------------------------------------
 projected vibrational frequencies (cm-1)
eigval :       -0.00    -0.00     0.00     0.00     0.00     0.00
eigval :       10.67    10.75    10.94    11.03    14.77    14.80
eigval :       16.29    19.11    24.46    24.58    24.70    25.46
eigval :       31.75    33.84    33.90    35.73    39.92    39.96
eigval :       40.03    48.97    54.24    57.90    57.95    59.60
eigval :       62.52    62.62    62.75    69.12    72.99    74.71
eigval :       74.79    77.16    87.32    87.37    91.38    97.74
eigval :       98.77   101.25   101.28   103.89   114.13   114.93
eigval :      116.23   116.26   119.57   124.69   128.71   128.73
eigval :      130.90   145.11   151.46   155.93   155.95   158.85
eigval :      161.64   165.19   165.28   166.09   168.90   177.87
eigval :      178.00   179.70   182.57   182.59   186.16   190.65
eigval :      196.61   196.68   196.82   206.03   209.51   216.66
eigval :      216.72   224.71   236.98   240.45   243.02   243.09
eigval :      252.60   253.48   253.51   257.42   264.56   264.61
eigval :      267.19   268.25   268.27   268.94   274.45   281.64
eigval :      281.68   282.45   303.52   308.07   312.49   312.92
eigval :      312.93   314.24   314.29   315.19   339.43   339.47
eigval :      344.71   344.77   373.60   388.23   388.39   388.47
eigval :      390.77   390.94   390.98   391.54   392.00   393.96
eigval :      394.57   394.60   395.31   396.00   402.57   402.57
eigval :      421.85   421.85   422.45   422.58   429.09   429.13
eigval :      429.34   429.40   439.96   441.59   441.75   441.79
eigval :      442.97   446.53   447.77   447.79   451.46   451.87
eigval :      454.48   454.49   471.67   472.60   472.73   472.75
eigval :      491.01   495.95   499.29   499.31   510.48   512.71
eigval :      514.16   514.18   519.32   520.24   520.30   520.71
eigval :      526.25   527.02   528.07   528.25   529.53   531.65
eigval :      533.45   533.55   538.78   539.15   540.26   540.29
eigval :      563.76   566.69   568.25   568.26   575.54   575.90
eigval :      576.52   576.59   608.54   609.13   609.49   609.51
eigval :      610.09   611.01   613.03   613.05   615.46   616.11
eigval :      616.29   616.29   622.77   624.09   625.08   626.37
eigval :      626.39   627.36   631.90   631.93   670.99   671.11
eigval :      671.40   671.41   672.75   679.33   679.36   680.83
eigval :      687.50   687.84   687.85   688.26   713.34   713.38
eigval :      713.50   713.52   721.01   722.11   722.92   722.94
eigval :      725.54   725.91   726.05   726.05   768.28   769.05
eigval :      769.82   769.83   774.43   780.67   780.80   780.84
eigval :      780.94   781.07   781.12   784.93   800.09   803.09
eigval :      805.45   805.48   816.91   816.93   817.00   817.16
eigval :      824.27   825.06   825.20   825.83   833.11   833.20
eigval :      833.33   833.55   837.66   838.12   838.32   838.34
eigval :      850.07   857.02   857.21   859.92   860.51   861.58
eigval :      861.95   862.25   862.67   863.50   863.68   865.80
eigval :      869.44   869.61   869.68   870.08   870.22   871.83
eigval :      871.89   873.04   879.65   880.05   881.40   881.41
eigval :      890.81   894.74   894.88   894.91   894.99   895.02
eigval :      895.13   899.09   903.26   903.32   903.46   903.76
eigval :      906.18   906.25   906.28   906.41   912.00   912.10
eigval :      912.74   912.91   919.92   920.91   922.69   922.70
eigval :      936.49   936.55   936.69   936.72   936.92   936.93
eigval :      936.94   937.16   988.17   994.72   995.27   995.30
eigval :     1013.15  1013.59  1013.59  1014.27  1044.65  1045.52
eigval :     1046.62  1046.67  1066.49  1067.50  1067.58  1068.82
eigval :     1080.32  1081.78  1081.97  1082.76  1092.02  1093.27
eigval :     1093.35  1095.34  1104.60  1104.77  1104.84  1104.91
eigval :     1123.62  1126.09  1126.26  1130.19  1139.87  1140.03
eigval :     1140.08  1140.48  1145.95  1145.99  1146.11  1146.21
eigval :     1157.59  1157.82  1157.88  1159.08  1159.57  1160.08
eigval :     1160.10  1162.70  1166.82  1167.50  1167.55  1168.62
eigval :     1171.98  1174.20  1174.33  1179.48  1185.97  1186.73
eigval :     1186.78  1187.25  1200.77  1200.92  1201.00  1201.02
eigval :     1212.65  1212.76  1212.84  1213.39  1219.17  1219.58
eigval :     1219.60  1220.01  1230.73  1231.92  1231.97  1232.47
eigval :     1232.88  1234.08  1234.69  1234.73  1236.90  1237.03
eigval :     1237.49  1245.36  1274.77  1275.08  1275.12  1275.16
eigval :     1285.48  1285.58  1285.61  1285.63  1298.81  1298.82
eigval :     1300.14  1300.82  1300.87  1301.24  1303.06  1304.45
eigval :     1316.25  1316.47  1316.51  1317.38  1326.90  1326.96
eigval :     1327.06  1327.68  1339.79  1339.83  1339.86  1340.10
eigval :     1359.57  1359.60  1359.81  1360.52  1370.73  1370.74
eigval :     1371.04  1371.49  1373.05  1373.84  1374.04  1374.06
eigval :     1387.48  1387.50  1387.71  1389.68  1399.67  1399.96
eigval :     1400.01  1400.35  1415.22  1415.56  1415.61  1415.83
eigval :     1416.37  1416.43  1416.49  1417.10  1429.19  1429.26
eigval :     1429.86  1430.16  1441.62  1441.71  1441.98  1442.48
eigval :     1467.76  1468.24  1468.28  1468.53  1481.82  1481.91
eigval :     1481.93  1482.30  1483.47  1483.54  1483.57  1483.62
eigval :     1529.78  1529.83  1529.87  1530.60  1536.50  1537.77
eigval :     1538.41  1538.47  1548.39  1548.77  1548.89  1548.95
eigval :     1560.10  1560.12  1560.15  1560.16  1562.14  1562.59
eigval :     1563.17  1563.20  1569.76  1570.15  1570.63  1570.72
eigval :     1571.58  1571.63  1571.65  1571.69  1590.58  1590.65
eigval :     1590.70  1590.93  1608.94  1608.96  1609.03  1609.18
eigval :     2298.65  2298.77  2298.92  2298.99  2981.40  2983.98
eigval :     2984.37  2984.58  2984.77  2984.97  2985.52  2988.17
eigval :     2988.36  2988.54  2989.00  2993.45  3016.16  3016.97
eigval :     3017.41  3018.25  3090.27  3090.45  3090.48  3090.56
eigval :     3090.60  3090.61  3090.73  3090.95  3091.64  3091.70
eigval :     3092.00  3092.19  3102.40  3102.48  3102.60  3102.65
eigval :     3103.26  3103.43  3103.45  3103.60  3105.20  3105.20
eigval :     3105.37  3105.55  3106.91  3107.02  3107.05  3107.12
eigval :     3108.67  3108.94  3109.07  3109.14  3109.76  3109.84
eigval :     3109.94  3109.98  3111.03  3111.12  3111.34  3111.39
eigval :     3111.46  3111.62  3111.69  3112.11  3118.45  3118.53
eigval :     3118.62  3119.07  3474.69  3474.81  3474.93  3475.29
 reduced masses (amu)
   1: 18.43   2: 22.60   3: 19.16   4: 22.88   5: 22.62   6: 24.02   7: 16.83   8: 15.78
   9: 18.03  10: 14.68  11: 16.30  12: 16.29  13: 11.54  14: 19.73  15: 12.20  16: 13.06
  17: 12.69  18: 20.32  19: 15.50  20: 15.10  21: 15.17  22: 11.15  23: 11.70  24: 13.46
  25: 13.76  26: 12.27  27: 20.36  28: 13.60  29: 13.60  30: 10.98  31: 12.72  32: 11.96
  33: 16.57  34: 10.79  35: 10.76  36: 12.57  37: 12.59  38: 20.22  39: 13.88  40: 13.88
  41: 13.80  42: 11.30  43: 13.86  44: 12.44  45: 12.44  46: 11.21  47: 11.07  48: 20.16
  49: 11.39  50: 11.39  51: 16.99  52: 11.21  53: 11.65  54: 11.65  55: 17.67  56: 11.10
  57: 11.25  58: 12.96  59: 12.96  60: 19.79  61: 11.07  62: 11.58  63: 11.57  64: 10.55
  65: 11.07  66: 13.99  67: 13.97  68: 10.88  69: 14.92  70: 14.95  71: 11.04  72: 15.85
  73: 22.76  74: 22.90  75: 11.03  76: 20.04  77: 11.21  78: 18.30  79: 18.31  80: 30.47
  81: 33.79  82: 11.60  83: 19.39  84: 19.40  85: 10.88  86: 23.30  87: 23.27  88: 16.69
  89: 22.47  90: 22.69  91: 11.41  92: 36.96  93: 36.92  94: 14.36  95: 11.53  96: 36.51
  97: 36.50  98: 25.15  99: 12.69 100: 10.84 101: 12.62 102: 14.51 103: 14.51 104: 14.78
 105: 14.77 106: 10.56 107: 15.48 108: 15.47 109: 15.26 110: 11.56 111:  9.75 112: 10.00
 113: 10.55 114: 10.26 115:  9.79 116:  9.61 117:  9.72 118: 10.58 119:  9.32 120:  9.55
 121:  9.72 122:  9.71 123: 10.36 124: 10.29 125: 13.15 126: 13.15 127: 11.51 128: 11.51
 129: 11.13 130: 11.50 131: 10.04 132: 10.04 133: 10.04 134: 10.06 135: 10.93 136: 11.32
 137: 11.46 138: 11.46 139: 11.27 140: 10.57 141: 11.35 142: 11.35 143: 11.45 144: 11.47
 145: 12.30 146: 12.30 147: 11.04 148: 11.12 149: 11.22 150: 11.21 151: 10.99 152: 11.00
 153: 11.50 154: 11.49 155: 10.90 156: 11.26 157: 11.46 158: 11.47 159: 10.42 160:  9.96
 161: 10.01 162: 10.51 163:  5.91 164:  7.78 165:  8.71 166:  8.76 167: 10.56 168:  9.02
 169:  9.38 170:  9.28 171: 10.35 172: 10.23 173: 10.49 174: 10.49 175: 11.52 176: 11.31
 177: 12.22 178: 12.22 179:  8.73 180:  8.56 181:  8.91 182:  8.89 183: 11.45 184: 11.38
 185: 11.46 186: 11.46 187: 11.35 188: 11.23 189: 11.33 190: 11.33 191: 11.40 192: 11.41
 193: 11.50 194: 11.50 195: 11.47 196: 11.49 197: 11.48 198: 11.73 199: 11.73 200: 11.66
 201: 12.62 202: 12.62 203: 11.42 204: 10.39 205: 11.43 206: 11.43 207:  9.73 208:  9.44
 209:  9.44 210:  9.88 211: 11.15 212: 11.02 213: 11.02 214: 10.86 215: 11.78 216: 11.78
 217: 11.78 218: 11.78 219: 11.44 220: 11.39 221: 11.48 222: 11.48 223: 10.72 224: 10.82
 225: 10.84 226: 10.84 227: 11.18 228: 10.72 229: 11.20 230: 11.21 231:  5.82 232:  3.79
 233:  3.80 234:  4.02 235:  4.80 236:  4.28 237:  4.78 238:  4.73 239: 11.40 240: 11.43
 241: 11.59 242: 11.59 243:  4.50 244:  4.50 245:  4.50 246:  4.50 247:  4.58 248:  4.65
 249:  4.64 250:  4.69 251:  4.07 252:  4.06 253:  4.07 254:  4.10 255: 10.64 256: 10.79
 257: 10.84 258: 10.84 259:  4.39 260:  3.87 261:  3.86 262:  6.99 263:  3.67 264:  3.47
 265:  3.48 266:  3.46 267:  3.48 268:  6.27 269:  6.35 270:  8.44 271:  4.97 272:  4.48
 273:  4.97 274:  6.05 275:  7.34 276:  7.67 277:  7.55 278:  4.99 279: 10.77 280: 10.31
 281: 10.76 282: 10.75 283:  3.76 284:  3.67 285:  3.69 286:  3.82 287:  3.82 288:  3.83
 289:  3.82 290:  3.58 291:  3.75 292:  3.74 293:  3.73 294:  3.68 295:  3.36 296:  3.36
 297:  3.36 298:  3.35 299:  3.40 300:  3.41 301:  3.40 302:  3.40 303: 11.00 304: 11.01
 305: 11.03 306: 11.03 307:  3.65 308:  3.65 309:  3.65 310:  3.79 311:  3.73 312:  3.71
 313:  3.80 314:  3.80 315: 10.89 316: 10.93 317: 11.01 318: 11.01 319:  8.61 320:  8.60
 321:  8.61 322:  8.59 323:  9.03 324:  9.13 325:  9.06 326:  9.06 327:  7.12 328:  7.10
 329:  7.10 330:  7.46 331:  7.17 332:  7.31 333:  7.31 334:  7.11 335:  7.04 336:  7.24
 337:  7.24 338:  7.00 339:  6.14 340:  6.17 341:  6.18 342:  6.18 343:  3.67 344:  3.66
 345:  3.66 346:  3.67 347:  6.06 348:  6.03 349:  6.05 350:  5.84 351:  3.39 352:  3.36
 353:  3.42 354:  3.33 355:  4.22 356:  4.37 357:  4.43 358:  4.92 359:  3.65 360:  3.68
 361:  3.69 362:  3.79 363:  3.42 364:  3.47 365:  3.45 366:  3.12 367:  2.50 368:  2.21
 369:  2.20 370:  2.07 371:  3.49 372:  3.55 373:  3.55 374:  3.48 375:  6.47 376:  6.49
 377:  6.50 378:  6.50 379:  5.31 380:  5.30 381:  5.20 382:  5.53 383:  4.58 384:  4.61
 385:  4.60 386:  4.61 387:  4.65 388:  5.79 389:  5.76 390:  6.22 391:  4.46 392:  5.30
 393:  4.96 394:  4.95 395:  3.52 396:  3.49 397:  4.70 398:  3.09 399:  6.85 400:  6.87
 401:  6.86 402:  6.84 403:  7.44 404:  7.44 405:  7.44 406:  7.46 407:  9.69 408:  9.68
 409:  9.68 410: 11.93 411: 11.93 412:  9.54 413: 12.01 414: 11.91 415: 10.64 416: 10.64
 417: 10.64 418: 10.67 419: 10.75 420: 10.74 421: 10.80 422: 10.82 423: 11.17 424: 11.18
 425: 11.18 426: 11.14 427:  9.87 428:  9.87 429:  9.96 430:  9.87 431: 10.34 432: 10.34
 433: 10.28 434:  9.87 435:  9.82 436:  9.66 437:  9.65 438:  9.65 439: 10.76 440: 10.76
 441: 10.68 442: 10.52 443: 10.99 444: 10.98 445: 10.98 446: 11.20 447: 10.08 448: 10.26
 449: 10.28 450: 10.07 451: 10.71 452: 10.52 453: 10.51 454: 10.68 455: 10.99 456: 10.99
 457: 11.00 458: 11.00 459: 10.78 460: 10.79 461: 10.79 462: 10.75 463: 10.99 464: 10.97
 465: 10.97 466: 10.98 467: 11.32 468: 11.31 469: 11.31 470: 11.30 471: 11.28 472: 11.29
 473: 11.28 474: 11.28 475: 11.77 476: 11.79 477: 11.77 478: 11.79 479: 11.56 480: 11.62
 481: 11.62 482: 11.62 483: 11.74 484: 11.74 485: 11.70 486: 11.71 487: 11.59 488: 11.59
 489: 11.59 490: 11.58 491: 11.62 492: 11.61 493: 11.60 494: 11.60 495: 11.41 496: 11.42
 497: 11.45 498: 11.45 499: 11.64 500: 11.63 501: 11.64 502: 11.64 503: 11.74 504: 11.74
 505: 11.74 506: 11.75 507: 11.76 508: 11.76 509: 11.76 510: 11.76 511: 12.01 512: 12.01
 513: 12.01 514: 12.01 515:  1.86 516:  1.84 517:  1.84 518:  1.84 519:  1.84 520:  1.84
 521:  1.83 522:  1.85 523:  1.85 524:  1.84 525:  1.85 526:  1.84 527:  1.85 528:  1.85
 529:  1.85 530:  1.84 531:  1.79 532:  1.79 533:  1.79 534:  1.79 535:  1.79 536:  1.79
 537:  1.79 538:  1.79 539:  1.78 540:  1.78 541:  1.78 542:  1.78 543:  1.88 544:  1.88
 545:  1.88 546:  1.88 547:  1.88 548:  1.88 549:  1.88 550:  1.88 551:  1.85 552:  1.85
 553:  1.85 554:  1.85 555:  1.82 556:  1.82 557:  1.82 558:  1.82 559:  1.84 560:  1.84
 561:  1.84 562:  1.84 563:  1.88 564:  1.88 565:  1.88 566:  1.88 567:  1.86 568:  1.86
 569:  1.84 570:  1.86 571:  1.86 572:  1.84 573:  1.84 574:  1.84 575:  1.89 576:  1.89
 577:  1.89 578:  1.89 579:  1.87 580:  1.87 581:  1.87 582:  1.87
 IR intensities (amu)
   1:  0.44   2:  0.26   3:  0.48   4:  0.26   5:  0.29   6:  0.55   7:  0.22   8:  0.34
   9:  0.55  10:  0.39  11:  0.25  12:  0.25  13:  0.02  14:  0.02  15:  0.11  16:  0.16
  17:  0.14  18:  0.15  19:  0.04  20:  0.19  21:  0.18  22:  0.01  23:  0.08  24:  0.17
  25:  0.19  26:  0.06  27:  0.03  28:  0.27  29:  0.27  30:  0.03  31:  0.07  32:  0.06
  33:  0.12  34:  0.00  35:  0.01  36:  0.21  37:  0.22  38:  0.02  39:  0.17  40:  0.17
  41:  0.08  42:  0.01  43:  0.25  44:  0.21  45:  0.20  46:  0.00  47:  0.00  48:  0.10
  49:  0.07  50:  0.07  51:  0.14  52:  0.01  53:  0.22  54:  0.22  55:  0.18  56:  0.00
  57:  0.07  58:  0.20  59:  0.20  60:  0.22  61:  0.01  62:  0.30  63:  0.30  64:  0.01
  65:  0.08  66:  0.52  67:  0.52  68:  0.00  69:  0.21  70:  0.22  71:  0.01  72:  0.08
  73:  0.72  74:  0.73  75:  0.07  76:  0.22  77:  0.00  78:  0.37  79:  0.37  80:  0.21
  81:  0.06  82:  0.01  83:  0.62  84:  0.62  85:  0.02  86:  0.50  87:  0.50  88:  0.21
  89:  0.64  90:  0.64  91:  0.04  92:  0.17  93:  0.17  94:  0.31  95:  0.00  96:  0.92
  97:  0.92  98:  0.11  99:  0.22 100:  0.01 101:  0.03 102:  0.35 103:  0.35 104:  0.20
 105:  0.20 106:  0.01 107:  0.30 108:  0.29 109:  0.05 110:  0.01 111:  0.05 112:  0.08
 113:  0.14 114:  0.12 115:  0.09 116:  0.11 117:  0.10 118:  0.03 119:  0.47 120:  0.01
 121:  0.07 122:  0.07 123:  0.01 124:  0.01 125:  0.29 126:  0.29 127:  0.10 128:  0.10
 129:  0.02 130:  0.17 131:  0.12 132:  0.12 133:  0.12 134:  0.11 135:  0.14 136:  0.02
 137:  0.11 138:  0.11 139:  0.29 140:  0.01 141:  0.25 142:  0.25 143:  0.01 144:  0.13
 145:  0.42 146:  0.42 147:  0.01 148:  0.01 149:  0.03 150:  0.03 151:  0.12 152:  0.01
 153:  0.18 154:  0.18 155:  0.01 156:  0.16 157:  0.44 158:  0.44 159:  0.21 160:  0.41
 161:  0.41 162:  0.03 163:  0.41 164:  0.07 165:  0.21 166:  0.22 167:  0.21 168:  0.01
 169:  0.28 170:  0.29 171:  0.22 172:  0.02 173:  0.25 174:  0.26 175:  0.00 176:  0.42
 177:  0.52 178:  0.52 179:  0.18 180:  0.02 181:  0.05 182:  0.05 183:  0.01 184:  0.04
 185:  0.29 186:  0.29 187:  0.01 188:  0.01 189:  0.26 190:  0.26 191:  0.01 192:  0.66
 193:  0.14 194:  0.13 195:  0.06 196:  0.00 197:  0.01 198:  0.08 199:  0.07 200:  0.03
 201:  0.35 202:  0.35 203:  0.01 204:  0.17 205:  0.11 206:  0.11 207:  0.06 208:  0.29
 209:  0.29 210:  0.01 211:  0.14 212:  0.15 213:  0.15 214:  0.01 215:  0.04 216:  0.05
 217:  0.04 218:  0.05 219:  0.00 220:  0.08 221:  0.34 222:  0.34 223:  0.02 224:  0.13
 225:  0.33 226:  0.33 227:  0.01 228:  0.37 229:  0.43 230:  0.43 231:  0.17 232:  0.05
 233:  0.04 234:  0.12 235:  0.23 236:  0.24 237:  0.26 238:  0.01 239:  0.00 240:  0.25
 241:  0.49 242:  0.49 243:  0.32 244:  0.39 245:  0.31 246:  0.25 247:  0.15 248:  0.22
 249:  0.22 250:  0.07 251:  0.27 252:  0.28 253:  0.33 254:  0.23 255:  0.25 256:  0.02
 257:  0.25 258:  0.25 259:  0.16 260:  0.08 261:  0.08 262:  0.00 263:  0.02 264:  0.10
 265:  0.12 266:  0.05 267:  0.08 268:  0.05 269:  0.05 270:  0.10 271:  0.20 272:  0.19
 273:  0.20 274:  0.23 275:  0.03 276:  0.05 277:  0.05 278:  0.00 279:  0.91 280:  0.01
 281:  0.32 282:  0.32 283:  0.21 284:  0.03 285:  0.03 286:  0.02 287:  0.03 288:  0.04
 289:  0.04 290:  0.00 291:  0.02 292:  0.05 293:  0.05 294:  0.04 295:  0.01 296:  0.02
 297:  0.01 298:  0.01 299:  0.15 300:  0.09 301:  0.13 302:  0.10 303:  0.01 304:  0.52
 305:  0.05 306:  0.05 307:  0.01 308:  0.01 309:  0.01 310:  0.03 311:  0.03 312:  0.03
 313:  0.05 314:  0.03 315:  0.00 316:  0.22 317:  0.08 318:  0.08 319:  0.03 320:  0.24
 321:  0.24 322:  0.05 323:  0.02 324:  0.38 325:  0.28 326:  0.28 327:  0.01 328:  0.26
 329:  0.26 330:  0.23 331:  0.15 332:  0.67 333:  0.67 334:  0.01 335:  0.02 336:  0.63
 337:  0.63 338:  0.44 339:  0.10 340:  0.38 341:  0.57 342:  0.53 343:  0.01 344:  0.24
 345:  0.24 346:  0.09 347:  0.12 348:  0.57 349:  0.57 350:  0.30 351:  0.63 352:  0.39
 353:  0.83 354:  0.45 355:  0.10 356:  0.42 357:  0.43 358:  0.49 359:  0.04 360:  0.15
 361:  0.16 362:  1.15 363:  0.02 364:  0.13 365:  0.12 366:  0.16 367:  0.01 368:  0.07
 369:  0.07 370:  0.78 371:  0.03 372:  0.32 373:  0.31 374:  0.22 375:  0.22 376:  0.32
 377:  0.25 378:  0.19 379:  0.26 380:  0.26 381:  0.14 382:  0.78 383:  0.03 384:  0.45
 385:  0.45 386:  0.39 387:  0.02 388:  0.23 389:  0.21 390:  0.87 391:  0.02 392:  0.02
 393:  0.27 394:  0.26 395:  0.06 396:  0.06 397:  0.17 398:  0.03 399:  0.05 400:  0.38
 401:  0.54 402:  1.03 403:  0.29 404:  0.59 405:  0.55 406:  0.27 407:  0.46 408:  0.46
 409:  0.01 410:  0.22 411:  0.23 412:  0.89 413:  0.01 414:  0.42 415:  0.13 416:  0.90
 417:  0.90 418:  4.54 419:  1.81 420:  1.81 421:  0.14 422:  0.08 423:  0.42 424:  0.39
 425:  0.28 426:  0.75 427:  0.35 428:  0.34 429:  0.07 430:  1.63 431:  0.57 432:  0.57
 433:  0.02 434:  0.16 435:  1.91 436:  0.10 437:  0.94 438:  0.94 439:  0.69 440:  0.68
 441:  0.09 442:  1.23 443:  0.33 444:  1.29 445:  1.30 446:  0.62 447:  0.11 448:  0.36
 449:  0.36 450:  1.71 451:  0.06 452:  0.32 453:  0.30 454:  0.85 455:  0.79 456:  0.78
 457:  0.32 458:  1.94 459:  0.71 460:  0.71 461:  0.12 462:  1.67 463:  0.57 464:  0.43
 465:  0.43 466:  0.04 467:  0.15 468:  0.68 469:  0.69 470:  1.64 471:  1.01 472:  1.12
 473:  0.45 474:  0.22 475:  1.31 476:  1.72 477:  1.02 478:  0.10 479:  0.20 480:  0.02
 481:  0.88 482:  0.89 483:  3.26 484:  0.29 485:  0.53 486:  0.53 487:  0.45 488:  0.30
 489:  0.47 490:  0.46 491:  0.60 492:  0.09 493:  1.24 494:  1.24 495:  0.45 496:  0.06
 497:  0.30 498:  0.29 499:  0.11 500:  0.13 501:  0.06 502:  0.05 503:  0.42 504:  0.92
 505:  0.97 506:  3.37 507:  1.06 508:  1.39 509:  0.98 510:  0.81 511:  1.95 512:  2.20
 513:  1.54 514:  2.70 515:  0.00 516:  0.13 517:  0.13 518:  0.01 519:  0.00 520:  0.05
 521:  0.22 522:  0.02 523:  0.02 524:  0.03 525:  0.01 526:  0.16 527:  0.06 528:  0.07
 529:  0.07 530:  0.11 531:  0.18 532:  0.18 533:  0.10 534:  0.28 535:  0.07 536:  0.27
 537:  0.24 538:  0.21 539:  0.11 540:  0.11 541:  0.12 542:  0.12 543:  0.31 544:  0.26
 545:  0.35 546:  0.29 547:  0.26 548:  0.48 549:  0.39 550:  0.58 551:  0.14 552:  0.14
 553:  0.15 554:  0.16 555:  0.14 556:  0.15 557:  0.20 558:  0.11 559:  0.03 560:  0.02
 561:  0.03 562:  0.02 563:  0.20 564:  0.23 565:  0.29 566:  0.21 567:  0.14 568:  0.16
 569:  0.12 570:  0.12 571:  0.15 572:  0.14 573:  0.10 574:  0.09 575:  0.05 576:  0.07
 577:  0.08 578:  0.07 579:  0.58 580:  0.61 581:  0.57 582:  0.58
 Raman intensities (amu)
   1:  0.00   2:  0.00   3:  0.00   4:  0.00   5:  0.00   6:  0.00   7:  0.00   8:  0.00
   9:  0.00  10:  0.00  11:  0.00  12:  0.00  13:  0.00  14:  0.00  15:  0.00  16:  0.00
  17:  0.00  18:  0.00  19:  0.00  20:  0.00  21:  0.00  22:  0.00  23:  0.00  24:  0.00
  25:  0.00  26:  0.00  27:  0.00  28:  0.00  29:  0.00  30:  0.00  31:  0.00  32:  0.00
  33:  0.00  34:  0.00  35:  0.00  36:  0.00  37:  0.00  38:  0.00  39:  0.00  40:  0.00
  41:  0.00  42:  0.00  43:  0.00  44:  0.00  45:  0.00  46:  0.00  47:  0.00  48:  0.00
  49:  0.00  50:  0.00  51:  0.00  52:  0.00  53:  0.00  54:  0.00  55:  0.00  56:  0.00
  57:  0.00  58:  0.00  59:  0.00  60:  0.00  61:  0.00  62:  0.00  63:  0.00  64:  0.00
  65:  0.00  66:  0.00  67:  0.00  68:  0.00  69:  0.00  70:  0.00  71:  0.00  72:  0.00
  73:  0.00  74:  0.00  75:  0.00  76:  0.00  77:  0.00  78:  0.00  79:  0.00  80:  0.00
  81:  0.00  82:  0.00  83:  0.00  84:  0.00  85:  0.00  86:  0.00  87:  0.00  88:  0.00
  89:  0.00  90:  0.00  91:  0.00  92:  0.00  93:  0.00  94:  0.00  95:  0.00  96:  0.00
  97:  0.00  98:  0.00  99:  0.00 100:  0.00 101:  0.00 102:  0.00 103:  0.00 104:  0.00
 105:  0.00 106:  0.00 107:  0.00 108:  0.00 109:  0.00 110:  0.00 111:  0.00 112:  0.00
 113:  0.00 114:  0.00 115:  0.00 116:  0.00 117:  0.00 118:  0.00 119:  0.00 120:  0.00
 121:  0.00 122:  0.00 123:  0.00 124:  0.00 125:  0.00 126:  0.00 127:  0.00 128:  0.00
 129:  0.00 130:  0.00 131:  0.00 132:  0.00 133:  0.00 134:  0.00 135:  0.00 136:  0.00
 137:  0.00 138:  0.00 139:  0.00 140:  0.00 141:  0.00 142:  0.00 143:  0.00 144:  0.00
 145:  0.00 146:  0.00 147:  0.00 148:  0.00 149:  0.00 150:  0.00 151:  0.00 152:  0.00
 153:  0.00 154:  0.00 155:  0.00 156:  0.00 157:  0.00 158:  0.00 159:  0.00 160:  0.00
 161:  0.00 162:  0.00 163:  0.00 164:  0.00 165:  0.00 166:  0.00 167:  0.00 168:  0.00
 169:  0.00 170:  0.00 171:  0.00 172:  0.00 173:  0.00 174:  0.00 175:  0.00 176:  0.00
 177:  0.00 178:  0.00 179:  0.00 180:  0.00 181:  0.00 182:  0.00 183:  0.00 184:  0.00
 185:  0.00 186:  0.00 187:  0.00 188:  0.00 189:  0.00 190:  0.00 191:  0.00 192:  0.00
 193:  0.00 194:  0.00 195:  0.00 196:  0.00 197:  0.00 198:  0.00 199:  0.00 200:  0.00
 201:  0.00 202:  0.00 203:  0.00 204:  0.00 205:  0.00 206:  0.00 207:  0.00 208:  0.00
 209:  0.00 210:  0.00 211:  0.00 212:  0.00 213:  0.00 214:  0.00 215:  0.00 216:  0.00
 217:  0.00 218:  0.00 219:  0.00 220:  0.00 221:  0.00 222:  0.00 223:  0.00 224:  0.00
 225:  0.00 226:  0.00 227:  0.00 228:  0.00 229:  0.00 230:  0.00 231:  0.00 232:  0.00
 233:  0.00 234:  0.00 235:  0.00 236:  0.00 237:  0.00 238:  0.00 239:  0.00 240:  0.00
 241:  0.00 242:  0.00 243:  0.00 244:  0.00 245:  0.00 246:  0.00 247:  0.00 248:  0.00
 249:  0.00 250:  0.00 251:  0.00 252:  0.00 253:  0.00 254:  0.00 255:  0.00 256:  0.00
 257:  0.00 258:  0.00 259:  0.00 260:  0.00 261:  0.00 262:  0.00 263:  0.00 264:  0.00
 265:  0.00 266:  0.00 267:  0.00 268:  0.00 269:  0.00 270:  0.00 271:  0.00 272:  0.00
 273:  0.00 274:  0.00 275:  0.00 276:  0.00 277:  0.00 278:  0.00 279:  0.00 280:  0.00
 281:  0.00 282:  0.00 283:  0.00 284:  0.00 285:  0.00 286:  0.00 287:  0.00 288:  0.00
 289:  0.00 290:  0.00 291:  0.00 292:  0.00 293:  0.00 294:  0.00 295:  0.00 296:  0.00
 297:  0.00 298:  0.00 299:  0.00 300:  0.00 301:  0.00 302:  0.00 303:  0.00 304:  0.00
 305:  0.00 306:  0.00 307:  0.00 308:  0.00 309:  0.00 310:  0.00 311:  0.00 312:  0.00
 313:  0.00 314:  0.00 315:  0.00 316:  0.00 317:  0.00 318:  0.00 319:  0.00 320:  0.00
 321:  0.00 322:  0.00 323:  0.00 324:  0.00 325:  0.00 326:  0.00 327:  0.00 328:  0.00
 329:  0.00 330:  0.00 331:  0.00 332:  0.00 333:  0.00 334:  0.00 335:  0.00 336:  0.00
 337:  0.00 338:  0.00 339:  0.00 340:  0.00 341:  0.00 342:  0.00 343:  0.00 344:  0.00
 345:  0.00 346:  0.00 347:  0.00 348:  0.00 349:  0.00 350:  0.00 351:  0.00 352:  0.00
 353:  0.00 354:  0.00 355:  0.00 356:  0.00 357:  0.00 358:  0.00 359:  0.00 360:  0.00
 361:  0.00 362:  0.00 363:  0.00 364:  0.00 365:  0.00 366:  0.00 367:  0.00 368:  0.00
 369:  0.00 370:  0.00 371:  0.00 372:  0.00 373:  0.00 374:  0.00 375:  0.00 376:  0.00
 377:  0.00 378:  0.00 379:  0.00 380:  0.00 381:  0.00 382:  0.00 383:  0.00 384:  0.00
 385:  0.00 386:  0.00 387:  0.00 388:  0.00 389:  0.00 390:  0.00 391:  0.00 392:  0.00
 393:  0.00 394:  0.00 395:  0.00 396:  0.00 397:  0.00 398:  0.00 399:  0.00 400:  0.00
 401:  0.00 402:  0.00 403:  0.00 404:  0.00 405:  0.00 406:  0.00 407:  0.00 408:  0.00
 409:  0.00 410:  0.00 411:  0.00 412:  0.00 413:  0.00 414:  0.00 415:  0.00 416:  0.00
 417:  0.00 418:  0.00 419:  0.00 420:  0.00 421:  0.00 422:  0.00 423:  0.00 424:  0.00
 425:  0.00 426:  0.00 427:  0.00 428:  0.00 429:  0.00 430:  0.00 431:  0.00 432:  0.00
 433:  0.00 434:  0.00 435:  0.00 436:  0.00 437:  0.00 438:  0.00 439:  0.00 440:  0.00
 441:  0.00 442:  0.00 443:  0.00 444:  0.00 445:  0.00 446:  0.00 447:  0.00 448:  0.00
 449:  0.00 450:  0.00 451:  0.00 452:  0.00 453:  0.00 454:  0.00 455:  0.00 456:  0.00
 457:  0.00 458:  0.00 459:  0.00 460:  0.00 461:  0.00 462:  0.00 463:  0.00 464:  0.00
 465:  0.00 466:  0.00 467:  0.00 468:  0.00 469:  0.00 470:  0.00 471:  0.00 472:  0.00
 473:  0.00 474:  0.00 475:  0.00 476:  0.00 477:  0.00 478:  0.00 479:  0.00 480:  0.00
 481:  0.00 482:  0.00 483:  0.00 484:  0.00 485:  0.00 486:  0.00 487:  0.00 488:  0.00
 489:  0.00 490:  0.00 491:  0.00 492:  0.00 493:  0.00 494:  0.00 495:  0.00 496:  0.00
 497:  0.00 498:  0.00 499:  0.00 500:  0.00 501:  0.00 502:  0.00 503:  0.00 504:  0.00
 505:  0.00 506:  0.00 507:  0.00 508:  0.00 509:  0.00 510:  0.00 511:  0.00 512:  0.00
 513:  0.00 514:  0.00 515:  0.00 516:  0.00 517:  0.00 518:  0.00 519:  0.00 520:  0.00
 521:  0.00 522:  0.00 523:  0.00 524:  0.00 525:  0.00 526:  0.00 527:  0.00 528:  0.00
 529:  0.00 530:  0.00 531:  0.00 532:  0.00 533:  0.00 534:  0.00 535:  0.00 536:  0.00
 537:  0.00 538:  0.00 539:  0.00 540:  0.00 541:  0.00 542:  0.00 543:  0.00 544:  0.00
 545:  0.00 546:  0.00 547:  0.00 548:  0.00 549:  0.00 550:  0.00 551:  0.00 552:  0.00
 553:  0.00 554:  0.00 555:  0.00 556:  0.00 557:  0.00 558:  0.00 559:  0.00 560:  0.00
 561:  0.00 562:  0.00 563:  0.00 564:  0.00 565:  0.00 566:  0.00 567:  0.00 568:  0.00
 569:  0.00 570:  0.00 571:  0.00 572:  0.00 573:  0.00 574:  0.00 575:  0.00 576:  0.00
 577:  0.00 578:  0.00 579:  0.00 580:  0.00 581:  0.00 582:  0.00
 output can be read by thermo (or use thermo option).
 writing <g98.out> molden fake output.
 recommended (thermochemical) frequency scaling factor: 1.0
           -------------------------------------------------
          |             Thermodynamic Functions             |
           -------------------------------------------------

Refinement of some symmetry elements was terminated before convergence was reached.
Some symmetry elements may remain unidentified.
Molecule has the following symmetry elements: (C4) (C2) 
It seems to be the C4 point group
c4  symmetry found (for desy threshold:  0.10E+00) used in thermo

          ...................................................
          :                      SETUP                      :
          :.................................................:
          :  # frequencies                         576      :
          :  # imaginary freq.                       0      :
          :  linear?                             false      :
          :  only rotor calc.                    false      :
          :  symmetry                               c4      :
          :  rotational number                       4      :
          :  scaling factor                  1.0000000      :
          :  rotor cutoff                   50.0000000 cm⁻¹ :
          :  imag. cutoff                  -20.0000000 cm⁻¹ :
          :.................................................:

    mode    ω/cm⁻¹     T·S(HO)/kcal·mol⁻¹    T·S(FR)/kcal·mol⁻¹   T·S(vib)
   ------------------------------------------------------------------------
       1     10.67    -2.35002 (  0.21%)    -1.51409 ( 99.79%)    -1.51582
       2     10.75    -2.34539 (  0.21%)    -1.51177 ( 99.79%)    -1.51355
       3     10.94    -2.33518 (  0.23%)    -1.50666 ( 99.77%)    -1.50856
       4     11.03    -2.33043 (  0.24%)    -1.50429 ( 99.76%)    -1.50624
       5     14.77    -2.15753 (  0.76%)    -1.41781 ( 99.24%)    -1.42340
       6     14.80    -2.15610 (  0.76%)    -1.41710 ( 99.24%)    -1.42273
       7     16.29    -2.09965 (  1.11%)    -1.38886 ( 98.89%)    -1.39677
       8     19.11    -2.00486 (  2.09%)    -1.34144 ( 97.91%)    -1.35531
       9     24.46    -1.85880 (  5.42%)    -1.26834 ( 94.58%)    -1.30033
      10     24.58    -1.85595 (  5.52%)    -1.26691 ( 94.48%)    -1.29941
      11     24.70    -1.85311 (  5.62%)    -1.26549 ( 94.38%)    -1.29851
      12     25.46    -1.83516 (  6.30%)    -1.25651 ( 93.70%)    -1.29295
      13     31.75    -1.70454 ( 13.98%)    -1.19109 ( 86.02%)    -1.26289
      14     33.84    -1.66686 ( 17.34%)    -1.17222 ( 82.66%)    -1.25798
      15     33.90    -1.66583 ( 17.44%)    -1.17170 ( 82.56%)    -1.25787
      16     35.73    -1.63475 ( 20.68%)    -1.15612 ( 79.32%)    -1.25509
      17     39.92    -1.56916 ( 28.89%)    -1.12324 ( 71.11%)    -1.25209
      18     39.96    -1.56863 ( 28.97%)    -1.12297 ( 71.03%)    -1.25208
      19     40.03    -1.56754 ( 29.12%)    -1.12243 ( 70.88%)    -1.25205
      20     48.97    -1.44860 ( 47.92%)    -1.06273 ( 52.08%)    -1.24762
      21     54.24    -1.38837 ( 58.06%)    -1.03245 ( 41.94%)    -1.23910
      22     57.90    -1.34991 ( 64.26%)    -1.01311 ( 35.74%)    -1.22953
      23     57.95    -1.34934 ( 64.35%)    -1.01282 ( 35.65%)    -1.22936
      24     59.60    -1.33284 ( 66.88%)    -1.00452 ( 33.12%)    -1.22408
      25     62.52    -1.30469 ( 70.97%)    -0.99034 ( 29.03%)    -1.21344
      26     62.62    -1.30374 ( 71.10%)    -0.98986 ( 28.90%)    -1.21304
      27     62.75    -1.30260 ( 71.26%)    -0.98928 ( 28.74%)    -1.21256
      28     69.12    -1.24578 ( 78.50%)    -0.96064 ( 21.50%)    -1.18448
      29     72.99    -1.21377 ( 81.95%)    -0.94448 ( 18.05%)    -1.16518
      30     74.71    -1.20016 ( 83.29%)    -0.93760 ( 16.71%)    -1.15628
      31     74.79    -1.19949 ( 83.35%)    -0.93726 ( 16.65%)    -1.15583
      32     77.16    -1.18124 ( 85.01%)    -0.92803 ( 14.99%)    -1.14328
      33     87.32    -1.10888 ( 90.29%)    -0.89137 (  9.71%)    -1.08776
      34     87.37    -1.10854 ( 90.31%)    -0.89120 (  9.69%)    -1.08749
      35     91.38    -1.08240 ( 91.77%)    -0.87793 (  8.23%)    -1.06557
      36     97.74    -1.04321 ( 93.59%)    -0.85799 (  6.41%)    -1.03134
      37     98.77    -1.03708 ( 93.84%)    -0.85487 (  6.16%)    -1.02585
      38    101.25    -1.02267 ( 94.39%)    -0.84752 (  5.61%)    -1.01284
      39    101.28    -1.02253 ( 94.39%)    -0.84745 (  5.61%)    -1.01272
      40    103.89    -1.00775 ( 94.91%)    -0.83991 (  5.09%)    -0.99921
      41    114.13    -0.95332 ( 96.45%)    -0.81206 (  3.55%)    -0.94830
      42    114.93    -0.94928 ( 96.54%)    -0.80999 (  3.46%)    -0.94446
      43    116.23    -0.94279 ( 96.69%)    -0.80666 (  3.31%)    -0.93828
      44    116.26    -0.94264 ( 96.69%)    -0.80658 (  3.31%)    -0.93814
      45    119.57    -0.92645 ( 97.03%)    -0.79827 (  2.97%)    -0.92265
      46    124.69    -0.90230 ( 97.48%)    -0.78584 (  2.52%)    -0.89936
      47    128.71    -0.88408 ( 97.77%)    -0.77644 (  2.23%)    -0.88169
      48    128.73    -0.88401 ( 97.77%)    -0.77640 (  2.23%)    -0.88161
      49    130.90    -0.87442 ( 97.92%)    -0.77145 (  2.08%)    -0.87227
      50    145.11    -0.81553 ( 98.61%)    -0.74090 (  1.39%)    -0.81450
      51    151.46    -0.79124 ( 98.83%)    -0.72823 (  1.17%)    -0.79050
      52    155.93    -0.77477 ( 98.95%)    -0.71961 (  1.05%)    -0.77419
      53    155.95    -0.77471 ( 98.95%)    -0.71958 (  1.05%)    -0.77413
      54    158.85    -0.76429 ( 99.03%)    -0.71412 (  0.97%)    -0.76381
      55    161.64    -0.75447 ( 99.09%)    -0.70895 (  0.91%)    -0.75405
      56    165.19    -0.74224 ( 99.17%)    -0.70251 (  0.83%)    -0.74191
      57    165.28    -0.74195 ( 99.17%)    -0.70236 (  0.83%)    -0.74162
      58    166.09    -0.73920 ( 99.19%)    -0.70091 (  0.81%)    -0.73889
      59    168.90    -0.72977 ( 99.24%)    -0.69594 (  0.76%)    -0.72952
      60    177.87    -0.70086 ( 99.38%)    -0.68062 (  0.62%)    -0.70073
      61    178.00    -0.70043 ( 99.38%)    -0.68039 (  0.62%)    -0.70030
      62    179.70    -0.69515 ( 99.40%)    -0.67758 (  0.60%)    -0.69504
      63    182.57    -0.68635 ( 99.44%)    -0.67289 (  0.56%)    -0.68627
      64    182.59    -0.68626 ( 99.44%)    -0.67284 (  0.56%)    -0.68618
      65    186.16    -0.67554 ( 99.48%)    -0.66712 (  0.52%)    -0.67550
      66    190.65    -0.66235 ( 99.53%)    -0.66006 (  0.47%)    -0.66234
      67    196.61    -0.64538 ( 99.58%)    -0.65094 (  0.42%)    -0.64540
      68    196.68    -0.64519 ( 99.58%)    -0.65084 (  0.42%)    -0.64521
      69    196.82    -0.64478 ( 99.59%)    -0.65062 (  0.41%)    -0.64481
      70    206.03    -0.61973 ( 99.65%)    -0.63707 (  0.35%)    -0.61979
      71    209.51    -0.61060 ( 99.68%)    -0.63211 (  0.32%)    -0.61067
      72    216.66    -0.59237 ( 99.72%)    -0.62217 (  0.28%)    -0.59245
      73    216.72    -0.59223 ( 99.72%)    -0.62209 (  0.28%)    -0.59232
      74    224.71    -0.57268 ( 99.76%)    -0.61136 (  0.24%)    -0.57277
      75    236.98    -0.54426 ( 99.80%)    -0.59562 (  0.20%)    -0.54436
      76    240.45    -0.53654 ( 99.81%)    -0.59131 (  0.19%)    -0.53664
      77    243.02    -0.53091 ( 99.82%)    -0.58816 (  0.18%)    -0.53101
      78    243.09    -0.53075 ( 99.82%)    -0.58807 (  0.18%)    -0.53086
      79    252.60    -0.51054 ( 99.85%)    -0.57670 (  0.15%)    -0.51065
      80    253.48    -0.50872 ( 99.85%)    -0.57568 (  0.15%)    -0.50883
      81    253.51    -0.50866 ( 99.85%)    -0.57564 (  0.15%)    -0.50877
      82    257.42    -0.50065 ( 99.86%)    -0.57110 (  0.14%)    -0.50075
      83    264.56    -0.48642 ( 99.87%)    -0.56299 (  0.13%)    -0.48652
      84    264.61    -0.48633 ( 99.87%)    -0.56294 (  0.13%)    -0.48643
      85    267.19    -0.48131 ( 99.88%)    -0.56007 (  0.12%)    -0.48141
      86    268.25    -0.47926 ( 99.88%)    -0.55889 (  0.12%)    -0.47935
      87    268.27    -0.47922 ( 99.88%)    -0.55887 (  0.12%)    -0.47932
      88    268.94    -0.47794 ( 99.88%)    -0.55813 (  0.12%)    -0.47803
      89    274.45    -0.46750 ( 99.89%)    -0.55212 (  0.11%)    -0.46759
      90    281.64    -0.45428 ( 99.90%)    -0.54446 (  0.10%)    -0.45437
      91    281.68    -0.45422 ( 99.90%)    -0.54443 (  0.10%)    -0.45431
      92    282.45    -0.45283 ( 99.90%)    -0.54362 (  0.10%)    -0.45292
   ------------------------------------------------------------------------

   temp. (K)  partition function   enthalpy   heat capacity  entropy
                                   cal/mol     cal/K/mol   cal/K/mol   J/K/mol
 298.15  VIB  0.139E+49            62392.131    409.224    388.352
         ROT  0.228E+09              888.752      2.981     41.224
         INT  0.317E+57            63280.883    412.205    429.576
         TR   0.736E+29             1481.254      4.968     48.303
         TOT                       64762.1368   417.1728   477.8789  1999.4453

       T/K    H(0)-H(T)+PV         H(T)/Eh          T*S/Eh         G(T)/Eh
   ------------------------------------------------------------------------
    298.15    0.103205E+00    0.154371E+01    0.227056E+00    0.131665E+01
   ------------------------------------------------------------------------

         :::::::::::::::::::::::::::::::::::::::::::::::::::::
         ::                  THERMODYNAMIC                  ::
         :::::::::::::::::::::::::::::::::::::::::::::::::::::
         :: total free energy        -316.365178374563 Eh   ::
         ::.................................................::
         :: total energy             -317.681833260746 Eh   ::
         :: zero point energy           1.440505538352 Eh   ::
         :: G(RRHO) w/o ZPVE           -0.123850652169 Eh   ::
         :: G(RRHO) contrib.            1.316654886183 Eh   ::
         :::::::::::::::::::::::::::::::::::::::::::::::::::::

           -------------------------------------------------
          | TOTAL ENERGY             -317.681833260746 Eh   |
          | TOTAL ENTHALPY           -316.138122688105 Eh   |
          | TOTAL FREE ENERGY        -316.365178374563 Eh   |
          | GRADIENT NORM               0.000692262955 Eh/α |
          | HOMO-LUMO GAP               1.569445325837 eV   |
           -------------------------------------------------

------------------------------------------------------------------------
 * finished run on 2021/06/22 at 01:50:26.718     
------------------------------------------------------------------------
 total:
 * wall-time:     0 d,  0 h, 19 min, 40.179 sec
 *  cpu-time:     0 d,  1 h, 24 min, 39.717 sec
 * ratio c/w:     4.304 speedup
 SCF:
 * wall-time:     0 d,  0 h,  0 min,  3.016 sec
 *  cpu-time:     0 d,  0 h,  0 min, 10.140 sec
 * ratio c/w:     3.362 speedup
 numerical hessian:
 * wall-time:     0 d,  0 h, 19 min, 34.149 sec
 *  cpu-time:     0 d,  1 h, 24 min, 26.481 sec
 * ratio c/w:     4.315 speedup

